134: processor name = Task 134 of 256 (1,0,0,2,0,1)  R00-M1-N06-J12, Size = { 2, 2, 4, 4,2}, Coords = { 1, 0, 0, 2,0}, isTorus = {0,0,1,1,1} 
128: processor name = Task 128 of 256 (0,0,0,0,0,1)  R00-M1-N04-J29, Size = { 2, 2, 4, 4,2}, Coords = { 0, 0, 0, 0,0}, isTorus = {0,0,1,1,1} 
190: processor name = Task 190 of 256 (1,1,1,2,1,1)  R00-M1-N06-J09, Size = { 2, 2, 4, 4,2}, Coords = { 1, 1, 1, 2,1}, isTorus = {0,0,1,1,1} 
144: processor name = Task 144 of 256 (0,0,0,0,1,1)  R00-M1-N04-J26, Size = { 2, 2, 4, 4,2}, Coords = { 0, 0, 0, 0,1}, isTorus = {0,0,1,1,1} 
132: processor name = Task 132 of 256 (1,0,0,0,0,1)  R00-M1-N04-J00, Size = { 2, 2, 4, 4,2}, Coords = { 1, 0, 0, 0,0}, isTorus = {0,0,1,1,1} 
222: processor name = Task 222 of 256 (1,1,2,2,1,1)  R00-M1-N07-J09, Size = { 2, 2, 4, 4,2}, Coords = { 1, 1, 2, 2,1}, isTorus = {0,0,1,1,1} 
160: processor name = Task 160 of 256 (0,0,1,0,0,1)  R00-M1-N04-J28, Size = { 2, 2, 4, 4,2}, Coords = { 0, 0, 1, 0,0}, isTorus = {0,0,1,1,1} 
130: processor name = Task 130 of 256 (0,0,0,2,0,1)  R00-M1-N06-J17, Size = { 2, 2, 4, 4,2}, Coords = { 0, 0, 0, 2,0}, isTorus = {0,0,1,1,1} 
140: processor name = Task 140 of 256 (1,1,0,0,0,1)  R00-M1-N04-J03, Size = { 2, 2, 4, 4,2}, Coords = { 1, 1, 0, 0,0}, isTorus = {0,0,1,1,1} 
198: processor name = Task 198 of 256 (1,0,2,2,0,1)  R00-M1-N07-J13, Size = { 2, 2, 4, 4,2}, Coords = { 1, 0, 2, 2,0}, isTorus = {0,0,1,1,1} 
164: processor name = Task 164 of 256 (1,0,1,0,0,1)  R00-M1-N04-J01, Size = { 2, 2, 4, 4,2}, Coords = { 1, 0, 1, 0,0}, isTorus = {0,0,1,1,1} 
158: processor name = Task 158 of 256 (1,1,0,2,1,1)  R00-M1-N06-J08, Size = { 2, 2, 4, 4,2}, Coords = { 1, 1, 0, 2,1}, isTorus = {0,0,1,1,1} 
180: processor name = Task 180 of 256 (1,0,1,0,1,1)  R00-M1-N04-J06, Size = { 2, 2, 4, 4,2}, Coords = { 1, 0, 1, 0,1}, isTorus = {0,0,1,1,1} 
142: processor name = Task 142 of 256 (1,1,0,2,0,1)  R00-M1-N06-J15, Size = { 2, 2, 4, 4,2}, Coords = { 1, 1, 0, 2,0}, isTorus = {0,0,1,1,1} 
162: processor name = Task 162 of 256 (0,0,1,2,0,1)  R00-M1-N06-J16, Size = { 2, 2, 4, 4,2}, Coords = { 0, 0, 1, 2,0}, isTorus = {0,0,1,1,1} 
136: processor name = Task 136 of 256 (0,1,0,0,0,1)  R00-M1-N04-J30, Size = { 2, 2, 4, 4,2}, Coords = { 0, 1, 0, 0,0}, isTorus = {0,0,1,1,1} 
78: processor name = Task 78 of 256 (1,1,2,2,0,0)  R00-M1-N07-J14, Size = { 2, 2, 4, 4,2}, Coords = { 1, 1, 2, 2,0}, isTorus = {0,0,1,1,1} 
176: processor name = Task 176 of 256 (0,0,1,0,1,1)  R00-M1-N04-J27, Size = { 2, 2, 4, 4,2}, Coords = { 0, 0, 1, 0,1}, isTorus = {0,0,1,1,1} 
255: processor name = Task 255 of 256 (1,1,3,3,1,1)  R00-M1-N07-J04, Size = { 2, 2, 4, 4,2}, Coords = { 1, 1, 3, 3,1}, isTorus = {0,0,1,1,1} 
148: processor name = Task 148 of 256 (1,0,0,0,1,1)  R00-M1-N04-J07, Size = { 2, 2, 4, 4,2}, Coords = { 1, 0, 0, 0,1}, isTorus = {0,0,1,1,1} 
214: processor name = Task 214 of 256 (1,0,2,2,1,1)  R00-M1-N07-J10, Size = { 2, 2, 4, 4,2}, Coords = { 1, 0, 2, 2,1}, isTorus = {0,0,1,1,1} 
152: processor name = Task 152 of 256 (0,1,0,0,1,1)  R00-M1-N04-J25, Size = { 2, 2, 4, 4,2}, Coords = { 0, 1, 0, 0,1}, isTorus = {0,0,1,1,1} 
174: processor name = Task 174 of 256 (1,1,1,2,0,1)  R00-M1-N06-J14, Size = { 2, 2, 4, 4,2}, Coords = { 1, 1, 1, 2,0}, isTorus = {0,0,1,1,1} 
135: processor name = Task 135 of 256 (1,0,0,3,0,1)  R00-M1-N06-J00, Size = { 2, 2, 4, 4,2}, Coords = { 1, 0, 0, 3,0}, isTorus = {0,0,1,1,1} 
254: processor name = Task 254 of 256 (1,1,3,2,1,1)  R00-M1-N07-J08, Size = { 2, 2, 4, 4,2}, Coords = { 1, 1, 3, 2,1}, isTorus = {0,0,1,1,1} 
212: processor name = Task 212 of 256 (1,0,2,0,1,1)  R00-M1-N05-J06, Size = { 2, 2, 4, 4,2}, Coords = { 1, 0, 2, 0,1}, isTorus = {0,0,1,1,1} 
150: processor name = Task 150 of 256 (1,0,0,2,1,1)  R00-M1-N06-J11, Size = { 2, 2, 4, 4,2}, Coords = { 1, 0, 0, 2,1}, isTorus = {0,0,1,1,1} 
156: processor name = Task 156 of 256 (1,1,0,0,1,1)  R00-M1-N04-J04, Size = { 2, 2, 4, 4,2}, Coords = { 1, 1, 0, 0,1}, isTorus = {0,0,1,1,1} 
238: processor name = Task 238 of 256 (1,1,3,2,0,1)  R00-M1-N07-J15, Size = { 2, 2, 4, 4,2}, Coords = { 1, 1, 3, 2,0}, isTorus = {0,0,1,1,1} 
208: processor name = Task 208 of 256 (0,0,2,0,1,1)  R00-M1-N05-J27, Size = { 2, 2, 4, 4,2}, Coords = { 0, 0, 2, 0,1}, isTorus = {0,0,1,1,1} 
210: processor name = Task 210 of 256 (0,0,2,2,1,1)  R00-M1-N07-J23, Size = { 2, 2, 4, 4,2}, Coords = { 0, 0, 2, 2,1}, isTorus = {0,0,1,1,1} 
172: processor name = Task 172 of 256 (1,1,1,0,0,1)  R00-M1-N04-J02, Size = { 2, 2, 4, 4,2}, Coords = { 1, 1, 1, 0,0}, isTorus = {0,0,1,1,1} 
182: processor name = Task 182 of 256 (1,0,1,2,1,1)  R00-M1-N06-J10, Size = { 2, 2, 4, 4,2}, Coords = { 1, 0, 1, 2,1}, isTorus = {0,0,1,1,1} 
240: processor name = Task 240 of 256 (0,0,3,0,1,1)  R00-M1-N05-J26, Size = { 2, 2, 4, 4,2}, Coords = { 0, 0, 3, 0,1}, isTorus = {0,0,1,1,1} 
230: processor name = Task 230 of 256 (1,0,3,2,0,1)  R00-M1-N07-J12, Size = { 2, 2, 4, 4,2}, Coords = { 1, 0, 3, 2,0}, isTorus = {0,0,1,1,1} 
184: processor name = Task 184 of 256 (0,1,1,0,1,1)  R00-M1-N04-J24, Size = { 2, 2, 4, 4,2}, Coords = { 0, 1, 1, 0,1}, isTorus = {0,0,1,1,1} 
166: processor name = Task 166 of 256 (1,0,1,2,0,1)  R00-M1-N06-J13, Size = { 2, 2, 4, 4,2}, Coords = { 1, 0, 1, 2,0}, isTorus = {0,0,1,1,1} 
196: processor name = Task 196 of 256 (1,0,2,0,0,1)  R00-M1-N05-J01, Size = { 2, 2, 4, 4,2}, Coords = { 1, 0, 2, 0,0}, isTorus = {0,0,1,1,1} 
146: processor name = Task 146 of 256 (0,0,0,2,1,1)  R00-M1-N06-J22, Size = { 2, 2, 4, 4,2}, Coords = { 0, 0, 0, 2,1}, isTorus = {0,0,1,1,1} 
168: processor name = Task 168 of 256 (0,1,1,0,0,1)  R00-M1-N04-J31, Size = { 2, 2, 4, 4,2}, Coords = { 0, 1, 1, 0,0}, isTorus = {0,0,1,1,1} 
151: processor name = Task 151 of 256 (1,0,0,3,1,1)  R00-M1-N06-J07, Size = { 2, 2, 4, 4,2}, Coords = { 1, 0, 0, 3,1}, isTorus = {0,0,1,1,1} 
188: processor name = Task 188 of 256 (1,1,1,0,1,1)  R00-M1-N04-J05, Size = { 2, 2, 4, 4,2}, Coords = { 1, 1, 1, 0,1}, isTorus = {0,0,1,1,1} 
226: processor name = Task 226 of 256 (0,0,3,2,0,1)  R00-M1-N07-J17, Size = { 2, 2, 4, 4,2}, Coords = { 0, 0, 3, 2,0}, isTorus = {0,0,1,1,1} 
220: processor name = Task 220 of 256 (1,1,2,0,1,1)  R00-M1-N05-J05, Size = { 2, 2, 4, 4,2}, Coords = { 1, 1, 2, 0,1}, isTorus = {0,0,1,1,1} 
143: processor name = Task 143 of 256 (1,1,0,3,0,1)  R00-M1-N06-J03, Size = { 2, 2, 4, 4,2}, Coords = { 1, 1, 0, 3,0}, isTorus = {0,0,1,1,1} 
192: processor name = Task 192 of 256 (0,0,2,0,0,1)  R00-M1-N05-J28, Size = { 2, 2, 4, 4,2}, Coords = { 0, 0, 2, 0,0}, isTorus = {0,0,1,1,1} 
194: processor name = Task 194 of 256 (0,0,2,2,0,1)  R00-M1-N07-J16, Size = { 2, 2, 4, 4,2}, Coords = { 0, 0, 2, 2,0}, isTorus = {0,0,1,1,1} 
129: processor name = Task 129 of 256 (0,0,0,1,0,1)  R00-M1-N04-J17, Size = { 2, 2, 4, 4,2}, Coords = { 0, 0, 0, 1,0}, isTorus = {0,0,1,1,1} 
159: processor name = Task 159 of 256 (1,1,0,3,1,1)  R00-M1-N06-J04, Size = { 2, 2, 4, 4,2}, Coords = { 1, 1, 0, 3,1}, isTorus = {0,0,1,1,1} 
224: processor name = Task 224 of 256 (0,0,3,0,0,1)  R00-M1-N05-J29, Size = { 2, 2, 4, 4,2}, Coords = { 0, 0, 3, 0,0}, isTorus = {0,0,1,1,1} 
138: processor name = Task 138 of 256 (0,1,0,2,0,1)  R00-M1-N06-J18, Size = { 2, 2, 4, 4,2}, Coords = { 0, 1, 0, 2,0}, isTorus = {0,0,1,1,1} 
204: processor name = Task 204 of 256 (1,1,2,0,0,1)  R00-M1-N05-J02, Size = { 2, 2, 4, 4,2}, Coords = { 1, 1, 2, 0,0}, isTorus = {0,0,1,1,1} 
154: processor name = Task 154 of 256 (0,1,0,2,1,1)  R00-M1-N06-J21, Size = { 2, 2, 4, 4,2}, Coords = { 0, 1, 0, 2,1}, isTorus = {0,0,1,1,1} 
133: processor name = Task 133 of 256 (1,0,0,1,0,1)  R00-M1-N04-J12, Size = { 2, 2, 4, 4,2}, Coords = { 1, 0, 0, 1,0}, isTorus = {0,0,1,1,1} 
178: processor name = Task 178 of 256 (0,0,1,2,1,1)  R00-M1-N06-J23, Size = { 2, 2, 4, 4,2}, Coords = { 0, 0, 1, 2,1}, isTorus = {0,0,1,1,1} 
141: processor name = Task 141 of 256 (1,1,0,1,0,1)  R00-M1-N04-J15, Size = { 2, 2, 4, 4,2}, Coords = { 1, 1, 0, 1,0}, isTorus = {0,0,1,1,1} 
114: processor name = Task 114 of 256 (0,0,3,2,1,0)  R00-M1-N07-J22, Size = { 2, 2, 4, 4,2}, Coords = { 0, 0, 3, 2,1}, isTorus = {0,0,1,1,1} 
244: processor name = Task 244 of 256 (1,0,3,0,1,1)  R00-M1-N05-J07, Size = { 2, 2, 4, 4,2}, Coords = { 1, 0, 3, 0,1}, isTorus = {0,0,1,1,1} 
207: processor name = Task 207 of 256 (1,1,2,3,0,1)  R00-M1-N07-J02, Size = { 2, 2, 4, 4,2}, Coords = { 1, 1, 2, 3,0}, isTorus = {0,0,1,1,1} 
216: processor name = Task 216 of 256 (0,1,2,0,1,1)  R00-M1-N05-J24, Size = { 2, 2, 4, 4,2}, Coords = { 0, 1, 2, 0,1}, isTorus = {0,0,1,1,1} 
199: processor name = Task 199 of 256 (1,0,2,3,0,1)  R00-M1-N07-J01, Size = { 2, 2, 4, 4,2}, Coords = { 1, 0, 2, 3,0}, isTorus = {0,0,1,1,1} 
177: processor name = Task 177 of 256 (0,0,1,1,1,1)  R00-M1-N04-J23, Size = { 2, 2, 4, 4,2}, Coords = { 0, 0, 1, 1,1}, isTorus = {0,0,1,1,1} 
215: processor name = Task 215 of 256 (1,0,2,3,1,1)  R00-M1-N07-J06, Size = { 2, 2, 4, 4,2}, Coords = { 1, 0, 2, 3,1}, isTorus = {0,0,1,1,1} 
145: processor name = Task 145 of 256 (0,0,0,1,1,1)  R00-M1-N04-J22, Size = { 2, 2, 4, 4,2}, Coords = { 0, 0, 0, 1,1}, isTorus = {0,0,1,1,1} 
175: processor name = Task 175 of 256 (1,1,1,3,0,1)  R00-M1-N06-J02, Size = { 2, 2, 4, 4,2}, Coords = { 1, 1, 1, 3,0}, isTorus = {0,0,1,1,1} 
228: processor name = Task 228 of 256 (1,0,3,0,0,1)  R00-M1-N05-J00, Size = { 2, 2, 4, 4,2}, Coords = { 1, 0, 3, 0,0}, isTorus = {0,0,1,1,1} 
149: processor name = Task 149 of 256 (1,0,0,1,1,1)  R00-M1-N04-J11, Size = { 2, 2, 4, 4,2}, Coords = { 1, 0, 0, 1,1}, isTorus = {0,0,1,1,1} 
137: processor name = Task 137 of 256 (0,1,0,1,0,1)  R00-M1-N04-J18, Size = { 2, 2, 4, 4,2}, Coords = { 0, 1, 0, 1,0}, isTorus = {0,0,1,1,1} 
186: processor name = Task 186 of 256 (0,1,1,2,1,1)  R00-M1-N06-J20, Size = { 2, 2, 4, 4,2}, Coords = { 0, 1, 1, 2,1}, isTorus = {0,0,1,1,1} 
200: processor name = Task 200 of 256 (0,1,2,0,0,1)  R00-M1-N05-J31, Size = { 2, 2, 4, 4,2}, Coords = { 0, 1, 2, 0,0}, isTorus = {0,0,1,1,1} 
191: processor name = Task 191 of 256 (1,1,1,3,1,1)  R00-M1-N06-J05, Size = { 2, 2, 4, 4,2}, Coords = { 1, 1, 1, 3,1}, isTorus = {0,0,1,1,1} 
161: processor name = Task 161 of 256 (0,0,1,1,0,1)  R00-M1-N04-J16, Size = { 2, 2, 4, 4,2}, Coords = { 0, 0, 1, 1,0}, isTorus = {0,0,1,1,1} 
202: processor name = Task 202 of 256 (0,1,2,2,0,1)  R00-M1-N07-J19, Size = { 2, 2, 4, 4,2}, Coords = { 0, 1, 2, 2,0}, isTorus = {0,0,1,1,1} 
248: processor name = Task 248 of 256 (0,1,3,0,1,1)  R00-M1-N05-J25, Size = { 2, 2, 4, 4,2}, Coords = { 0, 1, 3, 0,1}, isTorus = {0,0,1,1,1} 
170: processor name = Task 170 of 256 (0,1,1,2,0,1)  R00-M1-N06-J19, Size = { 2, 2, 4, 4,2}, Coords = { 0, 1, 1, 2,0}, isTorus = {0,0,1,1,1} 
252: processor name = Task 252 of 256 (1,1,3,0,1,1)  R00-M1-N05-J04, Size = { 2, 2, 4, 4,2}, Coords = { 1, 1, 3, 0,1}, isTorus = {0,0,1,1,1} 
223: processor name = Task 223 of 256 (1,1,2,3,1,1)  R00-M1-N07-J05, Size = { 2, 2, 4, 4,2}, Coords = { 1, 1, 2, 3,1}, isTorus = {0,0,1,1,1} 
236: processor name = Task 236 of 256 (1,1,3,0,0,1)  R00-M1-N05-J03, Size = { 2, 2, 4, 4,2}, Coords = { 1, 1, 3, 0,0}, isTorus = {0,0,1,1,1} 
234: processor name = Task 234 of 256 (0,1,3,2,0,1)  R00-M1-N07-J18, Size = { 2, 2, 4, 4,2}, Coords = { 0, 1, 3, 2,0}, isTorus = {0,0,1,1,1} 
232: processor name = Task 232 of 256 (0,1,3,0,0,1)  R00-M1-N05-J30, Size = { 2, 2, 4, 4,2}, Coords = { 0, 1, 3, 0,0}, isTorus = {0,0,1,1,1} 
247: processor name = Task 247 of 256 (1,0,3,3,1,1)  R00-M1-N07-J07, Size = { 2, 2, 4, 4,2}, Coords = { 1, 0, 3, 3,1}, isTorus = {0,0,1,1,1} 
165: processor name = Task 165 of 256 (1,0,1,1,0,1)  R00-M1-N04-J13, Size = { 2, 2, 4, 4,2}, Coords = { 1, 0, 1, 1,0}, isTorus = {0,0,1,1,1} 
167: processor name = Task 167 of 256 (1,0,1,3,0,1)  R00-M1-N06-J01, Size = { 2, 2, 4, 4,2}, Coords = { 1, 0, 1, 3,0}, isTorus = {0,0,1,1,1} 
181: processor name = Task 181 of 256 (1,0,1,1,1,1)  R00-M1-N04-J10, Size = { 2, 2, 4, 4,2}, Coords = { 1, 0, 1, 1,1}, isTorus = {0,0,1,1,1} 
246: processor name = Task 246 of 256 (1,0,3,2,1,1)  R00-M1-N07-J11, Size = { 2, 2, 4, 4,2}, Coords = { 1, 0, 3, 2,1}, isTorus = {0,0,1,1,1} 
185: processor name = Task 185 of 256 (0,1,1,1,1,1)  R00-M1-N04-J20, Size = { 2, 2, 4, 4,2}, Coords = { 0, 1, 1, 1,1}, isTorus = {0,0,1,1,1} 
147: processor name = Task 147 of 256 (0,0,0,3,1,1)  R00-M1-N06-J26, Size = { 2, 2, 4, 4,2}, Coords = { 0, 0, 0, 3,1}, isTorus = {0,0,1,1,1} 
163: processor name = Task 163 of 256 (0,0,1,3,0,1)  R00-M1-N06-J28, Size = { 2, 2, 4, 4,2}, Coords = { 0, 0, 1, 3,0}, isTorus = {0,0,1,1,1} 
211: processor name = Task 211 of 256 (0,0,2,3,1,1)  R00-M1-N07-J27, Size = { 2, 2, 4, 4,2}, Coords = { 0, 0, 2, 3,1}, isTorus = {0,0,1,1,1} 
195: processor name = Task 195 of 256 (0,0,2,3,0,1)  R00-M1-N07-J28, Size = { 2, 2, 4, 4,2}, Coords = { 0, 0, 2, 3,0}, isTorus = {0,0,1,1,1} 
183: processor name = Task 183 of 256 (1,0,1,3,1,1)  R00-M1-N06-J06, Size = { 2, 2, 4, 4,2}, Coords = { 1, 0, 1, 3,1}, isTorus = {0,0,1,1,1} 
231: processor name = Task 231 of 256 (1,0,3,3,0,1)  R00-M1-N07-J00, Size = { 2, 2, 4, 4,2}, Coords = { 1, 0, 3, 3,0}, isTorus = {0,0,1,1,1} 
218: processor name = Task 218 of 256 (0,1,2,2,1,1)  R00-M1-N07-J20, Size = { 2, 2, 4, 4,2}, Coords = { 0, 1, 2, 2,1}, isTorus = {0,0,1,1,1} 
131: processor name = Task 131 of 256 (0,0,0,3,0,1)  R00-M1-N06-J29, Size = { 2, 2, 4, 4,2}, Coords = { 0, 0, 0, 3,0}, isTorus = {0,0,1,1,1} 
239: processor name = Task 239 of 256 (1,1,3,3,0,1)  R00-M1-N07-J03, Size = { 2, 2, 4, 4,2}, Coords = { 1, 1, 3, 3,0}, isTorus = {0,0,1,1,1} 
250: processor name = Task 250 of 256 (0,1,3,2,1,1)  R00-M1-N07-J21, Size = { 2, 2, 4, 4,2}, Coords = { 0, 1, 3, 2,1}, isTorus = {0,0,1,1,1} 
227: processor name = Task 227 of 256 (0,0,3,3,0,1)  R00-M1-N07-J29, Size = { 2, 2, 4, 4,2}, Coords = { 0, 0, 3, 3,0}, isTorus = {0,0,1,1,1} 
179: processor name = Task 179 of 256 (0,0,1,3,1,1)  R00-M1-N06-J27, Size = { 2, 2, 4, 4,2}, Coords = { 0, 0, 1, 3,1}, isTorus = {0,0,1,1,1} 
139: processor name = Task 139 of 256 (0,1,0,3,0,1)  R00-M1-N06-J30, Size = { 2, 2, 4, 4,2}, Coords = { 0, 1, 0, 3,0}, isTorus = {0,0,1,1,1} 
155: processor name = Task 155 of 256 (0,1,0,3,1,1)  R00-M1-N06-J25, Size = { 2, 2, 4, 4,2}, Coords = { 0, 1, 0, 3,1}, isTorus = {0,0,1,1,1} 
219: processor name = Task 219 of 256 (0,1,2,3,1,1)  R00-M1-N07-J24, Size = { 2, 2, 4, 4,2}, Coords = { 0, 1, 2, 3,1}, isTorus = {0,0,1,1,1} 
171: processor name = Task 171 of 256 (0,1,1,3,0,1)  R00-M1-N06-J31, Size = { 2, 2, 4, 4,2}, Coords = { 0, 1, 1, 3,0}, isTorus = {0,0,1,1,1} 
243: processor name = Task 243 of 256 (0,0,3,3,1,1)  R00-M1-N07-J26, Size = { 2, 2, 4, 4,2}, Coords = { 0, 0, 3, 3,1}, isTorus = {0,0,1,1,1} 
187: processor name = Task 187 of 256 (0,1,1,3,1,1)  R00-M1-N06-J24, Size = { 2, 2, 4, 4,2}, Coords = { 0, 1, 1, 3,1}, isTorus = {0,0,1,1,1} 
235: processor name = Task 235 of 256 (0,1,3,3,0,1)  R00-M1-N07-J30, Size = { 2, 2, 4, 4,2}, Coords = { 0, 1, 3, 3,0}, isTorus = {0,0,1,1,1} 
251: processor name = Task 251 of 256 (0,1,3,3,1,1)  R00-M1-N07-J25, Size = { 2, 2, 4, 4,2}, Coords = { 0, 1, 3, 3,1}, isTorus = {0,0,1,1,1} 
203: processor name = Task 203 of 256 (0,1,2,3,0,1)  R00-M1-N07-J31, Size = { 2, 2, 4, 4,2}, Coords = { 0, 1, 2, 3,0}, isTorus = {0,0,1,1,1} 
6: processor name = Task 6 of 256 (1,0,0,2,0,0)  R00-M1-N06-J12, Size = { 2, 2, 4, 4,2}, Coords = { 1, 0, 0, 2,0}, isTorus = {0,0,1,1,1} 
62: processor name = Task 62 of 256 (1,1,1,2,1,0)  R00-M1-N06-J09, Size = { 2, 2, 4, 4,2}, Coords = { 1, 1, 1, 2,1}, isTorus = {0,0,1,1,1} 
94: processor name = Task 94 of 256 (1,1,2,2,1,0)  R00-M1-N07-J09, Size = { 2, 2, 4, 4,2}, Coords = { 1, 1, 2, 2,1}, isTorus = {0,0,1,1,1} 
2: processor name = Task 2 of 256 (0,0,0,2,0,0)  R00-M1-N06-J17, Size = { 2, 2, 4, 4,2}, Coords = { 0, 0, 0, 2,0}, isTorus = {0,0,1,1,1} 
70: processor name = Task 70 of 256 (1,0,2,2,0,0)  R00-M1-N07-J13, Size = { 2, 2, 4, 4,2}, Coords = { 1, 0, 2, 2,0}, isTorus = {0,0,1,1,1} 
30: processor name = Task 30 of 256 (1,1,0,2,1,0)  R00-M1-N06-J08, Size = { 2, 2, 4, 4,2}, Coords = { 1, 1, 0, 2,1}, isTorus = {0,0,1,1,1} 
14: processor name = Task 14 of 256 (1,1,0,2,0,0)  R00-M1-N06-J15, Size = { 2, 2, 4, 4,2}, Coords = { 1, 1, 0, 2,0}, isTorus = {0,0,1,1,1} 
34: processor name = Task 34 of 256 (0,0,1,2,0,0)  R00-M1-N06-J16, Size = { 2, 2, 4, 4,2}, Coords = { 0, 0, 1, 2,0}, isTorus = {0,0,1,1,1} 
206: processor name = Task 206 of 256 (1,1,2,2,0,1)  R00-M1-N07-J14, Size = { 2, 2, 4, 4,2}, Coords = { 1, 1, 2, 2,0}, isTorus = {0,0,1,1,1} 
127: processor name = Task 127 of 256 (1,1,3,3,1,0)  R00-M1-N07-J04, Size = { 2, 2, 4, 4,2}, Coords = { 1, 1, 3, 3,1}, isTorus = {0,0,1,1,1} 
86: processor name = Task 86 of 256 (1,0,2,2,1,0)  R00-M1-N07-J10, Size = { 2, 2, 4, 4,2}, Coords = { 1, 0, 2, 2,1}, isTorus = {0,0,1,1,1} 
46: processor name = Task 46 of 256 (1,1,1,2,0,0)  R00-M1-N06-J14, Size = { 2, 2, 4, 4,2}, Coords = { 1, 1, 1, 2,0}, isTorus = {0,0,1,1,1} 
126: processor name = Task 126 of 256 (1,1,3,2,1,0)  R00-M1-N07-J08, Size = { 2, 2, 4, 4,2}, Coords = { 1, 1, 3, 2,1}, isTorus = {0,0,1,1,1} 
22: processor name = Task 22 of 256 (1,0,0,2,1,0)  R00-M1-N06-J11, Size = { 2, 2, 4, 4,2}, Coords = { 1, 0, 0, 2,1}, isTorus = {0,0,1,1,1} 
110: processor name = Task 110 of 256 (1,1,3,2,0,0)  R00-M1-N07-J15, Size = { 2, 2, 4, 4,2}, Coords = { 1, 1, 3, 2,0}, isTorus = {0,0,1,1,1} 
82: processor name = Task 82 of 256 (0,0,2,2,1,0)  R00-M1-N07-J23, Size = { 2, 2, 4, 4,2}, Coords = { 0, 0, 2, 2,1}, isTorus = {0,0,1,1,1} 
54: processor name = Task 54 of 256 (1,0,1,2,1,0)  R00-M1-N06-J10, Size = { 2, 2, 4, 4,2}, Coords = { 1, 0, 1, 2,1}, isTorus = {0,0,1,1,1} 
102: processor name = Task 102 of 256 (1,0,3,2,0,0)  R00-M1-N07-J12, Size = { 2, 2, 4, 4,2}, Coords = { 1, 0, 3, 2,0}, isTorus = {0,0,1,1,1} 
38: processor name = Task 38 of 256 (1,0,1,2,0,0)  R00-M1-N06-J13, Size = { 2, 2, 4, 4,2}, Coords = { 1, 0, 1, 2,0}, isTorus = {0,0,1,1,1} 
18: processor name = Task 18 of 256 (0,0,0,2,1,0)  R00-M1-N06-J22, Size = { 2, 2, 4, 4,2}, Coords = { 0, 0, 0, 2,1}, isTorus = {0,0,1,1,1} 
23: processor name = Task 23 of 256 (1,0,0,3,1,0)  R00-M1-N06-J07, Size = { 2, 2, 4, 4,2}, Coords = { 1, 0, 0, 3,1}, isTorus = {0,0,1,1,1} 
98: processor name = Task 98 of 256 (0,0,3,2,0,0)  R00-M1-N07-J17, Size = { 2, 2, 4, 4,2}, Coords = { 0, 0, 3, 2,0}, isTorus = {0,0,1,1,1} 
15: processor name = Task 15 of 256 (1,1,0,3,0,0)  R00-M1-N06-J03, Size = { 2, 2, 4, 4,2}, Coords = { 1, 1, 0, 3,0}, isTorus = {0,0,1,1,1} 
66: processor name = Task 66 of 256 (0,0,2,2,0,0)  R00-M1-N07-J16, Size = { 2, 2, 4, 4,2}, Coords = { 0, 0, 2, 2,0}, isTorus = {0,0,1,1,1} 
31: processor name = Task 31 of 256 (1,1,0,3,1,0)  R00-M1-N06-J04, Size = { 2, 2, 4, 4,2}, Coords = { 1, 1, 0, 3,1}, isTorus = {0,0,1,1,1} 
10: processor name = Task 10 of 256 (0,1,0,2,0,0)  R00-M1-N06-J18, Size = { 2, 2, 4, 4,2}, Coords = { 0, 1, 0, 2,0}, isTorus = {0,0,1,1,1} 
26: processor name = Task 26 of 256 (0,1,0,2,1,0)  R00-M1-N06-J21, Size = { 2, 2, 4, 4,2}, Coords = { 0, 1, 0, 2,1}, isTorus = {0,0,1,1,1} 
50: processor name = Task 50 of 256 (0,0,1,2,1,0)  R00-M1-N06-J23, Size = { 2, 2, 4, 4,2}, Coords = { 0, 0, 1, 2,1}, isTorus = {0,0,1,1,1} 
242: processor name = Task 242 of 256 (0,0,3,2,1,1)  R00-M1-N07-J22, Size = { 2, 2, 4, 4,2}, Coords = { 0, 0, 3, 2,1}, isTorus = {0,0,1,1,1} 
79: processor name = Task 79 of 256 (1,1,2,3,0,0)  R00-M1-N07-J02, Size = { 2, 2, 4, 4,2}, Coords = { 1, 1, 2, 3,0}, isTorus = {0,0,1,1,1} 
71: processor name = Task 71 of 256 (1,0,2,3,0,0)  R00-M1-N07-J01, Size = { 2, 2, 4, 4,2}, Coords = { 1, 0, 2, 3,0}, isTorus = {0,0,1,1,1} 
87: processor name = Task 87 of 256 (1,0,2,3,1,0)  R00-M1-N07-J06, Size = { 2, 2, 4, 4,2}, Coords = { 1, 0, 2, 3,1}, isTorus = {0,0,1,1,1} 
47: processor name = Task 47 of 256 (1,1,1,3,0,0)  R00-M1-N06-J02, Size = { 2, 2, 4, 4,2}, Coords = { 1, 1, 1, 3,0}, isTorus = {0,0,1,1,1} 
21: processor name = Task 21 of 256 (1,0,0,1,1,0)  R00-M1-N04-J11, Size = { 2, 2, 4, 4,2}, Coords = { 1, 0, 0, 1,1}, isTorus = {0,0,1,1,1} 
58: processor name = Task 58 of 256 (0,1,1,2,1,0)  R00-M1-N06-J20, Size = { 2, 2, 4, 4,2}, Coords = { 0, 1, 1, 2,1}, isTorus = {0,0,1,1,1} 
63: processor name = Task 63 of 256 (1,1,1,3,1,0)  R00-M1-N06-J05, Size = { 2, 2, 4, 4,2}, Coords = { 1, 1, 1, 3,1}, isTorus = {0,0,1,1,1} 
74: processor name = Task 74 of 256 (0,1,2,2,0,0)  R00-M1-N07-J19, Size = { 2, 2, 4, 4,2}, Coords = { 0, 1, 2, 2,0}, isTorus = {0,0,1,1,1} 
42: processor name = Task 42 of 256 (0,1,1,2,0,0)  R00-M1-N06-J19, Size = { 2, 2, 4, 4,2}, Coords = { 0, 1, 1, 2,0}, isTorus = {0,0,1,1,1} 
95: processor name = Task 95 of 256 (1,1,2,3,1,0)  R00-M1-N07-J05, Size = { 2, 2, 4, 4,2}, Coords = { 1, 1, 2, 3,1}, isTorus = {0,0,1,1,1} 
106: processor name = Task 106 of 256 (0,1,3,2,0,0)  R00-M1-N07-J18, Size = { 2, 2, 4, 4,2}, Coords = { 0, 1, 3, 2,0}, isTorus = {0,0,1,1,1} 
119: processor name = Task 119 of 256 (1,0,3,3,1,0)  R00-M1-N07-J07, Size = { 2, 2, 4, 4,2}, Coords = { 1, 0, 3, 3,1}, isTorus = {0,0,1,1,1} 
39: processor name = Task 39 of 256 (1,0,1,3,0,0)  R00-M1-N06-J01, Size = { 2, 2, 4, 4,2}, Coords = { 1, 0, 1, 3,0}, isTorus = {0,0,1,1,1} 
118: processor name = Task 118 of 256 (1,0,3,2,1,0)  R00-M1-N07-J11, Size = { 2, 2, 4, 4,2}, Coords = { 1, 0, 3, 2,1}, isTorus = {0,0,1,1,1} 
19: processor name = Task 19 of 256 (0,0,0,3,1,0)  R00-M1-N06-J26, Size = { 2, 2, 4, 4,2}, Coords = { 0, 0, 0, 3,1}, isTorus = {0,0,1,1,1} 
35: processor name = Task 35 of 256 (0,0,1,3,0,0)  R00-M1-N06-J28, Size = { 2, 2, 4, 4,2}, Coords = { 0, 0, 1, 3,0}, isTorus = {0,0,1,1,1} 
83: processor name = Task 83 of 256 (0,0,2,3,1,0)  R00-M1-N07-J27, Size = { 2, 2, 4, 4,2}, Coords = { 0, 0, 2, 3,1}, isTorus = {0,0,1,1,1} 
67: processor name = Task 67 of 256 (0,0,2,3,0,0)  R00-M1-N07-J28, Size = { 2, 2, 4, 4,2}, Coords = { 0, 0, 2, 3,0}, isTorus = {0,0,1,1,1} 
55: processor name = Task 55 of 256 (1,0,1,3,1,0)  R00-M1-N06-J06, Size = { 2, 2, 4, 4,2}, Coords = { 1, 0, 1, 3,1}, isTorus = {0,0,1,1,1} 
103: processor name = Task 103 of 256 (1,0,3,3,0,0)  R00-M1-N07-J00, Size = { 2, 2, 4, 4,2}, Coords = { 1, 0, 3, 3,0}, isTorus = {0,0,1,1,1} 
90: processor name = Task 90 of 256 (0,1,2,2,1,0)  R00-M1-N07-J20, Size = { 2, 2, 4, 4,2}, Coords = { 0, 1, 2, 2,1}, isTorus = {0,0,1,1,1} 
3: processor name = Task 3 of 256 (0,0,0,3,0,0)  R00-M1-N06-J29, Size = { 2, 2, 4, 4,2}, Coords = { 0, 0, 0, 3,0}, isTorus = {0,0,1,1,1} 
111: processor name = Task 111 of 256 (1,1,3,3,0,0)  R00-M1-N07-J03, Size = { 2, 2, 4, 4,2}, Coords = { 1, 1, 3, 3,0}, isTorus = {0,0,1,1,1} 
122: processor name = Task 122 of 256 (0,1,3,2,1,0)  R00-M1-N07-J21, Size = { 2, 2, 4, 4,2}, Coords = { 0, 1, 3, 2,1}, isTorus = {0,0,1,1,1} 
99: processor name = Task 99 of 256 (0,0,3,3,0,0)  R00-M1-N07-J29, Size = { 2, 2, 4, 4,2}, Coords = { 0, 0, 3, 3,0}, isTorus = {0,0,1,1,1} 
51: processor name = Task 51 of 256 (0,0,1,3,1,0)  R00-M1-N06-J27, Size = { 2, 2, 4, 4,2}, Coords = { 0, 0, 1, 3,1}, isTorus = {0,0,1,1,1} 
11: processor name = Task 11 of 256 (0,1,0,3,0,0)  R00-M1-N06-J30, Size = { 2, 2, 4, 4,2}, Coords = { 0, 1, 0, 3,0}, isTorus = {0,0,1,1,1} 
27: processor name = Task 27 of 256 (0,1,0,3,1,0)  R00-M1-N06-J25, Size = { 2, 2, 4, 4,2}, Coords = { 0, 1, 0, 3,1}, isTorus = {0,0,1,1,1} 
91: processor name = Task 91 of 256 (0,1,2,3,1,0)  R00-M1-N07-J24, Size = { 2, 2, 4, 4,2}, Coords = { 0, 1, 2, 3,1}, isTorus = {0,0,1,1,1} 
43: processor name = Task 43 of 256 (0,1,1,3,0,0)  R00-M1-N06-J31, Size = { 2, 2, 4, 4,2}, Coords = { 0, 1, 1, 3,0}, isTorus = {0,0,1,1,1} 
115: processor name = Task 115 of 256 (0,0,3,3,1,0)  R00-M1-N07-J26, Size = { 2, 2, 4, 4,2}, Coords = { 0, 0, 3, 3,1}, isTorus = {0,0,1,1,1} 
59: processor name = Task 59 of 256 (0,1,1,3,1,0)  R00-M1-N06-J24, Size = { 2, 2, 4, 4,2}, Coords = { 0, 1, 1, 3,1}, isTorus = {0,0,1,1,1} 
107: processor name = Task 107 of 256 (0,1,3,3,0,0)  R00-M1-N07-J30, Size = { 2, 2, 4, 4,2}, Coords = { 0, 1, 3, 3,0}, isTorus = {0,0,1,1,1} 
123: processor name = Task 123 of 256 (0,1,3,3,1,0)  R00-M1-N07-J25, Size = { 2, 2, 4, 4,2}, Coords = { 0, 1, 3, 3,1}, isTorus = {0,0,1,1,1} 
75: processor name = Task 75 of 256 (0,1,2,3,0,0)  R00-M1-N07-J31, Size = { 2, 2, 4, 4,2}, Coords = { 0, 1, 2, 3,0}, isTorus = {0,0,1,1,1} 
169: processor name = Task 169 of 256 (0,1,1,1,0,1)  R00-M1-N04-J19, Size = { 2, 2, 4, 4,2}, Coords = { 0, 1, 1, 1,0}, isTorus = {0,0,1,1,1} 
153: processor name = Task 153 of 256 (0,1,0,1,1,1)  R00-M1-N04-J21, Size = { 2, 2, 4, 4,2}, Coords = { 0, 1, 0, 1,1}, isTorus = {0,0,1,1,1} 
157: processor name = Task 157 of 256 (1,1,0,1,1,1)  R00-M1-N04-J08, Size = { 2, 2, 4, 4,2}, Coords = { 1, 1, 0, 1,1}, isTorus = {0,0,1,1,1} 
173: processor name = Task 173 of 256 (1,1,1,1,0,1)  R00-M1-N04-J14, Size = { 2, 2, 4, 4,2}, Coords = { 1, 1, 1, 1,0}, isTorus = {0,0,1,1,1} 
193: processor name = Task 193 of 256 (0,0,2,1,0,1)  R00-M1-N05-J16, Size = { 2, 2, 4, 4,2}, Coords = { 0, 0, 2, 1,0}, isTorus = {0,0,1,1,1} 
189: processor name = Task 189 of 256 (1,1,1,1,1,1)  R00-M1-N04-J09, Size = { 2, 2, 4, 4,2}, Coords = { 1, 1, 1, 1,1}, isTorus = {0,0,1,1,1} 
213: processor name = Task 213 of 256 (1,0,2,1,1,1)  R00-M1-N05-J10, Size = { 2, 2, 4, 4,2}, Coords = { 1, 0, 2, 1,1}, isTorus = {0,0,1,1,1} 
201: processor name = Task 201 of 256 (0,1,2,1,0,1)  R00-M1-N05-J19, Size = { 2, 2, 4, 4,2}, Coords = { 0, 1, 2, 1,0}, isTorus = {0,0,1,1,1} 
197: processor name = Task 197 of 256 (1,0,2,1,0,1)  R00-M1-N05-J13, Size = { 2, 2, 4, 4,2}, Coords = { 1, 0, 2, 1,0}, isTorus = {0,0,1,1,1} 
205: processor name = Task 205 of 256 (1,1,2,1,0,1)  R00-M1-N05-J14, Size = { 2, 2, 4, 4,2}, Coords = { 1, 1, 2, 1,0}, isTorus = {0,0,1,1,1} 
209: processor name = Task 209 of 256 (0,0,2,1,1,1)  R00-M1-N05-J23, Size = { 2, 2, 4, 4,2}, Coords = { 0, 0, 2, 1,1}, isTorus = {0,0,1,1,1} 
225: processor name = Task 225 of 256 (0,0,3,1,0,1)  R00-M1-N05-J17, Size = { 2, 2, 4, 4,2}, Coords = { 0, 0, 3, 1,0}, isTorus = {0,0,1,1,1} 
245: processor name = Task 245 of 256 (1,0,3,1,1,1)  R00-M1-N05-J11, Size = { 2, 2, 4, 4,2}, Coords = { 1, 0, 3, 1,1}, isTorus = {0,0,1,1,1} 
253: processor name = Task 253 of 256 (1,1,3,1,1,1)  R00-M1-N05-J08, Size = { 2, 2, 4, 4,2}, Coords = { 1, 1, 3, 1,1}, isTorus = {0,0,1,1,1} 
241: processor name = Task 241 of 256 (0,0,3,1,1,1)  R00-M1-N05-J22, Size = { 2, 2, 4, 4,2}, Coords = { 0, 0, 3, 1,1}, isTorus = {0,0,1,1,1} 
233: processor name = Task 233 of 256 (0,1,3,1,0,1)  R00-M1-N05-J18, Size = { 2, 2, 4, 4,2}, Coords = { 0, 1, 3, 1,0}, isTorus = {0,0,1,1,1} 
229: processor name = Task 229 of 256 (1,0,3,1,0,1)  R00-M1-N05-J12, Size = { 2, 2, 4, 4,2}, Coords = { 1, 0, 3, 1,0}, isTorus = {0,0,1,1,1} 
217: processor name = Task 217 of 256 (0,1,2,1,1,1)  R00-M1-N05-J20, Size = { 2, 2, 4, 4,2}, Coords = { 0, 1, 2, 1,1}, isTorus = {0,0,1,1,1} 
221: processor name = Task 221 of 256 (1,1,2,1,1,1)  R00-M1-N05-J09, Size = { 2, 2, 4, 4,2}, Coords = { 1, 1, 2, 1,1}, isTorus = {0,0,1,1,1} 
237: processor name = Task 237 of 256 (1,1,3,1,0,1)  R00-M1-N05-J15, Size = { 2, 2, 4, 4,2}, Coords = { 1, 1, 3, 1,0}, isTorus = {0,0,1,1,1} 
249: processor name = Task 249 of 256 (0,1,3,1,1,1)  R00-M1-N05-J21, Size = { 2, 2, 4, 4,2}, Coords = { 0, 1, 3, 1,1}, isTorus = {0,0,1,1,1} 
0: processor name = Task 0 of 256 (0,0,0,0,0,0)  R00-M1-N04-J29, Size = { 2, 2, 4, 4,2}, Coords = { 0, 0, 0, 0,0}, isTorus = {0,0,1,1,1} 
16: processor name = Task 16 of 256 (0,0,0,0,1,0)  R00-M1-N04-J26, Size = { 2, 2, 4, 4,2}, Coords = { 0, 0, 0, 0,1}, isTorus = {0,0,1,1,1} 
4: processor name = Task 4 of 256 (1,0,0,0,0,0)  R00-M1-N04-J00, Size = { 2, 2, 4, 4,2}, Coords = { 1, 0, 0, 0,0}, isTorus = {0,0,1,1,1} 
32: processor name = Task 32 of 256 (0,0,1,0,0,0)  R00-M1-N04-J28, Size = { 2, 2, 4, 4,2}, Coords = { 0, 0, 1, 0,0}, isTorus = {0,0,1,1,1} 
12: processor name = Task 12 of 256 (1,1,0,0,0,0)  R00-M1-N04-J03, Size = { 2, 2, 4, 4,2}, Coords = { 1, 1, 0, 0,0}, isTorus = {0,0,1,1,1} 
36: processor name = Task 36 of 256 (1,0,1,0,0,0)  R00-M1-N04-J01, Size = { 2, 2, 4, 4,2}, Coords = { 1, 0, 1, 0,0}, isTorus = {0,0,1,1,1} 
52: processor name = Task 52 of 256 (1,0,1,0,1,0)  R00-M1-N04-J06, Size = { 2, 2, 4, 4,2}, Coords = { 1, 0, 1, 0,1}, isTorus = {0,0,1,1,1} 
8: processor name = Task 8 of 256 (0,1,0,0,0,0)  R00-M1-N04-J30, Size = { 2, 2, 4, 4,2}, Coords = { 0, 1, 0, 0,0}, isTorus = {0,0,1,1,1} 
48: processor name = Task 48 of 256 (0,0,1,0,1,0)  R00-M1-N04-J27, Size = { 2, 2, 4, 4,2}, Coords = { 0, 0, 1, 0,1}, isTorus = {0,0,1,1,1} 
20: processor name = Task 20 of 256 (1,0,0,0,1,0)  R00-M1-N04-J07, Size = { 2, 2, 4, 4,2}, Coords = { 1, 0, 0, 0,1}, isTorus = {0,0,1,1,1} 
24: processor name = Task 24 of 256 (0,1,0,0,1,0)  R00-M1-N04-J25, Size = { 2, 2, 4, 4,2}, Coords = { 0, 1, 0, 0,1}, isTorus = {0,0,1,1,1} 
7: processor name = Task 7 of 256 (1,0,0,3,0,0)  R00-M1-N06-J00, Size = { 2, 2, 4, 4,2}, Coords = { 1, 0, 0, 3,0}, isTorus = {0,0,1,1,1} 
84: processor name = Task 84 of 256 (1,0,2,0,1,0)  R00-M1-N05-J06, Size = { 2, 2, 4, 4,2}, Coords = { 1, 0, 2, 0,1}, isTorus = {0,0,1,1,1} 
28: processor name = Task 28 of 256 (1,1,0,0,1,0)  R00-M1-N04-J04, Size = { 2, 2, 4, 4,2}, Coords = { 1, 1, 0, 0,1}, isTorus = {0,0,1,1,1} 
80: processor name = Task 80 of 256 (0,0,2,0,1,0)  R00-M1-N05-J27, Size = { 2, 2, 4, 4,2}, Coords = { 0, 0, 2, 0,1}, isTorus = {0,0,1,1,1} 
44: processor name = Task 44 of 256 (1,1,1,0,0,0)  R00-M1-N04-J02, Size = { 2, 2, 4, 4,2}, Coords = { 1, 1, 1, 0,0}, isTorus = {0,0,1,1,1} 
112: processor name = Task 112 of 256 (0,0,3,0,1,0)  R00-M1-N05-J26, Size = { 2, 2, 4, 4,2}, Coords = { 0, 0, 3, 0,1}, isTorus = {0,0,1,1,1} 
56: processor name = Task 56 of 256 (0,1,1,0,1,0)  R00-M1-N04-J24, Size = { 2, 2, 4, 4,2}, Coords = { 0, 1, 1, 0,1}, isTorus = {0,0,1,1,1} 
68: processor name = Task 68 of 256 (1,0,2,0,0,0)  R00-M1-N05-J01, Size = { 2, 2, 4, 4,2}, Coords = { 1, 0, 2, 0,0}, isTorus = {0,0,1,1,1} 
40: processor name = Task 40 of 256 (0,1,1,0,0,0)  R00-M1-N04-J31, Size = { 2, 2, 4, 4,2}, Coords = { 0, 1, 1, 0,0}, isTorus = {0,0,1,1,1} 
60: processor name = Task 60 of 256 (1,1,1,0,1,0)  R00-M1-N04-J05, Size = { 2, 2, 4, 4,2}, Coords = { 1, 1, 1, 0,1}, isTorus = {0,0,1,1,1} 
92: processor name = Task 92 of 256 (1,1,2,0,1,0)  R00-M1-N05-J05, Size = { 2, 2, 4, 4,2}, Coords = { 1, 1, 2, 0,1}, isTorus = {0,0,1,1,1} 
64: processor name = Task 64 of 256 (0,0,2,0,0,0)  R00-M1-N05-J28, Size = { 2, 2, 4, 4,2}, Coords = { 0, 0, 2, 0,0}, isTorus = {0,0,1,1,1} 
1: processor name = Task 1 of 256 (0,0,0,1,0,0)  R00-M1-N04-J17, Size = { 2, 2, 4, 4,2}, Coords = { 0, 0, 0, 1,0}, isTorus = {0,0,1,1,1} 
96: processor name = Task 96 of 256 (0,0,3,0,0,0)  R00-M1-N05-J29, Size = { 2, 2, 4, 4,2}, Coords = { 0, 0, 3, 0,0}, isTorus = {0,0,1,1,1} 
76: processor name = Task 76 of 256 (1,1,2,0,0,0)  R00-M1-N05-J02, Size = { 2, 2, 4, 4,2}, Coords = { 1, 1, 2, 0,0}, isTorus = {0,0,1,1,1} 
5: processor name = Task 5 of 256 (1,0,0,1,0,0)  R00-M1-N04-J12, Size = { 2, 2, 4, 4,2}, Coords = { 1, 0, 0, 1,0}, isTorus = {0,0,1,1,1} 
13: processor name = Task 13 of 256 (1,1,0,1,0,0)  R00-M1-N04-J15, Size = { 2, 2, 4, 4,2}, Coords = { 1, 1, 0, 1,0}, isTorus = {0,0,1,1,1} 
116: processor name = Task 116 of 256 (1,0,3,0,1,0)  R00-M1-N05-J07, Size = { 2, 2, 4, 4,2}, Coords = { 1, 0, 3, 0,1}, isTorus = {0,0,1,1,1} 
88: processor name = Task 88 of 256 (0,1,2,0,1,0)  R00-M1-N05-J24, Size = { 2, 2, 4, 4,2}, Coords = { 0, 1, 2, 0,1}, isTorus = {0,0,1,1,1} 
49: processor name = Task 49 of 256 (0,0,1,1,1,0)  R00-M1-N04-J23, Size = { 2, 2, 4, 4,2}, Coords = { 0, 0, 1, 1,1}, isTorus = {0,0,1,1,1} 
17: processor name = Task 17 of 256 (0,0,0,1,1,0)  R00-M1-N04-J22, Size = { 2, 2, 4, 4,2}, Coords = { 0, 0, 0, 1,1}, isTorus = {0,0,1,1,1} 
100: processor name = Task 100 of 256 (1,0,3,0,0,0)  R00-M1-N05-J00, Size = { 2, 2, 4, 4,2}, Coords = { 1, 0, 3, 0,0}, isTorus = {0,0,1,1,1} 
9: processor name = Task 9 of 256 (0,1,0,1,0,0)  R00-M1-N04-J18, Size = { 2, 2, 4, 4,2}, Coords = { 0, 1, 0, 1,0}, isTorus = {0,0,1,1,1} 
72: processor name = Task 72 of 256 (0,1,2,0,0,0)  R00-M1-N05-J31, Size = { 2, 2, 4, 4,2}, Coords = { 0, 1, 2, 0,0}, isTorus = {0,0,1,1,1} 
33: processor name = Task 33 of 256 (0,0,1,1,0,0)  R00-M1-N04-J16, Size = { 2, 2, 4, 4,2}, Coords = { 0, 0, 1, 1,0}, isTorus = {0,0,1,1,1} 
120: processor name = Task 120 of 256 (0,1,3,0,1,0)  R00-M1-N05-J25, Size = { 2, 2, 4, 4,2}, Coords = { 0, 1, 3, 0,1}, isTorus = {0,0,1,1,1} 
124: processor name = Task 124 of 256 (1,1,3,0,1,0)  R00-M1-N05-J04, Size = { 2, 2, 4, 4,2}, Coords = { 1, 1, 3, 0,1}, isTorus = {0,0,1,1,1} 
108: processor name = Task 108 of 256 (1,1,3,0,0,0)  R00-M1-N05-J03, Size = { 2, 2, 4, 4,2}, Coords = { 1, 1, 3, 0,0}, isTorus = {0,0,1,1,1} 
104: processor name = Task 104 of 256 (0,1,3,0,0,0)  R00-M1-N05-J30, Size = { 2, 2, 4, 4,2}, Coords = { 0, 1, 3, 0,0}, isTorus = {0,0,1,1,1} 
37: processor name = Task 37 of 256 (1,0,1,1,0,0)  R00-M1-N04-J13, Size = { 2, 2, 4, 4,2}, Coords = { 1, 0, 1, 1,0}, isTorus = {0,0,1,1,1} 
53: processor name = Task 53 of 256 (1,0,1,1,1,0)  R00-M1-N04-J10, Size = { 2, 2, 4, 4,2}, Coords = { 1, 0, 1, 1,1}, isTorus = {0,0,1,1,1} 
57: processor name = Task 57 of 256 (0,1,1,1,1,0)  R00-M1-N04-J20, Size = { 2, 2, 4, 4,2}, Coords = { 0, 1, 1, 1,1}, isTorus = {0,0,1,1,1} 
41: processor name = Task 41 of 256 (0,1,1,1,0,0)  R00-M1-N04-J19, Size = { 2, 2, 4, 4,2}, Coords = { 0, 1, 1, 1,0}, isTorus = {0,0,1,1,1} 
25: processor name = Task 25 of 256 (0,1,0,1,1,0)  R00-M1-N04-J21, Size = { 2, 2, 4, 4,2}, Coords = { 0, 1, 0, 1,1}, isTorus = {0,0,1,1,1} 
29: processor name = Task 29 of 256 (1,1,0,1,1,0)  R00-M1-N04-J08, Size = { 2, 2, 4, 4,2}, Coords = { 1, 1, 0, 1,1}, isTorus = {0,0,1,1,1} 
45: processor name = Task 45 of 256 (1,1,1,1,0,0)  R00-M1-N04-J14, Size = { 2, 2, 4, 4,2}, Coords = { 1, 1, 1, 1,0}, isTorus = {0,0,1,1,1} 
65: processor name = Task 65 of 256 (0,0,2,1,0,0)  R00-M1-N05-J16, Size = { 2, 2, 4, 4,2}, Coords = { 0, 0, 2, 1,0}, isTorus = {0,0,1,1,1} 
61: processor name = Task 61 of 256 (1,1,1,1,1,0)  R00-M1-N04-J09, Size = { 2, 2, 4, 4,2}, Coords = { 1, 1, 1, 1,1}, isTorus = {0,0,1,1,1} 
85: processor name = Task 85 of 256 (1,0,2,1,1,0)  R00-M1-N05-J10, Size = { 2, 2, 4, 4,2}, Coords = { 1, 0, 2, 1,1}, isTorus = {0,0,1,1,1} 
73: processor name = Task 73 of 256 (0,1,2,1,0,0)  R00-M1-N05-J19, Size = { 2, 2, 4, 4,2}, Coords = { 0, 1, 2, 1,0}, isTorus = {0,0,1,1,1} 
69: processor name = Task 69 of 256 (1,0,2,1,0,0)  R00-M1-N05-J13, Size = { 2, 2, 4, 4,2}, Coords = { 1, 0, 2, 1,0}, isTorus = {0,0,1,1,1} 
77: processor name = Task 77 of 256 (1,1,2,1,0,0)  R00-M1-N05-J14, Size = { 2, 2, 4, 4,2}, Coords = { 1, 1, 2, 1,0}, isTorus = {0,0,1,1,1} 
81: processor name = Task 81 of 256 (0,0,2,1,1,0)  R00-M1-N05-J23, Size = { 2, 2, 4, 4,2}, Coords = { 0, 0, 2, 1,1}, isTorus = {0,0,1,1,1} 
97: processor name = Task 97 of 256 (0,0,3,1,0,0)  R00-M1-N05-J17, Size = { 2, 2, 4, 4,2}, Coords = { 0, 0, 3, 1,0}, isTorus = {0,0,1,1,1} 
117: processor name = Task 117 of 256 (1,0,3,1,1,0)  R00-M1-N05-J11, Size = { 2, 2, 4, 4,2}, Coords = { 1, 0, 3, 1,1}, isTorus = {0,0,1,1,1} 
125: processor name = Task 125 of 256 (1,1,3,1,1,0)  R00-M1-N05-J08, Size = { 2, 2, 4, 4,2}, Coords = { 1, 1, 3, 1,1}, isTorus = {0,0,1,1,1} 
113: processor name = Task 113 of 256 (0,0,3,1,1,0)  R00-M1-N05-J22, Size = { 2, 2, 4, 4,2}, Coords = { 0, 0, 3, 1,1}, isTorus = {0,0,1,1,1} 
105: processor name = Task 105 of 256 (0,1,3,1,0,0)  R00-M1-N05-J18, Size = { 2, 2, 4, 4,2}, Coords = { 0, 1, 3, 1,0}, isTorus = {0,0,1,1,1} 
101: processor name = Task 101 of 256 (1,0,3,1,0,0)  R00-M1-N05-J12, Size = { 2, 2, 4, 4,2}, Coords = { 1, 0, 3, 1,0}, isTorus = {0,0,1,1,1} 
89: processor name = Task 89 of 256 (0,1,2,1,1,0)  R00-M1-N05-J20, Size = { 2, 2, 4, 4,2}, Coords = { 0, 1, 2, 1,1}, isTorus = {0,0,1,1,1} 
93: processor name = Task 93 of 256 (1,1,2,1,1,0)  R00-M1-N05-J09, Size = { 2, 2, 4, 4,2}, Coords = { 1, 1, 2, 1,1}, isTorus = {0,0,1,1,1} 
109: processor name = Task 109 of 256 (1,1,3,1,0,0)  R00-M1-N05-J15, Size = { 2, 2, 4, 4,2}, Coords = { 1, 1, 3, 1,0}, isTorus = {0,0,1,1,1} 
121: processor name = Task 121 of 256 (0,1,3,1,1,0)  R00-M1-N05-J21, Size = { 2, 2, 4, 4,2}, Coords = { 0, 1, 3, 1,1}, isTorus = {0,0,1,1,1} 
