MANPATH=/home/jhammond/man:/soft/environment/softenv-1.6.2/man:/usr/share/man:/usr/local/man:/usr/X11R6/man:/bgsys/drivers/V1R1M0/ppc64/gnu-linux/man:/bgsys/drivers/V1R1M0/ppc64/hlcs/man:/soft/compilers/ibmcmp-feb2012/vacpp/bg/12.1/man:/soft/compilers/ibmcmp-feb2012/xlf/bg/14.1/man:/soft/compilers/ibmcmp-apr2012/vacpp/bg/12.1/man:/soft/compilers/ibmcmp-apr2012/xlf/bg/14.1/man:/bgsys/drivers/ppcfloor/comm/xl.legacy/man:/soft/buildtools/13march2012/man
HOSTNAME=cetuslac1
IBM_CPPCMP_DIR=/soft/compilers/ibmcmp-apr2012/vacpp/bg/12.1
IBM_CCMP_DIR=/soft/compilers/ibmcmp-apr2012/vac/bg/12.1
HISTSIZE=1000
IBM_FCMP_DIR=/soft/compilers/ibmcmp-apr2012/xlf/bg/14.1
BGQDRV=V1R1M0
QTDIR=/usr/lib64/qt-3.3
QTINC=/usr/lib64/qt-3.3/include
COBALT_PROJ=Catalyst
INCLUDE_PATH=/bgsys/drivers/ppcfloor/comm/xl.legacy/include
IBM_MAIN_DIR=/soft/compilers/ibmcmp-apr2012
USER=jhammond
SVN_EDITOR=vim
LD_LIBRARY_PATH=/soft/compilers/ibmcmp-feb2012/vac/bg/12.1/bglib64:/soft/compilers/ibmcmp-feb2012/vacpp/bg/12.1/bglib64:/soft/compilers/ibmcmp-feb2012/xlf/bg/14.1/bglib64:/soft/compilers/ibmcmp-feb2012/xlmass/bg/7.3/bglib64:/soft/compilers/ibmcmp-feb2012/xlsmp/bg/3.1/bglib64:/soft/compilers/ibmcmp-apr2012/vac/bg/12.1/bglib64:/soft/compilers/ibmcmp-apr2012/vacpp/bg/12.1/bglib64:/soft/compilers/ibmcmp-apr2012/xlf/bg/14.1/bglib64:/soft/compilers/ibmcmp-apr2012/xlmass/bg/7.3/bglib64:/soft/compilers/ibmcmp-apr2012/xlsmp/bg/3.1/bglib64:/bgsys/drivers/ppcfloor/comm/xl.legacy/lib
COBALT_PARTNAME=EAS-00000-11331-128
XLF_USR_CONFIG=/soft/compilers/ibmcmp-apr2012/xlf/bg/14.1/etc/V1R1M0.xlf.cfg.rhel6.2.gcc446
COMM_SELECT=xl.legacy
PATH=/home/jhammond/TOOLS/bin:/soft/buildtools/13march2012/bin:/usr/lib64/qt-3.3/bin:/home/jhammond/bin:/soft/environment/softenv-1.6.2/bin:/bin:/usr/bin:/usr/local/bin:/usr/X11R6/bin:/bgsys/drivers/V1R1M0/ppc64/gnu-linux/bin:/bgsys/drivers/V1R1M0/ppc64/hlcs/bin:/soft/debuggers/scripts/bin:/soft/compilers/ibmcmp-feb2012/vac/bg/12.1/bin:/soft/compilers/ibmcmp-feb2012/vacpp/bg/12.1/bin:/soft/compilers/ibmcmp-feb2012/xlf/bg/14.1/bin:/soft/compilers/ibmcmp-apr2012/vac/bg/12.1/bin:/soft/compilers/ibmcmp-apr2012/vacpp/bg/12.1/bin:/soft/compilers/ibmcmp-apr2012/xlf/bg/14.1/bin:/bgsys/drivers/ppcfloor/comm/xl.legacy/bin:/bgsys/drivers/ppcfloor/bin:/bgsys/drivers/ppcfloor/sbin:/soft/buildtools/13march2012/bin:/home/jhammond/TOOLS/bin:/home/projects/llvm/bin:/bgsys/drivers/toolchain/V1R1M0-/gnu-linux/bin:/home/projects/llvm/bin:/home/jhammond/bin
MAIL=/var/spool/mail/jhammond
_=/bin/env
SOFTENV_ALIASES=/soft/environment/softenv-1.6.2/etc/softenv-aliases.sh
PWD=/veas_home/jhammond/OSPRI/branches/bgq-topo/devel
XLC_USR_CONFIG=/soft/compilers/ibmcmp-apr2012/vacpp/bg/12.1/etc/V1R1M0.vac.cfg.rhel6.2.gcc446
JAVA_HOME=/usr/lib/jvm/jre-1.6.0-ibm.ppc64
EDITOR=vim
LANG=en_US.UTF-8
WHATAMI=linux-rhel_6-ppc64
COBALT_JOBID=15272
COBALT_PARTSIZE=128
PLATFORM=linux-rhel_6-ppc64
COBALT_NODEFILE=/tmp/tmpOMSGrP
LM_LICENSE_FILE=
HISTCONTROL=ignoredups
IBMCMP_INCLUDE=/soft/compilers/ibmcmp-apr2012/xlsmp/bg/3.1/include
SOFTENV_LOAD=/soft/environment/softenv-1.6.2/etc/softenv-load.sh
TEXINPUTS=
HOME=/home/jhammond
SHLVL=2
COMM_BASE=/bgsys/drivers/ppcfloor/comm
COBALT_JOBSIZE=128
LOGNAME=jhammond
PYTHONPATH=
CVS_RSH=ssh
QTLIB=/usr/lib64/qt-3.3/lib
LESSOPEN=|/usr/bin/lesspipe.sh %s
ARCH=linux-rhel_6-ppc64
XL_DEFMSG=/soft/compilers/ibmcmp-apr2012/xlf/bg/14.1/msg/en_US
G_BROKEN_FILENAMES=1
