44: Kernel_GetRank() = 44 
46: Kernel_GetRank() = 46 
47: Kernel_GetRank() = 47 
45: Kernel_GetRank() = 45 
44: Kernel_ProcessCount() = 64 
46: Kernel_ProcessCount() = 64 
44: Kernel_ProcessorCount() = 1 
45: Kernel_ProcessCount() = 64 
47: Kernel_ProcessCount() = 64 
46: Kernel_ProcessorCount() = 1 
45: Kernel_ProcessorCount() = 1 
46: Kernel_ProcessorID() = 46 
45: Kernel_ProcessorID() = 45 
44: Kernel_ProcessorID() = 44 
45: Kernel_ProcessorCoreID() = 11 
46: Kernel_ProcessorCoreID() = 11 
44: Kernel_ProcessorCoreID() = 11 
46: Kernel_ProcessorThreadID() = 2 
47: Kernel_ProcessorCount() = 1 
45: Kernel_ProcessorThreadID() = 1 
44: Kernel_ProcessorThreadID() = 0 
46: Kernel_BlockThreadId() = 46 
44: Kernel_BlockThreadId() = 44 
47: Kernel_ProcessorID() = 47 
45: Kernel_BlockThreadId() = 45 
47: Kernel_ProcessorCoreID() = 11 
45: Kernel_MyTcoord() = 45 
44: Kernel_MyTcoord() = 44 
46: Kernel_MyTcoord() = 46 
47: Kernel_ProcessorThreadID() = 3 
16: Kernel_GetRank() = 16 
19: Kernel_GetRank() = 19 
17: Kernel_GetRank() = 17 
19: Kernel_ProcessCount() = 64 
16: Kernel_ProcessCount() = 64 
47: Kernel_BlockThreadId() = 47 
59: Kernel_GetRank() = 59 
57: Kernel_GetRank() = 57 
47: Kernel_MyTcoord() = 47 
6: Kernel_GetRank() = 6 
5: Kernel_GetRank() = 5 
7: Kernel_GetRank() = 7 
6: Kernel_ProcessCount() = 64 
7: Kernel_ProcessCount() = 64 
4: Kernel_GetRank() = 4 
5: Kernel_ProcessCount() = 64 
7: Kernel_ProcessorCount() = 1 
4: Kernel_ProcessCount() = 64 
6: Kernel_ProcessorCount() = 1 
5: Kernel_ProcessorCount() = 1 
7: Kernel_ProcessorID() = 7 
6: Kernel_ProcessorID() = 6 
5: Kernel_ProcessorID() = 5 
6: Kernel_ProcessorCoreID() = 1 
7: Kernel_ProcessorCoreID() = 1 
5: Kernel_ProcessorCoreID() = 1 
4: Kernel_ProcessorCount() = 1 
7: Kernel_ProcessorThreadID() = 3 
4: Kernel_ProcessorID() = 4 
6: Kernel_ProcessorThreadID() = 2 
7: Kernel_BlockThreadId() = 7 
5: Kernel_ProcessorThreadID() = 1 
7: Kernel_MyTcoord() = 7 
4: Kernel_ProcessorCoreID() = 1 
5: Kernel_BlockThreadId() = 5 
6: Kernel_BlockThreadId() = 6 
5: Kernel_MyTcoord() = 5 
4: Kernel_ProcessorThreadID() = 0 
6: Kernel_MyTcoord() = 6 
4: Kernel_BlockThreadId() = 4 
33: Kernel_GetRank() = 33 
4: Kernel_MyTcoord() = 4 
14: Kernel_GetRank() = 14 
13: Kernel_GetRank() = 13 
12: Kernel_GetRank() = 12 
14: Kernel_ProcessCount() = 64 
12: Kernel_ProcessCount() = 64 
15: Kernel_GetRank() = 15 
12: Kernel_ProcessorCount() = 1 
15: Kernel_ProcessCount() = 64 
14: Kernel_ProcessorCount() = 1 
12: Kernel_ProcessorID() = 12 
15: Kernel_ProcessorCount() = 1 
13: Kernel_ProcessCount() = 64 
14: Kernel_ProcessorID() = 14 
13: Kernel_ProcessorCount() = 1 
15: Kernel_ProcessorID() = 15 
14: Kernel_ProcessorCoreID() = 3 
13: Kernel_ProcessorID() = 13 
14: Kernel_ProcessorThreadID() = 2 
12: Kernel_ProcessorCoreID() = 3 
13: Kernel_ProcessorCoreID() = 3 
12: Kernel_ProcessorThreadID() = 0 
14: Kernel_BlockThreadId() = 14 
13: Kernel_ProcessorThreadID() = 1 
14: Kernel_MyTcoord() = 14 
15: Kernel_ProcessorCoreID() = 3 
12: Kernel_BlockThreadId() = 12 
15: Kernel_ProcessorThreadID() = 3 
13: Kernel_BlockThreadId() = 13 
15: Kernel_BlockThreadId() = 15 
12: Kernel_MyTcoord() = 12 
15: Kernel_MyTcoord() = 15 
13: Kernel_MyTcoord() = 13 
28: Kernel_GetRank() = 28 
30: Kernel_GetRank() = 30 
29: Kernel_GetRank() = 29 
31: Kernel_GetRank() = 31 
29: Kernel_ProcessCount() = 64 
30: Kernel_ProcessCount() = 64 
28: Kernel_ProcessCount() = 64 
29: Kernel_ProcessorCount() = 1 
28: Kernel_ProcessorCount() = 1 
31: Kernel_ProcessCount() = 64 
29: Kernel_ProcessorID() = 29 
28: Kernel_ProcessorID() = 28 
31: Kernel_ProcessorCount() = 1 
29: Kernel_ProcessorCoreID() = 7 
30: Kernel_ProcessorCount() = 1 
28: Kernel_ProcessorCoreID() = 7 
29: Kernel_ProcessorThreadID() = 1 
31: Kernel_ProcessorID() = 31 
29: Kernel_BlockThreadId() = 29 
30: Kernel_ProcessorID() = 30 
31: Kernel_ProcessorCoreID() = 7 
29: Kernel_MyTcoord() = 29 
31: Kernel_ProcessorThreadID() = 3 
28: Kernel_ProcessorThreadID() = 0 
31: Kernel_BlockThreadId() = 31 
30: Kernel_ProcessorCoreID() = 7 
31: Kernel_MyTcoord() = 31 
28: Kernel_BlockThreadId() = 28 
30: Kernel_ProcessorThreadID() = 2 
28: Kernel_MyTcoord() = 28 
30: Kernel_BlockThreadId() = 30 
2: Kernel_GetRank() = 2 
0: Kernel_GetRank() = 0 
2: Kernel_ProcessCount() = 64 
30: Kernel_MyTcoord() = 30 
10: Kernel_GetRank() = 10 
11: Kernel_GetRank() = 11 
8: Kernel_GetRank() = 8 
11: Kernel_ProcessCount() = 64 
9: Kernel_GetRank() = 9 
10: Kernel_ProcessCount() = 64 
11: Kernel_ProcessorCount() = 1 
10: Kernel_ProcessorCount() = 1 
11: Kernel_ProcessorID() = 11 
8: Kernel_ProcessCount() = 64 
9: Kernel_ProcessCount() = 64 
8: Kernel_ProcessorCount() = 1 
9: Kernel_ProcessorCount() = 1 
11: Kernel_ProcessorCoreID() = 2 
8: Kernel_ProcessorID() = 8 
9: Kernel_ProcessorID() = 9 
11: Kernel_ProcessorThreadID() = 3 
9: Kernel_ProcessorCoreID() = 2 
11: Kernel_BlockThreadId() = 11 
8: Kernel_ProcessorCoreID() = 2 
9: Kernel_ProcessorThreadID() = 1 
10: Kernel_ProcessorID() = 10 
11: Kernel_MyTcoord() = 11 
9: Kernel_BlockThreadId() = 9 
8: Kernel_ProcessorThreadID() = 0 
10: Kernel_ProcessorCoreID() = 2 
8: Kernel_BlockThreadId() = 8 
9: Kernel_MyTcoord() = 9 
10: Kernel_ProcessorThreadID() = 2 
8: Kernel_MyTcoord() = 8 
10: Kernel_BlockThreadId() = 10 
16: Kernel_ProcessorCount() = 1 
17: Kernel_ProcessCount() = 64 
18: Kernel_GetRank() = 18 
16: Kernel_ProcessorID() = 16 
18: Kernel_ProcessCount() = 64 
17: Kernel_ProcessorCount() = 1 
19: Kernel_ProcessorCount() = 1 
10: Kernel_MyTcoord() = 10 
38: Kernel_GetRank() = 38 
37: Kernel_GetRank() = 37 
39: Kernel_GetRank() = 39 
38: Kernel_ProcessCount() = 64 
36: Kernel_GetRank() = 36 
38: Kernel_ProcessorCount() = 1 
37: Kernel_ProcessCount() = 64 
39: Kernel_ProcessCount() = 64 
36: Kernel_ProcessCount() = 64 
39: Kernel_ProcessorCount() = 1 
37: Kernel_ProcessorCount() = 1 
39: Kernel_ProcessorID() = 39 
36: Kernel_ProcessorCount() = 1 
39: Kernel_ProcessorCoreID() = 9 
38: Kernel_ProcessorID() = 38 
37: Kernel_ProcessorID() = 37 
36: Kernel_ProcessorID() = 36 
37: Kernel_ProcessorCoreID() = 9 
39: Kernel_ProcessorThreadID() = 3 
37: Kernel_ProcessorThreadID() = 1 
39: Kernel_BlockThreadId() = 39 
36: Kernel_ProcessorCoreID() = 9 
39: Kernel_MyTcoord() = 39 
37: Kernel_BlockThreadId() = 37 
36: Kernel_ProcessorThreadID() = 0 
37: Kernel_MyTcoord() = 37 
38: Kernel_ProcessorCoreID() = 9 
36: Kernel_BlockThreadId() = 36 
38: Kernel_ProcessorThreadID() = 2 
36: Kernel_MyTcoord() = 36 
38: Kernel_BlockThreadId() = 38 
26: Kernel_GetRank() = 26 
24: Kernel_GetRank() = 24 
27: Kernel_GetRank() = 27 
38: Kernel_MyTcoord() = 38 
43: Kernel_GetRank() = 43 
40: Kernel_GetRank() = 40 
42: Kernel_GetRank() = 42 
40: Kernel_ProcessCount() = 64 
43: Kernel_ProcessCount() = 64 
40: Kernel_ProcessorCount() = 1 
41: Kernel_GetRank() = 41 
43: Kernel_ProcessorCount() = 1 
40: Kernel_ProcessorID() = 40 
42: Kernel_ProcessCount() = 64 
40: Kernel_ProcessorCoreID() = 10 
41: Kernel_ProcessCount() = 64 
40: Kernel_ProcessorThreadID() = 0 
42: Kernel_ProcessorCount() = 1 
41: Kernel_ProcessorCount() = 1 
42: Kernel_ProcessorID() = 42 
40: Kernel_BlockThreadId() = 40 
41: Kernel_ProcessorID() = 41 
43: Kernel_ProcessorID() = 43 
41: Kernel_ProcessorCoreID() = 10 
40: Kernel_MyTcoord() = 40 
43: Kernel_ProcessorCoreID() = 10 
42: Kernel_ProcessorCoreID() = 10 
43: Kernel_ProcessorThreadID() = 3 
42: Kernel_ProcessorThreadID() = 2 
43: Kernel_BlockThreadId() = 43 
41: Kernel_ProcessorThreadID() = 1 
43: Kernel_MyTcoord() = 43 
42: Kernel_BlockThreadId() = 42 
41: Kernel_BlockThreadId() = 41 
42: Kernel_MyTcoord() = 42 
41: Kernel_MyTcoord() = 41 
3: Kernel_GetRank() = 3 
1: Kernel_GetRank() = 1 
2: Kernel_ProcessorCount() = 1 
3: Kernel_ProcessCount() = 64 
0: Kernel_ProcessCount() = 64 
2: Kernel_ProcessorID() = 2 
1: Kernel_ProcessCount() = 64 
3: Kernel_ProcessorCount() = 1 
1: Kernel_ProcessorCount() = 1 
0: Kernel_ProcessorCount() = 1 
2: Kernel_ProcessorCoreID() = 0 
0: Kernel_ProcessorID() = 0 
2: Kernel_ProcessorThreadID() = 2 
0: Kernel_ProcessorCoreID() = 0 
2: Kernel_BlockThreadId() = 2 
0: Kernel_ProcessorThreadID() = 0 
3: Kernel_ProcessorID() = 3 
1: Kernel_ProcessorID() = 1 
0: Kernel_BlockThreadId() = 0 
2: Kernel_MyTcoord() = 2 
3: Kernel_ProcessorCoreID() = 0 
0: Kernel_MyTcoord() = 0 
3: Kernel_ProcessorThreadID() = 3 
1: Kernel_ProcessorCoreID() = 0 
3: Kernel_BlockThreadId() = 3 
1: Kernel_ProcessorThreadID() = 1 
3: Kernel_MyTcoord() = 3 
1: Kernel_BlockThreadId() = 1 
22: Kernel_GetRank() = 22 
20: Kernel_GetRank() = 20 
21: Kernel_GetRank() = 21 
22: Kernel_ProcessCount() = 64 
23: Kernel_GetRank() = 23 
20: Kernel_ProcessCount() = 64 
23: Kernel_ProcessCount() = 64 
21: Kernel_ProcessCount() = 64 
20: Kernel_ProcessorCount() = 1 
22: Kernel_ProcessorCount() = 1 
23: Kernel_ProcessorCount() = 1 
1: Kernel_MyTcoord() = 1 
32: Kernel_GetRank() = 32 
33: Kernel_ProcessCount() = 64 
32: Kernel_ProcessCount() = 64 
33: Kernel_ProcessorCount() = 1 
34: Kernel_GetRank() = 34 
32: Kernel_ProcessorCount() = 1 
34: Kernel_ProcessCount() = 64 
33: Kernel_ProcessorID() = 33 
34: Kernel_ProcessorCount() = 1 
35: Kernel_GetRank() = 35 
33: Kernel_ProcessorCoreID() = 8 
35: Kernel_ProcessCount() = 64 
33: Kernel_ProcessorThreadID() = 1 
35: Kernel_ProcessorCount() = 1 
33: Kernel_BlockThreadId() = 33 
32: Kernel_ProcessorID() = 32 
33: Kernel_MyTcoord() = 33 
35: Kernel_ProcessorID() = 35 
34: Kernel_ProcessorID() = 34 
32: Kernel_ProcessorCoreID() = 8 
35: Kernel_ProcessorCoreID() = 8 
34: Kernel_ProcessorCoreID() = 8 
32: Kernel_ProcessorThreadID() = 0 
35: Kernel_ProcessorThreadID() = 3 
34: Kernel_ProcessorThreadID() = 2 
32: Kernel_BlockThreadId() = 32 
34: Kernel_BlockThreadId() = 34 
32: Kernel_MyTcoord() = 32 
34: Kernel_MyTcoord() = 34 
35: Kernel_BlockThreadId() = 35 
49: Kernel_GetRank() = 49 
51: Kernel_GetRank() = 51 
48: Kernel_GetRank() = 48 
50: Kernel_GetRank() = 50 
51: Kernel_ProcessCount() = 64 
35: Kernel_MyTcoord() = 35 
18: Kernel_ProcessorCount() = 1 
17: Kernel_ProcessorID() = 17 
19: Kernel_ProcessorID() = 19 
18: Kernel_ProcessorID() = 18 
17: Kernel_ProcessorCoreID() = 4 
18: Kernel_ProcessorCoreID() = 4 
19: Kernel_ProcessorCoreID() = 4 
16: Kernel_ProcessorCoreID() = 4 
19: Kernel_ProcessorThreadID() = 3 
16: Kernel_ProcessorThreadID() = 0 
17: Kernel_ProcessorThreadID() = 1 
18: Kernel_ProcessorThreadID() = 2 
17: Kernel_BlockThreadId() = 17 
18: Kernel_BlockThreadId() = 18 
16: Kernel_BlockThreadId() = 16 
19: Kernel_BlockThreadId() = 19 
16: Kernel_MyTcoord() = 16 
18: Kernel_MyTcoord() = 18 
17: Kernel_MyTcoord() = 17 
19: Kernel_MyTcoord() = 19 
49: Kernel_ProcessCount() = 64 
50: Kernel_ProcessCount() = 64 
49: Kernel_ProcessorCount() = 1 
51: Kernel_ProcessorCount() = 1 
48: Kernel_ProcessCount() = 64 
51: Kernel_ProcessorID() = 51 
50: Kernel_ProcessorCount() = 1 
51: Kernel_ProcessorCoreID() = 12 
50: Kernel_ProcessorID() = 50 
48: Kernel_ProcessorCount() = 1 
51: Kernel_ProcessorThreadID() = 3 
48: Kernel_ProcessorID() = 48 
51: Kernel_BlockThreadId() = 51 
50: Kernel_ProcessorCoreID() = 12 
51: Kernel_MyTcoord() = 51 
49: Kernel_ProcessorID() = 49 
48: Kernel_ProcessorCoreID() = 12 
49: Kernel_ProcessorCoreID() = 12 
48: Kernel_ProcessorThreadID() = 0 
50: Kernel_ProcessorThreadID() = 2 
49: Kernel_ProcessorThreadID() = 1 
48: Kernel_BlockThreadId() = 48 
49: Kernel_BlockThreadId() = 49 
50: Kernel_BlockThreadId() = 50 
48: Kernel_MyTcoord() = 48 
49: Kernel_MyTcoord() = 49 
50: Kernel_MyTcoord() = 50 
60: Kernel_GetRank() = 60 
62: Kernel_GetRank() = 62 
63: Kernel_GetRank() = 63 
61: Kernel_GetRank() = 61 
62: Kernel_ProcessCount() = 64 
63: Kernel_ProcessCount() = 64 
61: Kernel_ProcessCount() = 64 
63: Kernel_ProcessorCount() = 1 
60: Kernel_ProcessCount() = 64 
61: Kernel_ProcessorCount() = 1 
60: Kernel_ProcessorCount() = 1 
61: Kernel_ProcessorID() = 61 
62: Kernel_ProcessorCount() = 1 
61: Kernel_ProcessorCoreID() = 15 
63: Kernel_ProcessorID() = 63 
60: Kernel_ProcessorID() = 60 
61: Kernel_ProcessorThreadID() = 1 
63: Kernel_ProcessorCoreID() = 15 
61: Kernel_BlockThreadId() = 61 
60: Kernel_ProcessorCoreID() = 15 
62: Kernel_ProcessorID() = 62 
61: Kernel_MyTcoord() = 61 
62: Kernel_ProcessorCoreID() = 15 
60: Kernel_ProcessorThreadID() = 0 
63: Kernel_ProcessorThreadID() = 3 
62: Kernel_ProcessorThreadID() = 2 
60: Kernel_BlockThreadId() = 60 
63: Kernel_BlockThreadId() = 63 
62: Kernel_BlockThreadId() = 62 
60: Kernel_MyTcoord() = 60 
63: Kernel_MyTcoord() = 63 
62: Kernel_MyTcoord() = 62 
55: Kernel_GetRank() = 55 
52: Kernel_GetRank() = 52 
55: Kernel_ProcessCount() = 64 
54: Kernel_GetRank() = 54 
52: Kernel_ProcessCount() = 64 
55: Kernel_ProcessorCount() = 1 
54: Kernel_ProcessCount() = 64 
55: Kernel_ProcessorID() = 55 
54: Kernel_ProcessorCount() = 1 
53: Kernel_GetRank() = 53 
54: Kernel_ProcessorID() = 54 
55: Kernel_ProcessorCoreID() = 13 
54: Kernel_ProcessorCoreID() = 13 
52: Kernel_ProcessorCount() = 1 
53: Kernel_ProcessCount() = 64 
52: Kernel_ProcessorID() = 52 
53: Kernel_ProcessorCount() = 1 
54: Kernel_ProcessorThreadID() = 2 
53: Kernel_ProcessorID() = 53 
55: Kernel_ProcessorThreadID() = 3 
52: Kernel_ProcessorCoreID() = 13 
53: Kernel_ProcessorCoreID() = 13 
55: Kernel_BlockThreadId() = 55 
52: Kernel_ProcessorThreadID() = 0 
53: Kernel_ProcessorThreadID() = 1 
54: Kernel_BlockThreadId() = 54 
55: Kernel_MyTcoord() = 55 
52: Kernel_BlockThreadId() = 52 
53: Kernel_BlockThreadId() = 53 
52: Kernel_MyTcoord() = 52 
54: Kernel_MyTcoord() = 54 
53: Kernel_MyTcoord() = 53 
22: Kernel_ProcessorID() = 22 
20: Kernel_ProcessorID() = 20 
21: Kernel_ProcessorCount() = 1 
20: Kernel_ProcessorCoreID() = 5 
21: Kernel_ProcessorID() = 21 
20: Kernel_ProcessorThreadID() = 0 
23: Kernel_ProcessorID() = 23 
20: Kernel_BlockThreadId() = 20 
23: Kernel_ProcessorCoreID() = 5 
20: Kernel_MyTcoord() = 20 
21: Kernel_ProcessorCoreID() = 5 
23: Kernel_ProcessorThreadID() = 3 
21: Kernel_ProcessorThreadID() = 1 
22: Kernel_ProcessorCoreID() = 5 
23: Kernel_BlockThreadId() = 23 
22: Kernel_ProcessorThreadID() = 2 
21: Kernel_BlockThreadId() = 21 
22: Kernel_BlockThreadId() = 22 
21: Kernel_MyTcoord() = 21 
23: Kernel_MyTcoord() = 23 
22: Kernel_MyTcoord() = 22 
57: Kernel_ProcessCount() = 64 
58: Kernel_GetRank() = 58 
57: Kernel_ProcessorCount() = 1 
56: Kernel_GetRank() = 56 
57: Kernel_ProcessorID() = 57 
59: Kernel_ProcessCount() = 64 
57: Kernel_ProcessorCoreID() = 14 
59: Kernel_ProcessorCount() = 1 
57: Kernel_ProcessorThreadID() = 1 
58: Kernel_ProcessCount() = 64 
59: Kernel_ProcessorID() = 59 
57: Kernel_BlockThreadId() = 57 
56: Kernel_ProcessCount() = 64 
58: Kernel_ProcessorCount() = 1 
57: Kernel_MyTcoord() = 57 
56: Kernel_ProcessorCount() = 1 
59: Kernel_ProcessorCoreID() = 14 
58: Kernel_ProcessorID() = 58 
56: Kernel_ProcessorID() = 56 
59: Kernel_ProcessorThreadID() = 3 
58: Kernel_ProcessorCoreID() = 14 
59: Kernel_BlockThreadId() = 59 
56: Kernel_ProcessorCoreID() = 14 
59: Kernel_MyTcoord() = 59 
58: Kernel_ProcessorThreadID() = 2 
56: Kernel_ProcessorThreadID() = 0 
58: Kernel_BlockThreadId() = 58 
56: Kernel_BlockThreadId() = 56 
58: Kernel_MyTcoord() = 58 
56: Kernel_MyTcoord() = 56 
26: Kernel_ProcessCount() = 64 
24: Kernel_ProcessCount() = 64 
27: Kernel_ProcessCount() = 64 
24: Kernel_ProcessorCount() = 1 
26: Kernel_ProcessorCount() = 1 
27: Kernel_ProcessorCount() = 1 
26: Kernel_ProcessorID() = 26 
25: Kernel_GetRank() = 25 
26: Kernel_ProcessorCoreID() = 6 
27: Kernel_ProcessorID() = 27 
25: Kernel_ProcessCount() = 64 
24: Kernel_ProcessorID() = 24 
25: Kernel_ProcessorCount() = 1 
24: Kernel_ProcessorCoreID() = 6 
25: Kernel_ProcessorID() = 25 
24: Kernel_ProcessorThreadID() = 0 
25: Kernel_ProcessorCoreID() = 6 
24: Kernel_BlockThreadId() = 24 
27: Kernel_ProcessorCoreID() = 6 
25: Kernel_ProcessorThreadID() = 1 
27: Kernel_ProcessorThreadID() = 3 
24: Kernel_MyTcoord() = 24 
25: Kernel_BlockThreadId() = 25 
27: Kernel_BlockThreadId() = 27 
26: Kernel_ProcessorThreadID() = 2 
25: Kernel_MyTcoord() = 25 
27: Kernel_MyTcoord() = 27 
26: Kernel_BlockThreadId() = 26 
26: Kernel_MyTcoord() = 26 
