6: Kernel_GetRank() = 6 
7: Kernel_GetRank() = 7 
6: Kernel_ProcessCount() = 32 
7: Kernel_ProcessCount() = 32 
6: Kernel_ProcessorCount() = 2 
7: Kernel_ProcessorCount() = 2 
6: Kernel_ProcessorID() = 12 
7: Kernel_ProcessorID() = 14 
6: Kernel_ProcessorCoreID() = 3 
7: Kernel_ProcessorCoreID() = 3 
6: Kernel_ProcessorThreadID() = 0 
7: Kernel_ProcessorThreadID() = 2 
6: Kernel_BlockThreadId() = 12 
7: Kernel_BlockThreadId() = 14 
6: Kernel_MyTcoord() = 6 
7: Kernel_MyTcoord() = 7 
11: Kernel_GetRank() = 11 
10: Kernel_GetRank() = 10 
11: Kernel_ProcessCount() = 32 
10: Kernel_ProcessCount() = 32 
11: Kernel_ProcessorCount() = 2 
10: Kernel_ProcessorCount() = 2 
11: Kernel_ProcessorID() = 22 
10: Kernel_ProcessorID() = 20 
11: Kernel_ProcessorCoreID() = 5 
10: Kernel_ProcessorCoreID() = 5 
11: Kernel_ProcessorThreadID() = 2 
10: Kernel_ProcessorThreadID() = 0 
11: Kernel_BlockThreadId() = 22 
10: Kernel_BlockThreadId() = 20 
11: Kernel_MyTcoord() = 11 
10: Kernel_MyTcoord() = 10 
15: Kernel_GetRank() = 15 
14: Kernel_GetRank() = 14 
15: Kernel_ProcessCount() = 32 
14: Kernel_ProcessCount() = 32 
15: Kernel_ProcessorCount() = 2 
14: Kernel_ProcessorCount() = 2 
15: Kernel_ProcessorID() = 30 
14: Kernel_ProcessorID() = 28 
15: Kernel_ProcessorCoreID() = 7 
14: Kernel_ProcessorCoreID() = 7 
15: Kernel_ProcessorThreadID() = 2 
14: Kernel_ProcessorThreadID() = 0 
15: Kernel_BlockThreadId() = 30 
14: Kernel_BlockThreadId() = 28 
15: Kernel_MyTcoord() = 15 
14: Kernel_MyTcoord() = 14 
18: Kernel_GetRank() = 18 
19: Kernel_GetRank() = 19 
18: Kernel_ProcessCount() = 32 
19: Kernel_ProcessCount() = 32 
18: Kernel_ProcessorCount() = 2 
19: Kernel_ProcessorCount() = 2 
18: Kernel_ProcessorID() = 36 
19: Kernel_ProcessorID() = 38 
18: Kernel_ProcessorCoreID() = 9 
19: Kernel_ProcessorCoreID() = 9 
18: Kernel_ProcessorThreadID() = 0 
19: Kernel_ProcessorThreadID() = 2 
18: Kernel_BlockThreadId() = 36 
19: Kernel_BlockThreadId() = 38 
18: Kernel_MyTcoord() = 18 
19: Kernel_MyTcoord() = 19 
21: Kernel_GetRank() = 21 
20: Kernel_GetRank() = 20 
21: Kernel_ProcessCount() = 32 
20: Kernel_ProcessCount() = 32 
21: Kernel_ProcessorCount() = 2 
20: Kernel_ProcessorCount() = 2 
21: Kernel_ProcessorID() = 42 
20: Kernel_ProcessorID() = 40 
21: Kernel_ProcessorCoreID() = 10 
20: Kernel_ProcessorCoreID() = 10 
21: Kernel_ProcessorThreadID() = 2 
20: Kernel_ProcessorThreadID() = 0 
21: Kernel_BlockThreadId() = 42 
20: Kernel_BlockThreadId() = 40 
21: Kernel_MyTcoord() = 21 
20: Kernel_MyTcoord() = 20 
27: Kernel_GetRank() = 27 
26: Kernel_GetRank() = 26 
27: Kernel_ProcessCount() = 32 
26: Kernel_ProcessCount() = 32 
27: Kernel_ProcessorCount() = 2 
26: Kernel_ProcessorCount() = 2 
27: Kernel_ProcessorID() = 54 
26: Kernel_ProcessorID() = 52 
27: Kernel_ProcessorCoreID() = 13 
26: Kernel_ProcessorCoreID() = 13 
27: Kernel_ProcessorThreadID() = 2 
26: Kernel_ProcessorThreadID() = 0 
27: Kernel_BlockThreadId() = 54 
26: Kernel_BlockThreadId() = 52 
27: Kernel_MyTcoord() = 27 
26: Kernel_MyTcoord() = 26 
28: Kernel_GetRank() = 28 
29: Kernel_GetRank() = 29 
28: Kernel_ProcessCount() = 32 
29: Kernel_ProcessCount() = 32 
28: Kernel_ProcessorCount() = 2 
29: Kernel_ProcessorCount() = 2 
28: Kernel_ProcessorID() = 56 
29: Kernel_ProcessorID() = 58 
28: Kernel_ProcessorCoreID() = 14 
29: Kernel_ProcessorCoreID() = 14 
28: Kernel_ProcessorThreadID() = 0 
29: Kernel_ProcessorThreadID() = 2 
28: Kernel_BlockThreadId() = 56 
29: Kernel_BlockThreadId() = 58 
28: Kernel_MyTcoord() = 28 
29: Kernel_MyTcoord() = 29 
1: Kernel_GetRank() = 1 
0: Kernel_GetRank() = 0 
1: Kernel_ProcessCount() = 32 
0: Kernel_ProcessCount() = 32 
1: Kernel_ProcessorCount() = 2 
0: Kernel_ProcessorCount() = 2 
1: Kernel_ProcessorID() = 2 
0: Kernel_ProcessorID() = 0 
1: Kernel_ProcessorCoreID() = 0 
0: Kernel_ProcessorCoreID() = 0 
1: Kernel_ProcessorThreadID() = 2 
0: Kernel_ProcessorThreadID() = 0 
1: Kernel_BlockThreadId() = 2 
0: Kernel_BlockThreadId() = 0 
1: Kernel_MyTcoord() = 1 
0: Kernel_MyTcoord() = 0 
3: Kernel_GetRank() = 3 
2: Kernel_GetRank() = 2 
3: Kernel_ProcessCount() = 32 
2: Kernel_ProcessCount() = 32 
3: Kernel_ProcessorCount() = 2 
2: Kernel_ProcessorCount() = 2 
3: Kernel_ProcessorID() = 6 
2: Kernel_ProcessorID() = 4 
3: Kernel_ProcessorCoreID() = 1 
2: Kernel_ProcessorCoreID() = 1 
3: Kernel_ProcessorThreadID() = 2 
2: Kernel_ProcessorThreadID() = 0 
3: Kernel_BlockThreadId() = 6 
2: Kernel_BlockThreadId() = 4 
3: Kernel_MyTcoord() = 3 
2: Kernel_MyTcoord() = 2 
9: Kernel_GetRank() = 9 
8: Kernel_GetRank() = 8 
9: Kernel_ProcessCount() = 32 
8: Kernel_ProcessCount() = 32 
9: Kernel_ProcessorCount() = 2 
8: Kernel_ProcessorCount() = 2 
9: Kernel_ProcessorID() = 18 
8: Kernel_ProcessorID() = 16 
9: Kernel_ProcessorCoreID() = 4 
8: Kernel_ProcessorCoreID() = 4 
9: Kernel_ProcessorThreadID() = 2 
8: Kernel_ProcessorThreadID() = 0 
9: Kernel_BlockThreadId() = 18 
8: Kernel_BlockThreadId() = 16 
9: Kernel_MyTcoord() = 9 
8: Kernel_MyTcoord() = 8 
17: Kernel_GetRank() = 17 
16: Kernel_GetRank() = 16 
17: Kernel_ProcessCount() = 32 
16: Kernel_ProcessCount() = 32 
17: Kernel_ProcessorCount() = 2 
16: Kernel_ProcessorCount() = 2 
17: Kernel_ProcessorID() = 34 
16: Kernel_ProcessorID() = 32 
17: Kernel_ProcessorCoreID() = 8 
16: Kernel_ProcessorCoreID() = 8 
17: Kernel_ProcessorThreadID() = 2 
16: Kernel_ProcessorThreadID() = 0 
17: Kernel_BlockThreadId() = 34 
16: Kernel_BlockThreadId() = 32 
17: Kernel_MyTcoord() = 17 
16: Kernel_MyTcoord() = 16 
30: Kernel_GetRank() = 30 
31: Kernel_GetRank() = 31 
30: Kernel_ProcessCount() = 32 
31: Kernel_ProcessCount() = 32 
30: Kernel_ProcessorCount() = 2 
31: Kernel_ProcessorCount() = 2 
30: Kernel_ProcessorID() = 60 
31: Kernel_ProcessorID() = 62 
30: Kernel_ProcessorCoreID() = 15 
31: Kernel_ProcessorCoreID() = 15 
30: Kernel_ProcessorThreadID() = 0 
31: Kernel_ProcessorThreadID() = 2 
30: Kernel_BlockThreadId() = 60 
31: Kernel_BlockThreadId() = 62 
30: Kernel_MyTcoord() = 30 
31: Kernel_MyTcoord() = 31 
5: Kernel_GetRank() = 5 
4: Kernel_GetRank() = 4 
5: Kernel_ProcessCount() = 32 
4: Kernel_ProcessCount() = 32 
5: Kernel_ProcessorCount() = 2 
4: Kernel_ProcessorCount() = 2 
5: Kernel_ProcessorID() = 10 
4: Kernel_ProcessorID() = 8 
5: Kernel_ProcessorCoreID() = 2 
4: Kernel_ProcessorCoreID() = 2 
5: Kernel_ProcessorThreadID() = 2 
4: Kernel_ProcessorThreadID() = 0 
5: Kernel_BlockThreadId() = 10 
4: Kernel_BlockThreadId() = 8 
5: Kernel_MyTcoord() = 5 
4: Kernel_MyTcoord() = 4 
23: Kernel_GetRank() = 23 
22: Kernel_GetRank() = 22 
23: Kernel_ProcessCount() = 32 
22: Kernel_ProcessCount() = 32 
23: Kernel_ProcessorCount() = 2 
22: Kernel_ProcessorCount() = 2 
23: Kernel_ProcessorID() = 46 
22: Kernel_ProcessorID() = 44 
23: Kernel_ProcessorCoreID() = 11 
22: Kernel_ProcessorCoreID() = 11 
23: Kernel_ProcessorThreadID() = 2 
22: Kernel_ProcessorThreadID() = 0 
23: Kernel_BlockThreadId() = 46 
22: Kernel_BlockThreadId() = 44 
23: Kernel_MyTcoord() = 23 
22: Kernel_MyTcoord() = 22 
25: Kernel_GetRank() = 25 
24: Kernel_GetRank() = 24 
25: Kernel_ProcessCount() = 32 
24: Kernel_ProcessCount() = 32 
25: Kernel_ProcessorCount() = 2 
24: Kernel_ProcessorCount() = 2 
25: Kernel_ProcessorID() = 50 
24: Kernel_ProcessorID() = 48 
25: Kernel_ProcessorCoreID() = 12 
24: Kernel_ProcessorCoreID() = 12 
25: Kernel_ProcessorThreadID() = 2 
24: Kernel_ProcessorThreadID() = 0 
25: Kernel_BlockThreadId() = 50 
24: Kernel_BlockThreadId() = 48 
25: Kernel_MyTcoord() = 25 
24: Kernel_MyTcoord() = 24 
12: Kernel_GetRank() = 12 
13: Kernel_GetRank() = 13 
12: Kernel_ProcessCount() = 32 
13: Kernel_ProcessCount() = 32 
12: Kernel_ProcessorCount() = 2 
13: Kernel_ProcessorCount() = 2 
12: Kernel_ProcessorID() = 24 
13: Kernel_ProcessorID() = 26 
12: Kernel_ProcessorCoreID() = 6 
13: Kernel_ProcessorCoreID() = 6 
12: Kernel_ProcessorThreadID() = 0 
13: Kernel_ProcessorThreadID() = 2 
12: Kernel_BlockThreadId() = 24 
13: Kernel_BlockThreadId() = 26 
12: Kernel_MyTcoord() = 12 
13: Kernel_MyTcoord() = 13 
