Kernel_GetJobID() = 81350 
Kernel_GetJobID() = 81350 
Kernel_GetJobID() = 81350 
Kernel_ProcessCount() = 64 
Kernel_ProcessCount() = 64 
Kernel_GetJobID() = 81350 
Kernel_ProcessorCount() = 1 
Kernel_ProcessCount() = 64 
Kernel_ProcessCount() = 64 
Kernel_ProcessorCount() = 1 
Kernel_ProcessorCount() = 1 
Kernel_ProcessorID() = 48 
Kernel_ProcessorCount() = 1 
Kernel_ProcessorCoreID() = 12 
Kernel_ProcessorID() = 49 
Kernel_ProcessorThreadID() = 0 
Kernel_ProcessorID() = 50 
Kernel_ProcessorCoreID() = 12 
Kernel_BlockThreadId() = 48 
Kernel_ProcessorThreadID() = 1 
Kernel_ProcessorCoreID() = 12 
Kernel_ProcessorID() = 51 
Kernel_ProcessorThreadID() = 2 
Kernel_ProcessorCoreID() = 12 
Kernel_BlockThreadId() = 49 
Kernel_BlockThreadId() = 50 
Kernel_MyTcoord() = 48 
Kernel_MyTcoord() = 50 
Kernel_MyTcoord() = 49 
Kernel_ProcessorThreadID() = 3 
Kernel_GetRank() = 48 
Kernel_GetRank() = 50 
Kernel_GetRank() = 49 
Kernel_BlockThreadId() = 51 
Kernel_GetJobID() = 81350 
Kernel_MyTcoord() = 51 
Kernel_GetJobID() = 81350 
Kernel_GetRank() = 51 
Kernel_GetJobID() = 81350 
Kernel_GetJobID() = 81350 
Kernel_GetJobID() = 81350 
Kernel_GetJobID() = 81350 
Kernel_ProcessCount() = 64 
Kernel_ProcessCount() = 64 
Kernel_ProcessCount() = 64 
Kernel_ProcessCount() = 64 
Kernel_ProcessorCount() = 1 
Kernel_ProcessorCount() = 1 
Kernel_ProcessorID() = 53 
Kernel_ProcessorCount() = 1 
Kernel_ProcessorCount() = 1 
Kernel_ProcessorCoreID() = 13 
Kernel_ProcessorID() = 52 
Kernel_ProcessorThreadID() = 1 
Kernel_ProcessorID() = 55 
Kernel_ProcessorID() = 54 
Kernel_BlockThreadId() = 53 
Kernel_ProcessorCoreID() = 13 
Kernel_ProcessorCoreID() = 13 
Kernel_MyTcoord() = 53 
Kernel_ProcessorThreadID() = 3 
Kernel_ProcessorThreadID() = 2 
Kernel_BlockThreadId() = 55 
Kernel_BlockThreadId() = 54 
Kernel_MyTcoord() = 55 
Kernel_ProcessorCoreID() = 13 
Kernel_GetRank() = 53 
Kernel_ProcessorThreadID() = 0 
Kernel_GetRank() = 55 
Kernel_MyTcoord() = 54 
Kernel_BlockThreadId() = 52 
Kernel_GetRank() = 54 
Kernel_MyTcoord() = 52 
Kernel_GetJobID() = 81350 
Kernel_GetRank() = 52 
Kernel_GetJobID() = 81350 
Kernel_ProcessCount() = 64 
Kernel_GetJobID() = 81350 
Kernel_GetJobID() = 81350 
Kernel_ProcessorCount() = 1 
Kernel_ProcessCount() = 64 
Kernel_ProcessorID() = 9 
Kernel_ProcessCount() = 64 
Kernel_ProcessCount() = 64 
Kernel_ProcessorCount() = 1 
Kernel_ProcessorCount() = 1 
Kernel_ProcessorCount() = 1 
Kernel_ProcessorID() = 11 
Kernel_ProcessorID() = 10 
Kernel_ProcessorCoreID() = 2 
Kernel_ProcessorCoreID() = 2 
Kernel_ProcessorCoreID() = 2 
Kernel_ProcessorThreadID() = 2 
Kernel_ProcessorThreadID() = 1 
Kernel_BlockThreadId() = 10 
Kernel_ProcessorThreadID() = 3 
Kernel_ProcessorID() = 8 
Kernel_BlockThreadId() = 9 
Kernel_MyTcoord() = 10 
Kernel_ProcessorCoreID() = 2 
Kernel_GetRank() = 10 
Kernel_BlockThreadId() = 11 
Kernel_MyTcoord() = 9 
Kernel_ProcessorThreadID() = 0 
Kernel_GetRank() = 9 
Kernel_BlockThreadId() = 8 
Kernel_MyTcoord() = 11 
Kernel_MyTcoord() = 8 
Kernel_GetRank() = 11 
Kernel_GetRank() = 8 
Kernel_GetJobID() = 81350 
Kernel_GetJobID() = 81350 
Kernel_ProcessCount() = 64 
Kernel_GetJobID() = 81350 
Kernel_ProcessCount() = 64 
Kernel_ProcessCount() = 64 
Kernel_ProcessorCount() = 1 
Kernel_ProcessorCount() = 1 
Kernel_ProcessorID() = 23 
Kernel_ProcessorID() = 20 
Kernel_ProcessorCoreID() = 5 
Kernel_GetJobID() = 81350 
Kernel_ProcessorCoreID() = 5 
Kernel_ProcessorCount() = 1 
Kernel_ProcessorThreadID() = 3 
Kernel_ProcessorThreadID() = 0 
Kernel_ProcessCount() = 64 
Kernel_BlockThreadId() = 20 
Kernel_ProcessorID() = 22 
Kernel_ProcessorCount() = 1 
Kernel_MyTcoord() = 20 
Kernel_ProcessorCoreID() = 5 
Kernel_ProcessorID() = 21 
Kernel_ProcessorThreadID() = 2 
Kernel_ProcessorCoreID() = 5 
Kernel_GetRank() = 20 
Kernel_BlockThreadId() = 23 
Kernel_ProcessorThreadID() = 1 
Kernel_BlockThreadId() = 22 
Kernel_MyTcoord() = 23 
Kernel_MyTcoord() = 22 
Kernel_BlockThreadId() = 21 
Kernel_GetRank() = 22 
Kernel_GetRank() = 23 
Kernel_MyTcoord() = 21 
Kernel_GetJobID() = 81350 
Kernel_GetRank() = 21 
Kernel_GetJobID() = 81350 
Kernel_GetJobID() = 81350 
Kernel_GetJobID() = 81350 
Kernel_ProcessCount() = 64 
Kernel_ProcessCount() = 64 
Kernel_GetJobID() = 81350 
Kernel_ProcessorCount() = 1 
Kernel_ProcessorCount() = 1 
Kernel_ProcessCount() = 64 
Kernel_ProcessCount() = 64 
Kernel_ProcessorCount() = 1 
Kernel_ProcessorID() = 19 
Kernel_ProcessorCount() = 1 
Kernel_ProcessorID() = 16 
Kernel_ProcessorID() = 17 
Kernel_ProcessorID() = 18 
Kernel_ProcessorCoreID() = 4 
Kernel_ProcessorCoreID() = 4 
Kernel_ProcessorCoreID() = 4 
Kernel_ProcessorThreadID() = 0 
Kernel_ProcessorThreadID() = 2 
Kernel_ProcessorCoreID() = 4 
Kernel_BlockThreadId() = 18 
Kernel_ProcessorThreadID() = 1 
Kernel_BlockThreadId() = 16 
Kernel_ProcessorThreadID() = 3 
Kernel_MyTcoord() = 18 
Kernel_BlockThreadId() = 19 
Kernel_GetRank() = 18 
Kernel_BlockThreadId() = 17 
Kernel_MyTcoord() = 19 
Kernel_MyTcoord() = 16 
Kernel_MyTcoord() = 17 
Kernel_GetRank() = 19 
Kernel_GetRank() = 17 
Kernel_GetRank() = 16 
Kernel_GetJobID() = 81350 
Kernel_GetJobID() = 81350 
Kernel_ProcessCount() = 64 
Kernel_ProcessCount() = 64 
Kernel_ProcessorCount() = 1 
Kernel_ProcessCount() = 64 
Kernel_GetJobID() = 81350 
Kernel_ProcessorID() = 26 
Kernel_ProcessorCount() = 1 
Kernel_ProcessorCoreID() = 6 
Kernel_ProcessorID() = 27 
Kernel_ProcessorCount() = 1 
Kernel_ProcessCount() = 64 
Kernel_ProcessorID() = 24 
Kernel_ProcessorCoreID() = 6 
Kernel_ProcessorCount() = 1 
Kernel_ProcessorThreadID() = 3 
Kernel_ProcessorCoreID() = 6 
Kernel_BlockThreadId() = 27 
Kernel_ProcessorID() = 25 
Kernel_ProcessorThreadID() = 2 
Kernel_ProcessorCoreID() = 6 
Kernel_MyTcoord() = 27 
Kernel_ProcessorThreadID() = 0 
Kernel_BlockThreadId() = 26 
Kernel_GetRank() = 27 
Kernel_ProcessorThreadID() = 1 
Kernel_BlockThreadId() = 24 
Kernel_MyTcoord() = 26 
Kernel_BlockThreadId() = 25 
Kernel_MyTcoord() = 24 
Kernel_MyTcoord() = 25 
Kernel_GetRank() = 24 
Kernel_GetRank() = 25 
Kernel_GetRank() = 26 
Kernel_GetJobID() = 81350 
Kernel_GetJobID() = 81350 
Kernel_GetJobID() = 81350 
Kernel_ProcessCount() = 64 
Kernel_ProcessCount() = 64 
Kernel_ProcessorCount() = 1 
Kernel_ProcessCount() = 64 
Kernel_ProcessCount() = 64 
Kernel_ProcessorCount() = 1 
Kernel_ProcessorCount() = 1 
Kernel_ProcessorID() = 2 
Kernel_ProcessorID() = 3 
Kernel_ProcessorCoreID() = 0 
Kernel_ProcessorCoreID() = 0 
Kernel_ProcessorThreadID() = 2 
Kernel_ProcessorThreadID() = 3 
Kernel_BlockThreadId() = 2 
Kernel_BlockThreadId() = 3 
Kernel_MyTcoord() = 2 
Kernel_ProcessorID() = 1 
Kernel_GetRank() = 2 
Kernel_MyTcoord() = 3 
Kernel_ProcessorCount() = 1 
Kernel_ProcessorCoreID() = 0 
Kernel_ProcessorID() = 0 
Kernel_GetRank() = 3 
Kernel_ProcessorThreadID() = 1 
Kernel_ProcessorCoreID() = 0 
Kernel_BlockThreadId() = 1 
Kernel_ProcessorThreadID() = 0 
Kernel_MyTcoord() = 1 
Kernel_BlockThreadId() = 0 
Kernel_GetRank() = 1 
Kernel_MyTcoord() = 0 
Kernel_GetJobID() = 81350 
Kernel_GetJobID() = 81350 
Kernel_GetRank() = 0 
Kernel_GetJobID() = 81350 
Kernel_GetJobID() = 81350 
Kernel_GetJobID() = 81350 
Kernel_GetJobID() = 81350 
Kernel_ProcessCount() = 64 
Kernel_ProcessCount() = 64 
Kernel_ProcessorCount() = 1 
Kernel_ProcessorCount() = 1 
Kernel_ProcessorID() = 6 
Kernel_ProcessorID() = 7 
Kernel_ProcessCount() = 64 
Kernel_ProcessCount() = 64 
Kernel_ProcessorCoreID() = 1 
Kernel_ProcessorCount() = 1 
Kernel_ProcessorThreadID() = 2 
Kernel_ProcessorCoreID() = 1 
Kernel_BlockThreadId() = 6 
Kernel_ProcessorID() = 4 
Kernel_ProcessorThreadID() = 3 
Kernel_ProcessorCoreID() = 1 
Kernel_BlockThreadId() = 7 
Kernel_ProcessorThreadID() = 0 
Kernel_ProcessorCount() = 1 
Kernel_BlockThreadId() = 4 
Kernel_MyTcoord() = 7 
Kernel_ProcessorID() = 5 
Kernel_MyTcoord() = 6 
Kernel_MyTcoord() = 4 
Kernel_GetRank() = 7 
Kernel_GetRank() = 6 
Kernel_GetRank() = 4 
Kernel_ProcessorCoreID() = 1 
Kernel_GetJobID() = 81350 
Kernel_ProcessorThreadID() = 1 
Kernel_GetJobID() = 81350 
Kernel_GetJobID() = 81350 
Kernel_GetJobID() = 81350 
Kernel_GetJobID() = 81350 
Kernel_ProcessCount() = 64 
Kernel_ProcessCount() = 64 
Kernel_ProcessCount() = 64 
Kernel_ProcessorCount() = 1 
Kernel_BlockThreadId() = 5 
Kernel_GetJobID() = 81350 
Kernel_ProcessCount() = 64 
Kernel_GetJobID() = 81350 
Kernel_ProcessorCount() = 1 
Kernel_ProcessCount() = 64 
Kernel_ProcessCount() = 64 
Kernel_MyTcoord() = 5 
Kernel_ProcessorCount() = 1 
Kernel_ProcessorID() = 30 
Kernel_ProcessCount() = 64 
Kernel_ProcessorCount() = 1 
Kernel_GetRank() = 5 
Kernel_GetJobID() = 81350 
Kernel_ProcessCount() = 64 
Kernel_ProcessCount() = 64 
Kernel_GetJobID() = 81350 
Kernel_ProcessorCount() = 1 
Kernel_ProcessCount() = 64 
Kernel_ProcessorID() = 38 
Kernel_ProcessorCount() = 1 
Kernel_ProcessCount() = 64 
Kernel_ProcessorID() = 37 
Kernel_ProcessorCount() = 1 
Kernel_ProcessorCount() = 1 
Kernel_ProcessorCoreID() = 9 
Kernel_ProcessorCoreID() = 9 
Kernel_ProcessorID() = 39 
Kernel_ProcessorThreadID() = 1 
Kernel_ProcessorThreadID() = 2 
Kernel_ProcessorCoreID() = 9 
Kernel_BlockThreadId() = 37 
Kernel_BlockThreadId() = 38 
Kernel_ProcessorThreadID() = 3 
Kernel_MyTcoord() = 37 
Kernel_ProcessorID() = 36 
Kernel_BlockThreadId() = 39 
Kernel_ProcessorCoreID() = 9 
Kernel_GetRank() = 37 
Kernel_MyTcoord() = 39 
Kernel_ProcessorThreadID() = 0 
Kernel_GetRank() = 39 
Kernel_BlockThreadId() = 36 
Kernel_MyTcoord() = 38 
Kernel_MyTcoord() = 36 
Kernel_GetRank() = 38 
Kernel_GetRank() = 36 
Kernel_GetJobID() = 81350 
Kernel_GetJobID() = 81350 
Kernel_GetJobID() = 81350 
Kernel_GetJobID() = 81350 
Kernel_ProcessCount() = 64 
Kernel_ProcessCount() = 64 
Kernel_ProcessorCount() = 1 
Kernel_ProcessCount() = 64 
Kernel_ProcessCount() = 64 
Kernel_ProcessorCount() = 1 
Kernel_ProcessorCount() = 1 
Kernel_ProcessorID() = 41 
Kernel_ProcessorCount() = 1 
Kernel_ProcessorID() = 43 
Kernel_ProcessorID() = 42 
Kernel_ProcessorID() = 40 
Kernel_ProcessorCoreID() = 10 
Kernel_ProcessorCoreID() = 10 
Kernel_ProcessorCoreID() = 10 
Kernel_ProcessorCoreID() = 10 
Kernel_ProcessorThreadID() = 3 
Kernel_ProcessorThreadID() = 0 
Kernel_BlockThreadId() = 43 
Kernel_BlockThreadId() = 40 
Kernel_ProcessorThreadID() = 2 
Kernel_MyTcoord() = 40 
Kernel_MyTcoord() = 43 
Kernel_GetRank() = 40 
Kernel_BlockThreadId() = 42 
Kernel_ProcessorThreadID() = 1 
Kernel_GetRank() = 43 
Kernel_BlockThreadId() = 41 
Kernel_MyTcoord() = 42 
Kernel_MyTcoord() = 41 
Kernel_GetRank() = 42 
Kernel_GetRank() = 41 
Kernel_GetJobID() = 81350 
Kernel_GetJobID() = 81350 
Kernel_GetJobID() = 81350 
Kernel_ProcessCount() = 64 
Kernel_ProcessCount() = 64 
Kernel_ProcessCount() = 64 
Kernel_GetJobID() = 81350 
Kernel_ProcessorCount() = 1 
Kernel_ProcessCount() = 64 
Kernel_ProcessorCount() = 1 
Kernel_ProcessorID() = 47 
Kernel_ProcessorID() = 46 
Kernel_ProcessorCoreID() = 11 
Kernel_ProcessorCount() = 1 
Kernel_ProcessorThreadID() = 3 
Kernel_ProcessorCount() = 1 
Kernel_BlockThreadId() = 47 
Kernel_ProcessorID() = 45 
Kernel_ProcessorID() = 44 
Kernel_ProcessorCoreID() = 11 
Kernel_ProcessorCoreID() = 11 
Kernel_ProcessorCoreID() = 11 
Kernel_ProcessorThreadID() = 2 
Kernel_ProcessorThreadID() = 0 
Kernel_BlockThreadId() = 46 
Kernel_BlockThreadId() = 44 
Kernel_MyTcoord() = 47 
Kernel_MyTcoord() = 44 
Kernel_GetRank() = 47 
Kernel_GetRank() = 44 
Kernel_ProcessorThreadID() = 1 
Kernel_MyTcoord() = 46 
Kernel_BlockThreadId() = 45 
Kernel_GetRank() = 46 
Kernel_MyTcoord() = 45 
Kernel_GetJobID() = 81350 
Kernel_ProcessorCount() = 1 
Kernel_ProcessorID() = 59 
Kernel_ProcessorCount() = 1 
Kernel_ProcessCount() = 64 
Kernel_ProcessorCoreID() = 14 
Kernel_ProcessorCount() = 1 
Kernel_ProcessorID() = 56 
Kernel_ProcessorID() = 58 
Kernel_ProcessorCoreID() = 14 
Kernel_ProcessorCoreID() = 14 
Kernel_ProcessorThreadID() = 0 
Kernel_ProcessorThreadID() = 2 
Kernel_BlockThreadId() = 56 
Kernel_BlockThreadId() = 58 
Kernel_ProcessorID() = 57 
Kernel_ProcessorThreadID() = 3 
Kernel_MyTcoord() = 56 
Kernel_ProcessorCoreID() = 14 
Kernel_GetRank() = 45 
Kernel_ProcessorID() = 29 
Kernel_ProcessorCount() = 1 
Kernel_ProcessorID() = 31 
Kernel_ProcessorID() = 28 
Kernel_ProcessorCoreID() = 7 
Kernel_ProcessorCoreID() = 7 
Kernel_ProcessorThreadID() = 3 
Kernel_ProcessorThreadID() = 1 
Kernel_BlockThreadId() = 31 
Kernel_BlockThreadId() = 29 
Kernel_ProcessorCoreID() = 7 
Kernel_MyTcoord() = 29 
Kernel_ProcessorCoreID() = 7 
Kernel_GetRank() = 29 
Kernel_MyTcoord() = 31 
Kernel_ProcessorThreadID() = 2 
Kernel_GetRank() = 31 
Kernel_BlockThreadId() = 30 
Kernel_ProcessorThreadID() = 0 
Kernel_MyTcoord() = 30 
Kernel_BlockThreadId() = 28 
Kernel_GetRank() = 30 
Kernel_MyTcoord() = 28 
Kernel_GetJobID() = 81350 
Kernel_GetJobID() = 81350 
Kernel_GetJobID() = 81350 
Kernel_ProcessCount() = 64 
Kernel_ProcessCount() = 64 
Kernel_ProcessorCount() = 1 
Kernel_ProcessCount() = 64 
Kernel_GetRank() = 28 
Kernel_GetRank() = 56 
Kernel_BlockThreadId() = 59 
Kernel_ProcessorThreadID() = 1 
Kernel_MyTcoord() = 59 
Kernel_MyTcoord() = 58 
Kernel_BlockThreadId() = 57 
Kernel_GetRank() = 58 
Kernel_MyTcoord() = 57 
Kernel_GetRank() = 59 
Kernel_GetRank() = 57 
Kernel_GetJobID() = 81350 
Kernel_GetJobID() = 81350 
Kernel_GetJobID() = 81350 
Kernel_ProcessCount() = 64 
Kernel_ProcessCount() = 64 
Kernel_ProcessorCount() = 1 
Kernel_GetJobID() = 81350 
Kernel_ProcessorID() = 62 
Kernel_ProcessCount() = 64 
Kernel_ProcessCount() = 64 
Kernel_ProcessorCount() = 1 
Kernel_ProcessorCoreID() = 15 
Kernel_ProcessorID() = 61 
Kernel_ProcessorThreadID() = 2 
Kernel_ProcessorCount() = 1 
Kernel_BlockThreadId() = 62 
Kernel_ProcessorCoreID() = 15 
Kernel_ProcessorCount() = 1 
Kernel_MyTcoord() = 62 
Kernel_ProcessorID() = 60 
Kernel_ProcessorID() = 63 
Kernel_GetRank() = 62 
Kernel_ProcessorThreadID() = 1 
Kernel_ProcessorCoreID() = 15 
Kernel_BlockThreadId() = 61 
Kernel_ProcessorThreadID() = 0 
Kernel_MyTcoord() = 61 
Kernel_BlockThreadId() = 60 
Kernel_ProcessorCoreID() = 15 
Kernel_MyTcoord() = 60 
Kernel_GetRank() = 61 
Kernel_GetRank() = 60 
Kernel_ProcessorThreadID() = 3 
Kernel_ProcessCount() = 64 
Kernel_GetJobID() = 81350 
Kernel_BlockThreadId() = 63 
Kernel_ProcessorID() = 33 
Kernel_ProcessorCount() = 1 
Kernel_ProcessorCount() = 1 
Kernel_ProcessorID() = 34 
Kernel_GetJobID() = 81350 
Kernel_ProcessorID() = 35 
Kernel_ProcessCount() = 64 
Kernel_ProcessorCoreID() = 8 
Kernel_ProcessorCount() = 1 
Kernel_ProcessorCoreID() = 8 
Kernel_ProcessorID() = 32 
Kernel_ProcessorThreadID() = 1 
Kernel_ProcessorThreadID() = 3 
Kernel_ProcessorCoreID() = 8 
Kernel_BlockThreadId() = 35 
Kernel_ProcessorCoreID() = 8 
Kernel_BlockThreadId() = 33 
Kernel_ProcessorThreadID() = 2 
Kernel_MyTcoord() = 33 
Kernel_BlockThreadId() = 34 
Kernel_ProcessorThreadID() = 0 
Kernel_GetRank() = 33 
Kernel_MyTcoord() = 35 
Kernel_BlockThreadId() = 32 
Kernel_GetRank() = 35 
Kernel_MyTcoord() = 34 
Kernel_MyTcoord() = 32 
Kernel_GetRank() = 34 
Kernel_GetRank() = 32 
Kernel_MyTcoord() = 63 
Kernel_GetJobID() = 81350 
Kernel_ProcessCount() = 64 
Kernel_GetRank() = 63 
Kernel_ProcessorCount() = 1 
Kernel_GetJobID() = 81350 
Kernel_ProcessCount() = 64 
Kernel_ProcessorCount() = 1 
Kernel_ProcessorCount() = 1 
Kernel_ProcessCount() = 64 
Kernel_ProcessorID() = 12 
Kernel_ProcessorCount() = 1 
Kernel_ProcessorCoreID() = 3 
Kernel_ProcessorID() = 14 
Kernel_ProcessorID() = 15 
Kernel_ProcessorThreadID() = 0 
Kernel_ProcessorCoreID() = 3 
Kernel_BlockThreadId() = 12 
Kernel_ProcessorCoreID() = 3 
Kernel_ProcessorThreadID() = 3 
Kernel_ProcessorThreadID() = 2 
Kernel_BlockThreadId() = 15 
Kernel_ProcessorID() = 13 
Kernel_MyTcoord() = 12 
Kernel_ProcessorCoreID() = 3 
Kernel_GetRank() = 12 
Kernel_MyTcoord() = 15 
Kernel_BlockThreadId() = 14 
Kernel_ProcessorThreadID() = 1 
Kernel_MyTcoord() = 14 
Kernel_GetRank() = 15 
Kernel_BlockThreadId() = 13 
Kernel_GetRank() = 14 
Kernel_MyTcoord() = 13 
Kernel_GetRank() = 13 
