# starting test: OpenMP ON with 32 threads... 
# sN[S/L] = stride-N [store/load] 
# pur  = pragma unroll 
# mur  = manual unroll 
# murv = manual unroll and vectorize 
# timing in cycles (ratio relative to memcpy) 
 # n   memcpy        loop copy      basic + s1S      basic + s1L    pur 4x4 + s1L    mur 4x4 + s1L   murv 4x4 + s1L 
   2      128    13744 (107.4)    13789 (107.7)    13743 (107.4)    13699 (107.0)    23859 (186.4)    24082 (188.1) 
   3      100    14668 (146.7)    14980 (149.8)    14872 (148.7)    14579 (145.8)    25576 (255.8)    25507 (255.1) 
   4      100    14675 (146.8)    14955 (149.6)    14854 (148.5)    14502 (145.0)    24856 (248.6)    24825 (248.2) 
   5      116    14715 (126.9)    15010 (129.4)    15020 (129.5)    14699 (126.7)    25492 (219.8)    25286 (218.0) 
   6      135    15545 (115.1)    15839 (117.3)    15793 (117.0)    15507 (114.9)    25846 (191.5)    25795 (191.1) 
   7      148    14790 ( 99.9)    15047 (101.7)    15027 (101.5)    14759 ( 99.7)    25563 (172.7)    25574 (172.8) 
   8      148    15729 (106.3)    15958 (107.8)    15917 (107.5)    15624 (105.6)    24849 (167.9)    24812 (167.6) 
   9      184    15861 ( 86.2)    16181 ( 87.9)    16113 ( 87.6)    15847 ( 86.1)    26041 (141.5)    25778 (140.1) 
  10      192    15587 ( 81.2)    15896 ( 82.8)    15800 ( 82.3)    15494 ( 80.7)    25946 (135.1)    25947 (135.1) 
  11      227    16557 ( 72.9)    16855 ( 74.3)    16632 ( 73.3)    16324 ( 71.9)    26413 (116.4)    26628 (117.3) 
  12      331    16439 ( 49.7)    16713 ( 50.5)    16695 ( 50.4)    16420 ( 49.6)    24846 ( 75.1)    24730 ( 74.7) 
  13      357    17384 ( 48.7)    17725 ( 49.6)    17534 ( 49.1)    17197 ( 48.2)    25674 ( 71.9)    25671 ( 71.9) 
  14      364    18159 ( 49.9)    18433 ( 50.6)    18307 ( 50.3)    17999 ( 49.4)    25712 ( 70.6)    25924 ( 71.2) 
  15      377    18759 ( 49.8)    19123 ( 50.7)    18920 ( 50.2)    18597 ( 49.3)    27114 ( 71.9)    27545 ( 73.1) 
  16      309    18827 ( 60.9)    19095 ( 61.8)    19103 ( 61.8)    18808 ( 60.9)    24721 ( 80.0)    24699 ( 79.9) 
  17      392    19513 ( 49.8)    19829 ( 50.6)    20085 ( 51.2)    19604 ( 50.0)    25387 ( 64.8)    25412 ( 64.8) 
  18      408    20400 ( 50.0)    20660 ( 50.6)    21106 ( 51.7)    20815 ( 51.0)    26465 ( 64.9)    26841 ( 65.8) 
  19      430    20374 ( 47.4)    20638 ( 48.0)    21347 ( 49.6)    21038 ( 48.9)    26220 ( 61.0)    26909 ( 62.6) 
  20      415    20889 ( 50.3)    21171 ( 51.0)    21828 ( 52.6)    21776 ( 52.5)    24934 ( 60.1)    24872 ( 59.9) 
  21      465    22290 ( 47.9)    22798 ( 49.0)    23571 ( 50.7)    23385 ( 50.3)    26157 ( 56.3)    26091 ( 56.1) 
  22      465    22989 ( 49.4)    23376 ( 50.3)    24326 ( 52.3)    24018 ( 51.7)    26663 ( 57.3)    27206 ( 58.5) 
  23      478    23379 ( 48.9)    24215 ( 50.7)    24850 ( 52.0)    24578 ( 51.4)    27097 ( 56.7)    27988 ( 58.6) 
  24      454    24367 ( 53.7)    25020 ( 55.1)    25323 ( 55.8)    25076 ( 55.2)    24853 ( 54.7)    24792 ( 54.6) 
  25      538    24814 ( 46.1)    25977 ( 48.3)    25935 ( 48.2)    25882 ( 48.1)    26020 ( 48.4)    26042 ( 48.4) 
  26      515    25159 ( 48.9)    26716 ( 51.9)    26854 ( 52.1)    26357 ( 51.2)    26712 ( 51.9)    27375 ( 53.2) 
  27      568    27210 ( 47.9)    27600 ( 48.6)    28348 ( 49.9)    28113 ( 49.5)    27841 ( 49.0)    29238 ( 51.5) 
  28      547    27693 ( 50.6)    29286 ( 53.5)    29308 ( 53.6)    28887 ( 52.8)    24931 ( 45.6)    24862 ( 45.5) 
  29      592    29021 ( 49.0)    30369 ( 51.3)    30281 ( 51.2)    29716 ( 50.2)    25905 ( 43.8)    26238 ( 44.3) 
  30      573    29471 ( 51.4)    30884 ( 53.9)    30541 ( 53.3)    30153 ( 52.6)    27145 ( 47.4)    27900 ( 48.7) 
  31      629    30702 ( 48.8)    32405 ( 51.5)    31585 ( 50.2)    31305 ( 49.8)    27050 ( 43.0)    28476 ( 45.3) 
  32      446    31919 ( 71.6)    36131 ( 81.0)    32852 ( 73.7)    32548 ( 73.0)    25138 ( 56.4)    24986 ( 56.0) 
  33      537    33034 ( 61.5)    35648 ( 66.4)    33369 ( 62.1)    33044 ( 61.5)    26655 ( 49.6)    27001 ( 50.3) 
  34      650    33943 ( 52.2)    37652 ( 57.9)    33606 ( 51.7)    33274 ( 51.2)    26336 ( 40.5)    27386 ( 42.1) 
  35      707    35164 ( 49.7)    38656 ( 54.7)    35325 ( 50.0)    35038 ( 49.6)    28604 ( 40.5)    30217 ( 42.7) 
  36      707    36393 ( 51.5)    41382 ( 58.5)    36077 ( 51.0)    35965 ( 50.9)    25672 ( 36.3)    25531 ( 36.1) 
  37      773    36829 ( 47.6)    43159 ( 55.8)    37343 ( 48.3)    37117 ( 48.0)    26076 ( 33.7)    26406 ( 34.2) 
  38      761    37794 ( 49.7)    44166 ( 58.0)    37877 ( 49.8)    37761 ( 49.6)    26565 ( 34.9)    27751 ( 36.5) 
  39      823    38703 ( 47.0)    46202 ( 56.1)    39464 ( 48.0)    39191 ( 47.6)    28553 ( 34.7)    30332 ( 36.9) 
  40      579    39795 ( 68.7)    50044 ( 86.4)    40279 ( 69.6)    39955 ( 69.0)    25384 ( 43.8)    25342 ( 43.8) 
  41      744    40816 ( 54.9)    49554 ( 66.6)    41614 ( 55.9)    41304 ( 55.5)    26606 ( 35.8)    27068 ( 36.4) 
  42      774    41942 ( 54.2)    50857 ( 65.7)    42557 ( 55.0)    42271 ( 54.6)    28192 ( 36.4)    29404 ( 38.0) 
  43      819    42991 ( 52.5)    54859 ( 67.0)    43634 ( 53.3)    43297 ( 52.9)    28687 ( 35.0)    30882 ( 37.7) 
  44      815    44574 ( 54.7)    56832 ( 69.7)    45148 ( 55.4)    44836 ( 55.0)    25077 ( 30.8)    25041 ( 30.7) 
  45      877    45537 ( 51.9)    56555 ( 64.5)    46033 ( 52.5)    45764 ( 52.2)    26633 ( 30.4)    27144 ( 31.0) 
  46      663    46810 ( 70.6)    59994 ( 90.5)    47237 ( 71.2)    46933 ( 70.8)    27664 ( 41.7)    29184 ( 44.0) 
  47      818    47932 ( 58.6)    62071 ( 75.9)    48402 ( 59.2)    48148 ( 58.9)    28827 ( 35.2)    31012 ( 37.9) 
  48      773    49167 ( 63.6)    65037 ( 84.1)    49547 ( 64.1)    49253 ( 63.7)    25075 ( 32.4)    25039 ( 32.4) 
  49      888    50317 ( 56.7)    66505 ( 74.9)    50708 ( 57.1)    50408 ( 56.8)    26454 ( 29.8)    27065 ( 30.5) 
  50      908    51537 ( 56.8)    68901 ( 75.9)    51937 ( 57.2)    51634 ( 56.9)    27429 ( 30.2)    28988 ( 31.9) 
  51      711    52762 ( 74.2)    73520 (103.4)    53155 ( 74.8)    52905 ( 74.4)    28978 ( 40.8)    31542 ( 44.4) 
  52      850    54101 ( 63.6)    73679 ( 86.7)    54563 ( 64.2)    54252 ( 63.8)    25368 ( 29.8)    25329 ( 29.8) 
  53      926    55430 ( 59.9)    74811 ( 80.8)    55853 ( 60.3)    55534 ( 60.0)    26971 ( 29.1)    27683 ( 29.9) 
  54      940    56798 ( 60.4)    77498 ( 82.4)    57175 ( 60.8)    56858 ( 60.5)    28268 ( 30.1)    30083 ( 32.0) 
  55     1004    58059 ( 57.8)    77667 ( 77.4)    58451 ( 58.2)    58135 ( 57.9)    28963 ( 28.8)    31983 ( 31.9) 
  56      761    59391 ( 78.0)    80609 (105.9)    59816 ( 78.6)    59518 ( 78.2)    25661 ( 33.7)    25533 ( 33.6) 
  57      948    60267 ( 63.6)    96513 (101.8)    60437 ( 63.8)    60397 ( 63.7)    25998 ( 27.4)    26840 ( 28.3) 
  58      967    61444 ( 63.5)    86143 ( 89.1)    61661 ( 63.8)    61638 ( 63.7)    27001 ( 27.9)    29259 ( 30.3) 
  59     1018    62958 ( 61.8)    88927 ( 87.4)    63096 ( 62.0)    63078 ( 62.0)    27602 ( 27.1)    30970 ( 30.4) 
  60      774    64441 ( 83.3)    89293 (115.4)    64542 ( 83.4)    64508 ( 83.3)    23904 ( 30.9)    24143 ( 31.2) 
  61      969    65878 ( 68.0)    91216 ( 94.1)    66059 ( 68.2)    66033 ( 68.1)    26213 ( 27.1)    27405 ( 28.3) 
  62     1000    67612 ( 67.6)    94861 ( 94.9)    67692 ( 67.7)    67687 ( 67.7)    26877 ( 26.9)    29302 ( 29.3) 
  63     1050    69022 ( 65.7)    95363 ( 90.8)    69247 ( 65.9)    69225 ( 65.9)    29127 ( 27.7)    32857 ( 31.3) 
  64     1040    70455 ( 67.7)   357512 (343.8)    70715 ( 68.0)    70698 ( 68.0)    24047 ( 23.1)    24284 ( 23.4) 
  65     1026    72161 ( 70.3)    99800 ( 97.3)    72289 ( 70.5)    72269 ( 70.4)    25617 ( 25.0)    26946 ( 26.3) 
  66     1060    73739 ( 69.6)   105472 ( 99.5)    73898 ( 69.7)    73880 ( 69.7)    27735 ( 26.2)    30271 ( 28.6) 
  67     1112    75368 ( 67.8)   107721 ( 96.9)    75521 ( 67.9)    75504 ( 67.9)    28814 ( 25.9)    32584 ( 29.3) 
  68      906    77066 ( 85.1)   109618 (121.0)    77173 ( 85.2)    77140 ( 85.1)    23961 ( 26.4)    24194 ( 26.7) 
  69     1124    78799 ( 70.1)   110705 ( 98.5)    79034 ( 70.3)    79009 ( 70.3)    25917 ( 23.1)    27212 ( 24.2) 
  70     1170    80450 ( 68.8)   123772 (105.8)    80619 ( 68.9)    80590 ( 68.9)    27531 ( 23.5)    30187 ( 25.8) 
  71     1230    82348 ( 66.9)   115727 ( 94.1)    82455 ( 67.0)    82440 ( 67.0)    29322 ( 23.8)    33294 ( 27.1) 
  72     1009    83803 ( 83.1)   119433 (118.4)    83983 ( 83.2)    83956 ( 83.2)    24221 ( 24.0)    24392 ( 24.2) 
  73     1218    86458 ( 71.0)   127944 (105.0)    86620 ( 71.1)    86644 ( 71.1)    26461 ( 21.7)    27805 ( 22.8) 
  74     1251    88266 ( 70.6)   128030 (102.3)    88383 ( 70.6)    88404 ( 70.7)    28607 ( 22.9)    31345 ( 25.1) 
  75     1334    90126 ( 67.6)   130415 ( 97.8)    90228 ( 67.6)    90238 ( 67.6)    30467 ( 22.8)    34732 ( 26.0) 
  76     1226    91941 ( 75.0)   133427 (108.8)    92039 ( 75.1)    92063 ( 75.1)    24860 ( 20.3)    24940 ( 20.3) 
  77     1296    93774 ( 72.4)   144293 (111.3)    93969 ( 72.5)    93978 ( 72.5)    27190 ( 21.0)    28583 ( 22.1) 
  78     1344    95798 ( 71.3)   140218 (104.3)    95907 ( 71.4)    95929 ( 71.4)    28678 ( 21.3)    31675 ( 23.6) 
  79     1192    97659 ( 81.9)   143511 (120.4)    97786 ( 82.0)    97799 ( 82.0)    30861 ( 25.9)    35334 ( 29.6) 
  80     1280    99648 ( 77.9)   143662 (112.2)    99754 ( 77.9)    99782 ( 78.0)    24848 ( 19.4)    24932 ( 19.5) 
  81     1393   101637 ( 73.0)   148003 (106.2)   101716 ( 73.0)   101748 ( 73.0)    26349 ( 18.9)    27858 ( 20.0) 
  82     1215   103630 ( 85.3)   152556 (125.6)   103726 ( 85.4)   103747 ( 85.4)    28995 ( 23.9)    32146 ( 26.5) 
  83     1435   105628 ( 73.6)   154926 (108.0)   105762 ( 73.7)   105779 ( 73.7)    31074 ( 21.7)    35946 ( 25.0) 
  84     1436   107647 ( 75.0)   157734 (109.8)   107820 ( 75.1)   107834 ( 75.1)    24864 ( 17.3)    24939 ( 17.4) 
  85     1288   109677 ( 85.2)   166396 (129.2)   109894 ( 85.3)   109911 ( 85.3)    27225 ( 21.1)    28794 ( 22.4) 
  86     1489   111849 ( 75.1)   170058 (114.2)   112059 ( 75.3)   112058 ( 75.3)    29109 ( 19.5)    32330 ( 21.7) 
  87     1513   114019 ( 75.4)   167971 (111.0)   114106 ( 75.4)   114133 ( 75.4)    31610 ( 20.9)    36592 ( 24.2) 
  88     1349   116131 ( 86.1)   168782 (125.1)   116224 ( 86.2)   116232 ( 86.2)    24846 ( 18.4)    24939 ( 18.5) 
  89     1576   118268 ( 75.0)   175905 (111.6)   118426 ( 75.1)   118449 ( 75.2)    27655 ( 17.5)    29380 ( 18.6) 
  90     1584   120529 ( 76.1)   178531 (112.7)   120671 ( 76.2)   120698 ( 76.2)    28870 ( 18.2)    32292 ( 20.4) 
  91     1441   122701 ( 85.1)   180998 (125.6)   122816 ( 85.2)   122825 ( 85.2)    31838 ( 22.1)    36931 ( 25.6) 
  92     1599   124965 ( 78.2)   184431 (115.3)   125099 ( 78.2)   125122 ( 78.3)    24868 ( 15.6)    24942 ( 15.6) 
  93     1689   127159 ( 75.3)   192729 (114.1)   127370 ( 75.4)   127394 ( 75.4)    26760 ( 15.8)    28486 ( 16.9) 
  94     1603   129566 ( 80.8)   193528 (120.7)   129670 ( 80.9)   129687 ( 80.9)    28949 ( 18.1)    32512 ( 20.3) 
  95     1702   131862 ( 77.5)   196852 (115.7)   131972 ( 77.5)   131994 ( 77.6)    31818 ( 18.7)    37205 ( 21.9) 
  96     1681   134187 ( 79.8)   780043 (464.0)   134330 ( 79.9)   134361 ( 79.9)    24847 ( 14.8)    24933 ( 14.8) 
  97     1719   136553 ( 79.4)   202865 (118.0)   136720 ( 79.5)   136746 ( 79.5)    27289 ( 15.9)    29056 ( 16.9) 
  98     1748   138923 ( 79.5)   208709 (119.4)   139128 ( 79.6)   139151 ( 79.6)    29629 ( 17.0)    33554 ( 19.2) 
  99     1634   141286 ( 86.5)   212958 (130.3)   141497 ( 86.6)   141512 ( 86.6)    32075 ( 19.6)    37722 ( 23.1) 
 100     1802   143806 ( 79.8)   214339 (118.9)   143938 ( 79.9)   143966 ( 79.9)    24866 ( 13.8)    24938 ( 13.8) 
 101     2209    40493 ( 18.3)    53545 ( 24.2)    40984 ( 18.6)    41079 ( 18.6)    44659 ( 20.2)    46655 ( 21.1) 
 102     2046    40429 ( 19.8)    52384 ( 25.6)    40650 ( 19.9)    40795 ( 19.9)    48855 ( 23.9)    52745 ( 25.8) 
 103     2172    41078 ( 18.9)    53888 ( 24.8)    41282 ( 19.0)    41279 ( 19.0)    51817 ( 23.9)    57145 ( 26.3) 
 104     1956    41181 ( 21.1)    49933 ( 25.5)    41065 ( 21.0)    41166 ( 21.0)    42646 ( 21.8)    42522 ( 21.7) 
 105     2179    41220 ( 18.9)    54286 ( 24.9)    41641 ( 19.1)    41583 ( 19.1)    44606 ( 20.5)    46609 ( 21.4) 
 106     2274    40859 ( 18.0)    53462 ( 23.5)    41281 ( 18.2)    41248 ( 18.1)    48299 ( 21.2)    53094 ( 23.3) 
 107     2268    40704 ( 17.9)    54140 ( 23.9)    40802 ( 18.0)    41007 ( 18.1)    51769 ( 22.8)    57622 ( 25.4) 
 108     2352    41110 ( 17.5)    50903 ( 21.6)    41032 ( 17.4)    41746 ( 17.7)    42765 ( 18.2)    42509 ( 18.1) 
 109     2167    41502 ( 19.2)    54895 ( 25.3)    41803 ( 19.3)    41678 ( 19.2)    45289 ( 20.9)    47256 ( 21.8) 
 110     2343    41872 ( 17.9)    53923 ( 23.0)    41734 ( 17.8)    41643 ( 17.8)    48808 ( 20.8)    53140 ( 22.7) 
 111     2159    41854 ( 19.4)    55533 ( 25.7)    42175 ( 19.5)    42095 ( 19.5)    52989 ( 24.5)    58981 ( 27.3) 
 112     2322    41218 ( 17.8)    68371 ( 29.4)    41073 ( 17.7)    41160 ( 17.7)    42696 ( 18.4)    42499 ( 18.3) 
 113     2494    41904 ( 16.8)    55877 ( 22.4)    42245 ( 16.9)    42062 ( 16.9)    46087 ( 18.5)    48461 ( 19.4) 
 114     2462    42057 ( 17.1)    54474 ( 22.1)    42374 ( 17.2)    42172 ( 17.1)    49090 ( 19.9)    53058 ( 21.6) 
 115     2684    42339 ( 15.8)    56311 ( 21.0)    42516 ( 15.8)    42547 ( 15.9)    51855 ( 19.3)    58729 ( 21.9) 
 116     2490    41739 ( 16.8)    51796 ( 20.8)    41818 ( 16.8)    41782 ( 16.8)    42749 ( 17.2)    42393 ( 17.0) 
 117     2787    42233 ( 15.2)    56965 ( 20.4)    42323 ( 15.2)    42441 ( 15.2)    46416 ( 16.7)    48484 ( 17.4) 
 118     2721    42161 ( 15.5)    56364 ( 20.7)    42563 ( 15.6)    42494 ( 15.6)    48845 ( 18.0)    53480 ( 19.7) 
 119     2810    42020 ( 15.0)    57846 ( 20.6)    42127 ( 15.0)    42311 ( 15.1)    52376 ( 18.6)    59381 ( 21.1) 
 120     2729    41969 ( 15.4)    52602 ( 19.3)    42521 ( 15.6)    42534 ( 15.6)    42773 ( 15.7)    42642 ( 15.6) 
 121     3129    42961 ( 13.7)    58138 ( 18.6)    43061 ( 13.8)    43170 ( 13.8)    46534 ( 14.9)    48752 ( 15.6) 
 122     3030    42847 ( 14.1)    56370 ( 18.6)    42965 ( 14.2)    43106 ( 14.2)    49812 ( 16.4)    54688 ( 18.0) 
 123     3272    42530 ( 13.0)    58362 ( 17.8)    42924 ( 13.1)    43082 ( 13.2)    52666 ( 16.1)    60057 ( 18.4) 
 124     3204    42837 ( 13.4)    53424 ( 16.7)    43044 ( 13.4)    42952 ( 13.4)    42750 ( 13.3)    42580 ( 13.3) 
 125     3204    43280 ( 13.5)    59024 ( 18.4)    43723 ( 13.6)    43398 ( 13.5)    46939 ( 14.7)    48926 ( 15.3) 
 126     3252    42973 ( 13.2)    57085 ( 17.6)    42943 ( 13.2)    43035 ( 13.2)    49665 ( 15.3)    54365 ( 16.7) 
 127     3739    42969 ( 11.5)    58556 ( 15.7)    43303 ( 11.6)    43554 ( 11.6)    54107 ( 14.5)    60861 ( 16.3) 
 128     3581    43059 ( 12.0)    75358 ( 21.0)    43333 ( 12.1)    43257 ( 12.1)    42711 ( 11.9)    42475 ( 11.9) 
 129     4154    45531 ( 11.0)    64029 ( 15.4)    45433 ( 10.9)    45575 ( 11.0)    45597 ( 11.0)    48010 ( 11.6) 
 130     3541    45461 ( 12.8)    64709 ( 18.3)    45997 ( 13.0)    46304 ( 13.1)    50141 ( 14.2)    55143 ( 15.6) 
 131     3988    45967 ( 11.5)    66815 ( 16.8)    46194 ( 11.6)    45901 ( 11.5)    53253 ( 13.4)    61266 ( 15.4) 
 132     3632    45803 ( 12.6)    65123 ( 17.9)    46411 ( 12.8)    46551 ( 12.8)    42794 ( 11.8)    42643 ( 11.7) 
 133     3865    46161 ( 11.9)    66880 ( 17.3)    46116 ( 11.9)    46290 ( 12.0)    47043 ( 12.2)    49463 ( 12.8) 
 134     3502    46125 ( 13.2)    67241 ( 19.2)    46569 ( 13.3)    46730 ( 13.3)    50338 ( 14.4)    55468 ( 15.8) 
 135     4163    46237 ( 11.1)    62404 ( 15.0)    46618 ( 11.2)    46691 ( 11.2)    54114 ( 13.0)    61995 ( 14.9) 
 136     3718    46264 ( 12.4)    66613 ( 17.9)    46600 ( 12.5)    46669 ( 12.6)    42694 ( 11.5)    42568 ( 11.4) 
 137     4242    46000 ( 10.8)    68545 ( 16.2)    46471 ( 11.0)    46445 ( 10.9)    47090 ( 11.1)    49596 ( 11.7) 
 138     3815    46665 ( 12.2)    59073 ( 15.5)    46856 ( 12.3)    46925 ( 12.3)    50348 ( 13.2)    55489 ( 14.5) 
 139     4355    46881 ( 10.8)    68530 ( 15.7)    46915 ( 10.8)    46903 ( 10.8)    54454 ( 12.5)    61995 ( 14.2) 
 140     4257    46659 ( 11.0)    67731 ( 15.9)    47030 ( 11.0)    46758 ( 11.0)    42779 ( 10.0)    42656 ( 10.0) 
 141     4471    46796 ( 10.5)    62354 ( 13.9)    47345 ( 10.6)    47331 ( 10.6)    46356 ( 10.4)    49755 ( 11.1) 
 142     4339    47084 ( 10.9)    72150 ( 16.6)    47175 ( 10.9)    47328 ( 10.9)    50678 ( 11.7)    56515 ( 13.0) 
 143     4560    46946 ( 10.3)    64491 ( 14.1)    47157 ( 10.3)    47125 ( 10.3)    54702 ( 12.0)    62317 ( 13.7) 
 144     4382    47612 ( 10.9)    94832 ( 21.6)    47673 ( 10.9)    47513 ( 10.8)    42711 (  9.7)    42549 (  9.7) 
 145     4108    47372 ( 11.5)    76814 ( 18.7)    47729 ( 11.6)    47592 ( 11.6)    46691 ( 11.4)    49245 ( 12.0) 
 146     4601    47687 ( 10.4)    77504 ( 16.8)    47626 ( 10.4)    47586 ( 10.3)    50460 ( 11.0)    56206 ( 12.2) 
 147     4236    47502 ( 11.2)    71995 ( 17.0)    47773 ( 11.3)    47841 ( 11.3)    55363 ( 13.1)    63677 ( 15.0) 
 148     4761    47832 ( 10.0)    74037 ( 15.6)    48005 ( 10.1)    48129 ( 10.1)    42781 (  9.0)    42574 (  8.9) 
 149     4717    47400 ( 10.0)    76455 ( 16.2)    47884 ( 10.2)    47822 ( 10.1)    46213 (  9.8)    49094 ( 10.4) 
 150     4879    47576 (  9.8)    79827 ( 16.4)    47942 (  9.8)    48063 (  9.9)    51105 ( 10.5)    56760 ( 11.6) 
 151     4851    47377 (  9.8)    76314 ( 15.7)    47926 (  9.9)    47910 (  9.9)    55624 ( 11.5)    63889 ( 13.2) 
 152     4436    47980 ( 10.8)    89018 ( 20.1)    48226 ( 10.9)    48083 ( 10.8)    42712 (  9.6)    42539 (  9.6) 
 153     4984    47886 (  9.6)    78796 ( 15.8)    48316 (  9.7)    48036 (  9.6)    47266 (  9.5)    50403 ( 10.1) 
 154     4911    48467 (  9.9)    93020 ( 18.9)    48525 (  9.9)    48831 (  9.9)    51491 ( 10.5)    56864 ( 11.6) 
 155     5134    47953 (  9.3)    96869 ( 18.9)    48417 (  9.4)    48557 (  9.5)    55226 ( 10.8)    64097 ( 12.5) 
 156     5077    48359 (  9.5)    84834 ( 16.7)    48733 (  9.6)    48905 (  9.6)    42658 (  8.4)    42548 (  8.4) 
 157     4696    48455 ( 10.3)    82534 ( 17.6)    48799 ( 10.4)    48690 ( 10.4)    47436 ( 10.1)    50381 ( 10.7) 
 158     5215    48948 (  9.4)    96893 ( 18.6)    49233 (  9.4)    49000 (  9.4)    52040 ( 10.0)    57715 ( 11.1) 
 159     5153    48389 (  9.4)    98273 ( 19.1)    48681 (  9.4)    48723 (  9.5)    56424 ( 10.9)    65104 ( 12.6) 
 160     5272    48767 (  9.3)   101482 ( 19.2)    49052 (  9.3)    49065 (  9.3)    42704 (  8.1)    42531 (  8.1) 
 161     5336    51905 (  9.7)   112842 ( 21.1)    52245 (  9.8)    52103 (  9.8)    46258 (  8.7)    49287 (  9.2) 
 162     5276    51941 (  9.8)   109939 ( 20.8)    52491 (  9.9)    52547 ( 10.0)    51415 (  9.7)    57974 ( 11.0) 
 163     5506    51640 (  9.4)   110873 ( 20.1)    52075 (  9.5)    52090 (  9.5)    55751 ( 10.1)    65565 ( 11.9) 
 164     5481    51935 (  9.5)   113709 ( 20.7)    52387 (  9.6)    52519 (  9.6)    42793 (  7.8)    42537 (  7.8) 
 165     5103    52438 ( 10.3)   105905 ( 20.8)    52966 ( 10.4)    53017 ( 10.4)    46787 (  9.2)    50693 (  9.9) 
 166     5653    52424 (  9.3)   114877 ( 20.3)    52815 (  9.3)    52779 (  9.3)    51155 (  9.0)    57963 ( 10.3) 
 167     5597    52231 (  9.3)   113078 ( 20.2)    52823 (  9.4)    52864 (  9.4)    56485 ( 10.1)    66310 ( 11.8) 
 168     5255    52179 (  9.9)   116773 ( 22.2)    52614 ( 10.0)    52613 ( 10.0)    42714 (  8.1)    42565 (  8.1) 
 169     5819    52205 (  9.0)   115908 ( 19.9)    52825 (  9.1)    52877 (  9.1)    47059 (  8.1)    50955 (  8.8) 
 170     5721    52702 (  9.2)   103424 ( 18.1)    53313 (  9.3)    53315 (  9.3)    52842 (  9.2)    58880 ( 10.3) 
 171     5412    52736 (  9.7)   119078 ( 22.0)    53373 (  9.9)    53310 (  9.9)    56691 ( 10.5)    66312 ( 12.3) 
 172     5971    52686 (  8.8)   112020 ( 18.8)    53179 (  8.9)    53238 (  8.9)    42737 (  7.2)    42570 (  7.1) 
 173     5922    53042 (  9.0)   117945 ( 19.9)    53550 (  9.0)    53528 (  9.0)    48010 (  8.1)    51381 (  8.7) 
 174     5531    52535 (  9.5)   120460 ( 21.8)    53186 (  9.6)    53172 (  9.6)    52191 (  9.4)    58400 ( 10.6) 
 175     6146    52756 (  8.6)   119377 ( 19.4)    53422 (  8.7)    53309 (  8.7)    56858 (  9.3)    67207 ( 10.9) 
 176     5982    53158 (  8.9)   122952 ( 20.6)    53838 (  9.0)    53803 (  9.0)    42698 (  7.1)    42552 (  7.1) 
 177     5753    53115 (  9.2)   122726 ( 21.3)    53988 (  9.4)    53978 (  9.4)    46760 (  8.1)    50714 (  8.8) 
 178     6305    53421 (  8.5)   121418 ( 19.3)    54086 (  8.6)    54068 (  8.6)    52868 (  8.4)    59629 (  9.5) 
 179     6304    53324 (  8.5)   115734 ( 18.4)    54162 (  8.6)    54174 (  8.6)    57911 (  9.2)    67817 ( 10.8) 
 180     6265    53491 (  8.5)   123631 ( 19.7)    54115 (  8.6)    54262 (  8.7)    42801 (  6.8)    42631 (  6.8) 
 181     6505    53078 (  8.2)   125308 ( 19.3)    53684 (  8.3)    53682 (  8.3)    47998 (  7.4)    51461 (  7.9) 
 182     6489    53615 (  8.3)   126339 ( 19.5)    54187 (  8.4)    54203 (  8.4)    52417 (  8.1)    59754 (  9.2) 
 183     6459    53682 (  8.3)   128902 ( 20.0)    54374 (  8.4)    54295 (  8.4)    57453 (  8.9)    67739 ( 10.5) 
 184     6122    53817 (  8.8)   127190 ( 20.8)    54618 (  8.9)    54603 (  8.9)    42700 (  7.0)    42576 (  7.0) 
 185     6723    53795 (  8.0)   127581 ( 19.0)    54565 (  8.1)    54662 (  8.1)    47963 (  7.1)    51728 (  7.7) 
 186     6688    54018 (  8.1)   123567 ( 18.5)    54653 (  8.2)    54648 (  8.2)    53613 (  8.0)    60491 (  9.0) 
 187     6683    54033 (  8.1)   128571 ( 19.2)    54729 (  8.2)    54700 (  8.2)    57869 (  8.7)    68211 ( 10.2) 
 188     6296    53854 (  8.6)   128851 ( 20.5)    54778 (  8.7)    54517 (  8.7)    42717 (  6.8)    42565 (  6.8) 
 189     6926    53816 (  7.8)   130327 ( 18.8)    54542 (  7.9)    54574 (  7.9)    47258 (  6.8)    50760 (  7.3) 
 190     6888    54186 (  7.9)   130853 ( 19.0)    54728 (  7.9)    54862 (  8.0)    53301 (  7.7)    60220 (  8.7) 
 191     6879    54130 (  7.9)   130654 ( 19.0)    54719 (  8.0)    54803 (  8.0)    59079 (  8.6)    69197 ( 10.1) 
 192     7032    54479 (  7.7)   130474 ( 18.6)    55190 (  7.8)    55197 (  7.8)    42659 (  6.1)    42565 (  6.1) 
 193     7150    57302 (  8.0)   147101 ( 20.6)    57933 (  8.1)    57963 (  8.1)    48422 (  6.8)    52245 (  7.3) 
 194     7130    57492 (  8.1)   149955 ( 21.0)    58200 (  8.2)    58269 (  8.2)    53559 (  7.5)    61043 (  8.6) 
 195     7171    57452 (  8.0)   149681 ( 20.9)    58030 (  8.1)    57976 (  8.1)    58199 (  8.1)    69770 (  9.7) 
 196     6781    57542 (  8.5)   150827 ( 22.2)    58173 (  8.6)    58247 (  8.6)    42706 (  6.3)    42555 (  6.3) 
 197     7438    57619 (  7.7)   148771 ( 20.0)    58507 (  7.9)    58382 (  7.8)    47908 (  6.4)    51669 (  6.9) 
 198     7418    57644 (  7.8)   152435 ( 20.5)    58363 (  7.9)    58358 (  7.9)    53055 (  7.2)    61065 (  8.2) 
 199     7419    58003 (  7.8)   146775 ( 19.8)    58501 (  7.9)    58584 (  7.9)    59068 (  8.0)    70597 (  9.5) 
 200     7077    57952 (  8.2)   153844 ( 21.7)    58843 (  8.3)    58860 (  8.3)    42677 (  6.0)    42555 (  6.0) 
 201     7693    58113 (  7.6)   153972 ( 20.0)    58770 (  7.6)    58769 (  7.6)    47877 (  6.2)    51820 (  6.7) 
 202     7662    58100 (  7.6)   154730 ( 20.2)    58611 (  7.6)    58635 (  7.7)    54827 (  7.2)    61738 (  8.1) 
 203     7685    58387 (  7.6)   155041 ( 20.2)    59210 (  7.7)    59130 (  7.7)    59375 (  7.7)    70919 (  9.2) 
 204     7704    58498 (  7.6)   154224 ( 20.0)    59322 (  7.7)    59322 (  7.7)    42711 (  5.5)    42547 (  5.5) 
 205     7413    58668 (  7.9)   150138 ( 20.3)    59335 (  8.0)    59319 (  8.0)    48802 (  6.6)    52860 (  7.1) 
 206     7968    58624 (  7.4)   157650 ( 19.8)    59169 (  7.4)    59381 (  7.5)    54980 (  6.9)    62330 (  7.8) 
 207     7993    58711 (  7.3)   157628 ( 19.7)    59616 (  7.5)    59628 (  7.5)    59416 (  7.4)    70976 (  8.9) 
 208     7915    58772 (  7.4)   156062 ( 19.7)    59513 (  7.5)    59582 (  7.5)    42715 (  5.4)    42609 (  5.4) 
 209     8049    58791 (  7.3)   158464 ( 19.7)    59649 (  7.4)    59586 (  7.4)    48205 (  6.0)    52786 (  6.6) 
 210     7695    59108 (  7.7)   160926 ( 20.9)    59777 (  7.8)    59871 (  7.8)    54182 (  7.0)    61667 (  8.0) 
 211     8342    59024 (  7.1)   161494 ( 19.4)    59644 (  7.1)    59704 (  7.2)    59776 (  7.2)    72219 (  8.7) 
 212     8375    59386 (  7.1)   162266 ( 19.4)    60293 (  7.2)    60297 (  7.2)    42681 (  5.1)    42567 (  5.1) 
 213     8418    59374 (  7.1)   162262 ( 19.3)    60244 (  7.2)    60190 (  7.2)    48877 (  5.8)    52971 (  6.3) 
 214     8375    59373 (  7.1)   163445 ( 19.5)    60178 (  7.2)    60246 (  7.2)    55098 (  6.6)    63041 (  7.5) 
 215     8473    59642 (  7.0)   163813 ( 19.3)    60400 (  7.1)    60491 (  7.1)    59869 (  7.1)    72548 (  8.6) 
 216     8123    59632 (  7.3)   164682 ( 20.3)    60236 (  7.4)    60324 (  7.4)    42693 (  5.3)    42593 (  5.2) 
 217     8752    60043 (  6.9)   164827 ( 18.8)    60775 (  6.9)    60838 (  7.0)    48487 (  5.5)    52922 (  6.0) 
 218     8787    60017 (  6.8)   165530 ( 18.8)    60831 (  6.9)    60838 (  6.9)    54628 (  6.2)    62590 (  7.1) 
 219     8829    60177 (  6.8)   164873 ( 18.7)    60897 (  6.9)    61001 (  6.9)    60082 (  6.8)    72835 (  8.2) 
 220     8841    60217 (  6.8)   165874 ( 18.8)    61031 (  6.9)    61009 (  6.9)    42703 (  4.8)    42532 (  4.8) 
 221     8859    60365 (  6.8)   167624 ( 18.9)    61115 (  6.9)    61185 (  6.9)    49021 (  5.5)    53432 (  6.0) 
 222     8876    60418 (  6.8)   167380 ( 18.9)    61147 (  6.9)    61334 (  6.9)    55155 (  6.2)    63661 (  7.2) 
 223     8636    60572 (  7.0)   168798 ( 19.5)    61290 (  7.1)    61424 (  7.1)    61085 (  7.1)    73789 (  8.5) 
 224     9114    60710 (  6.7)   165151 ( 18.1)    61570 (  6.8)    61588 (  6.8)    42683 (  4.7)    42536 (  4.7) 
 225     9265    63653 (  6.9)   188420 ( 20.3)    64507 (  7.0)    64510 (  7.0)    48568 (  5.2)    52735 (  5.7) 
 226     9307    63881 (  6.9)   189016 ( 20.3)    64668 (  6.9)    64595 (  6.9)    55503 (  6.0)    64107 (  6.9) 
 227     9358    63881 (  6.8)   189178 ( 20.2)    64652 (  6.9)    64645 (  6.9)    61092 (  6.5)    74648 (  8.0) 
 228     9401    63967 (  6.8)   190578 ( 20.3)    64658 (  6.9)    64739 (  6.9)    42684 (  4.5)    42528 (  4.5) 
 229     9470    64203 (  6.8)   189198 ( 20.0)    65054 (  6.9)    65043 (  6.9)    49270 (  5.2)    53753 (  5.7) 
 230     9469    64099 (  6.8)   191950 ( 20.3)    64767 (  6.8)    64907 (  6.9)    55756 (  5.9)    64804 (  6.8) 
 231     9211    64214 (  7.0)   192289 ( 20.9)    65038 (  7.1)    65139 (  7.1)    61144 (  6.6)    75549 (  8.2) 
 232     9253    64335 (  7.0)   192998 ( 20.9)    65099 (  7.0)    65328 (  7.1)    42668 (  4.6)    42491 (  4.6) 
 233     9278    64342 (  6.9)   194009 ( 20.9)    65313 (  7.0)    65258 (  7.0)    49118 (  5.3)    53739 (  5.8) 
 234     9910    64621 (  6.5)   194341 ( 19.6)    65542 (  6.6)    65556 (  6.6)    55230 (  5.6)    64369 (  6.5) 
 235    10032    64680 (  6.4)   195300 ( 19.5)    65403 (  6.5)    65530 (  6.5)    61690 (  6.1)    75082 (  7.5) 
 236    10052    64916 (  6.5)   195886 ( 19.5)    65585 (  6.5)    65761 (  6.5)    42680 (  4.2)    42583 (  4.2) 
 237    10099    65023 (  6.4)   196260 ( 19.4)    65755 (  6.5)    65868 (  6.5)    49258 (  4.9)    53647 (  5.3) 
 238    10118    65063 (  6.4)   197089 ( 19.5)    65742 (  6.5)    65892 (  6.5)    55914 (  5.5)    64954 (  6.4) 
 239    10218    65177 (  6.4)   195891 ( 19.2)    65968 (  6.5)    65974 (  6.5)    61859 (  6.1)    76388 (  7.5) 
 240    10142    65255 (  6.4)   194626 ( 19.2)    65940 (  6.5)    66138 (  6.5)    42699 (  4.2)    42464 (  4.2) 
 241    10310    65295 (  6.3)   197758 ( 19.2)    66209 (  6.4)    66389 (  6.4)    49322 (  4.8)    54310 (  5.3) 
 242    10373    65493 (  6.3)   199868 ( 19.3)    66356 (  6.4)    66337 (  6.4)    56592 (  5.5)    65685 (  6.3) 
 243    10452    65447 (  6.3)   200489 ( 19.2)    66198 (  6.3)    66361 (  6.3)    62424 (  6.0)    76486 (  7.3) 
 244    10548    65868 (  6.2)   201365 ( 19.1)    66787 (  6.3)    66712 (  6.3)    42696 (  4.0)    42473 (  4.0) 
 245    10267    65848 (  6.4)   201816 ( 19.7)    66588 (  6.5)    66654 (  6.5)    49384 (  4.8)    54017 (  5.3) 
 246    10297    65810 (  6.4)   202395 ( 19.7)    66733 (  6.5)    66773 (  6.5)    56231 (  5.5)    65678 (  6.4) 
 247    10381    65848 (  6.3)   203137 ( 19.6)    66846 (  6.4)    66707 (  6.4)    62542 (  6.0)    76565 (  7.4) 
 248    10439    66058 (  6.3)   203952 ( 19.5)    66980 (  6.4)    66972 (  6.4)    42748 (  4.1)    42474 (  4.1) 
 249    10537    66068 (  6.3)   204554 ( 19.4)    66873 (  6.3)    67077 (  6.4)    49361 (  4.7)    54124 (  5.1) 
 250    10581    66217 (  6.3)   205407 ( 19.4)    67168 (  6.3)    67171 (  6.3)    56860 (  5.4)    65701 (  6.2) 
 251    10654    66437 (  6.2)   205907 ( 19.3)    67231 (  6.3)    67185 (  6.3)    63091 (  5.9)    76847 (  7.2) 
 252    10692    66507 (  6.2)   206717 ( 19.3)    67392 (  6.3)    67397 (  6.3)    42704 (  4.0)    42476 (  4.0) 
 253    10786    66415 (  6.2)   207137 ( 19.2)    67381 (  6.2)    67522 (  6.3)    49834 (  4.6)    54859 (  5.1) 
 254    10843    66642 (  6.1)   207452 ( 19.1)    67510 (  6.2)    67442 (  6.2)    56901 (  5.2)    66242 (  6.1) 
 255    10924    66926 (  6.1)   200920 ( 18.4)    67763 (  6.2)    67804 (  6.2)    63518 (  5.8)    78134 (  7.2) 
 256    11510    67001 (  5.8)   201146 ( 17.5)    67967 (  5.9)    67895 (  5.9)    42692 (  3.7)    42543 (  3.7) 
 257    11100    70407 (  6.3)   229471 ( 20.7)    71208 (  6.4)    71242 (  6.4)    49871 (  4.5)    54814 (  4.9) 
 258    11142    70391 (  6.3)   231704 ( 20.8)    71320 (  6.4)    71358 (  6.4)    56503 (  5.1)    66156 (  5.9) 
 259    11262    70616 (  6.3)   232349 ( 20.6)    71605 (  6.4)    71794 (  6.4)    63382 (  5.6)    78235 (  6.9) 
 260    11353    70733 (  6.2)   233066 ( 20.5)    71542 (  6.3)    71574 (  6.3)    42697 (  3.8)    42666 (  3.8) 
 261    11452    71062 (  6.2)   234103 ( 20.4)    71788 (  6.3)    71837 (  6.3)    49836 (  4.4)    55278 (  4.8) 
 262    11550    71275 (  6.2)   235018 ( 20.3)    71970 (  6.2)    72044 (  6.2)    57275 (  5.0)    67434 (  5.8) 
 263    11648    70927 (  6.1)   235469 ( 20.2)    71782 (  6.2)    72007 (  6.2)    63626 (  5.5)    78483 (  6.7) 
 264    11745    71331 (  6.1)   236384 ( 20.1)    72347 (  6.2)    72141 (  6.1)    42735 (  3.6)    42489 (  3.6) 
 265    11837    71309 (  6.0)   237089 ( 20.0)    72141 (  6.1)    72234 (  6.1)    49979 (  4.2)    55374 (  4.7) 
 266    11894    71427 (  6.0)   238045 ( 20.0)    72283 (  6.1)    72407 (  6.1)    56856 (  4.8)    67288 (  5.7) 
 267    12037    71443 (  5.9)   238565 ( 19.8)    72584 (  6.0)    72592 (  6.0)    64390 (  5.3)    79922 (  6.6) 
 268    12429    71935 (  5.8)   239342 ( 19.3)    72602 (  5.8)    72628 (  5.8)    42767 (  3.4)    42589 (  3.4) 
 269    12546    71723 (  5.7)   240123 ( 19.1)    72860 (  5.8)    72870 (  5.8)    50159 (  4.0)    56145 (  4.5) 
 270    12593    71683 (  5.7)   240767 ( 19.1)    72702 (  5.8)    72925 (  5.8)    57321 (  4.6)    68281 (  5.4) 
 271    12692    72006 (  5.7)   241593 ( 19.0)    72921 (  5.7)    73101 (  5.8)    64542 (  5.1)    79310 (  6.2) 
 272    12708    72313 (  5.7)   241130 ( 19.0)    73136 (  5.8)    73164 (  5.8)    42690 (  3.4)    42491 (  3.3) 
 273    12938    72284 (  5.6)   242692 ( 18.8)    73350 (  5.7)    73451 (  5.7)    50221 (  3.9)    55464 (  4.3) 
 274    13019    72762 (  5.6)   243737 ( 18.7)    73488 (  5.6)    73471 (  5.6)    57517 (  4.4)    71217 (  5.5) 
 275    13135    72604 (  5.5)   244557 ( 18.6)    73426 (  5.6)    73532 (  5.6)    64936 (  4.9)    81542 (  6.2) 
 276    13261    72719 (  5.5)   245170 ( 18.5)    73661 (  5.6)    73742 (  5.6)    42690 (  3.2)    42545 (  3.2) 
 277    13389    72552 (  5.4)   246032 ( 18.4)    73761 (  5.5)    73966 (  5.5)    50252 (  3.8)    55854 (  4.2) 
 278    13445    72954 (  5.4)   246847 ( 18.4)    73915 (  5.5)    73852 (  5.5)    57578 (  4.3)    67813 (  5.0) 
 279    12956    73054 (  5.6)   247474 ( 19.1)    74001 (  5.7)    74057 (  5.7)    64866 (  5.0)    80650 (  6.2) 
 280    13090    73151 (  5.6)   248400 ( 19.0)    73880 (  5.6)    74168 (  5.7)    42662 (  3.3)    42566 (  3.3) 
 281    13217    73366 (  5.6)   249015 ( 18.8)    74231 (  5.6)    74372 (  5.6)    50800 (  3.8)    56288 (  4.3) 
 282    13638    73564 (  5.4)   250232 ( 18.3)    74473 (  5.5)    74701 (  5.5)    58465 (  4.3)    68981 (  5.1) 
 283    13763    73513 (  5.3)   250618 ( 18.2)    74238 (  5.4)    74486 (  5.4)    65097 (  4.7)    81946 (  6.0) 
 284    13895    73789 (  5.3)   251379 ( 18.1)    74537 (  5.4)    74564 (  5.4)    42712 (  3.1)    42491 (  3.1) 
 285    13981    73679 (  5.3)   251989 ( 18.0)    74951 (  5.4)    74874 (  5.4)    50688 (  3.6)    56497 (  4.0) 
 286    14099    73921 (  5.2)   253066 ( 17.9)    74744 (  5.3)    75006 (  5.3)    58481 (  4.1)    69544 (  4.9) 
 287    14229    73853 (  5.2)   253519 ( 17.8)    74703 (  5.3)    74996 (  5.3)    65719 (  4.6)    82326 (  5.8) 
 288    14238    74174 (  5.2)   252549 ( 17.7)    75077 (  5.3)    75287 (  5.3)    42721 (  3.0)    42487 (  3.0) 
 289    13864    77988 (  5.6)   279120 ( 20.1)    78798 (  5.7)    79211 (  5.7)    50860 (  3.7)    56182 (  4.1) 
 290    14318    78092 (  5.5)   280055 ( 19.6)    78698 (  5.5)    79155 (  5.5)    58512 (  4.1)    69901 (  4.9) 
 291    14452    78311 (  5.4)   280734 ( 19.4)    79239 (  5.5)    79170 (  5.5)    65664 (  4.5)    82156 (  5.7) 
 292    14602    78379 (  5.4)   281755 ( 19.3)    79395 (  5.4)    79380 (  5.4)    42710 (  2.9)    42484 (  2.9) 
 293    14735    78535 (  5.3)   282172 ( 19.1)    79298 (  5.4)    79696 (  5.4)    50416 (  3.4)    56174 (  3.8) 
 294    14880    78465 (  5.3)   283344 ( 19.0)    79360 (  5.3)    79696 (  5.4)    58666 (  3.9)    69567 (  4.7) 
 295    14993    78754 (  5.3)   284294 ( 19.0)    79331 (  5.3)    79783 (  5.3)    66326 (  4.4)    83153 (  5.5) 
 296    14538    78993 (  5.4)   285002 ( 19.6)    80288 (  5.5)    80247 (  5.5)    42682 (  2.9)    42555 (  2.9) 
 297    15000    79045 (  5.3)   285514 ( 19.0)    80031 (  5.3)    80097 (  5.3)    50431 (  3.4)    56296 (  3.8) 
 298    15101    78913 (  5.2)   286713 ( 19.0)    80058 (  5.3)    80169 (  5.3)    59139 (  3.9)    70516 (  4.7) 
 299    15292    79315 (  5.2)   287353 ( 18.8)    80123 (  5.2)    80331 (  5.3)    66691 (  4.4)    83886 (  5.5) 
 300    15427    79469 (  5.2)   288053 ( 18.7)    80456 (  5.2)    80760 (  5.2)    42697 (  2.8)    42464 (  2.8) 
 301    15542    79393 (  5.1)   288889 ( 18.6)    80397 (  5.2)    80571 (  5.2)    50856 (  3.3)    56749 (  3.7) 
 302    15067    79611 (  5.3)   289971 ( 19.2)    80622 (  5.4)    80927 (  5.4)    59260 (  3.9)    70527 (  4.7) 
 303    15568    79853 (  5.1)   290577 ( 18.7)    80652 (  5.2)    80863 (  5.2)    67311 (  4.3)    84402 (  5.4) 
 304    15585    79834 (  5.1)   290166 ( 18.6)    80864 (  5.2)    81032 (  5.2)    42704 (  2.7)    42545 (  2.7) 
 305    15833    80013 (  5.1)   292418 ( 18.5)    81210 (  5.1)    81167 (  5.1)    50672 (  3.2)    56731 (  3.6) 
 306    15981    80278 (  5.0)   293284 ( 18.4)    81117 (  5.1)    81228 (  5.1)    59113 (  3.7)    71281 (  4.5) 
 307    15565    80160 (  5.2)   293499 ( 18.9)    81162 (  5.2)    81314 (  5.2)    67305 (  4.3)    84825 (  5.4) 
 308    16033    80571 (  5.0)   295223 ( 18.4)    81607 (  5.1)    81588 (  5.1)    42694 (  2.7)    42584 (  2.7) 
 309    16189    80389 (  5.0)   295832 ( 18.3)    81390 (  5.0)    81686 (  5.0)    51812 (  3.2)    56739 (  3.5) 
 310    16324    80785 (  4.9)   296608 ( 18.2)    81863 (  5.0)    81810 (  5.0)    59380 (  3.6)    70490 (  4.3) 
 311    16503    80886 (  4.9)   297246 ( 18.0)    81806 (  5.0)    81848 (  5.0)    67466 (  4.1)    84680 (  5.1) 
 312    16057    81050 (  5.0)   298253 ( 18.6)    81967 (  5.1)    82310 (  5.1)    42706 (  2.7)    42526 (  2.6) 
 313    16558    81020 (  4.9)   299309 ( 18.1)    82005 (  5.0)    82328 (  5.0)    51980 (  3.1)    57405 (  3.5) 
 314    16699    81254 (  4.9)   299850 ( 18.0)    82249 (  4.9)    82641 (  4.9)    59592 (  3.6)    71617 (  4.3) 
 315    16886    81148 (  4.8)   300031 ( 17.8)    82170 (  4.9)    82481 (  4.9)    68070 (  4.0)    85436 (  5.1) 
 316    16385    81510 (  5.0)   301682 ( 18.4)    82631 (  5.0)    82630 (  5.0)    42699 (  2.6)    42660 (  2.6) 
 317    16913    81556 (  4.8)   302396 ( 17.9)    82617 (  4.9)    82792 (  4.9)    52135 (  3.1)    58244 (  3.4) 
 318    17070    81701 (  4.8)   303220 ( 17.8)    82761 (  4.8)    83101 (  4.9)    59294 (  3.5)    72153 (  4.2) 
 319    17260    81784 (  4.7)   303969 ( 17.6)    82888 (  4.8)    82875 (  4.8)    68301 (  4.0)    86744 (  5.0) 
 320    17283    82221 (  4.8)   302616 ( 17.5)    83368 (  4.8)    83620 (  4.8)    42690 (  2.5)    42447 (  2.5) 
 321    17303    86409 (  5.0)   332616 ( 19.2)    87386 (  5.1)    87766 (  5.1)    51419 (  3.0)    57821 (  3.3) 
 322    17452    86711 (  5.0)   333056 ( 19.1)    87476 (  5.0)    87380 (  5.0)    60561 (  3.5)    72648 (  4.2) 
 323    17672    86388 (  4.9)   334025 ( 18.9)    87698 (  5.0)    87729 (  5.0)    68529 (  3.9)    86843 (  4.9) 
 324    17191    86871 (  5.1)   334972 ( 19.5)    88034 (  5.1)    87874 (  5.1)    42742 (  2.5)    42582 (  2.5) 
 325    17739    86804 (  4.9)   335820 ( 18.9)    88044 (  5.0)    87981 (  5.0)    51478 (  2.9)    57978 (  3.3) 
 326    17917    86733 (  4.8)   336893 ( 18.8)    88057 (  4.9)    88298 (  4.9)    60081 (  3.4)    72473 (  4.0) 
 327    18093    87401 (  4.8)   337595 ( 18.7)    88184 (  4.9)    88206 (  4.9)    68861 (  3.8)    87274 (  4.8) 
 328    17681    87550 (  5.0)   338533 ( 19.1)    88413 (  5.0)    88711 (  5.0)    42678 (  2.4)    42489 (  2.4) 
 329    18151    87709 (  4.8)   340199 ( 18.7)    88747 (  4.9)    88872 (  4.9)    51429 (  2.8)    57890 (  3.2) 
 330    18371    87794 (  4.8)   340267 ( 18.5)    88852 (  4.8)    88827 (  4.8)    60685 (  3.3)    73364 (  4.0) 
 331    18528    87763 (  4.7)   341259 ( 18.4)    88918 (  4.8)    88984 (  4.8)    69105 (  3.7)    87878 (  4.7) 
 332    18432    88061 (  4.8)   342160 ( 18.6)    89197 (  4.8)    89388 (  4.8)    42691 (  2.3)    42519 (  2.3) 
 333    18658    88163 (  4.7)   343740 ( 18.4)    89266 (  4.8)    89396 (  4.8)    52601 (  2.8)    58632 (  3.1) 
 334    18789    88109 (  4.7)   344289 ( 18.3)    89347 (  4.8)    89297 (  4.8)    60081 (  3.2)    73368 (  3.9) 
 335    18390    88488 (  4.8)   344854 ( 18.8)    89627 (  4.9)    89674 (  4.9)    69076 (  3.8)    88114 (  4.8) 
 336    18793    88490 (  4.7)   344779 ( 18.3)    89515 (  4.8)    89689 (  4.8)    42726 (  2.3)    42567 (  2.3) 
 337    19124    88554 (  4.6)   346845 ( 18.1)    89901 (  4.7)    89934 (  4.7)    52638 (  2.8)    58096 (  3.0) 
 338    18700    88692 (  4.7)   347865 ( 18.6)    89723 (  4.8)    90210 (  4.8)    61032 (  3.3)    74275 (  4.0) 
 339    19230    88984 (  4.6)   348523 ( 18.1)    90285 (  4.7)    90106 (  4.7)    69965 (  3.6)    88748 (  4.6) 
 340    19408    89048 (  4.6)   349553 ( 18.0)    90399 (  4.7)    90747 (  4.7)    42698 (  2.2)    42517 (  2.2) 
 341    19027    88830 (  4.7)   350595 ( 18.4)    90403 (  4.8)    90365 (  4.7)    51627 (  2.7)    58674 (  3.1) 
 342    19490    89557 (  4.6)   351415 ( 18.0)    90523 (  4.6)    90612 (  4.6)    60537 (  3.1)    73986 (  3.8) 
 343    19755    89453 (  4.5)   352313 ( 17.8)    90856 (  4.6)    90865 (  4.6)    70173 (  3.6)    89619 (  4.5) 
 344    19369    89882 (  4.6)   352999 ( 18.2)    90780 (  4.7)    91011 (  4.7)    42685 (  2.2)    42485 (  2.2) 
 345    19866    89639 (  4.5)   354067 ( 17.8)    91192 (  4.6)    91155 (  4.6)    52105 (  2.6)    58790 (  3.0) 
 346    20071    90200 (  4.5)   355114 ( 17.7)    91288 (  4.5)    91376 (  4.6)    61390 (  3.1)    74505 (  3.7) 
 347    19686    90000 (  4.6)   355982 ( 18.1)    91260 (  4.6)    91504 (  4.6)    70560 (  3.6)    89977 (  4.6) 
 348    20241    90216 (  4.5)   356896 ( 17.6)    91836 (  4.5)    91615 (  4.5)    42703 (  2.1)    42434 (  2.1) 
 349    20409    90749 (  4.4)   357894 ( 17.5)    91436 (  4.5)    91856 (  4.5)    52326 (  2.6)    59151 (  2.9) 
 350    20325    90755 (  4.5)   358636 ( 17.6)    91785 (  4.5)    92083 (  4.5)    61256 (  3.0)    75244 (  3.7) 
 351    20547    90908 (  4.4)   359481 ( 17.5)    91731 (  4.5)    91955 (  4.5)    70590 (  3.4)    90101 (  4.4) 
 352    20673    91174 (  4.4)   358552 ( 17.3)    92093 (  4.5)    92501 (  4.5)    42692 (  2.1)    42504 (  2.1) 
 353    20699    95417 (  4.6)   390794 ( 18.9)    96471 (  4.7)    96648 (  4.7)    51731 (  2.5)    58493 (  2.8) 
 354    20908    95596 (  4.6)   391885 ( 18.7)    96779 (  4.6)    96872 (  4.6)    61411 (  2.9)    75041 (  3.6) 
 355    20528    95638 (  4.7)   392577 ( 19.1)    96706 (  4.7)    97285 (  4.7)    70595 (  3.4)    90342 (  4.4) 
 356    21096    96223 (  4.6)   393485 ( 18.7)    97324 (  4.6)    97458 (  4.6)    42681 (  2.0)    42582 (  2.0) 
 357    21360    96533 (  4.5)   394568 ( 18.5)    97783 (  4.6)    97573 (  4.6)    52191 (  2.4)    59460 (  2.8) 
 358    21270    96787 (  4.6)   395595 ( 18.6)    97452 (  4.6)    97471 (  4.6)    61632 (  2.9)    76122 (  3.6) 
 359    21462    96383 (  4.5)   396739 ( 18.5)    97572 (  4.5)    97783 (  4.6)    71310 (  3.3)    91576 (  4.3) 
 360    21084    96519 (  4.6)   397535 ( 18.9)    97898 (  4.6)    98306 (  4.7)    42758 (  2.0)    42507 (  2.0) 
 361    21655    96329 (  4.4)   398922 ( 18.4)    98093 (  4.5)    98160 (  4.5)    52211 (  2.4)    60003 (  2.8) 
 362    21863    97006 (  4.4)   399616 ( 18.3)    98041 (  4.5)    98181 (  4.5)    62112 (  2.8)    75434 (  3.5) 
 363    21852    96858 (  4.4)   400646 ( 18.3)    98333 (  4.5)    98467 (  4.5)    71940 (  3.3)    92668 (  4.2) 
 364    22049    97475 (  4.4)   401477 ( 18.2)    98561 (  4.5)    98779 (  4.5)    42700 (  1.9)    42471 (  1.9) 
 365    21680    97363 (  4.5)   402628 ( 18.6)    98668 (  4.6)    98676 (  4.6)    53031 (  2.4)    59003 (  2.7) 
 366    22227    97931 (  4.4)   403515 ( 18.2)    98531 (  4.4)    98790 (  4.4)    62057 (  2.8)    76865 (  3.5) 
 367    21882    97389 (  4.5)   404626 ( 18.5)    98855 (  4.5)    99222 (  4.5)    72079 (  3.3)    92660 (  4.2) 
 368    22314    98083 (  4.4)   404211 ( 18.1)    99284 (  4.4)   100158 (  4.5)    42757 (  1.9)    42505 (  1.9) 
 369    22660    98025 (  4.3)   406534 ( 17.9)    99281 (  4.4)    99352 (  4.4)    52745 (  2.3)    59884 (  2.6) 
 370    22595    98048 (  4.3)   407927 ( 18.1)    99305 (  4.4)    99351 (  4.4)    62248 (  2.8)    76020 (  3.4) 
 371    22875    98633 (  4.3)   408629 ( 17.9)    99717 (  4.4)    99686 (  4.4)    72626 (  3.2)    93508 (  4.1) 
 372    22825    98524 (  4.3)   409895 ( 18.0)    99989 (  4.4)   100288 (  4.4)    42733 (  1.9)    42394 (  1.9) 
 373    23067    98260 (  4.3)   410792 ( 17.8)   100279 (  4.3)   100377 (  4.4)    52843 (  2.3)    59667 (  2.6) 
 374    22747    98881 (  4.3)   411914 ( 18.1)    99841 (  4.4)   100259 (  4.4)    62451 (  2.7)    77583 (  3.4) 
 375    23293    98789 (  4.2)   412533 ( 17.7)   100287 (  4.3)   100470 (  4.3)    72643 (  3.1)    93516 (  4.0) 
 376    22939    99491 (  4.3)   413631 ( 18.0)   100581 (  4.4)   100658 (  4.4)    42716 (  1.9)    42522 (  1.9) 
 377    23537    99359 (  4.2)   414562 ( 17.6)   100909 (  4.3)   100915 (  4.3)    54032 (  2.3)    60941 (  2.6) 
 378    23153    99663 (  4.3)   415530 ( 17.9)   100853 (  4.4)   100763 (  4.4)    62292 (  2.7)    77248 (  3.3) 
 379    23754    99677 (  4.2)   416753 ( 17.5)   101235 (  4.3)   101138 (  4.3)    72971 (  3.1)    94208 (  4.0) 
 380    23396    99405 (  4.2)   417714 ( 17.9)   101382 (  4.3)   101477 (  4.3)    42732 (  1.8)    42448 (  1.8) 
 381    23965    99538 (  4.2)   418535 ( 17.5)   101321 (  4.2)   101801 (  4.2)    53467 (  2.2)    60490 (  2.5) 
 382    23562   100102 (  4.2)   419575 ( 17.8)   100799 (  4.3)   101333 (  4.3)    62877 (  2.7)    76933 (  3.3) 
 383    24194   100107 (  4.1)   420358 ( 17.4)   101434 (  4.2)   101620 (  4.2)    73187 (  3.0)    94806 (  3.9) 
 384    24317   100784 (  4.1)   415331 ( 17.1)   101959 (  4.2)   102112 (  4.2)    42731 (  1.8)    42617 (  1.8) 
 385    24428   105835 (  4.3)   454409 ( 18.6)   107323 (  4.4)   107085 (  4.4)    53662 (  2.2)    60573 (  2.5) 
 386    24044   105797 (  4.4)   455591 ( 18.9)   106958 (  4.4)   107493 (  4.5)    62918 (  2.6)    77220 (  3.2) 
 387    24697   105996 (  4.3)   456557 ( 18.5)   107096 (  4.3)   107526 (  4.4)    73560 (  3.0)    95374 (  3.9) 
 388    24331   106014 (  4.4)   457603 ( 18.8)   107524 (  4.4)   107574 (  4.4)    42734 (  1.8)    42480 (  1.7) 
 389    24951   106342 (  4.3)   458673 ( 18.4)   107479 (  4.3)   107893 (  4.3)    53940 (  2.2)    60830 (  2.4) 
 390    24584   107017 (  4.4)   459890 ( 18.7)   107674 (  4.4)   107984 (  4.4)    62983 (  2.6)    78223 (  3.2) 
 391    25233   106641 (  4.2)   460793 ( 18.3)   108271 (  4.3)   108120 (  4.3)    73862 (  2.9)    95930 (  3.8) 
 392    24859   106738 (  4.3)   461907 ( 18.6)   108147 (  4.4)   108392 (  4.4)    42718 (  1.7)    42458 (  1.7) 
 393    25468   107117 (  4.2)   462953 ( 18.2)   108208 (  4.2)   108313 (  4.3)    54284 (  2.1)    61414 (  2.4) 
 394    25157   107376 (  4.3)   464185 ( 18.5)   108537 (  4.3)   108937 (  4.3)    63373 (  2.5)    78932 (  3.1) 
 395    25730   107630 (  4.2)   465358 ( 18.1)   109231 (  4.2)   109202 (  4.2)    74450 (  2.9)    96288 (  3.7) 
 396    25708   107850 (  4.2)   466507 ( 18.1)   108894 (  4.2)   109038 (  4.2)    42722 (  1.7)    42630 (  1.7) 
 397    26000   107923 (  4.2)   467536 ( 18.0)   108903 (  4.2)   109691 (  4.2)    53407 (  2.1)    60832 (  2.3) 
 398    25959   107595 (  4.1)   468380 ( 18.0)   108979 (  4.2)   109206 (  4.2)    64019 (  2.5)    79733 (  3.1) 
 399    26276   107913 (  4.1)   469446 ( 17.9)   109072 (  4.2)   109291 (  4.2)    74604 (  2.8)    96811 (  3.7) 
# ...the end 
