# starting test: OpenMP ON with 48 threads... 
# sN[S/L] = stride-N [store/load] 
# pur  = pragma unroll 
# mur  = manual unroll 
# murv = manual unroll and vectorize 
# timing in cycles (ratio relative to memcpy) 
 # n   memcpy        loop copy      basic + s1S      basic + s1L    pur 4x4 + s1L    mur 4x4 + s1L   murv 4x4 + s1L 
   2      128    13743 (107.4)    13792 (107.8)    13748 (107.4)    13700 (107.0)    23870 (186.5)    24052 (187.9) 
   3      100    14671 (146.7)    14980 (149.8)    14879 (148.8)    14579 (145.8)    25561 (255.6)    25512 (255.1) 
   4      101    14673 (145.3)    14955 (148.1)    14857 (147.1)    14502 (143.6)    24826 (245.8)    24788 (245.4) 
   5      116    14717 (126.9)    15014 (129.4)    15023 (129.5)    14700 (126.7)    25493 (219.8)    25285 (218.0) 
   6      135    15548 (115.2)    15843 (117.4)    15794 (117.0)    15508 (114.9)    25842 (191.4)    25800 (191.1) 
   7      148    14792 ( 99.9)    15048 (101.7)    15028 (101.5)    14760 ( 99.7)    25560 (172.7)    25544 (172.6) 
   8      148    15736 (106.3)    15961 (107.8)    15932 (107.6)    15626 (105.6)    24832 (167.8)    24817 (167.7) 
   9      184    15864 ( 86.2)    16178 ( 87.9)    16112 ( 87.6)    15851 ( 86.1)    26038 (141.5)    25776 (140.1) 
  10      192    15588 ( 81.2)    15896 ( 82.8)    15802 ( 82.3)    15497 ( 80.7)    25945 (135.1)    25950 (135.2) 
  11      227    16554 ( 72.9)    16856 ( 74.3)    16630 ( 73.3)    16321 ( 71.9)    26413 (116.4)    26638 (117.3) 
  12      331    16441 ( 49.7)    16711 ( 50.5)    16698 ( 50.4)    16420 ( 49.6)    24849 ( 75.1)    24729 ( 74.7) 
  13      357    17385 ( 48.7)    17726 ( 49.7)    17538 ( 49.1)    17207 ( 48.2)    25683 ( 71.9)    25668 ( 71.9) 
  14      364    18159 ( 49.9)    18430 ( 50.6)    18295 ( 50.3)    18000 ( 49.5)    25714 ( 70.6)    25915 ( 71.2) 
  15      377    18759 ( 49.8)    19123 ( 50.7)    18923 ( 50.2)    18599 ( 49.3)    27117 ( 71.9)    27554 ( 73.1) 
  16      309    18826 ( 60.9)    19093 ( 61.8)    19099 ( 61.8)    18807 ( 60.9)    24721 ( 80.0)    24698 ( 79.9) 
  17      392    19513 ( 49.8)    19819 ( 50.6)    20089 ( 51.2)    19605 ( 50.0)    25392 ( 64.8)    25428 ( 64.9) 
  18      408    20397 ( 50.0)    20654 ( 50.6)    21106 ( 51.7)    20816 ( 51.0)    26470 ( 64.9)    26842 ( 65.8) 
  19      430    20373 ( 47.4)    20639 ( 48.0)    21361 ( 49.7)    21034 ( 48.9)    26209 ( 61.0)    26908 ( 62.6) 
  20      415    20889 ( 50.3)    21173 ( 51.0)    21832 ( 52.6)    21776 ( 52.5)    24929 ( 60.1)    24865 ( 59.9) 
  21      465    22290 ( 47.9)    22795 ( 49.0)    23574 ( 50.7)    23384 ( 50.3)    26158 ( 56.3)    26096 ( 56.1) 
  22      465    22986 ( 49.4)    23376 ( 50.3)    24325 ( 52.3)    24020 ( 51.7)    26664 ( 57.3)    27210 ( 58.5) 
  23      478    23377 ( 48.9)    24214 ( 50.7)    24846 ( 52.0)    24580 ( 51.4)    27103 ( 56.7)    27987 ( 58.6) 
  24      453    24365 ( 53.8)    25022 ( 55.2)    25320 ( 55.9)    25070 ( 55.3)    24853 ( 54.9)    24792 ( 54.7) 
  25      538    24816 ( 46.1)    25979 ( 48.3)    25938 ( 48.2)    25884 ( 48.1)    26021 ( 48.4)    26039 ( 48.4) 
  26      515    25158 ( 48.9)    26709 ( 51.9)    26853 ( 52.1)    26360 ( 51.2)    26708 ( 51.9)    27373 ( 53.2) 
  27      568    27214 ( 47.9)    27599 ( 48.6)    28350 ( 49.9)    28114 ( 49.5)    27845 ( 49.0)    29235 ( 51.5) 
  28      547    27691 ( 50.6)    29279 ( 53.5)    29309 ( 53.6)    28885 ( 52.8)    24932 ( 45.6)    24859 ( 45.4) 
  29      592    29025 ( 49.0)    30371 ( 51.3)    30281 ( 51.2)    29709 ( 50.2)    25906 ( 43.8)    26237 ( 44.3) 
  30      573    29466 ( 51.4)    30891 ( 53.9)    30540 ( 53.3)    30153 ( 52.6)    27145 ( 47.4)    27899 ( 48.7) 
  31      629    30699 ( 48.8)    32397 ( 51.5)    31588 ( 50.2)    31304 ( 49.8)    27054 ( 43.0)    28476 ( 45.3) 
  32      446    31919 ( 71.6)    36130 ( 81.0)    32843 ( 73.6)    32550 ( 73.0)    25140 ( 56.4)    24986 ( 56.0) 
  33      537    33023 ( 61.5)    35649 ( 66.4)    33367 ( 62.1)    33043 ( 61.5)    26658 ( 49.6)    27003 ( 50.3) 
  34      650    33945 ( 52.2)    37642 ( 57.9)    33606 ( 51.7)    33274 ( 51.2)    26338 ( 40.5)    27387 ( 42.1) 
  35      707    35166 ( 49.7)    38657 ( 54.7)    35331 ( 50.0)    35037 ( 49.6)    28607 ( 40.5)    30222 ( 42.7) 
  36      707    36393 ( 51.5)    41387 ( 58.5)    36076 ( 51.0)    35967 ( 50.9)    25671 ( 36.3)    25533 ( 36.1) 
  37      773    36832 ( 47.6)    43158 ( 55.8)    37343 ( 48.3)    37119 ( 48.0)    26077 ( 33.7)    26408 ( 34.2) 
  38      761    37795 ( 49.7)    44164 ( 58.0)    37877 ( 49.8)    37758 ( 49.6)    26569 ( 34.9)    27748 ( 36.5) 
  39      823    38702 ( 47.0)    46197 ( 56.1)    39464 ( 48.0)    39194 ( 47.6)    28554 ( 34.7)    30329 ( 36.9) 
  40      579    39795 ( 68.7)    50038 ( 86.4)    40273 ( 69.6)    39955 ( 69.0)    25385 ( 43.8)    25341 ( 43.8) 
  41      745    40813 ( 54.8)    49556 ( 66.5)    41620 ( 55.9)    41302 ( 55.4)    26604 ( 35.7)    27068 ( 36.3) 
  42      775    41944 ( 54.1)    50857 ( 65.6)    42556 ( 54.9)    42276 ( 54.5)    28193 ( 36.4)    29400 ( 37.9) 
  43      819    42989 ( 52.5)    54861 ( 67.0)    43634 ( 53.3)    43296 ( 52.9)    28691 ( 35.0)    30883 ( 37.7) 
  44      815    44581 ( 54.7)    56835 ( 69.7)    45154 ( 55.4)    44835 ( 55.0)    25073 ( 30.8)    25041 ( 30.7) 
  45      877    45540 ( 51.9)    56552 ( 64.5)    46030 ( 52.5)    45769 ( 52.2)    26631 ( 30.4)    27149 ( 31.0) 
  46      663    46811 ( 70.6)    59991 ( 90.5)    47236 ( 71.2)    46932 ( 70.8)    27666 ( 41.7)    29181 ( 44.0) 
  47      818    47933 ( 58.6)    62067 ( 75.9)    48401 ( 59.2)    48147 ( 58.9)    28826 ( 35.2)    31014 ( 37.9) 
  48      773    49168 ( 63.6)    65039 ( 84.1)    49551 ( 64.1)    49250 ( 63.7)    25083 ( 32.4)    25041 ( 32.4) 
  49      888    50317 ( 56.7)    66508 ( 74.9)    50713 ( 57.1)    50409 ( 56.8)    26456 ( 29.8)    27063 ( 30.5) 
  50      908    51539 ( 56.8)    68900 ( 75.9)    51937 ( 57.2)    51629 ( 56.9)    27424 ( 30.2)    28990 ( 31.9) 
  51      712    52758 ( 74.1)    73522 (103.3)    53159 ( 74.7)    52902 ( 74.3)    28977 ( 40.7)    31550 ( 44.3) 
  52      850    54107 ( 63.7)    73688 ( 86.7)    54563 ( 64.2)    54252 ( 63.8)    25371 ( 29.8)    25333 ( 29.8) 
  53      926    55434 ( 59.9)    74804 ( 80.8)    55853 ( 60.3)    55531 ( 60.0)    26973 ( 29.1)    27681 ( 29.9) 
  54      940    56798 ( 60.4)    77492 ( 82.4)    57172 ( 60.8)    56862 ( 60.5)    28273 ( 30.1)    30082 ( 32.0) 
  55     1004    58060 ( 57.8)    77674 ( 77.4)    58450 ( 58.2)    58135 ( 57.9)    28961 ( 28.8)    31981 ( 31.9) 
  56      761    59390 ( 78.0)    80603 (105.9)    59816 ( 78.6)    59517 ( 78.2)    25660 ( 33.7)    25531 ( 33.5) 
  57      948    60263 ( 63.6)    96508 (101.8)    60436 ( 63.8)    60399 ( 63.7)    25998 ( 27.4)    26839 ( 28.3) 
  58      967    61448 ( 63.5)    86133 ( 89.1)    61662 ( 63.8)    61638 ( 63.7)    27002 ( 27.9)    29262 ( 30.3) 
  59     1018    62963 ( 61.8)    88931 ( 87.4)    63097 ( 62.0)    63076 ( 62.0)    27601 ( 27.1)    30975 ( 30.4) 
  60      774    64441 ( 83.3)    89293 (115.4)    64542 ( 83.4)    64508 ( 83.3)    23902 ( 30.9)    24144 ( 31.2) 
  61      969    65876 ( 68.0)    91214 ( 94.1)    66056 ( 68.2)    66035 ( 68.1)    26209 ( 27.0)    27408 ( 28.3) 
  62     1000    67604 ( 67.6)    94871 ( 94.9)    67697 ( 67.7)    67674 ( 67.7)    26881 ( 26.9)    29305 ( 29.3) 
  63     1050    69021 ( 65.7)    95364 ( 90.8)    69247 ( 65.9)    69227 ( 65.9)    29128 ( 27.7)    32859 ( 31.3) 
  64     1040    70455 ( 67.7)   357508 (343.8)    70714 ( 68.0)    70697 ( 68.0)    24048 ( 23.1)    24284 ( 23.4) 
  65     1026    72162 ( 70.3)    99801 ( 97.3)    72287 ( 70.5)    72270 ( 70.4)    25618 ( 25.0)    26948 ( 26.3) 
  66     1060    73745 ( 69.6)   105475 ( 99.5)    73900 ( 69.7)    73882 ( 69.7)    27732 ( 26.2)    30269 ( 28.6) 
  67     1113    75372 ( 67.7)   107726 ( 96.8)    75519 ( 67.9)    75501 ( 67.8)    28814 ( 25.9)    32584 ( 29.3) 
  68      907    77062 ( 85.0)   109618 (120.9)    77175 ( 85.1)    77138 ( 85.0)    23959 ( 26.4)    24195 ( 26.7) 
  69     1125    78799 ( 70.0)   110705 ( 98.4)    79040 ( 70.3)    79016 ( 70.2)    25918 ( 23.0)    27215 ( 24.2) 
  70     1171    80444 ( 68.7)   123781 (105.7)    80617 ( 68.8)    80585 ( 68.8)    27537 ( 23.5)    30182 ( 25.8) 
  71     1238    82345 ( 66.5)   115829 ( 93.6)    82460 ( 66.6)    82448 ( 66.6)    29323 ( 23.7)    33290 ( 26.9) 
  72     1017    83805 ( 82.4)   119427 (117.4)    83987 ( 82.6)    83960 ( 82.6)    24223 ( 23.8)    24392 ( 24.0) 
  73     1217    86480 ( 71.1)   127943 (105.1)    86621 ( 71.2)    86645 ( 71.2)    26460 ( 21.7)    27786 ( 22.8) 
  74     1250    88262 ( 70.6)   128031 (102.4)    88388 ( 70.7)    88404 ( 70.7)    28602 ( 22.9)    31343 ( 25.1) 
  75     1346    90117 ( 67.0)   130418 ( 96.9)    90224 ( 67.0)    90240 ( 67.0)    30468 ( 22.6)    34741 ( 25.8) 
  76     1224    91929 ( 75.1)   133412 (109.0)    92038 ( 75.2)    92060 ( 75.2)    24860 ( 20.3)    24940 ( 20.4) 
  77     1303    93791 ( 72.0)   144300 (110.7)    93970 ( 72.1)    93981 ( 72.1)    27185 ( 20.9)    28587 ( 21.9) 
  78     1344    95799 ( 71.3)   140190 (104.3)    95908 ( 71.4)    95927 ( 71.4)    28695 ( 21.4)    31658 ( 23.6) 
  79     1192    97663 ( 81.9)   143512 (120.4)    97785 ( 82.0)    97804 ( 82.1)    30858 ( 25.9)    35331 ( 29.6) 
  80     1280    99653 ( 77.9)   143650 (112.2)    99751 ( 77.9)    99776 ( 78.0)    24845 ( 19.4)    24934 ( 19.5) 
  81     1405   101627 ( 72.3)   147998 (105.3)   101723 ( 72.4)   101748 ( 72.4)    26349 ( 18.8)    27859 ( 19.8) 
  82     1216   103631 ( 85.2)   152557 (125.5)   103727 ( 85.3)   103747 ( 85.3)    28996 ( 23.8)    32150 ( 26.4) 
  83     1436   105630 ( 73.6)   154915 (107.9)   105763 ( 73.7)   105780 ( 73.7)    31074 ( 21.6)    35945 ( 25.0) 
  84     1439   107645 ( 74.8)   157731 (109.6)   107816 ( 74.9)   107837 ( 74.9)    24863 ( 17.3)    24937 ( 17.3) 
  85     1288   109681 ( 85.2)   166400 (129.2)   109897 ( 85.3)   109916 ( 85.3)    27227 ( 21.1)    28797 ( 22.4) 
  86     1488   111852 ( 75.2)   170061 (114.3)   112051 ( 75.3)   112055 ( 75.3)    29106 ( 19.6)    32331 ( 21.7) 
  87     1514   114027 ( 75.3)   167967 (110.9)   114104 ( 75.4)   114132 ( 75.4)    31606 ( 20.9)    36594 ( 24.2) 
  88     1348   116132 ( 86.2)   168781 (125.2)   116218 ( 86.2)   116235 ( 86.2)    24848 ( 18.4)    24940 ( 18.5) 
  89     1577   118265 ( 75.0)   175911 (111.5)   118423 ( 75.1)   118450 ( 75.1)    27659 ( 17.5)    29379 ( 18.6) 
  90     1584   120530 ( 76.1)   178537 (112.7)   120672 ( 76.2)   120697 ( 76.2)    28874 ( 18.2)    32293 ( 20.4) 
  91     1441   122702 ( 85.2)   180998 (125.6)   122813 ( 85.2)   122830 ( 85.2)    31840 ( 22.1)    36928 ( 25.6) 
  92     1599   124963 ( 78.2)   184433 (115.3)   125099 ( 78.2)   125122 ( 78.3)    24861 ( 15.5)    24938 ( 15.6) 
  93     1688   127158 ( 75.3)   192723 (114.2)   127368 ( 75.5)   127391 ( 75.5)    26759 ( 15.9)    28482 ( 16.9) 
  94     1603   129568 ( 80.8)   193531 (120.7)   129666 ( 80.9)   129687 ( 80.9)    28949 ( 18.1)    32509 ( 20.3) 
  95     1701   131866 ( 77.5)   196858 (115.7)   131970 ( 77.6)   131997 ( 77.6)    31821 ( 18.7)    37207 ( 21.9) 
  96     1681   134188 ( 79.8)   780053 (464.0)   134328 ( 79.9)   134364 ( 79.9)    24847 ( 14.8)    24932 ( 14.8) 
  97     1719   136558 ( 79.4)   202874 (118.0)   136722 ( 79.5)   136748 ( 79.6)    27288 ( 15.9)    29053 ( 16.9) 
  98     1748   138920 ( 79.5)   208712 (119.4)   139132 ( 79.6)   139150 ( 79.6)    29625 ( 16.9)    33554 ( 19.2) 
  99     1633   141287 ( 86.5)   212958 (130.4)   141499 ( 86.6)   141509 ( 86.7)    32074 ( 19.6)    37720 ( 23.1) 
 100     1803   143808 ( 79.8)   214346 (118.9)   143943 ( 79.8)   143963 ( 79.8)    24859 ( 13.8)    24940 ( 13.8) 
 101     2567    49453 ( 19.3)    54655 ( 21.3)    49521 ( 19.3)    49369 ( 19.2)    56351 ( 22.0)    58512 ( 22.8) 
 102     2395    48560 ( 20.3)    56681 ( 23.7)    49021 ( 20.5)    49083 ( 20.5)    60539 ( 25.3)    65569 ( 27.4) 
 103     2522    48882 ( 19.4)    58100 ( 23.0)    49231 ( 19.5)    49351 ( 19.6)    63720 ( 25.3)    70780 ( 28.1) 
 104     2294    48676 ( 21.2)    59401 ( 25.9)    49309 ( 21.5)    49461 ( 21.6)    53613 ( 23.4)    52926 ( 23.1) 
 105     2509    49177 ( 19.6)    59929 ( 23.9)    49690 ( 19.8)    49746 ( 19.8)    57358 ( 22.9)    59835 ( 23.8) 
 106     2588    48836 ( 18.9)    62697 ( 24.2)    49299 ( 19.0)    49331 ( 19.1)    59997 ( 23.2)    65275 ( 25.2) 
 107     2598    49161 ( 18.9)    62723 ( 24.1)    49803 ( 19.2)    49668 ( 19.1)    63917 ( 24.6)    71416 ( 27.5) 
 108     2645    49361 ( 18.7)    62750 ( 23.7)    49677 ( 18.8)    49862 ( 18.9)    53633 ( 20.3)    52760 ( 19.9) 
 109     2531    49499 ( 19.6)    63826 ( 25.2)    49806 ( 19.7)    49880 ( 19.7)    58450 ( 23.1)    61317 ( 24.2) 
 110     2719    49852 ( 18.3)    63968 ( 23.5)    50055 ( 18.4)    49918 ( 18.4)    60434 ( 22.2)    65242 ( 24.0) 
 111     2536    49718 ( 19.6)    64736 ( 25.5)    49675 ( 19.6)    49929 ( 19.7)    64784 ( 25.5)    71992 ( 28.4) 
 112     2737    49690 ( 18.2)    66097 ( 24.1)    49831 ( 18.2)    49994 ( 18.3)    53346 ( 19.5)    52875 ( 19.3) 
 113     2879    49824 ( 17.3)    65501 ( 22.8)    50178 ( 17.4)    50219 ( 17.4)    56722 ( 19.7)    59298 ( 20.6) 
 114     2845    49937 ( 17.6)    66022 ( 23.2)    50301 ( 17.7)    50250 ( 17.7)    61253 ( 21.5)    66828 ( 23.5) 
 115     2938    49915 ( 17.0)    66235 ( 22.5)    50131 ( 17.1)    50425 ( 17.2)    65230 ( 22.2)    73641 ( 25.1) 
 116     2971    50162 ( 16.9)    65880 ( 22.2)    50396 ( 17.0)    50421 ( 17.0)    53268 ( 17.9)    52969 ( 17.8) 
 117     3137    49929 ( 15.9)    67335 ( 21.5)    50119 ( 16.0)    50342 ( 16.0)    58047 ( 18.5)    61088 ( 19.5) 
 118     3014    50143 ( 16.6)    69261 ( 23.0)    50659 ( 16.8)    50502 ( 16.8)    61543 ( 20.4)    67032 ( 22.2) 
 119     3194    50370 ( 15.8)    67890 ( 21.3)    50850 ( 15.9)    50577 ( 15.8)    65887 ( 20.6)    75125 ( 23.5) 
 120     3029    50005 ( 16.5)    67134 ( 22.2)    50412 ( 16.6)    50470 ( 16.7)    53464 ( 17.7)    52965 ( 17.5) 
 121     3252    50740 ( 15.6)    68960 ( 21.2)    50797 ( 15.6)    50975 ( 15.7)    58888 ( 18.1)    61576 ( 18.9) 
 122     3106    50764 ( 16.3)    70008 ( 22.5)    50835 ( 16.4)    50941 ( 16.4)    61934 ( 19.9)    67977 ( 21.9) 
 123     3575    50688 ( 14.2)    69653 ( 19.5)    51437 ( 14.4)    51452 ( 14.4)    66576 ( 18.6)    75199 ( 21.0) 
 124     3327    50472 ( 15.2)    69213 ( 20.8)    50869 ( 15.3)    50813 ( 15.3)    53431 ( 16.1)    53028 ( 15.9) 
 125     3488    50846 ( 14.6)    70222 ( 20.1)    51294 ( 14.7)    51200 ( 14.7)    58341 ( 16.7)    61685 ( 17.7) 
 126     3446    51119 ( 14.8)    71581 ( 20.8)    51553 ( 15.0)    51664 ( 15.0)    61637 ( 17.9)    68078 ( 19.8) 
 127     4107    50883 ( 12.4)    70571 ( 17.2)    51405 ( 12.5)    51404 ( 12.5)    66724 ( 16.2)    75231 ( 18.3) 
 128     4057    51162 ( 12.6)    73199 ( 18.0)    51505 ( 12.7)    51426 ( 12.7)    53026 ( 13.1)    52465 ( 12.9) 
 129     4452    51068 ( 11.5)    71680 ( 16.1)    51210 ( 11.5)    51375 ( 11.5)    57385 ( 12.9)    60344 ( 13.6) 
 130     3875    51542 ( 13.3)    72144 ( 18.6)    51638 ( 13.3)    51818 ( 13.4)    62532 ( 16.1)    68605 ( 17.7) 
 131     4544    51701 ( 11.4)    72393 ( 15.9)    51858 ( 11.4)    52138 ( 11.5)    66154 ( 14.6)    75417 ( 16.6) 
 132     4131    51625 ( 12.5)    72261 ( 17.5)    51750 ( 12.5)    51742 ( 12.5)    53648 ( 13.0)    53016 ( 12.8) 
 133     4675    51836 ( 11.1)    72902 ( 15.6)    51822 ( 11.1)    52125 ( 11.1)    58890 ( 12.6)    62167 ( 13.3) 
 134     4269    51385 ( 12.0)    73264 ( 17.2)    51638 ( 12.1)    51613 ( 12.1)    62382 ( 14.6)    69067 ( 16.2) 
 135     5022    51703 ( 10.3)    73980 ( 14.7)    51933 ( 10.3)    51985 ( 10.4)    67095 ( 13.4)    77656 ( 15.5) 
 136     4612    51765 ( 11.2)    72849 ( 15.8)    51779 ( 11.2)    51696 ( 11.2)    53230 ( 11.5)    52999 ( 11.5) 
 137     5142    51971 ( 10.1)    74702 ( 14.5)    51972 ( 10.1)    52149 ( 10.1)    59128 ( 11.5)    62326 ( 12.1) 
 138     4776    51791 ( 10.8)    75955 ( 15.9)    51942 ( 10.9)    52080 ( 10.9)    62860 ( 13.2)    69278 ( 14.5) 
 139     5281    51712 (  9.8)    75411 ( 14.3)    52033 (  9.9)    51871 (  9.8)    67547 ( 12.8)    77015 ( 14.6) 
 140     5176    52029 ( 10.1)    74741 ( 14.4)    52478 ( 10.1)    52337 ( 10.1)    53514 ( 10.3)    52931 ( 10.2) 
 141     5395    52077 (  9.7)    75841 ( 14.1)    52133 (  9.7)    52400 (  9.7)    58497 ( 10.8)    61999 ( 11.5) 
 142     5280    52358 (  9.9)    76841 ( 14.6)    52567 ( 10.0)    52497 (  9.9)    63634 ( 12.1)    70260 ( 13.3) 
 143     5505    52171 (  9.5)    76369 ( 13.9)    52565 (  9.5)    52460 (  9.5)    68177 ( 12.4)    76826 ( 14.0) 
 144     5313    51871 (  9.8)    77867 ( 14.7)    52017 (  9.8)    52084 (  9.8)    53710 ( 10.1)    52990 ( 10.0) 
 145     5123    56336 ( 11.0)    89040 ( 17.4)    56538 ( 11.0)    56691 ( 11.1)    58807 ( 11.5)    62032 ( 12.1) 
 146     5593    56616 ( 10.1)    89015 ( 15.9)    56727 ( 10.1)    56991 ( 10.2)    63166 ( 11.3)    69918 ( 12.5) 
 147     5325    56119 ( 10.5)    90181 ( 16.9)    56803 ( 10.7)    56626 ( 10.6)    68466 ( 12.9)    78329 ( 14.7) 
 148     5758    56734 (  9.9)    90391 ( 15.7)    56915 (  9.9)    56859 (  9.9)    53601 (  9.3)    53112 (  9.2) 
 149     5738    56736 (  9.9)    90255 ( 15.7)    57067 (  9.9)    56961 (  9.9)    58225 ( 10.1)    61407 ( 10.7) 
 150     5904    56876 (  9.6)    91255 ( 15.5)    57247 (  9.7)    57269 (  9.7)    63506 ( 10.8)    70332 ( 11.9) 
 151     5992    57001 (  9.5)    92386 ( 15.4)    57222 (  9.5)    57331 (  9.6)    69016 ( 11.5)    78561 ( 13.1) 
 152     5558    57094 ( 10.3)    91692 ( 16.5)    57572 ( 10.4)    57560 ( 10.4)    53393 (  9.6)    52945 (  9.5) 
 153     6110    57019 (  9.3)    94087 ( 15.4)    57058 (  9.3)    57272 (  9.4)    59019 (  9.7)    62901 ( 10.3) 
 154     6001    56952 (  9.5)    91932 ( 15.3)    57256 (  9.5)    57395 (  9.6)    63822 ( 10.6)    70409 ( 11.7) 
 155     6246    57337 (  9.2)    94356 ( 15.1)    57625 (  9.2)    57432 (  9.2)    68408 ( 11.0)    78690 ( 12.6) 
 156     6177    57387 (  9.3)    94006 ( 15.2)    57608 (  9.3)    57546 (  9.3)    53591 (  8.7)    53039 (  8.6) 
 157     5966    57650 (  9.7)    94631 ( 15.9)    57784 (  9.7)    57600 (  9.7)    59477 ( 10.0)    63450 ( 10.6) 
 158     6361    57260 (  9.0)    95007 ( 14.9)    57240 (  9.0)    57520 (  9.0)    64509 ( 10.1)    71212 ( 11.2) 
 159     6312    57392 (  9.1)    95341 ( 15.1)    58060 (  9.2)    57793 (  9.2)    70210 ( 11.1)    80224 ( 12.7) 
 160     6441    57729 (  9.0)    96264 ( 14.9)    57887 (  9.0)    58085 (  9.0)    53488 (  8.3)    52886 (  8.2) 
 161     6525    57564 (  8.8)    96169 ( 14.7)    58162 (  8.9)    58090 (  8.9)    58121 (  8.9)    62004 (  9.5) 
 162     6443    58104 (  9.0)    96112 ( 14.9)    58402 (  9.1)    58387 (  9.1)    64198 ( 10.0)    71966 ( 11.2) 
 163     6735    58025 (  8.6)    98510 ( 14.6)    58545 (  8.7)    58514 (  8.7)    69370 ( 10.3)    80380 ( 11.9) 
 164     6689    58219 (  8.7)    97290 ( 14.5)    58706 (  8.8)    58815 (  8.8)    53661 (  8.0)    52939 (  7.9) 
 165     6356    58034 (  9.1)    98198 ( 15.4)    58492 (  9.2)    58714 (  9.2)    59303 (  9.3)    63318 ( 10.0) 
 166     6896    58470 (  8.5)    97672 ( 14.2)    58790 (  8.5)    58710 (  8.5)    64268 (  9.3)    71941 ( 10.4) 
 167     6866    58653 (  8.5)    99283 ( 14.5)    59032 (  8.6)    59201 (  8.6)    69740 ( 10.2)    81540 ( 11.9) 
 168     6609    58594 (  8.9)    98592 ( 14.9)    59039 (  8.9)    58980 (  8.9)    53332 (  8.1)    53067 (  8.0) 
 169     7124    58528 (  8.2)    99313 ( 13.9)    58805 (  8.3)    59064 (  8.3)    59772 (  8.4)    63757 (  8.9) 
 170     7043    58584 (  8.3)    97262 ( 13.8)    59059 (  8.4)    59151 (  8.4)    65524 (  9.3)    73749 ( 10.5) 
 171     6794    59027 (  8.7)   102556 ( 15.1)    59394 (  8.7)    59425 (  8.7)    69593 ( 10.2)    81997 ( 12.1) 
 172     7299    58992 (  8.1)   100350 ( 13.7)    59419 (  8.1)    59788 (  8.2)    53407 (  7.3)    53042 (  7.3) 
 173     7335    59030 (  8.0)   101383 ( 13.8)    59598 (  8.1)    59566 (  8.1)    59963 (  8.2)    64206 (  8.8) 
 174     6967    59050 (  8.5)   101614 ( 14.6)    59506 (  8.5)    59478 (  8.5)    64935 (  9.3)    72200 ( 10.4) 
 175     7518    59031 (  7.9)   101589 ( 13.5)    59513 (  7.9)    59570 (  7.9)    70543 (  9.4)    82489 ( 11.0) 
 176     7356    58966 (  8.0)   100520 ( 13.7)    59784 (  8.1)    59683 (  8.1)    53620 (  7.3)    53145 (  7.2) 
 177     7200    59238 (  8.2)   103136 ( 14.3)    59657 (  8.3)    59736 (  8.3)    59151 (  8.2)    63483 (  8.8) 
 178     7707    59105 (  7.7)   102436 ( 13.3)    59695 (  7.7)    59697 (  7.7)    65283 (  8.5)    74139 (  9.6) 
 179     7770    59454 (  7.7)   103963 ( 13.4)    59719 (  7.7)    59921 (  7.7)    71504 (  9.2)    83224 ( 10.7) 
 180     7727    59585 (  7.7)   103884 ( 13.4)    60126 (  7.8)    60132 (  7.8)    53706 (  7.0)    52981 (  6.9) 
 181     7995    59740 (  7.5)   104415 ( 13.1)    60144 (  7.5)    60199 (  7.5)    59961 (  7.5)    64719 (  8.1) 
 182     7960    59357 (  7.5)   104520 ( 13.1)    59845 (  7.5)    59796 (  7.5)    65539 (  8.2)    73703 (  9.3) 
 183     8006    60114 (  7.5)   105778 ( 13.2)    60617 (  7.6)    60740 (  7.6)    71675 (  9.0)    83335 ( 10.4) 
 184     7696    59843 (  7.8)   105411 ( 13.7)    60506 (  7.9)    60413 (  7.8)    53630 (  7.0)    53089 (  6.9) 
 185     8265    60122 (  7.3)   106989 ( 12.9)    60707 (  7.3)    60713 (  7.3)    60470 (  7.3)    64969 (  7.9) 
 186     8252    60091 (  7.3)   105151 ( 12.7)    60560 (  7.3)    60588 (  7.3)    66606 (  8.1)    74277 (  9.0) 
 187     8256    60126 (  7.3)   107046 ( 13.0)    60725 (  7.4)    60534 (  7.3)    71625 (  8.7)    83645 ( 10.1) 
 188     7886    60161 (  7.6)   107716 ( 13.7)    60675 (  7.7)    60750 (  7.7)    53562 (  6.8)    52955 (  6.7) 
 189     8507    60215 (  7.1)   107600 ( 12.6)    60583 (  7.1)    60796 (  7.1)    59280 (  7.0)    63058 (  7.4) 
 190     8638    60223 (  7.0)   108009 ( 12.5)    60591 (  7.0)    60773 (  7.0)    66330 (  7.7)    75187 (  8.7) 
 191     8519    60328 (  7.1)   109997 ( 12.9)    60790 (  7.1)    60970 (  7.2)    73066 (  8.6)    84858 ( 10.0) 
 192     8692    60505 (  7.0)   105005 ( 12.1)    60957 (  7.0)    60928 (  7.0)    53563 (  6.2)    53021 (  6.1) 
 193     8794    64683 (  7.4)   124989 ( 14.2)    65161 (  7.4)    65253 (  7.4)    60642 (  6.9)    65321 (  7.4) 
 194     8808    65007 (  7.4)   126350 ( 14.3)    65395 (  7.4)    65297 (  7.4)    66366 (  7.5)    75705 (  8.6) 
 195     8835    65007 (  7.4)   126195 ( 14.3)    65573 (  7.4)    65680 (  7.4)    72651 (  8.2)    86006 (  9.7) 
 196     8495    65022 (  7.7)   127677 ( 15.0)    65540 (  7.7)    65396 (  7.7)    53899 (  6.3)    53018 (  6.2) 
 197     9155    65365 (  7.1)   127966 ( 14.0)    65760 (  7.2)    65846 (  7.2)    59965 (  6.5)    64563 (  7.1) 
 198     9277    65122 (  7.0)   128531 ( 13.9)    65818 (  7.1)    65686 (  7.1)    66167 (  7.1)    75918 (  8.2) 
 199     9213    65175 (  7.1)   125691 ( 13.6)    65724 (  7.1)    65705 (  7.1)    73184 (  7.9)    86193 (  9.4) 
 200     8972    65449 (  7.3)   129054 ( 14.4)    65981 (  7.4)    65963 (  7.4)    53590 (  6.0)    53168 (  5.9) 
 201     9495    65371 (  6.9)   129392 ( 13.6)    66015 (  7.0)    66079 (  7.0)    59885 (  6.3)    64705 (  6.8) 
 202     9471    65514 (  6.9)   130352 ( 13.8)    65981 (  7.0)    66144 (  7.0)    67415 (  7.1)    76938 (  8.1) 
 203     9534    65591 (  6.9)   130588 ( 13.7)    66155 (  6.9)    66105 (  6.9)    74132 (  7.8)    86769 (  9.1) 
 204     9564    65802 (  6.9)   130916 ( 13.7)    66265 (  6.9)    66357 (  6.9)    53659 (  5.6)    53120 (  5.6) 
 205     9347    65549 (  7.0)   131987 ( 14.1)    66361 (  7.1)    66430 (  7.1)    60937 (  6.5)    66066 (  7.1) 
 206     9844    65834 (  6.7)   132342 ( 13.4)    66562 (  6.8)    66616 (  6.8)    67931 (  6.9)    77887 (  7.9) 
 207     9912    66262 (  6.7)   132120 ( 13.3)    66945 (  6.8)    66824 (  6.7)    73981 (  7.5)    87301 (  8.8) 
 208     9830    65966 (  6.7)   128583 ( 13.1)    66887 (  6.8)    66739 (  6.8)    53448 (  5.4)    52984 (  5.4) 
 209     9973    66144 (  6.6)   133259 ( 13.4)    66794 (  6.7)    66779 (  6.7)    60588 (  6.1)    65853 (  6.6) 
 210     9737    66210 (  6.8)   133931 ( 13.8)    66969 (  6.9)    67093 (  6.9)    67022 (  6.9)    75884 (  7.8) 
 211    10293    66299 (  6.4)   134389 ( 13.1)    67029 (  6.5)    67015 (  6.5)    74624 (  7.2)    88303 (  8.6) 
 212    10349    66252 (  6.4)   134832 ( 13.0)    67107 (  6.5)    67160 (  6.5)    53658 (  5.2)    53074 (  5.1) 
 213    10468    66421 (  6.3)   135303 ( 12.9)    67206 (  6.4)    67332 (  6.4)    60911 (  5.8)    66294 (  6.3) 
 214    10400    66498 (  6.4)   135392 ( 13.0)    67346 (  6.5)    67348 (  6.5)    68353 (  6.6)    78148 (  7.5) 
 215    10488    66599 (  6.4)   136106 ( 13.0)    67217 (  6.4)    67236 (  6.4)    74437 (  7.1)    88026 (  8.4) 
 216    10348    66706 (  6.4)   136668 ( 13.2)    67369 (  6.5)    67292 (  6.5)    53575 (  5.2)    53242 (  5.1) 
 217    10860    66931 (  6.2)   136864 ( 12.6)    67685 (  6.2)    67707 (  6.2)    60341 (  5.6)    65586 (  6.0) 
 218    10873    66759 (  6.1)   137334 ( 12.6)    67586 (  6.2)    67644 (  6.2)    67995 (  6.3)    77510 (  7.1) 
 219    10954    67024 (  6.1)   137469 ( 12.5)    67801 (  6.2)    67654 (  6.2)    74937 (  6.8)    88954 (  8.1) 
 220    10970    67213 (  6.1)   138110 ( 12.6)    67836 (  6.2)    67831 (  6.2)    53542 (  4.9)    53043 (  4.8) 
 221    11059    66885 (  6.0)   138567 ( 12.5)    67683 (  6.1)    67921 (  6.1)    61185 (  5.5)    66531 (  6.0) 
 222    11031    67318 (  6.1)   138773 ( 12.6)    68165 (  6.2)    68138 (  6.2)    68925 (  6.2)    78139 (  7.1) 
 223    10830    67408 (  6.2)   139500 ( 12.9)    68251 (  6.3)    68242 (  6.3)    76058 (  7.0)    89804 (  8.3) 
 224    11308    67523 (  6.0)   135138 ( 12.0)    68403 (  6.0)    68334 (  6.0)    53670 (  4.7)    53027 (  4.7) 
 225    11492    67578 (  5.9)   140343 ( 12.2)    68379 (  6.0)    68268 (  5.9)    60508 (  5.3)    65907 (  5.7) 
 226    11466    67816 (  5.9)   140725 ( 12.3)    68716 (  6.0)    68676 (  6.0)    69037 (  6.0)    79000 (  6.9) 
 227    11598    67770 (  5.8)   141034 ( 12.2)    68656 (  5.9)    68683 (  5.9)    76315 (  6.6)    91063 (  7.9) 
 228    11675    67591 (  5.8)   141663 ( 12.1)    68626 (  5.9)    68715 (  5.9)    53565 (  4.6)    52878 (  4.5) 
 229    11795    67922 (  5.8)   141923 ( 12.0)    68996 (  5.8)    69021 (  5.9)    61693 (  5.2)    67436 (  5.7) 
 230    11798    67725 (  5.7)   142331 ( 12.1)    68645 (  5.8)    68518 (  5.8)    69240 (  5.9)    79099 (  6.7) 
 231    11733    67859 (  5.8)   142845 ( 12.2)    68927 (  5.9)    68911 (  5.9)    76936 (  6.6)    92048 (  7.8) 
 232    11803    67993 (  5.8)   143275 ( 12.1)    69190 (  5.9)    69079 (  5.9)    53412 (  4.5)    53008 (  4.5) 
 233    11794    68037 (  5.8)   143934 ( 12.2)    68999 (  5.9)    68994 (  5.8)    61765 (  5.2)    67486 (  5.7) 
 234    12347    68008 (  5.5)   144302 ( 11.7)    69081 (  5.6)    69141 (  5.6)    69025 (  5.6)    79393 (  6.4) 
 235    12471    68268 (  5.5)   144833 ( 11.6)    69465 (  5.6)    69360 (  5.6)    77048 (  6.2)    92869 (  7.4) 
 236    12499    68294 (  5.5)   144928 ( 11.6)    69474 (  5.6)    69386 (  5.6)    53465 (  4.3)    52828 (  4.2) 
 237    12593    68645 (  5.5)   145486 ( 11.6)    69580 (  5.5)    69752 (  5.5)    61411 (  4.9)    67159 (  5.3) 
 238    12746    68399 (  5.4)   145850 ( 11.4)    69604 (  5.5)    69653 (  5.5)    69386 (  5.4)    79863 (  6.3) 
 239    12727    68575 (  5.4)   145937 ( 11.5)    69743 (  5.5)    69702 (  5.5)    77714 (  6.1)    93298 (  7.3) 
 240    12698    68865 (  5.4)   142216 ( 11.2)    69708 (  5.5)    69891 (  5.5)    53941 (  4.2)    53042 (  4.2) 
 241    12887    73682 (  5.7)   167027 ( 13.0)    74809 (  5.8)    74731 (  5.8)    61714 (  4.8)    68075 (  5.3) 
 242    12928    73635 (  5.7)   168044 ( 13.0)    74716 (  5.8)    74769 (  5.8)    57551 (  4.5)    80854 (  6.3) 
 243    13096    73684 (  5.6)   168166 ( 12.8)    74834 (  5.7)    74794 (  5.7)    77548 (  5.9)    93784 (  7.2) 
 244    13181    74026 (  5.6)   168572 ( 12.8)    75166 (  5.7)    75075 (  5.7)    53519 (  4.1)    53013 (  4.0) 
 245    13126    74087 (  5.6)   169075 ( 12.9)    75135 (  5.7)    75067 (  5.7)    61214 (  4.7)    67615 (  5.2) 
 246    13163    74183 (  5.6)   169626 ( 12.9)    75330 (  5.7)    75317 (  5.7)    69727 (  5.3)    81491 (  6.2) 
 247    13076    74399 (  5.7)   170037 ( 13.0)    75424 (  5.8)    75477 (  5.8)    78453 (  6.0)    94683 (  7.2) 
 248    13176    73984 (  5.6)   170525 ( 12.9)    75167 (  5.7)    75195 (  5.7)    53504 (  4.1)    52941 (  4.0) 
 249    13194    74448 (  5.6)   171256 ( 13.0)    75300 (  5.7)    75464 (  5.7)    61365 (  4.7)    67469 (  5.1) 
 250    13352    74561 (  5.6)   171726 ( 12.9)    75697 (  5.7)    75653 (  5.7)    70129 (  5.3)    82013 (  6.1) 
 251    13422    74676 (  5.6)   172324 ( 12.8)    75859 (  5.7)    75892 (  5.7)    78655 (  5.9)    94513 (  7.0) 
 252    13584    74897 (  5.5)   172679 ( 12.7)    75971 (  5.6)    75969 (  5.6)    53515 (  3.9)    53083 (  3.9) 
 253    13578    74722 (  5.5)   173198 ( 12.8)    75775 (  5.6)    75859 (  5.6)    61969 (  4.6)    68399 (  5.0) 
 254    13949    74916 (  5.4)   173810 ( 12.5)    76113 (  5.5)    76099 (  5.5)    70326 (  5.0)    82253 (  5.9) 
 255    13911    75121 (  5.4)   174196 ( 12.5)    76158 (  5.5)    76216 (  5.5)    78817 (  5.7)    95762 (  6.9) 
 256    14445    75154 (  5.2)   167868 ( 11.6)    76321 (  5.3)    76262 (  5.3)    53391 (  3.7)    52710 (  3.6) 
 257    14123    75295 (  5.3)   175352 ( 12.4)    76411 (  5.4)    76397 (  5.4)    61917 (  4.4)    68552 (  4.9) 
 258    14168    75367 (  5.3)   175782 ( 12.4)    76385 (  5.4)    76503 (  5.4)    70306 (  5.0)    81874 (  5.8) 
 259    14234    75412 (  5.3)   176203 ( 12.4)    76523 (  5.4)    76516 (  5.4)    79133 (  5.6)    95990 (  6.7) 
 260    14316    75934 (  5.3)   176226 ( 12.3)    77027 (  5.4)    76910 (  5.4)    53556 (  3.7)    53203 (  3.7) 
 261    14422    75640 (  5.2)   177293 ( 12.3)    76803 (  5.3)    76820 (  5.3)    62337 (  4.3)    68884 (  4.8) 
 262    14532    75940 (  5.2)   177507 ( 12.2)    77095 (  5.3)    77110 (  5.3)    70854 (  4.9)    82871 (  5.7) 
 263    14717    76151 (  5.2)   178344 ( 12.1)    77194 (  5.2)    77224 (  5.2)    79204 (  5.4)    96832 (  6.6) 
 264    14771    76063 (  5.1)   178803 ( 12.1)    77102 (  5.2)    77100 (  5.2)    53335 (  3.6)    53205 (  3.6) 
 265    14946    76167 (  5.1)   179313 ( 12.0)    77392 (  5.2)    77233 (  5.2)    62283 (  4.2)    68846 (  4.6) 
 266    14941    76343 (  5.1)   179852 ( 12.0)    77399 (  5.2)    77430 (  5.2)    70382 (  4.7)    83768 (  5.6) 
 267    15083    76163 (  5.0)   180441 ( 12.0)    77412 (  5.1)    77381 (  5.1)    80324 (  5.3)    98438 (  6.5) 
 268    15619    76509 (  4.9)   180677 ( 11.6)    77732 (  5.0)    77682 (  5.0)    53390 (  3.4)    52976 (  3.4) 
 269    15671    76620 (  4.9)   181366 ( 11.6)    77975 (  5.0)    77864 (  5.0)    62699 (  4.0)    69627 (  4.4) 
 270    15826    76664 (  4.8)   181996 ( 11.5)    77932 (  4.9)    77930 (  4.9)    71041 (  4.5)    84299 (  5.3) 
 271    15906    76769 (  4.8)   182390 ( 11.5)    77955 (  4.9)    77877 (  4.9)    80115 (  5.0)   101103 (  6.4) 
 272    15843    76967 (  4.9)   178696 ( 11.3)    78095 (  4.9)    77953 (  4.9)    53545 (  3.4)    52937 (  3.3) 
 273    16149    77011 (  4.8)   183437 ( 11.4)    78146 (  4.8)    78128 (  4.8)    62186 (  3.9)    69147 (  4.3) 
 274    16314    77119 (  4.7)   184227 ( 11.3)    78155 (  4.8)    78121 (  4.8)    71463 (  4.4)    89616 (  5.5) 
 275    16492    77098 (  4.7)   184832 ( 11.2)    78345 (  4.8)    78388 (  4.8)    80673 (  4.9)    99900 (  6.1) 
 276    16632    77261 (  4.6)   185002 ( 11.1)    78454 (  4.7)    78352 (  4.7)    53743 (  3.2)    53005 (  3.2) 
 277    16794    77333 (  4.6)   185385 ( 11.0)    78442 (  4.7)    78525 (  4.7)    62766 (  3.7)    69931 (  4.2) 
 278    16788    77406 (  4.6)   185855 ( 11.1)    78492 (  4.7)    78490 (  4.7)    71418 (  4.3)    83867 (  5.0) 
 279    16382    77511 (  4.7)   186264 ( 11.4)    78755 (  4.8)    78585 (  4.8)    81150 (  5.0)    99349 (  6.1) 
 280    16607    77844 (  4.7)   187178 ( 11.3)    78857 (  4.7)    78771 (  4.7)    53563 (  3.2)    53214 (  3.2) 
 281    16743    77979 (  4.7)   187424 ( 11.2)    79188 (  4.7)    79081 (  4.7)    63232 (  3.8)    70719 (  4.2) 
 282    17065    78040 (  4.6)   188187 ( 11.0)    79169 (  4.6)    79041 (  4.6)    72362 (  4.2)    85840 (  5.0) 
 283    17286    77872 (  4.5)   188404 ( 10.9)    79079 (  4.6)    79115 (  4.6)    81299 (  4.7)    99541 (  5.8) 
 284    17414    78032 (  4.5)   188888 ( 10.8)    79157 (  4.5)    79222 (  4.5)    53572 (  3.1)    52642 (  3.0) 
 285    17632    78137 (  4.4)   189404 ( 10.7)    79301 (  4.5)    79349 (  4.5)    63244 (  3.6)    70400 (  4.0) 
 286    17590    78309 (  4.5)   189875 ( 10.8)    79505 (  4.5)    79626 (  4.5)    72594 (  4.1)    85762 (  4.9) 
 287    17938    78377 (  4.4)   190731 ( 10.6)    79481 (  4.4)    79559 (  4.4)    82140 (  4.6)   102369 (  5.7) 
 288    17869    78418 (  4.4)   187335 ( 10.5)    79523 (  4.5)    79545 (  4.5)    53608 (  3.0)    53272 (  3.0) 
 289    17576    83613 (  4.8)   215603 ( 12.3)    84906 (  4.8)    84984 (  4.8)    63558 (  3.6)    70095 (  4.0) 
 290    18098    83586 (  4.6)   216029 ( 11.9)    84871 (  4.7)    84821 (  4.7)    73051 (  4.0)    86224 (  4.8) 
 291    18146    83907 (  4.6)   216397 ( 11.9)    85237 (  4.7)    85178 (  4.7)    81700 (  4.5)   100033 (  5.5) 
 292    18365    84039 (  4.6)   217501 ( 11.8)    85318 (  4.6)    85289 (  4.6)    53393 (  2.9)    52962 (  2.9) 
 293    18607    83977 (  4.5)   217928 ( 11.7)    85211 (  4.6)    85091 (  4.6)    62852 (  3.4)    70119 (  3.8) 
 294    18719    84356 (  4.5)   218650 ( 11.7)    85586 (  4.6)    85596 (  4.6)    72363 (  3.9)    85044 (  4.5) 
 295    18844    84070 (  4.5)   219000 ( 11.6)    85400 (  4.5)    85356 (  4.5)    83202 (  4.4)   102199 (  5.4) 
 296    18815    84417 (  4.5)   219667 ( 11.7)    85922 (  4.6)    85773 (  4.6)    53449 (  2.8)    53071 (  2.8) 
 297    18896    84477 (  4.5)   220354 ( 11.7)    85865 (  4.5)    85920 (  4.5)    62978 (  3.3)    70306 (  3.7) 
 298    19022    84605 (  4.4)   220807 ( 11.6)    85959 (  4.5)    85788 (  4.5)    73310 (  3.9)    86816 (  4.6) 
 299    19286    84936 (  4.4)   221673 ( 11.5)    86226 (  4.5)    86149 (  4.5)    83142 (  4.3)   101723 (  5.3) 
 300    19495    84865 (  4.4)   222018 ( 11.4)    86274 (  4.4)    86389 (  4.4)    53594 (  2.7)    52947 (  2.7) 
 301    19537    85135 (  4.4)   222497 ( 11.4)    86470 (  4.4)    86380 (  4.4)    63476 (  3.2)    70759 (  3.6) 
 302    19095    85118 (  4.5)   223156 ( 11.7)    86537 (  4.5)    86427 (  4.5)    73865 (  3.9)    88718 (  4.6) 
 303    19585    85340 (  4.4)   223856 ( 11.4)    86661 (  4.4)    86684 (  4.4)    83952 (  4.3)   102617 (  5.2) 
 304    19872    85471 (  4.3)   219229 ( 11.0)    86681 (  4.4)    86746 (  4.4)    53373 (  2.7)    52984 (  2.7) 
 305    19998    85493 (  4.3)   224908 ( 11.2)    86797 (  4.3)    86842 (  4.3)    63321 (  3.2)    70750 (  3.5) 
 306    20037    85699 (  4.3)   225214 ( 11.2)    86988 (  4.3)    86972 (  4.3)    73940 (  3.7)    86669 (  4.3) 
 307    19728    85675 (  4.3)   226205 ( 11.5)    87022 (  4.4)    87071 (  4.4)    83786 (  4.2)   103047 (  5.2) 
 308    20183    85990 (  4.3)   226693 ( 11.2)    87132 (  4.3)    87141 (  4.3)    53447 (  2.6)    52899 (  2.6) 
 309    20446    86016 (  4.2)   227375 ( 11.1)    87283 (  4.3)    87283 (  4.3)    64445 (  3.2)    71464 (  3.5) 
 310    20553    86165 (  4.2)   228051 ( 11.1)    87425 (  4.3)    87459 (  4.3)    73387 (  3.6)    86560 (  4.2) 
 311    20791    86415 (  4.2)   228881 ( 11.0)    87741 (  4.2)    87649 (  4.2)    84558 (  4.1)   106050 (  5.1) 
 312    20259    86481 (  4.3)   228882 ( 11.3)    87811 (  4.3)    87806 (  4.3)    53434 (  2.6)    52814 (  2.6) 
 313    20831    86385 (  4.1)   229804 ( 11.0)    87737 (  4.2)    87752 (  4.2)    64259 (  3.1)    71582 (  3.4) 
 314    21149    86759 (  4.1)   230201 ( 10.9)    87932 (  4.2)    87933 (  4.2)    74437 (  3.5)    88099 (  4.2) 
 315    21221    86797 (  4.1)   230800 ( 10.9)    88108 (  4.2)    88071 (  4.2)    84314 (  4.0)   104866 (  4.9) 
 316    20768    86909 (  4.2)   231801 ( 11.2)    88112 (  4.2)    88027 (  4.2)    53485 (  2.6)    53029 (  2.6) 
 317    21334    86897 (  4.1)   232057 ( 10.9)    88400 (  4.1)    88345 (  4.1)    64551 (  3.0)    71552 (  3.4) 
 318    21498    87072 (  4.1)   232644 ( 10.8)    88401 (  4.1)    88460 (  4.1)    73518 (  3.4)    89576 (  4.2) 
 319    21765    87168 (  4.0)   233291 ( 10.7)    88500 (  4.1)    88448 (  4.1)    85452 (  3.9)   105348 (  4.8) 
 320    21712    87287 (  4.0)   230202 ( 10.6)    88742 (  4.1)    88790 (  4.1)    53622 (  2.5)    53027 (  2.4) 
 321    21772    87593 (  4.0)   234723 ( 10.8)    88928 (  4.1)    88938 (  4.1)    63946 (  2.9)    71443 (  3.3) 
 322    22133    87643 (  4.0)   235132 ( 10.6)    89086 (  4.0)    89114 (  4.0)    74440 (  3.4)    88474 (  4.0) 
 323    22250    87721 (  3.9)   235479 ( 10.6)    89066 (  4.0)    89176 (  4.0)    85373 (  3.8)   105433 (  4.7) 
 324    21728    87734 (  4.0)   235840 ( 10.9)    89066 (  4.1)    89111 (  4.1)    53333 (  2.5)    53105 (  2.4) 
 325    22403    87846 (  3.9)   236652 ( 10.6)    89177 (  4.0)    89056 (  4.0)    63949 (  2.9)    71845 (  3.2) 
 326    22602    87983 (  3.9)   237403 ( 10.5)    89406 (  4.0)    89359 (  4.0)    74521 (  3.3)    90025 (  4.0) 
 327    22786    88171 (  3.9)   237963 ( 10.4)    89630 (  3.9)    89513 (  3.9)    86018 (  3.8)   108047 (  4.7) 
 328    22380    88379 (  3.9)   238903 ( 10.7)    89831 (  4.0)    89796 (  4.0)    53148 (  2.4)    53023 (  2.4) 
 329    22884    88421 (  3.9)   239559 ( 10.5)    89818 (  3.9)    89800 (  3.9)    63829 (  2.8)    71616 (  3.1) 
 330    23013    88512 (  3.8)   239658 ( 10.4)    89769 (  3.9)    89758 (  3.9)    75272 (  3.3)    89880 (  3.9) 
 331    23373    88633 (  3.8)   240203 ( 10.3)    89975 (  3.8)    89977 (  3.8)    86447 (  3.7)   107076 (  4.6) 
 332    23297    88696 (  3.8)   240980 ( 10.3)    90047 (  3.9)    90002 (  3.9)    53521 (  2.3)    53078 (  2.3) 
 333    23521    88900 (  3.8)   241591 ( 10.3)    90306 (  3.8)    90279 (  3.8)    65206 (  2.8)    72764 (  3.1) 
 334    23632    88752 (  3.8)   242234 ( 10.3)    90245 (  3.8)    90180 (  3.8)    75004 (  3.2)    89376 (  3.8) 
 335    23364    89063 (  3.8)   242786 ( 10.4)    90531 (  3.9)    90515 (  3.9)    86261 (  3.7)   107586 (  4.6) 
 336    23758    89009 (  3.7)   238396 ( 10.0)    90469 (  3.8)    90355 (  3.8)    53459 (  2.3)    53074 (  2.2) 
 337    24118    95314 (  4.0)   271891 ( 11.3)    96787 (  4.0)    96759 (  4.0)    64749 (  2.7)    72577 (  3.0) 
 338    23868    95321 (  4.0)   272614 ( 11.4)    96905 (  4.1)    96970 (  4.1)    75547 (  3.2)    90747 (  3.8) 
 339    24221    95350 (  3.9)   273396 ( 11.3)    96823 (  4.0)    96919 (  4.0)    87530 (  3.6)   107611 (  4.4) 
 340    24388    95526 (  3.9)   274548 ( 11.3)    96984 (  4.0)    96985 (  4.0)    53162 (  2.2)    52915 (  2.2) 
 341    24148    95678 (  4.0)   274884 ( 11.4)    97177 (  4.0)    97127 (  4.0)    64593 (  2.7)    72721 (  3.0) 
 342    24583    95823 (  3.9)   275223 ( 11.2)    97374 (  4.0)    97451 (  4.0)    75329 (  3.1)    90768 (  3.7) 
 343    24966    96037 (  3.8)   275690 ( 11.0)    97512 (  3.9)    97517 (  3.9)    87760 (  3.5)   109753 (  4.4) 
 344    24693    95947 (  3.9)   276339 ( 11.2)    97457 (  3.9)    97417 (  3.9)    53541 (  2.2)    52976 (  2.1) 
 345    25172    96297 (  3.8)   277105 ( 11.0)    97787 (  3.9)    97871 (  3.9)    64816 (  2.6)    73118 (  2.9) 
 346    25250    96227 (  3.8)   277914 ( 11.0)    97861 (  3.9)    97811 (  3.9)    75652 (  3.0)    90948 (  3.6) 
 347    25143    96519 (  3.8)   278704 ( 11.1)    98155 (  3.9)    98036 (  3.9)    88175 (  3.5)   109329 (  4.3) 
 348    25553    96486 (  3.8)   279040 ( 10.9)    98166 (  3.8)    98055 (  3.8)    53363 (  2.1)    53093 (  2.1) 
 349    25764    96808 (  3.8)   279574 ( 10.9)    98285 (  3.8)    98354 (  3.8)    65005 (  2.5)    73590 (  2.9) 
 350    25624    96973 (  3.8)   280515 ( 10.9)    98516 (  3.8)    98479 (  3.8)    76327 (  3.0)    91990 (  3.6) 
 351    25884    97087 (  3.8)   281368 ( 10.9)    98598 (  3.8)    98699 (  3.8)    88203 (  3.4)   109503 (  4.2) 
 352    26053    97265 (  3.7)   277888 ( 10.7)    98882 (  3.8)    98947 (  3.8)    53909 (  2.1)    52912 (  2.0) 
 353    26118    97327 (  3.7)   282823 ( 10.8)    98766 (  3.8)    98896 (  3.8)    64643 (  2.5)    73128 (  2.8) 
 354    26259    97309 (  3.7)   283326 ( 10.8)    98969 (  3.8)    98847 (  3.8)    76587 (  2.9)    91355 (  3.5) 
 355    26217    97719 (  3.7)   283659 ( 10.8)    99227 (  3.8)    99197 (  3.8)    88437 (  3.4)   111100 (  4.2) 
 356    26590    97837 (  3.7)   284688 ( 10.7)    99380 (  3.7)    99440 (  3.7)    53239 (  2.0)    52900 (  2.0) 
 357    26817    97986 (  3.7)   285305 ( 10.6)    99603 (  3.7)    99538 (  3.7)    65276 (  2.4)    73463 (  2.7) 
 358    26829    98069 (  3.7)   285922 ( 10.7)    99716 (  3.7)    99678 (  3.7)    77130 (  2.9)    93470 (  3.5) 
 359    27012    98184 (  3.6)   286589 ( 10.6)    99772 (  3.7)    99627 (  3.7)    90104 (  3.3)   112114 (  4.2) 
 360    26784    98513 (  3.7)   287863 ( 10.7)    99972 (  3.7)    99950 (  3.7)    53468 (  2.0)    53222 (  2.0) 
 361    27334    98482 (  3.6)   287826 ( 10.5)   100162 (  3.7)   100124 (  3.7)    65154 (  2.4)    73420 (  2.7) 
 362    27596    98548 (  3.6)   288602 ( 10.5)   100246 (  3.6)   100172 (  3.6)    77179 (  2.8)    95973 (  3.5) 
 363    27652    98763 (  3.6)   289397 ( 10.5)   100315 (  3.6)   100312 (  3.6)    90597 (  3.3)   113728 (  4.1) 
 364    27882    98912 (  3.5)   289910 ( 10.4)   100627 (  3.6)   100548 (  3.6)    53528 (  1.9)    53222 (  1.9) 
 365    27533    99002 (  3.6)   290799 ( 10.6)   100707 (  3.7)   100692 (  3.7)    65335 (  2.4)    74046 (  2.7) 
 366    28021    99081 (  3.5)   291186 ( 10.4)   100818 (  3.6)   100865 (  3.6)    77478 (  2.8)    93823 (  3.3) 
 367    28041    99334 (  3.5)   291848 ( 10.4)   100832 (  3.6)   100899 (  3.6)    90048 (  3.2)   113043 (  4.0) 
 368    28112    99318 (  3.5)   287541 ( 10.2)   101152 (  3.6)   101094 (  3.6)    53187 (  1.9)    52958 (  1.9) 
 369    28554    99501 (  3.5)   293369 ( 10.3)   101104 (  3.5)   101182 (  3.5)    66025 (  2.3)    74664 (  2.6) 
 370    28674    99645 (  3.5)   294031 ( 10.3)   101402 (  3.5)   101353 (  3.5)    77756 (  2.7)    93824 (  3.3) 
 371    28873    99920 (  3.5)   294664 ( 10.2)   101601 (  3.5)   101510 (  3.5)    91021 (  3.2)   113859 (  3.9) 
 372    28745    99970 (  3.5)   295370 ( 10.3)   101568 (  3.5)   101677 (  3.5)    53333 (  1.9)    53297 (  1.9) 
 373    29283   100108 (  3.4)   295937 ( 10.1)   101731 (  3.5)   101723 (  3.5)    65705 (  2.2)    73803 (  2.5) 
 374    28758   100350 (  3.5)   297217 ( 10.3)   101893 (  3.5)   101890 (  3.5)    77990 (  2.7)    94387 (  3.3) 
 375    29536   100275 (  3.4)   297707 ( 10.1)   102019 (  3.5)   102028 (  3.5)    90741 (  3.1)   114260 (  3.9) 
 376    29054   100325 (  3.5)   298019 ( 10.3)   102198 (  3.5)   102007 (  3.5)    53527 (  1.8)    53180 (  1.8) 
 377    29779   100711 (  3.4)   298890 ( 10.0)   102260 (  3.4)   102214 (  3.4)    66707 (  2.2)    75108 (  2.5) 
 378    29388   100699 (  3.4)   299442 ( 10.2)   102537 (  3.5)   102464 (  3.5)    78065 (  2.7)    94577 (  3.2) 
 379    30085   100824 (  3.4)   300116 ( 10.0)   102537 (  3.4)   102482 (  3.4)    91766 (  3.1)   115414 (  3.8) 
 380    29748   101071 (  3.4)   300727 ( 10.1)   102784 (  3.5)   102700 (  3.5)    53471 (  1.8)    53154 (  1.8) 
 381    30254   101251 (  3.3)   301367 ( 10.0)   102847 (  3.4)   102770 (  3.4)    66428 (  2.2)    75805 (  2.5) 
 382    29993   101235 (  3.4)   302178 ( 10.1)   103070 (  3.4)   102948 (  3.4)    78347 (  2.6)    94065 (  3.1) 
 383    30556   101374 (  3.3)   302695 (  9.9)   103083 (  3.4)   103100 (  3.4)    92083 (  3.0)   115156 (  3.8) 
 384    30689   101502 (  3.3)   295704 (  9.6)   103252 (  3.4)   103264 (  3.4)    53762 (  1.8)    53217 (  1.7) 
 385    30854   108710 (  3.5)   336080 ( 10.9)   110364 (  3.6)   110374 (  3.6)    66672 (  2.2)    75538 (  2.4) 
 386    30569   108428 (  3.5)   336605 ( 11.0)   110159 (  3.6)   110110 (  3.6)    78790 (  2.6)    95540 (  3.1) 
 387    31168   108843 (  3.5)   337700 ( 10.8)   110536 (  3.5)   110466 (  3.5)    92321 (  3.0)   117579 (  3.8) 
 388    30840   108871 (  3.5)   338374 ( 11.0)   110588 (  3.6)   110532 (  3.6)    53624 (  1.7)    53149 (  1.7) 
 389    31610   109108 (  3.5)   339038 ( 10.7)   110839 (  3.5)   110753 (  3.5)    66934 (  2.1)    78031 (  2.5) 
 390    31257   109126 (  3.5)   339750 ( 10.9)   110883 (  3.5)   110763 (  3.5)    78844 (  2.5)    96487 (  3.1) 
 391    31828   109226 (  3.4)   340676 ( 10.7)   111095 (  3.5)   110987 (  3.5)    93073 (  2.9)   115884 (  3.6) 
 392    31535   109520 (  3.5)   341277 ( 10.8)   111212 (  3.5)   111306 (  3.5)    53585 (  1.7)    53294 (  1.7) 
 393    32145   109674 (  3.4)   342272 ( 10.6)   111416 (  3.5)   111479 (  3.5)    67293 (  2.1)    77121 (  2.4) 
 394    32402   109704 (  3.4)   342902 ( 10.6)   111498 (  3.4)   111529 (  3.4)    79276 (  2.4)    96829 (  3.0) 
 395    32495   109873 (  3.4)   343638 ( 10.6)   111688 (  3.4)   111768 (  3.4)    92777 (  2.9)   119406 (  3.7) 
 396    32605   109998 (  3.4)   344746 ( 10.6)   111804 (  3.4)   111831 (  3.4)    53504 (  1.6)    53206 (  1.6) 
 397    32852   110240 (  3.4)   345301 ( 10.5)   112088 (  3.4)   111956 (  3.4)    66232 (  2.0)    77149 (  2.3) 
 398    32858   110332 (  3.4)   346406 ( 10.5)   112279 (  3.4)   112199 (  3.4)    80059 (  2.4)    96891 (  2.9) 
 399    33168   110593 (  3.3)   346869 ( 10.5)   112391 (  3.4)   112302 (  3.4)    93931 (  2.8)   117717 (  3.5) 
# ...the end 
