# starting test: OpenMP OFF... 
# sN[S/L] = stride-N [store/load] 
# pur  = pragma unroll 
# mur  = manual unroll 
# murv = manual unroll and vectorize 
# timing in cycles (ratio relative to memcpy) 
 # n   memcpy        loop copy      basic + s1S      basic + s1L    pur 4x4 + s1L    mur 4x4 + s1L   murv 4x4 + s1L 
   2       73      113 (  1.5)      104 (  1.4)      123 (  1.7)      104 (  1.4)      251 (  3.4)      281 (  3.8) 
   3       77      206 (  2.7)      178 (  2.3)      207 (  2.7)      207 (  2.7)      374 (  4.9)      346 (  4.5) 
   4       74      333 (  4.5)      269 (  3.6)      344 (  4.6)      343 (  4.6)      330 (  4.5)      416 (  5.6) 
   5       99      385 (  3.9)      376 (  3.8)      380 (  3.8)      379 (  3.8)      476 (  4.8)      661 (  6.7) 
   6      108      517 (  4.8)      514 (  4.8)      513 (  4.8)      511 (  4.7)      631 (  5.8)      873 (  8.1) 
   7      137      661 (  4.8)      658 (  4.8)      658 (  4.8)      656 (  4.8)      801 (  5.8)     1136 (  8.3) 
   8      132      840 (  6.4)      835 (  6.3)      835 (  6.3)      833 (  6.3)      825 (  6.2)     1082 (  8.2) 
   9      163     1024 (  6.3)     1016 (  6.2)     1018 (  6.2)     1016 (  6.2)     1073 (  6.6)     1477 (  9.1) 
  10      166     1243 (  7.5)     1237 (  7.5)     1237 (  7.5)     1235 (  7.4)     1294 (  7.8)     1843 ( 11.1) 
  11      198     1469 (  7.4)     1458 (  7.4)     1458 (  7.4)     1456 (  7.4)     1529 (  7.7)     2250 ( 11.4) 
  12      294     1732 (  5.9)     1719 (  5.8)     1719 (  5.8)     1717 (  5.8)     1615 (  5.5)     2108 (  7.2) 
  13      293     1995 (  6.8)     1976 (  6.7)     1977 (  6.7)     1976 (  6.7)     1921 (  6.6)     2640 (  9.0) 
  14      292     2300 (  7.9)     2281 (  7.8)     2280 (  7.8)     2279 (  7.8)     2195 (  7.5)     3141 ( 10.8) 
  15      310     2602 (  8.4)     2578 (  8.3)     2577 (  8.3)     2576 (  8.3)     2483 (  8.0)     3683 ( 11.9) 
  16      252     2950 ( 11.7)     2923 ( 11.6)     2922 ( 11.6)     2921 ( 11.6)     2663 ( 10.6)     3488 ( 13.8) 
  17      332     3289 (  9.9)     3256 (  9.8)     3257 (  9.8)     3256 (  9.8)     3031 (  9.1)     4152 ( 12.5) 
  18      342     3679 ( 10.8)     3645 ( 10.7)     3644 ( 10.7)     3643 ( 10.7)     3362 (  9.8)     4791 ( 14.0) 
  19      370     4058 ( 11.0)     4018 ( 10.9)     4017 ( 10.9)     4016 ( 10.9)     3719 ( 10.1)     5475 ( 14.8) 
  20      353     4490 ( 12.7)     4448 ( 12.6)     4447 ( 12.6)     4445 ( 12.6)     3991 ( 11.3)     5213 ( 14.8) 
  21      403     4907 ( 12.2)     4857 ( 12.1)     4858 ( 12.1)     4856 ( 12.0)     4423 ( 11.0)     6033 ( 15.0) 
  22      397     5382 ( 13.6)     5330 ( 13.4)     5328 ( 13.4)     5327 ( 13.4)     4810 ( 12.1)     6793 ( 17.1) 
  23      405     5837 ( 14.4)     5779 ( 14.3)     5778 ( 14.3)     5776 ( 14.3)     5215 ( 12.9)     7604 ( 18.8) 
  24      388     6355 ( 16.4)     6292 ( 16.2)     6290 ( 16.2)     6289 ( 16.2)     5591 ( 14.4)     7307 ( 18.8) 
  25      482     6849 ( 14.2)     6777 ( 14.1)     6778 ( 14.1)     6776 ( 14.1)     6087 ( 12.6)     8267 ( 17.2) 
  26      457     7408 ( 16.2)     7334 ( 16.0)     7332 ( 16.0)     7331 ( 16.0)     6538 ( 14.3)     9166 ( 20.1) 
  27      509     7941 ( 15.6)     7859 ( 15.4)     7858 ( 15.4)     7856 ( 15.4)     6983 ( 13.7)    10103 ( 19.8) 
  28      481     8543 ( 17.8)     8456 ( 17.6)     8455 ( 17.6)     8453 ( 17.6)     7457 ( 15.5)     9748 ( 20.3) 
  29      534     9114 ( 17.1)     9017 ( 16.9)     9017 ( 16.9)     9016 ( 16.9)     8031 ( 15.0)    10844 ( 20.3) 
  30      512     9758 ( 19.1)     9658 ( 18.9)     9661 ( 18.9)     9655 ( 18.9)     8520 ( 16.6)    11878 ( 23.2) 
  31      569    10367 ( 18.2)    10259 ( 18.0)    10287 ( 18.1)    10331 ( 18.2)     9083 ( 16.0)    13487 ( 23.7) 
  32      376    11054 ( 29.4)    10940 ( 29.1)    11380 ( 30.3)    11382 ( 30.3)     9683 ( 25.8)    13591 ( 36.1) 
  33      479    11701 ( 24.4)    11577 ( 24.2)    11651 ( 24.3)    11866 ( 24.8)    10730 ( 22.4)    14551 ( 30.4) 
  34      560    12431 ( 22.2)    12302 ( 22.0)    12620 ( 22.5)    13197 ( 23.6)    12222 ( 21.8)    16212 ( 28.9) 
  35      626    13119 ( 21.0)    12979 ( 20.7)    14463 ( 23.1)    15419 ( 24.6)    13637 ( 21.8)    18413 ( 29.4) 
  36      627    13890 ( 22.2)    13744 ( 21.9)    15518 ( 24.7)    16284 ( 26.0)    14016 ( 22.4)    18548 ( 29.6) 
  37      697    14616 ( 21.0)    14457 ( 20.7)    17868 ( 25.6)    17918 ( 25.7)    15366 ( 22.0)    20015 ( 28.7) 
  38      683    15429 ( 22.6)    15266 ( 22.4)    19242 ( 28.2)    19422 ( 28.4)    17275 ( 25.3)    22718 ( 33.3) 
  39      735    16194 ( 22.0)    16019 ( 21.8)    19906 ( 27.1)    18702 ( 25.4)    16733 ( 22.8)    22779 ( 31.0) 
  40      517    17049 ( 33.0)    16868 ( 32.6)    21043 ( 40.7)    20787 ( 40.2)    18519 ( 35.8)    23343 ( 45.2) 
  41      656    17852 ( 27.2)    17662 ( 26.9)    21499 ( 32.8)    21803 ( 33.2)    20473 ( 31.2)    26455 ( 40.3) 
  42      688    18752 ( 27.3)    18555 ( 27.0)    22616 ( 32.9)    22616 ( 32.9)    21586 ( 31.4)    29167 ( 42.4) 
  43      741    19592 ( 26.4)    19424 ( 26.2)    24040 ( 32.4)    23931 ( 32.3)    23016 ( 31.1)    29961 ( 40.4) 
  44      737    20533 ( 27.9)    20344 ( 27.6)    25330 ( 34.4)    25277 ( 34.3)    23712 ( 32.2)    29560 ( 40.1) 
  45      794    21414 ( 27.0)    21254 ( 26.8)    25403 ( 32.0)    25447 ( 32.0)    26494 ( 33.4)    32983 ( 41.5) 
  46      587    25408 ( 43.3)    25156 ( 42.9)    27045 ( 46.1)    27004 ( 46.0)    27481 ( 46.8)    34330 ( 58.5) 
  47      722    28093 ( 38.9)    34642 ( 48.0)    27460 ( 38.0)    27386 ( 37.9)    29153 ( 40.4)    36410 ( 50.4) 
  48      695    29101 ( 41.9)    39210 ( 56.4)    29699 ( 42.7)    29714 ( 42.8)    32404 ( 46.6)    39178 ( 56.4) 
  49      815    30354 ( 37.2)    40760 ( 50.0)    30548 ( 37.5)    30417 ( 37.3)    32266 ( 39.6)    39952 ( 49.0) 
  50      827    31575 ( 38.2)    43360 ( 52.4)    31828 ( 38.5)    31638 ( 38.3)    33663 ( 40.7)    41971 ( 50.8) 
  51      649    32764 ( 50.5)    50712 ( 78.1)    32836 ( 50.6)    32827 ( 50.6)    34899 ( 53.8)    42979 ( 66.2) 
  52      766    34028 ( 44.4)    46947 ( 61.3)    34337 ( 44.8)    34091 ( 44.5)    35849 ( 46.8)    43906 ( 57.3) 
  53      844    35325 ( 41.9)    48501 ( 57.5)    35434 ( 42.0)    35391 ( 41.9)    37447 ( 44.4)    46537 ( 55.1) 
  54      861    36694 ( 42.6)    43394 ( 50.4)    36856 ( 42.8)    36762 ( 42.7)    38595 ( 44.8)    48265 ( 56.1) 
  55      912    38036 ( 41.7)    47901 ( 52.5)    38419 ( 42.1)    38106 ( 41.8)    40167 ( 44.0)    49017 ( 53.7) 
  56      697    39340 ( 56.4)    60370 ( 86.6)    39600 ( 56.8)    39414 ( 56.5)    41052 ( 58.9)    50094 ( 71.9) 
  57      859    40965 ( 47.7)    68613 ( 79.9)    41207 ( 48.0)    41038 ( 47.8)    42610 ( 49.6)    52995 ( 61.7) 
  58      883    42204 ( 47.8)    64272 ( 72.8)    42532 ( 48.2)    42283 ( 47.9)    43952 ( 49.8)    54864 ( 62.1) 
  59      933    43588 ( 46.7)    67058 ( 71.9)    43833 ( 47.0)    43665 ( 46.8)    45640 ( 48.9)    55891 ( 59.9) 
  60      702    45042 ( 64.2)    69013 ( 98.3)    45233 ( 64.4)    45123 ( 64.3)    46516 ( 66.3)    56804 ( 80.9) 
  61      882    46535 ( 52.8)    70542 ( 80.0)    46788 ( 53.0)    46621 ( 52.9)    48126 ( 54.6)    59907 ( 67.9) 
  62      921    48098 ( 52.2)    73747 ( 80.1)    48426 ( 52.6)    48181 ( 52.3)    49439 ( 53.7)    61942 ( 67.3) 
  63      966    49632 ( 51.4)    76795 ( 79.5)    50029 ( 51.8)    49717 ( 51.5)    51265 ( 53.1)    62533 ( 64.7) 
  64      955    51134 ( 53.5)   337613 (353.5)    51225 ( 53.6)    51221 ( 53.6)    54449 ( 57.0)    66013 ( 69.1) 
  65      935    52774 ( 56.4)    80208 ( 85.8)    53025 ( 56.7)    52863 ( 56.5)    54410 ( 58.2)    67096 ( 71.8) 
  66      976    54382 ( 55.7)    83993 ( 86.1)    54721 ( 56.1)    54477 ( 55.8)    55563 ( 56.9)    69331 ( 71.0) 
  67     1033    55959 ( 54.2)    86360 ( 83.6)    56151 ( 54.4)    56053 ( 54.3)    57245 ( 55.4)    70048 ( 67.8) 
  68      837    57609 ( 68.8)    89213 (106.6)    57885 ( 69.2)    57707 ( 68.9)    58503 ( 69.9)    71753 ( 85.7) 
  69     1037    59295 ( 57.2)    91019 ( 87.8)    59569 ( 57.4)    59397 ( 57.3)    60403 ( 58.2)    75074 ( 72.4) 
  70     1084    61053 ( 56.3)   101668 ( 93.8)    61338 ( 56.6)    61160 ( 56.4)    62047 ( 57.2)    77845 ( 71.8) 
  71     1145    62781 ( 54.8)    96985 ( 84.7)    63116 ( 55.1)    62885 ( 54.9)    64295 ( 56.2)    77970 ( 68.1) 
  72      946    64474 ( 68.2)    99915 (105.6)    64822 ( 68.5)    64581 ( 68.3)    64705 ( 68.4)    79976 ( 84.5) 
  73     1205    66312 ( 55.0)   103138 ( 85.6)    66424 ( 55.1)    66417 ( 55.1)    66797 ( 55.4)    83253 ( 69.1) 
  74     1166    68111 ( 58.4)   105918 ( 90.8)    68328 ( 58.6)    68221 ( 58.5)    68546 ( 58.8)    85696 ( 73.5) 
  75     1243    69882 ( 56.2)   108134 ( 87.0)    70296 ( 56.6)    69995 ( 56.3)    70507 ( 56.7)    86062 ( 69.2) 
  76     1147    71728 ( 62.5)   111418 ( 97.1)    72085 ( 62.8)    71843 ( 62.6)    71567 ( 62.4)    88314 ( 77.0) 
  77     1225    73605 ( 60.1)   121260 ( 99.0)    73903 ( 60.3)    73723 ( 60.2)    73749 ( 60.2)    92007 ( 75.1) 
  78     1272    75557 ( 59.4)   117762 ( 92.6)    75696 ( 59.5)    75677 ( 59.5)    75456 ( 59.3)    94517 ( 74.3) 
  79     1139    77485 ( 68.0)   119900 (105.3)    77622 ( 68.1)    77599 ( 68.1)    78077 ( 68.5)    94716 ( 83.2) 
  80     1195    79370 ( 66.4)   123266 (103.2)    79521 ( 66.5)    79493 ( 66.5)    80896 ( 67.7)    99231 ( 83.0) 
  81     1312    81394 ( 62.0)   126060 ( 96.1)    81690 ( 62.3)    81522 ( 62.1)    81015 ( 61.7)   100764 ( 76.8) 
  82     1149    83389 ( 72.6)   129522 (112.7)    83544 ( 72.7)    83522 ( 72.7)    82897 ( 72.1)   103556 ( 90.1) 
  83     1329    85354 ( 64.2)   132365 ( 99.6)    85575 ( 64.4)    85487 ( 64.3)    85183 ( 64.1)   103865 ( 78.2) 
  84     1362    87395 ( 64.2)   135996 ( 99.9)    87547 ( 64.3)    87531 ( 64.3)    86303 ( 63.4)   106427 ( 78.1) 
  85     1236    89463 ( 72.4)   139519 (112.9)    89608 ( 72.5)    89607 ( 72.5)    88555 ( 71.6)   110637 ( 89.5) 
  86     1385    91612 ( 66.1)   144905 (104.6)    91997 ( 66.4)    91753 ( 66.2)    90629 ( 65.4)   113641 ( 82.1) 
  87     1443    93724 ( 65.0)   145915 (101.1)    93899 ( 65.1)    93869 ( 65.1)    93454 ( 64.8)   113285 ( 78.5) 
  88     1278    95808 ( 75.0)   148924 (116.5)    96053 ( 75.2)    95957 ( 75.1)    93870 ( 73.5)   116113 ( 90.9) 
  89     1473    98027 ( 66.5)   152755 (103.7)    98272 ( 66.7)    98179 ( 66.7)    96520 ( 65.5)   120197 ( 81.6) 
  90     1510   100220 ( 66.4)   156526 (103.7)   100603 ( 66.6)   100374 ( 66.5)    98603 ( 65.3)   123235 ( 81.6) 
  91     1388   102375 ( 73.8)   159637 (115.0)   102629 ( 73.9)   102533 ( 73.9)   101239 ( 72.9)   123458 ( 88.9) 
  92     1516   104611 ( 69.0)   162892 (107.4)   104790 ( 69.1)   104771 ( 69.1)   102053 ( 67.3)   126207 ( 83.2) 
  93     1602   106873 ( 66.7)   166766 (104.1)   107048 ( 66.8)   107038 ( 66.8)   104725 ( 65.4)   130858 ( 81.7) 
  94     1526   109215 ( 71.6)   170792 (111.9)   109405 ( 71.7)   109382 ( 71.7)   106890 ( 70.0)   134000 ( 87.8) 
  95     1625   111519 ( 68.6)   173878 (107.0)   111719 ( 68.8)   111690 ( 68.7)   110114 ( 67.8)   133557 ( 82.2) 
  96     1609   113802 ( 70.7)   758258 (471.3)   113977 ( 70.8)   113974 ( 70.8)   113405 ( 70.5)   139726 ( 86.8) 
  97     1638   116211 ( 70.9)   180562 (110.2)   116402 ( 71.1)   116388 ( 71.1)   113312 ( 69.2)   141339 ( 86.3) 
  98     1674   118599 ( 70.8)   185490 (110.8)   118800 ( 71.0)   118777 ( 71.0)   115679 ( 69.1)   144581 ( 86.4) 
  99     1570   120945 ( 77.0)   188740 (120.2)   121152 ( 77.2)   121130 ( 77.2)   118570 ( 75.5)   144361 ( 91.9) 
 100     1717   123377 ( 71.9)   192310 (112.0)   123585 ( 72.0)   123563 ( 72.0)   119350 ( 69.5)   147660 ( 86.0) 
 101     1818   125832 ( 69.2)   195754 (107.7)   126041 ( 69.3)   126021 ( 69.3)   122263 ( 67.3)   152903 ( 84.1) 
 102     1741   128370 ( 73.7)   200887 (115.4)   128576 ( 73.9)   128562 ( 73.8)   124703 ( 71.6)   156212 ( 89.7) 
 103     1845   130868 ( 70.9)   205861 (111.6)   131097 ( 71.1)   131065 ( 71.0)   128368 ( 69.6)   155489 ( 84.3) 
 104     1668   133341 ( 79.9)   207738 (124.5)   133563 ( 80.1)   133541 ( 80.1)   128487 ( 77.0)   159174 ( 95.4) 
 105     1858   136122 ( 73.3)   211508 (113.8)   136330 ( 73.4)   136326 ( 73.4)   131608 ( 70.8)   163993 ( 88.3) 
 106     1934   138528 ( 71.6)   216836 (112.1)   138745 ( 71.7)   138734 ( 71.7)   134106 ( 69.3)   167442 ( 86.6) 
 107     1901   141069 ( 74.2)   220292 (115.9)   141305 ( 74.3)   141279 ( 74.3)   137378 ( 72.3)   167091 ( 87.9) 
 108     1947   143694 ( 73.8)   224129 (115.1)   143984 ( 74.0)   143907 ( 73.9)   138062 ( 70.9)   171140 ( 87.9) 
 109     1866   146341 ( 78.4)   227855 (122.1)   146575 ( 78.6)   146559 ( 78.5)   141086 ( 75.6)   176571 ( 94.6) 
 110     2013   149073 ( 74.1)   240233 (119.3)   149312 ( 74.2)   149294 ( 74.2)   143736 ( 71.4)   180182 ( 89.5) 
 111     1865   151761 ( 81.4)   236333 (126.7)   152004 ( 81.5)   151987 ( 81.5)   147813 ( 79.3)   178686 ( 95.8) 
 112     1976   154435 ( 78.2)   240830 (121.9)   154675 ( 78.3)   154661 ( 78.3)   150969 ( 76.4)   186466 ( 94.4) 
 113     2481   157257 ( 63.4)   245860 ( 99.1)   157476 ( 63.5)   157461 ( 63.5)   151012 ( 60.9)   188201 ( 75.9) 
 114     2442   160033 ( 65.5)   259690 (106.3)   160319 ( 65.7)   160242 ( 65.6)   153879 ( 63.0)   192168 ( 78.7) 
 115     2360   162786 ( 69.0)   252817 (107.1)   162994 ( 69.1)   162979 ( 69.1)   157471 ( 66.7)   191190 ( 81.0) 
 116     2449   165599 ( 67.6)   258427 (105.5)   165815 ( 67.7)   165803 ( 67.7)   158034 ( 64.5)   196045 ( 80.1) 
 117     2731   168483 ( 61.7)   262375 ( 96.1)   168666 ( 61.8)   168647 ( 61.8)   161298 ( 59.1)   202100 ( 74.0) 
 118     2576   171341 ( 66.5)   267643 (103.9)   171593 ( 66.6)   171578 ( 66.6)   164332 ( 63.8)   205921 ( 79.9) 
 119     2728   174280 ( 63.9)   274460 (100.6)   174478 ( 64.0)   174465 ( 64.0)   168837 ( 61.9)   204018 ( 74.8) 
 120     2569   177113 ( 68.9)   276195 (107.5)   177356 ( 69.0)   177333 ( 69.0)   168512 ( 65.6)   209173 ( 81.4) 
 121     2990   180245 ( 60.3)   279777 ( 93.6)   180338 ( 60.3)   180327 ( 60.3)   171877 ( 57.5)   214384 ( 71.7) 
 122     2631   183038 ( 69.6)   300498 (114.2)   183321 ( 69.7)   183302 ( 69.7)   175009 ( 66.5)   218560 ( 83.1) 
 123     3367   186371 ( 55.4)   288276 ( 85.6)   186245 ( 55.3)   186233 ( 55.3)   179036 ( 53.2)   217236 ( 64.5) 
 124     2795   189162 ( 67.7)   295101 (105.6)   189271 ( 67.7)   189251 ( 67.7)   179370 ( 64.2)   222787 ( 79.7) 
 125     3320   192269 ( 57.9)   300162 ( 90.4)   192298 ( 57.9)   192289 ( 57.9)   182886 ( 55.1)   228973 ( 69.0) 
 126     3353   195668 ( 58.4)   302450 ( 90.2)   195425 ( 58.3)   195414 ( 58.3)   186024 ( 55.5)   233207 ( 69.6) 
 127     3562   198560 ( 55.7)   309753 ( 87.0)   198523 ( 55.7)   198493 ( 55.7)   191061 ( 53.6)   230724 ( 64.8) 
 128     3578   201565 ( 56.3)  1347097 (376.5)   201561 ( 56.3)   201557 ( 56.3)   194054 ( 54.2)   240156 ( 67.1) 
 129     3827   204785 ( 53.5)   319538 ( 83.5)   204755 ( 53.5)   204744 ( 53.5)   194156 ( 50.7)   242337 ( 63.3) 
 130     3206   207951 ( 64.9)   327558 (102.2)   207921 ( 64.9)   207914 ( 64.9)   197535 ( 61.6)   246760 ( 77.0) 
 131     3881   211125 ( 54.4)   330083 ( 85.1)   211046 ( 54.4)   211038 ( 54.4)   201854 ( 52.0)   244946 ( 63.1) 
 132     3431   214711 ( 62.6)   327984 ( 95.6)   214256 ( 62.4)   214251 ( 62.4)   202067 ( 58.9)   251118 ( 73.2) 
 133     3707   217846 ( 58.8)   335264 ( 90.4)   217486 ( 58.7)   217481 ( 58.7)   205779 ( 55.5)   257764 ( 69.5) 
 134     3423   220857 ( 64.5)   345811 (101.0)   220807 ( 64.5)   220801 ( 64.5)   209257 ( 61.1)   262318 ( 76.6) 
 135     3963   224143 ( 56.6)   348092 ( 87.8)   224082 ( 56.5)   224075 ( 56.5)   214873 ( 54.2)   259233 ( 65.4) 
 136     3661   227511 ( 62.1)   354402 ( 96.8)   227517 ( 62.1)   227511 ( 62.1)   214103 ( 58.5)   266167 ( 72.7) 
 137     4073   230711 ( 56.6)   360197 ( 88.4)   230717 ( 56.6)   230711 ( 56.6)   217663 ( 53.4)   271849 ( 66.7) 
 138     3756   234075 ( 62.3)   368400 ( 98.1)   234083 ( 62.3)   234077 ( 62.3)   221398 ( 58.9)   276468 ( 73.6) 
 139     4163   237393 ( 57.0)   370773 ( 89.1)   237400 ( 57.0)   237395 ( 57.0)   226171 ( 54.3)   273972 ( 65.8) 
 140     4102   240806 ( 58.7)   376687 ( 91.8)   240809 ( 58.7)   240803 ( 58.7)   226105 ( 55.1)   281447 ( 68.6) 
 141     4311   244229 ( 56.7)   389403 ( 90.3)   244235 ( 56.7)   244227 ( 56.7)   230056 ( 53.4)   288273 ( 66.9) 
 142     4184   247740 ( 59.2)   388169 ( 92.8)   247752 ( 59.2)   247742 ( 59.2)   233737 ( 55.9)   292984 ( 70.0) 
 143     4389   251206 ( 57.2)   392358 ( 89.4)   251222 ( 57.2)   251207 ( 57.2)   239819 ( 54.6)   289136 ( 65.9) 
 144     4236   254659 ( 60.1)  1704913 (402.5)   254666 ( 60.1)   254661 ( 60.1)   242644 ( 57.3)   300922 ( 71.0) 
 145     4041   258234 ( 63.9)   403345 ( 99.8)   258246 ( 63.9)   258235 ( 63.9)   242718 ( 60.1)   302974 ( 75.0) 
 146     4447   261970 ( 58.9)   410148 ( 92.2)   261977 ( 58.9)   261970 ( 58.9)   246782 ( 55.5)   308078 ( 69.3) 
 147     4175   265300 ( 63.5)   414543 ( 99.3)   265312 ( 63.5)   265303 ( 63.5)   251759 ( 60.3)   304903 ( 73.0) 
 148     4608   268909 ( 58.4)   419800 ( 91.1)   268914 ( 58.4)   268907 ( 58.4)   251543 ( 54.6)   313077 ( 67.9) 
 149     4546   272704 ( 60.0)   425842 ( 93.7)   272706 ( 60.0)   272702 ( 60.0)   255658 ( 56.2)   320456 ( 70.5) 
 150     4701   276232 ( 58.8)   432829 ( 92.1)   276238 ( 58.8)   276233 ( 58.8)   259766 ( 55.3)   325657 ( 69.3) 
 151     4695   279896 ( 59.6)   442108 ( 94.2)   279899 ( 59.6)   279894 ( 59.6)   266363 ( 56.7)   320949 ( 68.4) 
 152     4419   283543 ( 64.2)   442325 (100.1)   283547 ( 64.2)   283541 ( 64.2)   264746 ( 59.9)   329552 ( 74.6) 
 153     4821   287304 ( 59.6)   448901 ( 93.1)   287311 ( 59.6)   287306 ( 59.6)   269074 ( 55.8)   335823 ( 69.7) 
 154     4751   291063 ( 61.3)   522943 (110.1)   291066 ( 61.3)   291062 ( 61.3)   273218 ( 57.5)   341070 ( 71.8) 
 155     4987   294764 ( 59.1)   465855 ( 93.4)   294771 ( 59.1)   294765 ( 59.1)   278848 ( 55.9)   337483 ( 67.7) 
 156     4918   298565 ( 60.7)   466608 ( 94.9)   298569 ( 60.7)   298563 ( 60.7)   278430 ( 56.6)   346802 ( 70.5) 
 157     4626   302551 ( 65.4)   472815 (102.2)   302558 ( 65.4)   302553 ( 65.4)   282764 ( 61.1)   354513 ( 76.6) 
 158     5062   306279 ( 60.5)   480086 ( 94.8)   306284 ( 60.5)   306279 ( 60.5)   286951 ( 56.7)   359608 ( 71.0) 
 159     5012   310128 ( 61.9)   485948 ( 97.0)   310135 ( 61.9)   310129 ( 61.9)   294105 ( 58.7)   354280 ( 70.7) 
 160     5132   313972 ( 61.2)  2105295 (410.2)   313977 ( 61.2)   313973 ( 61.2)   296820 ( 57.8)   368723 ( 71.8) 
 161     5170   317930 ( 61.5)   498927 ( 96.5)   317936 ( 61.5)   317931 ( 61.5)   296655 ( 57.4)   370624 ( 71.7) 
 162     5122   322058 ( 62.9)   504601 ( 98.5)   322061 ( 62.9)   322056 ( 62.9)   301238 ( 58.8)   376092 ( 73.4) 
 163     5349   325775 ( 60.9)  1377292 (257.5)   325788 ( 60.9)   325777 ( 60.9)   307199 ( 57.4)   371640 ( 69.5) 
 164     5320   329773 ( 62.0)   517336 ( 97.2)   329776 ( 62.0)   329771 ( 62.0)   306396 ( 57.6)   381770 ( 71.8) 
 165     5039   333771 ( 66.2)   578822 (114.9)   333778 ( 66.2)   333773 ( 66.2)   310945 ( 61.7)   389969 ( 77.4) 
 166     5493   337876 ( 61.5)   529806 ( 96.5)   337878 ( 61.5)   337874 ( 61.5)   315625 ( 57.5)   395630 ( 72.0) 
 167     5422   342094 ( 63.1)   665470 (122.7)   342103 ( 63.1)   342096 ( 63.1)   323644 ( 59.7)   389531 ( 71.8) 
 168     5179   345957 ( 66.8)   540002 (104.3)   345962 ( 66.8)   345957 ( 66.8)   320948 ( 62.0)   399938 ( 77.2) 
 169     5668   350109 ( 61.8)   551985 ( 97.4)   350113 ( 61.8)   350109 ( 61.8)   325567 ( 57.4)   406836 ( 71.8) 
 170     5559   354253 ( 63.7)   555477 ( 99.9)   354259 ( 63.7)   354253 ( 63.7)   330464 ( 59.4)   412528 ( 74.2) 
 171     5361   358344 ( 66.8)  2172606 (405.3)   358362 ( 66.8)   358343 ( 66.8)   336995 ( 62.9)   407456 ( 76.0) 
 172     5864   362535 ( 61.8)   569680 ( 97.1)   362537 ( 61.8)   362531 ( 61.8)   335906 ( 57.3)   418756 ( 71.4) 
 173     5733   366725 ( 64.0)   595193 (103.8)   366733 ( 64.0)   366727 ( 64.0)   340627 ( 59.4)   427205 ( 74.5) 
 174     5494   371020 ( 67.5)   581902 (105.9)   371027 ( 67.5)   371021 ( 67.5)   345538 ( 62.9)   433060 ( 78.8) 
 175     5982   375262 ( 62.7)   586596 ( 98.1)   375264 ( 62.7)   375259 ( 62.7)   353972 ( 59.2)   425886 ( 71.2) 
 176     5855   379671 ( 64.8)  2546501 (434.9)   379676 ( 64.8)   379672 ( 64.8)   356140 ( 60.8)   442756 ( 75.6) 
 177     5685   383835 ( 67.5)   607558 (106.9)   383843 ( 67.5)   383837 ( 67.5)   356000 ( 62.6)   444942 ( 78.3) 
 178     6129   388353 ( 63.4)   608668 ( 99.3)   388358 ( 63.4)   388355 ( 63.4)   361308 ( 59.0)   451010 ( 73.6) 
 179     6141   392461 ( 63.9)   613667 ( 99.9)   392464 ( 63.9)   392459 ( 63.9)   368068 ( 59.9)   445084 ( 72.5) 
 180     6107   397025 ( 65.0)   632844 (103.6)   397029 ( 65.0)   397027 ( 65.0)   366850 ( 60.1)   457484 ( 74.9) 
 181     6342   401230 ( 63.3)   628870 ( 99.2)   401236 ( 63.3)   401231 ( 63.3)   371639 ( 58.6)   466329 ( 73.5) 
 182     6293   405894 ( 64.5)   654614 (104.0)   405902 ( 64.5)   405901 ( 64.5)   377097 ( 59.9)   472571 ( 75.1) 
 183     6299   410152 ( 65.1)  2176425 (345.5)   410173 ( 65.1)   410154 ( 65.1)   386025 ( 61.3)   464195 ( 73.7) 
 184     6066   414760 ( 68.4)   647360 (106.7)   414767 ( 68.4)   414759 ( 68.4)   382739 ( 63.1)   477427 ( 78.7) 
 185     6564   419120 ( 63.9)   749384 (114.2)   419123 ( 63.9)   419117 ( 63.9)   387627 ( 59.1)   484378 ( 73.8) 
 186     6532   423832 ( 64.9)   664434 (101.7)   423835 ( 64.9)   423830 ( 64.9)   393162 ( 60.2)   490916 ( 75.2) 
 187     6529   428132 ( 65.6)   669444 (102.5)   428134 ( 65.6)   428129 ( 65.6)   400627 ( 61.4)   484092 ( 74.1) 
 188     6286   432707 ( 68.8)   697787 (111.0)   432713 ( 68.8)   432707 ( 68.8)   399024 ( 63.5)   497669 ( 79.2) 
 189     6783   437291 ( 64.5)   703157 (103.7)   437293 ( 64.5)   437290 ( 64.5)   404058 ( 59.6)   506974 ( 74.7) 
 190     6740   441977 ( 65.6)   703502 (104.4)   441978 ( 65.6)   441978 ( 65.6)   409590 ( 60.8)   513333 ( 76.2) 
 191     6732   446777 ( 66.4)   701347 (104.2)   446781 ( 66.4)   446777 ( 66.4)   419552 ( 62.3)   504368 ( 74.9) 
 192     6890   451220 ( 65.5)  3028756 (439.6)   451225 ( 65.5)   451221 ( 65.5)   420673 ( 61.1)   523904 ( 76.0) 
 193     6992   456131 ( 65.2)   730836 (104.5)   456132 ( 65.2)   456128 ( 65.2)   420889 ( 60.2)   525943 ( 75.2) 
 194     6978   460683 ( 66.0)   722752 (103.6)   460687 ( 66.0)   460685 ( 66.0)   426518 ( 61.1)   532462 ( 76.3) 
 195     7002   465532 ( 66.5)   727779 (103.9)   465533 ( 66.5)   465529 ( 66.5)   434678 ( 62.1)   525045 ( 75.0) 
 196     6729   470124 ( 69.9)   750697 (111.6)   470128 ( 69.9)   470123 ( 69.9)   432349 ( 64.3)   539635 ( 80.2) 
 197     7274   474899 ( 65.3)  2037092 (280.1)   474902 ( 65.3)   474898 ( 65.3)   437799 ( 60.2)   549451 ( 75.5) 
 198     7247   479959 ( 66.2)   761165 (105.0)   479958 ( 66.2)   479955 ( 66.2)   443783 ( 61.2)   556198 ( 76.7) 
 199     7257   484598 ( 66.8)   757874 (104.4)   484601 ( 66.8)   484596 ( 66.8)   454275 ( 62.6)   545901 ( 75.2) 
 200     7020   489596 ( 69.7)   764429 (108.9)   489599 ( 69.7)   489591 ( 69.7)   449770 ( 64.1)   561492 ( 80.0) 
 201     7563   494340 ( 65.4)   773088 (102.2)   494343 ( 65.4)   494336 ( 65.4)   455132 ( 60.2)   568888 ( 75.2) 
 202     7502   499260 ( 66.6)   783339 (104.4)   499265 ( 66.6)   499261 ( 66.6)   461312 ( 61.5)   575820 ( 76.8) 
 203     7513   504122 ( 67.1)   788639 (105.0)   504128 ( 67.1)   504125 ( 67.1)   469826 ( 62.5)   567322 ( 75.5) 
 204     7546   509093 ( 67.5)   795760 (105.5)   509096 ( 67.5)   509091 ( 67.5)   467224 ( 61.9)   583429 ( 77.3) 
 205     7337   514060 ( 70.1)  2992172 (407.8)   514081 ( 70.1)   514059 ( 70.1)   472829 ( 64.4)   593550 ( 80.9) 
 206     7809   519309 ( 66.5)   814606 (104.3)   519317 ( 66.5)   519310 ( 66.5)   479243 ( 61.4)   600866 ( 76.9) 
 207     7826   524142 ( 67.0)   918324 (117.3)   524148 ( 67.0)   524143 ( 67.0)   490275 ( 62.6)   589070 ( 75.3) 
 208     7757   529155 ( 68.2)  3554910 (458.3)   529161 ( 68.2)   529157 ( 68.2)   490934 ( 63.3)   611634 ( 78.8) 
 209     7886   534452 ( 67.8)   969854 (123.0)   534454 ( 67.8)   534450 ( 67.8)   491106 ( 62.3)   613826 ( 77.8) 
 210     7636   539390 ( 70.6)   846370 (110.8)   539399 ( 70.6)   539394 ( 70.6)   497398 ( 65.1)   620770 ( 81.3) 
 211     8161   544445 ( 66.7)   938924 (115.1)   544452 ( 66.7)   544447 ( 66.7)   506413 ( 62.1)   611360 ( 74.9) 
 212     8211   549794 ( 67.0)   862806 (105.1)   549796 ( 67.0)   549792 ( 67.0)   503635 ( 61.3)   629117 ( 76.6) 
 213     8291   554771 ( 66.9)   867906 (104.7)   554778 ( 66.9)   554790 ( 66.9)   509319 ( 61.4)   639492 ( 77.1) 
 214     8209   560040 ( 68.2)  1039877 (126.7)   560047 ( 68.2)   560043 ( 68.2)   515962 ( 62.9)   646663 ( 78.8) 
 215     8282   565247 ( 68.3)   884151 (106.8)   565251 ( 68.3)   565247 ( 68.3)   527912 ( 63.7)   634060 ( 76.6) 
 216     8067   570631 ( 70.7)   891370 (110.5)   570639 ( 70.7)   570633 ( 70.7)   522195 ( 64.7)   652303 ( 80.9) 
 217     8567   575761 ( 67.2)  1184214 (138.2)   575767 ( 67.2)   575762 ( 67.2)   527959 ( 61.6)   660134 ( 77.1) 
 218     8617   581080 ( 67.4)   911888 (105.8)   581082 ( 67.4)   581077 ( 67.4)   534854 ( 62.1)   667610 ( 77.5) 
 219     8648   586323 ( 67.8)  1107643 (128.1)   586330 ( 67.8)   586325 ( 67.8)   544473 ( 63.0)   657079 ( 76.0) 
 220     8683   591866 ( 68.2)  1052348 (121.2)   591869 ( 68.2)   591863 ( 68.2)   541189 ( 62.3)   676204 ( 77.9) 
 221     8690   597036 ( 68.7)   934030 (107.5)   597044 ( 68.7)   597041 ( 68.7)   547083 ( 63.0)   686825 ( 79.0) 
 222     8725   602504 ( 69.1)  1441183 (165.2)   602506 ( 69.1)   602501 ( 69.1)   554017 ( 63.5)   694322 ( 79.6) 
 223     8553   608072 ( 71.1)  1053929 (123.2)   608080 ( 71.1)   608074 ( 71.1)   566906 ( 66.3)   680668 ( 79.6) 
 224     9018   613304 ( 68.0)  4122812 (457.2)   613306 ( 68.0)   613301 ( 68.0)   566563 ( 62.8)   706802 ( 78.4) 
 225     9096   618979 ( 68.0)  1064061 (117.0)   618985 ( 68.1)   618980 ( 68.0)   566730 ( 62.3)   708545 ( 77.9) 
 226     9149   624491 ( 68.3)  1447885 (158.3)   624494 ( 68.3)   624489 ( 68.3)   573780 ( 62.7)   716137 ( 78.3) 
 227     9185   629752 ( 68.6)  1138692 (124.0)   629757 ( 68.6)   629753 ( 68.6)   583829 ( 63.6)   704447 ( 76.7) 
 228     9246   635309 ( 68.7)  1190394 (128.7)   635312 ( 68.7)   635311 ( 68.7)   579970 ( 62.7)   724933 ( 78.4) 
 229     9286   641032 ( 69.0)  1002718 (108.0)   641039 ( 69.0)   641034 ( 69.0)   586405 ( 63.1)   736398 ( 79.3) 
 230     9313   646693 ( 69.4)  1068106 (114.7)   646696 ( 69.4)   646690 ( 69.4)   593782 ( 63.8)   744179 ( 79.9) 
 231     9143   652278 ( 71.3)  1372720 (150.1)   652286 ( 71.3)   652281 ( 71.3)   607150 ( 66.4)   728793 ( 79.7) 
 232     9182   657701 ( 71.6)  1027860 (111.9)   657706 ( 71.6)   657701 ( 71.6)   599868 ( 65.3)   749952 ( 81.7) 
 233     9231   663396 ( 71.9)  1592573 (172.5)   663401 ( 71.9)   663395 ( 71.9)   606242 ( 65.7)   758132 ( 82.1) 
 234     9797   669106 ( 68.3)  1063449 (108.5)   669107 ( 68.3)   669101 ( 68.3)   613884 ( 62.7)   766218 ( 78.2) 
 235     9849   674917 ( 68.5)  1312168 (133.2)   674920 ( 68.5)   674916 ( 68.5)   624849 ( 63.4)   753761 ( 76.5) 
 236     9893   680665 ( 68.8)  1057354 (106.9)   680669 ( 68.8)   680663 ( 68.8)   620416 ( 62.7)   775660 ( 78.4) 
 237     9914   686401 ( 69.2)  1073890 (108.3)   686409 ( 69.2)   686403 ( 69.2)   626869 ( 63.2)   787407 ( 79.4) 
 238     9961   692076 ( 69.5)  1508639 (151.5)   692082 ( 69.5)   692078 ( 69.5)   634373 ( 63.7)   795203 ( 79.8) 
 239    10059   697862 ( 69.4)  2991630 (297.4)   697866 ( 69.4)   697860 ( 69.4)   648714 ( 64.5)   778499 ( 77.4) 
 240    10001   703651 ( 70.4)  4732016 (473.2)   703659 ( 70.4)   703653 ( 70.4)   647560 ( 64.7)   807907 ( 80.8) 
 241    10140   709540 ( 70.0)  2804683 (276.6)   709546 ( 70.0)   709541 ( 70.0)   647509 ( 63.9)   809754 ( 79.9) 
 242    10206   715617 ( 70.1)  1586935 (155.5)   715622 ( 70.1)   715620 ( 70.1)   655530 ( 64.2)   818071 ( 80.2) 
 243    10343   721271 ( 69.7)  1323437 (128.0)   721273 ( 69.7)   721267 ( 69.7)   666837 ( 64.5)   804217 ( 77.8) 
 244    10381   727389 ( 70.1)  1251737 (120.6)   727396 ( 70.1)   727391 ( 70.1)   662035 ( 63.8)   827862 ( 79.7) 
 245    10187   733322 ( 72.0)  1422763 (139.7)   733330 ( 72.0)   733323 ( 72.0)   668739 ( 65.6)   839913 ( 82.4) 
 246    10236   739367 ( 72.2)  1405448 (137.3)   739374 ( 72.2)   739369 ( 72.2)   676673 ( 66.1)   848140 ( 82.9) 
 247    10317   745343 ( 72.2)  1555827 (150.8)   745351 ( 72.2)   745347 ( 72.2)   692108 ( 67.1)   830895 ( 80.5) 
 248    10381   751338 ( 72.4)  1174222 (113.1)   751342 ( 72.4)   751337 ( 72.4)   683126 ( 65.8)   854288 ( 82.3) 
 249    10471   757415 ( 72.3)  1692812 (161.7)   757420 ( 72.3)   757414 ( 72.3)   690142 ( 65.9)   863158 ( 82.4) 
 250    10531   763509 ( 72.5)  1683415 (159.9)   763516 ( 72.5)   763510 ( 72.5)   698429 ( 66.3)   871612 ( 82.8) 
 251    10617   769357 ( 72.5)  2255426 (212.4)   769362 ( 72.5)   769353 ( 72.5)   710350 ( 66.9)   856573 ( 80.7) 
 252    10651   775667 ( 72.8)  1212870 (113.9)   775674 ( 72.8)   775669 ( 72.8)   705027 ( 66.2)   881918 ( 82.8) 
 253    10739   781798 ( 72.8)  1426227 (132.8)   781803 ( 72.8)   781799 ( 72.8)   711916 ( 66.3)   894408 ( 83.3) 
 254    10798   788040 ( 73.0)  1236817 (114.5)   788044 ( 73.0)   788039 ( 73.0)   720332 ( 66.7)   902763 ( 83.6) 
 255    10882   794206 ( 73.0)  1242358 (114.2)   794212 ( 73.0)   794206 ( 73.0)   736426 ( 67.7)   883953 ( 81.2) 
 256    11387   800390 ( 70.3)  5386713 (473.1)   800398 ( 70.3)   800393 ( 70.3)   734190 ( 64.5)   916559 ( 80.5) 
 257    11034   806668 ( 73.1)  5426424 (491.8)   806668 ( 73.1)   806665 ( 73.1)   744775 ( 67.5)   918162 ( 83.2) 
 258    11100   812955 ( 73.2)  3163641 (285.0)   812959 ( 73.2)   812955 ( 73.2)   753158 ( 67.9)   927105 ( 83.5) 
 259    11237   819169 ( 72.9)  2851198 (253.7)   819176 ( 72.9)   819169 ( 72.9)   755402 ( 67.2)   944038 ( 84.0) 
 260    11292   825501 ( 73.1)  2236678 (198.1)   825508 ( 73.1)   825503 ( 73.1)   749357 ( 66.4)   937476 ( 83.0) 
 261    11400   831822 ( 73.0)  3160945 (277.3)   831828 ( 73.0)   831822 ( 73.0)   756418 ( 66.4)   950283 ( 83.4) 
 262    11485   838259 ( 73.0)  2543391 (221.5)   838263 ( 73.0)   838258 ( 73.0)   765401 ( 66.6)   959303 ( 83.5) 
 263    11601   844620 ( 72.8)  2687657 (231.7)   844625 ( 72.8)   844621 ( 72.8)   782374 ( 67.4)   939128 ( 81.0) 
 264    11676   850999 ( 72.9)  2528491 (216.6)   851006 ( 72.9)   851001 ( 72.9)   771971 ( 66.1)   965830 ( 82.7) 
 265    11756   857461 ( 72.9)  3083361 (262.3)   857470 ( 72.9)   857464 ( 72.9)   779247 ( 66.3)   975081 ( 82.9) 
 266    11835   863947 ( 73.0)  3091743 (261.2)   863955 ( 73.0)   863950 ( 73.0)   788500 ( 66.6)   984253 ( 83.2) 
 267    11994   870181 ( 72.6)  2843935 (237.1)   870185 ( 72.6)   870179 ( 72.6)   801598 ( 66.8)   966543 ( 80.6) 
 268    12298   876709 ( 71.3)  3081742 (250.6)   876713 ( 71.3)   876707 ( 71.3)   794934 ( 64.6)   994833 ( 80.9) 
 269    12373   883221 ( 71.4)  3356833 (271.3)   883223 ( 71.4)   883219 ( 71.4)   802304 ( 64.8)  1008374 ( 81.5) 
 270    12424   889852 ( 71.6)  3530005 (284.1)   889858 ( 71.6)   889854 ( 71.6)   811507 ( 65.3)  1017161 ( 81.9) 
 271    12530   896583 ( 71.6)  3454339 (275.7)   896589 ( 71.6)   896584 ( 71.6)   829585 ( 66.2)   994862 ( 79.4) 
 272    12559   903158 ( 71.9)  6077415 (483.9)   903163 ( 71.9)   903159 ( 71.9)   825917 ( 65.8)  1031495 ( 82.1) 
 273    12778   909821 ( 71.2)  3559563 (278.6)   909823 ( 71.2)   909818 ( 71.2)   825947 ( 64.6)  1033658 ( 80.9) 
 274    12897   916322 ( 71.0)  3888638 (301.5)   916329 ( 71.0)   916324 ( 71.0)   835315 ( 64.8)  1042844 ( 80.9) 
 275    12955   922918 ( 71.2)  5104170 (394.0)   922924 ( 71.2)   922919 ( 71.2)   849190 ( 65.5)  1023616 ( 79.0) 
 276    13095   929645 ( 71.0)  4406954 (336.5)   929648 ( 71.0)   929643 ( 71.0)   841954 ( 64.3)  1054114 ( 80.5) 
 277    13213   936529 ( 70.9)  4108982 (311.0)   936533 ( 70.9)   936527 ( 70.9)   849690 ( 64.3)  1068029 ( 80.8) 
 278    13266   943353 ( 71.1)  4768244 (359.4)   943359 ( 71.1)   943355 ( 71.1)   859443 ( 64.8)  1077292 ( 81.2) 
 279    12906   950103 ( 73.6)  3880272 (300.7)   950107 ( 73.6)   950102 ( 73.6)   878098 ( 68.0)  1052895 ( 81.6) 
 280    13048   956695 ( 73.3)  5309716 (406.9)   956700 ( 73.3)   956693 ( 73.3)   865872 ( 66.4)  1083742 ( 83.1) 
 281    13154   963718 ( 73.3)  5004809 (380.5)   963728 ( 73.3)   963722 ( 73.3)   873839 ( 66.4)  1093612 ( 83.1) 
 282    13496   970598 ( 71.9)  4724968 (350.1)   970601 ( 71.9)   970597 ( 71.9)   883673 ( 65.5)  1103146 ( 81.7) 
 283    13590   977213 ( 71.9)  6579153 (484.1)   977218 ( 71.9)   977214 ( 71.9)   898245 ( 66.1)  1082521 ( 79.7) 
 284    13731   984133 ( 71.7)  4601154 (335.1)   984137 ( 71.7)   984131 ( 71.7)   890336 ( 64.8)  1114898 ( 81.2) 
 285    13827   991208 ( 71.7)  5486854 (396.8)   991214 ( 71.7)   991209 ( 71.7)   898314 ( 65.0)  1129241 ( 81.7) 
 286    13952   998232 ( 71.5)  4764088 (341.5)   998236 ( 71.5)   998230 ( 71.5)   908353 ( 65.1)  1138684 ( 81.6) 
 287    14112  1004997 ( 71.2)  6549826 (464.1)  1005000 ( 71.2)  1004994 ( 71.2)   928039 ( 65.8)  1112481 ( 78.8) 
 288    14092  1011956 ( 71.8)  6812920 (483.5)  1011961 ( 71.8)  1011957 ( 71.8)   922953 ( 65.5)  1153918 ( 81.9) 
 289    13804  1019178 ( 73.8)  6642967 (481.2)  1019186 ( 73.8)  1019180 ( 73.8)   923196 ( 66.9)  1155548 ( 83.7) 
 290    14169  1026253 ( 72.4)  4883633 (344.7)  1026255 ( 72.4)  1026250 ( 72.4)   933457 ( 65.9)  1165334 ( 82.2) 
 291    14292  1033057 ( 72.3)  5876405 (411.2)  1033061 ( 72.3)  1033057 ( 72.3)   948619 ( 66.4)  1143262 ( 80.0) 
 292    14447  1040351 ( 72.0)  5386064 (372.8)  1040356 ( 72.0)  1040351 ( 72.0)   940284 ( 65.1)  1177518 ( 81.5) 
 293    14614  1047260 ( 71.7)  5500267 (376.4)  1047268 ( 71.7)  1047261 ( 71.7)   948155 ( 64.9)  1191845 ( 81.6) 
 294    14703  1054660 ( 71.7)  6909810 (470.0)  1054663 ( 71.7)  1054658 ( 71.7)   958872 ( 65.2)  1201867 ( 81.7) 
 295    14811  1061791 ( 71.7)  6283407 (424.2)  1061799 ( 71.7)  1061792 ( 71.7)   979658 ( 66.1)  1174122 ( 79.3) 
 296    14462  1068774 ( 73.9)  7193804 (497.4)  1068778 ( 73.9)  1068773 ( 73.9)   965312 ( 66.7)  1208698 ( 83.6) 
 297    14850  1076191 ( 72.5)  7247736 (488.1)  1076194 ( 72.5)  1076189 ( 72.5)   973742 ( 65.6)  1218713 ( 82.1) 
 298    14923  1083453 ( 72.6)  6060822 (406.1)  1083459 ( 72.6)  1083454 ( 72.6)   984595 ( 66.0)  1229010 ( 82.4) 
 299    15173  1090462 ( 71.9)  5835210 (384.6)  1090462 ( 71.9)  1090455 ( 71.9)  1000446 ( 65.9)  1205393 ( 79.4) 
 300    15260  1097943 ( 71.9)  7394399 (484.6)  1097959 ( 72.0)  1097956 ( 71.9)   991186 ( 65.0)  1241354 ( 81.3) 
 301    15359  1105227 ( 72.0)  6531891 (425.3)  1105232 ( 72.0)  1105227 ( 72.0)   999594 ( 65.1)  1256646 ( 81.8) 
 302    14997  1112459 ( 74.2)  7493471 (499.7)  1112467 ( 74.2)  1112461 ( 74.2)  1010320 ( 67.4)  1266534 ( 84.5) 
 303    15407  1119966 ( 72.7)  6690241 (434.2)  1119969 ( 72.7)  1119966 ( 72.7)  1032308 ( 67.0)  1237143 ( 80.3) 
 304    15480  1127146 ( 72.8)  7590583 (490.3)  1127148 ( 72.8)  1127141 ( 72.8)  1025645 ( 66.3)  1282226 ( 82.8) 
 305    15685  1134748 ( 72.3)  6729177 (429.0)  1134756 ( 72.3)  1134752 ( 72.3)  1025857 ( 65.4)  1283936 ( 81.9) 
 306    15810  1142032 ( 72.2)  7690984 (486.5)  1142038 ( 72.2)  1142034 ( 72.2)  1036808 ( 65.6)  1294149 ( 81.9) 
 307    15509  1149585 ( 74.1)  4354935 (280.8)  1149589 ( 74.1)  1149583 ( 74.1)  1053734 ( 67.9)  1269454 ( 81.9) 
 308    15876  1156909 ( 72.9)  7326880 (461.5)  1156912 ( 72.9)  1156907 ( 72.9)  1043647 ( 65.7)  1307378 ( 82.3) 
 309    15996  1164562 ( 72.8)  7843220 (490.3)  1164569 ( 72.8)  1164563 ( 72.8)  1052230 ( 65.8)  1322872 ( 82.7) 
 310    16191  1171997 ( 72.4)  7514146 (464.1)  1172001 ( 72.4)  1171995 ( 72.4)  1063607 ( 65.7)  1333135 ( 82.3) 
 311    16330  1179688 ( 72.2)  7094354 (434.4)  1179696 ( 72.2)  1179690 ( 72.2)  1086562 ( 66.5)  1301897 ( 79.7) 
 312    15991  1187061 ( 74.2)  7992314 (499.8)  1187066 ( 74.2)  1187061 ( 74.2)  1070202 ( 66.9)  1340454 ( 83.8) 
 313    16385  1194865 ( 72.9)  8048666 (491.2)  1194869 ( 72.9)  1194862 ( 72.9)  1079070 ( 65.9)  1350712 ( 82.4) 
 314    16534  1202344 ( 72.7)  8099543 (489.9)  1202346 ( 72.7)  1202342 ( 72.7)  1090568 ( 66.0)  1361300 ( 82.3) 
 315    16770  1209912 ( 72.1)  5788621 (345.2)  1209911 ( 72.1)  1209905 ( 72.1)  1108139 ( 66.1)  1334664 ( 79.6) 
 316    16331  1217782 ( 74.6)  8203341 (502.3)  1217787 ( 74.6)  1217781 ( 74.6)  1097482 ( 67.2)  1374986 ( 84.2) 
 317    16754  1225275 ( 73.1)  8253037 (492.6)  1225278 ( 73.1)  1225273 ( 73.1)  1106073 ( 66.0)  1390741 ( 83.0) 
 318    16905  1233256 ( 73.0)  8308291 (491.5)  1233260 ( 73.0)  1233254 ( 73.0)  1118121 ( 66.1)  1401504 ( 82.9) 
 319    17079  1240791 ( 72.7)  8335404 (488.0)  1240802 ( 72.7)  1240796 ( 72.7)  1141833 ( 66.9)  1368012 ( 80.1) 
 320    17185  1248533 ( 72.7)  8411901 (489.5)  1248539 ( 72.7)  1248533 ( 72.7)  1133671 ( 66.0)  1418221 ( 82.5) 
 321    17139  1256530 ( 73.3)  8464164 (493.9)  1256534 ( 73.3)  1256528 ( 73.3)  1133929 ( 66.2)  1419320 ( 82.8) 
 322    17307  1264382 ( 73.1)  8517604 (492.1)  1264384 ( 73.1)  1264379 ( 73.1)  1145944 ( 66.2)  1430496 ( 82.7) 
 323    17501  1272140 ( 72.7)  8568801 (489.6)  1272142 ( 72.7)  1272137 ( 72.7)  1164109 ( 66.5)  1401996 ( 80.1) 
 324    17136  1280030 ( 74.7)  8624428 (503.3)  1280034 ( 74.7)  1280029 ( 74.7)  1152791 ( 67.3)  1444457 ( 84.3) 
 325    17625  1287711 ( 73.1)  8677851 (492.4)  1287719 ( 73.1)  1287713 ( 73.1)  1161551 ( 65.9)  1460452 ( 82.9) 
 326    17734  1295893 ( 73.1)  8142417 (459.1)  1295894 ( 73.1)  1295890 ( 73.1)  1174018 ( 66.2)  1471530 ( 83.0) 
 327    17937  1303796 ( 72.7)  8361425 (466.2)  1303801 ( 72.7)  1303796 ( 72.7)  1198961 ( 66.8)  1436040 ( 80.1) 
 328    17609  1311737 ( 74.5)  8832805 (501.6)  1311742 ( 74.5)  1311737 ( 74.5)  1180677 ( 67.0)  1479220 ( 84.0) 
 329    18023  1319744 ( 73.2)  5967237 (331.1)  1319751 ( 73.2)  1319763 ( 73.2)  1189850 ( 66.0)  1489496 ( 82.6) 
 330    18164  1327788 ( 73.1)  8946686 (492.6)  1327794 ( 73.1)  1327790 ( 73.1)  1202420 ( 66.2)  1500647 ( 82.6) 
 331    18341  1335742 ( 72.8)  9001222 (490.8)  1335750 ( 72.8)  1335743 ( 72.8)  1221538 ( 66.6)  1470909 ( 80.2) 
 332    18275  1343831 ( 73.5)  9054550 (495.5)  1343834 ( 73.5)  1343829 ( 73.5)  1209267 ( 66.2)  1515426 ( 82.9) 
 333    18488  1351886 ( 73.1)  8483173 (458.8)  1351893 ( 73.1)  1351887 ( 73.1)  1218381 ( 65.9)  1531973 ( 82.9) 
 334    18673  1359944 ( 72.8)  9165317 (490.8)  1359907 ( 72.8)  1359901 ( 72.8)  1230934 ( 65.9)  1542990 ( 82.6) 
 335    18324  1368173 ( 74.7)  9181909 (501.1)  1368182 ( 74.7)  1368176 ( 74.7)  1257160 ( 68.6)  1505846 ( 82.2) 
 336    18642  1376314 ( 73.8)  9277688 (497.7)  1376319 ( 73.8)  1376315 ( 73.8)  1247109 ( 66.9)  1560224 ( 83.7) 
 337    18950  1384518 ( 73.1)  9328716 (492.3)  1384521 ( 73.1)  1384515 ( 73.1)  1247269 ( 65.8)  1561493 ( 82.4) 
 338    18653  1392754 ( 74.7)  9384010 (503.1)  1392763 ( 74.7)  1392754 ( 74.7)  1260318 ( 67.6)  1573088 ( 84.3) 
 339    19078  1400899 ( 73.4)  9437511 (494.7)  1400903 ( 73.4)  1400899 ( 73.4)  1280020 ( 67.1)  1541042 ( 80.8) 
 340    19259  1409186 ( 73.2)  9497271 (493.1)  1409188 ( 73.2)  1409183 ( 73.2)  1267152 ( 65.8)  1588003 ( 82.5) 
 341    18965  1417432 ( 74.7)  6261376 (330.2)  1417436 ( 74.7)  1417432 ( 74.7)  1276330 ( 67.3)  1604892 ( 84.6) 
 342    19326  1425816 ( 73.8)  8793480 (455.0)  1425824 ( 73.8)  1425818 ( 73.8)  1289671 ( 66.7)  1616558 ( 83.6) 
 343    19650  1433938 ( 73.0)  9665253 (491.9)  1433940 ( 73.0)  1433934 ( 73.0)  1316851 ( 67.0)  1576920 ( 80.3) 
 344    19283  1442441 ( 74.8)  9714802 (503.8)  1442447 ( 74.8)  1442441 ( 74.8)  1296356 ( 67.2)  1624781 ( 84.3) 
 345    19672  1450833 ( 73.8)  9517909 (483.8)  1450839 ( 73.8)  1450835 ( 73.8)  1305962 ( 66.4)  1634975 ( 83.1) 
 346    19902  1459272 ( 73.3)  9832631 (494.1)  1459274 ( 73.3)  1459270 ( 73.3)  1319550 ( 66.3)  1646898 ( 82.8) 
 347    19639  1467611 ( 74.7)  9890332 (503.6)  1467615 ( 74.7)  1467609 ( 74.7)  1340258 ( 68.2)  1613374 ( 82.2) 
 348    20098  1476087 ( 73.4)  9948469 (495.0)  1476094 ( 73.4)  1476087 ( 73.4)  1326297 ( 66.0)  1662613 ( 82.7) 
 349    20235  1484528 ( 73.4)  7869688 (388.9)  1484534 ( 73.4)  1484530 ( 73.4)  1335925 ( 66.0)  1679994 ( 83.0) 
 350    20169  1493113 ( 74.0) 10063708 (499.0)  1493115 ( 74.0)  1493111 ( 74.0)  1349546 ( 66.9)  1691471 ( 83.9) 
 351    20431  1501593 ( 73.5) 10119498 (495.3)  1501599 ( 73.5)  1501594 ( 73.5)  1377994 ( 67.4)  1649991 ( 80.8) 
 352    20521  1510119 ( 73.6) 10175180 (495.8)  1510125 ( 73.6)  1510121 ( 73.6)  1366118 ( 66.6)  1710142 ( 83.3) 
 353    20523  1518706 ( 74.0) 10235101 (498.7)  1518713 ( 74.0)  1518708 ( 74.0)  1366118 ( 66.6)  1710495 ( 83.3) 
 354    20749  1527340 ( 73.6) 10292984 (496.1)  1527344 ( 73.6)  1527338 ( 73.6)  1379924 ( 66.5)  1722328 ( 83.0) 
 355    20506  1535871 ( 74.9) 10349968 (504.7)  1535877 ( 74.9)  1535870 ( 74.9)  1401624 ( 68.4)  1687143 ( 82.3) 
 356    20956  1544365 ( 73.7) 10412136 (496.9)  1544368 ( 73.7)  1544363 ( 73.7)  1386728 ( 66.2)  1738550 ( 83.0) 
 357    21185  1553177 ( 73.3) 10467529 (494.1)  1553183 ( 73.3)  1553178 ( 73.3)  1396658 ( 65.9)  1756563 ( 82.9) 
 358    21087  1561954 ( 74.1)  9934605 (471.1)  1561959 ( 74.1)  1561954 ( 74.1)  1410907 ( 66.9)  1768405 ( 83.9) 
 359    21345  1570631 ( 73.6) 10586002 (495.9)  1570639 ( 73.6)  1570632 ( 73.6)  1440515 ( 67.5)  1724556 ( 80.8) 
 360    21025  1579353 ( 75.1) 10639565 (506.0)  1579360 ( 75.1)  1579353 ( 75.1)  1417502 ( 67.4)  1776757 ( 84.5) 
 361    21522  1588137 ( 73.8) 10706936 (497.5)  1588137 ( 73.8)  1588132 ( 73.8)  1427447 ( 66.3)  1787293 ( 83.0) 
 362    21669  1596957 ( 73.7) 10763077 (496.7)  1596964 ( 73.7)  1596958 ( 73.7)  1442053 ( 66.5)  1799822 ( 83.1) 
 363    21705  1605684 ( 74.0) 10820780 (498.5)  1605694 ( 74.0)  1605685 ( 74.0)  1464443 ( 67.5)  1762766 ( 81.2) 
 364    21932  1614552 ( 73.6) 10883925 (496.3)  1614555 ( 73.6)  1614548 ( 73.6)  1448782 ( 66.1)  1816572 ( 82.8) 
 365    21645  1623376 ( 75.0) 10941315 (505.5)  1623382 ( 75.0)  1623376 ( 75.0)  1458651 ( 67.4)  1834707 ( 84.8) 
 366    22086  1632350 ( 73.9) 11004655 (498.3)  1632355 ( 73.9)  1632350 ( 73.9)  1473454 ( 66.7)  1847068 ( 83.6) 
 367    21855  1641222 ( 75.1) 11062424 (506.2)  1641226 ( 75.1)  1641219 ( 75.1)  1504204 ( 68.8)  1800802 ( 82.4) 
 368    22206  1650138 ( 74.3) 11122764 (500.9)  1650142 ( 74.3)  1650136 ( 74.3)  1490378 ( 67.1)  1865718 ( 84.0) 
 369    22523  1659110 ( 73.7) 11187947 (496.7)  1659116 ( 73.7)  1659110 ( 73.7)  1490390 ( 66.2)  1866120 ( 82.9) 
 370    22471  1668131 ( 74.2) 11245263 (500.4)  1668134 ( 74.2)  1668130 ( 74.2)  1505383 ( 67.0)  1878743 ( 83.6) 
 371    22751  1677050 ( 73.7) 11304693 (496.9)  1677054 ( 73.7)  1677049 ( 73.7)  1528574 ( 67.2)  1839647 ( 80.9) 
 372    22707  1686113 ( 74.3) 11367382 (500.6)  1686114 ( 74.3)  1686110 ( 74.3)  1512079 ( 66.6)  1896025 ( 83.5) 
 373    22936  1695130 ( 73.9) 11427468 (498.2)  1695154 ( 73.9)  1695146 ( 73.9)  1522257 ( 66.4)  1914665 ( 83.5) 
 374    22700  1704297 ( 75.1) 11489471 (506.1)  1704306 ( 75.1)  1704298 ( 75.1)  1537492 ( 67.7)  1927310 ( 84.9) 
 375    23164  1713364 ( 74.0) 11551570 (498.7)  1713369 ( 74.0)  1713363 ( 74.0)  1569640 ( 67.8)  1878838 ( 81.1) 
 376    22899  1722475 ( 75.2) 11605842 (506.8)  1722478 ( 75.2)  1722473 ( 75.2)  1543846 ( 67.4)  1935619 ( 84.5) 
 377    23400  1731641 ( 74.0) 11676025 (499.0)  1731644 ( 74.0)  1731639 ( 74.0)  1554411 ( 66.4)  1946366 ( 83.2) 
 378    23114  1740857 ( 75.3) 11736281 (507.8)  1740857 ( 75.3)  1740852 ( 75.3)  1570063 ( 67.9)  1959574 ( 84.8) 
 379    23630  1749968 ( 74.1) 11798216 (499.3)  1749971 ( 74.1)  1749964 ( 74.1)  1594049 ( 67.5)  1918171 ( 81.2) 
 380    23342  1759220 ( 75.4) 11859456 (508.1)  1759226 ( 75.4)  1759220 ( 75.4)  1576501 ( 67.5)  1977051 ( 84.7) 
 381    23852  1768441 ( 74.1) 11922407 (499.8)  1768441 ( 74.1)  1768437 ( 74.1)  1586893 ( 66.5)  1995891 ( 83.7) 
 382    23533  1777801 ( 75.5) 11987373 (509.4)  1777803 ( 75.5)  1777798 ( 75.5)  1602707 ( 68.1)  2008564 ( 85.4) 
 383    24076  1787057 ( 74.2) 12048532 (500.4)  1787059 ( 74.2)  1787053 ( 74.2)  1635964 ( 67.9)  1958100 ( 81.3) 
 384    24210  1796364 ( 74.2) 12109599 (500.2)  1796366 ( 74.2)  1796360 ( 74.2)  1620054 ( 66.9)  2028707 ( 83.8) 
 385    24312  1805723 ( 74.3) 12174216 (500.7)  1805724 ( 74.3)  1805720 ( 74.3)  1620266 ( 66.6)  2028450 ( 83.4) 
 386    24014  1815133 ( 75.6) 12237486 (509.6)  1815136 ( 75.6)  1815130 ( 75.6)  1636469 ( 68.1)  2042063 ( 85.0) 
 387    24572  1824437 ( 74.2) 12300194 (500.6)  1824439 ( 74.2)  1824432 ( 74.2)  1661288 ( 67.6)  1998842 ( 81.3) 
 388    24305  1833900 ( 75.5) 12364152 (508.7)  1833892 ( 75.5)  1833887 ( 75.5)  1642866 ( 67.6)  2060401 ( 84.8) 
 389    24829  1843297 ( 74.2) 12428733 (500.6)  1843298 ( 74.2)  1843293 ( 74.2)  1653236 ( 66.6)  2079485 ( 83.8) 
 390    24551  1852854 ( 75.5) 12492937 (508.9)  1852855 ( 75.5)  1852850 ( 75.5)  1669581 ( 68.0)  2092561 ( 85.2) 
 391    25079  1862303 ( 74.3) 12560110 (500.8)  1862306 ( 74.3)  1862300 ( 74.3)  1704206 ( 68.0)  2039428 ( 81.3) 
 392    24819  1871805 ( 75.4) 12614173 (508.2)  1871809 ( 75.4)  1871803 ( 75.4)  1675993 ( 67.5)  2101784 ( 84.7) 
 393    25324  1881352 ( 74.3) 12686094 (501.0)  1881360 ( 74.3)  1881351 ( 74.3)  1686827 ( 66.6)  2112564 ( 83.4) 
 394    25101  1890968 ( 75.3) 12746446 (507.8)  1890963 ( 75.3)  1890958 ( 75.3)  1703649 ( 67.9)  2126063 ( 84.7) 
 395    25588  1900454 ( 74.3) 12817029 (500.9)  1900460 ( 74.3)  1900456 ( 74.3)  1729398 ( 67.6)  2080659 ( 81.3) 
 396    25589  1910107 ( 74.6) 12884292 (503.5)  1910108 ( 74.6)  1910103 ( 74.6)  1709945 ( 66.8)  2144866 ( 83.8) 
 397    25874  1919706 ( 74.2) 12944297 (500.3)  1919707 ( 74.2)  1919702 ( 74.2)  1720800 ( 66.5)  2164581 ( 83.7) 
 398    25825  1929456 ( 74.7) 13012523 (503.9)  1929460 ( 74.7)  1929454 ( 74.7)  1737582 ( 67.3)  2177765 ( 84.3) 
 399    26143  1939107 ( 74.2) 13074308 (500.1)  1939101 ( 74.2)  1939095 ( 74.2)  1773601 ( 67.8)  2122251 ( 81.2) 
# ...the end 
