# starting test: OpenMP ON with 16 threads... 
# sN[S/L] = stride-N [store/load] 
# pur  = pragma unroll 
# mur  = manual unroll 
# murv = manual unroll and vectorize 
# timing in cycles (ratio relative to memcpy) 
 # n   memcpy        loop copy      basic + s1S      basic + s1L    pur 4x4 + s1L    mur 4x4 + s1L   murv 4x4 + s1L 
   2      130    13743 (105.7)    13790 (106.1)    13745 (105.7)    13698 (105.4)    23866 (183.6)    24051 (185.0) 
   3      100    14670 (146.7)    14979 (149.8)    14899 (149.0)    14580 (145.8)    25560 (255.6)    25525 (255.2) 
   4      100    14672 (146.7)    14973 (149.7)    14855 (148.6)    14504 (145.0)    24825 (248.2)    24789 (247.9) 
   5      116    14719 (126.9)    15011 (129.4)    15025 (129.5)    14697 (126.7)    25491 (219.8)    25290 (218.0) 
   6      135    15546 (115.2)    15838 (117.3)    15792 (117.0)    15504 (114.8)    25848 (191.5)    25797 (191.1) 
   7      148    14793 (100.0)    15045 (101.7)    15024 (101.5)    14760 ( 99.7)    25556 (172.7)    25546 (172.6) 
   8      148    15730 (106.3)    15961 (107.8)    15919 (107.6)    15623 (105.6)    24848 (167.9)    24812 (167.6) 
   9      184    15862 ( 86.2)    16176 ( 87.9)    16113 ( 87.6)    15846 ( 86.1)    26041 (141.5)    25785 (140.1) 
  10      192    15588 ( 81.2)    15899 ( 82.8)    15800 ( 82.3)    15499 ( 80.7)    25940 (135.1)    25931 (135.1) 
  11      227    16553 ( 72.9)    16853 ( 74.2)    16631 ( 73.3)    16324 ( 71.9)    26414 (116.4)    26630 (117.3) 
  12      331    16441 ( 49.7)    16715 ( 50.5)    16696 ( 50.4)    16419 ( 49.6)    24844 ( 75.1)    24740 ( 74.7) 
  13      357    17388 ( 48.7)    17721 ( 49.6)    17538 ( 49.1)    17192 ( 48.2)    25681 ( 71.9)    25674 ( 71.9) 
  14      364    18166 ( 49.9)    18425 ( 50.6)    18310 ( 50.3)    17997 ( 49.4)    25709 ( 70.6)    25921 ( 71.2) 
  15      377    18757 ( 49.8)    19124 ( 50.7)    18923 ( 50.2)    18600 ( 49.3)    27116 ( 71.9)    27543 ( 73.1) 
  16      309    18824 ( 60.9)    19091 ( 61.8)    19118 ( 61.9)    18809 ( 60.9)    24722 ( 80.0)    24706 ( 80.0) 
  17      392    19512 ( 49.8)    19813 ( 50.5)    20085 ( 51.2)    19605 ( 50.0)    25388 ( 64.8)    25413 ( 64.8) 
  18      408    20398 ( 50.0)    20653 ( 50.6)    21114 ( 51.8)    20815 ( 51.0)    26467 ( 64.9)    26841 ( 65.8) 
  19      430    20377 ( 47.4)    20640 ( 48.0)    21347 ( 49.6)    21037 ( 48.9)    26213 ( 61.0)    26899 ( 62.6) 
  20      415    20887 ( 50.3)    21173 ( 51.0)    21829 ( 52.6)    21774 ( 52.5)    24932 ( 60.1)    24869 ( 59.9) 
  21      465    22295 ( 47.9)    22793 ( 49.0)    23570 ( 50.7)    23389 ( 50.3)    26157 ( 56.3)    26099 ( 56.1) 
  22      465    22988 ( 49.4)    23376 ( 50.3)    24324 ( 52.3)    24017 ( 51.6)    26661 ( 57.3)    27210 ( 58.5) 
  23      478    23379 ( 48.9)    24214 ( 50.7)    24849 ( 52.0)    24579 ( 51.4)    27096 ( 56.7)    27986 ( 58.5) 
  24      454    24370 ( 53.7)    25025 ( 55.1)    25321 ( 55.8)    25074 ( 55.2)    24855 ( 54.7)    24791 ( 54.6) 
  25      538    24813 ( 46.1)    25977 ( 48.3)    25936 ( 48.2)    25881 ( 48.1)    26019 ( 48.4)    26038 ( 48.4) 
  26      515    25161 ( 48.9)    26711 ( 51.9)    26857 ( 52.1)    26358 ( 51.2)    26711 ( 51.9)    27371 ( 53.1) 
  27      568    27216 ( 47.9)    27601 ( 48.6)    28351 ( 49.9)    28118 ( 49.5)    27844 ( 49.0)    29238 ( 51.5) 
  28      547    27693 ( 50.6)    29277 ( 53.5)    29308 ( 53.6)    28886 ( 52.8)    24930 ( 45.6)    24858 ( 45.4) 
  29      592    29022 ( 49.0)    30370 ( 51.3)    30281 ( 51.2)    29714 ( 50.2)    25907 ( 43.8)    26241 ( 44.3) 
  30      573    29468 ( 51.4)    30886 ( 53.9)    30539 ( 53.3)    30152 ( 52.6)    27149 ( 47.4)    27897 ( 48.7) 
  31      630    30698 ( 48.7)    32403 ( 51.4)    31582 ( 50.1)    31304 ( 49.7)    27050 ( 42.9)    28472 ( 45.2) 
  32      446    31921 ( 71.6)    36130 ( 81.0)    32856 ( 73.7)    32550 ( 73.0)    25139 ( 56.4)    24984 ( 56.0) 
  33      537    33030 ( 61.5)    35644 ( 66.4)    33366 ( 62.1)    33041 ( 61.5)    26657 ( 49.6)    27003 ( 50.3) 
  34      650    33941 ( 52.2)    37645 ( 57.9)    33609 ( 51.7)    33275 ( 51.2)    26337 ( 40.5)    27384 ( 42.1) 
  35      707    35164 ( 49.7)    38654 ( 54.7)    35329 ( 50.0)    35046 ( 49.6)    28601 ( 40.5)    30219 ( 42.7) 
  36      706    36397 ( 51.6)    41384 ( 58.6)    36080 ( 51.1)    35962 ( 50.9)    25670 ( 36.4)    25532 ( 36.2) 
  37      773    36835 ( 47.7)    43154 ( 55.8)    37341 ( 48.3)    37117 ( 48.0)    26078 ( 33.7)    26403 ( 34.2) 
  38      761    37794 ( 49.7)    44167 ( 58.0)    37873 ( 49.8)    37760 ( 49.6)    26566 ( 34.9)    27751 ( 36.5) 
  39      823    38701 ( 47.0)    46201 ( 56.1)    39462 ( 47.9)    39187 ( 47.6)    28551 ( 34.7)    30329 ( 36.9) 
  40      579    39795 ( 68.7)    50042 ( 86.4)    40278 ( 69.6)    39953 ( 69.0)    25382 ( 43.8)    25341 ( 43.8) 
  41      745    40815 ( 54.8)    49555 ( 66.5)    41615 ( 55.9)    41304 ( 55.4)    26612 ( 35.7)    27071 ( 36.3) 
  42      774    41946 ( 54.2)    50860 ( 65.7)    42556 ( 55.0)    42270 ( 54.6)    28189 ( 36.4)    29398 ( 38.0) 
  43      819    42986 ( 52.5)    54856 ( 67.0)    43631 ( 53.3)    43297 ( 52.9)    28691 ( 35.0)    30883 ( 37.7) 
  44      815    44576 ( 54.7)    56837 ( 69.7)    45155 ( 55.4)    44839 ( 55.0)    25081 ( 30.8)    25040 ( 30.7) 
  45      877    45536 ( 51.9)    56688 ( 64.6)    46042 ( 52.5)    45769 ( 52.2)    26631 ( 30.4)    27150 ( 31.0) 
  46      648    46813 ( 72.2)    60032 ( 92.6)    47230 ( 72.9)    46924 ( 72.4)    27666 ( 42.7)    29179 ( 45.0) 
  47      811    47920 ( 59.1)    61970 ( 76.4)    48388 ( 59.7)    48128 ( 59.3)    28828 ( 35.5)    31013 ( 38.2) 
  48      773    49165 ( 63.6)    65036 ( 84.1)    49552 ( 64.1)    49250 ( 63.7)    25075 ( 32.4)    25040 ( 32.4) 
  49      888    50320 ( 56.7)    66539 ( 74.9)    50710 ( 57.1)    50404 ( 56.8)    26453 ( 29.8)    27067 ( 30.5) 
  50      908    51535 ( 56.8)    68890 ( 75.9)    51942 ( 57.2)    51625 ( 56.9)    27425 ( 30.2)    28989 ( 31.9) 
  51      712    52755 ( 74.1)    73525 (103.3)    53155 ( 74.7)    52895 ( 74.3)    29012 ( 40.7)    31557 ( 44.3) 
  52      851    54098 ( 63.6)    73674 ( 86.6)    54555 ( 64.1)    54246 ( 63.7)    25370 ( 29.8)    25328 ( 29.8) 
  53      926    55409 ( 59.8)    74749 ( 80.7)    55849 ( 60.3)    55567 ( 60.0)    26975 ( 29.1)    27683 ( 29.9) 
  54      946    56805 ( 60.0)    77830 ( 82.3)    57171 ( 60.4)    56861 ( 60.1)    28270 ( 29.9)    30083 ( 31.8) 
  55     1005    58071 ( 57.8)    77656 ( 77.3)    58445 ( 58.2)    58142 ( 57.9)    28954 ( 28.8)    31979 ( 31.8) 
  56      761    59409 ( 78.1)    80610 (105.9)    59817 ( 78.6)    59508 ( 78.2)    25663 ( 33.7)    25530 ( 33.5) 
  57      948    60248 ( 63.6)    96519 (101.8)    60434 ( 63.7)    60394 ( 63.7)    25997 ( 27.4)    26840 ( 28.3) 
  58      967    61435 ( 63.5)    86141 ( 89.1)    61661 ( 63.8)    61636 ( 63.7)    27000 ( 27.9)    29260 ( 30.3) 
  59     1025    62958 ( 61.4)    88930 ( 86.8)    63097 ( 61.6)    63075 ( 61.5)    27600 ( 26.9)    30971 ( 30.2) 
  60      767    64438 ( 84.0)    89293 (116.4)    64542 ( 84.1)    64508 ( 84.1)    23904 ( 31.2)    24140 ( 31.5) 
  61      969    65879 ( 68.0)    91074 ( 94.0)    66057 ( 68.2)    66033 ( 68.1)    26211 ( 27.0)    27405 ( 28.3) 
  62     1007    67594 ( 67.1)    94863 ( 94.2)    67692 ( 67.2)    67678 ( 67.2)    26918 ( 26.7)    29293 ( 29.1) 
  63     1050    69023 ( 65.7)    95201 ( 90.7)    69249 ( 66.0)    69225 ( 65.9)    29123 ( 27.7)    32855 ( 31.3) 
  64     1048    70449 ( 67.2)   357525 (341.1)    70715 ( 67.5)    70707 ( 67.5)    24043 ( 22.9)    24283 ( 23.2) 
  65     1032    72144 ( 69.9)    99701 ( 96.6)    72288 ( 70.0)    72267 ( 70.0)    25612 ( 24.8)    26946 ( 26.1) 
  66     1060    73741 ( 69.6)   105465 ( 99.5)    73896 ( 69.7)    73884 ( 69.7)    27732 ( 26.2)    30269 ( 28.6) 
  67     1114    75371 ( 67.7)   107726 ( 96.7)    75518 ( 67.8)    75502 ( 67.8)    28813 ( 25.9)    32588 ( 29.3) 
  68      907    77066 ( 85.0)   109624 (120.9)    77178 ( 85.1)    77138 ( 85.0)    23956 ( 26.4)    24197 ( 26.7) 
  69     1124    78795 ( 70.1)   110700 ( 98.5)    79033 ( 70.3)    79008 ( 70.3)    25915 ( 23.1)    27212 ( 24.2) 
  70     1170    80448 ( 68.8)   123771 (105.8)    80616 ( 68.9)    80588 ( 68.9)    27532 ( 23.5)    30181 ( 25.8) 
  71     1231    82347 ( 66.9)   115722 ( 94.0)    82456 ( 67.0)    82442 ( 67.0)    29325 ( 23.8)    33294 ( 27.0) 
  72     1010    83800 ( 83.0)   119430 (118.2)    83981 ( 83.1)    83959 ( 83.1)    24220 ( 24.0)    24388 ( 24.1) 
  73     1218    86460 ( 71.0)   127950 (105.0)    86617 ( 71.1)    86645 ( 71.1)    26462 ( 21.7)    27804 ( 22.8) 
  74     1250    88270 ( 70.6)   128032 (102.4)    88385 ( 70.7)    88403 ( 70.7)    28608 ( 22.9)    31349 ( 25.1) 
  75     1334    90126 ( 67.6)   130415 ( 97.8)    90228 ( 67.6)    90240 ( 67.6)    30464 ( 22.8)    34735 ( 26.0) 
  76     1225    91943 ( 75.1)   133417 (108.9)    92035 ( 75.1)    92062 ( 75.2)    24860 ( 20.3)    24940 ( 20.4) 
  77     1296    93772 ( 72.4)   144287 (111.3)    93965 ( 72.5)    93976 ( 72.5)    27186 ( 21.0)    28586 ( 22.1) 
  78     1343    95797 ( 71.3)   140215 (104.4)    95904 ( 71.4)    95927 ( 71.4)    28679 ( 21.4)    31674 ( 23.6) 
  79     1192    97664 ( 81.9)   143503 (120.4)    97786 ( 82.0)    97803 ( 82.0)    30859 ( 25.9)    35334 ( 29.6) 
  80     1281    99643 ( 77.8)   143669 (112.2)    99750 ( 77.9)    99775 ( 77.9)    24846 ( 19.4)    24932 ( 19.5) 
  81     1394   101634 ( 72.9)   147993 (106.2)   101717 ( 73.0)   101743 ( 73.0)    26352 ( 18.9)    27856 ( 20.0) 
  82     1215   103631 ( 85.3)   152557 (125.6)   103726 ( 85.4)   103744 ( 85.4)    28996 ( 23.9)    32149 ( 26.5) 
  83     1435   105626 ( 73.6)   154919 (108.0)   105762 ( 73.7)   105781 ( 73.7)    31067 ( 21.6)    35946 ( 25.0) 
  84     1436   107649 ( 75.0)   157729 (109.8)   107817 ( 75.1)   107832 ( 75.1)    24862 ( 17.3)    24937 ( 17.4) 
  85     1288   109674 ( 85.2)   166389 (129.2)   109895 ( 85.3)   109912 ( 85.3)    27229 ( 21.1)    28793 ( 22.4) 
  86     1488   111852 ( 75.2)   170068 (114.3)   112054 ( 75.3)   112052 ( 75.3)    29106 ( 19.6)    32333 ( 21.7) 
  87     1514   114023 ( 75.3)   167969 (110.9)   114103 ( 75.4)   114136 ( 75.4)    31606 ( 20.9)    36591 ( 24.2) 
  88     1350   116128 ( 86.0)   168783 (125.0)   116217 ( 86.1)   116236 ( 86.1)    24845 ( 18.4)    24938 ( 18.5) 
  89     1576   118268 ( 75.0)   175904 (111.6)   118427 ( 75.1)   118453 ( 75.2)    27659 ( 17.6)    29376 ( 18.6) 
  90     1584   120528 ( 76.1)   178544 (112.7)   120670 ( 76.2)   120699 ( 76.2)    28873 ( 18.2)    32291 ( 20.4) 
  91     1442   122702 ( 85.1)   180990 (125.5)   122815 ( 85.2)   122827 ( 85.2)    31836 ( 22.1)    36930 ( 25.6) 
  92     1599   124969 ( 78.2)   184428 (115.3)   125101 ( 78.2)   125126 ( 78.3)    24864 ( 15.5)    24938 ( 15.6) 
  93     1689   127161 ( 75.3)   192730 (114.1)   127368 ( 75.4)   127389 ( 75.4)    26761 ( 15.8)    28485 ( 16.9) 
  94     1604   129565 ( 80.8)   193522 (120.6)   129665 ( 80.8)   129689 ( 80.9)    28946 ( 18.0)    32503 ( 20.3) 
  95     1702   131865 ( 77.5)   196852 (115.7)   131972 ( 77.5)   131997 ( 77.6)    31830 ( 18.7)    37196 ( 21.9) 
  96     1681   134189 ( 79.8)   780040 (464.0)   134335 ( 79.9)   134350 ( 79.9)    24847 ( 14.8)    24930 ( 14.8) 
  97     1719   136539 ( 79.4)   202871 (118.0)   136721 ( 79.5)   136751 ( 79.6)    27287 ( 15.9)    29013 ( 16.9) 
  98     1749   138929 ( 79.4)   208705 (119.3)   139128 ( 79.5)   139150 ( 79.6)    29628 ( 16.9)    33558 ( 19.2) 
  99     1623   141281 ( 87.0)   212959 (131.2)   141497 ( 87.2)   141513 ( 87.2)    32091 ( 19.8)    37713 ( 23.2) 
 100     1803   143806 ( 79.8)   214339 (118.9)   143940 ( 79.8)   143962 ( 79.8)    24862 ( 13.8)    24942 ( 13.8) 
 101     1898    37692 ( 19.9)    48899 ( 25.8)    38062 ( 20.1)    37930 ( 20.0)    38064 ( 20.1)    40123 ( 21.1) 
 102     1828    37669 ( 20.6)    50670 ( 27.7)    37919 ( 20.7)    38365 ( 21.0)    41138 ( 22.5)    45085 ( 24.7) 
 103     1950    37777 ( 19.4)    49171 ( 25.2)    38273 ( 19.6)    38433 ( 19.7)    43233 ( 22.2)    49245 ( 25.3) 
 104     1752    38050 ( 21.7)    41118 ( 23.5)    38713 ( 22.1)    38728 ( 22.1)    36310 ( 20.7)    36374 ( 20.8) 
 105     1958    37877 ( 19.3)    50401 ( 25.7)    38073 ( 19.4)    38603 ( 19.7)    38037 ( 19.4)    40236 ( 20.5) 
 106     2020    38074 ( 18.8)    50148 ( 24.8)    38305 ( 19.0)    38493 ( 19.1)    41107 ( 20.4)    45205 ( 22.4) 
 107     1988    38261 ( 19.2)    50387 ( 25.3)    38867 ( 19.6)    38723 ( 19.5)    43328 ( 21.8)    49696 ( 25.0) 
 108     2028    38937 ( 19.2)    47287 ( 23.3)    38882 ( 19.2)    39047 ( 19.3)    36227 ( 17.9)    36373 ( 17.9) 
 109     1935    38333 ( 19.8)    51105 ( 26.4)    38791 ( 20.0)    38799 ( 20.1)    38438 ( 19.9)    40619 ( 21.0) 
 110     2102    38592 ( 18.4)    50567 ( 24.1)    38886 ( 18.5)    39172 ( 18.6)    41395 ( 19.7)    45614 ( 21.7) 
 111     1930    38712 ( 20.1)    51882 ( 26.9)    38941 ( 20.2)    39128 ( 20.3)    44385 ( 23.0)    50710 ( 26.3) 
 112     2062    38746 ( 18.8)    45227 ( 21.9)    39139 ( 19.0)    39353 ( 19.1)    36299 ( 17.6)    36393 ( 17.6) 
 113     2247    41005 ( 18.2)    54885 ( 24.4)    41215 ( 18.3)    41134 ( 18.3)    39463 ( 17.6)    41658 ( 18.5) 
 114     2173    41106 ( 18.9)    52341 ( 24.1)    41425 ( 19.1)    41436 ( 19.1)    41253 ( 19.0)    45824 ( 21.1) 
 115     2456    41151 ( 16.8)    55673 ( 22.7)    41657 ( 17.0)    41628 ( 16.9)    43532 ( 17.7)    50338 ( 20.5) 
 116     2203    41418 ( 18.8)    51310 ( 23.3)    41657 ( 18.9)    41765 ( 19.0)    36250 ( 16.5)    36385 ( 16.5) 
 117     2567    41203 ( 16.1)    56664 ( 22.1)    41562 ( 16.2)    41810 ( 16.3)    39383 ( 15.3)    41645 ( 16.2) 
 118     2507    41365 ( 16.5)    55718 ( 22.2)    41753 ( 16.7)    41848 ( 16.7)    41177 ( 16.4)    45973 ( 18.3) 
 119     2589    41704 ( 16.1)    56772 ( 21.9)    42165 ( 16.3)    42306 ( 16.3)    44251 ( 17.1)    51273 ( 19.8) 
 120     2518    42106 ( 16.7)    45073 ( 17.9)    42334 ( 16.8)    42675 ( 16.9)    36240 ( 14.4)    36372 ( 14.4) 
 121     2957    41794 ( 14.1)    57035 ( 19.3)    42093 ( 14.2)    42222 ( 14.3)    39311 ( 13.3)    41696 ( 14.1) 
 122     2817    42060 ( 14.9)    55651 ( 19.8)    42016 ( 14.9)    42331 ( 15.0)    41816 ( 14.8)    46521 ( 16.5) 
 123     3151    42358 ( 13.4)    57457 ( 18.2)    42516 ( 13.5)    42873 ( 13.6)    44351 ( 14.1)    51787 ( 16.4) 
 124     2967    42456 ( 14.3)    52918 ( 17.8)    42950 ( 14.5)    43095 ( 14.5)    36283 ( 12.2)    36399 ( 12.3) 
 125     2959    42700 ( 14.4)    58234 ( 19.7)    43023 ( 14.5)    43055 ( 14.6)    39578 ( 13.4)    42068 ( 14.2) 
 126     3052    42746 ( 14.0)    57778 ( 18.9)    43022 ( 14.1)    43335 ( 14.2)    41844 ( 13.7)    46823 ( 15.3) 
 127     3628    42892 ( 11.8)    59463 ( 16.4)    43104 ( 11.9)    43209 ( 11.9)    45152 ( 12.4)    52811 ( 14.6) 
 128     3476    42968 ( 12.4)   111318 ( 32.0)    43151 ( 12.4)    43247 ( 12.4)    36251 ( 10.4)    36401 ( 10.5) 
 129     4033    45504 ( 11.3)    62347 ( 15.5)    45756 ( 11.3)    45785 ( 11.4)    38847 (  9.6)    41501 ( 10.3) 
 130     3422    45696 ( 13.4)    63076 ( 18.4)    45863 ( 13.4)    46132 ( 13.5)    42151 ( 12.3)    47465 ( 13.9) 
 131     3719    45438 ( 12.2)    62440 ( 16.8)    45588 ( 12.3)    45754 ( 12.3)    44849 ( 12.1)    52723 ( 14.2) 
 132     3358    45924 ( 13.7)    63194 ( 18.8)    45824 ( 13.6)    46038 ( 13.7)    36243 ( 10.8)    36376 ( 10.8) 
 133     3779    46266 ( 12.2)    63201 ( 16.7)    46447 ( 12.3)    46689 ( 12.4)    39907 ( 10.6)    42507 ( 11.2) 
 134     3430    46597 ( 13.6)    63997 ( 18.7)    46695 ( 13.6)    46824 ( 13.7)    42052 ( 12.3)    47374 ( 13.8) 
 135     4121    46335 ( 11.2)    63858 ( 15.5)    46470 ( 11.3)    46561 ( 11.3)    45589 ( 11.1)    53453 ( 13.0) 
 136     3661    46568 ( 12.7)    64394 ( 17.6)    46747 ( 12.8)    46654 ( 12.7)    36256 (  9.9)    36374 (  9.9) 
 137     4165    47021 ( 11.3)    64312 ( 15.4)    46866 ( 11.3)    46605 ( 11.2)    39949 (  9.6)    42644 ( 10.2) 
 138     3755    47116 ( 12.5)    64860 ( 17.3)    47281 ( 12.6)    47183 ( 12.6)    42504 ( 11.3)    48199 ( 12.8) 
 139     4257    47143 ( 11.1)    64899 ( 15.2)    47221 ( 11.1)    47334 ( 11.1)    45903 ( 10.8)    53960 ( 12.7) 
 140     4198    47337 ( 11.3)    65231 ( 15.5)    47389 ( 11.3)    47538 ( 11.3)    36242 (  8.6)    36384 (  8.7) 
 141     4386    47452 ( 10.8)    65663 ( 15.0)    47488 ( 10.8)    47683 ( 10.9)    39828 (  9.1)    42623 (  9.7) 
 142     4272    47589 ( 11.1)    65877 ( 15.4)    47658 ( 11.2)    47676 ( 11.2)    42930 ( 10.0)    48587 ( 11.4) 
 143     4495    47763 ( 10.6)    65781 ( 14.6)    47553 ( 10.6)    48015 ( 10.7)    45761 ( 10.2)    54525 ( 12.1) 
 144     4315    47808 ( 11.1)   139048 ( 32.2)    47973 ( 11.1)    48075 ( 11.1)    36243 (  8.4)    36378 (  8.4) 
 145     4052    50012 ( 12.3)    69217 ( 17.1)    50076 ( 12.4)    50023 ( 12.3)    39123 (  9.7)    42074 ( 10.4) 
 146     4531    49987 ( 11.0)    68291 ( 15.1)    50085 ( 11.1)    50106 ( 11.1)    42420 (  9.4)    48207 ( 10.6) 
 147     4172    50314 ( 12.1)    69750 ( 16.7)    50485 ( 12.1)    50464 ( 12.1)    46439 ( 11.1)    54980 ( 13.2) 
 148     4693    50492 ( 10.8)    68721 ( 14.6)    50506 ( 10.8)    50609 ( 10.8)    36224 (  7.7)    36368 (  7.7) 
 149     4638    50303 ( 10.8)    70476 ( 15.2)    50359 ( 10.9)    50492 ( 10.9)    39131 (  8.4)    42191 (  9.1) 
 150     4782    50443 ( 10.5)    69309 ( 14.5)    50479 ( 10.6)    50503 ( 10.6)    42899 (  9.0)    48920 ( 10.2) 
 151     4788    50683 ( 10.6)    71929 ( 15.0)    50821 ( 10.6)    50961 ( 10.6)    46636 (  9.7)    55615 ( 11.6) 
 152     4373    50750 ( 11.6)    69730 ( 15.9)    50856 ( 11.6)    51002 ( 11.7)    36212 (  8.3)    36377 (  8.3) 
 153     4908    50885 ( 10.4)    71309 ( 14.5)    51087 ( 10.4)    51026 ( 10.4)    39978 (  8.1)    43097 (  8.8) 
 154     4838    51030 ( 10.5)    74701 ( 15.4)    51209 ( 10.6)    51325 ( 10.6)    43019 (  8.9)    49226 ( 10.2) 
 155     5070    51188 ( 10.1)    72776 ( 14.4)    51333 ( 10.1)    51477 ( 10.2)    46692 (  9.2)    55783 ( 11.0) 
 156     5011    51343 ( 10.2)    70905 ( 14.1)    51528 ( 10.3)    51615 ( 10.3)    36202 (  7.2)    36439 (  7.3) 
 157     4622    51429 ( 11.1)    72590 ( 15.7)    51718 ( 11.2)    51694 ( 11.2)    40267 (  8.7)    43384 (  9.4) 
 158     5170    51533 ( 10.0)    71252 ( 13.8)    51696 ( 10.0)    51833 ( 10.0)    43592 (  8.4)    49933 (  9.7) 
 159     5084    51801 ( 10.2)    73041 ( 14.4)    51989 ( 10.2)    52032 ( 10.2)    47058 (  9.3)    56560 ( 11.1) 
 160     5203    51771 ( 10.0)   164308 ( 31.6)    51988 ( 10.0)    52030 ( 10.0)    36219 (  7.0)    36361 (  7.0) 
 161     5265    54039 ( 10.3)    76583 ( 14.5)    54242 ( 10.3)    54333 ( 10.3)    39143 (  7.4)    42380 (  8.0) 
 162     5219    54218 ( 10.4)    76825 ( 14.7)    54380 ( 10.4)    54454 ( 10.4)    43316 (  8.3)    49666 (  9.5) 
 163     5446    54365 ( 10.0)   128719 ( 23.6)    54535 ( 10.0)    54638 ( 10.0)    47232 (  8.7)    56749 ( 10.4) 
 164     5412    54494 ( 10.1)    74672 ( 13.8)    54739 ( 10.1)    54807 ( 10.1)    36277 (  6.7)    36372 (  6.7) 
 165     5037    54747 ( 10.9)    79402 ( 15.8)    54992 ( 10.9)    55063 ( 10.9)    40198 (  8.0)    43481 (  8.6) 
 166     5576    54789 (  9.8)    78024 ( 14.0)    55024 (  9.9)    55049 (  9.9)    43185 (  7.7)    49791 (  8.9) 
 167     5533    55004 (  9.9)    84958 ( 15.4)    55213 ( 10.0)    55284 ( 10.0)    47493 (  8.6)    57201 ( 10.3) 
 168     5176    55178 ( 10.7)    78555 ( 15.2)    55397 ( 10.7)    55456 ( 10.7)    36238 (  7.0)    36370 (  7.0) 
 169     5745    55223 (  9.6)    79592 ( 13.9)    55531 (  9.7)    55550 (  9.7)    40230 (  7.0)    43611 (  7.6) 
 170     5652    55563 (  9.8)    80448 ( 14.2)    55763 (  9.9)    55861 (  9.9)    44400 (  7.9)    50957 (  9.0) 
 171     5357    55557 ( 10.4)   173862 ( 32.5)    55803 ( 10.4)    55850 ( 10.4)    47943 (  8.9)    57705 ( 10.8) 
 172     5895    55734 (  9.5)    76548 ( 13.0)    55955 (  9.5)    56012 (  9.5)    36227 (  6.1)    36387 (  6.2) 
 173     5840    55656 (  9.5)    83164 ( 14.2)    55874 (  9.6)    55963 (  9.6)    40506 (  6.9)    43913 (  7.5) 
 174     5474    55969 ( 10.2)    80252 ( 14.7)    56172 ( 10.3)    56264 ( 10.3)    43651 (  8.0)    50647 (  9.3) 
 175     6070    56268 (  9.3)    81024 ( 13.3)    56521 (  9.3)    56578 (  9.3)    48146 (  7.9)    58154 (  9.6) 
 176     5915    56249 (  9.5)   191987 ( 32.5)    56462 (  9.5)    56533 (  9.6)    36222 (  6.1)    36383 (  6.2) 
 177     5685    58635 ( 10.3)    85211 ( 15.0)    58894 ( 10.4)    58956 ( 10.4)    40148 (  7.1)    43687 (  7.7) 
 178     6218    58853 (  9.5)    82972 ( 13.3)    59027 (  9.5)    59124 (  9.5)    44556 (  7.2)    51490 (  8.3) 
 179     6233    58991 (  9.5)    86222 ( 13.8)    59200 (  9.5)    59258 (  9.5)    48604 (  7.8)    58960 (  9.5) 
 180     6195    59148 (  9.5)    80240 ( 13.0)    59339 (  9.6)    59353 (  9.6)    36293 (  5.9)    36455 (  5.9) 
 181     6433    59232 (  9.2)    86126 ( 13.4)    59459 (  9.2)    59522 (  9.3)    40624 (  6.3)    44188 (  6.9) 
 182     6382    59402 (  9.3)    88104 ( 13.8)    59680 (  9.4)    59735 (  9.4)    44362 (  7.0)    51496 (  8.1) 
 183     6394    59554 (  9.3)   177672 ( 27.8)    59786 (  9.4)    59867 (  9.4)    48737 (  7.6)    59267 (  9.3) 
 184     6060    59709 (  9.9)    81305 ( 13.4)    59937 (  9.9)    59929 (  9.9)    36223 (  6.0)    36388 (  6.0) 
 185     6649    59821 (  9.0)    91596 ( 13.8)    60048 (  9.0)    60162 (  9.0)    40681 (  6.1)    44336 (  6.7) 
 186     6613    59988 (  9.1)    86774 ( 13.1)    60266 (  9.1)    60337 (  9.1)    44880 (  6.8)    52180 (  7.9) 
 187     6620    60162 (  9.1)    87137 ( 13.2)    60370 (  9.1)    60448 (  9.1)    48955 (  7.4)    59815 (  9.0) 
 188     6241    60268 (  9.7)    82579 ( 13.2)    60532 (  9.7)    60535 (  9.7)    36201 (  5.8)    36377 (  5.8) 
 189     6857    60396 (  8.8)    89540 ( 13.1)    60682 (  8.8)    60724 (  8.9)    39815 (  5.8)    43662 (  6.4) 
 190     6827    60589 (  8.9)    86854 ( 12.7)    60838 (  8.9)    60860 (  8.9)    44608 (  6.5)    52204 (  7.6) 
 191     6828    60739 (  8.9)    88600 ( 13.0)    60987 (  8.9)    61064 (  8.9)    49226 (  7.2)    60230 (  8.8) 
 192     6967    60879 (  8.7)   219457 ( 31.5)    61139 (  8.8)    61186 (  8.8)    36221 (  5.2)    36365 (  5.2) 
 193     7087    63332 (  8.9)   100701 ( 14.2)    63629 (  9.0)    63662 (  9.0)    40804 (  5.8)    44650 (  6.3) 
 194     7075    63536 (  9.0)    93002 ( 13.1)    63803 (  9.0)    63887 (  9.0)    45208 (  6.4)    52761 (  7.5) 
 195     7092    63875 (  9.0)    93428 ( 13.2)    64147 (  9.0)    64153 (  9.0)    49110 (  6.9)    60598 (  8.5) 
 196     6725    63894 (  9.5)    93846 ( 14.0)    64158 (  9.5)    64202 (  9.5)    36213 (  5.4)    36383 (  5.4) 
 197     7351    64017 (  8.7)   173061 ( 23.5)    64288 (  8.7)    64380 (  8.8)    40523 (  5.5)    44522 (  6.1) 
 198     7339    64165 (  8.7)   100560 ( 13.7)    64407 (  8.8)    64463 (  8.8)    44874 (  6.1)    52604 (  7.2) 
 199     7351    64325 (  8.8)    94668 ( 12.9)    64623 (  8.8)    64679 (  8.8)    50082 (  6.8)    61848 (  8.4) 
 200     7021    64510 (  9.2)    93345 ( 13.3)    64832 (  9.2)    64845 (  9.2)    36235 (  5.2)    36371 (  5.2) 
 201     7607    64643 (  8.5)    97202 ( 12.8)    64970 (  8.5)    65009 (  8.5)    40551 (  5.3)    44512 (  5.9) 
 202     7577    64821 (  8.6)    96203 ( 12.7)    65069 (  8.6)    65160 (  8.6)    45643 (  6.0)    53451 (  7.1) 
 203     7606    64962 (  8.5)    95658 ( 12.6)    65226 (  8.6)    65332 (  8.6)    50302 (  6.6)    62068 (  8.2) 
 204     7638    65158 (  8.5)    95987 ( 12.6)    65365 (  8.6)    65436 (  8.6)    36226 (  4.7)    36372 (  4.8) 
 205     7345    65231 (  8.9)   225392 ( 30.7)    65532 (  8.9)    65604 (  8.9)    41028 (  5.6)    45092 (  6.1) 
 206     7904    65445 (  8.3)    97132 ( 12.3)    65747 (  8.3)    65809 (  8.3)    45896 (  5.8)    53930 (  6.8) 
 207     7931    65612 (  8.3)   103288 ( 13.0)    65854 (  8.3)    65945 (  8.3)    50205 (  6.3)    62243 (  7.8) 
 208     7836    65767 (  8.4)   255341 ( 32.6)    66051 (  8.4)    66120 (  8.4)    36225 (  4.6)    36377 (  4.6) 
 209     7976    68427 (  8.6)   110509 ( 13.9)    68772 (  8.6)    68826 (  8.6)    40881 (  5.1)    45070 (  5.7) 
 210     7634    68628 (  9.0)   100207 ( 13.1)    68940 (  9.0)    68999 (  9.0)    45240 (  5.9)    53668 (  7.0) 
 211     8239    68820 (  8.4)   107626 ( 13.1)    69090 (  8.4)    69167 (  8.4)    50651 (  6.1)    63066 (  7.7) 
 212     8296    69026 (  8.3)   101106 ( 12.2)    69262 (  8.3)    69366 (  8.4)    36238 (  4.4)    36378 (  4.4) 
 213     8337    69156 (  8.3)   104767 ( 12.6)    69457 (  8.3)    69529 (  8.3)    41148 (  4.9)    45358 (  5.4) 
 214     8293    69331 (  8.4)   112613 ( 13.6)    69699 (  8.4)    69748 (  8.4)    46147 (  5.6)    54422 (  6.6) 
 215     8374    69536 (  8.3)   103774 ( 12.4)    69814 (  8.3)    69896 (  8.3)    50651 (  6.0)    63181 (  7.5) 
 216     8062    69679 (  8.6)   101704 ( 12.6)    69996 (  8.7)    70024 (  8.7)    36232 (  4.5)    36386 (  4.5) 
 217     8674    69798 (  8.0)   126062 ( 14.5)    70117 (  8.1)    70215 (  8.1)    40991 (  4.7)    45292 (  5.2) 
 218     8700    69991 (  8.0)   102625 ( 11.8)    70304 (  8.1)    70362 (  8.1)    45760 (  5.3)    54413 (  6.3) 
 219     8732    70160 (  8.0)   120762 ( 13.8)    70491 (  8.1)    70572 (  8.1)    50854 (  5.8)    63735 (  7.3) 
 220     8777    70371 (  8.0)   115172 ( 13.1)    70700 (  8.1)    70739 (  8.1)    36231 (  4.1)    36381 (  4.1) 
 221     8779    70482 (  8.0)   106884 ( 12.2)    70816 (  8.1)    70929 (  8.1)    41285 (  4.7)    45622 (  5.2) 
 222     8825    70682 (  8.0)   134541 ( 15.2)    71000 (  8.0)    71081 (  8.1)    46180 (  5.2)    54893 (  6.2) 
 223     8555    70863 (  8.3)   112290 ( 13.1)    71219 (  8.3)    71274 (  8.3)    51046 (  6.0)    63961 (  7.5) 
 224     9045    71136 (  7.9)   291194 ( 32.2)    71374 (  7.9)    71420 (  7.9)    36235 (  4.0)    36442 (  4.0) 
 225     9191    73906 (  8.0)   119260 ( 13.0)    74307 (  8.1)    74348 (  8.1)    40775 (  4.4)    45296 (  4.9) 
 226     9235    74083 (  8.0)   141759 ( 15.4)    74501 (  8.1)    74569 (  8.1)    46532 (  5.0)    55191 (  6.0) 
 227     9271    74306 (  8.0)   122902 ( 13.3)    74637 (  8.1)    74718 (  8.1)    51578 (  5.6)    65036 (  7.0) 
 228     9356    74515 (  8.0)   126611 ( 13.5)    74853 (  8.0)    74905 (  8.0)    36216 (  3.9)    36373 (  3.9) 
 229     9376    74823 (  8.0)   113042 ( 12.1)    75183 (  8.0)    75231 (  8.0)    41381 (  4.4)    45903 (  4.9) 
 230     9400    74842 (  8.0)   115683 ( 12.3)    75224 (  8.0)    75251 (  8.0)    46764 (  5.0)    55641 (  5.9) 
 231     9142    75014 (  8.2)   148081 ( 16.2)    75381 (  8.2)    75461 (  8.3)    51703 (  5.7)    65179 (  7.1) 
 232     9188    75217 (  8.2)   114066 ( 12.4)    75621 (  8.2)    75650 (  8.2)    36213 (  3.9)    36369 (  4.0) 
 233     9233    75359 (  8.2)   148650 ( 16.1)    75764 (  8.2)    75842 (  8.2)    41441 (  4.5)    46049 (  5.0) 
 234     9826    75589 (  7.7)   120843 ( 12.3)    75982 (  7.7)    76051 (  7.7)    46761 (  4.8)    55877 (  5.7) 
 235     9939    75778 (  7.6)   133365 ( 13.4)    76118 (  7.7)    76199 (  7.7)    51583 (  5.2)    65277 (  6.6) 
 236     9975    75963 (  7.6)   116453 ( 11.7)    76356 (  7.7)    76400 (  7.7)    36211 (  3.6)    36377 (  3.6) 
 237    10029    76106 (  7.6)   115518 ( 11.5)    76546 (  7.6)    76589 (  7.6)    41518 (  4.1)    46225 (  4.6) 
 238    10056    76325 (  7.6)   139742 ( 13.9)    76731 (  7.6)    76795 (  7.6)    46905 (  4.7)    56195 (  5.6) 
 239    10147    76511 (  7.5)   229075 ( 22.6)    76917 (  7.6)    76947 (  7.6)    52112 (  5.1)    66261 (  6.5) 
 240    10081    76675 (  7.6)   329050 ( 32.6)    77087 (  7.6)    77141 (  7.7)    36237 (  3.6)    36384 (  3.6) 
 241    10239    79757 (  7.8)   227587 ( 22.2)    80167 (  7.8)    80258 (  7.8)    41596 (  4.1)    46514 (  4.5) 
 242    10310    80183 (  7.8)   146351 ( 14.2)    80558 (  7.8)    80613 (  7.8)    47148 (  4.6)    56726 (  5.5) 
 243    10371    80180 (  7.7)   137798 ( 13.3)    80566 (  7.8)    80642 (  7.8)    52427 (  5.1)    66633 (  6.4) 
 244    10467    80584 (  7.7)   129925 ( 12.4)    80949 (  7.7)    81017 (  7.7)    36227 (  3.5)    36384 (  3.5) 
 245    10187    80506 (  7.9)   142276 ( 14.0)    80970 (  7.9)    81028 (  8.0)    41647 (  4.1)    46492 (  4.6) 
 246    10242    80755 (  7.9)   137789 ( 13.5)    81168 (  7.9)    81248 (  7.9)    47370 (  4.6)    57062 (  5.6) 
 247    10333    80939 (  7.8)   154359 ( 14.9)    81341 (  7.9)    81448 (  7.9)    52714 (  5.1)    67444 (  6.5) 
 248    10380    81154 (  7.8)   117629 ( 11.3)    81558 (  7.9)    81628 (  7.9)    36224 (  3.5)    36389 (  3.5) 
 249    10470    81300 (  7.8)   155727 ( 14.9)    81802 (  7.8)    81838 (  7.8)    41695 (  4.0)    46828 (  4.5) 
 250    10529    81513 (  7.7)   158222 ( 15.0)    81926 (  7.8)    82016 (  7.8)    47360 (  4.5)    57537 (  5.5) 
 251    10597    81697 (  7.7)   190500 ( 18.0)    82125 (  7.7)    82232 (  7.8)    52933 (  5.0)    68012 (  6.4) 
 252    10646    81930 (  7.7)   126873 ( 11.9)    82368 (  7.7)    82441 (  7.7)    36229 (  3.4)    36384 (  3.4) 
 253    10740    82069 (  7.6)   148438 ( 13.8)    82586 (  7.7)    82633 (  7.7)    41908 (  3.9)    47108 (  4.4) 
 254    10780    82299 (  7.6)   130003 ( 12.1)    82786 (  7.7)    82831 (  7.7)    47556 (  4.4)    57609 (  5.3) 
 255    10876    82553 (  7.6)   127886 ( 11.8)    82971 (  7.6)    83032 (  7.6)    53313 (  4.9)    68542 (  6.3) 
 256    11447    82712 (  7.2)   364079 ( 31.8)    83157 (  7.3)    83226 (  7.3)    36228 (  3.2)    36390 (  3.2) 
 257    11031    86036 (  7.8)   393342 ( 35.7)    86510 (  7.8)    86576 (  7.8)    41967 (  3.8)    47287 (  4.3) 
 258    11098    86356 (  7.8)   254453 ( 22.9)    86678 (  7.8)    86761 (  7.8)    47782 (  4.3)    58159 (  5.2) 
 259    11219    86460 (  7.7)   236514 ( 21.1)    86923 (  7.7)    87011 (  7.8)    53497 (  4.8)    69084 (  6.2) 
 260    11285    86697 (  7.7)   200083 ( 17.7)    87159 (  7.7)    87224 (  7.7)    36229 (  3.2)    36379 (  3.2) 
 261    11399    86855 (  7.6)   252326 ( 22.1)    87359 (  7.7)    87402 (  7.7)    42032 (  3.7)    47356 (  4.2) 
 262    11488    87084 (  7.6)   219039 ( 19.1)    87571 (  7.6)    87607 (  7.6)    48371 (  4.2)    58745 (  5.1) 
 263    11595    87320 (  7.5)   222398 ( 19.2)    87762 (  7.6)    87806 (  7.6)    54039 (  4.7)    69516 (  6.0) 
 264    11677    87512 (  7.5)   217296 ( 18.6)    87949 (  7.5)    88021 (  7.5)    36215 (  3.1)    36382 (  3.1) 
 265    11760    87645 (  7.5)   248717 ( 21.1)    88109 (  7.5)    88178 (  7.5)    41954 (  3.6)    47392 (  4.0) 
 266    11834    87911 (  7.4)   244547 ( 20.7)    88349 (  7.5)    88394 (  7.5)    48445 (  4.1)    58717 (  5.0) 
 267    11953    88107 (  7.4)   229204 ( 19.2)    88517 (  7.4)    88571 (  7.4)    54361 (  4.5)    70151 (  5.9) 
 268    12365    88363 (  7.1)   242991 ( 19.7)    88747 (  7.2)    88804 (  7.2)    36220 (  2.9)    36378 (  2.9) 
 269    12452    88491 (  7.1)   262177 ( 21.1)    88995 (  7.1)    89039 (  7.2)    42595 (  3.4)    47981 (  3.9) 
 270    12512    88749 (  7.1)   268987 ( 21.5)    89161 (  7.1)    89218 (  7.1)    48557 (  3.9)    58943 (  4.7) 
 271    12641    88940 (  7.0)   261573 ( 20.7)    89356 (  7.1)    89415 (  7.1)    54359 (  4.3)    70443 (  5.6) 
 272    12630    89177 (  7.1)   413478 ( 32.7)    89580 (  7.1)    89625 (  7.1)    36226 (  2.9)    36377 (  2.9) 
 273    12863    92706 (  7.2)   279864 ( 21.8)    93194 (  7.2)    93256 (  7.2)    42069 (  3.3)    47680 (  3.7) 
 274    12927    92994 (  7.2)   299367 ( 23.2)    93380 (  7.2)    93432 (  7.2)    48779 (  3.8)    59350 (  4.6) 
 275    13043    93153 (  7.1)   376389 ( 28.9)    93654 (  7.2)    93709 (  7.2)    54774 (  4.2)    70922 (  5.4) 
 276    13183    93392 (  7.1)   329783 ( 25.0)    93824 (  7.1)    93905 (  7.1)    36212 (  2.7)    36377 (  2.8) 
 277    13296    93618 (  7.0)   312288 ( 23.5)    94017 (  7.1)    94092 (  7.1)    42360 (  3.2)    47972 (  3.6) 
 278    13344    93792 (  7.0)   352517 ( 26.4)    94224 (  7.1)    94291 (  7.1)    48951 (  3.7)    59610 (  4.5) 
 279    12913    93982 (  7.3)   296805 ( 23.0)    94432 (  7.3)    94505 (  7.3)    54972 (  4.3)    71405 (  5.5) 
 280    13020    94121 (  7.2)   383543 ( 29.5)    94714 (  7.3)    94766 (  7.3)    36224 (  2.8)    36372 (  2.8) 
 281    13148    94320 (  7.2)   363272 ( 27.6)    94915 (  7.2)    94979 (  7.2)    42597 (  3.2)    48224 (  3.7) 
 282    13573    94581 (  7.0)   344532 ( 25.4)    95132 (  7.0)    95207 (  7.0)    49005 (  3.6)    59941 (  4.4) 
 283    13681    94956 (  6.9)   453221 ( 33.1)    95353 (  7.0)    95425 (  7.0)    55234 (  4.0)    72213 (  5.3) 
 284    13808    95183 (  6.9)   338484 ( 24.5)    95586 (  6.9)    95634 (  6.9)    36204 (  2.6)    36369 (  2.6) 
 285    13909    95356 (  6.9)   389252 ( 28.0)    95766 (  6.9)    95829 (  6.9)    43038 (  3.1)    48690 (  3.5) 
 286    14036    95608 (  6.8)   345101 ( 24.6)    95996 (  6.8)    96068 (  6.8)    49557 (  3.5)    60593 (  4.3) 
 287    14145    95653 (  6.8)   446090 ( 31.5)    96219 (  6.8)    96267 (  6.8)    55722 (  3.9)    73080 (  5.2) 
 288    14169    96058 (  6.8)   458380 ( 32.4)    96461 (  6.8)    96488 (  6.8)    36210 (  2.6)    36368 (  2.6) 
 289    13809    99773 (  7.2)   473497 ( 34.3)   100222 (  7.3)   100275 (  7.3)    42791 (  3.1)    48699 (  3.5) 
 290    14258   100042 (  7.0)   365196 ( 25.6)   100458 (  7.0)   100533 (  7.1)    49648 (  3.5)    60832 (  4.3) 
 291    14380   100104 (  7.0)   423947 ( 29.5)   100693 (  7.0)   100737 (  7.0)    55613 (  3.9)    72713 (  5.1) 
 292    14532   100500 (  6.9)   396248 ( 27.3)   100905 (  6.9)   100978 (  6.9)    36217 (  2.5)    36386 (  2.5) 
 293    14653   100693 (  6.9)   398207 ( 27.2)   101131 (  6.9)   101182 (  6.9)    42401 (  2.9)    48378 (  3.3) 
 294    14781   100967 (  6.8)   483034 ( 32.7)   101396 (  6.9)   101468 (  6.9)    49580 (  3.4)    60833 (  4.1) 
 295    14936   101179 (  6.8)   444651 ( 29.8)   101610 (  6.8)   101674 (  6.8)    56239 (  3.8)    73531 (  4.9) 
 296    14460   101264 (  7.0)   496862 ( 34.4)   101857 (  7.0)   101911 (  7.0)    36226 (  2.5)    36378 (  2.5) 
 297    14936   101612 (  6.8)   498611 ( 33.4)   102046 (  6.8)   102118 (  6.8)    42458 (  2.8)    48533 (  3.2) 
 298    15010   101691 (  6.8)   428660 ( 28.6)   102289 (  6.8)   102371 (  6.8)    49902 (  3.3)    61494 (  4.1) 
 299    15213   102031 (  6.7)   411325 ( 27.0)   102597 (  6.7)   102638 (  6.7)    56533 (  3.7)    74360 (  4.9) 
 300    15339   102256 (  6.7)   503244 ( 32.8)   102842 (  6.7)   102873 (  6.7)    36314 (  2.4)    36482 (  2.4) 
 301    15464   102408 (  6.6)   452933 ( 29.3)   103034 (  6.7)   103106 (  6.7)    42567 (  2.8)    48725 (  3.2) 
 302    15001   102643 (  6.8)   506319 ( 33.8)   103277 (  6.9)   103316 (  6.9)    50186 (  3.3)    62096 (  4.1) 
 303    15503   102885 (  6.6)   458723 ( 29.6)   103488 (  6.7)   103548 (  6.7)    57099 (  3.7)    75113 (  4.8) 
 304    15517   103240 (  6.7)   508500 ( 32.8)   103710 (  6.7)   103752 (  6.7)    36286 (  2.3)    36484 (  2.4) 
 305    15767   107060 (  6.8)   481284 ( 30.5)   107730 (  6.8)   107771 (  6.8)    42914 (  2.7)    49208 (  3.1) 
 306    15903   107327 (  6.7)   537859 ( 33.8)   107938 (  6.8)   107997 (  6.8)    50338 (  3.2)    62437 (  3.9) 
 307    15514   107541 (  6.9)   330330 ( 21.3)   108170 (  7.0)   108239 (  7.0)    57557 (  3.7)    75780 (  4.9) 
 308    15966   107801 (  6.8)   510060 ( 31.9)   108435 (  6.8)   108480 (  6.8)    36304 (  2.3)    36486 (  2.3) 
 309    16099   108020 (  6.7)   542730 ( 33.7)   108681 (  6.8)   108736 (  6.8)    43492 (  2.7)    49807 (  3.1) 
 310    16230   108309 (  6.7)   520871 ( 32.1)   108904 (  6.7)   108970 (  6.7)    50262 (  3.1)    62240 (  3.8) 
 311    16419   108526 (  6.6)   495463 ( 30.2)   109130 (  6.6)   109191 (  6.7)    57731 (  3.5)    75952 (  4.6) 
 312    15982   108781 (  6.8)   547731 ( 34.3)   109387 (  6.8)   109434 (  6.8)    36294 (  2.3)    36480 (  2.3) 
 313    16472   108994 (  6.6)   549400 ( 33.4)   109670 (  6.7)   109734 (  6.7)    43451 (  2.6)    49744 (  3.0) 
 314    16624   109226 (  6.6)   550942 ( 33.1)   109900 (  6.6)   109963 (  6.6)    50554 (  3.0)    62882 (  3.8) 
 315    16813   109467 (  6.5)   410906 ( 24.4)   110131 (  6.6)   110184 (  6.6)    57777 (  3.4)    76392 (  4.5) 
 316    16339   109763 (  6.7)   554363 ( 33.9)   110380 (  6.8)   110436 (  6.8)    36301 (  2.2)    36471 (  2.2) 
 317    16848   109974 (  6.5)   555911 ( 33.0)   110637 (  6.6)   110689 (  6.6)    43774 (  2.6)    50191 (  3.0) 
 318    16989   110247 (  6.5)   557559 ( 32.8)   110881 (  6.5)   110935 (  6.5)    50444 (  3.0)    62793 (  3.7) 
 319    17172   110479 (  6.4)   557798 ( 32.5)   111113 (  6.5)   111187 (  6.5)    58013 (  3.4)    76687 (  4.5) 
 320    17216   110854 (  6.4)   557718 ( 32.4)   111343 (  6.5)   111381 (  6.5)    36303 (  2.1)    36475 (  2.1) 
 321    17232   114852 (  6.7)   588854 ( 34.2)   115544 (  6.7)   115618 (  6.7)    43164 (  2.5)    49735 (  2.9) 
 322    17392   115132 (  6.6)   590666 ( 34.0)   115785 (  6.7)   115859 (  6.7)    50786 (  2.9)    63304 (  3.6) 
 323    17578   115382 (  6.6)   592385 ( 33.7)   116038 (  6.6)   116091 (  6.6)    58675 (  3.3)    77949 (  4.4) 
 324    17140   115662 (  6.7)   594225 ( 34.7)   116344 (  6.8)   116397 (  6.8)    36320 (  2.1)    36481 (  2.1) 
 325    17687   115893 (  6.6)   595967 ( 33.7)   116549 (  6.6)   116631 (  6.6)    43264 (  2.4)    49886 (  2.8) 
 326    17826   116132 (  6.5)   562664 ( 31.6)   116832 (  6.6)   116883 (  6.6)    50825 (  2.9)    63727 (  3.6) 
 327    18028   116438 (  6.5)   575268 ( 31.9)   117117 (  6.5)   117170 (  6.5)    58209 (  3.2)    77614 (  4.3) 
 328    17608   116851 (  6.6)   601150 ( 34.1)   117545 (  6.7)   117583 (  6.7)    36292 (  2.1)    36469 (  2.1) 
 329    18080   116886 (  6.5)   425180 ( 23.5)   117592 (  6.5)   117632 (  6.5)    43315 (  2.4)    50039 (  2.8) 
 330    18254   117183 (  6.4)   604635 ( 33.1)   117875 (  6.5)   117944 (  6.5)    51098 (  2.8)    64092 (  3.5) 
 331    18444   117446 (  6.4)   606401 ( 32.9)   118126 (  6.4)   118191 (  6.4)    58481 (  3.2)    78337 (  4.2) 
 332    18366   117691 (  6.4)   608134 ( 33.1)   118357 (  6.4)   118404 (  6.4)    36293 (  2.0)    36466 (  2.0) 
 333    18570   117924 (  6.4)   573364 ( 30.9)   118644 (  6.4)   118697 (  6.4)    44299 (  2.4)    50937 (  2.7) 
 334    18707   118198 (  6.3)   611541 ( 32.7)   118910 (  6.4)   118946 (  6.4)    51242 (  2.7)    64412 (  3.4) 
 335    18350   118410 (  6.5)   611422 ( 33.3)   119123 (  6.5)   119178 (  6.5)    59284 (  3.2)    79267 (  4.3) 
 336    18727   118692 (  6.3)   613892 ( 32.8)   119374 (  6.4)   119411 (  6.4)    36292 (  1.9)    36475 (  1.9) 
 337    19048   123039 (  6.5)   644537 ( 33.8)   123774 (  6.5)   123826 (  6.5)    43854 (  2.3)    50793 (  2.7) 
 338    18628   123487 (  6.6)   646419 ( 34.7)   124211 (  6.7)   124292 (  6.7)    51570 (  2.8)    64845 (  3.5) 
 339    19170   123806 (  6.5)   648079 ( 33.8)   124499 (  6.5)   124584 (  6.5)    59391 (  3.1)    79212 (  4.1) 
 340    19341   123886 (  6.4)   649980 ( 33.6)   124595 (  6.4)   124644 (  6.4)    36295 (  1.9)    36467 (  1.9) 
 341    18965   124069 (  6.5)   449582 ( 23.7)   124821 (  6.6)   124891 (  6.6)    43487 (  2.3)    50503 (  2.7) 
 342    19430   124409 (  6.4)   601108 ( 30.9)   125155 (  6.4)   125206 (  6.4)    51548 (  2.7)    65089 (  3.3) 
 343    19686   124652 (  6.3)   655420 ( 33.3)   125389 (  6.4)   125427 (  6.4)    59704 (  3.0)    80200 (  4.1) 
 344    19294   124899 (  6.5)   657151 ( 34.1)   125623 (  6.5)   125692 (  6.5)    36290 (  1.9)    36484 (  1.9) 
 345    19766   125163 (  6.3)   642614 ( 32.5)   125937 (  6.4)   125963 (  6.4)    43703 (  2.2)    50677 (  2.6) 
 346    19990   125439 (  6.3)   660915 ( 33.1)   126193 (  6.3)   126242 (  6.3)    51812 (  2.6)    65426 (  3.3) 
 347    19601   125724 (  6.4)   662633 ( 33.8)   126469 (  6.5)   126529 (  6.5)    59951 (  3.1)    80654 (  4.1) 
 348    20157   126027 (  6.3)   664502 ( 33.0)   126754 (  6.3)   126828 (  6.3)    36321 (  1.8)    36479 (  1.8) 
 349    20324   126216 (  6.2)   539247 ( 26.5)   126993 (  6.2)   127035 (  6.3)    43853 (  2.2)    50906 (  2.5) 
 350    20267   126543 (  6.2)   668194 ( 33.0)   127323 (  6.3)   127343 (  6.3)    52023 (  2.6)    66033 (  3.3) 
 351    20468   126783 (  6.2)   669978 ( 32.7)   127539 (  6.2)   127591 (  6.2)    60352 (  2.9)    81086 (  4.0) 
 352    20590   127246 (  6.2)   669406 ( 32.5)   127974 (  6.2)   128017 (  6.2)    36301 (  1.8)    36485 (  1.8) 
 353    20633   131642 (  6.4)   702676 ( 34.1)   132376 (  6.4)   132433 (  6.4)    43907 (  2.1)    51065 (  2.5) 
 354    20845   131881 (  6.3)   704542 ( 33.8)   132643 (  6.4)   132727 (  6.4)    52311 (  2.5)    66436 (  3.2) 
 355    20466   132196 (  6.5)   706426 ( 34.5)   132962 (  6.5)   133030 (  6.5)    60364 (  2.9)    81263 (  4.0) 
 356    21028   132491 (  6.3)   708285 ( 33.7)   133227 (  6.3)   133299 (  6.3)    36312 (  1.7)    36470 (  1.7) 
 357    21241   132915 (  6.3)   710197 ( 33.4)   133734 (  6.3)   133762 (  6.3)    44032 (  2.1)    51251 (  2.4) 
 358    21187   133033 (  6.3)   676956 ( 32.0)   133807 (  6.3)   133849 (  6.3)    52230 (  2.5)    66357 (  3.1) 
 359    21389   133325 (  6.2)   713995 ( 33.4)   134108 (  6.3)   134180 (  6.3)    60715 (  2.8)    81832 (  3.8) 
 360    21034   133623 (  6.4)   715822 ( 34.0)   134355 (  6.4)   134425 (  6.4)    36317 (  1.7)    36462 (  1.7) 
 361    21590   133816 (  6.2)   717693 ( 33.2)   134631 (  6.2)   134692 (  6.2)    44085 (  2.0)    51238 (  2.4) 
 362    21767   134155 (  6.2)   719451 ( 33.1)   134965 (  6.2)   135018 (  6.2)    52526 (  2.4)    66949 (  3.1) 
 363    21762   134388 (  6.2)   721316 ( 33.1)   135186 (  6.2)   135241 (  6.2)    61427 (  2.8)    82705 (  3.8) 
 364    21977   134718 (  6.1)   723302 ( 32.9)   135533 (  6.2)   135564 (  6.2)    36343 (  1.7)    36480 (  1.7) 
 365    21618   134954 (  6.2)   725272 ( 33.5)   135760 (  6.3)   135821 (  6.3)    44577 (  2.1)    51953 (  2.4) 
 366    22140   135258 (  6.1)   727217 ( 32.8)   136074 (  6.1)   136146 (  6.1)    52568 (  2.4)    67090 (  3.0) 
 367    21833   135494 (  6.2)   729221 ( 33.4)   136321 (  6.2)   136370 (  6.2)    61150 (  2.8)    82833 (  3.8) 
 368    22243   135808 (  6.1)   729748 ( 32.8)   136566 (  6.1)   136625 (  6.1)    36353 (  1.6)    36476 (  1.6) 
 369    22577   140578 (  6.2)   763383 ( 33.8)   141422 (  6.3)   141493 (  6.3)    44416 (  2.0)    51714 (  2.3) 
 370    22527   140851 (  6.3)   765418 ( 34.0)   141699 (  6.3)   141743 (  6.3)    52824 (  2.3)    67580 (  3.0) 
 371    22797   141168 (  6.2)   767316 ( 33.7)   141990 (  6.2)   142031 (  6.2)    62305 (  2.7)    83731 (  3.7) 
 372    22758   141493 (  6.2)   769297 ( 33.8)   142352 (  6.3)   142425 (  6.3)    36355 (  1.6)    36487 (  1.6) 
 373    22990   141757 (  6.2)   771298 ( 33.5)   142599 (  6.2)   142610 (  6.2)    44636 (  1.9)    52107 (  2.3) 
 374    22671   142005 (  6.3)   773387 ( 34.1)   142853 (  6.3)   142907 (  6.3)    52815 (  2.3)    67694 (  3.0) 
 375    23212   142327 (  6.1)   775333 ( 33.4)   143164 (  6.2)   143234 (  6.2)    61900 (  2.7)    84033 (  3.6) 
 376    22874   142594 (  6.2)   777123 ( 34.0)   143644 (  6.3)   143714 (  6.3)    36345 (  1.6)    36482 (  1.6) 
 377    23441   142912 (  6.1)   779307 ( 33.2)   143775 (  6.1)   143830 (  6.1)    44996 (  1.9)    52565 (  2.2) 
 378    23096   143157 (  6.2)   781176 ( 33.8)   144035 (  6.2)   144093 (  6.2)    53025 (  2.3)    68114 (  2.9) 
 379    23683   143469 (  6.1)   783164 ( 33.1)   144360 (  6.1)   144387 (  6.1)    62086 (  2.6)    84318 (  3.6) 
 380    23320   143779 (  6.2)   785217 ( 33.7)   144708 (  6.2)   144729 (  6.2)    36347 (  1.6)    36488 (  1.6) 
 381    23896   144079 (  6.0)   787042 ( 32.9)   144933 (  6.1)   144987 (  6.1)    44979 (  1.9)    52452 (  2.2) 
 382    23510   144336 (  6.1)   788993 ( 33.6)   145227 (  6.2)   145270 (  6.2)    53325 (  2.3)    68495 (  2.9) 
 383    24125   144666 (  6.0)   791046 ( 32.8)   145532 (  6.0)   145601 (  6.0)    62427 (  2.6)    85188 (  3.5) 
 384    24251   144977 (  6.0)   787596 ( 32.5)   146050 (  6.0)   146089 (  6.0)    36370 (  1.5)    36469 (  1.5) 
 385    24369   149919 (  6.2)   826678 ( 33.9)   150811 (  6.2)   150843 (  6.2)    45055 (  1.8)    52584 (  2.2) 
 386    23989   150240 (  6.3)   828755 ( 34.5)   151159 (  6.3)   151189 (  6.3)    53454 (  2.2)    68907 (  2.9) 
 387    24620   150521 (  6.1)   830878 ( 33.7)   151411 (  6.1)   151466 (  6.2)    62774 (  2.5)    85731 (  3.5) 
 388    24280   150869 (  6.2)   832951 ( 34.3)   151758 (  6.3)   151782 (  6.3)    36371 (  1.5)    36497 (  1.5) 
 389    24883   151124 (  6.1)   835066 ( 33.6)   152007 (  6.1)   152082 (  6.1)    45209 (  1.8)    52925 (  2.1) 
 390    24532   151440 (  6.2)   837063 ( 34.1)   152339 (  6.2)   152412 (  6.2)    53644 (  2.2)    69249 (  2.8) 
 391    25132   151725 (  6.0)   839152 ( 33.4)   152610 (  6.1)   152699 (  6.1)    62648 (  2.5)    85747 (  3.4) 
 392    24790   152075 (  6.1)   841153 ( 33.9)   152925 (  6.2)   152975 (  6.2)    36363 (  1.5)    36473 (  1.5) 
 393    25376   152364 (  6.0)   843247 ( 33.2)   153288 (  6.0)   153324 (  6.0)    45325 (  1.8)    53199 (  2.1) 
 394    25084   152638 (  6.1)   845315 ( 33.7)   153549 (  6.1)   153596 (  6.1)    53817 (  2.1)    69353 (  2.8) 
 395    25634   152993 (  6.0)   847451 ( 33.1)   153894 (  6.0)   154010 (  6.0)    63132 (  2.5)    86437 (  3.4) 
 396    25641   153341 (  6.0)   849554 ( 33.1)   154178 (  6.0)   154261 (  6.0)    36347 (  1.4)    36474 (  1.4) 
 397    25917   153574 (  5.9)   851577 ( 32.9)   154475 (  6.0)   154525 (  6.0)    44859 (  1.7)    52801 (  2.0) 
 398    25879   153983 (  6.0)   853703 ( 33.0)   154879 (  6.0)   154900 (  6.0)    54134 (  2.1)    69757 (  2.7) 
 399    26202   154273 (  5.9)   855767 ( 32.7)   155186 (  5.9)   155247 (  5.9)    63617 (  2.4)    86638 (  3.3) 
# ...the end 
