# starting test: OpenMP OFF... 
# sN[S/L] = stride-N [store/load] 
# pur  = pragma unroll 
# mur  = manual unroll 
# murv = manual unroll and vectorize 
# timing in cycles (ratio relative to memcpy) 
 # n   memcpy        loop copy      basic + s1S      basic + s1L    pur 4x4 + s1L    mur 4x4 + s1L   murv 4x4 + s1L 
   2       91      227 (  2.5)      222 (  2.4)      188 (  2.1)      171 (  1.9)      206 (  2.3)      190 (  2.1) 
   3      111      275 (  2.5)      285 (  2.6)      261 (  2.4)      245 (  2.2)      303 (  2.7)      325 (  2.9) 
   4       96      390 (  4.1)      386 (  4.0)      385 (  4.0)      367 (  3.8)      237 (  2.5)      166 (  1.7) 
   5      108      513 (  4.8)      535 (  5.0)      520 (  4.8)      529 (  4.9)      340 (  3.1)      275 (  2.5) 
   6      128      632 (  4.9)      669 (  5.2)      661 (  5.2)      638 (  5.0)      473 (  3.7)      417 (  3.3) 
   7      144      749 (  5.2)      777 (  5.4)      765 (  5.3)      759 (  5.3)      634 (  4.4)      649 (  4.5) 
   8      142      753 (  5.3)      747 (  5.3)      729 (  5.1)      712 (  5.0)      659 (  4.6)      360 (  2.5) 
   9      174      914 (  5.3)      882 (  5.1)      867 (  5.0)      888 (  5.1)      800 (  4.6)      549 (  3.2) 
  10      178     1150 (  6.5)     1145 (  6.4)     1136 (  6.4)     1132 (  6.4)      979 (  5.5)      806 (  4.5) 
  11      204     1475 (  7.2)     1474 (  7.2)     1451 (  7.1)     1456 (  7.1)     1194 (  5.9)     1092 (  5.4) 
  12      315     1816 (  5.8)     1806 (  5.7)     1794 (  5.7)     1775 (  5.6)     1338 (  4.2)      692 (  2.2) 
  13      334     1958 (  5.9)     1974 (  5.9)     1944 (  5.8)     1951 (  5.8)     1509 (  4.5)      948 (  2.8) 
  14      337     2242 (  6.7)     2232 (  6.6)     2232 (  6.6)     2231 (  6.6)     1745 (  5.2)     1264 (  3.8) 
  15      363     2445 (  6.7)     2443 (  6.7)     2402 (  6.6)     2432 (  6.7)     2005 (  5.5)     1605 (  4.4) 
  16      304     2613 (  8.6)     2558 (  8.4)     2542 (  8.4)     2559 (  8.4)     2298 (  7.6)     1168 (  3.8) 
  17      383     2895 (  7.6)     2837 (  7.4)     2833 (  7.4)     2866 (  7.5)     2545 (  6.6)     1516 (  4.0) 
  18      396     3387 (  8.6)     3340 (  8.4)     3330 (  8.4)     3355 (  8.5)     2845 (  7.2)     1886 (  4.8) 
  19      408     3975 (  9.7)     3905 (  9.6)     3866 (  9.5)     3916 (  9.6)     3164 (  7.8)     2318 (  5.7) 
  20      393     4542 ( 11.6)     4450 ( 11.3)     4418 ( 11.2)     4427 ( 11.3)     3496 (  8.9)     1743 (  4.4) 
  21      438     4710 ( 10.8)     4698 ( 10.7)     4659 ( 10.6)     4687 ( 10.7)     3782 (  8.6)     2150 (  4.9) 
  22      444     5188 ( 11.7)     5106 ( 11.5)     5112 ( 11.5)     5128 ( 11.5)     4130 (  9.3)     2605 (  5.9) 
  23      454     5462 ( 12.0)     5397 ( 11.9)     5356 ( 11.8)     5400 ( 11.9)     4495 (  9.9)     3096 (  6.8) 
  24      439     5471 ( 12.5)     5367 ( 12.2)     5360 ( 12.2)     5367 ( 12.2)     4988 ( 11.4)     2451 (  5.6) 
  25      512     5862 ( 11.4)     5768 ( 11.3)     5776 ( 11.3)     5791 ( 11.3)     5300 ( 10.4)     2906 (  5.7) 
  26      496     6590 ( 13.3)     6485 ( 13.1)     6494 ( 13.1)     6495 ( 13.1)     5703 ( 11.5)     3437 (  6.9) 
  27      542     7342 ( 13.5)     7268 ( 13.4)     7259 ( 13.4)     7287 ( 13.4)     6114 ( 11.3)     3999 (  7.4) 
  28      518     8068 ( 15.6)     8011 ( 15.5)     7994 ( 15.4)     7951 ( 15.3)     6687 ( 12.9)     3264 (  6.3) 
  29      567     8356 ( 14.7)     8336 ( 14.7)     8258 ( 14.6)     8249 ( 14.5)     7052 ( 12.4)     3783 (  6.7) 
  30      557     8959 ( 16.1)     8882 ( 15.9)     8867 ( 15.9)     8832 ( 15.9)     7514 ( 13.5)     4385 (  7.9) 
  31      606     9360 ( 15.4)     9253 ( 15.3)     9234 ( 15.2)     9323 ( 15.4)     8004 ( 13.2)     5047 (  8.3) 
  32      405     9362 ( 23.1)     9225 ( 22.8)     9496 ( 23.4)     9498 ( 23.5)     8756 ( 21.6)     4519 ( 11.2) 
  33      519     9888 ( 19.1)     9742 ( 18.8)     9824 ( 18.9)    10265 ( 19.8)     9407 ( 18.1)     5555 ( 10.7) 
  34      641    10827 ( 16.9)    10663 ( 16.6)    11577 ( 18.1)    12294 ( 19.2)    10787 ( 16.8)     6693 ( 10.4) 
  35      694    11799 ( 17.0)    11669 ( 16.8)    13373 ( 19.3)    14234 ( 20.5)    12178 ( 17.5)     8151 ( 11.7) 
  36      693    12720 ( 18.4)    12615 ( 18.2)    14661 ( 21.2)    15231 ( 22.0)    12563 ( 18.1)     7034 ( 10.2) 
  37      758    13075 ( 17.2)    13004 ( 17.2)    16693 ( 22.0)    16271 ( 21.5)    13706 ( 18.1)     8722 ( 11.5) 
  38      750    13829 ( 18.4)    13687 ( 18.2)    17844 ( 23.8)    18269 ( 24.4)    15992 ( 21.3)    10530 ( 14.0) 
  39      812    14320 ( 17.6)    14143 ( 17.4)    18078 ( 22.3)    16710 ( 20.6)    14970 ( 18.4)     9616 ( 11.8) 
  40      556    14322 ( 25.8)    14111 ( 25.4)    18095 ( 32.5)    17686 ( 31.8)    16455 ( 29.6)     9415 ( 16.9) 
  41      740    14972 ( 20.2)    14738 ( 19.9)    18322 ( 24.8)    18588 ( 25.1)    18067 ( 24.4)    11485 ( 15.5) 
  42      768    16132 ( 21.0)    15885 ( 20.7)    20609 ( 26.8)    20607 ( 26.8)    20406 ( 26.6)    13681 ( 17.8) 
  43      804    17372 ( 21.6)    17361 ( 21.6)    22687 ( 28.2)    22202 ( 27.6)    20856 ( 25.9)    13900 ( 17.3) 
  44      803    18485 ( 23.0)    18262 ( 22.7)    23564 ( 29.3)    23447 ( 29.2)    22111 ( 27.5)    12896 ( 16.1) 
  45      881    18854 ( 21.4)    19362 ( 22.0)    23150 ( 26.3)    23158 ( 26.3)    24988 ( 28.4)    15697 ( 17.8) 
  46      623    22670 ( 36.4)    22848 ( 36.7)    24540 ( 39.4)    24736 ( 39.7)    25713 ( 41.3)    16638 ( 26.7) 
  47      800    25479 ( 31.8)    32410 ( 40.5)    25168 ( 31.5)    25130 ( 31.4)    27612 ( 34.5)    16900 ( 21.1) 
  48      771    25603 ( 33.2)    37555 ( 48.7)    26409 ( 34.3)    26366 ( 34.2)    31852 ( 41.3)    15598 ( 20.2) 
  49      886    26700 ( 30.1)    37013 ( 41.8)    26886 ( 30.3)    26830 ( 30.3)    31274 ( 35.3)    17429 ( 19.7) 
  50      903    28293 ( 31.3)    40846 ( 45.2)    28544 ( 31.6)    28423 ( 31.5)    32538 ( 36.0)    20606 ( 22.8) 
  51      687    30039 ( 43.7)    48237 ( 70.2)    30186 ( 43.9)    30175 ( 43.9)    33605 ( 48.9)    21830 ( 31.8) 
  52      837    31437 ( 37.6)    44745 ( 53.5)    31887 ( 38.1)    31505 ( 37.6)    35316 ( 42.2)    19963 ( 23.9) 
  53      932    31879 ( 34.2)    44882 ( 48.2)    32110 ( 34.5)    32004 ( 34.3)    36298 ( 38.9)    21847 ( 23.4) 
  54      927    33121 ( 35.7)    39957 ( 43.1)    33248 ( 35.9)    33260 ( 35.9)    37371 ( 40.3)    23311 ( 25.1) 
  55      990    34410 ( 34.8)    44331 ( 44.8)    34707 ( 35.1)    34542 ( 34.9)    38666 ( 39.1)    21949 ( 22.2) 
  56      738    34525 ( 46.8)    56324 ( 76.3)    34827 ( 47.2)    34642 ( 46.9)    40198 ( 54.5)    20448 ( 27.7) 
  57      942    35969 ( 38.2)    65377 ( 69.4)    36482 ( 38.7)    36109 ( 38.3)    41404 ( 44.0)    22701 ( 24.1) 
  58      961    37635 ( 39.2)    59560 ( 62.0)    37983 ( 39.5)    37774 ( 39.3)    42543 ( 44.3)    26993 ( 28.1) 
  59     1002    39688 ( 39.6)    63588 ( 63.5)    39941 ( 39.9)    39811 ( 39.7)    43864 ( 43.8)    28021 ( 28.0) 
  60      745    41265 ( 55.4)    65939 ( 88.5)    41452 ( 55.6)    41342 ( 55.5)    45757 ( 61.4)    25900 ( 34.8) 
  61      956    41756 ( 43.7)    66170 ( 69.2)    42064 ( 44.0)    41906 ( 43.8)    46845 ( 49.0)    27991 ( 29.3) 
  62      988    43172 ( 43.7)    69461 ( 70.3)    43469 ( 44.0)    43330 ( 43.9)    47966 ( 48.5)    29115 ( 29.5) 
  63     1043    44650 ( 42.8)    71851 ( 68.9)    45169 ( 43.3)    44795 ( 42.9)    49488 ( 47.4)    27383 ( 26.3) 
  64     1032    44788 ( 43.4)   346000 (335.3)    44929 ( 43.5)    44922 ( 43.5)    53043 ( 51.4)    26174 ( 25.4) 
  65     1016    46222 ( 45.5)    74159 ( 73.0)    46554 ( 45.8)    46376 ( 45.6)    52725 ( 51.9)    28570 ( 28.1) 
  66     1054    48317 ( 45.8)    78786 ( 74.7)    48625 ( 46.1)    48477 ( 46.0)    53917 ( 51.2)    33320 ( 31.6) 
  67     1101    50620 ( 46.0)    81007 ( 73.6)    50854 ( 46.2)    50793 ( 46.1)    55375 ( 50.3)    34954 ( 31.7) 
  68      880    52437 ( 59.6)    84502 ( 96.0)    52703 ( 59.9)    52522 ( 59.7)    57526 ( 65.4)    32381 ( 36.8) 
  69     1110    52983 ( 47.7)    85262 ( 76.8)    53318 ( 48.0)    53146 ( 47.9)    58749 ( 52.9)    34870 ( 31.4) 
  70     1152    54572 ( 47.4)    96453 ( 83.7)    54883 ( 47.6)    54746 ( 47.5)    60095 ( 52.2)    36574 ( 31.7) 
  71     1223    56238 ( 46.0)    91006 ( 74.4)    56618 ( 46.3)    56395 ( 46.1)    61890 ( 50.6)    34155 ( 27.9) 
  72      987    56395 ( 57.1)    93097 ( 94.3)    56720 ( 57.5)    56546 ( 57.3)    63640 ( 64.5)    32252 ( 32.7) 
  73     1224    57999 ( 47.4)    95543 ( 78.1)    58194 ( 47.5)    58165 ( 47.5)    65201 ( 53.3)    35152 ( 28.7) 
  74     1244    60345 ( 48.5)    99246 ( 79.8)    60706 ( 48.8)    60520 ( 48.6)    66619 ( 53.6)    41267 ( 33.2) 
  75     1308    62968 ( 48.1)   101927 ( 77.9)    63384 ( 48.5)    63116 ( 48.3)    68329 ( 52.2)    42689 ( 32.6) 
  76     1218    64953 ( 53.3)   105249 ( 86.4)    65375 ( 53.7)    65047 ( 53.4)    70629 ( 58.0)    39710 ( 32.6) 
  77     1291    65558 ( 50.8)   114407 ( 88.6)    65906 ( 51.1)    65728 ( 50.9)    71986 ( 55.8)    42502 ( 32.9) 
  78     1342    67316 ( 50.2)   110616 ( 82.4)    67470 ( 50.3)    67507 ( 50.3)    73344 ( 54.7)    43803 ( 32.6) 
  79     1172    69160 ( 59.0)   112284 ( 95.8)    69364 ( 59.2)    69339 ( 59.2)    75436 ( 64.4)    40782 ( 34.8) 
  80     1272    69339 ( 54.5)   114830 ( 90.3)    69538 ( 54.7)    69514 ( 54.6)    79620 ( 62.6)    39083 ( 30.7) 
  81     1396    71114 ( 50.9)   116062 ( 83.1)    71503 ( 51.2)    71298 ( 51.1)    79197 ( 56.7)    42100 ( 30.2) 
  82     1195    73709 ( 61.7)   121173 (101.4)    73965 ( 61.9)    73908 ( 61.8)    80672 ( 67.5)    49115 ( 41.1) 
  83     1399    76576 ( 54.7)   124870 ( 89.3)    76847 ( 54.9)    76786 ( 54.9)    82542 ( 59.0)    51152 ( 36.6) 
  84     1432    78810 ( 55.0)   128295 ( 89.6)    79020 ( 55.2)    78916 ( 55.1)    85127 ( 59.4)    47805 ( 33.4) 
  85     1274    79472 ( 62.4)   130392 (102.3)    79668 ( 62.5)    79657 ( 62.5)    86571 ( 68.0)    50898 ( 40.0) 
  86     1457    81400 ( 55.9)   136103 ( 93.4)    81733 ( 56.1)    81610 ( 56.0)    88192 ( 60.5)    52881 ( 36.3) 
  87     1514    83432 ( 55.1)   136483 ( 90.1)    83660 ( 55.3)    83626 ( 55.2)    90555 ( 59.8)    49061 ( 32.4) 
  88     1321    83629 ( 63.3)   138655 (105.0)    83927 ( 63.5)    83827 ( 63.5)    92445 ( 70.0)    46623 ( 35.3) 
  89     1564    85567 ( 54.7)   141322 ( 90.4)    85906 ( 54.9)    85776 ( 54.8)    94394 ( 60.4)    50265 ( 32.1) 
  90     1587    88423 ( 55.7)   146381 ( 92.2)    88896 ( 56.0)    88640 ( 55.9)    96066 ( 60.5)    58618 ( 36.9) 
  91     1437    91613 ( 63.8)   149410 (104.0)    91917 ( 64.0)    91799 ( 63.9)    98221 ( 68.4)    60401 ( 42.0) 
  92     1584    94006 ( 59.3)   153416 ( 96.9)    94248 ( 59.5)    94129 ( 59.4)   100958 ( 63.7)    56785 ( 35.8) 
  93     1671    94721 ( 56.7)   155662 ( 93.2)    94949 ( 56.8)    94929 ( 56.8)   102497 ( 61.3)    59989 ( 35.9) 
  94     1599    96820 ( 60.6)   159881 (100.0)    97017 ( 60.7)    97059 ( 60.7)   104127 ( 65.1)    61409 ( 38.4) 
  95     1705    99042 ( 58.1)   162428 ( 95.3)    99296 ( 58.2)    99258 ( 58.2)   106824 ( 62.7)    56824 ( 33.3) 
  96     1687    99257 ( 58.8)   777339 (460.8)    99482 ( 59.0)    99482 ( 59.0)   111545 ( 66.1)    54808 ( 32.5) 
  97     1718   101372 ( 59.0)   166900 ( 97.1)   101678 ( 59.2)   101596 ( 59.1)   111048 ( 64.6)    58438 ( 34.0) 
  98     1751   104470 ( 59.7)   173257 ( 98.9)   104768 ( 59.8)   104716 ( 59.8)   112817 ( 64.4)    67751 ( 38.7) 
  99     1611   107895 ( 67.0)   176733 (109.7)   108219 ( 67.2)   108156 ( 67.1)   115127 ( 71.5)    70406 ( 43.7) 
 100     1786   110547 ( 61.9)   180879 (101.3)   110818 ( 62.0)   110686 ( 62.0)   118133 ( 66.1)    66211 ( 37.1) 
 101     1892   111325 ( 58.8)   182448 ( 96.4)   111589 ( 59.0)   111547 ( 59.0)   119767 ( 63.3)    69908 ( 36.9) 
 102     1809   113586 ( 62.8)   187988 (103.9)   113803 ( 62.9)   113851 ( 62.9)   121656 ( 67.3)    72183 ( 39.9) 
 103     1919   115996 ( 60.4)   192365 (100.2)   116353 ( 60.6)   116233 ( 60.6)   124638 ( 64.9)    66560 ( 34.7) 
 104     1711   116230 ( 67.9)   193253 (112.9)   116513 ( 68.1)   116482 ( 68.1)   126631 ( 74.0)    63746 ( 37.3) 
 105     1941   118691 ( 61.1)   195439 (100.7)   119014 ( 61.3)   118938 ( 61.3)   129105 ( 66.5)    68047 ( 35.1) 
 106     2022   121863 ( 60.3)   202383 (100.1)   122183 ( 60.4)   122138 ( 60.4)   130914 ( 64.7)    78953 ( 39.0) 
 107     1966   125628 ( 63.9)   206271 (104.9)   125932 ( 64.1)   125855 ( 64.0)   133492 ( 67.9)    81205 ( 41.3) 
 108     2015   128425 ( 63.7)   210497 (104.5)   128780 ( 63.9)   128587 ( 63.8)   136674 ( 67.8)    76693 ( 38.1) 
 109     1904   129257 ( 67.9)   212157 (111.4)   129546 ( 68.0)   129508 ( 68.0)   138391 ( 72.7)    80615 ( 42.3) 
 110     2084   131692 ( 63.2)   225372 (108.1)   131934 ( 63.3)   131986 ( 63.3)   140308 ( 67.3)    82141 ( 39.4) 
 111     1901   134288 ( 70.6)   220252 (115.9)   134602 ( 70.8)   134544 ( 70.8)   143657 ( 75.6)    75585 ( 39.8) 
 112     2053   134542 ( 65.5)   223988 (109.1)   134834 ( 65.7)   134826 ( 65.7)   148885 ( 72.5)    72989 ( 35.6) 
 113     2211   137001 ( 62.0)   227317 (102.8)   137378 ( 62.1)   137270 ( 62.1)   148266 ( 67.1)    77392 ( 35.0) 
 114     2164   140597 ( 65.0)   243448 (112.5)   141020 ( 65.2)   140901 ( 65.1)   150326 ( 69.5)    89604 ( 41.4) 
 115     2236   144589 ( 64.7)   236893 (105.9)   144910 ( 64.8)   144900 ( 64.8)   153112 ( 68.5)    92725 ( 41.5) 
 116     2185   147646 ( 67.6)   242528 (111.0)   147971 ( 67.7)   147833 ( 67.7)   156546 ( 71.6)    87644 ( 40.1) 
 117     2332   148539 ( 63.7)   244944 (105.0)   148877 ( 63.8)   148814 ( 63.8)   158334 ( 67.9)    92046 ( 39.5) 
 118     2140   151141 ( 70.6)   250769 (117.2)   151414 ( 70.8)   151465 ( 70.8)   160525 ( 75.0)    94475 ( 44.1) 
 119     2375   153931 ( 64.8)   255998 (107.8)   154271 ( 65.0)   154214 ( 64.9)   164183 ( 69.1)    86831 ( 36.6) 
 120     2480   154196 ( 62.2)   256845 (103.6)   154542 ( 62.3)   154514 ( 62.3)   166220 ( 67.0)    83396 ( 33.6) 
 121     2601   156927 ( 60.3)   259113 ( 99.6)   157233 ( 60.5)   157123 ( 60.4)   168848 ( 64.9)    88509 ( 34.0) 
 122     2223   160671 ( 72.3)   281858 (126.8)   161081 ( 72.5)   161007 ( 72.4)   171109 ( 77.0)   102439 ( 46.1) 
 123     3291   165169 ( 50.2)   271608 ( 82.5)   165294 ( 50.2)   165287 ( 50.2)   174193 ( 52.9)   105071 ( 31.9) 
 124     2570   168244 ( 65.5)   275803 (107.3)   168442 ( 65.5)   168421 ( 65.5)   177813 ( 69.2)    99785 ( 38.8) 
 125     3496   169630 ( 48.5)   276596 ( 79.1)   169513 ( 48.5)   169471 ( 48.5)   179629 ( 51.4)   104220 ( 29.8) 
 126     3179   172126 ( 54.1)   285533 ( 89.8)   172229 ( 54.2)   172288 ( 54.2)   181857 ( 57.2)   105829 ( 33.3) 
 127     3639   175267 ( 48.2)   288358 ( 79.2)   175303 ( 48.2)   175218 ( 48.2)   185892 ( 51.1)    97072 ( 26.7) 
 128     3662   175558 ( 47.9)  1379997 (376.8)   175553 ( 47.9)   175546 ( 47.9)   191593 ( 52.3)    93942 ( 25.7) 
 129     4008   178316 ( 44.5)   295196 ( 73.7)   178460 ( 44.5)   178320 ( 44.5)   190887 ( 47.6)    99388 ( 24.8) 
 130     3373   182483 ( 54.1)   304463 ( 90.3)   182530 ( 54.1)   182460 ( 54.1)   193243 ( 57.3)   114393 ( 33.9) 
 131     3806   187101 ( 49.2)   308221 ( 81.0)   187044 ( 49.1)   187021 ( 49.1)   196532 ( 51.6)   118149 ( 31.0) 
 132     3280   190543 ( 58.1)   311262 ( 94.9)   190361 ( 58.0)   190354 ( 58.0)   200409 ( 61.1)   112072 ( 34.2) 
 133     3772   191481 ( 50.8)   313888 ( 83.2)   191527 ( 50.8)   191454 ( 50.8)   202311 ( 53.6)   117206 ( 31.1) 
 134     3412   194450 ( 57.0)   322584 ( 94.5)   194386 ( 57.0)   194454 ( 57.0)   204753 ( 60.0)   119807 ( 35.1) 
 135     4197   197665 ( 47.1)   325403 ( 77.5)   197650 ( 47.1)   197568 ( 47.1)   209170 ( 49.8)   109665 ( 26.1) 
 136     3692   198071 ( 53.6)   329424 ( 89.2)   198115 ( 53.7)   198105 ( 53.7)   211315 ( 57.2)   105953 ( 28.7) 
 137     4187   200864 ( 48.0)   332696 ( 79.5)   201002 ( 48.0)   200861 ( 48.0)   214154 ( 51.1)   111892 ( 26.7) 
 138     3792   205211 ( 54.1)   343219 ( 90.5)   205328 ( 54.1)   205256 ( 54.1)   216688 ( 57.1)   128931 ( 34.0) 
 139     4270   210128 ( 49.2)   345926 ( 81.0)   210114 ( 49.2)   210097 ( 49.2)   220281 ( 51.6)   132008 ( 30.9) 
 140     4214   213740 ( 50.7)   352738 ( 83.7)   213787 ( 50.7)   213632 ( 50.7)   224344 ( 53.2)   125838 ( 29.9) 
 141     4420   214787 ( 48.6)   362736 ( 82.1)   214868 ( 48.6)   214792 ( 48.6)   226309 ( 51.2)   130934 ( 29.6) 
 142     4291   217901 ( 50.8)   361906 ( 84.3)   217890 ( 50.8)   217972 ( 50.8)   228758 ( 53.3)   132435 ( 30.9) 
 143     4501   221284 ( 49.2)   364784 ( 81.0)   221357 ( 49.2)   221267 ( 49.2)   233582 ( 51.9)   121325 ( 27.0) 
 144     4343   221605 ( 51.0)  1747403 (402.3)   221641 ( 51.0)   221642 ( 51.0)   239660 ( 55.2)   118035 ( 27.2) 
 145     4098   224766 ( 54.8)   372462 ( 90.9)   224927 ( 54.9)   224745 ( 54.8)   238894 ( 58.3)   123960 ( 30.2) 
 146     4553   229540 ( 50.4)   381832 ( 83.9)   229637 ( 50.4)   229575 ( 50.4)   241672 ( 53.1)   142362 ( 31.3) 
 147     4207   234482 ( 55.7)   386185 ( 91.8)   234646 ( 55.8)   234517 ( 55.7)   245318 ( 58.3)   146624 ( 34.9) 
 148     4726   238368 ( 50.4)   392777 ( 83.1)   238417 ( 50.4)   238252 ( 50.4)   249643 ( 52.8)   139524 ( 29.5) 
 149     4648   239661 ( 51.6)   395520 ( 85.1)   239751 ( 51.6)   239655 ( 51.6)   251649 ( 54.1)   145336 ( 31.3) 
 150     4837   242755 ( 50.2)   403410 ( 83.4)   242742 ( 50.2)   242826 ( 50.2)   254357 ( 52.6)   148174 ( 30.6) 
 151     4801   246340 ( 51.3)   412102 ( 85.8)   246414 ( 51.3)   246306 ( 51.3)   259605 ( 54.1)   135390 ( 28.2) 
 152     4430   246690 ( 55.7)   411064 ( 92.8)   246703 ( 55.7)   246713 ( 55.7)   261448 ( 59.0)   130857 ( 29.5) 
 153     4913   249996 ( 50.9)   414438 ( 84.4)   250152 ( 50.9)   249974 ( 50.9)   264814 ( 53.9)   138063 ( 28.1) 
 154     4856   254844 ( 52.5)   495084 (102.0)   254942 ( 52.5)   254880 ( 52.5)   267649 ( 55.1)   158440 ( 32.6) 
 155     5072   260337 ( 51.3)   434613 ( 85.7)   260321 ( 51.3)   260282 ( 51.3)   271791 ( 53.6)   162032 ( 31.9) 
 156     5028   264342 ( 52.6)   436355 ( 86.8)   264391 ( 52.6)   264218 ( 52.5)   276260 ( 54.9)   154747 ( 30.8) 
 157     4666   265691 ( 56.9)   438846 ( 94.1)   265778 ( 57.0)   265680 ( 56.9)   278464 ( 59.7)   160752 ( 34.5) 
 158     5168   268962 ( 52.0)   447430 ( 86.6)   268944 ( 52.0)   269028 ( 52.1)   281051 ( 54.4)   162137 ( 31.4) 
 159     5105   272727 ( 53.4)   451716 ( 88.5)   272802 ( 53.4)   272690 ( 53.4)   286726 ( 56.2)   148213 ( 29.0) 
 160     5238   273079 ( 52.1)  2156018 (411.6)   273113 ( 52.1)   273115 ( 52.1)   293123 ( 56.0)   143910 ( 27.5) 
 161     5322   276589 ( 52.0)   460816 ( 86.6)   276757 ( 52.0)   276549 ( 52.0)   292258 ( 54.9)   151099 ( 28.4) 
 162     5233   281860 ( 53.9)   469358 ( 89.7)   281958 ( 53.9)   281887 ( 53.9)   295264 ( 56.4)   173385 ( 33.1) 
 163     5460   287371 ( 52.6)  1390279 (254.6)   287460 ( 52.6)   287391 ( 52.6)   299522 ( 54.9)   178185 ( 32.6) 
 164     5424   291665 ( 53.8)   483853 ( 89.2)   291709 ( 53.8)   291526 ( 53.7)   304292 ( 56.1)   169978 ( 31.3) 
 165     5081   292895 ( 57.6)   544479 (107.2)   292993 ( 57.7)   292868 ( 57.6)   306334 ( 60.3)   176583 ( 34.8) 
 166     5599   296508 ( 53.0)   493356 ( 88.1)   296479 ( 53.0)   296571 ( 53.0)   309326 ( 55.2)   179483 ( 32.1) 
 167     5535   300651 ( 54.3)   634532 (114.6)   300735 ( 54.3)   300594 ( 54.3)   315642 ( 57.0)   163744 ( 29.6) 
 168     5212   300836 ( 57.7)   501718 ( 96.3)   300877 ( 57.7)   300867 ( 57.7)   317131 ( 60.8)   158534 ( 30.4) 
 169     5772   304513 ( 52.8)   510210 ( 88.4)   304683 ( 52.8)   304464 ( 52.7)   320873 ( 55.6)   166397 ( 28.8) 
 170     5669   309849 ( 54.7)   516536 ( 91.1)   309956 ( 54.7)   309880 ( 54.7)   323982 ( 57.1)   191000 ( 33.7) 
 171     5381   315921 ( 58.7)  2224003 (413.3)   316024 ( 58.7)   315843 ( 58.7)   328712 ( 61.1)   195128 ( 36.3) 
 172     5929   320335 ( 54.0)   532770 ( 89.9)   320374 ( 54.0)   320185 ( 54.0)   333609 ( 56.3)   186537 ( 31.5) 
 173     5866   321611 ( 54.8)   554984 ( 94.6)   321711 ( 54.8)   321582 ( 54.8)   335685 ( 57.2)   193310 ( 33.0) 
 174     5510   325390 ( 59.1)   541632 ( 98.3)   325366 ( 59.1)   325454 ( 59.1)   338783 ( 61.5)   195043 ( 35.4) 
 175     6089   329552 ( 54.1)   544453 ( 89.4)   329635 ( 54.1)   329487 ( 54.1)   345322 ( 56.7)   177620 ( 29.2) 
 176     5942   330112 ( 55.6)  2608815 (439.0)   330144 ( 55.6)   330145 ( 55.6)   352122 ( 59.3)   173382 ( 29.2) 
 177     5733   333789 ( 58.2)   561722 ( 98.0)   333989 ( 58.3)   333725 ( 58.2)   351017 ( 61.2)   180925 ( 31.6) 
 178     6239   339551 ( 54.4)   565970 ( 90.7)   339652 ( 54.4)   339574 ( 54.4)   354364 ( 56.8)   207299 ( 33.2) 
 179     6245   345639 ( 55.3)   570481 ( 91.4)   345731 ( 55.4)   345640 ( 55.3)   359153 ( 57.5)   212810 ( 34.1) 
 180     6215   350519 ( 56.4)   592707 ( 95.4)   350559 ( 56.4)   350360 ( 56.4)   364539 ( 58.7)   203593 ( 32.8) 
 181     6457   351687 ( 54.5)   583367 ( 90.3)   351798 ( 54.5)   351636 ( 54.5)   366393 ( 56.7)   210845 ( 32.7) 
 182     6403   355808 ( 55.6)   611757 ( 95.5)   355771 ( 55.6)   355871 ( 55.6)   369780 ( 57.8)   214017 ( 33.4) 
 183     6408   359980 ( 56.2)  2215312 (345.7)   360090 ( 56.2)   359901 ( 56.2)   376791 ( 58.8)   194609 ( 30.4) 
 184     6093   360557 ( 59.2)   601303 ( 98.7)   360594 ( 59.2)   360584 ( 59.2)   378394 ( 62.1)   189034 ( 31.0) 
 185     6670   364405 ( 54.6)   703767 (105.5)   364596 ( 54.7)   364330 ( 54.6)   382320 ( 57.3)   197676 ( 29.6) 
 186     6636   370415 ( 55.8)   617620 ( 93.1)   370520 ( 55.8)   370437 ( 55.8)   385685 ( 58.1)   226606 ( 34.1) 
 187     6637   376882 ( 56.8)   622584 ( 93.8)   376876 ( 56.8)   376779 ( 56.8)   391039 ( 58.9)   231298 ( 34.8) 
 188     6297   381688 ( 60.6)   654014 (103.9)   381519 ( 60.6)   381522 ( 60.6)   396387 ( 62.9)   221645 ( 35.2) 
 189     6888   383094 ( 55.6)   654387 ( 95.0)   383208 ( 55.6)   383038 ( 55.6)   398455 ( 57.8)   229138 ( 33.3) 
 190     6843   387205 ( 56.6)   655719 ( 95.8)   387168 ( 56.6)   387269 ( 56.6)   401801 ( 58.7)   230732 ( 33.7) 
 191     6844   391934 ( 57.3)   650863 ( 95.1)   392028 ( 57.3)   391842 ( 57.3)   409549 ( 59.8)   210179 ( 30.7) 
 192     6998   392156 ( 56.0)  3103810 (443.5)   392194 ( 56.0)   392188 ( 56.0)   416155 ( 59.5)   204598 ( 29.2) 
 193     7104   396558 ( 55.8)   676669 ( 95.3)   396764 ( 55.9)   396459 ( 55.8)   415285 ( 58.5)   213635 ( 30.1) 
 194     7084   402439 ( 56.8)   671893 ( 94.8)   402550 ( 56.8)   402460 ( 56.8)   418557 ( 59.1)   244134 ( 34.5) 
 195     7122   409463 ( 57.5)   676005 ( 94.9)   409574 ( 57.5)   409447 ( 57.5)   424366 ( 59.6)   250675 ( 35.2) 
 196     6760   414378 ( 61.3)   702490 (103.9)   414209 ( 61.3)   414202 ( 61.3)   429804 ( 63.6)   239891 ( 35.5) 
 197     7376   415857 ( 56.4)  2054721 (278.6)   415986 ( 56.4)   415783 ( 56.4)   431884 ( 58.6)   248093 ( 33.6) 
 198     7353   420310 ( 57.2)   709982 ( 96.6)   420260 ( 57.2)   420365 ( 57.2)   435399 ( 59.2)   251196 ( 34.2) 
 199     7362   424872 ( 57.7)   702602 ( 95.4)   424982 ( 57.7)   424763 ( 57.7)   443498 ( 60.2)   228381 ( 31.0) 
 200     7053   425470 ( 60.3)   709864 (100.6)   425506 ( 60.3)   425496 ( 60.3)   444846 ( 63.1)   221993 ( 31.5) 
 201     7648   429678 ( 56.2)   713593 ( 93.3)   429897 ( 56.2)   429569 ( 56.2)   449109 ( 58.7)   231606 ( 30.3) 
 202     7599   435985 ( 57.4)   727771 ( 95.8)   436098 ( 57.4)   436009 ( 57.4)   452791 ( 59.6)   265201 ( 34.9) 
 203     7614   443223 ( 58.2)   732667 ( 96.2)   443223 ( 58.2)   443093 ( 58.2)   458756 ( 60.3)   270486 ( 35.5) 
 204     7653   448420 ( 58.6)   742314 ( 97.0)   448459 ( 58.6)   448232 ( 58.6)   464533 ( 60.7)   259594 ( 33.9) 
 205     7376   449956 ( 61.0)  3055171 (414.2)   450093 ( 61.0)   449872 ( 61.0)   466592 ( 63.3)   267960 ( 36.3) 
 206     7917   454572 ( 57.4)   757611 ( 95.7)   454517 ( 57.4)   454630 ( 57.4)   470352 ( 59.4)   269728 ( 34.1) 
 207     7930   459324 ( 57.9)   863975 (109.0)   459438 ( 57.9)   459211 ( 57.9)   478785 ( 60.4)   244835 ( 30.9) 
 208     7863   459757 ( 58.5)  3642410 (463.2)   459786 ( 58.5)   459786 ( 58.5)   485762 ( 61.8)   238793 ( 30.4) 
 209     7998   464515 ( 58.1)   912663 (114.1)   464743 ( 58.1)   464389 ( 58.1)   484763 ( 60.6)   249069 ( 31.1) 
 210     7672   470878 ( 61.4)   786206 (102.5)   471006 ( 61.4)   470899 ( 61.4)   488343 ( 63.7)   284268 ( 37.1) 
 211     8264   478299 ( 57.9)   882732 (106.8)   478427 ( 57.9)   478266 ( 57.9)   494605 ( 59.9)   291261 ( 35.2) 
 212     8343   483983 ( 58.0)   805330 ( 96.5)   484023 ( 58.0)   483787 ( 58.0)   500863 ( 60.0)   279533 ( 33.5) 
 213     8353   485410 ( 58.1)   804206 ( 96.3)   485550 ( 58.1)   485312 ( 58.1)   502657 ( 60.2)   288498 ( 34.5) 
 214     8308   489997 ( 59.0)   988243 (119.0)   489947 ( 59.0)   490061 ( 59.0)   506506 ( 61.0)   291582 ( 35.1) 
 215     8396   495137 ( 59.0)   819409 ( 97.6)   495265 ( 59.0)   495002 ( 59.0)   515667 ( 61.4)   264711 ( 31.5) 
 216     8100   495760 ( 61.2)   827643 (102.2)   495794 ( 61.2)   495784 ( 61.2)   516657 ( 63.8)   257629 ( 31.8) 
 217     8683   500316 ( 57.6)  1130241 (130.2)   500560 ( 57.6)   500190 ( 57.6)   521281 ( 60.0)   268334 ( 30.9) 
 218     8723   507124 ( 58.1)   847046 ( 97.1)   507234 ( 58.1)   507136 ( 58.1)   525238 ( 60.2)   306878 ( 35.2) 
 219     8750   514941 ( 58.9)  1049935 (120.0)   514949 ( 58.9)   514781 ( 58.8)   531917 ( 60.8)   312773 ( 35.7) 
 220     8781   520465 ( 59.3)   996551 (113.5)   520750 ( 59.3)   520504 ( 59.3)   538315 ( 61.3)   300704 ( 34.2) 
 221     8800   522191 ( 59.3)   865303 ( 98.3)   522340 ( 59.4)   522087 ( 59.3)   540077 ( 61.4)   309777 ( 35.2) 
 222     8834   526953 ( 59.7)  1402422 (158.8)   526890 ( 59.6)   527010 ( 59.7)   544001 ( 61.6)   311170 ( 35.2) 
 223     8598   532460 ( 61.9)   989543 (115.1)   532594 ( 61.9)   532315 ( 61.9)   553897 ( 64.4)   282378 ( 32.8) 
 224     9081   532751 ( 58.7)  4224709 (465.2)   532767 ( 58.7)   532769 ( 58.7)   560680 ( 61.7)   276100 ( 30.4) 
 225     9227   537850 ( 58.3)   994427 (107.8)   538108 ( 58.3)   537693 ( 58.3)   559650 ( 60.7)   286966 ( 31.1) 
 226     9253   544888 ( 58.9)  1404128 (151.7)   544996 ( 58.9)   544895 ( 58.9)   563565 ( 60.9)   327467 ( 35.4) 
 227     9292   552698 ( 59.5)  1075666 (115.8)   552847 ( 59.5)   552643 ( 59.5)   570467 ( 61.4)   335078 ( 36.1) 
 228     9354   558344 ( 59.7)  1133702 (121.2)   558636 ( 59.7)   558382 ( 59.7)   576969 ( 61.7)   321841 ( 34.4) 
 229     9405   560513 ( 59.6)   928442 ( 98.7)   560675 ( 59.6)   560385 ( 59.6)   579070 ( 61.6)   332002 ( 35.3) 
 230     9421   565430 ( 60.0)   999498 (106.1)   565361 ( 60.0)   565486 ( 60.0)   583184 ( 61.9)   335098 ( 35.6) 
 231     9185   570962 ( 62.2)  1319748 (143.7)   571112 ( 62.2)   570793 ( 62.1)   593324 ( 64.6)   303683 ( 33.1) 
 232     9215   571244 ( 62.0)   954260 (103.6)   571275 ( 62.0)   571266 ( 62.0)   593668 ( 64.4)   295566 ( 32.1) 
 233     9265   576346 ( 62.2)  1543022 (166.5)   576623 ( 62.2)   576183 ( 62.2)   598866 ( 64.6)   307634 ( 33.2) 
 234     9864   583635 ( 59.2)   989477 (100.3)   583748 ( 59.2)   583642 ( 59.2)   603059 ( 61.1)   351584 ( 35.6) 
 235     9959   592355 ( 59.5)  1250270 (125.5)   592367 ( 59.5)   592029 ( 59.4)   610656 ( 61.3)   358358 ( 36.0) 
 236     9994   598199 ( 59.9)   984914 ( 98.6)   598233 ( 59.9)   597969 ( 59.8)   617296 ( 61.8)   344677 ( 34.5) 
 237    10036   599984 ( 59.8)   994475 ( 99.1)   600148 ( 59.8)   599850 ( 59.8)   619159 ( 61.7)   354798 ( 35.4) 
 238    10074   604889 ( 60.0)  1455447 (144.5)   604821 ( 60.0)   604948 ( 60.1)   623154 ( 61.9)   356346 ( 35.4) 
 239    10165   610617 ( 60.1)  3016363 (296.7)   610762 ( 60.1)   610440 ( 60.1)   634024 ( 62.4)   322968 ( 31.8) 
 240    10104   611089 ( 60.5)  4847923 (479.8)   611113 ( 60.5)   611114 ( 60.5)   641009 ( 63.4)   315482 ( 31.2) 
 241    10249   616381 ( 60.1)  2813207 (274.5)   616671 ( 60.2)   616195 ( 60.1)   639693 ( 62.4)   327982 ( 32.0) 
 242    10327   624085 ( 60.4)  1531738 (148.3)   624203 ( 60.4)   624089 ( 60.4)   644170 ( 62.4)   373662 ( 36.2) 
 243    10407   632754 ( 60.8)  1252311 (120.3)   632780 ( 60.8)   632401 ( 60.8)   651734 ( 62.6)   382069 ( 36.7) 
 244    10492   638954 ( 60.9)  1180601 (112.5)   638991 ( 60.9)   638718 ( 60.9)   658882 ( 62.8)   367531 ( 35.0) 
 245    10231   640816 ( 62.6)  1353242 (132.3)   640997 ( 62.7)   640659 ( 62.6)   660649 ( 64.6)   378307 ( 37.0) 
 246    10271   646053 ( 62.9)  1337179 (130.2)   645980 ( 62.9)   646106 ( 62.9)   664883 ( 64.7)   381419 ( 37.1) 
 247    10353   651983 ( 63.0)  1490703 (144.0)   652155 ( 63.0)   651784 ( 63.0)   676570 ( 65.4)   345883 ( 33.4) 
 248    10418   652468 ( 62.6)  1090074 (104.6)   652498 ( 62.6)   652488 ( 62.6)   676248 ( 64.9)   336647 ( 32.3) 
 249    10507   657931 ( 62.6)  1629192 (155.1)   658234 ( 62.6)   657731 ( 62.6)   681979 ( 64.9)   350073 ( 33.3) 
 250    10568   665696 ( 63.0)  1624565 (153.7)   665828 ( 63.0)   665701 ( 63.0)   686412 ( 65.0)   399494 ( 37.8) 
 251    10638   674656 ( 63.4)  2225591 (209.2)   674820 ( 63.4)   674291 ( 63.4)   694402 ( 65.3)   406618 ( 38.2) 
 252    10673   680778 ( 63.8)  1129885 (105.9)   680818 ( 63.8)   680813 ( 63.8)   701704 ( 65.7)   392017 ( 36.7) 
 253    10773   682982 ( 63.4)  1346690 (125.0)   683162 ( 63.4)   682811 ( 63.4)   703451 ( 65.3)   402830 ( 37.4) 
 254    10793   688388 ( 63.8)  1148946 (106.5)   688305 ( 63.8)   688435 ( 63.8)   707896 ( 65.6)   404327 ( 37.5) 
 255    10901   694511 ( 63.7)  1150555 (105.5)   694678 ( 63.7)   694295 ( 63.7)   720000 ( 66.0)   366355 ( 33.6) 
 256    11480   695002 ( 60.5)  5516933 (480.6)   695034 ( 60.5)   695027 ( 60.5)   726958 ( 63.3)   359165 ( 31.3) 
 257    11064   700654 ( 63.3)  5559689 (502.5)   700983 ( 63.4)   700436 ( 63.3)   725574 ( 65.6)   371346 ( 33.6) 
 258    11136   708652 ( 63.6)  3175686 (285.2)   708789 ( 63.6)   708656 ( 63.6)   729934 ( 65.5)   422880 ( 38.0) 
 259    11264   718107 ( 63.8)  2841871 (252.3)   718290 ( 63.8)   717712 ( 63.7)   738570 ( 65.6)   432096 ( 38.4) 
 260    11312   724212 ( 64.0)  2195702 (194.1)   724255 ( 64.0)   724249 ( 64.0)   745964 ( 65.9)   416048 ( 36.8) 
 261    11429   726500 ( 63.6)  3165570 (277.0)   726702 ( 63.6)   726310 ( 63.5)   747598 ( 65.4)   427932 ( 37.4) 
 262    11503   732059 ( 63.6)  2515965 (218.7)   731973 ( 63.6)   732104 ( 63.6)   752311 ( 65.4)   430944 ( 37.5) 
 263    11625   738388 ( 63.5)  2664030 (229.2)   738580 ( 63.5)   738149 ( 63.5)   765029 ( 65.8)   389924 ( 33.5) 
 264    11711   738884 ( 63.1)  2496155 (213.1)   738913 ( 63.1)   738904 ( 63.1)   764388 ( 65.3)   380114 ( 32.5) 
 265    11795   744707 ( 63.1)  3076015 (260.8)   745045 ( 63.2)   744481 ( 63.1)   770280 ( 65.3)   395150 ( 33.5) 
 266    11871   752955 ( 63.4)  3088712 (260.2)   753093 ( 63.4)   752957 ( 63.4)   775041 ( 65.3)   450353 ( 37.9) 
 267    12008   762515 ( 63.5)  2823399 (235.1)   762706 ( 63.5)   762110 ( 63.5)   783765 ( 65.3)   458182 ( 38.2) 
 268    12385   768814 ( 62.1)  3074717 (248.3)   769150 ( 62.1)   768847 ( 62.1)   791301 ( 63.9)   441492 ( 35.6) 
 269    12487   771167 ( 61.8)  3361849 (269.2)   771374 ( 61.8)   770967 ( 61.7)   792904 ( 63.5)   453591 ( 36.3) 
 270    12533   776892 ( 62.0)  3543519 (282.7)   776803 ( 62.0)   776948 ( 62.0)   797647 ( 63.6)   455258 ( 36.3) 
 271    12638   783595 ( 62.0)  3461424 (273.9)   783785 ( 62.0)   783350 ( 62.0)   811223 ( 64.2)   412207 ( 32.6) 
 272    12666   784108 ( 61.9)  6226138 (491.6)   784127 ( 61.9)   784128 ( 61.9)   818000 ( 64.6)   403960 ( 31.9) 
 273    12890   790127 ( 61.3)  3566488 (276.7)   790474 ( 61.3)   789870 ( 61.3)   816516 ( 63.3)   417405 ( 32.4) 
 274    12965   798428 ( 61.6)  3917348 (302.1)   798552 ( 61.6)   798424 ( 61.6)   821171 ( 63.3)   475390 ( 36.7) 
 275    13053   808312 ( 61.9)  5197366 (398.2)   808530 ( 61.9)   808030 ( 61.9)   830452 ( 63.6)   485099 ( 37.2) 
 276    13196   814941 ( 61.8)  4461846 (338.1)   815281 ( 61.8)   814972 ( 61.8)   838250 ( 63.5)   467368 ( 35.4) 
 277    13321   817562 ( 61.4)  4144988 (311.2)   817790 ( 61.4)   817338 ( 61.4)   839922 ( 63.1)   480459 ( 36.1) 
 278    13373   823435 ( 61.6)  4838937 (361.8)   823341 ( 61.6)   823487 ( 61.6)   844893 ( 63.2)   483565 ( 36.2) 
 279    12947   830167 ( 64.1)  3899623 (301.2)   830381 ( 64.1)   829890 ( 64.1)   858811 ( 66.3)   437371 ( 33.8) 
 280    13075   830514 ( 63.5)  5406147 (413.5)   830511 ( 63.5)   830521 ( 63.5)   857496 ( 65.6)   426545 ( 32.6) 
 281    13187   836865 ( 63.5)  5081471 (385.3)   837238 ( 63.5)   836602 ( 63.4)   863976 ( 65.5)   442771 ( 33.6) 
 282    13590   845598 ( 62.2)  4789270 (352.4)   845716 ( 62.2)   845587 ( 62.2)   868925 ( 63.9)   504169 ( 37.1) 
 283    13697   855437 ( 62.5)  6743005 (492.3)   855658 ( 62.5)   855299 ( 62.4)   878557 ( 64.1)   512748 ( 37.4) 
 284    13835   862411 ( 62.3)  4655402 (336.5)   862760 ( 62.4)   862442 ( 62.3)   886542 ( 64.1)   494867 ( 35.8) 
 285    13945   865099 ( 62.0)  5588987 (400.8)   865332 ( 62.1)   864863 ( 62.0)   888097 ( 63.7)   507863 ( 36.4) 
 286    14056   871142 ( 62.0)  4823718 (343.2)   871040 ( 62.0)   871192 ( 62.0)   893119 ( 63.5)   509106 ( 36.2) 
 287    14188   877892 ( 61.9)  6704487 (472.5)   878103 ( 61.9)   877613 ( 61.9)   907725 ( 64.0)   460339 ( 32.4) 
 288    14200   878409 ( 61.9)  6980183 (491.6)   878425 ( 61.9)   878427 ( 61.9)   914255 ( 64.4)   450885 ( 31.8) 
 289    13853   884971 ( 63.9)  6798551 (490.8)   885378 ( 63.9)   884689 ( 63.9)   912931 ( 65.9)   466964 ( 33.7) 
 290    14278   893930 ( 62.6)  4943833 (346.3)   894058 ( 62.6)   893921 ( 62.6)   918004 ( 64.3)   530481 ( 37.2) 
 291    14402   904074 ( 62.8)  5990741 (416.0)   904317 ( 62.8)   903911 ( 62.8)   927908 ( 64.4)   541167 ( 37.6) 
 292    14559   911404 ( 62.6)  5471857 (375.8)   911764 ( 62.6)   911438 ( 62.6)   936322 ( 64.3)   522052 ( 35.9) 
 293    14693   913819 ( 62.2)  5589807 (380.4)   914075 ( 62.2)   913564 ( 62.2)   937482 ( 63.8)   535837 ( 36.5) 
 294    14805   920192 ( 62.2)  7077961 (478.1)   920080 ( 62.1)   920236 ( 62.2)   942889 ( 63.7)   538736 ( 36.4) 
 295    14917   927321 ( 62.2)  6413071 (429.9)   927559 ( 62.2)   927010 ( 62.1)   958356 ( 64.2)   487127 ( 32.7) 
 296    14496   927668 ( 64.0)  7369271 (508.4)   927691 ( 64.0)   927682 ( 64.0)   956235 ( 66.0)   475547 ( 32.8) 
 297    14963   934406 ( 62.4)  7423420 (496.1)   934800 ( 62.5)   934099 ( 62.4)   963039 ( 64.4)   492983 ( 32.9) 
 298    15040   943605 ( 62.7)  6174287 (410.5)   943732 ( 62.7)   943596 ( 62.7)   968362 ( 64.4)   560965 ( 37.3) 
 299    15239   954376 ( 62.6)  5934729 (389.4)   954452 ( 62.6)   953872 ( 62.6)   978713 ( 64.2)   570390 ( 37.4) 
 300    15363   961564 ( 62.6)  7577976 (493.3)   961945 ( 62.6)   961611 ( 62.6)   987157 ( 64.3)   550720 ( 35.8) 
 301    15493   964224 ( 62.2)  6667027 (430.3)   964486 ( 62.3)   963955 ( 62.2)   988494 ( 63.8)   564869 ( 36.5) 
 302    15030   970398 ( 64.6)  7682424 (511.1)   970294 ( 64.6)   970446 ( 64.6)   993621 ( 66.1)   565631 ( 37.6) 
 303    15515   977914 ( 63.0)  6830228 (440.2)   978153 ( 63.0)   977586 ( 63.0)  1010002 ( 65.1)   511910 ( 33.0) 
 304    15548   978281 ( 62.9)  7779581 (500.4)   978286 ( 62.9)   978289 ( 62.9)  1016183 ( 65.4)   501456 ( 32.3) 
 305    15800   985198 ( 62.4)  6865592 (434.5)   985623 ( 62.4)   984867 ( 62.3)  1014674 ( 64.2)   518462 ( 32.8) 
 306    15923   994448 ( 62.5)  7879625 (494.9)   994579 ( 62.5)   994437 ( 62.5)  1019838 ( 64.0)   588711 ( 37.0) 
 307    15537  1005548 ( 64.7)  4360330 (280.6)  1005994 ( 64.7)  1005349 ( 64.7)  1030991 ( 66.4)   600590 ( 38.7) 
 308    15975  1012884 ( 63.4)  7492994 (469.0)  1013258 ( 63.4)  1012912 ( 63.4)  1039471 ( 65.1)   579396 ( 36.3) 
 309    16141  1015808 ( 62.9)  8037518 (498.0)  1016100 ( 63.0)  1015514 ( 62.9)  1040718 ( 64.5)   594573 ( 36.8) 
 310    16270  1022136 ( 62.8)  7690883 (472.7)  1022030 ( 62.8)  1022200 ( 62.8)  1046048 ( 64.3)   597099 ( 36.7) 
 311    16439  1029857 ( 62.6)  7242647 (440.6)  1030123 ( 62.7)  1029504 ( 62.6)  1063184 ( 64.7)   539528 ( 32.8) 
 312    16016  1030214 ( 64.3)  8190702 (511.4)  1030236 ( 64.3)  1030226 ( 64.3)  1060288 ( 66.2)   527039 ( 32.9) 
 313    16499  1037323 ( 62.9)  8244382 (499.7)  1037751 ( 62.9)  1036972 ( 62.9)  1067465 ( 64.7)   546159 ( 33.1) 
 314    16629  1046817 ( 63.0)  8302643 (499.3)  1046946 ( 63.0)  1046800 ( 63.0)  1072936 ( 64.5)   620862 ( 37.3) 
 315    16834  1058368 ( 62.9)  5859911 (348.1)  1058467 ( 62.9)  1057818 ( 62.8)  1084306 ( 64.4)   631128 ( 37.5) 
 316    16367  1065913 ( 65.1)  8404604 (513.5)  1065947 ( 65.1)  1065939 ( 65.1)  1093248 ( 66.8)   609764 ( 37.3) 
 317    16857  1068546 ( 63.4)  8458350 (501.8)  1068841 ( 63.4)  1068237 ( 63.4)  1094101 ( 64.9)   624754 ( 37.1) 
 318    17007  1075399 ( 63.2)  8511965 (500.5)  1075281 ( 63.2)  1075446 ( 63.2)  1099875 ( 64.7)   625297 ( 36.8) 
 319    17183  1082954 ( 63.0)  8540565 (497.0)  1083226 ( 63.0)  1082591 ( 63.0)  1117353 ( 65.0)   564648 ( 32.9) 
 320    17244  1083515 ( 62.8)  8616019 (499.7)  1083518 ( 62.8)  1083521 ( 62.8)  1123320 ( 65.1)   553495 ( 32.1) 
 321    17260  1090810 ( 63.2)  8670503 (502.3)  1091269 ( 63.2)  1090423 ( 63.2)  1121784 ( 65.0)   572071 ( 33.1) 
 322    17407  1100710 ( 63.2)  8725758 (501.3)  1100840 ( 63.2)  1100687 ( 63.2)  1127403 ( 64.8)   649809 ( 37.3) 
 323    17598  1112214 ( 63.2)  8781938 (499.0)  1112517 ( 63.2)  1111983 ( 63.2)  1139236 ( 64.7)   662751 ( 37.7) 
 324    17165  1120099 ( 65.3)  8835755 (514.8)  1120135 ( 65.3)  1120128 ( 65.3)  1148423 ( 66.9)   640115 ( 37.3) 
 325    17699  1122833 ( 63.4)  8890741 (502.3)  1123146 ( 63.5)  1122496 ( 63.4)  1149039 ( 64.9)   655943 ( 37.1) 
 326    17839  1129830 ( 63.3)  8327270 (466.8)  1129697 ( 63.3)  1129869 ( 63.3)  1155012 ( 64.7)   658638 ( 36.9) 
 327    18042  1137773 ( 63.1)  8554636 (474.2)  1138063 ( 63.1)  1137372 ( 63.0)  1173438 ( 65.0)   594624 ( 33.0) 
 328    17646  1138318 ( 64.5)  9051025 (512.9)  1138338 ( 64.5)  1138328 ( 64.5)  1169917 ( 66.3)   581189 ( 32.9) 
 329    18116  1145618 ( 63.2)  6022142 (332.4)  1146091 ( 63.3)  1145220 ( 63.2)  1177276 ( 65.0)   601185 ( 33.2) 
 330    18280  1155764 ( 63.2)  9167460 (501.5)  1155893 ( 63.2)  1155739 ( 63.2)  1183171 ( 64.7)   683840 ( 37.4) 
 331    18447  1167552 ( 63.3)  9223452 (500.0)  1167861 ( 63.3)  1167316 ( 63.3)  1195502 ( 64.8)   695101 ( 37.7) 
 332    18386  1175636 ( 63.9)  9277145 (504.6)  1176033 ( 64.0)  1175661 ( 63.9)  1204767 ( 65.5)   671873 ( 36.5) 
 333    18618  1178614 ( 63.3)  8675837 (466.0)  1178934 ( 63.3)  1178261 ( 63.3)  1205443 ( 64.7)   688099 ( 37.0) 
 334    18748  1185412 ( 63.2)  9388981 (500.8)  1185288 ( 63.2)  1185473 ( 63.2)  1211079 ( 64.6)   687767 ( 36.7) 
 335    18369  1193730 ( 65.0)  9407387 (512.1)  1194036 ( 65.0)  1193323 ( 65.0)  1230499 ( 67.0)   621188 ( 33.8) 
 336    18746  1194292 ( 63.7)  9499820 (506.8)  1194306 ( 63.7)  1194307 ( 63.7)  1235887 ( 65.9)   608613 ( 32.5) 
 337    19074  1201793 ( 63.0)  9556743 (501.0)  1202288 ( 63.0)  1201363 ( 63.0)  1234247 ( 64.7)   628652 ( 33.0) 
 338    18681  1212165 ( 64.9)  9613538 (514.6)  1212297 ( 64.9)  1212135 ( 64.9)  1240197 ( 66.4)   714284 ( 38.2) 
 339    19174  1224446 ( 63.9)  9674682 (504.6)  1224779 ( 63.9)  1223994 ( 63.8)  1252950 ( 65.3)   728092 ( 38.0) 
 340    19360  1232514 ( 63.7)  9730095 (502.6)  1232921 ( 63.7)  1232540 ( 63.7)  1262531 ( 65.2)   703707 ( 36.3) 
 341    18998  1235584 ( 65.0)  6315626 (332.4)  1235927 ( 65.1)  1235199 ( 65.0)  1263059 ( 66.5)   720597 ( 37.9) 
 342    19438  1242703 ( 63.9)  8989172 (462.5)  1242576 ( 63.9)  1242755 ( 63.9)  1269077 ( 65.3)   722911 ( 37.2) 
 343    19706  1250892 ( 63.5)  9902972 (502.5)  1251215 ( 63.5)  1250453 ( 63.5)  1288957 ( 65.4)   652465 ( 33.1) 
 344    19328  1251617 ( 64.8)  9954601 (515.0)  1251633 ( 64.8)  1251624 ( 64.8)  1284760 ( 66.5)   638147 ( 33.0) 
 345    19790  1259281 ( 63.6)  9740906 (492.2)  1259794 ( 63.7)  1258845 ( 63.6)  1292450 ( 65.3)   659742 ( 33.3) 
 346    20008  1269906 ( 63.5) 10077811 (503.7)  1270036 ( 63.5)  1269875 ( 63.5)  1298693 ( 64.9)   749868 ( 37.5) 
 347    19648  1282677 ( 65.3) 10135459 (515.9)  1283010 ( 65.3)  1282016 ( 65.2)  1311901 ( 66.8)   762036 ( 38.8) 
 348    20176  1290736 ( 64.0) 10195572 (505.3)  1291149 ( 64.0)  1290761 ( 64.0)  1321592 ( 65.5)   737110 ( 36.5) 
 349    20344  1293873 ( 63.6)  7999446 (393.2)  1294226 ( 63.6)  1293480 ( 63.6)  1321968 ( 65.0)   754153 ( 37.1) 
 350    20287  1301166 ( 64.1) 10310918 (508.3)  1301021 ( 64.1)  1301205 ( 64.1)  1328094 ( 65.5)   753693 ( 37.2) 
 351    20501  1309722 ( 63.9) 10369637 (505.8)  1310052 ( 63.9)  1309273 ( 63.9)  1348946 ( 65.8)   680358 ( 33.2) 
 352    20628  1310278 ( 63.5) 10425440 (505.4)  1310287 ( 63.5)  1310290 ( 63.5)  1354108 ( 65.6)   667605 ( 32.4) 
 353    20635  1318148 ( 63.9) 10486009 (508.2)  1318690 ( 63.9)  1317676 ( 63.9)  1352125 ( 65.5)   688691 ( 33.4) 
 354    20858  1328987 ( 63.7) 10543126 (505.5)  1329126 ( 63.7)  1328959 ( 63.7)  1358208 ( 65.1)   781220 ( 37.5) 
 355    20512  1342078 ( 65.4) 10607004 (517.1)  1342034 ( 65.4)  1341382 ( 65.4)  1372092 ( 66.9)   796567 ( 38.8) 
 356    21034  1350116 ( 64.2) 10666372 (507.1)  1350546 ( 64.2)  1350142 ( 64.2)  1381930 ( 65.7)   770009 ( 36.6) 
 357    21274  1353530 ( 63.6) 10726373 (504.2)  1353913 ( 63.6)  1353106 ( 63.6)  1382226 ( 65.0)   788521 ( 37.1) 
 358    21209  1360970 ( 64.2) 10163982 (479.2)  1360817 ( 64.2)  1361006 ( 64.2)  1388587 ( 65.5)   790394 ( 37.3) 
 359    21422  1369739 ( 63.9) 10847562 (506.4)  1370097 ( 64.0)  1369254 ( 63.9)  1410270 ( 65.8)   713169 ( 33.3) 
 360    21060  1370291 ( 65.1) 10902874 (517.7)  1370307 ( 65.1)  1370297 ( 65.1)  1404962 ( 66.7)   697729 ( 33.1) 
 361    21615  1378334 ( 63.8) 10966564 (507.4)  1378886 ( 63.8)  1377847 ( 63.7)  1413037 ( 65.4)   720898 ( 33.4) 
 362    21778  1389418 ( 63.8) 11030962 (506.5)  1389557 ( 63.8)  1389387 ( 63.8)  1419471 ( 65.2)   818869 ( 37.6) 
 363    21792  1402602 ( 64.4) 11090573 (508.9)  1402982 ( 64.4)  1402092 ( 64.3)  1433703 ( 65.8)   832009 ( 38.2) 
 364    22014  1411213 ( 64.1) 11151285 (506.6)  1411248 ( 64.1)  1411241 ( 64.1)  1443856 ( 65.6)   805360 ( 36.6) 
 365    21664  1414510 ( 65.3) 11212279 (517.6)  1414910 ( 65.3)  1414081 ( 65.3)  1443765 ( 66.6)   823348 ( 38.0) 
 366    22174  1422117 ( 64.1) 11277448 (508.6)  1421973 ( 64.1)  1422163 ( 64.1)  1450302 ( 65.4)   822733 ( 37.1) 
 367    21874  1431082 ( 65.4) 11337229 (518.3)  1431446 ( 65.4)  1430579 ( 65.4)  1472760 ( 67.3)   742031 ( 33.9) 
 368    22278  1431646 ( 64.3) 11399156 (511.7)  1431656 ( 64.3)  1431659 ( 64.3)  1477362 ( 66.3)   728688 ( 32.7) 
 369    22609  1439890 ( 63.7) 11457687 (506.8)  1440482 ( 63.7)  1439364 ( 63.7)  1475382 ( 65.3)   751404 ( 33.2) 
 370    22562  1451195 ( 64.3) 11518336 (510.5)  1451342 ( 64.3)  1451163 ( 64.3)  1481923 ( 65.7)   852076 ( 37.8) 
 371    22839  1464691 ( 64.1) 11591911 (507.5)  1465104 ( 64.1)  1464146 ( 64.1)  1496612 ( 65.5)   868112 ( 38.0) 
 372    22798  1473467 ( 64.6) 11645893 (510.8)  1473500 ( 64.6)  1473496 ( 64.6)  1507041 ( 66.1)   839773 ( 36.8) 
 373    23028  1476858 ( 64.1) 11707512 (508.4)  1477310 ( 64.2)  1476412 ( 64.1)  1506858 ( 65.4)   859263 ( 37.3) 
 374    22735  1484607 ( 65.3) 11765599 (517.5)  1484456 ( 65.3)  1484647 ( 65.3)  1513498 ( 66.6)   860853 ( 37.9) 
 375    23255  1493785 ( 64.2) 11834963 (508.9)  1494186 ( 64.3)  1493255 ( 64.2)  1536895 ( 66.1)   776408 ( 33.4) 
 376    22911  1494347 ( 65.2) 11892622 (519.1)  1494354 ( 65.2)  1494353 ( 65.2)  1530349 ( 66.8)   760031 ( 33.2) 
 377    23485  1502766 ( 64.0) 11960259 (509.3)  1503366 ( 64.0)  1502224 ( 64.0)  1538971 ( 65.5)   784757 ( 33.4) 
 378    23142  1514316 ( 65.4) 12025837 (519.7)  1514463 ( 65.4)  1514278 ( 65.4)  1545696 ( 66.8)   890957 ( 38.5) 
 379    23724  1528098 ( 64.4) 12089592 (509.6)  1528518 ( 64.4)  1527539 ( 64.4)  1560929 ( 65.8)   904967 ( 38.1) 
 380    23377  1537063 ( 65.8) 12151945 (519.8)  1536671 ( 65.7)  1537090 ( 65.8)  1571326 ( 67.2)   876302 ( 37.5) 
 381    23933  1540533 ( 64.4) 12217548 (510.5)  1540968 ( 64.4)  1540054 ( 64.3)  1571121 ( 65.6)   895730 ( 37.4) 
 382    23549  1548444 ( 65.8) 12280220 (521.5)  1548281 ( 65.7)  1548478 ( 65.8)  1577839 ( 67.0)   894404 ( 38.0) 
 383    24162  1557818 ( 64.5) 12344192 (510.9)  1558221 ( 64.5)  1557268 ( 64.5)  1602069 ( 66.3)   806587 ( 33.4) 
 384    24288  1558385 ( 64.2) 12408404 (510.9)  1558393 ( 64.2)  1558393 ( 64.2)  1606134 ( 66.1)   791449 ( 32.6) 
 385    24402  1567010 ( 64.2) 12470333 (511.0)  1567648 ( 64.2)  1566430 ( 64.2)  1603980 ( 65.7)   816128 ( 33.4) 
 386    24041  1578776 ( 65.7) 12536274 (521.5)  1578926 ( 65.7)  1578740 ( 65.7)  1610806 ( 67.0)   925369 ( 38.5) 
 387    24651  1592879 ( 64.6) 12605575 (511.4)  1593329 ( 64.6)  1592279 ( 64.6)  1626557 ( 66.0)   942676 ( 38.2) 
 388    24338  1602014 ( 65.8) 12666344 (520.4)  1601602 ( 65.8)  1602032 ( 65.8)  1637582 ( 67.3)   912491 ( 37.5) 
 389    24916  1605570 ( 64.4) 12733406 (511.1)  1606037 ( 64.5)  1605053 ( 64.4)  1636854 ( 65.7)   932948 ( 37.4) 
 390    24575  1613619 ( 65.7) 12801409 (520.9)  1613454 ( 65.7)  1613654 ( 65.7)  1643712 ( 66.9)   934332 ( 38.0) 
 391    25168  1623213 ( 64.5) 12864580 (511.1)  1623650 ( 64.5)  1622627 ( 64.5)  1668912 ( 66.3)   842290 ( 33.5) 
 392    24837  1623770 ( 65.4) 12925910 (520.4)  1623778 ( 65.4)  1623778 ( 65.4)  1661471 ( 66.9)   824822 ( 33.2) 
 393    25411  1632569 ( 64.2) 12994727 (511.4)  1633219 ( 64.3)  1631978 ( 64.2)  1670295 ( 65.7)   851321 ( 33.5) 
 394    25134  1644594 ( 65.4) 13059644 (519.6)  1644735 ( 65.4)  1644542 ( 65.4)  1677495 ( 66.7)   966151 ( 38.4) 
 395    25658  1658972 ( 64.7) 13130697 (511.8)  1659436 ( 64.7)  1658365 ( 64.6)  1693564 ( 66.0)   980994 ( 38.2) 
 396    25679  1668292 ( 65.0) 13195283 (513.9)  1668323 ( 65.0)  1668316 ( 65.0)  1704585 ( 66.4)   950396 ( 37.0) 
 397    25961  1671927 ( 64.4) 13262737 (510.9)  1672402 ( 64.4)  1671399 ( 64.4)  1703803 ( 65.6)   971061 ( 37.4) 
 398    25915  1680138 ( 64.8) 13329311 (514.3)  1679974 ( 64.8)  1680179 ( 64.8)  1710770 ( 66.0)   969061 ( 37.4) 
 399    26236  1689935 ( 64.4) 13393443 (510.5)  1690375 ( 64.4)  1689332 ( 64.4)  1737055 ( 66.2)   873877 ( 33.3) 
# ...the end 
