# starting test: OpenMP ON with 64 threads... 
# sN[S/L] = stride-N [store/load] 
# pur  = pragma unroll 
# mur  = manual unroll 
# murv = manual unroll and vectorize 
# timing in cycles (ratio relative to memcpy) 
 # n   memcpy        loop copy      basic + s1S      basic + s1L    pur 4x4 + s1L    mur 4x4 + s1L   murv 4x4 + s1L 
   2      129    13746 (106.6)    13789 (106.9)    13750 (106.6)    13708 (106.3)    23851 (184.9)    24051 (186.4) 
   3      100    14677 (146.8)    14977 (149.8)    14879 (148.8)    14578 (145.8)    25563 (255.6)    25517 (255.2) 
   4      100    14672 (146.7)    14955 (149.6)    14853 (148.5)    14504 (145.0)    24859 (248.6)    24819 (248.2) 
   5      116    14717 (126.9)    15009 (129.4)    15022 (129.5)    14699 (126.7)    25497 (219.8)    25284 (218.0) 
   6      135    15548 (115.2)    15839 (117.3)    15789 (117.0)    15505 (114.9)    25849 (191.5)    25797 (191.1) 
   7      148    14791 ( 99.9)    15047 (101.7)    15027 (101.5)    14760 ( 99.7)    25562 (172.7)    25551 (172.6) 
   8      148    15728 (106.3)    15958 (107.8)    15915 (107.5)    15624 (105.6)    24850 (167.9)    24814 (167.7) 
   9      184    15864 ( 86.2)    16175 ( 87.9)    16116 ( 87.6)    15845 ( 86.1)    26040 (141.5)    25774 (140.1) 
  10      192    15585 ( 81.2)    15896 ( 82.8)    15802 ( 82.3)    15497 ( 80.7)    25952 (135.2)    25933 (135.1) 
  11      227    16550 ( 72.9)    16854 ( 74.2)    16632 ( 73.3)    16324 ( 71.9)    26415 (116.4)    26633 (117.3) 
  12      331    16440 ( 49.7)    16714 ( 50.5)    16698 ( 50.4)    16421 ( 49.6)    24863 ( 75.1)    24727 ( 74.7) 
  13      357    17387 ( 48.7)    17728 ( 49.7)    17532 ( 49.1)    17193 ( 48.2)    25682 ( 71.9)    25671 ( 71.9) 
  14      364    18158 ( 49.9)    18429 ( 50.6)    18313 ( 50.3)    18000 ( 49.5)    25715 ( 70.6)    25924 ( 71.2) 
  15      377    18760 ( 49.8)    19121 ( 50.7)    18917 ( 50.2)    18612 ( 49.4)    27135 ( 72.0)    27548 ( 73.1) 
  16      309    18825 ( 60.9)    19090 ( 61.8)    19098 ( 61.8)    18810 ( 60.9)    24725 ( 80.0)    24703 ( 79.9) 
  17      392    19515 ( 49.8)    19815 ( 50.5)    20085 ( 51.2)    19606 ( 50.0)    25382 ( 64.8)    25414 ( 64.8) 
  18      408    20400 ( 50.0)    20654 ( 50.6)    21111 ( 51.7)    20814 ( 51.0)    26466 ( 64.9)    26841 ( 65.8) 
  19      430    20378 ( 47.4)    20636 ( 48.0)    21348 ( 49.6)    21036 ( 48.9)    26209 ( 61.0)    26901 ( 62.6) 
  20      415    20908 ( 50.4)    21174 ( 51.0)    21829 ( 52.6)    21775 ( 52.5)    24934 ( 60.1)    24864 ( 59.9) 
  21      465    22287 ( 47.9)    22794 ( 49.0)    23569 ( 50.7)    23388 ( 50.3)    26158 ( 56.3)    26091 ( 56.1) 
  22      465    22990 ( 49.4)    23377 ( 50.3)    24324 ( 52.3)    24017 ( 51.6)    26663 ( 57.3)    27214 ( 58.5) 
  23      478    23379 ( 48.9)    24214 ( 50.7)    24847 ( 52.0)    24576 ( 51.4)    27100 ( 56.7)    27990 ( 58.6) 
  24      454    24367 ( 53.7)    25026 ( 55.1)    25325 ( 55.8)    25071 ( 55.2)    24861 ( 54.8)    24793 ( 54.6) 
  25      538    24812 ( 46.1)    25982 ( 48.3)    25940 ( 48.2)    25886 ( 48.1)    26022 ( 48.4)    26039 ( 48.4) 
  26      515    25166 ( 48.9)    26713 ( 51.9)    26852 ( 52.1)    26360 ( 51.2)    26710 ( 51.9)    27373 ( 53.2) 
  27      568    27216 ( 47.9)    27606 ( 48.6)    28347 ( 49.9)    28114 ( 49.5)    27845 ( 49.0)    29235 ( 51.5) 
  28      547    27691 ( 50.6)    29276 ( 53.5)    29308 ( 53.6)    28888 ( 52.8)    24934 ( 45.6)    24862 ( 45.5) 
  29      593    29021 ( 48.9)    30366 ( 51.2)    30283 ( 51.1)    29712 ( 50.1)    25906 ( 43.7)    26240 ( 44.2) 
  30      573    29466 ( 51.4)    30885 ( 53.9)    30541 ( 53.3)    30154 ( 52.6)    27144 ( 47.4)    27904 ( 48.7) 
  31      629    30707 ( 48.8)    32403 ( 51.5)    31588 ( 50.2)    31308 ( 49.8)    27054 ( 43.0)    28476 ( 45.3) 
  32      446    31921 ( 71.6)    36130 ( 81.0)    32858 ( 73.7)    32549 ( 73.0)    25140 ( 56.4)    24988 ( 56.0) 
  33      537    33029 ( 61.5)    35651 ( 66.4)    33366 ( 62.1)    33042 ( 61.5)    26655 ( 49.6)    27001 ( 50.3) 
  34      650    33940 ( 52.2)    37649 ( 57.9)    33610 ( 51.7)    33275 ( 51.2)    26340 ( 40.5)    27386 ( 42.1) 
  35      707    35154 ( 49.7)    38647 ( 54.7)    35328 ( 50.0)    35020 ( 49.5)    28604 ( 40.5)    30221 ( 42.7) 
  36      706    36378 ( 51.5)    41453 ( 58.7)    36437 ( 51.6)    36170 ( 51.2)    25659 ( 36.3)    25533 ( 36.2) 
  37      773    36859 ( 47.7)    43228 ( 55.9)    37327 ( 48.3)    37137 ( 48.0)    26050 ( 33.7)    26406 ( 34.2) 
  38      761    37785 ( 49.7)    44691 ( 58.7)    37876 ( 49.8)    37759 ( 49.6)    26568 ( 34.9)    27752 ( 36.5) 
  39      823    38698 ( 47.0)    46242 ( 56.2)    39410 ( 47.9)    39224 ( 47.7)    28559 ( 34.7)    30327 ( 36.8) 
  40      579    39792 ( 68.7)    50041 ( 86.4)    40284 ( 69.6)    39955 ( 69.0)    25379 ( 43.8)    25340 ( 43.8) 
  41      745    40804 ( 54.8)    49566 ( 66.5)    41618 ( 55.9)    41325 ( 55.5)    26601 ( 35.7)    27064 ( 36.3) 
  42      774    41948 ( 54.2)    50812 ( 65.6)    42579 ( 55.0)    42272 ( 54.6)    28195 ( 36.4)    29402 ( 38.0) 
  43      819    42984 ( 52.5)    54835 ( 67.0)    43611 ( 53.2)    43301 ( 52.9)    28688 ( 35.0)    30881 ( 37.7) 
  44      815    44587 ( 54.7)    56833 ( 69.7)    45145 ( 55.4)    44836 ( 55.0)    25075 ( 30.8)    25039 ( 30.7) 
  45      877    45533 ( 51.9)    56433 ( 64.3)    46048 ( 52.5)    45752 ( 52.2)    26631 ( 30.4)    27145 ( 31.0) 
  46      648    46820 ( 72.3)    60016 ( 92.6)    47230 ( 72.9)    46923 ( 72.4)    27664 ( 42.7)    29183 ( 45.0) 
  47      811    47924 ( 59.1)    62124 ( 76.6)    48414 ( 59.7)    48134 ( 59.4)    28829 ( 35.5)    31013 ( 38.2) 
  48      774    49168 ( 63.5)    65040 ( 84.0)    49547 ( 64.0)    49248 ( 63.6)    25078 ( 32.4)    25040 ( 32.4) 
  49      889    50317 ( 56.6)    66506 ( 74.8)    50709 ( 57.0)    50407 ( 56.7)    26455 ( 29.8)    27067 ( 30.4) 
  50      908    51540 ( 56.8)    68905 ( 75.9)    51941 ( 57.2)    51633 ( 56.9)    27426 ( 30.2)    28987 ( 31.9) 
  51      711    52760 ( 74.2)    73518 (103.4)    53155 ( 74.8)    52904 ( 74.4)    28977 ( 40.8)    31545 ( 44.4) 
  52      850    54105 ( 63.7)    73679 ( 86.7)    54561 ( 64.2)    54251 ( 63.8)    25374 ( 29.9)    25333 ( 29.8) 
  53      926    55438 ( 59.9)    74808 ( 80.8)    55852 ( 60.3)    55536 ( 60.0)    26975 ( 29.1)    27683 ( 29.9) 
  54      940    56799 ( 60.4)    77491 ( 82.4)    57174 ( 60.8)    56863 ( 60.5)    28269 ( 30.1)    30082 ( 32.0) 
  55     1004    58058 ( 57.8)    77666 ( 77.4)    58450 ( 58.2)    58134 ( 57.9)    28965 ( 28.8)    31984 ( 31.9) 
  56      760    59395 ( 78.2)    80611 (106.1)    59813 ( 78.7)    59515 ( 78.3)    25664 ( 33.8)    25534 ( 33.6) 
  57      948    60265 ( 63.6)    96514 (101.8)    60441 ( 63.8)    60399 ( 63.7)    25996 ( 27.4)    26836 ( 28.3) 
  58      967    61442 ( 63.5)    86140 ( 89.1)    61658 ( 63.8)    61635 ( 63.7)    27001 ( 27.9)    29260 ( 30.3) 
  59     1018    62960 ( 61.8)    88925 ( 87.4)    63098 ( 62.0)    63075 ( 62.0)    27599 ( 27.1)    30976 ( 30.4) 
  60      774    64443 ( 83.3)    89292 (115.4)    64542 ( 83.4)    64509 ( 83.3)    23903 ( 30.9)    24142 ( 31.2) 
  61      969    65876 ( 68.0)    91203 ( 94.1)    66057 ( 68.2)    66032 ( 68.1)    26208 ( 27.0)    27407 ( 28.3) 
  62     1000    67604 ( 67.6)    94859 ( 94.9)    67692 ( 67.7)    67681 ( 67.7)    26878 ( 26.9)    29305 ( 29.3) 
  63     1050    69025 ( 65.7)    95375 ( 90.8)    69245 ( 65.9)    69223 ( 65.9)    29128 ( 27.7)    32856 ( 31.3) 
  64     1040    70456 ( 67.7)   357532 (343.8)    70717 ( 68.0)    70695 ( 68.0)    24046 ( 23.1)    24284 ( 23.4) 
  65     1026    72162 ( 70.3)    99797 ( 97.3)    72288 ( 70.5)    72268 ( 70.4)    25618 ( 25.0)    26948 ( 26.3) 
  66     1060    73741 ( 69.6)   105464 ( 99.5)    73900 ( 69.7)    73887 ( 69.7)    27735 ( 26.2)    30269 ( 28.6) 
  67     1114    75368 ( 67.7)   107723 ( 96.7)    75521 ( 67.8)    75503 ( 67.8)    28813 ( 25.9)    32582 ( 29.2) 
  68      907    77064 ( 85.0)   109620 (120.9)    77174 ( 85.1)    77141 ( 85.1)    23962 ( 26.4)    24200 ( 26.7) 
  69     1124    78802 ( 70.1)   110702 ( 98.5)    79037 ( 70.3)    79012 ( 70.3)    25915 ( 23.1)    27212 ( 24.2) 
  70     1170    80449 ( 68.8)   123772 (105.8)    80617 ( 68.9)    80594 ( 68.9)    27533 ( 23.5)    30180 ( 25.8) 
  71     1231    82346 ( 66.9)   115729 ( 94.0)    82458 ( 67.0)    82439 ( 67.0)    29325 ( 23.8)    33290 ( 27.0) 
  72     1011    83803 ( 82.9)   119431 (118.1)    83981 ( 83.1)    83955 ( 83.0)    24221 ( 24.0)    24388 ( 24.1) 
  73     1218    86462 ( 71.0)   127942 (105.0)    86620 ( 71.1)    86649 ( 71.1)    26462 ( 21.7)    27806 ( 22.8) 
  74     1251    88272 ( 70.6)   128038 (102.3)    88384 ( 70.7)    88407 ( 70.7)    28608 ( 22.9)    31346 ( 25.1) 
  75     1336    90129 ( 67.5)   130421 ( 97.6)    90228 ( 67.5)    90238 ( 67.5)    30463 ( 22.8)    34737 ( 26.0) 
  76     1225    91942 ( 75.1)   133420 (108.9)    92035 ( 75.1)    92058 ( 75.1)    24859 ( 20.3)    24940 ( 20.4) 
  77     1296    93776 ( 72.4)   144285 (111.3)    93968 ( 72.5)    93980 ( 72.5)    27189 ( 21.0)    28587 ( 22.1) 
  78     1344    95800 ( 71.3)   140217 (104.3)    95908 ( 71.4)    95926 ( 71.4)    28676 ( 21.3)    31675 ( 23.6) 
  79     1192    97664 ( 81.9)   143500 (120.4)    97787 ( 82.0)    97805 ( 82.1)    30861 ( 25.9)    35331 ( 29.6) 
  80     1281    99645 ( 77.8)   143653 (112.1)    99748 ( 77.9)    99780 ( 77.9)    24845 ( 19.4)    24933 ( 19.5) 
  81     1395   101634 ( 72.9)   147999 (106.1)   101719 ( 72.9)   101747 ( 72.9)    26351 ( 18.9)    27855 ( 20.0) 
  82     1215   103633 ( 85.3)   152568 (125.6)   103728 ( 85.4)   103748 ( 85.4)    28996 ( 23.9)    32146 ( 26.5) 
  83     1435   105626 ( 73.6)   154926 (108.0)   105764 ( 73.7)   105782 ( 73.7)    31072 ( 21.7)    35948 ( 25.1) 
  84     1437   107646 ( 74.9)   157731 (109.8)   107819 ( 75.0)   107835 ( 75.0)    24862 ( 17.3)    24936 ( 17.4) 
  85     1288   109675 ( 85.2)   166392 (129.2)   109896 ( 85.3)   109910 ( 85.3)    27228 ( 21.1)    28795 ( 22.4) 
  86     1488   111855 ( 75.2)   170058 (114.3)   112054 ( 75.3)   112058 ( 75.3)    29111 ( 19.6)    32332 ( 21.7) 
  87     1514   114024 ( 75.3)   167974 (110.9)   114106 ( 75.4)   114134 ( 75.4)    31608 ( 20.9)    36586 ( 24.2) 
  88     1350   116129 ( 86.0)   168783 (125.0)   116221 ( 86.1)   116237 ( 86.1)    24847 ( 18.4)    24940 ( 18.5) 
  89     1576   118264 ( 75.0)   175910 (111.6)   118427 ( 75.1)   118451 ( 75.2)    27657 ( 17.5)    29382 ( 18.6) 
  90     1586   120530 ( 76.0)   178540 (112.6)   120667 ( 76.1)   120700 ( 76.1)    28870 ( 18.2)    32290 ( 20.4) 
  91     1441   122703 ( 85.2)   180996 (125.6)   122819 ( 85.2)   122830 ( 85.2)    31835 ( 22.1)    36927 ( 25.6) 
  92     1599   124964 ( 78.2)   184429 (115.3)   125099 ( 78.2)   125131 ( 78.3)    24864 ( 15.5)    24936 ( 15.6) 
  93     1688   127159 ( 75.3)   192728 (114.2)   127366 ( 75.5)   127393 ( 75.5)    26760 ( 15.9)    28480 ( 16.9) 
  94     1603   129563 ( 80.8)   193520 (120.7)   129668 ( 80.9)   129684 ( 80.9)    28945 ( 18.1)    32512 ( 20.3) 
  95     1702   131865 ( 77.5)   196852 (115.7)   131969 ( 77.5)   131996 ( 77.6)    31819 ( 18.7)    37204 ( 21.9) 
  96     1681   134189 ( 79.8)   780063 (464.0)   134329 ( 79.9)   134361 ( 79.9)    24848 ( 14.8)    24934 ( 14.8) 
  97     1719   136554 ( 79.4)   202880 (118.0)   136726 ( 79.5)   136747 ( 79.6)    27287 ( 15.9)    29053 ( 16.9) 
  98     1748   138924 ( 79.5)   208718 (119.4)   139132 ( 79.6)   139147 ( 79.6)    29634 ( 17.0)    33558 ( 19.2) 
  99     1633   141282 ( 86.5)   212965 (130.4)   141501 ( 86.7)   141513 ( 86.7)    32075 ( 19.6)    37720 ( 23.1) 
 100     1802   143803 ( 79.8)   214349 (119.0)   143940 ( 79.9)   143963 ( 79.9)    24867 ( 13.8)    24936 ( 13.8) 
 101     3152    59682 ( 18.9)    50316 ( 16.0)    59259 ( 18.8)    58054 ( 18.4)    57103 ( 18.1)    65385 ( 20.7) 
 102     3232    59117 ( 18.3)    47654 ( 14.7)    58926 ( 18.2)    58459 ( 18.1)    73900 ( 22.9)    70880 ( 21.9) 
 103     3380    59046 ( 17.5)    54013 ( 16.0)    58253 ( 17.2)    58690 ( 17.4)    64970 ( 19.2)    74441 ( 22.0) 
 104     2982    59414 ( 19.9)    50002 ( 16.8)    59615 ( 20.0)    59224 ( 19.9)    52161 ( 17.5)    52755 ( 17.7) 
 105     3451    58808 ( 17.0)    67778 ( 19.6)    58860 ( 17.1)    58561 ( 17.0)    55854 ( 16.2)    66134 ( 19.2) 
 106     3637    59096 ( 16.2)    49786 ( 13.7)    59475 ( 16.4)    58824 ( 16.2)    61002 ( 16.8)    75111 ( 20.7) 
 107     3438    58893 ( 17.1)    50796 ( 14.8)    59149 ( 17.2)    58829 ( 17.1)    64151 ( 18.7)    81482 ( 23.7) 
 108     3548    59150 ( 16.7)    50551 ( 14.2)    59639 ( 16.8)    59395 ( 16.7)    52150 ( 14.7)    51609 ( 14.5) 
 109     3472    59398 ( 17.1)    51083 ( 14.7)    59813 ( 17.2)    59834 ( 17.2)    56521 ( 16.3)    61779 ( 17.8) 
 110     3730    59444 ( 15.9)    67207 ( 18.0)    60314 ( 16.2)    59302 ( 15.9)    60378 ( 16.2)    82123 ( 22.0) 
 111     3443    59224 ( 17.2)    50863 ( 14.8)    59451 ( 17.3)    60195 ( 17.5)    64388 ( 18.7)    90997 ( 26.4) 
 112     3660    60025 ( 16.4)    53579 ( 14.6)    59987 ( 16.4)    60456 ( 16.5)    52894 ( 14.5)    60874 ( 16.6) 
 113     3802    59805 ( 15.7)    51689 ( 13.6)    59882 ( 15.8)    60390 ( 15.9)    65167 ( 17.1)    77030 ( 20.3) 
 114     3869    59501 ( 15.4)    69843 ( 18.1)    60761 ( 15.7)    59354 ( 15.3)    61014 ( 15.8)    75602 ( 19.5) 
 115     3944    59684 ( 15.1)    52887 ( 13.4)    59909 ( 15.2)    59622 ( 15.1)    72142 ( 18.3)    77672 ( 19.7) 
 116     3961    60471 ( 15.3)    53003 ( 13.4)    60389 ( 15.2)    60600 ( 15.3)    67689 ( 17.1)    57344 ( 14.5) 
 117     4228    59537 ( 14.1)    53429 ( 12.6)    60121 ( 14.2)    60451 ( 14.3)    57131 ( 13.5)    76428 ( 18.1) 
 118     4097    60505 ( 14.8)    54191 ( 13.2)    59679 ( 14.6)    59858 ( 14.6)    61280 ( 15.0)    84938 ( 20.7) 
 119     4211    60872 ( 14.5)    56576 ( 13.4)    60469 ( 14.4)    60467 ( 14.4)    65366 ( 15.5)    94497 ( 22.4) 
 120     4046    62006 ( 15.3)    55172 ( 13.6)    60660 ( 15.0)    60026 ( 14.8)    54695 ( 13.5)    54443 ( 13.5) 
 121     4686    60956 ( 13.0)    54248 ( 11.6)    60266 ( 12.9)    60008 ( 12.8)    56554 ( 12.1)    72893 ( 15.6) 
 122     4238    60048 ( 14.2)    54286 ( 12.8)    60439 ( 14.3)    60770 ( 14.3)    61574 ( 14.5)    81428 ( 19.2) 
 123     4831    60107 ( 12.4)    57128 ( 11.8)    60417 ( 12.5)    60842 ( 12.6)    66359 ( 13.7)    82970 ( 17.2) 
 124     4348    60751 ( 14.0)    55076 ( 12.7)    61154 ( 14.1)    60933 ( 14.0)    52605 ( 12.1)    52897 ( 12.2) 
 125     4660    49584 ( 10.6)    56587 ( 12.1)    60974 ( 13.1)    58526 ( 12.6)    58683 ( 12.6)    60687 ( 13.0) 
 126     4484    61309 ( 13.7)    55518 ( 12.4)    51346 ( 11.5)    61012 ( 13.6)    62087 ( 13.8)    77488 ( 17.3) 
 127     5229    45305 (  8.7)    56025 ( 10.7)    47447 (  9.1)    48791 (  9.3)    67389 ( 12.9)    94577 ( 18.1) 
 128     5172    61786 ( 11.9)    75581 ( 14.6)    60919 ( 11.8)    61834 ( 12.0)    53113 ( 10.3)    53078 ( 10.3) 
 129     5575    64480 ( 11.6)    84198 ( 15.1)    64012 ( 11.5)    64324 ( 11.5)    56901 ( 10.2)    63171 ( 11.3) 
 130     5069    65268 ( 12.9)    83997 ( 16.6)    65100 ( 12.8)    65569 ( 12.9)    64798 ( 12.8)    81564 ( 16.1) 
 131     5731    65130 ( 11.4)    83220 ( 14.5)    64995 ( 11.3)    65326 ( 11.4)    66829 ( 11.7)    88594 ( 15.5) 
 132     5351    65243 ( 12.2)    82316 ( 15.4)    65484 ( 12.2)    65400 ( 12.2)    52689 (  9.8)    54489 ( 10.2) 
 133     6029    65194 ( 10.8)    84154 ( 14.0)    64951 ( 10.8)    65260 ( 10.8)    68282 ( 11.3)    77845 ( 12.9) 
 134     5577    64352 ( 11.5)    84965 ( 15.2)    63890 ( 11.5)    64767 ( 11.6)    62925 ( 11.3)    80588 ( 14.5) 
 135     6297    65211 ( 10.4)    85205 ( 13.5)    65255 ( 10.4)    65569 ( 10.4)    67894 ( 10.8)    97585 ( 15.5) 
 136     5823    65728 ( 11.3)    84256 ( 14.5)    65648 ( 11.3)    65387 ( 11.2)    65419 ( 11.2)    59212 ( 10.2) 
 137     6404    65392 ( 10.2)    85700 ( 13.4)    64694 ( 10.1)    65335 ( 10.2)    59013 (  9.2)    79495 ( 12.4) 
 138     5985    64382 ( 10.8)    87221 ( 14.6)    65089 ( 10.9)    65207 ( 10.9)    77916 ( 13.0)    87791 ( 14.7) 
 139     6556    65359 ( 10.0)    86185 ( 13.1)    64934 (  9.9)    65023 (  9.9)    69247 ( 10.6)    96775 ( 14.8) 
 140     6451    65163 ( 10.1)    86024 ( 13.3)    65961 ( 10.2)    65854 ( 10.2)    58192 (  9.0)    55028 (  8.5) 
 141     6707    65651 (  9.8)    86937 ( 13.0)    65840 (  9.8)    65596 (  9.8)    58253 (  8.7)    78622 ( 11.7) 
 142     6606    66419 ( 10.1)    88673 ( 13.4)    66216 ( 10.0)    66572 ( 10.1)    76975 ( 11.7)    88476 ( 13.4) 
 143     6850    65773 (  9.6)    88299 ( 12.9)    65743 (  9.6)    65649 (  9.6)    76826 ( 11.2)    95189 ( 13.9) 
 144     6634    64287 (  9.7)    90817 ( 13.7)    64387 (  9.7)    65009 (  9.8)    57526 (  8.7)    52000 (  7.8) 
 145     6440    66590 ( 10.3)    87988 ( 13.7)    66075 ( 10.3)    66142 ( 10.3)    58110 (  9.0)    65627 ( 10.2) 
 146     7114    65886 (  9.3)    72281 ( 10.2)    66248 (  9.3)    66634 (  9.4)    62244 (  8.7)    73039 ( 10.3) 
 147     6715    65923 (  9.8)    79536 ( 11.8)    66294 (  9.9)    66725 (  9.9)    68874 ( 10.3)    83586 ( 12.4) 
 148     7192    65539 (  9.1)    76957 ( 10.7)    66224 (  9.2)    66699 (  9.3)    64310 (  8.9)    53538 (  7.4) 
 149     7225    66186 (  9.2)    88749 ( 12.3)    66383 (  9.2)    65989 (  9.1)    65381 (  9.0)    72532 ( 10.0) 
 150     7355    66027 (  9.0)    87041 ( 11.8)    65763 (  8.9)    65899 (  9.0)    63408 (  8.6)    84689 ( 11.5) 
 151     7362    65926 (  9.0)    90265 ( 12.3)    66243 (  9.0)    66233 (  9.0)    73848 ( 10.0)    99151 ( 13.5) 
 152     6968    65908 (  9.5)    73348 ( 10.5)    66801 (  9.6)    66536 (  9.5)    54858 (  7.9)    60159 (  8.6) 
 153     7595    66229 (  8.7)    91173 ( 12.0)    65795 (  8.7)    66294 (  8.7)    60288 (  7.9)    79729 ( 10.5) 
 154     7514    66594 (  8.9)    90667 ( 12.1)    66007 (  8.8)    66795 (  8.9)    63681 (  8.5)    72124 (  9.6) 
 155     7832    66533 (  8.5)    92509 ( 11.8)    66749 (  8.5)    67275 (  8.6)    69709 (  8.9)    86600 ( 11.1) 
 156     7781    66447 (  8.5)    92641 ( 11.9)    66681 (  8.6)    67096 (  8.6)    63041 (  8.1)    52263 (  6.7) 
 157     7494    66514 (  8.9)    93089 ( 12.4)    66914 (  8.9)    65855 (  8.8)    62246 (  8.3)    80724 ( 10.8) 
 158     7920    66529 (  8.4)    94265 ( 11.9)    66800 (  8.4)    66585 (  8.4)    65297 (  8.2)    78870 ( 10.0) 
 159     7933    66093 (  8.3)    93857 ( 11.8)    66921 (  8.4)    67108 (  8.5)    70176 (  8.8)   103046 ( 13.0) 
 160     8034    66537 (  8.3)    94476 ( 11.8)    66539 (  8.3)    65894 (  8.2)    62481 (  7.8)    58730 (  7.3) 
 161     8208    67740 (  8.3)    94909 ( 11.6)    67376 (  8.2)    67540 (  8.2)    59132 (  7.2)    62260 (  7.6) 
 162     8102    67472 (  8.3)    95124 ( 11.7)    67290 (  8.3)    66969 (  8.3)    64760 (  8.0)    89730 ( 11.1) 
 163     8404    67640 (  8.0)    93764 ( 11.2)    67570 (  8.0)    67917 (  8.1)    70778 (  8.4)    92726 ( 11.0) 
 164     8393    67965 (  8.1)    95459 ( 11.4)    67395 (  8.0)    68170 (  8.1)    52157 (  6.2)    52280 (  6.2) 
 165     8075    66693 (  8.3)    96031 ( 11.9)    67333 (  8.3)    67864 (  8.4)    60893 (  7.5)    64953 (  8.0) 
 166     8637    66778 (  7.7)    96657 ( 11.2)    67468 (  7.8)    67521 (  7.8)    64872 (  7.5)    90304 ( 10.5) 
 167     8655    67961 (  7.9)    97034 ( 11.2)    67806 (  7.8)    68258 (  7.9)    73457 (  8.5)   103895 ( 12.0) 
 168     8278    67908 (  8.2)    96842 ( 11.7)    67744 (  8.2)    67989 (  8.2)    53398 (  6.5)    52868 (  6.4) 
 169     8938    67952 (  7.6)    97341 ( 10.9)    67752 (  7.6)    68090 (  7.6)    59265 (  6.6)    67927 (  7.6) 
 170     8882    68570 (  7.7)    98258 ( 11.1)    68152 (  7.7)    68598 (  7.7)    65155 (  7.3)    76490 (  8.6) 
 171     8542    68058 (  8.0)    99845 ( 11.7)    68633 (  8.0)    68516 (  8.0)    71100 (  8.3)    93690 ( 11.0) 
 172     9134    68176 (  7.5)    98106 ( 10.7)    67925 (  7.4)    67641 (  7.4)    67206 (  7.4)    57271 (  6.3) 
 173     9158    68159 (  7.4)    98961 ( 10.8)    68066 (  7.4)    68693 (  7.5)    60948 (  6.7)    66917 (  7.3) 
 174     8809    67912 (  7.7)    99735 ( 11.3)    68644 (  7.8)    69283 (  7.9)    66305 (  7.5)    79776 (  9.1) 
 175     9449    67857 (  7.2)    99169 ( 10.5)    68764 (  7.3)    69104 (  7.3)    71423 (  7.6)    87483 (  9.3) 
 176     9257    68615 (  7.4)    97254 ( 10.5)    68851 (  7.4)    69071 (  7.5)    54016 (  5.8)    54423 (  5.9) 
 177     9134    68394 (  7.5)    99810 ( 10.9)    69121 (  7.6)    69002 (  7.6)    60947 (  6.7)    67616 (  7.4) 
 178     9701    69142 (  7.1)   100283 ( 10.3)    68997 (  7.1)    69128 (  7.1)    67758 (  7.0)    92597 (  9.5) 
 179     9748    68446 (  7.0)    83261 (  8.5)    69149 (  7.1)    69451 (  7.1)    73214 (  7.5)    88673 (  9.1) 
 180     9716    68748 (  7.1)   101212 ( 10.4)    69268 (  7.1)    69054 (  7.1)    67512 (  6.9)    60461 (  6.2) 
 181    10128    69298 (  6.8)   101408 ( 10.0)    69547 (  6.9)    68527 (  6.8)    58542 (  5.8)    66610 (  6.6) 
 182    10030    69637 (  6.9)   101919 ( 10.2)    69295 (  6.9)    70194 (  7.0)    66075 (  6.6)    90126 (  9.0) 
 183    10113    69682 (  6.9)   103373 ( 10.2)    69654 (  6.9)    69980 (  6.9)    74174 (  7.3)    95610 (  9.5) 
 184     9749    69293 (  7.1)   101837 ( 10.4)    69586 (  7.1)    69797 (  7.2)    62026 (  6.4)    55754 (  5.7) 
 185    10394    70298 (  6.8)   103360 (  9.9)    69484 (  6.7)    70294 (  6.8)    63401 (  6.1)    81434 (  7.8) 
 186    10358    70045 (  6.8)   104279 ( 10.1)    70262 (  6.8)    70710 (  6.8)    66296 (  6.4)    84317 (  8.1) 
 187    10444    69539 (  6.7)   103819 (  9.9)    69755 (  6.7)    69406 (  6.6)    76912 (  7.4)   105275 ( 10.1) 
 188    10011    69541 (  6.9)   103680 ( 10.4)    70565 (  7.0)    70258 (  7.0)    52264 (  5.2)    52766 (  5.3) 
 189    10686    70508 (  6.6)   104301 (  9.8)    70675 (  6.6)    70625 (  6.6)    59397 (  5.6)    80930 (  7.6) 
 190    10695    70515 (  6.6)   105081 (  9.8)    70422 (  6.6)    70813 (  6.6)    67334 (  6.3)    86946 (  8.1) 
 191    10768    70340 (  6.5)   104407 (  9.7)    70672 (  6.6)    70759 (  6.6)    74382 (  6.9)    93421 (  8.7) 
 192    10937    69507 (  6.4)   102782 (  9.4)    69678 (  6.4)    70147 (  6.4)    52294 (  4.8)    52389 (  4.8) 
 193    11087    75024 (  6.8)   122272 ( 11.0)    75301 (  6.8)    75382 (  6.8)    67898 (  6.1)    81789 (  7.4) 
 194    11076    75162 (  6.8)   120614 ( 10.9)    75369 (  6.8)    75126 (  6.8)    67186 (  6.1)    87853 (  7.9) 
 195    11173    75472 (  6.8)   119559 ( 10.7)    75853 (  6.8)    75757 (  6.8)    74847 (  6.7)   106888 (  9.6) 
 196    10815    75256 (  7.0)   121983 ( 11.3)    75652 (  7.0)    75532 (  7.0)    54089 (  5.0)    52065 (  4.8) 
 197    11550    75208 (  6.5)   120968 ( 10.5)    75491 (  6.5)    75300 (  6.5)    60076 (  5.2)    73413 (  6.4) 
 198    11541    75408 (  6.5)   123124 ( 10.7)    75332 (  6.5)    74661 (  6.5)    67535 (  5.9)    94889 (  8.2) 
 199    11677    75216 (  6.4)   122714 ( 10.5)    75587 (  6.5)    75452 (  6.5)    75149 (  6.4)   102512 (  8.8) 
 200    11387    75572 (  6.6)   124389 ( 10.9)    75752 (  6.7)    75825 (  6.7)    59923 (  5.3)    54584 (  4.8) 
 201    11959    75166 (  6.3)   124523 ( 10.4)    75762 (  6.3)    75827 (  6.3)    60719 (  5.1)    64653 (  5.4) 
 202    11961    75049 (  6.3)   124701 ( 10.4)    75637 (  6.3)    75614 (  6.3)    70296 (  5.9)    96166 (  8.0) 
 203    12143    75566 (  6.2)   125627 ( 10.3)    75954 (  6.3)    75867 (  6.2)    75117 (  6.2)    96890 (  8.0) 
 204    12066    76009 (  6.3)   126252 ( 10.5)    76131 (  6.3)    76393 (  6.3)    52067 (  4.3)    54632 (  4.5) 
 205    11804    75513 (  6.4)   125403 ( 10.6)    75900 (  6.4)    76313 (  6.5)    60233 (  5.1)    82990 (  7.0) 
 206    12432    76024 (  6.1)   126564 ( 10.2)    76189 (  6.1)    76152 (  6.1)    68021 (  5.5)    88562 (  7.1) 
 207    12506    75902 (  6.1)   126638 ( 10.1)    76267 (  6.1)    76706 (  6.1)    76699 (  6.1)    92108 (  7.4) 
 208    12412    76389 (  6.2)   123384 (  9.9)    76686 (  6.2)    76684 (  6.2)    52230 (  4.2)    52694 (  4.2) 
 209    12745    76161 (  6.0)   127727 ( 10.0)    76850 (  6.0)    76633 (  6.0)    62714 (  4.9)    82477 (  6.5) 
 210    12340    76226 (  6.2)   128462 ( 10.4)    76706 (  6.2)    76751 (  6.2)    68466 (  5.5)    90296 (  7.3) 
 211    13032    76441 (  5.9)   128220 (  9.8)    76751 (  5.9)    76945 (  5.9)    76434 (  5.9)   110377 (  8.5) 
 212    13103    76632 (  5.8)   129036 (  9.8)    77111 (  5.9)    77368 (  5.9)    58445 (  4.5)    54241 (  4.1) 
 213    13280    76542 (  5.8)   129248 (  9.7)    77306 (  5.8)    77419 (  5.8)    64459 (  4.9)    84282 (  6.3) 
 214    13198    76472 (  5.8)   129623 (  9.8)    77273 (  5.9)    77139 (  5.8)    69869 (  5.3)    83080 (  6.3) 
 215    13297    77170 (  5.8)   130095 (  9.8)    77681 (  5.8)    77423 (  5.8)    77982 (  5.9)   110318 (  8.3) 
 216    13004    77140 (  5.9)   130313 ( 10.0)    77567 (  6.0)    77332 (  5.9)    67665 (  5.2)    54173 (  4.2) 
 217    13716    77108 (  5.6)   130596 (  9.5)    77546 (  5.7)    77431 (  5.6)    65390 (  4.8)    77136 (  5.6) 
 218    13748    77057 (  5.6)   130902 (  9.5)    77521 (  5.6)    77410 (  5.6)    69059 (  5.0)    97960 (  7.1) 
 219    13919    77151 (  5.5)   131568 (  9.5)    77500 (  5.6)    77607 (  5.6)    78351 (  5.6)   114168 (  8.2) 
 220    13885    78003 (  5.6)   131847 (  9.5)    77707 (  5.6)    78094 (  5.6)    58995 (  4.2)    52693 (  3.8) 
 221    13967    77932 (  5.6)   132173 (  9.5)    78362 (  5.6)    78222 (  5.6)    60629 (  4.3)    83972 (  6.0) 
 222    14036    77372 (  5.5)   132719 (  9.5)    78125 (  5.6)    78086 (  5.6)    69543 (  5.0)    98935 (  7.0) 
 223    13860    78061 (  5.6)   132937 (  9.6)    78333 (  5.7)    78347 (  5.7)    83732 (  6.0)   114102 (  8.2) 
 224    14350    77801 (  5.4)   129562 (  9.0)    78336 (  5.5)    78237 (  5.5)    67889 (  4.7)    54803 (  3.8) 
 225    14662    77846 (  5.3)   133454 (  9.1)    78585 (  5.4)    78285 (  5.3)    64437 (  4.4)    71980 (  4.9) 
 226    14591    77696 (  5.3)   134030 (  9.2)    78323 (  5.4)    78558 (  5.4)    69739 (  4.8)    99083 (  6.8) 
 227    14740    78386 (  5.3)   134085 (  9.1)    78838 (  5.3)    78796 (  5.3)    79133 (  5.4)   115135 (  7.8) 
 228    14810    78184 (  5.3)   134604 (  9.1)    78511 (  5.3)    78644 (  5.3)    57833 (  3.9)    52576 (  3.6) 
 229    14994    78390 (  5.2)   134858 (  9.0)    79013 (  5.3)    78970 (  5.3)    65064 (  4.3)    84713 (  5.6) 
 230    15015    78335 (  5.2)   135201 (  9.0)    78823 (  5.2)    78926 (  5.3)    69587 (  4.6)    99795 (  6.6) 
 231    14874    78869 (  5.3)   135492 (  9.1)    79103 (  5.3)    79263 (  5.3)    80209 (  5.4)   117584 (  7.9) 
 232    14839    78398 (  5.3)   135583 (  9.1)    78964 (  5.3)    79107 (  5.3)    54735 (  3.7)    56782 (  3.8) 
 233    14881    78726 (  5.3)   136552 (  9.2)    79301 (  5.3)    79042 (  5.3)    67361 (  4.5)    84901 (  5.7) 
 234    15611    78669 (  5.0)   136546 (  8.7)    79312 (  5.1)    79204 (  5.1)    71859 (  4.6)    99780 (  6.4) 
 235    15787    79194 (  5.0)   137166 (  8.7)    79368 (  5.0)    79598 (  5.0)    80524 (  5.1)   100042 (  6.3) 
 236    15876    79063 (  5.0)   137427 (  8.7)    79409 (  5.0)    79587 (  5.0)    68280 (  4.3)    53735 (  3.4) 
 237    15756    79126 (  5.0)   137826 (  8.7)    79757 (  5.1)    79641 (  5.1)    66936 (  4.2)    80832 (  5.1) 
 238    16008    79472 (  5.0)   138869 (  8.7)    79926 (  5.0)    79807 (  5.0)    69841 (  4.4)   101478 (  6.3) 
 239    16155    79429 (  4.9)   138893 (  8.6)    79851 (  4.9)    80028 (  5.0)    82395 (  5.1)   110335 (  6.8) 
 240    16082    79828 (  5.0)   136161 (  8.5)    80038 (  5.0)    79703 (  5.0)    67949 (  4.2)    51993 (  3.2) 
 241    16399    79787 (  4.9)   139413 (  8.5)    79777 (  4.9)    80240 (  4.9)    77785 (  4.7)    85663 (  5.2) 
 242    16472    79890 (  4.9)   140254 (  8.5)    79925 (  4.9)    80350 (  4.9)    72577 (  4.4)    88801 (  5.4) 
 243    16606    79840 (  4.8)   140289 (  8.4)    79738 (  4.8)    80560 (  4.9)    80877 (  4.9)   119012 (  7.2) 
 244    16711    79939 (  4.8)   140444 (  8.4)    80616 (  4.8)    80613 (  4.8)    51633 (  3.1)    52405 (  3.1) 
 245    16408    80056 (  4.9)   140882 (  8.6)    80541 (  4.9)    80589 (  4.9)    61768 (  3.8)    85878 (  5.2) 
 246    16595    80299 (  4.8)   141050 (  8.5)    81042 (  4.9)    80806 (  4.9)    71256 (  4.3)   101926 (  6.1) 
 247    16719    80332 (  4.8)   141615 (  8.5)    80679 (  4.8)    80825 (  4.8)    82301 (  4.9)   117556 (  7.0) 
 248    16806    80155 (  4.8)   141883 (  8.4)    80766 (  4.8)    80711 (  4.8)    54208 (  3.2)    52442 (  3.1) 
 249    16940    80468 (  4.8)   142419 (  8.4)    80806 (  4.8)    80900 (  4.8)    62391 (  3.7)    81299 (  4.8) 
 250    17043    80441 (  4.7)   143019 (  8.4)    80905 (  4.7)    81096 (  4.8)    71692 (  4.2)   102373 (  6.0) 
 251    17139    80698 (  4.7)   143161 (  8.4)    81311 (  4.7)    81369 (  4.7)    81005 (  4.7)   118079 (  6.9) 
 252    17135    81054 (  4.7)   143988 (  8.4)    81233 (  4.7)    81213 (  4.7)    56891 (  3.3)    58259 (  3.4) 
 253    17321    80757 (  4.7)   144106 (  8.3)    81363 (  4.7)    81323 (  4.7)    62797 (  3.6)    86031 (  5.0) 
 254    17501    80937 (  4.6)   144077 (  8.2)    81399 (  4.7)    81472 (  4.7)    71567 (  4.1)   102897 (  5.9) 
 255    17700    81117 (  4.6)   145683 (  8.2)    81477 (  4.6)    81730 (  4.6)    86758 (  4.9)   125501 (  7.1) 
 256    18222    81177 (  4.5)   139592 (  7.7)    81562 (  4.5)    81501 (  4.5)    54091 (  3.0)    52691 (  2.9) 
 257    17822    86375 (  4.8)   166488 (  9.3)    87261 (  4.9)    87398 (  4.9)    62512 (  3.5)    86513 (  4.9) 
 258    17941    86596 (  4.8)   166351 (  9.3)    87281 (  4.9)    86946 (  4.8)    71744 (  4.0)    88077 (  4.9) 
 259    18273    86986 (  4.8)   166850 (  9.1)    87682 (  4.8)    87748 (  4.8)    82569 (  4.5)   122003 (  6.7) 
 260    18226    87226 (  4.8)   167601 (  9.2)    87753 (  4.8)    87954 (  4.8)    60109 (  3.3)    58827 (  3.2) 
 261    18418    87015 (  4.7)   168144 (  9.1)    87679 (  4.8)    87699 (  4.8)    66144 (  3.6)    71261 (  3.9) 
 262    18586    87335 (  4.7)   168344 (  9.1)    87885 (  4.7)    88221 (  4.7)    72451 (  3.9)    92875 (  5.0) 
 263    18745    87739 (  4.7)   168572 (  9.0)    88111 (  4.7)    87954 (  4.7)    83516 (  4.5)   121737 (  6.5) 
 264    18890    87708 (  4.6)   169640 (  9.0)    88046 (  4.7)    88379 (  4.7)    52588 (  2.8)    54089 (  2.9) 
 265    19073    87746 (  4.6)   169637 (  8.9)    88392 (  4.6)    88497 (  4.6)    64281 (  3.4)    87081 (  4.6) 
 266    19223    87754 (  4.6)   170432 (  8.9)    88400 (  4.6)    88750 (  4.6)    72930 (  3.8)    89439 (  4.7) 
 267    19441    88325 (  4.5)   170444 (  8.8)    88804 (  4.6)    88538 (  4.6)    83437 (  4.3)   125107 (  6.4) 
 268    19810    88078 (  4.4)   171101 (  8.6)    88902 (  4.5)    88900 (  4.5)    67253 (  3.4)    52189 (  2.6) 
 269    19999    87626 (  4.4)   171362 (  8.6)    89044 (  4.5)    88058 (  4.4)    66345 (  3.3)    76864 (  3.8) 
 270    20108    88282 (  4.4)   172237 (  8.6)    89146 (  4.4)    88918 (  4.4)    73310 (  3.6)    87804 (  4.4) 
 271    20261    88277 (  4.4)   172116 (  8.5)    89415 (  4.4)    89264 (  4.4)    85151 (  4.2)   122323 (  6.0) 
 272    20255    89751 (  4.4)   169788 (  8.4)    89636 (  4.4)    89646 (  4.4)    54174 (  2.7)    57717 (  2.8) 
 273    20609    88915 (  4.3)   173068 (  8.4)    88968 (  4.3)    89450 (  4.3)    63368 (  3.1)    77012 (  3.7) 
 274    20722    88743 (  4.3)   173685 (  8.4)    89394 (  4.3)    89637 (  4.3)    75581 (  3.6)    91406 (  4.4) 
 275    20915    88894 (  4.3)   173869 (  8.3)    89354 (  4.3)    89411 (  4.3)    88263 (  4.2)   115891 (  5.5) 
 276    21040    88600 (  4.2)   174743 (  8.3)    89690 (  4.3)    89806 (  4.3)    55183 (  2.6)    52662 (  2.5) 
 277    21295    89003 (  4.2)   174975 (  8.2)    89749 (  4.2)    89960 (  4.2)    69769 (  3.3)    81906 (  3.8) 
 278    21360    89427 (  4.2)   175524 (  8.2)    89859 (  4.2)    89715 (  4.2)    73326 (  3.4)   106989 (  5.0) 
 279    21007    89837 (  4.3)   175844 (  8.4)    89911 (  4.3)    89852 (  4.3)    85205 (  4.1)   125313 (  6.0) 
 280    21114    89164 (  4.2)   176220 (  8.3)    90145 (  4.3)    90096 (  4.3)    52700 (  2.5)    53302 (  2.5) 
 281    21397    89624 (  4.2)   176607 (  8.3)    90463 (  4.2)    90426 (  4.2)    63746 (  3.0)    88888 (  4.2) 
 282    21891    89876 (  4.1)   177356 (  8.1)    90583 (  4.1)    90660 (  4.1)    73918 (  3.4)   108416 (  5.0) 
 283    22115    89693 (  4.1)   177475 (  8.0)    90710 (  4.1)    90946 (  4.1)    85801 (  3.9)   125383 (  5.7) 
 284    22137    90025 (  4.1)   177799 (  8.0)    90824 (  4.1)    91006 (  4.1)    55386 (  2.5)    58124 (  2.6) 
 285    22323    90118 (  4.0)   178435 (  8.0)    91131 (  4.1)    91214 (  4.1)    63555 (  2.8)    89012 (  4.0) 
 286    22512    90372 (  4.0)   179129 (  8.0)    90939 (  4.0)    90941 (  4.0)    74281 (  3.3)   107955 (  4.8) 
 287    22652    90070 (  4.0)   179251 (  7.9)    91242 (  4.0)    91445 (  4.0)    86452 (  3.8)   121518 (  5.4) 
 288    22695    91079 (  4.0)   177069 (  7.8)    91245 (  4.0)    91329 (  4.0)    52782 (  2.3)    58092 (  2.6) 
 289    22440    90368 (  4.0)   180374 (  8.0)    91460 (  4.1)    91086 (  4.1)    63279 (  2.8)    77841 (  3.5) 
 290    22698    90628 (  4.0)   181614 (  8.0)    91276 (  4.0)    91488 (  4.0)    74937 (  3.3)   102243 (  4.5) 
 291    23145    90943 (  3.9)   181412 (  7.8)    91494 (  4.0)    91507 (  4.0)    87184 (  3.8)   125169 (  5.4) 
 292    23312    91002 (  3.9)   181700 (  7.8)    91757 (  3.9)    91214 (  3.9)    52051 (  2.2)    56763 (  2.4) 
 293    23562    91241 (  3.9)   182436 (  7.7)    91532 (  3.9)    92269 (  3.9)    63933 (  2.7)    89274 (  3.8) 
 294    23681    91121 (  3.8)   182780 (  7.7)    91806 (  3.9)    91975 (  3.9)    74742 (  3.2)   100944 (  4.3) 
 295    23929    91113 (  3.8)   183339 (  7.7)    92069 (  3.8)    92210 (  3.9)    87786 (  3.7)   116211 (  4.9) 
 296    23489    91430 (  3.9)   183527 (  7.8)    91848 (  3.9)    92307 (  3.9)    53794 (  2.3)    56582 (  2.4) 
 297    24014    91669 (  3.8)   184083 (  7.7)    92259 (  3.8)    92163 (  3.8)    63052 (  2.6)    89313 (  3.7) 
 298    24197    91525 (  3.8)   184919 (  7.6)    92694 (  3.8)    92492 (  3.8)    74422 (  3.1)   109153 (  4.5) 
 299    24487    91994 (  3.8)   185628 (  7.6)    93024 (  3.8)    92580 (  3.8)    90953 (  3.7)   127228 (  5.2) 
 300    24594    92096 (  3.7)   186023 (  7.6)    92762 (  3.8)    92893 (  3.8)    62447 (  2.5)    52686 (  2.1) 
 301    24849    92281 (  3.7)   186258 (  7.5)    93048 (  3.7)    92991 (  3.7)    63398 (  2.6)    90463 (  3.6) 
 302    24383    91938 (  3.8)   186553 (  7.7)    92738 (  3.8)    92997 (  3.8)    77590 (  3.2)    97698 (  4.0) 
 303    24967    92443 (  3.7)   186992 (  7.5)    93053 (  3.7)    93197 (  3.7)    88851 (  3.6)   117133 (  4.7) 
 304    25226    92569 (  3.7)   183533 (  7.3)    93482 (  3.7)    93351 (  3.7)    60725 (  2.4)    60178 (  2.4) 
 305    25454    92294 (  3.6)   187953 (  7.4)    93257 (  3.7)    93286 (  3.7)    65685 (  2.6)    78365 (  3.1) 
 306    25509    92748 (  3.6)   188550 (  7.4)    93553 (  3.7)    93551 (  3.7)    76343 (  3.0)    95550 (  3.7) 
 307    25166    92641 (  3.7)   189223 (  7.5)    93651 (  3.7)    93515 (  3.7)    88791 (  3.5)   130531 (  5.2) 
 308    25800    92941 (  3.6)   189504 (  7.3)    93726 (  3.6)    93316 (  3.6)    60587 (  2.3)    62288 (  2.4) 
 309    25972    93254 (  3.6)   189903 (  7.3)    93867 (  3.6)    94061 (  3.6)    66473 (  2.6)    89854 (  3.5) 
 310    25929    93042 (  3.6)   190671 (  7.4)    94010 (  3.6)    94020 (  3.6)    80501 (  3.1)   109570 (  4.2) 
 311    26500    92991 (  3.5)   190906 (  7.2)    93896 (  3.5)    94031 (  3.5)    89780 (  3.4)   134501 (  5.1) 
 312    25857    93719 (  3.6)   192009 (  7.4)    94212 (  3.6)    94278 (  3.6)    52930 (  2.0)    52924 (  2.0) 
 313    26576    93573 (  3.5)   192183 (  7.2)    94257 (  3.5)    94407 (  3.6)    63338 (  2.4)    79234 (  3.0) 
 314    26749    93416 (  3.5)   192443 (  7.2)    94398 (  3.5)    94349 (  3.5)    77597 (  2.9)    99803 (  3.7) 
 315    26937    93677 (  3.5)   192651 (  7.2)    94426 (  3.5)    94453 (  3.5)    89904 (  3.3)   131098 (  4.9) 
 316    26503    93728 (  3.5)   193389 (  7.3)    94504 (  3.6)    94551 (  3.6)    52263 (  2.0)    58282 (  2.2) 
 317    26908    94185 (  3.5)   194100 (  7.2)    94845 (  3.5)    94817 (  3.5)    64273 (  2.4)    75413 (  2.8) 
 318    27552    93981 (  3.4)   194304 (  7.1)    94952 (  3.4)    94777 (  3.4)    75744 (  2.7)    97399 (  3.5) 
 319    27527    94227 (  3.4)   194870 (  7.1)    94748 (  3.4)    94809 (  3.4)    91958 (  3.3)   132046 (  4.8) 
 320    27669    94320 (  3.4)   191949 (  6.9)    94984 (  3.4)    95088 (  3.4)    51990 (  1.9)    52594 (  1.9) 
 321    27778   100860 (  3.6)   221012 (  8.0)   101896 (  3.7)   101817 (  3.7)    64956 (  2.3)    75194 (  2.7) 
 322    28052   101523 (  3.6)   221087 (  7.9)   102207 (  3.6)   101916 (  3.6)    76709 (  2.7)   112223 (  4.0) 
 323    28253   101333 (  3.6)   221974 (  7.9)   102436 (  3.6)   102507 (  3.6)    90734 (  3.2)   131876 (  4.7) 
 324    27813   101359 (  3.6)   222542 (  8.0)   102163 (  3.7)   102279 (  3.7)    60419 (  2.2)    53168 (  1.9) 
 325    28510   101342 (  3.6)   222554 (  7.8)   102474 (  3.6)   102646 (  3.6)    65328 (  2.3)    75052 (  2.6) 
 326    28712   101612 (  3.5)   223552 (  7.8)   102701 (  3.6)   102214 (  3.6)    77026 (  2.7)   111598 (  3.9) 
 327    28972   101784 (  3.5)   224055 (  7.7)   103166 (  3.6)   102782 (  3.5)    90931 (  3.1)   134763 (  4.7) 
 328    28655   102070 (  3.6)   224569 (  7.8)   103125 (  3.6)   103167 (  3.6)    67514 (  2.4)    56399 (  2.0) 
 329    29205   101790 (  3.5)   225074 (  7.7)   103062 (  3.5)   103232 (  3.5)    63510 (  2.2)    83948 (  2.9) 
 330    29469   101937 (  3.5)   225709 (  7.7)   103068 (  3.5)   103143 (  3.5)    78150 (  2.7)   114859 (  3.9) 
 331    29721   102271 (  3.4)   226323 (  7.6)   103428 (  3.5)   103443 (  3.5)    91628 (  3.1)   134150 (  4.5) 
 332    29722   102620 (  3.5)   226840 (  7.6)   103398 (  3.5)   103605 (  3.5)    52944 (  1.8)    53149 (  1.8) 
 333    29977   102865 (  3.4)   227182 (  7.6)   103873 (  3.5)   103626 (  3.5)    66434 (  2.2)    91197 (  3.0) 
 334    30106   102782 (  3.4)   227488 (  7.6)   103896 (  3.5)   103441 (  3.4)    78749 (  2.6)   112177 (  3.7) 
 335    29854   102790 (  3.4)   228486 (  7.7)   103963 (  3.5)   104152 (  3.5)    92977 (  3.1)   124707 (  4.2) 
 336    30237   103131 (  3.4)   224539 (  7.4)   103950 (  3.4)   104098 (  3.4)    62614 (  2.1)    52547 (  1.7) 
 337    30700   103476 (  3.4)   228989 (  7.5)   104260 (  3.4)   104104 (  3.4)    65923 (  2.1)    91048 (  3.0) 
 338    30378   103039 (  3.4)   229891 (  7.6)   104684 (  3.4)   104432 (  3.4)    79994 (  2.6)   112148 (  3.7) 
 339    31019   103501 (  3.3)   230734 (  7.4)   104746 (  3.4)   104421 (  3.4)    93505 (  3.0)   136500 (  4.4) 
 340    31248   103808 (  3.3)   233502 (  7.5)   104607 (  3.3)   104910 (  3.4)    52137 (  1.7)    53120 (  1.7) 
 341    30853   103513 (  3.4)   232114 (  7.5)   104678 (  3.4)   104636 (  3.4)    66157 (  2.1)    90964 (  2.9) 
 342    31401   103777 (  3.3)   232334 (  7.4)   105019 (  3.3)   104606 (  3.3)    78533 (  2.5)   113076 (  3.6) 
 343    31705   104264 (  3.3)   233681 (  7.4)   105034 (  3.3)   104907 (  3.3)    94226 (  3.0)   125050 (  3.9) 
 344    31375   104255 (  3.3)   233262 (  7.4)   105394 (  3.4)   104978 (  3.3)    68227 (  2.2)    52021 (  1.7) 
 345    31979   104466 (  3.3)   234061 (  7.3)   105238 (  3.3)   105466 (  3.3)    67452 (  2.1)    92014 (  2.9) 
 346    32212   104728 (  3.3)   234581 (  7.3)   105236 (  3.3)   105462 (  3.3)    83947 (  2.6)   115621 (  3.6) 
 347    31939   105011 (  3.3)   234967 (  7.4)   105577 (  3.3)   105336 (  3.3)    94645 (  3.0)   135875 (  4.3) 
 348    32608   105217 (  3.2)   235474 (  7.2)   106237 (  3.3)   106215 (  3.3)    59848 (  1.8)    62483 (  1.9) 
 349    32773   105132 (  3.2)   235918 (  7.2)   106057 (  3.2)   105827 (  3.2)    65981 (  2.0)    79170 (  2.4) 
 350    32730   105125 (  3.2)   237009 (  7.2)   105924 (  3.2)   106001 (  3.2)    80717 (  2.5)   118640 (  3.6) 
 351    33028   105537 (  3.2)   237559 (  7.2)   106442 (  3.2)   106185 (  3.2)    95063 (  2.9)   136927 (  4.1) 
 352    33187   105287 (  3.2)   234629 (  7.1)   106640 (  3.2)   106390 (  3.2)    52979 (  1.6)    53268 (  1.6) 
 353    33335   105375 (  3.2)   238314 (  7.1)   106619 (  3.2)   106563 (  3.2)    68736 (  2.1)    85663 (  2.6) 
 354    33710   106010 (  3.1)   239193 (  7.1)   106899 (  3.2)   106507 (  3.2)    80024 (  2.4)   114992 (  3.4) 
 355    33338   106002 (  3.2)   239622 (  7.2)   106855 (  3.2)   106990 (  3.2)    94962 (  2.8)   130316 (  3.9) 
 356    33929   105914 (  3.1)   240487 (  7.1)   107050 (  3.2)   106795 (  3.1)    61852 (  1.8)    56635 (  1.7) 
 357    34390   106201 (  3.1)   240647 (  7.0)   107232 (  3.1)   107072 (  3.1)    66520 (  1.9)    76520 (  2.2) 
 358    34323   105799 (  3.1)   241215 (  7.0)   107485 (  3.1)   107054 (  3.1)    80515 (  2.3)   115931 (  3.4) 
 359    34550   106559 (  3.1)   242246 (  7.0)   107498 (  3.1)   107428 (  3.1)    95623 (  2.8)   124208 (  3.6) 
 360    34241   107465 (  3.1)   244484 (  7.1)   107961 (  3.2)   107753 (  3.1)    57472 (  1.7)    53441 (  1.6) 
 361    34869   106663 (  3.1)   243367 (  7.0)   108007 (  3.1)   107811 (  3.1)    65716 (  1.9)    92660 (  2.7) 
 362    35090   106949 (  3.0)   243584 (  6.9)   108042 (  3.1)   107757 (  3.1)    82222 (  2.3)   103249 (  2.9) 
 363    35245   107957 (  3.1)   245180 (  7.0)   108140 (  3.1)   108213 (  3.1)    98213 (  2.8)   143143 (  4.1) 
 364    35580   106972 (  3.0)   244741 (  6.9)   108230 (  3.0)   108059 (  3.0)    60166 (  1.7)    52040 (  1.5) 
 365    35269   107659 (  3.1)   245671 (  7.0)   108548 (  3.1)   108526 (  3.1)    66649 (  1.9)    93122 (  2.6) 
 366    35786   107530 (  3.0)   246394 (  6.9)   108442 (  3.0)   108202 (  3.0)    81045 (  2.3)   117042 (  3.3) 
 367    35476   107378 (  3.0)   246153 (  6.9)   108828 (  3.1)   108709 (  3.1)    95955 (  2.7)   140034 (  3.9) 
 368    36010   107532 (  3.0)   242685 (  6.7)   108955 (  3.0)   108796 (  3.0)    51822 (  1.4)    53312 (  1.5) 
 369    36443   107838 (  3.0)   248183 (  6.8)   108564 (  3.0)   108868 (  3.0)    69249 (  1.9)    93683 (  2.6) 
 370    36495   108143 (  3.0)   248948 (  6.8)   108820 (  3.0)   109038 (  3.0)    81767 (  2.2)   117612 (  3.2) 
 371    36825   108319 (  2.9)   248875 (  6.8)   109179 (  3.0)   109307 (  3.0)    96498 (  2.6)   138226 (  3.8) 
 372    36847   108229 (  2.9)   250101 (  6.8)   109286 (  3.0)   109265 (  3.0)    67389 (  1.8)    59151 (  1.6) 
 373    37200   108293 (  2.9)   250123 (  6.7)   109509 (  2.9)   109581 (  2.9)    67180 (  1.8)    93415 (  2.5) 
 374    36953   108626 (  2.9)   251318 (  6.8)   109578 (  3.0)   109660 (  3.0)    81204 (  2.2)   120242 (  3.3) 
 375    37577   108713 (  2.9)   251645 (  6.7)   109812 (  2.9)   109780 (  2.9)    99174 (  2.6)   130858 (  3.5) 
 376    37212   109111 (  2.9)   251828 (  6.8)   109945 (  3.0)   110057 (  3.0)    68300 (  1.8)    52286 (  1.4) 
 377    37964   109329 (  2.9)   252864 (  6.7)   110000 (  2.9)   110128 (  2.9)    66956 (  1.8)    79643 (  2.1) 
 378    37578   109089 (  2.9)   252991 (  6.7)   110363 (  2.9)   110087 (  2.9)    82271 (  2.2)   119659 (  3.2) 
 379    38305   109022 (  2.8)   253701 (  6.6)   110381 (  2.9)   110286 (  2.9)   102556 (  2.7)   146444 (  3.8) 
 380    38006   109299 (  2.9)   255051 (  6.7)   110456 (  2.9)   110290 (  2.9)    54309 (  1.4)    56568 (  1.5) 
 381    38645   109557 (  2.8)   254844 (  6.6)   110812 (  2.9)   110814 (  2.9)    67274 (  1.7)    82016 (  2.1) 
 382    38367   109669 (  2.9)   255805 (  6.7)   110823 (  2.9)   110900 (  2.9)    82644 (  2.2)   118669 (  3.1) 
 383    39145   109804 (  2.8)   256859 (  6.6)   110757 (  2.8)   110655 (  2.8)   100143 (  2.6)   145270 (  3.7) 
 384    39185   109790 (  2.8)   253352 (  6.5)   110927 (  2.8)   110864 (  2.8)    56441 (  1.4)    59094 (  1.5) 
 385    39418   118323 (  3.0)   286490 (  7.3)   119468 (  3.0)   119222 (  3.0)    69013 (  1.8)    94359 (  2.4) 
 386    39171   118375 (  3.0)   287616 (  7.3)   119360 (  3.0)   120008 (  3.1)    86862 (  2.2)   111609 (  2.8) 
 387    39959   118801 (  3.0)   288158 (  7.2)   119911 (  3.0)   120073 (  3.0)    99963 (  2.5)   146115 (  3.7) 
 388    39538   119016 (  3.0)   288542 (  7.3)   120058 (  3.0)   120116 (  3.0)    59954 (  1.5)    52416 (  1.3) 
 389    40279   119567 (  3.0)   289596 (  7.2)   119938 (  3.0)   119965 (  3.0)    70087 (  1.7)    80974 (  2.0) 
 390    39941   118868 (  3.0)   289667 (  7.3)   120432 (  3.0)   120239 (  3.0)    83496 (  2.1)   122292 (  3.1) 
 391    40853   119693 (  2.9)   290464 (  7.1)   120592 (  3.0)   120830 (  3.0)   100839 (  2.5)   146046 (  3.6) 
 392    40401   119686 (  3.0)   291565 (  7.2)   120486 (  3.0)   120422 (  3.0)    51946 (  1.3)    60709 (  1.5) 
 393    41109   120171 (  2.9)   291748 (  7.1)   121345 (  3.0)   121145 (  2.9)    67904 (  1.7)    92744 (  2.3) 
 394    40888   119745 (  2.9)   292370 (  7.2)   120801 (  3.0)   121094 (  3.0)    82970 (  2.0)   110542 (  2.7) 
 395    41533   120107 (  2.9)   293393 (  7.1)   121167 (  2.9)   121003 (  2.9)   101840 (  2.5)   149750 (  3.6) 
 396    41569   120084 (  2.9)   293898 (  7.1)   121714 (  2.9)   121559 (  2.9)    63827 (  1.5)    58463 (  1.4) 
 397    41916   120352 (  2.9)   294782 (  7.0)   121867 (  2.9)   121490 (  2.9)    68361 (  1.6)    80888 (  1.9) 
 398    41981   120251 (  2.9)   295613 (  7.0)   121695 (  2.9)   121962 (  2.9)    84093 (  2.0)   121121 (  2.9) 
 399    42359   120425 (  2.8)   295988 (  7.0)   122242 (  2.9)   121771 (  2.9)   101307 (  2.4)   142551 (  3.4) 
# ...the end 
