# starting test: OpenMP ON with 48 threads... 
# sN[S/L] = stride-N [store/load] 
# pur  = pragma unroll 
# mur  = manual unroll 
# murv = manual unroll and vectorize 
# timing in cycles (ratio relative to memcpy) 
 # n   memcpy        loop copy      basic + s1S      basic + s1L    pur 4x4 + s1L    mur 4x4 + s1L   murv 4x4 + s1L 
   2       86      189 (  2.2)      194 (  2.3)      214 (  2.5)      211 (  2.5)   122043 (1419.1)     1841 ( 21.4) 
   3      109      251 (  2.3)      299 (  2.7)      303 (  2.8)      292 (  2.7)     1909 ( 17.5)     1828 ( 16.8) 
   4       76      337 (  4.4)      401 (  5.3)      401 (  5.3)      402 (  5.3)     2427 ( 31.9)     2075 ( 27.3) 
   5      117      454 (  3.9)      459 (  3.9)      447 (  3.8)      439 (  3.8)     2484 ( 21.2)     2218 ( 19.0) 
   6      126      579 (  4.6)      593 (  4.7)      578 (  4.6)      578 (  4.6)     2600 ( 20.6)     2350 ( 18.7) 
   7      158      724 (  4.6)      736 (  4.7)      722 (  4.6)      728 (  4.6)     2724 ( 17.2)     2508 ( 15.9) 
   8      149      760 (  5.1)      764 (  5.1)      749 (  5.0)      744 (  5.0)     2533 ( 17.0)     2228 ( 15.0) 
   9      184      908 (  4.9)      912 (  5.0)      897 (  4.9)      888 (  4.8)     2783 ( 15.1)     2474 ( 13.4) 
  10      190     1183 (  6.2)     1183 (  6.2)     1180 (  6.2)     1166 (  6.1)     3017 ( 15.9)     2677 ( 14.1) 
  11      219     1502 (  6.9)     1501 (  6.9)     1498 (  6.8)     1482 (  6.8)     3240 ( 14.8)     3001 ( 13.7) 
  12      326     1854 (  5.7)     1855 (  5.7)     1846 (  5.7)     1837 (  5.6)     2888 (  8.9)     2499 (  7.7) 
  13      341     1959 (  5.7)     1954 (  5.7)     1951 (  5.7)     1938 (  5.7)     3166 (  9.3)     2798 (  8.2) 
  14      345     2251 (  6.5)     2247 (  6.5)     2235 (  6.5)     2233 (  6.5)     3422 (  9.9)     3079 (  8.9) 
  15      363     2545 (  7.0)     2536 (  7.0)     2526 (  7.0)     2522 (  6.9)     3680 ( 10.1)     3421 (  9.4) 
  16      288     2634 (  9.1)     2616 (  9.1)     2605 (  9.0)     2601 (  9.0)     3261 ( 11.3)     2780 (  9.7) 
  17      375     2916 (  7.8)     2894 (  7.7)     2887 (  7.7)     2875 (  7.7)     3622 (  9.7)     3177 (  8.5) 
  18      385     3421 (  8.9)     3397 (  8.8)     3386 (  8.8)     3381 (  8.8)     3926 ( 10.2)     3512 (  9.1) 
  19      418     3969 (  9.5)     3942 (  9.4)     3931 (  9.4)     3925 (  9.4)     4271 ( 10.2)     3952 (  9.5) 
  20      400     4555 ( 11.4)     4523 ( 11.3)     4514 ( 11.3)     4505 ( 11.3)     4507 ( 11.3)     3616 (  9.0) 
  21      455     4721 ( 10.4)     4657 ( 10.2)     4663 ( 10.2)     4646 ( 10.2)     4834 ( 10.6)     3943 (  8.7) 
  22      450     5176 ( 11.5)     5113 ( 11.4)     5127 ( 11.4)     5106 ( 11.3)     5214 ( 11.6)     4456 (  9.9) 
  23      447     5617 ( 12.6)     5549 ( 12.4)     5551 ( 12.4)     5540 ( 12.4)     5638 ( 12.6)     4980 ( 11.1) 
  24      419     5507 ( 13.1)     5435 ( 13.0)     5431 ( 13.0)     5418 ( 12.9)     5110 ( 12.2)     3989 (  9.5) 
  25      528     5911 ( 11.2)     5823 ( 11.0)     5825 ( 11.0)     5810 ( 11.0)     5521 ( 10.5)     4503 (  8.5) 
  26      486     6633 ( 13.6)     6545 ( 13.5)     6558 ( 13.5)     6535 ( 13.4)     5989 ( 12.3)     5229 ( 10.8) 
  27      550     7400 ( 13.5)     7306 ( 13.3)     7319 ( 13.3)     7293 ( 13.3)     6418 ( 11.7)     5696 ( 10.4) 
  28      516     8204 ( 15.9)     8105 ( 15.7)     8122 ( 15.7)     8092 ( 15.7)     5919 ( 11.5)     4689 (  9.1) 
  29      571     8393 ( 14.7)     8278 ( 14.5)     8295 ( 14.5)     8269 ( 14.5)     6671 ( 11.7)     5617 (  9.8) 
  30      549     9003 ( 16.4)     8888 ( 16.2)     8898 ( 16.2)     8880 ( 16.2)     6850 ( 12.5)     6542 ( 11.9) 
  31      602     9584 ( 15.9)     9462 ( 15.7)     9477 ( 15.7)     9519 ( 15.8)     7459 ( 12.4)     7019 ( 11.7) 
  32      432     9424 ( 21.8)     9282 ( 21.5)     9603 ( 22.2)     9600 ( 22.2)     7017 ( 16.2)     5948 ( 13.8) 
  33      523     9946 ( 19.0)     9792 ( 18.7)     9878 ( 18.9)    10272 ( 19.6)     8202 ( 15.7)     6998 ( 13.4) 
  34      636    10894 ( 17.1)    10731 ( 16.9)    11648 ( 18.3)    12459 ( 19.6)     8051 ( 12.7)     7646 ( 12.0) 
  35      700    11881 ( 17.0)    11709 ( 16.7)    13544 ( 19.3)    14109 ( 20.2)     9794 ( 14.0)     8556 ( 12.2) 
  36      696    12905 ( 18.5)    12724 ( 18.3)    14829 ( 21.3)    15545 ( 22.3)     9053 ( 13.0)     6636 (  9.5) 
  37      767    13125 ( 17.1)    12930 ( 16.9)    16645 ( 21.7)    16930 ( 22.1)    10861 ( 14.2)     8480 ( 11.1) 
  38      754    13898 ( 18.4)    13693 ( 18.2)    18423 ( 24.4)    18045 ( 23.9)    11286 ( 15.0)     9479 ( 12.6) 
  39      810    14619 ( 18.0)    14404 ( 17.8)    18394 ( 22.7)    16955 ( 20.9)    11784 ( 14.5)     9302 ( 11.5) 
  40      559    14394 ( 25.7)    14169 ( 25.3)    18136 ( 32.4)    17821 ( 31.9)    10034 ( 17.9)     7948 ( 14.2) 
  41      729    15040 ( 20.6)    14808 ( 20.3)    18346 ( 25.2)    18496 ( 25.4)    12225 ( 16.8)    10137 ( 13.9) 
  42      751    16212 ( 21.6)    15965 ( 21.3)    20655 ( 27.5)    20729 ( 27.6)    13775 ( 18.3)    11343 ( 15.1) 
  43      816    17418 ( 21.3)    17180 ( 21.1)    22589 ( 27.7)    22019 ( 27.0)    16097 ( 19.7)    13860 ( 17.0) 
  44      805    19285 ( 24.0)    19055 ( 23.7)    23780 ( 29.5)    23627 ( 29.4)    12087 ( 15.0)     9760 ( 12.1) 
  45      866    19559 ( 22.6)    18910 ( 21.8)    23342 ( 27.0)    23260 ( 26.9)    14785 ( 17.1)    12463 ( 14.4) 
  46      638    23100 ( 36.2)    22774 ( 35.7)    25124 ( 39.4)    25008 ( 39.2)    15217 ( 23.9)    13524 ( 21.2) 
  47      806    25899 ( 32.1)    32315 ( 40.1)    25161 ( 31.2)    25147 ( 31.2)    17201 ( 21.3)    15072 ( 18.7) 
  48      751    25745 ( 34.3)    37403 ( 49.8)    26525 ( 35.3)    26465 ( 35.2)    13897 ( 18.5)    11110 ( 14.8) 
  49      895    26834 ( 30.0)    37883 ( 42.3)    26966 ( 30.1)    26889 ( 30.0)    16428 ( 18.4)    13312 ( 14.9) 
  50      887    28453 ( 32.1)    41016 ( 46.2)    28695 ( 32.4)    28508 ( 32.1)    18172 ( 20.5)    15597 ( 17.6) 
  51      703    30041 ( 42.7)    49016 ( 69.7)    30102 ( 42.8)    30093 ( 42.8)    22647 ( 32.2)    19388 ( 27.6) 
  52      849    31880 ( 37.6)    44825 ( 52.8)    32110 ( 37.8)    31936 ( 37.6)    20377 ( 24.0)    16046 ( 18.9) 
  53      918    32290 ( 35.2)    45233 ( 49.3)    32530 ( 35.4)    32338 ( 35.2)    25911 ( 28.2)    20334 ( 22.2) 
  54      926    33634 ( 36.3)    39850 ( 43.0)    33689 ( 36.4)    33673 ( 36.4)    25369 ( 27.4)    20425 ( 22.1) 
  55      978    34888 ( 35.7)    44690 ( 45.7)    35180 ( 36.0)    34944 ( 35.7)    27319 ( 27.9)    21980 ( 22.5) 
  56      739    34673 ( 46.9)    56429 ( 76.4)    34978 ( 47.3)    34738 ( 47.0)    20534 ( 27.8)    15147 ( 20.5) 
  57      933    35928 ( 38.5)    65655 ( 70.4)    36445 ( 39.1)    35999 ( 38.6)    30685 ( 32.9)    22747 ( 24.4) 
  58      948    37805 ( 39.9)    60539 ( 63.9)    38138 ( 40.2)    37876 ( 40.0)    31049 ( 32.8)    25966 ( 27.4) 
  59      998    39644 ( 39.7)    64371 ( 64.5)    39872 ( 40.0)    39714 ( 39.8)    30676 ( 30.7)    25225 ( 25.3) 
  60      749    41554 ( 55.5)    65880 ( 88.0)    41882 ( 55.9)    41625 ( 55.6)    29765 ( 39.7)    23783 ( 31.8) 
  61      960    42224 ( 44.0)    66556 ( 69.3)    42454 ( 44.2)    42295 ( 44.1)    32458 ( 33.8)    25587 ( 26.7) 
  62      984    43756 ( 44.5)    69930 ( 71.1)    44107 ( 44.8)    43810 ( 44.5)    32625 ( 33.2)    26957 ( 27.4) 
  63     1029    45187 ( 43.9)    72306 ( 70.3)    45616 ( 44.3)    45259 ( 44.0)    34281 ( 33.3)    27502 ( 26.7) 
  64     1011    44944 ( 44.5)   346122 (342.4)    45020 ( 44.5)    45026 ( 44.5)    32503 ( 32.1)    23280 ( 23.0) 
  65     1006    46363 ( 46.1)    74715 ( 74.3)    46615 ( 46.3)    46454 ( 46.2)    32923 ( 32.7)    26150 ( 26.0) 
  66     1039    48500 ( 46.7)    78965 ( 76.0)    48830 ( 47.0)    48589 ( 46.8)    37100 ( 35.7)    30311 ( 29.2) 
  67     1098    50589 ( 46.1)    82483 ( 75.1)    50762 ( 46.2)    50677 ( 46.2)    39192 ( 35.7)    31829 ( 29.0) 
  68      884    52751 ( 59.7)    84402 ( 95.5)    53014 ( 60.0)    52842 ( 59.8)    41094 ( 46.5)    31591 ( 35.7) 
  69     1116    53502 ( 47.9)    85720 ( 76.8)    53669 ( 48.1)    53583 ( 48.0)    43545 ( 39.0)    33934 ( 30.4) 
  70     1182    55226 ( 46.7)    96978 ( 82.0)    55457 ( 46.9)    55293 ( 46.8)    44196 ( 37.4)    35623 ( 30.1) 
  71     1222    56827 ( 46.5)    91516 ( 74.9)    57137 ( 46.8)    56916 ( 46.6)    45707 ( 37.4)    34872 ( 28.5) 
  72      989    56555 ( 57.2)    93253 ( 94.3)    56957 ( 57.6)    56659 ( 57.3)    44191 ( 44.7)    32087 ( 32.4) 
  73     1205    58142 ( 48.3)    95643 ( 79.4)    58249 ( 48.3)    58251 ( 48.3)    45769 ( 38.0)    34089 ( 28.3) 
  74     1230    60535 ( 49.2)    99442 ( 80.8)    60875 ( 49.5)    60644 ( 49.3)    47131 ( 38.3)    37852 ( 30.8) 
  75     1317    62877 ( 47.7)   102867 ( 78.1)    63284 ( 48.1)    62986 ( 47.8)    48601 ( 36.9)    38610 ( 29.3) 
  76     1227    65290 ( 53.2)   105216 ( 85.8)    65649 ( 53.5)    65401 ( 53.3)    47052 ( 38.3)    36254 ( 29.5) 
  77     1307    66120 ( 50.6)   114788 ( 87.8)    66395 ( 50.8)    66222 ( 50.7)    49403 ( 37.8)    38618 ( 29.5) 
  78     1345    68026 ( 50.6)   110671 ( 82.3)    68185 ( 50.7)    68114 ( 50.6)    50131 ( 37.3)    40024 ( 29.8) 
  79     1192    69809 ( 58.6)   112839 ( 94.7)    69936 ( 58.7)    69919 ( 58.7)    51777 ( 43.4)    39326 ( 33.0) 
  80     1264    69509 ( 55.0)   115004 ( 91.0)    69652 ( 55.1)    69634 ( 55.1)    52816 ( 41.8)    36976 ( 29.3) 
  81     1382    71261 ( 51.6)   116752 ( 84.5)    71633 ( 51.8)    71393 ( 51.7)    52358 ( 37.9)    38725 ( 28.0) 
  82     1189    73910 ( 62.2)   121353 (102.1)    74125 ( 62.3)    74044 ( 62.3)    53248 ( 44.8)    42451 ( 35.7) 
  83     1416    76505 ( 54.0)   125543 ( 88.7)    76723 ( 54.2)    76637 ( 54.1)    54806 ( 38.7)    43793 ( 30.9) 
  84     1441    79169 ( 54.9)   128196 ( 89.0)    79317 ( 55.0)    79305 ( 55.0)    56841 ( 39.4)    42848 ( 29.7) 
  85     1295    80081 ( 61.8)   130938 (101.1)    80209 ( 61.9)    80202 ( 61.9)    59054 ( 45.6)    45051 ( 34.8) 
  86     1460    82174 ( 56.3)   136798 ( 93.7)    82444 ( 56.5)    82281 ( 56.4)    60011 ( 41.1)    46221 ( 31.7) 
  87     1506    84132 ( 55.9)   137101 ( 91.0)    84274 ( 56.0)    84264 ( 56.0)    61693 ( 41.0)    45934 ( 30.5) 
  88     1321    83804 ( 63.4)   138819 (105.1)    84039 ( 63.6)    83954 ( 63.6)    59175 ( 44.8)    43170 ( 32.7) 
  89     1566    85722 ( 54.7)   141461 ( 90.3)    85959 ( 54.9)    85882 ( 54.8)    62208 ( 39.7)    45565 ( 29.1) 
  90     1569    88630 ( 56.5)   146579 ( 93.4)    89013 ( 56.7)    88788 ( 56.6)    63546 ( 40.5)    51099 ( 32.6) 
  91     1443    91475 ( 63.4)   151072 (104.7)    91721 ( 63.6)    91633 ( 63.5)    64930 ( 45.0)    51103 ( 35.4) 
  92     1606    94391 ( 58.8)   153336 ( 95.5)    94572 ( 58.9)    94553 ( 58.9)    63663 ( 39.6)    48386 ( 30.1) 
  93     1682    95381 ( 56.7)   156268 ( 92.9)    95538 ( 56.8)    95530 ( 56.8)    65848 ( 39.1)    50558 ( 30.1) 
  94     1598    97663 ( 61.1)   160575 (100.5)    97803 ( 61.2)    97795 ( 61.2)    66908 ( 41.9)    51120 ( 32.0) 
  95     1703    99796 ( 58.6)   163110 ( 95.8)    99970 ( 58.7)    99953 ( 58.7)    68700 ( 40.3)    51268 ( 30.1) 
  96     1664    99442 ( 59.8)   777456 (467.2)    99612 ( 59.9)    99619 ( 59.9)    68843 ( 41.4)    48237 ( 29.0) 
  97     1708   101707 ( 59.5)   167064 ( 97.8)   101909 ( 59.7)   101891 ( 59.7)    69349 ( 40.6)    50602 ( 29.6) 
  98     1733   104690 ( 60.4)   173473 (100.1)   104887 ( 60.5)   104875 ( 60.5)    70647 ( 40.8)    56473 ( 32.6) 
  99     1627   107787 ( 66.2)   178211 (109.5)   108062 ( 66.4)   107973 ( 66.4)    72167 ( 44.4)    57046 ( 35.1) 
 100     1817   110955 ( 61.1)   180782 ( 99.5)   111164 ( 61.2)   111145 ( 61.2)    74083 ( 40.8)    55996 ( 30.8) 
 101     2520    59833 ( 23.7)    68234 ( 27.1)    87513 ( 34.7)   106896 ( 42.4)    92472 ( 36.7)    78507 ( 31.2) 
 102     2472    57438 ( 23.2)    67725 ( 27.4)    92876 ( 37.6)    86521 ( 35.0)    89254 ( 36.1)    81599 ( 33.0) 
 103     2645    57840 ( 21.9)    68899 ( 26.0)    79337 ( 30.0)    79199 ( 29.9)    89183 ( 33.7)    85082 ( 32.2) 
 104     2317    57772 ( 24.9)    66536 ( 28.7)    88184 ( 38.1)    87107 ( 37.6)    84356 ( 36.4)    74735 ( 32.3) 
 105     2878    57563 ( 20.0)    68890 ( 23.9)    91684 ( 31.9)    81096 ( 28.2)    90092 ( 31.3)    72035 ( 25.0) 
 106     2995    58079 ( 19.4)    68720 ( 22.9)    77633 ( 25.9)    83925 ( 28.0)    85761 ( 28.6)    76921 ( 25.7) 
 107     2939    57814 ( 19.7)    69274 ( 23.6)    78436 ( 26.7)    88100 ( 30.0)    89960 ( 30.6)    87335 ( 29.7) 
 108     3010    58176 ( 19.3)    67314 ( 22.4)    83925 ( 27.9)    84784 ( 28.2)    82418 ( 27.4)    72512 ( 24.1) 
 109     2794    58277 ( 20.9)    69818 ( 25.0)    80084 ( 28.7)    82912 ( 29.7)    86142 ( 30.8)    77308 ( 27.7) 
 110     3123    58091 ( 18.6)    69438 ( 22.2)    76982 ( 24.7)    83072 ( 26.6)    86283 ( 27.6)    76082 ( 24.4) 
 111     2912    58177 ( 20.0)    69766 ( 24.0)    82948 ( 28.5)    91379 ( 31.4)    88332 ( 30.3)    84627 ( 29.1) 
 112     3158    58208 ( 18.4)    75308 ( 23.8)    96411 ( 30.5)    96639 ( 30.6)    84040 ( 26.6)    83121 ( 26.3) 
 113     3450    58529 ( 17.0)    69975 ( 20.3)    84010 ( 24.4)    80304 ( 23.3)    83989 ( 24.3)    73543 ( 21.3) 
 114     3420    58513 ( 17.1)    70711 ( 20.7)    75930 ( 22.2)    76113 ( 22.3)    80693 ( 23.6)    76025 ( 22.2) 
 115     3583    58557 ( 16.3)    70407 ( 19.7)    77662 ( 21.7)    80833 ( 22.6)    87852 ( 24.5)    80571 ( 22.5) 
 116     3559    58742 ( 16.5)    68323 ( 19.2)    80658 ( 22.7)    82155 ( 23.1)    79128 ( 22.2)    69210 ( 19.4) 
 117     3830    58516 ( 15.3)    71184 ( 18.6)    73739 ( 19.3)    76474 ( 20.0)    79869 ( 20.9)    71577 ( 18.7) 
 118     3444    58917 ( 17.1)    70758 ( 20.5)    72088 ( 20.9)    77000 ( 22.4)    81149 ( 23.6)    75964 ( 22.1) 
 119     3983    58794 ( 14.8)    71443 ( 17.9)    92740 ( 23.3)    83024 ( 20.8)    83961 ( 21.1)    81007 ( 20.3) 
 120     3513    58969 ( 16.8)    68724 ( 19.6)    77650 ( 22.1)    77916 ( 22.2)    75930 ( 21.6)    68559 ( 19.5) 
 121     4038    58835 ( 14.6)    71568 ( 17.7)    79283 ( 19.6)    73616 ( 18.2)    82390 ( 20.4)    73276 ( 18.1) 
 122     3615    58873 ( 16.3)    71860 ( 19.9)   101766 ( 28.2)    82277 ( 22.8)    80083 ( 22.2)    82688 ( 22.9) 
 123     4040    59116 ( 14.6)    72417 ( 17.9)    98688 ( 24.4)    76075 ( 18.8)    86123 ( 21.3)    83505 ( 20.7) 
 124     3627    58866 ( 16.2)    69821 ( 19.3)    77407 ( 21.3)    73927 ( 20.4)    73304 ( 20.2)    69246 ( 19.1) 
 125     4010    59187 ( 14.8)    72241 ( 18.0)   107049 ( 26.7)    77913 ( 19.4)    76315 ( 19.0)    72457 ( 18.1) 
 126     3708    59397 ( 16.0)    72426 ( 19.5)    83680 ( 22.6)    87490 ( 23.6)    84308 ( 22.7)    77822 ( 21.0) 
 127     4090    59237 ( 14.5)    72804 ( 17.8)    78864 ( 19.3)    88631 ( 21.7)    82723 ( 20.2)    84007 ( 20.5) 
 128     4114    59287 ( 14.4)    85490 ( 20.8)    84885 ( 20.6)    84231 ( 20.5)    86007 ( 20.9)    87044 ( 21.2) 
 129     4198    59551 ( 14.2)    80491 ( 19.2)   104512 ( 24.9)   101702 ( 24.2)    94196 ( 22.4)    80355 ( 19.1) 
 130     3831    59684 ( 15.6)    75996 ( 19.8)    97704 ( 25.5)    97578 ( 25.5)    93422 ( 24.4)    94559 ( 24.7) 
 131     4396    59556 ( 13.5)    77943 ( 17.7)    94746 ( 21.6)   119265 ( 27.1)    94232 ( 21.4)    94428 ( 21.5) 
 132     3959    59719 ( 15.1)    73405 ( 18.5)   109541 ( 27.7)   117157 ( 29.6)    89547 ( 22.6)    84835 ( 21.4) 
 133     4386    73895 ( 16.8)    77417 ( 17.7)    99089 ( 22.6)   155163 ( 35.4)    94028 ( 21.4)    88339 ( 20.1) 
 134     4110    59875 ( 14.6)    78848 ( 19.2)    99235 ( 24.1)    93486 ( 22.7)    95587 ( 23.3)    95061 ( 23.1) 
 135     4734    59875 ( 12.6)    80293 ( 17.0)   109139 ( 23.1)   104299 ( 22.0)    97361 ( 20.6)   104970 ( 22.2) 
 136     4450    83096 ( 18.7)    77960 ( 17.5)   126649 ( 28.5)    99694 ( 22.4)    96219 ( 21.6)    82704 ( 18.6) 
 137     4487    85290 ( 19.0)    80448 ( 17.9)    96613 ( 21.5)   101139 ( 22.5)    95406 ( 21.3)    89870 ( 20.0) 
 138     4525    62608 ( 13.8)    81048 ( 17.9)   105579 ( 23.3)    93009 ( 20.6)    88402 ( 19.5)    90196 ( 19.9) 
 139     4970    77311 ( 15.6)    81158 ( 16.3)    93562 ( 18.8)    89105 ( 17.9)    99722 ( 20.1)    96988 ( 19.5) 
 140     4907   112440 ( 22.9)    79299 ( 16.2)    97733 ( 19.9)    93022 ( 19.0)    90337 ( 18.4)    82482 ( 16.8) 
 141     5092    63130 ( 12.4)    81818 ( 16.1)    97899 ( 19.2)    94696 ( 18.6)    89420 ( 17.6)    90906 ( 17.9) 
 142     4921    60213 ( 12.2)    85093 ( 17.3)    92691 ( 18.8)    96836 ( 19.7)    89769 ( 18.2)    89854 ( 18.3) 
 143     5201    60546 ( 11.6)    85080 ( 16.4)   107865 ( 20.7)   112267 ( 21.6)    96679 ( 18.6)    95916 ( 18.4) 
 144     4996    63437 ( 12.7)    91894 ( 18.4)    85007 ( 17.0)    84943 ( 17.0)    92662 ( 18.5)    86066 ( 17.2) 
 145     4801    62591 ( 13.0)    91319 ( 19.0)    90106 ( 18.8)    96790 ( 20.2)    86042 ( 17.9)    84493 ( 17.6) 
 146     5373    72809 ( 13.6)    87518 ( 16.3)   112526 ( 20.9)    93403 ( 17.4)    92673 ( 17.2)    92782 ( 17.3) 
 147     5013    65902 ( 13.1)    93716 ( 18.7)    95817 ( 19.1)    97262 ( 19.4)    93720 ( 18.7)   102465 ( 20.4) 
 148     5463    65962 ( 12.1)    89994 ( 16.5)   111208 ( 20.4)    97368 ( 17.8)    85057 ( 15.6)    87410 ( 16.0) 
 149     5391    62392 ( 11.6)    92177 ( 17.1)    90996 ( 16.9)   105691 ( 19.6)    92982 ( 17.2)    89102 ( 16.5) 
 150     5661    80863 ( 14.3)    92113 ( 16.3)    93170 ( 16.5)    88058 ( 15.6)    87351 ( 15.4)    99628 ( 17.6) 
 151     5613    67089 ( 12.0)    93362 ( 16.6)    87466 ( 15.6)    93374 ( 16.6)    94496 ( 16.8)   105220 ( 18.7) 
 152     5163    72891 ( 14.1)    91196 ( 17.7)    91702 ( 17.8)    87245 ( 16.9)    86494 ( 16.8)    95013 ( 18.4) 
 153     5799    73644 ( 12.7)    95091 ( 16.4)   104788 ( 18.1)    98551 ( 17.0)    87912 ( 15.2)    92143 ( 15.9) 
 154     5756    62861 ( 10.9)    96026 ( 16.7)    87660 ( 15.2)    88024 ( 15.3)    92417 ( 16.1)   103216 ( 17.9) 
 155     5859    68242 ( 11.6)    97446 ( 16.6)    90435 ( 15.4)   103556 ( 17.7)    95472 ( 16.3)   110128 ( 18.8) 
 156     5757    63290 ( 11.0)    94834 ( 16.5)    87628 ( 15.2)    87900 ( 15.3)    87977 ( 15.3)    92620 ( 16.1) 
 157     5503    66013 ( 12.0)    97993 ( 17.8)    87978 ( 16.0)    96821 ( 17.6)    90337 ( 16.4)    96556 ( 17.5) 
 158     5936    66085 ( 11.1)    97699 ( 16.5)    88972 ( 15.0)    91096 ( 15.3)    92166 ( 15.5)   101293 ( 17.1) 
 159     5907    87348 ( 14.8)    98931 ( 16.7)    88143 ( 14.9)    92450 ( 15.7)   100219 ( 17.0)   102212 ( 17.3) 
 160     5984    63121 ( 10.5)   108393 ( 18.1)    89563 ( 15.0)    88235 ( 14.7)    86736 ( 14.5)    88002 ( 14.7) 
 161     6107    63889 ( 10.5)    98857 ( 16.2)    92127 ( 15.1)    89632 ( 14.7)    90098 ( 14.8)    91201 ( 14.9) 
 162     5983    63867 ( 10.7)    98839 ( 16.5)    93061 ( 15.6)    88641 ( 14.8)    92843 ( 15.5)   103109 ( 17.2) 
 163     6281    66697 ( 10.6)   106580 ( 17.0)    89104 ( 14.2)    90125 ( 14.3)    95038 ( 15.1)   107308 ( 17.1) 
 164     6248    64267 ( 10.3)    98352 ( 15.7)    92066 ( 14.7)    88452 ( 14.2)    87040 ( 13.9)    85836 ( 13.7) 
 165     6032    63688 ( 10.6)   101611 ( 16.8)    88903 ( 14.7)    88767 ( 14.7)    90554 ( 15.0)    92120 ( 15.3) 
 166     6445    63924 (  9.9)   101291 ( 15.7)    88887 ( 13.8)    89074 ( 13.8)    93471 ( 14.5)   102068 ( 15.8) 
 167     6388    63998 ( 10.0)   104024 ( 16.3)    88775 ( 13.9)    89119 ( 14.0)    96147 ( 15.1)   110418 ( 17.3) 
 168     6137    63968 ( 10.4)   100523 ( 16.4)    88903 ( 14.5)    89059 ( 14.5)    86795 ( 14.1)    86841 ( 14.2) 
 169     6624    64415 (  9.7)   103501 ( 15.6)    88913 ( 13.4)    89112 ( 13.5)    90605 ( 13.7)    89996 ( 13.6) 
 170     6567    64444 (  9.8)   103221 ( 15.7)    89498 ( 13.6)    89293 ( 13.6)    94134 ( 14.3)   104550 ( 15.9) 
 171     6280    64511 ( 10.3)   113297 ( 18.0)    89099 ( 14.2)   123938 ( 19.7)    95438 ( 15.2)   105990 ( 16.9) 
 172     6793    64603 (  9.5)   101592 ( 15.0)    89974 ( 13.2)    89563 ( 13.2)    87921 ( 12.9)    85164 ( 12.5) 
 173     6766    64398 (  9.5)   106151 ( 15.7)    89484 ( 13.2)    89333 ( 13.2)    90444 ( 13.4)    98965 ( 14.6) 
 174     6466    64574 ( 10.0)   105302 ( 16.3)    89630 ( 13.9)    89559 ( 13.9)    92684 ( 14.3)    99818 ( 15.4) 
 175     6992    64594 (  9.2)   106494 ( 15.2)    91425 ( 13.1)    89553 ( 12.8)   100266 ( 14.3)   108482 ( 15.5) 
 176     6835    68187 ( 10.0)   114042 ( 16.7)    89773 ( 13.1)    89738 ( 13.1)    87242 ( 12.8)    87185 ( 12.8) 
 177     6713    64871 (  9.7)   112194 ( 16.7)    89290 ( 13.3)    89719 ( 13.4)    90704 ( 13.5)    94849 ( 14.1) 
 178     7177    64800 (  9.0)   113325 ( 15.8)    89786 ( 12.5)    89411 ( 12.5)    92174 ( 12.8)   100653 ( 14.0) 
 179     7167    65119 (  9.1)   115126 ( 16.1)    90447 ( 12.6)    89922 ( 12.5)    96479 ( 13.5)   112541 ( 15.7) 
 180     7133    64886 (  9.1)   115069 ( 16.1)    89883 ( 12.6)    90397 ( 12.7)    87330 ( 12.2)    88214 ( 12.4) 
 181     7489    65413 (  8.7)   115770 ( 15.5)    90368 ( 12.1)    90145 ( 12.0)    97020 ( 13.0)    92871 ( 12.4) 
 182     7389    65273 (  8.8)   114716 ( 15.5)    90358 ( 12.2)    90754 ( 12.3)    93450 ( 12.6)    99567 ( 13.5) 
 183     7435    65487 (  8.8)   117423 ( 15.8)    90909 ( 12.2)    90277 ( 12.1)    96863 ( 13.0)   115371 ( 15.5) 
 184     7143    65237 (  9.1)   117385 ( 16.4)    90769 ( 12.7)    89969 ( 12.6)    87966 ( 12.3)    88356 ( 12.4) 
 185     7689    65499 (  8.5)   118201 ( 15.4)    90575 ( 11.8)    91720 ( 11.9)    92160 ( 12.0)    95422 ( 12.4) 
 186     7664    65344 (  8.5)   117059 ( 15.3)    90463 ( 11.8)    90440 ( 11.8)    94082 ( 12.3)   101612 ( 13.3) 
 187     7641    65458 (  8.6)   118656 ( 15.5)    91117 ( 11.9)    90634 ( 11.9)    97503 ( 12.8)   118204 ( 15.5) 
 188     7336    65509 (  8.9)   118855 ( 16.2)    91519 ( 12.5)    90779 ( 12.4)    88149 ( 12.0)    88110 ( 12.0) 
 189     7920    65634 (  8.3)   118615 ( 15.0)    90957 ( 11.5)    90495 ( 11.4)    91463 ( 11.5)    93857 ( 11.9) 
 190     7850    65649 (  8.4)   119939 ( 15.3)    91220 ( 11.6)    90930 ( 11.6)    94249 ( 12.0)   104351 ( 13.3) 
 191     7870    65880 (  8.4)   120639 ( 15.3)    91030 ( 11.6)    91347 ( 11.6)    96036 ( 12.2)   111935 ( 14.2) 
 192     8064    65946 (  8.2)   117800 ( 14.6)    91119 ( 11.3)    91689 ( 11.4)    87973 ( 10.9)    87595 ( 10.9) 
 193     8152    68315 (  8.4)   129935 ( 15.9)    93196 ( 11.4)    94696 ( 11.6)    91828 ( 11.3)    95374 ( 11.7) 
 194     8167    68328 (  8.4)   131313 ( 16.1)    93527 ( 11.5)    94252 ( 11.5)    94860 ( 11.6)   106385 ( 13.0) 
 195     8175    68693 (  8.4)   129893 ( 15.9)    93860 ( 11.5)    94057 ( 11.5)    96388 ( 11.8)   110293 ( 13.5) 
 196     7878    68623 (  8.7)   135423 ( 17.2)    94934 ( 12.1)    93853 ( 11.9)    99992 ( 12.7)    94420 ( 12.0) 
 197     8521    71488 (  8.4)   133218 ( 15.6)    94480 ( 11.1)    97365 ( 11.4)    96247 ( 11.3)    98466 ( 11.6) 
 198     8451    68697 (  8.1)   134627 ( 15.9)    95193 ( 11.3)    95665 ( 11.3)    98794 ( 11.7)   107385 ( 12.7) 
 199     8527    68886 (  8.1)   130803 ( 15.3)    96843 ( 11.4)    93999 ( 11.0)   102056 ( 12.0)   115946 ( 13.6) 
 200     8276    68554 (  8.3)   131886 ( 15.9)    95161 ( 11.5)    93721 ( 11.3)    92008 ( 11.1)    94171 ( 11.4) 
 201     8813    68839 (  7.8)   133500 ( 15.1)    96616 ( 11.0)    95069 ( 10.8)    96688 ( 11.0)   105927 ( 12.0) 
 202     8831    69185 (  7.8)   135096 ( 15.3)    96864 ( 11.0)    94752 ( 10.7)   100585 ( 11.4)   106273 ( 12.0) 
 203     8828    69228 (  7.8)   134124 ( 15.2)    95730 ( 10.8)    94629 ( 10.7)   100806 ( 11.4)   115013 ( 13.0) 
 204     8869    69382 (  7.8)   138361 ( 15.6)    95306 ( 10.7)    94755 ( 10.7)    93441 ( 10.5)    94043 ( 10.6) 
 205     8605    69278 (  8.1)   141097 ( 16.4)    95145 ( 11.1)    94978 ( 11.0)    97508 ( 11.3)   100337 ( 11.7) 
 206     9181    69364 (  7.6)   138792 ( 15.1)    96430 ( 10.5)    95059 ( 10.4)    98357 ( 10.7)   109343 ( 11.9) 
 207     9166    71973 (  7.9)   138821 ( 15.1)    96752 ( 10.6)    95248 ( 10.4)   103564 ( 11.3)   115538 ( 12.6) 
 208     9057    69229 (  7.6)   142988 ( 15.8)    96644 ( 10.7)    95083 ( 10.5)    93352 ( 10.3)    93671 ( 10.3) 
 209     9253    69609 (  7.5)   140754 ( 15.2)    96942 ( 10.5)    95214 ( 10.3)    97140 ( 10.5)    99829 ( 10.8) 
 210     8966    69744 (  7.8)   142660 ( 15.9)    96207 ( 10.7)    95810 ( 10.7)   100247 ( 11.2)   112668 ( 12.6) 
 211     9537    69862 (  7.3)   142943 ( 15.0)    95764 ( 10.0)    95841 ( 10.0)   102949 ( 10.8)   119354 ( 12.5) 
 212     9571    70234 (  7.3)   144583 ( 15.1)    95665 ( 10.0)    95828 ( 10.0)    92916 (  9.7)    94353 (  9.9) 
 213     9631    70125 (  7.3)   142873 ( 14.8)    95749 (  9.9)    97147 ( 10.1)    97337 ( 10.1)   100776 ( 10.5) 
 214     9643    69996 (  7.3)   144341 ( 15.0)   122359 ( 12.7)    96470 ( 10.0)    99110 ( 10.3)   108822 ( 11.3) 
 215     9754    70283 (  7.2)   142811 ( 14.6)    95757 (  9.8)    96806 (  9.9)   103055 ( 10.6)   118219 ( 12.1) 
 216     9448    69979 (  7.4)   143860 ( 15.2)    95889 ( 10.1)    95728 ( 10.1)    92307 (  9.8)    93972 (  9.9) 
 217    10028    70366 (  7.0)   145271 ( 14.5)    96811 (  9.7)    95918 (  9.6)    97099 (  9.7)   106340 ( 10.6) 
 218    10068    70771 (  7.0)   146605 ( 14.6)    96464 (  9.6)    95917 (  9.5)   102609 ( 10.2)   115404 ( 11.5) 
 219    10168    90505 (  8.9)   145682 ( 14.3)    96197 (  9.5)    96120 (  9.5)   104346 ( 10.3)   125479 ( 12.3) 
 220    10094    70590 (  7.0)   149366 ( 14.8)    96851 (  9.6)    96060 (  9.5)    93226 (  9.2)    93723 (  9.3) 
 221    10174    70612 (  6.9)   147815 ( 14.5)    96498 (  9.5)    96619 (  9.5)    98028 (  9.6)   100212 (  9.8) 
 222    10177    71142 (  7.0)   149073 ( 14.6)    96557 (  9.5)    97705 (  9.6)    99520 (  9.8)   117048 ( 11.5) 
 223    10023    70873 (  7.1)   148635 ( 14.8)    96931 (  9.7)    97359 (  9.7)   103387 ( 10.3)   118482 ( 11.8) 
 224    10482    70463 (  6.7)   149363 ( 14.2)    96910 (  9.2)    96185 (  9.2)    93803 (  8.9)    98919 (  9.4) 
 225    10659    71227 (  6.7)   151802 ( 14.2)    97073 (  9.1)    98265 (  9.2)    98857 (  9.3)   101124 (  9.5) 
 226    10665    71198 (  6.7)   152392 ( 14.3)    96479 (  9.0)    96925 (  9.1)   101976 (  9.6)   119064 ( 11.2) 
 227    10791    71267 (  6.6)   152581 ( 14.1)    97869 (  9.1)    97341 (  9.0)   103908 (  9.6)   124595 ( 11.5) 
 228    10770    71300 (  6.6)   153237 ( 14.2)    97252 (  9.0)    97221 (  9.0)    92868 (  8.6)    94592 (  8.8) 
 229    10941    71707 (  6.6)   153695 ( 14.0)    97223 (  8.9)    97755 (  8.9)    98273 (  9.0)    99952 (  9.1) 
 230    10848    79289 (  7.3)   154225 ( 14.2)    97259 (  9.0)   138452 ( 12.8)   100117 (  9.2)   111948 ( 10.3) 
 231    10762    84824 (  7.9)   154564 ( 14.4)    97205 (  9.0)    97775 (  9.1)   106683 (  9.9)   131007 ( 12.2) 
 232    10750    71623 (  6.7)   154903 ( 14.4)   115645 ( 10.8)    97514 (  9.1)    93931 (  8.7)    93375 (  8.7) 
 233    10861   103987 (  9.6)   155474 ( 14.3)    97832 (  9.0)    97806 (  9.0)    98854 (  9.1)   103022 (  9.5) 
 234    11391    93765 (  8.2)   155891 ( 13.7)    97806 (  8.6)    97961 (  8.6)   101402 (  8.9)   110860 (  9.7) 
 235    11492   127062 ( 11.1)   156363 ( 13.6)    97710 (  8.5)    98036 (  8.5)   105266 (  9.2)   123704 ( 10.8) 
 236    11471    71880 (  6.3)   156818 ( 13.7)    97770 (  8.5)    97793 (  8.5)    93416 (  8.1)    93235 (  8.1) 
 237    11633    71915 (  6.2)   157220 ( 13.5)    97982 (  8.4)    99284 (  8.5)    98429 (  8.5)   101542 (  8.7) 
 238    11635    71966 (  6.2)   157748 ( 13.6)    98633 (  8.5)    98263 (  8.4)   101928 (  8.8)   113513 (  9.8) 
 239    11714    72228 (  6.2)   158445 ( 13.5)    98840 (  8.4)    98737 (  8.4)   105576 (  9.0)   120101 ( 10.3) 
 240    11634    73002 (  6.3)   157535 ( 13.5)    99179 (  8.5)    99190 (  8.5)    95017 (  8.2)    94886 (  8.2) 
 241    11852   110947 (  9.4)   175078 ( 14.8)   101793 (  8.6)   101392 (  8.6)   100106 (  8.4)   108417 (  9.1) 
 242    11940   125543 ( 10.5)   175714 ( 14.7)   102165 (  8.6)   101926 (  8.5)   111814 (  9.4)   116733 (  9.8) 
 243    11957    75885 (  6.3)   177358 ( 14.8)   101826 (  8.5)   102252 (  8.6)   105488 (  8.8)   124746 ( 10.4) 
 244    12080   127226 ( 10.5)   177261 ( 14.7)   103258 (  8.5)   193017 ( 16.0)    95329 (  7.9)    94019 (  7.8) 
 245    11959    76063 (  6.4)   178795 ( 15.0)   103327 (  8.6)   102217 (  8.5)    99405 (  8.3)   101380 (  8.5) 
 246    11971   130520 ( 10.9)   178190 ( 14.9)   103384 (  8.6)   104051 (  8.7)   101958 (  8.5)   115241 (  9.6) 
 247    12093    76323 (  6.3)   178840 ( 14.8)   104189 (  8.6)   103045 (  8.5)   112362 (  9.3)   124273 ( 10.3) 
 248    12123    75952 (  6.3)   179161 ( 14.8)   105026 (  8.7)   102240 (  8.4)    94661 (  7.8)    94934 (  7.8) 
 249    12231    76295 (  6.2)   180779 ( 14.8)   103380 (  8.5)   135833 ( 11.1)   100306 (  8.2)   102029 (  8.3) 
 250    12283    76224 (  6.2)   180596 ( 14.7)   103183 (  8.4)   102631 (  8.4)   104731 (  8.5)   114040 (  9.3) 
 251    12448    76632 (  6.2)   182043 ( 14.6)   104307 (  8.4)   133130 ( 10.7)   108245 (  8.7)   133967 ( 10.8) 
 252    12461   117572 (  9.4)   181590 ( 14.6)   103801 (  8.3)   102833 (  8.3)    94539 (  7.6)    94308 (  7.6) 
 253    12536    76743 (  6.1)   182489 ( 14.6)   104396 (  8.3)   103331 (  8.2)    99528 (  7.9)   104300 (  8.3) 
 254    12592    77102 (  6.1)   183309 ( 14.6)   103694 (  8.2)   103557 (  8.2)   103078 (  8.2)   115518 (  9.2) 
 255    12714    77023 (  6.1)   181877 ( 14.3)   105465 (  8.3)   103224 (  8.1)   109760 (  8.6)   126561 ( 10.0) 
 256    13250    76888 (  5.8)   183385 ( 13.8)   104461 (  7.9)   103171 (  7.8)    95841 (  7.2)    95048 (  7.2) 
 257    12860    76854 (  6.0)   187584 ( 14.6)   124898 (  9.7)   103636 (  8.1)   102330 (  8.0)   102263 (  8.0) 
 258    12978    77001 (  5.9)   187841 ( 14.5)   104710 (  8.1)   103479 (  8.0)   103499 (  8.0)   122319 (  9.4) 
 259    13094    77530 (  5.9)   187912 ( 14.4)   105408 (  8.1)   103654 (  7.9)   107997 (  8.2)   129930 (  9.9) 
 260    13142   105890 (  8.1)   188345 ( 14.3)   103951 (  7.9)   103614 (  7.9)    96376 (  7.3)    97274 (  7.4) 
 261    13321    77531 (  5.8)   189268 ( 14.2)   104578 (  7.9)   103445 (  7.8)   100657 (  7.6)   109327 (  8.2) 
 262    13377   149376 ( 11.2)   189295 ( 14.2)   104354 (  7.8)   104158 (  7.8)   103553 (  7.7)   114641 (  8.6) 
 263    13528    77395 (  5.7)   190508 ( 14.1)   105038 (  7.8)   103866 (  7.7)   106512 (  7.9)   128350 (  9.5) 
 264    13677    77463 (  5.7)   190417 ( 13.9)   104433 (  7.6)   104138 (  7.6)    96437 (  7.1)    95461 (  7.0) 
 265    13799    77930 (  5.6)   191497 ( 13.9)   120651 (  8.7)   103977 (  7.5)   101233 (  7.3)   103937 (  7.5) 
 266    13934   110108 (  7.9)   191751 ( 13.8)   104743 (  7.5)   104349 (  7.5)   104465 (  7.5)   118979 (  8.5) 
 267    13975    77790 (  5.6)   192777 ( 13.8)   104812 (  7.5)   104306 (  7.5)   108276 (  7.7)   126287 (  9.0) 
 268    14318    84735 (  5.9)   193104 ( 13.5)   105174 (  7.3)   104135 (  7.3)    96130 (  6.7)    95175 (  6.6) 
 269    14406    90039 (  6.3)   193183 ( 13.4)   106451 (  7.4)   104792 (  7.3)   100453 (  7.0)   103875 (  7.2) 
 270    14512    89115 (  6.1)   193963 ( 13.4)   106099 (  7.3)   104442 (  7.2)   105694 (  7.3)   126693 (  8.7) 
 271    14683    89072 (  6.1)   194441 ( 13.2)   105028 (  7.2)   104930 (  7.1)   107825 (  7.3)   127362 (  8.7) 
 272    14571    97110 (  6.7)   193064 ( 13.2)   105031 (  7.2)   104537 (  7.2)    96826 (  6.6)    97165 (  6.7) 
 273    14860    97159 (  6.5)   195175 ( 13.1)   104827 (  7.1)   104655 (  7.0)   101621 (  6.8)   109209 (  7.3) 
 274    15001   122618 (  8.2)   196417 ( 13.1)   105795 (  7.1)   105646 (  7.0)   109915 (  7.3)   123947 (  8.3) 
 275    15074   114498 (  7.6)   196917 ( 13.1)   123009 (  8.2)   104982 (  7.0)   112026 (  7.4)   131816 (  8.7) 
 276    15194   120268 (  7.9)   197417 ( 13.0)   104705 (  6.9)   105168 (  6.9)    97530 (  6.4)    95177 (  6.3) 
 277    15351   104175 (  6.8)   197642 ( 12.9)   104613 (  6.8)   106287 (  6.9)   101650 (  6.6)   104321 (  6.8) 
 278    15435   109397 (  7.1)   198401 ( 12.9)   105739 (  6.9)   107118 (  6.9)   104821 (  6.8)   115860 (  7.5) 
 279    15032    92232 (  6.1)   198881 ( 13.2)   105356 (  7.0)   105933 (  7.0)   113605 (  7.6)   131297 (  8.7) 
 280    15169   117212 (  7.7)   199090 ( 13.1)   105244 (  6.9)   104847 (  6.9)    96844 (  6.4)    96965 (  6.4) 
 281    15427   107717 (  7.0)   199605 ( 12.9)   105055 (  6.8)   105649 (  6.8)   101817 (  6.6)   106972 (  6.9) 
 282    15675   136460 (  8.7)   200389 ( 12.8)   105271 (  6.7)   105067 (  6.7)   105517 (  6.7)   119135 (  7.6) 
 283    15833   172886 ( 10.9)   201115 ( 12.7)   105475 (  6.7)   105844 (  6.7)   108462 (  6.9)   131101 (  8.3) 
 284    15916   139943 (  8.8)   201538 ( 12.7)   105501 (  6.6)   105815 (  6.6)    96780 (  6.1)    97686 (  6.1) 
 285    16114   137198 (  8.5)   202176 ( 12.5)   105478 (  6.5)   105791 (  6.6)   102287 (  6.3)   106226 (  6.6) 
 286    16221   150781 (  9.3)   203229 ( 12.5)   106191 (  6.5)   106732 (  6.6)   106115 (  6.5)   120443 (  7.4) 
 287    16388   140955 (  8.6)   203718 ( 12.4)   106163 (  6.5)   106558 (  6.5)   109665 (  6.7)   131476 (  8.0) 
 288    16343   168562 ( 10.3)   200202 ( 12.3)   107877 (  6.6)   109762 (  6.7)    97250 (  6.0)    97807 (  6.0) 
 289    16117   130159 (  8.1)   227880 ( 14.1)   111727 (  6.9)   109980 (  6.8)   102734 (  6.4)   105855 (  6.6) 
 290    16418   116210 (  7.1)   227829 ( 13.9)   109742 (  6.7)   109669 (  6.7)   107142 (  6.5)   119226 (  7.3) 
 291    16656   142519 (  8.6)   228930 ( 13.7)   110233 (  6.6)   110119 (  6.6)   109784 (  6.6)   131964 (  7.9) 
 292    16742   140953 (  8.4)   229522 ( 13.7)   111456 (  6.7)   110070 (  6.6)    97745 (  5.8)   104779 (  6.3) 
 293    16963   143059 (  8.4)   230153 ( 13.6)   111505 (  6.6)   110126 (  6.5)   105220 (  6.2)   114687 (  6.8) 
 294    17069   156105 (  9.1)   231199 ( 13.5)   111809 (  6.6)   110864 (  6.5)   106512 (  6.2)   117676 (  6.9) 
 295    17266   134841 (  7.8)   231200 ( 13.4)   112119 (  6.5)   110375 (  6.4)   111622 (  6.5)   139043 (  8.1) 
 296    16861   141587 (  8.4)   231882 ( 13.8)   111625 (  6.6)   110315 (  6.5)    98350 (  5.8)    97370 (  5.8) 
 297    17244   118447 (  6.9)   232605 ( 13.5)   111756 (  6.5)   110582 (  6.4)   103215 (  6.0)   106870 (  6.2) 
 298    17403   136906 (  7.9)   233310 ( 13.4)   111932 (  6.4)   110893 (  6.4)   106637 (  6.1)   127544 (  7.3) 
 299    18120   125065 (  6.9)   233805 ( 12.9)   112321 (  6.2)   111810 (  6.2)   110856 (  6.1)   135007 (  7.5) 
 300    17756   119433 (  6.7)   234408 ( 13.2)   113761 (  6.4)   111116 (  6.3)    98431 (  5.5)    97511 (  5.5) 
 301    17845   122389 (  6.9)   235003 ( 13.2)   111893 (  6.3)   111245 (  6.2)   102924 (  5.8)   107295 (  6.0) 
 302    17447   142599 (  8.2)   236345 ( 13.5)   112499 (  6.4)   111165 (  6.4)   107061 (  6.1)   118465 (  6.8) 
 303    17888   110571 (  6.2)   236420 ( 13.2)   112302 (  6.3)   111272 (  6.2)   110239 (  6.2)   134537 (  7.5) 
 304    17954   148390 (  8.3)   235890 ( 13.1)   112448 (  6.3)   110940 (  6.2)    98319 (  5.5)    95941 (  5.3) 
 305    18223   116030 (  6.4)   238221 ( 13.1)   113148 (  6.2)   111046 (  6.1)   103472 (  5.7)   107874 (  5.9) 
 306    18315   174662 (  9.5)   239098 ( 13.1)   131419 (  7.2)   112034 (  6.1)   108396 (  5.9)   125157 (  6.8) 
 307    18046   131010 (  7.3)   239979 ( 13.3)   133140 (  7.4)   111810 (  6.2)   110700 (  6.1)   136279 (  7.6) 
 308    18425   156092 (  8.5)   240652 ( 13.1)   148163 (  8.0)   111608 (  6.1)    98359 (  5.3)    99240 (  5.4) 
 309    18598   122949 (  6.6)   240923 ( 13.0)   116314 (  6.3)   112864 (  6.1)   103786 (  5.6)   110782 (  6.0) 
 310    18772   116415 (  6.2)   241908 ( 12.9)   111912 (  6.0)   112186 (  6.0)   107324 (  5.7)   122740 (  6.5) 
 311    18969   150829 (  8.0)   242105 ( 12.8)   112428 (  5.9)   111892 (  5.9)   114605 (  6.0)   146343 (  7.7) 
 312    18602   124547 (  6.7)   242522 ( 13.0)   113760 (  6.1)   111414 (  6.0)    98575 (  5.3)    96794 (  5.2) 
 313    19121   135185 (  7.1)   243289 ( 12.7)   112517 (  5.9)   112466 (  5.9)   105161 (  5.5)   108124 (  5.7) 
 314    19777   119013 (  6.0)   244161 ( 12.3)   112533 (  5.7)   111656 (  5.6)   107571 (  5.4)   118722 (  6.0) 
 315    19375   109429 (  5.6)   243458 ( 12.6)   112680 (  5.8)   113230 (  5.8)   111492 (  5.8)   136190 (  7.0) 
 316    18962   128326 (  6.8)   245212 ( 12.9)   133231 (  7.0)   132319 (  7.0)    99057 (  5.2)    97833 (  5.2) 
 317    19572   136455 (  7.0)   245543 ( 12.5)   112970 (  5.8)   112440 (  5.7)   104685 (  5.3)   110800 (  5.7) 
 318    19707   150828 (  7.7)   246222 ( 12.5)   113501 (  5.8)   113540 (  5.8)   108003 (  5.5)   120288 (  6.1) 
 319    19754   113393 (  5.7)   247014 ( 12.5)   112475 (  5.7)   111988 (  5.7)   111210 (  5.6)   133586 (  6.8) 
 320    19848   123968 (  6.2)   244127 ( 12.3)   114696 (  5.8)   112572 (  5.7)    99321 (  5.0)    99537 (  5.0) 
 321    20490   127926 (  6.2)   247683 ( 12.1)   112020 (  5.5)   112215 (  5.5)   106138 (  5.2)   108343 (  5.3) 
 322    20673   174637 (  8.4)   248477 ( 12.0)   114019 (  5.5)   112015 (  5.4)   115657 (  5.6)   125864 (  6.1) 
 323    20889   115442 (  5.5)   248985 ( 11.9)   112820 (  5.4)   112340 (  5.4)   115617 (  5.5)   140585 (  6.7) 
 324    19943   167333 (  8.4)   249622 ( 12.5)   131068 (  6.6)   112789 (  5.7)    99380 (  5.0)    99061 (  5.0) 
 325    20328   123486 (  6.1)   250282 ( 12.3)   112779 (  5.5)   112552 (  5.5)   106045 (  5.2)   109804 (  5.4) 
 326    20651   142455 (  6.9)   250914 ( 12.2)   112427 (  5.4)   113089 (  5.5)   109339 (  5.3)   128669 (  6.2) 
 327    20846   152205 (  7.3)   251984 ( 12.1)   113860 (  5.5)   112976 (  5.4)   113046 (  5.4)   140223 (  6.7) 
 328    20524   151143 (  7.4)   251968 ( 12.3)   112657 (  5.5)   112432 (  5.5)    99392 (  4.8)    99957 (  4.9) 
 329    21613   120727 (  5.6)   252435 ( 11.7)   112790 (  5.2)   112787 (  5.2)   111463 (  5.2)   110582 (  5.1) 
 330    21180   129808 (  6.1)   253121 ( 12.0)   113336 (  5.4)   113383 (  5.4)   108616 (  5.1)   127585 (  6.0) 
 331    21962   125917 (  5.7)   253732 ( 11.6)   113060 (  5.1)   114079 (  5.2)   113116 (  5.2)   145273 (  6.6) 
 332    21186   141248 (  6.7)   254375 ( 12.0)   113382 (  5.4)   113406 (  5.4)    99431 (  4.7)    98784 (  4.7) 
 333    22164   132676 (  6.0)   255082 ( 11.5)   113325 (  5.1)   113116 (  5.1)   105706 (  4.8)   111170 (  5.0) 
 334    21581   159178 (  7.4)   256148 ( 11.9)   131049 (  6.1)   113670 (  5.3)   110358 (  5.1)   122713 (  5.7) 
 335    21349   127975 (  6.0)   256602 ( 12.0)   114779 (  5.4)   113729 (  5.3)   114157 (  5.3)   142562 (  6.7) 
 336    21608   121469 (  5.6)   255756 ( 11.8)   115649 (  5.4)   115290 (  5.3)   101000 (  4.7)    98957 (  4.6) 
 337    22601   141361 (  6.3)   285903 ( 12.7)   117892 (  5.2)   118162 (  5.2)   105465 (  4.7)   113020 (  5.0) 
 338    22379   130843 (  5.8)   286359 ( 12.8)   118271 (  5.3)   118040 (  5.3)   109852 (  4.9)   125675 (  5.6) 
 339    22836   130526 (  5.7)   287290 ( 12.6)   120127 (  5.3)   118403 (  5.2)   113876 (  5.0)   139854 (  6.1) 
 340    22310   169496 (  7.6)   288079 ( 12.9)   119726 (  5.4)   118064 (  5.3)   100220 (  4.5)   101337 (  4.5) 
 341    22009   129615 (  5.9)   286586 ( 13.0)   119945 (  5.4)   118107 (  5.4)   105146 (  4.8)   117379 (  5.3) 
 342    23063   110397 (  4.8)   289441 ( 12.6)   141435 (  6.1)   143901 (  6.2)   109003 (  4.7)   127455 (  5.5) 
 343    22678   134769 (  5.9)   290400 ( 12.8)   142047 (  6.3)   118632 (  5.2)   113154 (  5.0)   148932 (  6.6) 
 344    22405   128654 (  5.7)   290665 ( 13.0)   120699 (  5.4)   119390 (  5.3)   100583 (  4.5)   100010 (  4.5) 
 345    23533   118059 (  5.0)   291253 ( 12.4)   138919 (  5.9)   121112 (  5.1)   106945 (  4.5)   110544 (  4.7) 
 346    23074   153909 (  6.7)   292113 ( 12.7)   120383 (  5.2)   119180 (  5.2)   109758 (  4.8)   127477 (  5.5) 
 347    22914   139230 (  6.1)   292709 ( 12.8)   120891 (  5.3)   118804 (  5.2)   121520 (  5.3)   146627 (  6.4) 
 348    23337   145018 (  6.2)   293799 ( 12.6)   120385 (  5.2)   119440 (  5.1)   101070 (  4.3)   102297 (  4.4) 
 349    24176   143268 (  5.9)   292135 ( 12.1)   120456 (  5.0)   119597 (  4.9)   110099 (  4.6)   111523 (  4.6) 
 350    23311   130479 (  5.6)   295274 ( 12.7)   136733 (  5.9)   119209 (  5.1)   111463 (  4.8)   127766 (  5.5) 
 351    23783   132648 (  5.6)   295755 ( 12.4)   140868 (  5.9)   119698 (  5.0)   114756 (  4.8)   152239 (  6.4) 
 352    23981   172228 (  7.2)   294215 ( 12.3)   120366 (  5.0)   120475 (  5.0)   100777 (  4.2)    98729 (  4.1) 
 353    23767   123820 (  5.2)   297400 ( 12.5)   120526 (  5.1)   138346 (  5.8)   106233 (  4.5)   111638 (  4.7) 
 354    24010   130157 (  5.4)   298319 ( 12.4)   120778 (  5.0)   120528 (  5.0)   111372 (  4.6)   135067 (  5.6) 
 355    23932   131737 (  5.5)   298828 ( 12.5)   121168 (  5.1)   120120 (  5.0)   115770 (  4.8)   142170 (  5.9) 
 356    24171   140422 (  5.8)   299622 ( 12.4)   121230 (  5.0)   119996 (  5.0)   101019 (  4.2)    99942 (  4.1) 
 357    24544   150595 (  6.1)   300268 ( 12.2)   121513 (  5.0)   121741 (  5.0)   109192 (  4.4)   115817 (  4.7) 
 358    24453   145113 (  5.9)   300724 ( 12.3)   122907 (  5.0)   120880 (  4.9)   111129 (  4.5)   129062 (  5.3) 
 359    24948   128435 (  5.1)   301567 ( 12.1)   140308 (  5.6)   120545 (  4.8)   115169 (  4.6)   148009 (  5.9) 
 360    24490   136442 (  5.6)   302066 ( 12.3)   121191 (  4.9)   120193 (  4.9)   109011 (  4.5)   104745 (  4.3) 
 361    25677   130722 (  5.1)   302952 ( 11.8)   121195 (  4.7)   120603 (  4.7)   108266 (  4.2)   113214 (  4.4) 
 362    25171   122478 (  4.9)   303712 ( 12.1)   121452 (  4.8)   121243 (  4.8)   110687 (  4.4)   132977 (  5.3) 
 363    25311   114269 (  4.5)   304166 ( 12.0)   121824 (  4.8)   121097 (  4.8)   118126 (  4.7)   150650 (  6.0) 
 364    26100   148169 (  5.7)   305359 ( 11.7)   121600 (  4.7)   121443 (  4.7)   102440 (  3.9)   101133 (  3.9) 
 365    25899   146411 (  5.7)   305820 ( 11.8)   144097 (  5.6)   121212 (  4.7)   107091 (  4.1)   112752 (  4.4) 
 366    25660   127758 (  5.0)   306139 ( 11.9)   121487 (  4.7)   121423 (  4.7)   110726 (  4.3)   135395 (  5.3) 
 367    26017   126766 (  4.9)   307007 ( 11.8)   122479 (  4.7)   141460 (  5.4)   116242 (  4.5)   146953 (  5.6) 
 368    25752   120365 (  4.7)   305388 ( 11.9)   120998 (  4.7)   120935 (  4.7)   101394 (  3.9)   100379 (  3.9) 
 369    26816   135846 (  5.1)   307808 ( 11.5)   120794 (  4.5)   122985 (  4.6)   107770 (  4.0)   112903 (  4.2) 
 370    26050   134617 (  5.2)   308571 ( 11.8)   122969 (  4.7)   120696 (  4.6)   113078 (  4.3)   136163 (  5.2) 
 371    26416   137846 (  5.2)   309402 ( 11.7)   121367 (  4.6)   122220 (  4.6)   119358 (  4.5)   145329 (  5.5) 
 372    27038   134851 (  5.0)   309935 ( 11.5)   121284 (  4.5)   121418 (  4.5)   104317 (  3.9)   100395 (  3.7) 
 373    27335   142833 (  5.2)   310595 ( 11.4)   120950 (  4.4)   122018 (  4.5)   107879 (  3.9)   114603 (  4.2) 
 374    27011   136808 (  5.1)   311410 ( 11.5)   121549 (  4.5)   121233 (  4.5)   114542 (  4.2)   130497 (  4.8) 
 375    26887   136021 (  5.1)   312278 ( 11.6)   121849 (  4.5)   121978 (  4.5)   117525 (  4.4)   144223 (  5.4) 
 376    27277   137106 (  5.0)   312509 ( 11.5)   120960 (  4.4)   121170 (  4.4)   102450 (  3.8)    99956 (  3.7) 
 377    27076   137130 (  5.1)   313128 ( 11.6)   139386 (  5.1)   121581 (  4.5)   108636 (  4.0)   113051 (  4.2) 
 378    27531   129550 (  4.7)   314042 ( 11.4)   121757 (  4.4)   121633 (  4.4)   111832 (  4.1)   131497 (  4.8) 
 379    27494   156986 (  5.7)   314920 ( 11.5)   121847 (  4.4)   123072 (  4.5)   118844 (  4.3)   148961 (  5.4) 
 380    27445   158878 (  5.8)   315498 ( 11.5)   121972 (  4.4)   121825 (  4.4)   102360 (  3.7)    99989 (  3.6) 
 381    28362   125319 (  4.4)   315802 ( 11.1)   122468 (  4.3)   123437 (  4.4)   109506 (  3.9)   123304 (  4.3) 
 382    27408   139068 (  5.1)   317272 ( 11.6)   122590 (  4.5)   123065 (  4.5)   112357 (  4.1)   131338 (  4.8) 
 383    28477   163811 (  5.8)   317971 ( 11.2)   123947 (  4.4)   147710 (  5.2)   116499 (  4.1)   149622 (  5.3) 
 384    28219   170103 (  6.0)   313652 ( 11.1)   125137 (  4.4)   124680 (  4.4)   108408 (  3.8)   101979 (  3.6) 
 385    28113   135551 (  4.8)   352007 ( 12.5)   127449 (  4.5)   127536 (  4.5)   114752 (  4.1)   113922 (  4.1) 
 386    28606   130520 (  4.6)   353160 ( 12.3)   148987 (  5.2)   127766 (  4.5)   112407 (  3.9)   132197 (  4.6) 
 387    29240   135389 (  4.6)   353910 ( 12.1)   128151 (  4.4)   128619 (  4.4)   121036 (  4.1)   149541 (  5.1) 
 388    28498   144002 (  5.1)   355000 ( 12.5)   129906 (  4.6)   128125 (  4.5)   109619 (  3.8)   113976 (  4.0) 
 389    28867   142634 (  4.9)   355453 ( 12.3)   129943 (  4.5)   128362 (  4.4)   116260 (  4.0)   120659 (  4.2) 
 390    28717   159422 (  5.6)   356216 ( 12.4)   150692 (  5.2)   128432 (  4.5)   120240 (  4.2)   140933 (  4.9) 
 391    29842   144745 (  4.9)   356890 ( 12.0)   153902 (  5.2)   128811 (  4.3)   126292 (  4.2)   156953 (  5.3) 
 392    29025   145543 (  5.0)   357863 ( 12.3)   129915 (  4.5)   128422 (  4.4)   109953 (  3.8)   106304 (  3.7) 
 393    29526   132444 (  4.5)   358554 ( 12.1)   130249 (  4.4)   128733 (  4.4)   116419 (  3.9)   119851 (  4.1) 
 394    29359   144636 (  4.9)   359366 ( 12.2)   130134 (  4.4)   129514 (  4.4)   122142 (  4.2)   140221 (  4.8) 
 395    30477   130350 (  4.3)   360280 ( 11.8)   150867 (  5.0)   128978 (  4.2)   125385 (  4.1)   150802 (  4.9) 
 396    29837   151495 (  5.1)   361367 ( 12.1)   130504 (  4.4)   129594 (  4.3)   111112 (  3.7)   107009 (  3.6) 
 397    30730   136942 (  4.5)   361896 ( 11.8)   152110 (  4.9)   129741 (  4.2)   117068 (  3.8)   121900 (  4.0) 
 398    30061   142077 (  4.7)   362582 ( 12.1)   130626 (  4.3)   129839 (  4.3)   120546 (  4.0)   138745 (  4.6) 
 399    30438   136692 (  4.5)   363335 ( 11.9)   130827 (  4.3)   130395 (  4.3)   126856 (  4.2)   157845 (  5.2) 
# ...the end 
