# starting test: OpenMP ON with 16 threads... 
# sN[S/L] = stride-N [store/load] 
# pur  = pragma unroll 
# mur  = manual unroll 
# murv = manual unroll and vectorize 
# timing in cycles (ratio relative to memcpy) 
 # n   memcpy        loop copy      basic + s1S      basic + s1L    pur 4x4 + s1L    mur 4x4 + s1L   murv 4x4 + s1L 
   2       88      186 (  2.1)      194 (  2.2)      214 (  2.4)      209 (  2.4)    39866 (453.0)     1816 ( 20.6) 
   3      109      251 (  2.3)      299 (  2.7)      303 (  2.8)      278 (  2.6)     1919 ( 17.6)     1806 ( 16.6) 
   4       76      325 (  4.3)      401 (  5.3)      401 (  5.3)      402 (  5.3)     2408 ( 31.7)     2076 ( 27.3) 
   5      117      454 (  3.9)      458 (  3.9)      447 (  3.8)      439 (  3.8)     2474 ( 21.1)     2218 ( 19.0) 
   6      125      579 (  4.6)      593 (  4.7)      578 (  4.6)      578 (  4.6)     2596 ( 20.8)     2350 ( 18.8) 
   7      159      724 (  4.6)      736 (  4.6)      722 (  4.5)      728 (  4.6)     2723 ( 17.1)     2508 ( 15.8) 
   8      150      760 (  5.1)      765 (  5.1)      749 (  5.0)      745 (  5.0)     2538 ( 16.9)     2228 ( 14.9) 
   9      184      907 (  4.9)      912 (  5.0)      897 (  4.9)      888 (  4.8)     2779 ( 15.1)     2475 ( 13.5) 
  10      190     1183 (  6.2)     1183 (  6.2)     1180 (  6.2)     1166 (  6.1)     3013 ( 15.9)     2677 ( 14.1) 
  11      219     1502 (  6.9)     1501 (  6.9)     1498 (  6.8)     1482 (  6.8)     3235 ( 14.8)     3000 ( 13.7) 
  12      327     1854 (  5.7)     1855 (  5.7)     1846 (  5.6)     1837 (  5.6)     2886 (  8.8)     2499 (  7.6) 
  13      341     1959 (  5.7)     1954 (  5.7)     1951 (  5.7)     1938 (  5.7)     3187 (  9.3)     2798 (  8.2) 
  14      349     2251 (  6.4)     2247 (  6.4)     2235 (  6.4)     2233 (  6.4)     3413 (  9.8)     3079 (  8.8) 
  15      363     2545 (  7.0)     2536 (  7.0)     2526 (  7.0)     2522 (  6.9)     3698 ( 10.2)     3430 (  9.4) 
  16      289     2634 (  9.1)     2616 (  9.1)     2606 (  9.0)     2601 (  9.0)     3249 ( 11.2)     2785 (  9.6) 
  17      373     2916 (  7.8)     2894 (  7.8)     2887 (  7.7)     2875 (  7.7)     3610 (  9.7)     3182 (  8.5) 
  18      385     3421 (  8.9)     3397 (  8.8)     3387 (  8.8)     3381 (  8.8)     3934 ( 10.2)     3513 (  9.1) 
  19      419     3969 (  9.5)     3942 (  9.4)     3932 (  9.4)     3925 (  9.4)     4269 ( 10.2)     3953 (  9.4) 
  20      396     4555 ( 11.5)     4523 ( 11.4)     4514 ( 11.4)     4505 ( 11.4)     4441 ( 11.2)     3518 (  8.9) 
  21      456     4721 ( 10.4)     4657 ( 10.2)     4663 ( 10.2)     4646 ( 10.2)     4830 ( 10.6)     3948 (  8.7) 
  22      445     5176 ( 11.6)     5113 ( 11.5)     5120 ( 11.5)     5106 ( 11.5)     5227 ( 11.7)     4451 ( 10.0) 
  23      447     5618 ( 12.6)     5549 ( 12.4)     5548 ( 12.4)     5540 ( 12.4)     5562 ( 12.4)     4906 ( 11.0) 
  24      419     5507 ( 13.1)     5435 ( 13.0)     5431 ( 13.0)     5418 ( 12.9)     5167 ( 12.3)     4071 (  9.7) 
  25      528     5911 ( 11.2)     5823 ( 11.0)     5830 ( 11.0)     5810 ( 11.0)     5589 ( 10.6)     4561 (  8.6) 
  26      486     6633 ( 13.6)     6545 ( 13.5)     6556 ( 13.5)     6535 ( 13.4)     5988 ( 12.3)     5068 ( 10.4) 
  27      549     7400 ( 13.5)     7306 ( 13.3)     7326 ( 13.3)     7293 ( 13.3)     6509 ( 11.9)     5740 ( 10.5) 
  28      521     8204 ( 15.7)     8105 ( 15.6)     8127 ( 15.6)     8092 ( 15.5)     5895 ( 11.3)     4752 (  9.1) 
  29      571     8393 ( 14.7)     8278 ( 14.5)     8295 ( 14.5)     8269 ( 14.5)     6313 ( 11.1)     5428 (  9.5) 
  30      549     9003 ( 16.4)     8888 ( 16.2)     8907 ( 16.2)     8880 ( 16.2)     6876 ( 12.5)     5950 ( 10.8) 
  31      603     9584 ( 15.9)     9462 ( 15.7)     9477 ( 15.7)     9527 ( 15.8)     7428 ( 12.3)     7111 ( 11.8) 
  32      433     9424 ( 21.8)     9282 ( 21.4)     9451 ( 21.8)     9611 ( 22.2)     7059 ( 16.3)     5782 ( 13.4) 
  33      523     9946 ( 19.0)     9792 ( 18.7)    10077 ( 19.3)    10284 ( 19.7)     8347 ( 16.0)     6673 ( 12.8) 
  34      636    10894 ( 17.1)    10731 ( 16.9)    11625 ( 18.3)    12172 ( 19.1)     8358 ( 13.1)     7229 ( 11.4) 
  35      699    11881 ( 17.0)    11709 ( 16.8)    13481 ( 19.3)    14505 ( 20.8)     9534 ( 13.6)     7812 ( 11.2) 
  36      697    12905 ( 18.5)    12724 ( 18.3)    15161 ( 21.8)    15919 ( 22.8)     9395 ( 13.5)     7619 ( 10.9) 
  37      767    13125 ( 17.1)    12931 ( 16.9)    16504 ( 21.5)    16812 ( 21.9)    11163 ( 14.6)     8796 ( 11.5) 
  38      754    13898 ( 18.4)    13693 ( 18.2)    18263 ( 24.2)    17935 ( 23.8)    11206 ( 14.9)     9671 ( 12.8) 
  39      810    14619 ( 18.0)    14404 ( 17.8)    17841 ( 22.0)    17324 ( 21.4)    11977 ( 14.8)    10139 ( 12.5) 
  40      559    14399 ( 25.8)    14170 ( 25.3)    18114 ( 32.4)    17894 ( 32.0)    10098 ( 18.1)     7801 ( 14.0) 
  41      729    15044 ( 20.6)    14808 ( 20.3)    18457 ( 25.3)    19048 ( 26.1)    11981 ( 16.4)    10256 ( 14.1) 
  42      752    16212 ( 21.6)    15964 ( 21.2)    20644 ( 27.5)    20639 ( 27.4)    13803 ( 18.4)    11541 ( 15.3) 
  43      815    17419 ( 21.4)    17195 ( 21.1)    22140 ( 27.2)    22042 ( 27.0)    15920 ( 19.5)    14164 ( 17.4) 
  44      805    18660 ( 23.2)    18642 ( 23.2)    23921 ( 29.7)    23828 ( 29.6)    12160 ( 15.1)     9253 ( 11.5) 
  45      866    19544 ( 22.6)    19283 ( 22.3)    23346 ( 27.0)    23278 ( 26.9)    15202 ( 17.6)    12549 ( 14.5) 
  46      638    23662 ( 37.1)    23342 ( 36.6)    24983 ( 39.2)    24847 ( 38.9)    15735 ( 24.7)    13395 ( 21.0) 
  47      807    25898 ( 32.1)    32519 ( 40.3)    25167 ( 31.2)    25144 ( 31.2)    16806 ( 20.8)    14520 ( 18.0) 
  48      751    25744 ( 34.3)    36853 ( 49.1)    26329 ( 35.1)    26270 ( 35.0)    14170 ( 18.9)    11200 ( 14.9) 
  49      894    26835 ( 30.0)    37633 ( 42.1)    27029 ( 30.2)    26889 ( 30.1)    17263 ( 19.3)    14207 ( 15.9) 
  50      888    28453 ( 32.0)    41020 ( 46.2)    28704 ( 32.3)    28508 ( 32.1)    18436 ( 20.8)    15485 ( 17.4) 
  51      703    30041 ( 42.7)    49014 ( 69.7)    30098 ( 42.8)    30093 ( 42.8)    23835 ( 33.9)    18887 ( 26.9) 
  52      849    31700 ( 37.3)    44326 ( 52.2)    31956 ( 37.6)    31758 ( 37.4)    18689 ( 22.0)    14986 ( 17.7) 
  53      917    32290 ( 35.2)    47358 ( 51.6)    32478 ( 35.4)    32339 ( 35.3)    25840 ( 28.2)    20161 ( 22.0) 
  54      925    33635 ( 36.4)    39934 ( 43.2)    33756 ( 36.5)    33675 ( 36.4)    25605 ( 27.7)    20634 ( 22.3) 
  55      977    34888 ( 35.7)    44399 ( 45.4)    35181 ( 36.0)    34945 ( 35.8)    27273 ( 27.9)    22021 ( 22.5) 
  56      738    34674 ( 47.0)    56440 ( 76.5)    34917 ( 47.3)    34739 ( 47.1)    19856 ( 26.9)    15318 ( 20.8) 
  57      934    35928 ( 38.5)    65700 ( 70.3)    36227 ( 38.8)    35999 ( 38.5)    30124 ( 32.3)    23137 ( 24.8) 
  58      948    37807 ( 39.9)    60514 ( 63.8)    37992 ( 40.1)    37876 ( 40.0)    30697 ( 32.4)    25687 ( 27.1) 
  59      999    39644 ( 39.7)    64348 ( 64.4)    39871 ( 39.9)    39713 ( 39.8)    31039 ( 31.1)    25012 ( 25.0) 
  60      749    41553 ( 55.5)    65479 ( 87.4)    41735 ( 55.7)    41626 ( 55.6)    29447 ( 39.3)    23280 ( 31.1) 
  61      960    42225 ( 44.0)    66576 ( 69.3)    42445 ( 44.2)    42289 ( 44.1)    33090 ( 34.5)    25660 ( 26.7) 
  62      984    43756 ( 44.5)    69933 ( 71.1)    44044 ( 44.8)    43810 ( 44.5)    33119 ( 33.7)    26996 ( 27.4) 
  63     1029    45186 ( 43.9)    72704 ( 70.7)    45490 ( 44.2)    45258 ( 44.0)    33651 ( 32.7)    27393 ( 26.6) 
  64     1011    44943 ( 44.5)   346117 (342.4)    45020 ( 44.5)    45027 ( 44.5)    32711 ( 32.4)    23610 ( 23.4) 
  65     1006    46363 ( 46.1)    74258 ( 73.8)    46612 ( 46.3)    46454 ( 46.2)    33839 ( 33.6)    26648 ( 26.5) 
  66     1039    48498 ( 46.7)    78965 ( 76.0)    48834 ( 47.0)    48588 ( 46.8)    37392 ( 36.0)    30481 ( 29.3) 
  67     1098    50594 ( 46.1)    82483 ( 75.1)    50770 ( 46.2)    50678 ( 46.2)    39378 ( 35.9)    31862 ( 29.0) 
  68      884    52750 ( 59.7)    84405 ( 95.5)    53019 ( 60.0)    52841 ( 59.8)    41054 ( 46.4)    31578 ( 35.7) 
  69     1116    53501 ( 47.9)    85693 ( 76.8)    53740 ( 48.2)    53582 ( 48.0)    43551 ( 39.0)    33890 ( 30.4) 
  70     1166    55405 ( 47.5)    96968 ( 83.2)    55616 ( 47.7)    55465 ( 47.6)    44223 ( 37.9)    35558 ( 30.5) 
  71     1221    56827 ( 46.5)    91532 ( 75.0)    57134 ( 46.8)    56916 ( 46.6)    45725 ( 37.4)    34822 ( 28.5) 
  72      988    56555 ( 57.2)    93245 ( 94.4)    56888 ( 57.6)    56660 ( 57.3)    44202 ( 44.7)    32360 ( 32.8) 
  73     1205    58142 ( 48.3)    95660 ( 79.4)    58249 ( 48.3)    58251 ( 48.3)    45384 ( 37.7)    33900 ( 28.1) 
  74     1231    60535 ( 49.2)    99422 ( 80.8)    60806 ( 49.4)    60644 ( 49.3)    47144 ( 38.3)    37859 ( 30.8) 
  75     1317    62878 ( 47.7)   102896 ( 78.1)    63284 ( 48.1)    62985 ( 47.8)    48570 ( 36.9)    38616 ( 29.3) 
  76     1227    65289 ( 53.2)   105213 ( 85.7)    65648 ( 53.5)    65401 ( 53.3)    47104 ( 38.4)    36281 ( 29.6) 
  77     1306    66120 ( 50.6)   114926 ( 88.0)    66397 ( 50.8)    66221 ( 50.7)    49435 ( 37.9)    38590 ( 29.5) 
  78     1346    68027 ( 50.5)   111197 ( 82.6)    68184 ( 50.7)    68114 ( 50.6)    50061 ( 37.2)    40086 ( 29.8) 
  79     1192    69809 ( 58.6)   112835 ( 94.7)    69925 ( 58.7)    69917 ( 58.7)    51788 ( 43.4)    39377 ( 33.0) 
  80     1265    69509 ( 54.9)   114991 ( 90.9)    69652 ( 55.1)    69636 ( 55.0)    52579 ( 41.6)    36990 ( 29.2) 
  81     1382    71261 ( 51.6)   116754 ( 84.5)    71626 ( 51.8)    71393 ( 51.7)    52324 ( 37.9)    38832 ( 28.1) 
  82     1191    73911 ( 62.1)   121346 (101.9)    74129 ( 62.2)    74044 ( 62.2)    53305 ( 44.8)    42411 ( 35.6) 
  83     1414    76506 ( 54.1)   125522 ( 88.8)    76723 ( 54.3)    76637 ( 54.2)    54797 ( 38.8)    43804 ( 31.0) 
  84     1441    79172 ( 54.9)   128220 ( 89.0)    79320 ( 55.0)    79308 ( 55.0)    56801 ( 39.4)    42869 ( 29.7) 
  85     1299    80080 ( 61.6)   130945 (100.8)    80208 ( 61.7)    80205 ( 61.7)    59100 ( 45.5)    45152 ( 34.8) 
  86     1460    82175 ( 56.3)   136748 ( 93.7)    82314 ( 56.4)    82284 ( 56.4)    59942 ( 41.1)    46129 ( 31.6) 
  87     1506    84132 ( 55.9)   137072 ( 91.0)    84273 ( 56.0)    84265 ( 56.0)    61720 ( 41.0)    45843 ( 30.4) 
  88     1321    83804 ( 63.4)   138831 (105.1)    84039 ( 63.6)    83954 ( 63.6)    59117 ( 44.8)    43217 ( 32.7) 
  89     1566    85722 ( 54.7)   141458 ( 90.3)    85959 ( 54.9)    85879 ( 54.8)    62203 ( 39.7)    45563 ( 29.1) 
  90     1574    88629 ( 56.3)   146567 ( 93.1)    88942 ( 56.5)    88789 ( 56.4)    63533 ( 40.4)    51066 ( 32.4) 
  91     1443    91475 ( 63.4)   151055 (104.7)    91719 ( 63.6)    91633 ( 63.5)    64951 ( 45.0)    51073 ( 35.4) 
  92     1609    94391 ( 58.7)   153348 ( 95.3)    94575 ( 58.8)    94553 ( 58.8)    63630 ( 39.5)    48383 ( 30.1) 
  93     1684    95381 ( 56.6)   156269 ( 92.8)    95539 ( 56.7)    95528 ( 56.7)    65873 ( 39.1)    50630 ( 30.1) 
  94     1598    97663 ( 61.1)   160575 (100.5)    97801 ( 61.2)    97793 ( 61.2)    66978 ( 41.9)    51148 ( 32.0) 
  95     1703    99796 ( 58.6)   163104 ( 95.8)    99972 ( 58.7)    99955 ( 58.7)    68710 ( 40.3)    51127 ( 30.0) 
  96     1666    99441 ( 59.7)   777417 (466.6)    99612 ( 59.8)    99618 ( 59.8)    68906 ( 41.4)    48260 ( 29.0) 
  97     1709   101707 ( 59.5)   167047 ( 97.7)   101911 ( 59.6)   101888 ( 59.6)    69558 ( 40.7)    50749 ( 29.7) 
  98     1733   104689 ( 60.4)   173460 (100.1)   104891 ( 60.5)   104876 ( 60.5)    70697 ( 40.8)    56359 ( 32.5) 
  99     1627   107787 ( 66.2)   177621 (109.2)   107991 ( 66.4)   107973 ( 66.4)    72138 ( 44.3)    57039 ( 35.1) 
 100     1812   110955 ( 61.2)   180784 ( 99.8)   111164 ( 61.3)   111145 ( 61.3)    74112 ( 40.9)    56053 ( 30.9) 
 101     1955    26285 ( 13.4)    28637 ( 14.6)    29696 ( 15.2)    34099 ( 17.4)    35488 ( 18.2)    30815 ( 15.8) 
 102     1835    25960 ( 14.1)    30816 ( 16.8)    30441 ( 16.6)    30830 ( 16.8)    34649 ( 18.9)    32448 ( 17.7) 
 103     1971    25807 ( 13.1)    30511 ( 15.5)    30509 ( 15.5)    30933 ( 15.7)    35693 ( 18.1)    35191 ( 17.9) 
 104     1742    25623 ( 14.7)    31622 ( 18.2)    31884 ( 18.3)    31404 ( 18.0)    31966 ( 18.4)    28762 ( 16.5) 
 105     2215    25890 ( 11.7)    29455 ( 13.3)    30431 ( 13.7)    32003 ( 14.4)    33828 ( 15.3)    31225 ( 14.1) 
 106     2047    25918 ( 12.7)    28991 ( 14.2)    30242 ( 14.8)    31088 ( 15.2)    33699 ( 16.5)    33682 ( 16.5) 
 107     2005    26195 ( 13.1)    29787 ( 14.9)    31123 ( 15.5)    31575 ( 15.7)    34912 ( 17.4)    35145 ( 17.5) 
 108     2403    26325 ( 11.0)    28213 ( 11.7)    30836 ( 12.8)    31890 ( 13.3)    31844 ( 13.3)    28656 ( 11.9) 
 109     1937    26270 ( 13.6)    29768 ( 15.4)    31481 ( 16.3)    31360 ( 16.2)    33921 ( 17.5)    31994 ( 16.5) 
 110     2103    26402 ( 12.6)    30488 ( 14.5)    31035 ( 14.8)    31506 ( 15.0)    34213 ( 16.3)    33659 ( 16.0) 
 111     1936    26524 ( 13.7)    29709 ( 15.3)    31244 ( 16.1)    31788 ( 16.4)    34892 ( 18.0)    35136 ( 18.1) 
 112     2068    26322 ( 12.7)    35213 ( 17.0)    31239 ( 15.1)    31138 ( 15.1)    31601 ( 15.3)    28625 ( 13.8) 
 113     2251    27709 ( 12.3)    32789 ( 14.6)    33112 ( 14.7)    32915 ( 14.6)    33274 ( 14.8)    31196 ( 13.9) 
 114     2189    27980 ( 12.8)    32067 ( 14.6)    32339 ( 14.8)    32877 ( 15.0)    33994 ( 15.5)    32812 ( 15.0) 
 115     2271    27797 ( 12.2)    35024 ( 15.4)    32135 ( 14.2)    32615 ( 14.4)    35075 ( 15.4)    35432 ( 15.6) 
 116     2783    28217 ( 10.1)    35943 ( 12.9)    33926 ( 12.2)    33067 ( 11.9)    31698 ( 11.4)    29599 ( 10.6) 
 117     2832    28230 ( 10.0)    36524 ( 12.9)    31397 ( 11.1)    32386 ( 11.4)    32636 ( 11.5)    32234 ( 11.4) 
 118     2567    28343 ( 11.0)    34045 ( 13.3)    33616 ( 13.1)    32551 ( 12.7)    34098 ( 13.3)    34243 ( 13.3) 
 119     2889    28428 (  9.8)    35532 ( 12.3)    32434 ( 11.2)    33100 ( 11.5)    36175 ( 12.5)    36543 ( 12.6) 
 120     2601    28295 ( 10.9)    38872 ( 14.9)    33293 ( 12.8)    32568 ( 12.5)    31512 ( 12.1)    30100 ( 11.6) 
 121     3321    28183 (  8.5)    35963 ( 10.8)    32544 (  9.8)    32786 (  9.9)    33207 ( 10.0)    31933 (  9.6) 
 122     2617    28526 ( 10.9)    34320 ( 13.1)    33592 ( 12.8)    33151 ( 12.7)    34409 ( 13.1)    34568 ( 13.2) 
 123     3384    28461 (  8.4)    36929 ( 10.9)    32795 (  9.7)    33294 (  9.8)    36118 ( 10.7)    36750 ( 10.9) 
 124     3114    28886 (  9.3)    38428 ( 12.3)    33759 ( 10.8)    33517 ( 10.8)    31366 ( 10.1)    30097 (  9.7) 
 125     3370    28875 (  8.6)    37184 ( 11.0)    33404 (  9.9)    33775 ( 10.0)    33610 ( 10.0)    32105 (  9.5) 
 126     3115    28913 (  9.3)    35084 ( 11.3)    33952 ( 10.9)    33916 ( 10.9)    34736 ( 11.2)    34666 ( 11.1) 
 127     3753    29002 (  7.7)    42124 ( 11.2)    33956 (  9.0)    33850 (  9.0)    36719 (  9.8)    37238 (  9.9) 
 128     3497    28870 (  8.3)   105051 ( 30.0)    36627 ( 10.5)    36484 ( 10.4)    34669 (  9.9)    33011 (  9.4) 
 129     4215    31018 (  7.4)    41499 (  9.8)    35437 (  8.4)    36770 (  8.7)    33896 (  8.0)    32845 (  7.8) 
 130     3645    30954 (  8.5)    40940 ( 11.2)    37997 ( 10.4)    39534 ( 10.8)    38091 ( 10.5)    35813 (  9.8) 
 131     3936    30866 (  7.8)    42666 ( 10.8)    39524 ( 10.0)    38290 (  9.7)    40987 ( 10.4)    36475 (  9.3) 
 132     3567    30883 (  8.7)    45886 ( 12.9)    39954 ( 11.2)    39004 ( 10.9)    38200 ( 10.7)    34494 (  9.7) 
 133     3822    31359 (  8.2)    43665 ( 11.4)    41329 ( 10.8)    35728 (  9.3)    35066 (  9.2)    34665 (  9.1) 
 134     3516    31643 (  9.0)    46249 ( 13.2)    36904 ( 10.5)    39882 ( 11.3)    39369 ( 11.2)    37985 ( 10.8) 
 135     4194    31208 (  7.4)    43772 ( 10.4)    38422 (  9.2)    38884 (  9.3)    41726 (  9.9)    38379 (  9.2) 
 136     3767    31569 (  8.4)    52203 ( 13.9)    37919 ( 10.1)    37835 ( 10.0)    34972 (  9.3)    32526 (  8.6) 
 137     4201    31672 (  7.5)    46534 ( 11.1)    38642 (  9.2)    38165 (  9.1)    38199 (  9.1)    36222 (  8.6) 
 138     3849    31615 (  8.2)    45530 ( 11.8)    36933 (  9.6)    37612 (  9.8)    37408 (  9.7)    37693 (  9.8) 
 139     4296    32129 (  7.5)    46867 ( 10.9)    37187 (  8.7)    38603 (  9.0)    40594 (  9.4)    40617 (  9.5) 
 140     4229    32336 (  7.6)    46900 ( 11.1)    39277 (  9.3)    39549 (  9.4)    35593 (  8.4)    32300 (  7.6) 
 141     4431    32245 (  7.3)    47629 ( 10.7)    38891 (  8.8)    38713 (  8.7)    36871 (  8.3)    35556 (  8.0) 
 142     4322    32374 (  7.5)    51542 ( 11.9)    38626 (  8.9)    39129 (  9.1)    38770 (  9.0)    38268 (  8.9) 
 143     4537    32705 (  7.2)    47466 ( 10.5)    39915 (  8.8)    39826 (  8.8)    40457 (  8.9)    40343 (  8.9) 
 144     4344    32417 (  7.5)   131126 ( 30.2)    40869 (  9.4)    40560 (  9.3)    36814 (  8.5)    35815 (  8.2) 
 145     4162    34303 (  8.2)    52540 ( 12.6)    41431 ( 10.0)    41230 (  9.9)    37231 (  8.9)    35552 (  8.5) 
 146     4567    34722 (  7.6)    53926 ( 11.8)    41075 (  9.0)    41977 (  9.2)    39006 (  8.5)    38397 (  8.4) 
 147     4271    34662 (  8.1)    53079 ( 12.4)    41272 (  9.7)    41563 (  9.7)    40882 (  9.6)    41192 (  9.6) 
 148     4724    35308 (  7.5)    54276 ( 11.5)    41574 (  8.8)    42728 (  9.0)    35818 (  7.6)    32627 (  6.9) 
 149     4667    34858 (  7.5)    55159 ( 11.8)    41910 (  9.0)    41482 (  8.9)    36468 (  7.8)    35573 (  7.6) 
 150     4829    35592 (  7.4)    54023 ( 11.2)    42299 (  8.8)    41925 (  8.7)    38542 (  8.0)    38387 (  7.9) 
 151     4825    35720 (  7.4)    56222 ( 11.7)    41646 (  8.6)    42245 (  8.8)    41048 (  8.5)    42209 (  8.7) 
 152     4480    35427 (  7.9)    57052 ( 12.7)    41920 (  9.4)    42328 (  9.4)    35383 (  7.9)    33159 (  7.4) 
 153     4933    35621 (  7.2)    56512 ( 11.5)    42646 (  8.6)    42480 (  8.6)    37954 (  7.7)    37291 (  7.6) 
 154     4873    36412 (  7.5)    54574 ( 11.2)    43380 (  8.9)    44397 (  9.1)    41226 (  8.5)    39966 (  8.2) 
 155     5092    36260 (  7.1)    56881 ( 11.2)    41333 (  8.1)    42593 (  8.4)    42121 (  8.3)    42574 (  8.4) 
 156     5040    36507 (  7.2)    55259 ( 11.0)    44085 (  8.7)    45407 (  9.0)    38133 (  7.6)    33149 (  6.6) 
 157     4723    36806 (  7.8)    57015 ( 12.1)    43227 (  9.2)    43763 (  9.3)    37712 (  8.0)    36191 (  7.7) 
 158     5184    37208 (  7.2)    55057 ( 10.6)    44601 (  8.6)    45318 (  8.7)    41251 (  8.0)    40427 (  7.8) 
 159     5128    37285 (  7.3)    58218 ( 11.4)    43214 (  8.4)    44176 (  8.6)    42606 (  8.3)    42642 (  8.3) 
 160     5244    37473 (  7.1)   155291 ( 29.6)    45820 (  8.7)    46044 (  8.8)    37399 (  7.1)    37720 (  7.2) 
 161     5296    41069 (  7.8)    62735 ( 11.8)    49279 (  9.3)    51456 (  9.7)    39498 (  7.5)    37379 (  7.1) 
 162     5250    41102 (  7.8)    63633 ( 12.1)    48505 (  9.2)    49414 (  9.4)    40828 (  7.8)    40817 (  7.8) 
 163     5484    42082 (  7.7)   111518 ( 20.3)    50517 (  9.2)    50304 (  9.2)    43681 (  8.0)    46440 (  8.5) 
 164     5434    42000 (  7.7)    60702 ( 11.2)    49791 (  9.2)    49882 (  9.2)    36391 (  6.7)    34266 (  6.3) 
 165     5142    41755 (  8.1)    65261 ( 12.7)    48532 (  9.4)    49238 (  9.6)    39010 (  7.6)    37940 (  7.4) 
 166     5616    42297 (  7.5)    65303 ( 11.6)    49966 (  8.9)    49322 (  8.8)    41415 (  7.4)    41045 (  7.3) 
 167     5576    42794 (  7.7)    70653 ( 12.7)    49666 (  8.9)    49765 (  8.9)    43216 (  7.8)    45495 (  8.2) 
 168     5280    42638 (  8.1)    67541 ( 12.8)    50570 (  9.6)    50201 (  9.5)    37909 (  7.2)    34446 (  6.5) 
 169     5787    42196 (  7.3)    65792 ( 11.4)    49447 (  8.5)    49364 (  8.5)    39025 (  6.7)    37973 (  6.6) 
 170     5716    42728 (  7.5)    66730 ( 11.7)    49720 (  8.7)    50786 (  8.9)    42337 (  7.4)    42465 (  7.4) 
 171     5472    43164 (  7.9)   162119 ( 29.6)    51458 (  9.4)    51057 (  9.3)    45803 (  8.4)    49113 (  9.0) 
 172     5924    43476 (  7.3)    65669 ( 11.1)    51602 (  8.7)    50984 (  8.6)    37351 (  6.3)    34365 (  5.8) 
 173     5867    44185 (  7.5)    68790 ( 11.7)    51674 (  8.8)    51257 (  8.7)    40310 (  6.9)    38201 (  6.5) 
 174     5562    43890 (  7.9)    67803 ( 12.2)    51868 (  9.3)    51722 (  9.3)    42708 (  7.7)    42658 (  7.7) 
 175     6113    43549 (  7.1)    68048 ( 11.1)    51143 (  8.4)    50528 (  8.3)    44980 (  7.4)    45850 (  7.5) 
 176     5948    43821 (  7.4)   185226 ( 31.1)    52178 (  8.8)    52001 (  8.7)    37877 (  6.4)    37996 (  6.4) 
 177     5782    45806 (  7.9)    72343 ( 12.5)    52740 (  9.1)    52578 (  9.1)    40033 (  6.9)    38219 (  6.6) 
 178     6249    47040 (  7.5)    69958 ( 11.2)    54131 (  8.7)    54350 (  8.7)    42279 (  6.8)    43275 (  6.9) 
 179     6267    47004 (  7.5)    72043 ( 11.5)    53951 (  8.6)    53607 (  8.6)    45502 (  7.3)    46634 (  7.4) 
 180     6231    46544 (  7.5)    72158 ( 11.6)    53722 (  8.6)    53166 (  8.5)    37800 (  6.1)    35258 (  5.7) 
 181     6470    46688 (  7.2)    72796 ( 11.3)    53538 (  8.3)    53605 (  8.3)    40323 (  6.2)    40786 (  6.3) 
 182     6418    46834 (  7.3)    75383 ( 11.7)    53826 (  8.4)    53410 (  8.3)    43207 (  6.7)    44539 (  6.9) 
 183     6433    46885 (  7.3)   164494 ( 25.6)    54192 (  8.4)    53965 (  8.4)    45976 (  7.1)    49993 (  7.8) 
 184     6161    46700 (  7.6)    78900 ( 12.8)    53595 (  8.7)    53353 (  8.7)    38226 (  6.2)    35349 (  5.7) 
 185     6695    47495 (  7.1)    78356 ( 11.7)    55058 (  8.2)    54493 (  8.1)    41371 (  6.2)    41105 (  6.1) 
 186     6649    47101 (  7.1)    72372 ( 10.9)    54263 (  8.2)    54176 (  8.1)    43257 (  6.5)    44374 (  6.7) 
 187     6652    48161 (  7.2)    74038 ( 11.1)    55350 (  8.3)    55081 (  8.3)    47302 (  7.1)    48794 (  7.3) 
 188     6343    47596 (  7.5)    74798 ( 11.8)    54836 (  8.6)    54607 (  8.6)    38437 (  6.1)    35385 (  5.6) 
 189     6888    47535 (  6.9)    76414 ( 11.1)    54339 (  7.9)    54679 (  7.9)    41901 (  6.1)    40914 (  5.9) 
 190     6862    47846 (  7.0)    74082 ( 10.8)    55319 (  8.1)    55176 (  8.0)    44538 (  6.5)    44522 (  6.5) 
 191     6862    47981 (  7.0)    74937 ( 10.9)    55495 (  8.1)    55371 (  8.1)    47870 (  7.0)    49255 (  7.2) 
 192     6996    47368 (  6.8)   214004 ( 30.6)    54900 (  7.8)    54883 (  7.8)    39216 (  5.6)    39280 (  5.6) 
 193     7123    49540 (  7.0)    87157 ( 12.2)    56790 (  8.0)    56909 (  8.0)    41768 (  5.9)    40482 (  5.7) 
 194     7107    49875 (  7.0)    79657 ( 11.2)    57260 (  8.1)    57167 (  8.0)    44304 (  6.2)    44085 (  6.2) 
 195     7153    50298 (  7.0)    79830 ( 11.2)    58276 (  8.1)    57272 (  8.0)    47466 (  6.6)    47766 (  6.7) 
 196     6827    50431 (  7.4)    80906 ( 11.9)    58094 (  8.5)    57347 (  8.4)    42403 (  6.2)    39417 (  5.8) 
 197     7389    50735 (  6.9)   162804 ( 22.0)    57927 (  7.8)    57763 (  7.8)    45946 (  6.2)    46707 (  6.3) 
 198     7373    50862 (  6.9)    87675 ( 11.9)    57977 (  7.9)    57906 (  7.9)    49350 (  6.7)    49316 (  6.7) 
 199     7388    51020 (  6.9)    81226 ( 11.0)    58289 (  7.9)    58089 (  7.9)    52853 (  7.2)    52406 (  7.1) 
 200     7116    50903 (  7.2)    81903 ( 11.5)    57947 (  8.1)    57927 (  8.1)    41779 (  5.9)    38374 (  5.4) 
 201     7642    50994 (  6.7)    81474 ( 10.7)    58051 (  7.6)    57999 (  7.6)    45853 (  6.0)    45206 (  5.9) 
 202     7633    51289 (  6.7)    82201 ( 10.8)    57955 (  7.6)    58445 (  7.7)    49389 (  6.5)    50895 (  6.7) 
 203     7636    51498 (  6.7)    82345 ( 10.8)    58653 (  7.7)    58567 (  7.7)    52715 (  6.9)    53689 (  7.0) 
 204     7656    51783 (  6.8)    82924 ( 10.8)    58997 (  7.7)    58828 (  7.7)    41970 (  5.5)    41030 (  5.4) 
 205     7437    51798 (  7.0)   212694 ( 28.6)    58817 (  7.9)    58842 (  7.9)    47117 (  6.3)    48422 (  6.5) 
 206     7941    51942 (  6.5)    83674 ( 10.5)    59047 (  7.4)    59123 (  7.4)    49678 (  6.3)    50608 (  6.4) 
 207     7972    52118 (  6.5)    89326 ( 11.2)    59296 (  7.4)    59336 (  7.4)    54289 (  6.8)    55417 (  7.0) 
 208     7871    51616 (  6.6)   249906 ( 31.8)    58985 (  7.5)    59138 (  7.5)    41984 (  5.3)    42171 (  5.4) 
 209     8015    54287 (  6.8)    95201 ( 11.9)    61181 (  7.6)    61266 (  7.6)    46110 (  5.8)    47220 (  5.9) 
 210     7729    54585 (  7.1)    86333 ( 11.2)    61550 (  8.0)    61557 (  8.0)    49702 (  6.4)    50753 (  6.6) 
 211     8292    54894 (  6.6)    92348 ( 11.1)    62001 (  7.5)    61884 (  7.5)    53335 (  6.4)    56859 (  6.9) 
 212     8327    55211 (  6.6)    87262 ( 10.5)    62163 (  7.5)    62180 (  7.5)    42750 (  5.1)    40072 (  4.8) 
 213     8375    55182 (  6.6)    89053 ( 10.6)    62256 (  7.4)    62212 (  7.4)    46706 (  5.6)    46779 (  5.6) 
 214     8328    55140 (  6.6)    99401 ( 11.9)    62330 (  7.5)    62370 (  7.5)    50213 (  6.0)    52146 (  6.3) 
 215     8402    55291 (  6.6)    89631 ( 10.7)    62537 (  7.4)    62581 (  7.4)    55349 (  6.6)    56946 (  6.8) 
 216     8157    55348 (  6.8)    93413 ( 11.5)    62329 (  7.6)    62362 (  7.6)    42776 (  5.2)    40355 (  4.9) 
 217     8702    55436 (  6.4)   111706 ( 12.8)    62462 (  7.2)    62458 (  7.2)    47309 (  5.4)    47569 (  5.5) 
 218     8740    55544 (  6.4)    88551 ( 10.1)    62733 (  7.2)    62760 (  7.2)    50830 (  5.8)    52025 (  6.0) 
 219     8770    55855 (  6.4)   104076 ( 11.9)    63148 (  7.2)    63021 (  7.2)    54824 (  6.3)    58357 (  6.7) 
 220     8798    56148 (  6.4)    96526 ( 11.0)    63309 (  7.2)    63318 (  7.2)    42808 (  4.9)    43248 (  4.9) 
 221     8822    56310 (  6.4)    91973 ( 10.4)    63233 (  7.2)    63392 (  7.2)    47900 (  5.4)    48694 (  5.5) 
 222     8845    56521 (  6.4)   118263 ( 13.4)    63595 (  7.2)    63704 (  7.2)    51378 (  5.8)    54574 (  6.2) 
 223     8669    56450 (  6.5)    97590 ( 11.3)    63749 (  7.4)    63881 (  7.4)    55752 (  6.4)    58910 (  6.8) 
 224     9077    56186 (  6.2)   284929 ( 31.4)    63677 (  7.0)    63692 (  7.0)    43067 (  4.7)    43732 (  4.8) 
 225     9226    58961 (  6.4)   101626 ( 11.0)    65877 (  7.1)    65989 (  7.2)    48226 (  5.2)    49861 (  5.4) 
 226     9267    59333 (  6.4)   126941 ( 13.7)    66295 (  7.2)    66354 (  7.2)    51730 (  5.6)    54776 (  5.9) 
 227     9315    59645 (  6.4)   109032 ( 11.7)    66723 (  7.2)    66632 (  7.2)    56069 (  6.0)    59214 (  6.4) 
 228     9369    59969 (  6.4)   106714 ( 11.4)    67016 (  7.2)    66959 (  7.1)    43721 (  4.7)    44217 (  4.7) 
 229     9426    60128 (  6.4)    98193 ( 10.4)    67022 (  7.1)    67161 (  7.1)    47259 (  5.0)    48064 (  5.1) 
 230     9444    60158 (  6.4)   101557 ( 10.8)    67275 (  7.1)    67197 (  7.1)    51891 (  5.5)    55114 (  5.8) 
 231     9239    60320 (  6.5)   133760 ( 14.5)    67361 (  7.3)    67346 (  7.3)    56092 (  6.1)    59031 (  6.4) 
 232     9275    60161 (  6.5)   100729 ( 10.9)    67161 (  7.2)    67179 (  7.2)    43093 (  4.6)    42743 (  4.6) 
 233     9340    60309 (  6.5)   133087 ( 14.2)    67274 (  7.2)    67313 (  7.2)    48090 (  5.1)    50237 (  5.4) 
 234     9884    60595 (  6.1)   102870 ( 10.4)    67587 (  6.8)    67634 (  6.8)    52321 (  5.3)    55505 (  5.6) 
 235     9970    60928 (  6.1)   117552 ( 11.8)    68031 (  6.8)    67925 (  6.8)    56763 (  5.7)    60333 (  6.1) 
 236    10004    61261 (  6.1)   101132 ( 10.1)    68206 (  6.8)    68245 (  6.8)    43863 (  4.4)    44473 (  4.4) 
 237    10052    61256 (  6.1)   100797 ( 10.0)    68159 (  6.8)    68281 (  6.8)    48402 (  4.8)    50024 (  5.0) 
 238    10087    61426 (  6.1)   121337 ( 12.0)    68729 (  6.8)    68607 (  6.8)    53310 (  5.3)    56351 (  5.6) 
 239    10186    61598 (  6.0)   219018 ( 21.5)    68866 (  6.8)    68852 (  6.8)    56700 (  5.6)    61237 (  6.0) 
 240    10102    61080 (  6.0)   325303 ( 32.2)    68418 (  6.8)    68545 (  6.8)    44114 (  4.4)    44544 (  4.4) 
 241    10272    64097 (  6.2)   217041 ( 21.1)    70921 (  6.9)    71049 (  6.9)    49304 (  4.8)    51092 (  5.0) 
 242    10351    64610 (  6.2)   129008 ( 12.5)    71496 (  6.9)    71535 (  6.9)    53065 (  5.1)    58334 (  5.6) 
 243    10419    64765 (  6.2)   117361 ( 11.3)    71814 (  6.9)    71714 (  6.9)    57567 (  5.5)    62020 (  6.0) 
 244    10504    65281 (  6.2)   114462 ( 10.9)    72213 (  6.9)    72236 (  6.9)    44838 (  4.3)    45300 (  4.3) 
 245    10280    65081 (  6.3)   124426 ( 12.1)    72012 (  7.0)    72053 (  7.0)    49323 (  4.8)    51665 (  5.0) 
 246    10324    65342 (  6.3)   120509 ( 11.7)    72172 (  7.0)    72250 (  7.0)    53755 (  5.2)    57129 (  5.5) 
 247    10407    65508 (  6.3)   134601 ( 12.9)    72483 (  7.0)    72451 (  7.0)    58073 (  5.6)    61989 (  6.0) 
 248    10478    65290 (  6.2)   108165 ( 10.3)    72142 (  6.9)    72266 (  6.9)    44611 (  4.3)    44597 (  4.3) 
 249    10562    65444 (  6.2)   141161 ( 13.4)    72243 (  6.8)    72394 (  6.9)    49823 (  4.7)    51105 (  4.8) 
 250    10631    65796 (  6.2)   137842 ( 13.0)    72637 (  6.8)    72745 (  6.8)    54966 (  5.2)    58454 (  5.5) 
 251    10694    66116 (  6.2)   174032 ( 16.3)    73240 (  6.8)    73073 (  6.8)    58838 (  5.5)    62544 (  5.8) 
 252    10748    66491 (  6.2)   109890 ( 10.2)    73436 (  6.8)    73442 (  6.8)    46417 (  4.3)    46308 (  4.3) 
 253    10852    66454 (  6.1)   128967 ( 11.9)    73361 (  6.8)    73466 (  6.8)    52121 (  4.8)    53552 (  4.9) 
 254    10874    66662 (  6.1)   109105 ( 10.0)    73748 (  6.8)    73818 (  6.8)    55138 (  5.1)    57988 (  5.3) 
 255    10967    66843 (  6.1)   111358 ( 10.2)    73898 (  6.7)    74039 (  6.8)    59353 (  5.4)    61543 (  5.6) 
 256    11471    66319 (  5.8)   364154 ( 31.7)    73762 (  6.4)    73797 (  6.4)    46256 (  4.0)    45487 (  4.0) 
 257    11131    69225 (  6.2)   390342 ( 35.1)    76421 (  6.9)    76513 (  6.9)    51226 (  4.6)    52179 (  4.7) 
 258    11202    69568 (  6.2)   242293 ( 21.6)    76813 (  6.9)    76911 (  6.9)    55797 (  5.0)    58631 (  5.2) 
 259    11325    69975 (  6.2)   220524 ( 19.5)    77358 (  6.8)    77214 (  6.8)    60200 (  5.3)    64877 (  5.7) 
 260    11388    70271 (  6.2)   179399 ( 15.8)    77666 (  6.8)    77592 (  6.8)    53251 (  4.7)    52281 (  4.6) 
 261    11497    70643 (  6.1)   238214 ( 20.7)    77537 (  6.7)    77593 (  6.7)    58080 (  5.1)    58669 (  5.1) 
 262    11578    70824 (  6.1)   199688 ( 17.2)    77821 (  6.7)    77820 (  6.7)    61200 (  5.3)    64088 (  5.5) 
 263    11695    71013 (  6.1)   209259 ( 17.9)    78039 (  6.7)    78018 (  6.7)    63931 (  5.5)    67667 (  5.8) 
 264    11770    70810 (  6.0)   196024 ( 16.7)    77764 (  6.6)    77811 (  6.6)    52049 (  4.4)    51133 (  4.3) 
 265    11851    70927 (  6.0)   231069 ( 19.5)    77882 (  6.6)    77944 (  6.6)    57743 (  4.9)    58510 (  4.9) 
 266    11928    71313 (  6.0)   230584 ( 19.3)    78254 (  6.6)    78315 (  6.6)    61509 (  5.2)    64385 (  5.4) 
 267    12047    71414 (  5.9)   214032 ( 17.8)    78789 (  6.5)    78633 (  6.5)    64051 (  5.3)    68148 (  5.7) 
 268    12399    71796 (  5.8)   228618 ( 18.4)    78978 (  6.4)    78957 (  6.4)    52739 (  4.3)    52510 (  4.2) 
 269    12490    72005 (  5.8)   245236 ( 19.6)    78918 (  6.3)    79005 (  6.3)    57493 (  4.6)    59271 (  4.7) 
 270    12549    71969 (  5.7)   254639 ( 20.3)    79356 (  6.3)    79356 (  6.3)    61394 (  4.9)    63827 (  5.1) 
 271    12678    83650 (  6.6)   249777 ( 19.7)    79585 (  6.3)    79616 (  6.3)    64701 (  5.1)    68335 (  5.4) 
 272    12661    74311 (  5.9)   411627 ( 32.5)    79146 (  6.3)    79389 (  6.3)    52777 (  4.2)    52039 (  4.1) 
 273    12903    77422 (  6.0)   268327 ( 20.8)    82041 (  6.4)    82235 (  6.4)    59370 (  4.6)    59785 (  4.6) 
 274    12963    77696 (  6.0)   286915 ( 22.1)    82400 (  6.4)    82565 (  6.4)    61788 (  4.8)    65949 (  5.1) 
 275    13074    80054 (  6.1)   367394 ( 28.1)    83075 (  6.4)    82998 (  6.3)    65399 (  5.0)    69280 (  5.3) 
 276    13213    79601 (  6.0)   318417 ( 24.1)    83427 (  6.3)    83396 (  6.3)    53666 (  4.1)    53179 (  4.0) 
 277    13325    81942 (  6.1)   299339 ( 22.5)    83346 (  6.3)    83391 (  6.3)    58115 (  4.4)    59732 (  4.5) 
 278    13387    79678 (  6.0)   342245 ( 25.6)    83549 (  6.2)    83621 (  6.2)    62430 (  4.7)    65033 (  4.9) 
 279    13016    80200 (  6.2)   283853 ( 21.8)    83784 (  6.4)    83842 (  6.4)    65665 (  5.0)    69406 (  5.3) 
 280    13121    78853 (  6.0)   373999 ( 28.5)    83483 (  6.4)    83585 (  6.4)    53194 (  4.1)    53077 (  4.0) 
 281    13238    78848 (  6.0)   353583 ( 26.7)    83690 (  6.3)    83801 (  6.3)    58774 (  4.4)    59413 (  4.5) 
 282    13595    80471 (  5.9)   333436 ( 24.5)    84088 (  6.2)    84135 (  6.2)    62891 (  4.6)    65979 (  4.9) 
 283    13712    86338 (  6.3)   451760 ( 32.9)    84749 (  6.2)    84533 (  6.2)    66023 (  4.8)    70340 (  5.1) 
 284    13840    86879 (  6.3)   324900 ( 23.5)    84943 (  6.1)    84889 (  6.1)    55472 (  4.0)    54631 (  3.9) 
 285    13954    86028 (  6.2)   380974 ( 27.3)    84804 (  6.1)    84892 (  6.1)    59519 (  4.3)    60843 (  4.4) 
 286    14067    86372 (  6.1)   334109 ( 23.8)    85261 (  6.1)    85317 (  6.1)    62395 (  4.4)    65584 (  4.7) 
 287    14190    86539 (  6.1)   443962 ( 31.3)    85492 (  6.0)    85512 (  6.0)    66448 (  4.7)    70362 (  5.0) 
 288    14198    87295 (  6.1)   458123 ( 32.3)    85083 (  6.0)    85249 (  6.0)    55475 (  3.9)    54931 (  3.9) 
 289    13906    89651 (  6.4)   470660 ( 33.8)    88178 (  6.3)    88291 (  6.3)    59472 (  4.3)    60160 (  4.3) 
 290    14285    90838 (  6.4)   354312 ( 24.8)    88535 (  6.2)    88711 (  6.2)    63518 (  4.4)    66579 (  4.7) 
 291    14415    90005 (  6.2)   417965 ( 29.0)    89236 (  6.2)    89061 (  6.2)    66889 (  4.6)    71477 (  5.0) 
 292    14555    90234 (  6.2)   384415 ( 26.4)    89601 (  6.2)    89511 (  6.1)    56357 (  3.9)    55419 (  3.8) 
 293    14689    91263 (  6.2)   391343 ( 26.6)    89471 (  6.1)    89579 (  6.1)    59985 (  4.1)    61392 (  4.2) 
 294    14811    91854 (  6.2)   481245 ( 32.5)    89731 (  6.1)    89789 (  6.1)    63993 (  4.3)    66840 (  4.5) 
 295    14951    90437 (  6.0)   439596 ( 29.4)    90046 (  6.0)    90008 (  6.0)    67469 (  4.5)    71384 (  4.8) 
 296    14557    89950 (  6.2)   496197 ( 34.1)    89689 (  6.2)    89729 (  6.2)    55026 (  3.8)    54177 (  3.7) 
 297    14961    92352 (  6.2)   497717 ( 33.3)    89853 (  6.0)    89864 (  6.0)    60365 (  4.0)    61556 (  4.1) 
 298    15068    89462 (  5.9)   420440 ( 27.9)    90241 (  6.0)    90296 (  6.0)    64067 (  4.3)    67496 (  4.5) 
 299    15248    92826 (  6.1)   405011 ( 26.6)    90930 (  6.0)    90709 (  5.9)    67672 (  4.4)    71927 (  4.7) 
 300    15366    91401 (  5.9)   502857 ( 32.7)    91145 (  5.9)    91103 (  5.9)    56760 (  3.7)    55608 (  3.6) 
 301    15485    89160 (  5.8)   447610 ( 28.9)    91059 (  5.9)    91132 (  5.9)    60873 (  3.9)    62011 (  4.0) 
 302    15079    91924 (  6.1)   506136 ( 33.6)    91481 (  6.1)    91535 (  6.1)    64675 (  4.3)    67633 (  4.5) 
 303    15526    91525 (  5.9)   454178 ( 29.3)    91705 (  5.9)    91797 (  5.9)    68311 (  4.4)    72528 (  4.7) 
 304    15546    90291 (  5.8)   508835 ( 32.7)    91372 (  5.9)    91491 (  5.9)    56498 (  3.6)    55448 (  3.6) 
 305    15807    93499 (  5.9)   476165 ( 30.1)    94555 (  6.0)    94709 (  6.0)    62111 (  3.9)    62868 (  4.0) 
 306    15934    92998 (  5.8)   538305 ( 33.8)    95032 (  6.0)    95101 (  6.0)    65133 (  4.1)    68171 (  4.3) 
 307    15612    94576 (  6.1)   318789 ( 20.4)    95669 (  6.1)    95480 (  6.1)    68459 (  4.4)    73138 (  4.7) 
 308    15986    95699 (  6.0)   508907 ( 31.8)    96063 (  6.0)    95963 (  6.0)    57243 (  3.6)    56177 (  3.5) 
 309    16130    94677 (  5.9)   543362 ( 33.7)    95958 (  5.9)    96021 (  6.0)    61843 (  3.8)    62782 (  3.9) 
 310    16273    94373 (  5.8)   519633 ( 31.9)    96236 (  5.9)    96195 (  5.9)    65057 (  4.0)    68331 (  4.2) 
 311    16449    93451 (  5.7)   491434 ( 29.9)    96420 (  5.9)    96441 (  5.9)    69295 (  4.2)    73108 (  4.4) 
 312    16078    95388 (  5.9)   548163 ( 34.1)    96147 (  6.0)    96218 (  6.0)    56516 (  3.5)    56091 (  3.5) 
 313    16507    94592 (  5.7)   549759 ( 33.3)    96342 (  5.8)    96411 (  5.8)    62115 (  3.8)    62644 (  3.8) 
 314    16647    94949 (  5.7)   551644 ( 33.1)    96803 (  5.8)    96829 (  5.8)    66003 (  4.0)    69697 (  4.2) 
 315    16853    94202 (  5.6)   403306 ( 23.9)    97471 (  5.8)    97241 (  5.8)    69546 (  4.1)    74003 (  4.4) 
 316    16424    95087 (  5.8)   555149 ( 33.8)    97697 (  5.9)    97617 (  5.9)    57955 (  3.5)    57464 (  3.5) 
 317    16876    94822 (  5.6)   556749 ( 33.0)    97646 (  5.8)    97704 (  5.8)    62220 (  3.7)    63193 (  3.7) 
 318    17024    96491 (  5.7)   558544 ( 32.8)    98087 (  5.8)    98132 (  5.8)    66023 (  3.9)    69270 (  4.1) 
 319    17203    96036 (  5.6)   558598 ( 32.5)    98314 (  5.7)    98403 (  5.7)    70049 (  4.1)    74613 (  4.3) 
 320    17240    95696 (  5.6)   559336 ( 32.4)    97969 (  5.7)    98101 (  5.7)    57895 (  3.4)    56868 (  3.3) 
 321    17257    98663 (  5.7)   590186 ( 34.2)   101312 (  5.9)   101435 (  5.9)    64446 (  3.7)    64758 (  3.8) 
 322    17423    99336 (  5.7)   592193 ( 34.0)   101731 (  5.8)   101882 (  5.8)    66619 (  3.8)    69768 (  4.0) 
 323    17615    99612 (  5.7)   594074 ( 33.7)   102502 (  5.8)   102293 (  5.8)    70255 (  4.0)    75221 (  4.3) 
 324    17237    99685 (  5.8)   595892 ( 34.6)   102900 (  6.0)   102823 (  6.0)    63625 (  3.7)    62094 (  3.6) 
 325    17692    99476 (  5.6)   597790 ( 33.8)   102762 (  5.8)   102923 (  5.8)    68661 (  3.9)    68975 (  3.9) 
 326    17850    99805 (  5.6)   561889 ( 31.5)   103050 (  5.8)   103104 (  5.8)    71938 (  4.0)    74430 (  4.2) 
 327    18054   100052 (  5.5)   575051 ( 31.9)   103360 (  5.7)   103388 (  5.7)    75940 (  4.2)    79740 (  4.4) 
 328    17714   100200 (  5.7)   602792 ( 34.0)   103178 (  5.8)   103281 (  5.8)    63771 (  3.6)    61597 (  3.5) 
 329    18113   100347 (  5.5)   416474 ( 23.0)   103163 (  5.7)   103253 (  5.7)    68709 (  3.8)    68634 (  3.8) 
 330    18316   100495 (  5.5)   606530 ( 33.1)   103635 (  5.7)   103682 (  5.7)    72467 (  4.0)    75616 (  4.1) 
 331    18462   101859 (  5.5)   608336 ( 33.0)   104328 (  5.7)   104104 (  5.6)    76331 (  4.1)    80656 (  4.4) 
 332    18384   101777 (  5.5)   610109 ( 33.2)   104553 (  5.7)   104519 (  5.7)    64623 (  3.5)    62692 (  3.4) 
 333    18629   101212 (  5.4)   572143 ( 30.7)   104509 (  5.6)   104584 (  5.6)    69150 (  3.7)    69605 (  3.7) 
 334    18739   103054 (  5.5)   613606 ( 32.7)   105008 (  5.6)   105061 (  5.6)    72752 (  3.9)    75157 (  4.0) 
 335    18429   102408 (  5.6)   612984 ( 33.3)   105228 (  5.7)   105292 (  5.7)    76579 (  4.2)    80707 (  4.4) 
 336    18747   102307 (  5.5)   616885 ( 32.9)   104812 (  5.6)   104997 (  5.6)    64384 (  3.4)    62129 (  3.3) 
 337    19067   105315 (  5.5)   647228 ( 33.9)   108442 (  5.7)   108522 (  5.7)    69686 (  3.7)    69580 (  3.6) 
 338    18718   105953 (  5.7)   649262 ( 34.7)   109021 (  5.8)   109149 (  5.8)    73420 (  3.9)    76353 (  4.1) 
 339    19191   106996 (  5.6)   651112 ( 33.9)   109790 (  5.7)   109617 (  5.7)    77160 (  4.0)    81881 (  4.3) 
 340    19363   106765 (  5.5)   653024 ( 33.7)   110005 (  5.7)   109915 (  5.7)    65299 (  3.4)    63539 (  3.3) 
 341    19067   107036 (  5.6)   441003 ( 23.1)   109874 (  5.8)   109950 (  5.8)    69894 (  3.7)    70386 (  3.7) 
 342    19443   107712 (  5.5)   601390 ( 30.9)   110228 (  5.7)   110266 (  5.7)    73376 (  3.8)    76151 (  3.9) 
 343    19707   107532 (  5.5)   658429 ( 33.4)   110436 (  5.6)   110456 (  5.6)    77524 (  3.9)    81767 (  4.1) 
 344    19386   107282 (  5.5)   660097 ( 34.1)   110143 (  5.7)   110184 (  5.7)    65042 (  3.4)    62880 (  3.2) 
 345    19804   107992 (  5.5)   644493 ( 32.5)   110300 (  5.6)   110383 (  5.6)    70165 (  3.5)    70311 (  3.6) 
 346    20010   107956 (  5.4)   664020 ( 33.2)   110782 (  5.5)   110834 (  5.5)    73950 (  3.7)    77286 (  3.9) 
 347    19696   108181 (  5.5)   665976 ( 33.8)   111592 (  5.7)   111315 (  5.7)    77862 (  4.0)    82744 (  4.2) 
 348    20197   108888 (  5.4)   667777 ( 33.1)   111819 (  5.5)   111766 (  5.5)    66000 (  3.3)    64062 (  3.2) 
 349    20366   108931 (  5.3)   534464 ( 26.2)   111661 (  5.5)   111770 (  5.5)    70373 (  3.5)    70895 (  3.5) 
 350    20289   109043 (  5.4)   671587 ( 33.1)   112296 (  5.5)   112353 (  5.5)    74109 (  3.7)    76912 (  3.8) 
 351    20498   110042 (  5.4)   673247 ( 32.8)   112530 (  5.5)   112580 (  5.5)    78120 (  3.8)    82450 (  4.0) 
 352    20633   109497 (  5.3)   674019 ( 32.7)   112288 (  5.4)   112403 (  5.4)    66686 (  3.2)    64556 (  3.1) 
 353    20647   113614 (  5.5)   706679 ( 34.2)   115796 (  5.6)   115932 (  5.6)    71047 (  3.4)    70928 (  3.4) 
 354    20862   114176 (  5.5)   708794 ( 34.0)   116325 (  5.6)   116400 (  5.6)    74688 (  3.6)    77930 (  3.7) 
 355    20561   113558 (  5.5)   710797 ( 34.6)   117103 (  5.7)   116915 (  5.7)    78804 (  3.8)    83779 (  4.1) 
 356    21039   115448 (  5.5)   712858 ( 33.9)   117493 (  5.6)   117508 (  5.6)    66541 (  3.2)    64746 (  3.1) 
 357    21296   114585 (  5.4)   714744 ( 33.6)   117582 (  5.5)   117636 (  5.5)    71422 (  3.4)    71917 (  3.4) 
 358    21232   115240 (  5.4)   678402 ( 32.0)   117639 (  5.5)   117711 (  5.5)    74928 (  3.5)    77829 (  3.7) 
 359    21417   114829 (  5.4)   718524 ( 33.5)   117982 (  5.5)   118008 (  5.5)    79182 (  3.7)    83588 (  3.9) 
 360    21116   115551 (  5.5)   720097 ( 34.1)   117668 (  5.6)   117713 (  5.6)    66311 (  3.1)    64167 (  3.0) 
 361    21622   114910 (  5.3)   721905 ( 33.4)   117836 (  5.4)   117896 (  5.5)    71527 (  3.3)    71704 (  3.3) 
 362    21806   116164 (  5.3)   723950 ( 33.2)   118316 (  5.4)   118381 (  5.4)    75600 (  3.5)    78925 (  3.6) 
 363    21788   117268 (  5.4)   726012 ( 33.3)   119081 (  5.5)   118836 (  5.5)    79776 (  3.7)    85878 (  3.9) 
 364    22007   117330 (  5.3)   728003 ( 33.1)   119449 (  5.4)   119383 (  5.4)    67435 (  3.1)    65450 (  3.0) 
 365    21711   117100 (  5.4)   730240 ( 33.6)   119268 (  5.5)   119361 (  5.5)    71941 (  3.3)    72598 (  3.3) 
 366    22166   116521 (  5.3)   732089 ( 33.0)   119857 (  5.4)   119921 (  5.4)    75951 (  3.4)    78832 (  3.6) 
 367    21915   116907 (  5.3)   733841 ( 33.5)   120124 (  5.5)   120157 (  5.5)    80305 (  3.7)    84614 (  3.9) 
 368    22274   117138 (  5.3)   735565 ( 33.0)   119689 (  5.4)   119839 (  5.4)    66781 (  3.0)    64622 (  2.9) 
 369    22607   121456 (  5.4)   768863 ( 34.0)   123579 (  5.5)   123703 (  5.5)    72608 (  3.2)    72390 (  3.2) 
 370    22567   122011 (  5.4)   771052 ( 34.2)   124027 (  5.5)   124181 (  5.5)    76476 (  3.4)    79848 (  3.5) 
 371    22835   121577 (  5.3)   773137 ( 33.9)   124887 (  5.5)   124709 (  5.5)    80707 (  3.5)    86015 (  3.8) 
 372    22788   123897 (  5.4)   775212 ( 34.0)   125290 (  5.5)   125376 (  5.5)    68173 (  3.0)    66042 (  2.9) 
 373    23034   122006 (  5.3)   777201 ( 33.7)   125229 (  5.4)   125281 (  5.4)    72660 (  3.2)    73561 (  3.2) 
 374    22766   123667 (  5.4)   779241 ( 34.2)   125534 (  5.5)   125618 (  5.5)    76621 (  3.4)    79894 (  3.5) 
 375    23241   124230 (  5.3)   781247 ( 33.6)   125759 (  5.4)   125808 (  5.4)    81007 (  3.5)    85846 (  3.7) 
 376    22963   123287 (  5.4)   782980 ( 34.1)   125462 (  5.5)   125489 (  5.5)    67659 (  2.9)    65563 (  2.9) 
 377    23477   124287 (  5.3)   784929 ( 33.4)   125715 (  5.4)   125726 (  5.4)    73095 (  3.1)    73375 (  3.1) 
 378    23170   124397 (  5.4)   787187 ( 34.0)   126174 (  5.4)   126233 (  5.4)    77266 (  3.3)    80813 (  3.5) 
 379    23707   124406 (  5.2)   789302 ( 33.3)   127056 (  5.4)   126742 (  5.3)    81781 (  3.4)    86948 (  3.7) 
 380    23418   125458 (  5.4)   791362 ( 33.8)   127282 (  5.4)   127220 (  5.4)    68817 (  2.9)    66967 (  2.9) 
 381    23924   125260 (  5.2)   793270 ( 33.2)   127224 (  5.3)   127263 (  5.3)    73216 (  3.1)    73742 (  3.1) 
 382    23593   125721 (  5.3)   795317 ( 33.7)   127761 (  5.4)   127802 (  5.4)    77206 (  3.3)    80208 (  3.4) 
 383    24152   126248 (  5.2)   797270 ( 33.0)   128017 (  5.3)   128092 (  5.3)    81525 (  3.4)    86407 (  3.6) 
 384    24271   126225 (  5.2)   796262 ( 32.8)   127563 (  5.3)   127734 (  5.3)    67548 (  2.8)    65494 (  2.7) 
 385    24393   130618 (  5.4)   833537 ( 34.2)   131664 (  5.4)   131807 (  5.4)    73539 (  3.0)    73778 (  3.0) 
 386    24076   131826 (  5.5)   835978 ( 34.7)   132194 (  5.5)   132332 (  5.5)    77467 (  3.2)    81056 (  3.4) 
 387    24646   131343 (  5.3)   838115 ( 34.0)   133029 (  5.4)   132829 (  5.4)    82387 (  3.3)    87669 (  3.6) 
 388    24375   131132 (  5.4)   840251 ( 34.5)   133524 (  5.5)   133433 (  5.5)    74808 (  3.1)    72264 (  3.0) 
 389    24904   132177 (  5.3)   842388 ( 33.8)   133331 (  5.4)   133400 (  5.4)    79629 (  3.2)    80004 (  3.2) 
 390    24606   132098 (  5.4)   844386 ( 34.3)   133709 (  5.4)   133757 (  5.4)    83742 (  3.4)    86467 (  3.5) 
 391    25157   132240 (  5.3)   846399 ( 33.6)   133955 (  5.3)   133994 (  5.3)    88376 (  3.5)    92558 (  3.7) 
 392    24878   131324 (  5.3)   848243 ( 34.1)   133634 (  5.4)   133674 (  5.4)    74227 (  3.0)    71570 (  2.9) 
 393    25401   132287 (  5.2)   850468 ( 33.5)   133878 (  5.3)   133924 (  5.3)    79831 (  3.1)    79595 (  3.1) 
 394    25161   132248 (  5.3)   852839 ( 33.9)   134374 (  5.3)   134438 (  5.3)    84217 (  3.3)    87705 (  3.5) 
 395    25661   133087 (  5.2)   854929 ( 33.3)   135289 (  5.3)   134981 (  5.3)    88757 (  3.5)    93772 (  3.7) 
 396    25661   133650 (  5.2)   857317 ( 33.4)   135577 (  5.3)   135453 (  5.3)    75371 (  2.9)    72980 (  2.8) 
 397    25949   134141 (  5.2)   859238 ( 33.1)   135437 (  5.2)   135526 (  5.2)    80237 (  3.1)    80503 (  3.1) 
 398    25910   134654 (  5.2)   861321 ( 33.2)   135967 (  5.2)   136055 (  5.3)    84422 (  3.3)    87214 (  3.4) 
 399    26243   134120 (  5.1)   863498 ( 32.9)   136375 (  5.2)   136388 (  5.2)    89279 (  3.4)    93685 (  3.6) 
# ...the end 
