# starting test: OpenMP ON with 32 threads... 
# sN[S/L] = stride-N [store/load] 
# pur  = pragma unroll 
# mur  = manual unroll 
# murv = manual unroll and vectorize 
# timing in cycles (ratio relative to memcpy) 
 # n   memcpy        loop copy      basic + s1S      basic + s1L    pur 4x4 + s1L    mur 4x4 + s1L   murv 4x4 + s1L 
   2       99      186 (  1.9)      194 (  2.0)      214 (  2.2)      206 (  2.1)    80745 (815.6)     1844 ( 18.6) 
   3      109      251 (  2.3)      299 (  2.7)      303 (  2.8)      278 (  2.6)     1915 ( 17.6)     1812 ( 16.6) 
   4       76      325 (  4.3)      401 (  5.3)      415 (  5.5)      402 (  5.3)     2435 ( 32.0)     2063 ( 27.1) 
   5      117      454 (  3.9)      458 (  3.9)      447 (  3.8)      439 (  3.8)     2477 ( 21.2)     2218 ( 19.0) 
   6      125      579 (  4.6)      593 (  4.7)      578 (  4.6)      578 (  4.6)     2595 ( 20.8)     2350 ( 18.8) 
   7      159      724 (  4.6)      736 (  4.6)      722 (  4.5)      728 (  4.6)     2729 ( 17.2)     2508 ( 15.8) 
   8      149      760 (  5.1)      764 (  5.1)      749 (  5.0)      744 (  5.0)     2538 ( 17.0)     2228 ( 15.0) 
   9      184      907 (  4.9)      912 (  5.0)      897 (  4.9)      888 (  4.8)     2784 ( 15.1)     2474 ( 13.4) 
  10      190     1183 (  6.2)     1183 (  6.2)     1180 (  6.2)     1166 (  6.1)     3013 ( 15.9)     2677 ( 14.1) 
  11      219     1502 (  6.9)     1501 (  6.9)     1498 (  6.8)     1482 (  6.8)     3245 ( 14.8)     3001 ( 13.7) 
  12      325     1854 (  5.7)     1855 (  5.7)     1846 (  5.7)     1837 (  5.7)     2879 (  8.9)     2499 (  7.7) 
  13      341     1959 (  5.7)     1954 (  5.7)     1951 (  5.7)     1938 (  5.7)     3169 (  9.3)     2796 (  8.2) 
  14      344     2251 (  6.5)     2247 (  6.5)     2235 (  6.5)     2233 (  6.5)     3409 (  9.9)     3078 (  8.9) 
  15      363     2545 (  7.0)     2536 (  7.0)     2526 (  7.0)     2522 (  6.9)     3688 ( 10.2)     3425 (  9.4) 
  16      289     2634 (  9.1)     2616 (  9.1)     2605 (  9.0)     2601 (  9.0)     3259 ( 11.3)     2780 (  9.6) 
  17      373     2916 (  7.8)     2894 (  7.8)     2887 (  7.7)     2875 (  7.7)     3616 (  9.7)     3181 (  8.5) 
  18      385     3421 (  8.9)     3397 (  8.8)     3386 (  8.8)     3381 (  8.8)     3956 ( 10.3)     3512 (  9.1) 
  19      419     3969 (  9.5)     3942 (  9.4)     3940 (  9.4)     3925 (  9.4)     4284 ( 10.2)     3957 (  9.4) 
  20      395     4555 ( 11.5)     4523 ( 11.5)     4514 ( 11.4)     4505 ( 11.4)     4505 ( 11.4)     3594 (  9.1) 
  21      455     4721 ( 10.4)     4657 ( 10.2)     4663 ( 10.2)     4646 ( 10.2)     4822 ( 10.6)     4090 (  9.0) 
  22      445     5176 ( 11.6)     5113 ( 11.5)     5116 ( 11.5)     5106 ( 11.5)     5214 ( 11.7)     4466 ( 10.0) 
  23      448     5617 ( 12.5)     5549 ( 12.4)     5555 ( 12.4)     5540 ( 12.4)     5557 ( 12.4)     4906 ( 11.0) 
  24      420     5507 ( 13.1)     5435 ( 12.9)     5432 ( 12.9)     5418 ( 12.9)     5117 ( 12.2)     3989 (  9.5) 
  25      529     5911 ( 11.2)     5823 ( 11.0)     5829 ( 11.0)     5810 ( 11.0)     5679 ( 10.7)     4618 (  8.7) 
  26      486     6633 ( 13.6)     6545 ( 13.5)     6553 ( 13.5)     6535 ( 13.4)     5996 ( 12.3)     5076 ( 10.4) 
  27      549     7400 ( 13.5)     7306 ( 13.3)     7325 ( 13.3)     7293 ( 13.3)     6498 ( 11.8)     5752 ( 10.5) 
  28      516     8204 ( 15.9)     8105 ( 15.7)     8118 ( 15.7)     8092 ( 15.7)     5906 ( 11.4)     4715 (  9.1) 
  29      572     8393 ( 14.7)     8278 ( 14.5)     8300 ( 14.5)     8269 ( 14.5)     6295 ( 11.0)     5523 (  9.7) 
  30      549     9003 ( 16.4)     8888 ( 16.2)     8911 ( 16.2)     8885 ( 16.2)     7052 ( 12.8)     6006 ( 10.9) 
  31      601     9584 ( 15.9)     9462 ( 15.7)     9503 ( 15.8)     9533 ( 15.9)     7394 ( 12.3)     6807 ( 11.3) 
  32      433     9424 ( 21.8)     9282 ( 21.4)     9450 ( 21.8)     9583 ( 22.1)     7146 ( 16.5)     6204 ( 14.3) 
  33      523     9946 ( 19.0)     9792 ( 18.7)     9877 ( 18.9)    10668 ( 20.4)     8265 ( 15.8)     6713 ( 12.8) 
  34      636    10894 ( 17.1)    10731 ( 16.9)    12236 ( 19.2)    12466 ( 19.6)     8211 ( 12.9)     7539 ( 11.9) 
  35      699    11881 ( 17.0)    11709 ( 16.8)    13428 ( 19.2)    14522 ( 20.8)     9173 ( 13.1)     7940 ( 11.4) 
  36      696    12905 ( 18.5)    12724 ( 18.3)    14809 ( 21.3)    15736 ( 22.6)     8830 ( 12.7)     6739 (  9.7) 
  37      767    13125 ( 17.1)    12930 ( 16.9)    16647 ( 21.7)    16528 ( 21.5)    10089 ( 13.2)     8903 ( 11.6) 
  38      754    13898 ( 18.4)    13694 ( 18.2)    17585 ( 23.3)    18208 ( 24.1)    10410 ( 13.8)     8885 ( 11.8) 
  39      810    14619 ( 18.0)    14403 ( 17.8)    18153 ( 22.4)    17070 ( 21.1)    11924 ( 14.7)    10174 ( 12.6) 
  40      559    14394 ( 25.7)    14170 ( 25.3)    18439 ( 33.0)    18307 ( 32.7)     9956 ( 17.8)     7516 ( 13.4) 
  41      730    15040 ( 20.6)    14810 ( 20.3)    18298 ( 25.1)    18687 ( 25.6)    11994 ( 16.4)    10174 ( 13.9) 
  42      752    16212 ( 21.6)    15965 ( 21.2)    20640 ( 27.4)    20651 ( 27.5)    13911 ( 18.5)    11943 ( 15.9) 
  43      815    17418 ( 21.4)    17180 ( 21.1)    22354 ( 27.4)    21946 ( 26.9)    16335 ( 20.0)    14271 ( 17.5) 
  44      805    19296 ( 24.0)    19039 ( 23.7)    23631 ( 29.4)    23464 ( 29.1)    12296 ( 15.3)     9521 ( 11.8) 
  45      866    19549 ( 22.6)    18945 ( 21.9)    23285 ( 26.9)    23209 ( 26.8)    15850 ( 18.3)    12422 ( 14.3) 
  46      638    22834 ( 35.8)    22495 ( 35.3)    24889 ( 39.0)    24836 ( 38.9)    14962 ( 23.5)    13090 ( 20.5) 
  47      807    25899 ( 32.1)    32589 ( 40.4)    25174 ( 31.2)    25111 ( 31.1)    16922 ( 21.0)    15230 ( 18.9) 
  48      750    25745 ( 34.3)    37371 ( 49.8)    26538 ( 35.4)    26460 ( 35.3)    13469 ( 18.0)    10785 ( 14.4) 
  49      894    26834 ( 30.0)    37418 ( 41.9)    27035 ( 30.2)    26889 ( 30.1)    16572 ( 18.5)    13594 ( 15.2) 
  50      888    28453 ( 32.0)    40641 ( 45.8)    28707 ( 32.3)    28508 ( 32.1)    17914 ( 20.2)    16299 ( 18.4) 
  51      703    30041 ( 42.7)    49016 ( 69.7)    30099 ( 42.8)    30093 ( 42.8)    23358 ( 33.2)    19360 ( 27.5) 
  52      849    31698 ( 37.3)    44358 ( 52.2)    31947 ( 37.6)    31754 ( 37.4)    19426 ( 22.9)    15947 ( 18.8) 
  53      917    32291 ( 35.2)    44587 ( 48.6)    32454 ( 35.4)    32338 ( 35.3)    25997 ( 28.4)    20326 ( 22.2) 
  54      926    33634 ( 36.3)    40051 ( 43.3)    33690 ( 36.4)    33673 ( 36.4)    25277 ( 27.3)    20529 ( 22.2) 
  55      978    34888 ( 35.7)    44241 ( 45.2)    35183 ( 36.0)    34943 ( 35.7)    28080 ( 28.7)    21752 ( 22.2) 
  56      738    34673 ( 47.0)    56444 ( 76.5)    34908 ( 47.3)    34739 ( 47.1)    19885 ( 26.9)    15290 ( 20.7) 
  57      933    35929 ( 38.5)    64730 ( 69.4)    36231 ( 38.8)    35999 ( 38.6)    29992 ( 32.1)    22282 ( 23.9) 
  58      948    37807 ( 39.9)    60515 ( 63.8)    38059 ( 40.1)    37877 ( 40.0)    31251 ( 33.0)    25816 ( 27.2) 
  59      999    39644 ( 39.7)    64358 ( 64.4)    39877 ( 39.9)    39715 ( 39.8)    31387 ( 31.4)    25064 ( 25.1) 
  60      749    41554 ( 55.5)    65870 ( 87.9)    41735 ( 55.7)    41626 ( 55.6)    29845 ( 39.8)    23314 ( 31.1) 
  61      959    42224 ( 44.0)    66559 ( 69.4)    42454 ( 44.3)    42296 ( 44.1)    33113 ( 34.5)    26438 ( 27.6) 
  62      984    43756 ( 44.5)    69935 ( 71.1)    44039 ( 44.8)    43811 ( 44.5)    33035 ( 33.6)    26841 ( 27.3) 
  63     1029    45187 ( 43.9)    72701 ( 70.7)    45637 ( 44.4)    45257 ( 44.0)    33940 ( 33.0)    27535 ( 26.8) 
  64     1011    44943 ( 44.5)   346120 (342.4)    45020 ( 44.5)    45026 ( 44.5)    32580 ( 32.2)    23415 ( 23.2) 
  65     1006    46365 ( 46.1)    74722 ( 74.3)    46611 ( 46.3)    46454 ( 46.2)    33787 ( 33.6)    26103 ( 25.9) 
  66     1039    48498 ( 46.7)    78986 ( 76.0)    48837 ( 47.0)    48588 ( 46.8)    37180 ( 35.8)    30286 ( 29.1) 
  67     1098    50589 ( 46.1)    82027 ( 74.7)    50765 ( 46.2)    50678 ( 46.2)    38734 ( 35.3)    31347 ( 28.5) 
  68      884    52751 ( 59.7)    84420 ( 95.5)    53019 ( 60.0)    52841 ( 59.8)    41394 ( 46.8)    31574 ( 35.7) 
  69     1116    53501 ( 47.9)    85717 ( 76.8)    53742 ( 48.2)    53582 ( 48.0)    43538 ( 39.0)    33983 ( 30.5) 
  70     1166    55402 ( 47.5)    97002 ( 83.2)    55615 ( 47.7)    55462 ( 47.6)    44118 ( 37.8)    35436 ( 30.4) 
  71     1221    56821 ( 46.5)    91529 ( 75.0)    57134 ( 46.8)    56916 ( 46.6)    45745 ( 37.5)    34848 ( 28.5) 
  72      989    56556 ( 57.2)    93248 ( 94.3)    56889 ( 57.5)    56660 ( 57.3)    44229 ( 44.7)    32363 ( 32.7) 
  73     1205    58143 ( 48.3)    95655 ( 79.4)    58249 ( 48.3)    58251 ( 48.3)    45425 ( 37.7)    33950 ( 28.2) 
  74     1230    60535 ( 49.2)    99420 ( 80.8)    60806 ( 49.4)    60644 ( 49.3)    47155 ( 38.3)    37866 ( 30.8) 
  75     1317    62878 ( 47.7)   102898 ( 78.1)    63284 ( 48.1)    62985 ( 47.8)    48585 ( 36.9)    38639 ( 29.3) 
  76     1227    65289 ( 53.2)   105227 ( 85.8)    65648 ( 53.5)    65401 ( 53.3)    47073 ( 38.4)    36259 ( 29.6) 
  77     1307    66121 ( 50.6)   114936 ( 87.9)    66397 ( 50.8)    66220 ( 50.7)    49411 ( 37.8)    38549 ( 29.5) 
  78     1345    68026 ( 50.6)   111205 ( 82.7)    68185 ( 50.7)    68113 ( 50.6)    50090 ( 37.2)    40100 ( 29.8) 
  79     1192    69810 ( 58.6)   112844 ( 94.7)    69925 ( 58.7)    69919 ( 58.7)    51789 ( 43.4)    39390 ( 33.0) 
  80     1265    69509 ( 54.9)   115001 ( 90.9)    69652 ( 55.1)    69634 ( 55.0)    52544 ( 41.5)    36997 ( 29.2) 
  81     1382    71261 ( 51.6)   116744 ( 84.5)    71626 ( 51.8)    71394 ( 51.7)    52338 ( 37.9)    38725 ( 28.0) 
  82     1190    73911 ( 62.1)   121349 (102.0)    74130 ( 62.3)    74044 ( 62.2)    53246 ( 44.7)    42334 ( 35.6) 
  83     1414    76507 ( 54.1)   125525 ( 88.8)    76722 ( 54.3)    76638 ( 54.2)    54834 ( 38.8)    43794 ( 31.0) 
  84     1442    79170 ( 54.9)   128217 ( 88.9)    79319 ( 55.0)    79307 ( 55.0)    56812 ( 39.4)    42865 ( 29.7) 
  85     1296    80080 ( 61.8)   130941 (101.0)    80208 ( 61.9)    80202 ( 61.9)    59135 ( 45.6)    45132 ( 34.8) 
  86     1459    82175 ( 56.3)   136753 ( 93.7)    82313 ( 56.4)    82283 ( 56.4)    59986 ( 41.1)    46081 ( 31.6) 
  87     1507    84132 ( 55.8)   137085 ( 91.0)    84274 ( 55.9)    84268 ( 55.9)    61715 ( 41.0)    45925 ( 30.5) 
  88     1321    83804 ( 63.4)   138829 (105.1)    84039 ( 63.6)    83954 ( 63.6)    59117 ( 44.8)    43196 ( 32.7) 
  89     1566    85722 ( 54.7)   141458 ( 90.3)    85957 ( 54.9)    85879 ( 54.8)    62217 ( 39.7)    45506 ( 29.1) 
  90     1574    88629 ( 56.3)   146575 ( 93.1)    88943 ( 56.5)    88788 ( 56.4)    63529 ( 40.4)    51076 ( 32.4) 
  91     1443    91475 ( 63.4)   151053 (104.7)    91718 ( 63.6)    91633 ( 63.5)    64915 ( 45.0)    51040 ( 35.4) 
  92     1609    94391 ( 58.7)   153348 ( 95.3)    94576 ( 58.8)    94553 ( 58.8)    63637 ( 39.6)    48375 ( 30.1) 
  93     1683    95381 ( 56.7)   156266 ( 92.8)    95538 ( 56.8)    95528 ( 56.8)    65871 ( 39.1)    50631 ( 30.1) 
  94     1598    97664 ( 61.1)   160580 (100.5)    97802 ( 61.2)    97794 ( 61.2)    66975 ( 41.9)    51143 ( 32.0) 
  95     1705    99796 ( 58.5)   163096 ( 95.7)    99971 ( 58.6)    99953 ( 58.6)    68700 ( 40.3)    51117 ( 30.0) 
  96     1664    99440 ( 59.8)   777450 (467.2)    99613 ( 59.9)    99618 ( 59.9)    68889 ( 41.4)    48207 ( 29.0) 
  97     1709   101706 ( 59.5)   167048 ( 97.7)   101911 ( 59.6)   101889 ( 59.6)    69548 ( 40.7)    50770 ( 29.7) 
  98     1733   104689 ( 60.4)   173459 (100.1)   104891 ( 60.5)   104875 ( 60.5)    70700 ( 40.8)    56383 ( 32.5) 
  99     1626   107787 ( 66.3)   177621 (109.2)   107991 ( 66.4)   107973 ( 66.4)    72153 ( 44.4)    57046 ( 35.1) 
 100     1811   110956 ( 61.3)   180783 ( 99.8)   111164 ( 61.4)   111145 ( 61.4)    74108 ( 40.9)    56023 ( 30.9) 
 101     2157    40428 ( 18.7)    49494 ( 22.9)    58445 ( 27.1)    56337 ( 26.1)    59563 ( 27.6)    52207 ( 24.2) 
 102     2100    40773 ( 19.4)    50247 ( 23.9)    52905 ( 25.2)    55416 ( 26.4)    60207 ( 28.7)    55034 ( 26.2) 
 103     2188    40579 ( 18.5)    49973 ( 22.8)    51634 ( 23.6)    52949 ( 24.2)    58424 ( 26.7)    54901 ( 25.1) 
 104     2099    40598 ( 19.3)    54291 ( 25.9)    59509 ( 28.4)    54015 ( 25.7)    54169 ( 25.8)    46548 ( 22.2) 
 105     2429    40650 ( 16.7)    50818 ( 20.9)    53028 ( 21.8)    56659 ( 23.3)    60662 ( 25.0)    51771 ( 21.3) 
 106     2519    40748 ( 16.2)    50177 ( 19.9)    52370 ( 20.8)    52473 ( 20.8)    56844 ( 22.6)    53038 ( 21.1) 
 107     2564    40880 ( 15.9)    50859 ( 19.8)    54691 ( 21.3)    57235 ( 22.3)    55920 ( 21.8)    57466 ( 22.4) 
 108     2531    41100 ( 16.2)    51970 ( 20.5)    58218 ( 23.0)    54633 ( 21.6)    56981 ( 22.5)    45744 ( 18.1) 
 109     2417    40945 ( 16.9)    52435 ( 21.7)    53328 ( 22.1)    52175 ( 21.6)    55758 ( 23.1)    49215 ( 20.4) 
 110     2686    41057 ( 15.3)    49906 ( 18.6)    52699 ( 19.6)    50407 ( 18.8)    52615 ( 19.6)    51562 ( 19.2) 
 111     2434    41150 ( 16.9)    52500 ( 21.6)    52568 ( 21.6)    53911 ( 22.1)    56907 ( 23.4)    55370 ( 22.7) 
 112     2828    41457 ( 14.7)    64425 ( 22.8)    60017 ( 21.2)    62149 ( 22.0)    52707 ( 18.6)    53027 ( 18.8) 
 113     3094    41248 ( 13.3)    53948 ( 17.4)    50675 ( 16.4)    53861 ( 17.4)    54527 ( 17.6)    48430 ( 15.7) 
 114     3003    41500 ( 13.8)    51622 ( 17.2)    50446 ( 16.8)    50485 ( 16.8)    53256 ( 17.7)    52804 ( 17.6) 
 115     3097    41665 ( 13.5)    54851 ( 17.7)    49873 ( 16.1)    51778 ( 16.7)    58044 ( 18.7)    54989 ( 17.8) 
 116     3308    41684 ( 12.6)    52750 ( 15.9)    54375 ( 16.4)    50485 ( 15.3)    50457 ( 15.3)    46134 ( 13.9) 
 117     3346    41459 ( 12.4)    54764 ( 16.4)    50597 ( 15.1)    49027 ( 14.7)    53283 ( 15.9)    49187 ( 14.7) 
 118     3166    41607 ( 13.1)    54541 ( 17.2)    50188 ( 15.9)    51502 ( 16.3)    53173 ( 16.8)    52890 ( 16.7) 
 119     3572    41506 ( 11.6)    55570 ( 15.6)    49732 ( 13.9)    49980 ( 14.0)    56887 ( 15.9)    58162 ( 16.3) 
 120     3218    41728 ( 13.0)    58843 ( 18.3)    51255 ( 15.9)    50219 ( 15.6)    50426 ( 15.7)    45331 ( 14.1) 
 121     3894    41795 ( 10.7)    56189 ( 14.4)    50012 ( 12.8)    51431 ( 13.2)    51993 ( 13.4)    52324 ( 13.4) 
 122     3329    41912 ( 12.6)    54098 ( 16.3)    50585 ( 15.2)    52149 ( 15.7)    53771 ( 16.2)    52200 ( 15.7) 
 123     3909    41866 ( 10.7)    56636 ( 14.5)    51136 ( 13.1)    50748 ( 13.0)    55815 ( 14.3)    57727 ( 14.8) 
 124     3570    41862 ( 11.7)    54690 ( 15.3)    50345 ( 14.1)    50780 ( 14.2)    51495 ( 14.4)    45771 ( 12.8) 
 125     3916    41839 ( 10.7)    57390 ( 14.7)    50050 ( 12.8)    51553 ( 13.2)    52031 ( 13.3)    49687 ( 12.7) 
 126     3506    41984 ( 12.0)    56027 ( 16.0)    52107 ( 14.9)    51413 ( 14.7)    53818 ( 15.4)    53233 ( 15.2) 
 127     3871    42080 ( 10.9)    57890 ( 15.0)    51761 ( 13.4)    51386 ( 13.3)    56388 ( 14.6)    56443 ( 14.6) 
 128     3890    41933 ( 10.8)    78332 ( 20.1)    61041 ( 15.7)    58249 ( 15.0)    56887 ( 14.6)    56896 ( 14.6) 
 129     4041    43870 ( 10.9)    61332 ( 15.2)    55544 ( 13.7)    63609 ( 15.7)    52055 ( 12.9)    49334 ( 12.2) 
 130     3579    43990 ( 12.3)    60089 ( 16.8)    60976 ( 17.0)    63477 ( 17.7)    66910 ( 18.7)    65554 ( 18.3) 
 131     4039    44359 ( 11.0)    62007 ( 15.4)    61057 ( 15.1)    62942 ( 15.6)    66912 ( 16.6)    66561 ( 16.5) 
 132     3659    44348 ( 12.1)    60172 ( 16.4)    59634 ( 16.3)    68349 ( 18.7)    63769 ( 17.4)    57880 ( 15.8) 
 133     3978    44894 ( 11.3)    63505 ( 16.0)    63299 ( 15.9)    68697 ( 17.3)    64916 ( 16.3)    62632 ( 15.7) 
 134     3664    44199 ( 12.1)    63239 ( 17.3)    65217 ( 17.8)    63474 ( 17.3)    65880 ( 18.0)    67063 ( 18.3) 
 135     4153    44208 ( 10.6)    64351 ( 15.5)    61560 ( 14.8)    60972 ( 14.7)    73634 ( 17.7)    74390 ( 17.9) 
 136     3989    44790 ( 11.2)    57562 ( 14.4)    61338 ( 15.4)    60549 ( 15.2)    63091 ( 15.8)    60238 ( 15.1) 
 137     4405    44882 ( 10.2)    64820 ( 14.7)    58303 ( 13.2)    60847 ( 13.8)    70444 ( 16.0)    69925 ( 15.9) 
 138     4048    44529 ( 11.0)    64149 ( 15.8)    57984 ( 14.3)    58747 ( 14.5)    65059 ( 16.1)    62664 ( 15.5) 
 139     4518    44865 (  9.9)    65321 ( 14.5)    59791 ( 13.2)    60478 ( 13.4)    67227 ( 14.9)    70615 ( 15.6) 
 140     4448    45175 ( 10.2)    64381 ( 14.5)    62327 ( 14.0)    59083 ( 13.3)    59403 ( 13.4)    57441 ( 12.9) 
 141     4619    44765 (  9.7)    65933 ( 14.3)    58781 ( 12.7)    60740 ( 13.2)    63600 ( 13.8)    61999 ( 13.4) 
 142     4509    45236 ( 10.0)    67617 ( 15.0)    59863 ( 13.3)    59724 ( 13.2)    66014 ( 14.6)    64163 ( 14.2) 
 143     4753    45244 (  9.5)    67410 ( 14.2)    59321 ( 12.5)    70382 ( 14.8)    68035 ( 14.3)    65729 ( 13.8) 
 144     4548    44786 (  9.8)    97437 ( 21.4)    60951 ( 13.4)    60774 ( 13.4)    61280 ( 13.5)    61761 ( 13.6) 
 145     4347    45652 ( 10.5)    69773 ( 16.1)    58909 ( 13.6)    59572 ( 13.7)    63841 ( 14.7)    60072 ( 13.8) 
 146     4774    45869 (  9.6)    69264 ( 14.5)    64644 ( 13.5)    60009 ( 12.6)    65483 ( 13.7)    64307 ( 13.5) 
 147     4496    46163 ( 10.3)    70221 ( 15.6)    59881 ( 13.3)    63399 ( 14.1)    67057 ( 14.9)    66909 ( 14.9) 
 148     4946    46397 (  9.4)    68708 ( 13.9)    59492 ( 12.0)    59966 ( 12.1)    60474 ( 12.2)    55500 ( 11.2) 
 149     4874    46331 (  9.5)    71587 ( 14.7)    59804 ( 12.3)    61899 ( 12.7)    61987 ( 12.7)    60213 ( 12.4) 
 150     5037    46041 (  9.1)    72391 ( 14.4)    62692 ( 12.4)    64301 ( 12.8)    64564 ( 12.8)    64175 ( 12.7) 
 151     5021    46124 (  9.2)    73406 ( 14.6)    64006 ( 12.7)    62812 ( 12.5)    69475 ( 13.8)    67900 ( 13.5) 
 152     4670    46235 (  9.9)    89988 ( 19.3)    69502 ( 14.9)    62461 ( 13.4)    65981 ( 14.1)    55044 ( 11.8) 
 153     5170    46581 (  9.0)    72336 ( 14.0)    60943 ( 11.8)    61465 ( 11.9)    63209 ( 12.2)    60176 ( 11.6) 
 154     5083    46631 (  9.2)    86439 ( 17.0)    63110 ( 12.4)    62939 ( 12.4)    68316 ( 13.4)    66837 ( 13.1) 
 155     5302    46740 (  8.8)    75013 ( 14.1)    62952 ( 11.9)    62719 ( 11.8)    69850 ( 13.2)    68173 ( 12.9) 
 156     5258    46734 (  8.9)    83691 ( 15.9)    63459 ( 12.1)    65315 ( 12.4)    63412 ( 12.1)    60425 ( 11.5) 
 157     4965    47031 (  9.5)    75723 ( 15.3)    66062 ( 13.3)    66858 ( 13.5)    65067 ( 13.1)    61194 ( 12.3) 
 158     5387    47312 (  8.8)    84002 ( 15.6)    63794 ( 11.8)    63496 ( 11.8)    67783 ( 12.6)    69987 ( 13.0) 
 159     5326    47167 (  8.9)    78665 ( 14.8)    69094 ( 13.0)    63921 ( 12.0)    72039 ( 13.5)    74669 ( 14.0) 
 160     5442    47082 (  8.7)   104966 ( 19.3)    63326 ( 11.6)    63407 ( 11.7)    62971 ( 11.6)    59929 ( 11.0) 
 161     5529    49212 (  8.9)    87243 ( 15.8)    66384 ( 12.0)    65216 ( 11.8)    66005 ( 11.9)    65415 ( 11.8) 
 162     5471    49437 (  9.0)    96252 ( 17.6)    66130 ( 12.1)    65203 ( 11.9)    67685 ( 12.4)    70494 ( 12.9) 
 163     5722    49720 (  8.7)   108848 ( 19.0)    66593 ( 11.6)    65935 ( 11.5)    70060 ( 12.2)    73860 ( 12.9) 
 164     5669    49836 (  8.8)   104424 ( 18.4)    66284 ( 11.7)    71735 ( 12.7)    61883 ( 10.9)    61048 ( 10.8) 
 165     5374    49921 (  9.3)    95040 ( 17.7)    66073 ( 12.3)    69647 ( 13.0)    66141 ( 12.3)    66221 ( 12.3) 
 166     5872    50208 (  8.6)   101326 ( 17.3)    66611 ( 11.3)    65432 ( 11.1)    68931 ( 11.7)    68404 ( 11.6) 
 167     5818    49747 (  8.6)   101323 ( 17.4)    67010 ( 11.5)    66941 ( 11.5)    71342 ( 12.3)    72087 ( 12.4) 
 168     5510    49800 (  9.0)   104824 ( 19.0)    66517 ( 12.1)    66059 ( 12.0)    63914 ( 11.6)    60798 ( 11.0) 
 169     6019    50625 (  8.4)    96522 ( 16.0)    67036 ( 11.1)    66415 ( 11.0)    66946 ( 11.1)    63524 ( 10.6) 
 170     5908    50295 (  8.5)    94906 ( 16.1)    67078 ( 11.4)    66578 ( 11.3)    68663 ( 11.6)    70255 ( 11.9) 
 171     5687    50862 (  8.9)   120730 ( 21.2)    67055 ( 11.8)    66919 ( 11.8)    70895 ( 12.5)    76504 ( 13.5) 
 172     6145    50649 (  8.2)   102820 ( 16.7)    67180 ( 10.9)    66911 ( 10.9)    60475 (  9.8)    61332 ( 10.0) 
 173     6125    50520 (  8.2)   109581 ( 17.9)    68293 ( 11.1)    66683 ( 10.9)    64659 ( 10.6)    64955 ( 10.6) 
 174     5820    50744 (  8.7)   110604 ( 19.0)    67449 ( 11.6)    67182 ( 11.5)    69125 ( 11.9)    70661 ( 12.1) 
 175     6373    51275 (  8.0)   111896 ( 17.6)    67265 ( 10.6)    67334 ( 10.6)    70860 ( 11.1)    72332 ( 11.3) 
 176     6171    50661 (  8.2)   126381 ( 20.5)    67497 ( 10.9)    66767 ( 10.8)    61215 (  9.9)    60393 (  9.8) 
 177     6050    51220 (  8.5)   113426 ( 18.7)    67592 ( 11.2)    67530 ( 11.2)    64251 ( 10.6)    64357 ( 10.6) 
 178     6525    51335 (  7.9)   120584 ( 18.5)    67699 ( 10.4)    67532 ( 10.3)    68358 ( 10.5)    70120 ( 10.7) 
 179     6486    51327 (  7.9)   116193 ( 17.9)    67730 ( 10.4)    68121 ( 10.5)    70718 ( 10.9)    75495 ( 11.6) 
 180     6478    51542 (  8.0)   121608 ( 18.8)    67628 ( 10.4)    67654 ( 10.4)    60951 (  9.4)    59670 (  9.2) 
 181     6753    51460 (  7.6)   126905 ( 18.8)    70205 ( 10.4)    67662 ( 10.0)    65313 (  9.7)    66975 (  9.9) 
 182     6655    51492 (  7.7)   123329 ( 18.5)    68331 ( 10.3)    67762 ( 10.2)    67827 ( 10.2)    71455 ( 10.7) 
 183     6698    51634 (  7.7)   128577 ( 19.2)    68036 ( 10.2)    67850 ( 10.1)    70426 ( 10.5)    76585 ( 11.4) 
 184     6408    51493 (  8.0)   127865 ( 20.0)    68225 ( 10.6)    68893 ( 10.8)    60936 (  9.5)    60537 (  9.4) 
 185     6964    51743 (  7.4)   129285 ( 18.6)    68044 (  9.8)    68297 (  9.8)    64992 (  9.3)    66089 (  9.5) 
 186     6922    52021 (  7.5)   122676 ( 17.7)    68390 (  9.9)    68201 (  9.9)    67984 (  9.8)    70977 ( 10.3) 
 187     6897    52065 (  7.5)   130151 ( 18.9)    68702 ( 10.0)    68510 (  9.9)    70877 ( 10.3)    79939 ( 11.6) 
 188     6591    51950 (  7.9)   130840 ( 19.9)    68486 ( 10.4)    68495 ( 10.4)    61673 (  9.4)    60865 (  9.2) 
 189     7143    51971 (  7.3)   132483 ( 18.5)    71962 ( 10.1)    68408 (  9.6)    64992 (  9.1)    65586 (  9.2) 
 190     7128    52129 (  7.3)   132746 ( 18.6)    69097 (  9.7)    69233 (  9.7)    68396 (  9.6)    72335 ( 10.1) 
 191     7111    51992 (  7.3)   133558 ( 18.8)    69188 (  9.7)    68953 (  9.7)    70955 ( 10.0)    79321 ( 11.2) 
 192     7253    52232 (  7.2)   133497 ( 18.4)    69353 (  9.6)    68903 (  9.5)    61899 (  8.5)    61327 (  8.5) 
 193     7363    54755 (  7.4)   139552 ( 19.0)    71154 (  9.7)    70969 (  9.6)    65454 (  8.9)    67073 (  9.1) 
 194     7367    54929 (  7.5)   142184 ( 19.3)    72361 (  9.8)    71116 (  9.7)    68776 (  9.3)    72291 (  9.8) 
 195     7395    55395 (  7.5)   142648 ( 19.3)    75405 ( 10.2)    71856 (  9.7)    71360 (  9.6)    78698 ( 10.6) 
 196     7101    55608 (  7.8)   141299 ( 19.9)    73767 ( 10.4)    72242 ( 10.2)    65074 (  9.2)    62347 (  8.8) 
 197     7667    55180 (  7.2)   142843 ( 18.6)    73557 (  9.6)    71820 (  9.4)    67355 (  8.8)    69027 (  9.0) 
 198     7633    55355 (  7.3)   146544 ( 19.2)    72664 (  9.5)    71833 (  9.4)    69630 (  9.1)    73717 (  9.7) 
 199     7638    55330 (  7.2)   138462 ( 18.1)    76206 ( 10.0)    72158 (  9.4)    72264 (  9.5)    77999 ( 10.2) 
 200     7431    55394 (  7.5)   145071 ( 19.5)    76210 ( 10.3)    71853 (  9.7)    66791 (  9.0)    62902 (  8.5) 
 201     7948    55765 (  7.0)   144590 ( 18.2)    72875 (  9.2)    72257 (  9.1)    66657 (  8.4)    68699 (  8.6) 
 202     7923    55924 (  7.1)   149488 ( 18.9)    73162 (  9.2)    73364 (  9.3)    69673 (  8.8)    73930 (  9.3) 
 203     7953    56149 (  7.1)   147739 ( 18.6)    73040 (  9.2)    72716 (  9.1)    72230 (  9.1)    79837 ( 10.0) 
 204     7939    55974 (  7.1)   146543 ( 18.5)    73288 (  9.2)    72742 (  9.2)    62971 (  7.9)    62234 (  7.8) 
 205     7744    56105 (  7.2)   152151 ( 19.6)    73763 (  9.5)    72941 (  9.4)    67144 (  8.7)    69060 (  8.9) 
 206     8231    56053 (  6.8)   153427 ( 18.6)    72847 (  8.9)    72665 (  8.8)    69798 (  8.5)    73941 (  9.0) 
 207     8302    56360 (  6.8)   152995 ( 18.4)    73888 (  8.9)    74032 (  8.9)    72323 (  8.7)    81264 (  9.8) 
 208     8174    55913 (  6.8)   160558 ( 19.6)    73209 (  9.0)    72791 (  8.9)    63451 (  7.8)    66048 (  8.1) 
 209     8310    55924 (  6.7)   161558 ( 19.4)    73226 (  8.8)    72590 (  8.7)    67256 (  8.1)    69844 (  8.4) 
 210     8057    56312 (  7.0)   162657 ( 20.2)    73377 (  9.1)    73493 (  9.1)    70047 (  8.7)    74630 (  9.3) 
 211     8610    56308 (  6.5)   163193 ( 19.0)    77071 (  9.0)    72934 (  8.5)    72943 (  8.5)    79745 (  9.3) 
 212     8606    56411 (  6.6)   163938 ( 19.0)    76863 (  8.9)    73728 (  8.6)    63590 (  7.4)    62378 (  7.2) 
 213     8658    56685 (  6.5)   164402 ( 19.0)    73630 (  8.5)    73192 (  8.5)    67104 (  7.8)    69464 (  8.0) 
 214     8625    56616 (  6.6)   165199 ( 19.2)    77674 (  9.0)    73712 (  8.5)    69957 (  8.1)    76251 (  8.8) 
 215     8722    56923 (  6.5)   165681 ( 19.0)    74363 (  8.5)    73714 (  8.5)    73891 (  8.5)    84913 (  9.7) 
 216     8483    56596 (  6.7)   166057 ( 19.6)    73830 (  8.7)    73546 (  8.7)    63040 (  7.4)    62178 (  7.3) 
 217     9026    56850 (  6.3)   166883 ( 18.5)    73890 (  8.2)    73845 (  8.2)    67816 (  7.5)    70218 (  7.8) 
 218     9061    56858 (  6.3)   167379 ( 18.5)    74162 (  8.2)    73893 (  8.2)    70513 (  7.8)    76916 (  8.5) 
 219     9065    57086 (  6.3)   167832 ( 18.5)    74219 (  8.2)    73737 (  8.1)    73630 (  8.1)    80795 (  8.9) 
 220     9120    57146 (  6.3)   168680 ( 18.5)    74175 (  8.1)    74151 (  8.1)    63968 (  7.0)    62643 (  6.9) 
 221     9143    56791 (  6.2)   168995 ( 18.5)    74201 (  8.1)    73839 (  8.1)    67517 (  7.4)    68993 (  7.5) 
 222     9168    57448 (  6.3)   169727 ( 18.5)    74512 (  8.1)    74409 (  8.1)    70232 (  7.7)    75825 (  8.3) 
 223     9023    57418 (  6.4)   170477 ( 18.9)    74577 (  8.3)    74536 (  8.3)    73455 (  8.1)    81210 (  9.0) 
 224     9385    57391 (  6.1)   169893 ( 18.1)    74369 (  7.9)    74168 (  7.9)    67719 (  7.2)    63420 (  6.8) 
 225     9555    60049 (  6.3)   182530 ( 19.1)    77252 (  8.1)    76999 (  8.1)    68454 (  7.2)    70273 (  7.4) 
 226     9549    60301 (  6.3)   184148 ( 19.3)    77422 (  8.1)    77422 (  8.1)    71884 (  7.5)    75537 (  7.9) 
 227     9618    60444 (  6.3)   184653 ( 19.2)    77449 (  8.1)    78138 (  8.1)    77857 (  8.1)    81518 (  8.5) 
 228     9677    60472 (  6.2)   185407 ( 19.2)    78133 (  8.1)    77759 (  8.0)    65077 (  6.7)    63867 (  6.6) 
 229     9736    60798 (  6.2)   186339 ( 19.1)    79215 (  8.1)    78254 (  8.0)    68231 (  7.0)    70152 (  7.2) 
 230     9776    60623 (  6.2)   187832 ( 19.2)    78684 (  8.0)    78877 (  8.1)    71188 (  7.3)    76323 (  7.8) 
 231     9594    60824 (  6.3)   188457 ( 19.6)    78336 (  8.2)    78163 (  8.1)    74135 (  7.7)    87190 (  9.1) 
 232     9633    60671 (  6.3)   188006 ( 19.5)    81910 (  8.5)    77444 (  8.0)    63991 (  6.6)    63508 (  6.6) 
 233     9674    60929 (  6.3)   192798 ( 19.9)    78505 (  8.1)    78033 (  8.1)    68321 (  7.1)    70771 (  7.3) 
 234    10223    60952 (  6.0)   189281 ( 18.5)    82251 (  8.0)    78100 (  7.6)    71772 (  7.0)    81487 (  8.0) 
 235    10284    61176 (  5.9)   191933 ( 18.7)    78938 (  7.7)    78061 (  7.6)    74695 (  7.3)    82458 (  8.0) 
 236    10328    61220 (  5.9)   191693 ( 18.6)    82127 (  8.0)    79269 (  7.7)    65054 (  6.3)    63696 (  6.2) 
 237    10376    61493 (  5.9)   193394 ( 18.6)    82502 (  8.0)    78301 (  7.5)    69074 (  6.7)    71216 (  6.9) 
 238    10464    61327 (  5.9)   193970 ( 18.5)    79199 (  7.6)    78468 (  7.5)    72243 (  6.9)    77519 (  7.4) 
 239    10549    61638 (  5.8)   197793 ( 18.7)    78753 (  7.5)    78707 (  7.5)    74609 (  7.1)    86597 (  8.2) 
 240    10471    61393 (  5.9)   199611 ( 19.1)    79429 (  7.6)    78370 (  7.5)    64278 (  6.1)    63674 (  6.1) 
 241    10612    61288 (  5.8)   201558 ( 19.0)    78900 (  7.4)    78654 (  7.4)    73915 (  7.0)    72924 (  6.9) 
 242    10737    61549 (  5.7)   202157 ( 18.8)    79443 (  7.4)    79069 (  7.4)    76312 (  7.1)    82081 (  7.6) 
 243    10767    61344 (  5.7)   202799 ( 18.8)    79128 (  7.3)    78276 (  7.3)    75412 (  7.0)    84363 (  7.8) 
 244    10843    62076 (  5.7)   203280 ( 18.7)    79445 (  7.3)    79334 (  7.3)    65073 (  6.0)    63823 (  5.9) 
 245    10657    61202 (  5.7)   204182 ( 19.2)    80183 (  7.5)    79919 (  7.5)    68770 (  6.5)    71068 (  6.7) 
 246    10686    61526 (  5.8)   204771 ( 19.2)    79343 (  7.4)    79064 (  7.4)    71943 (  6.7)    78420 (  7.3) 
 247    10824    61422 (  5.7)   205516 ( 19.0)    79937 (  7.4)    78766 (  7.3)    75467 (  7.0)    86125 (  8.0) 
 248    10851    61975 (  5.7)   206128 ( 19.0)    79345 (  7.3)    79180 (  7.3)    65397 (  6.0)    63817 (  5.9) 
 249    10964    62266 (  5.7)   206903 ( 18.9)    79393 (  7.2)    78670 (  7.2)    70009 (  6.4)    72258 (  6.6) 
 250    11019    61866 (  5.6)   207896 ( 18.9)    80314 (  7.3)    79602 (  7.2)    72920 (  6.6)    78176 (  7.1) 
 251    11091    62368 (  5.6)   208210 ( 18.8)    79526 (  7.2)    80332 (  7.2)    76957 (  6.9)    89303 (  8.1) 
 252    11126    62436 (  5.6)   208953 ( 18.8)    80028 (  7.2)    79914 (  7.2)    65506 (  5.9)    64981 (  5.8) 
 253    11248    62191 (  5.5)   210139 ( 18.7)    80574 (  7.2)    79149 (  7.0)    69803 (  6.2)    72918 (  6.5) 
 254    11281    62402 (  5.5)   210347 ( 18.6)    79760 (  7.1)    79430 (  7.0)    72563 (  6.4)    77838 (  6.9) 
 255    11359    62187 (  5.5)   208790 ( 18.4)    79787 (  7.0)    79722 (  7.0)    77237 (  6.8)    87470 (  7.7) 
 256    11877    62456 (  5.3)   208462 ( 17.6)    80120 (  6.7)    79225 (  6.7)    66668 (  5.6)    64465 (  5.4) 
 257    11524    65689 (  5.7)   234662 ( 20.4)    83217 (  7.2)    82904 (  7.2)    70942 (  6.2)    72045 (  6.3) 
 258    11595    65729 (  5.7)   234990 ( 20.3)    82885 (  7.1)    83002 (  7.2)    72990 (  6.3)    78619 (  6.8) 
 259    11727    66244 (  5.6)   232653 ( 19.8)    87362 (  7.4)    83326 (  7.1)    76573 (  6.5)    89982 (  7.7) 
 260    11790    66106 (  5.6)   236836 ( 20.1)    84749 (  7.2)    83397 (  7.1)    78453 (  6.7)    76504 (  6.5) 
 261    11943    66290 (  5.6)   234952 ( 19.7)    84331 (  7.1)    83784 (  7.0)    77166 (  6.5)    78133 (  6.5) 
 262    11973    66365 (  5.5)   237187 ( 19.8)    84245 (  7.0)    83551 (  7.0)    81012 (  6.8)    83192 (  6.9) 
 263    12092    66449 (  5.5)   236725 ( 19.6)    84490 (  7.0)    83662 (  6.9)    83729 (  6.9)    89412 (  7.4) 
 264    12185    66342 (  5.4)   239732 ( 19.7)    87523 (  7.2)    83472 (  6.9)    78298 (  6.4)    72517 (  6.0) 
 265    12294    66595 (  5.4)   238435 ( 19.4)    87767 (  7.1)    83737 (  6.8)    78090 (  6.4)    78930 (  6.4) 
 266    12360    87956 (  7.1)   239383 ( 19.4)    84646 (  6.8)    83992 (  6.8)    80691 (  6.5)    86732 (  7.0) 
 267    12481    66702 (  5.3)   240211 ( 19.2)    85117 (  6.8)    84041 (  6.7)    83783 (  6.7)    95118 (  7.6) 
 268    12754    71015 (  5.6)   241800 ( 19.0)    84943 (  6.7)    84392 (  6.6)    74608 (  5.8)    72563 (  5.7) 
 269    12882    70990 (  5.5)   241808 ( 18.8)    85446 (  6.6)    84403 (  6.6)    78506 (  6.1)    78455 (  6.1) 
 270    12984    71213 (  5.5)   242421 ( 18.7)    87924 (  6.8)    84207 (  6.5)    82266 (  6.3)    85456 (  6.6) 
 271    13152    72636 (  5.5)   240737 ( 18.3)    85056 (  6.5)    84312 (  6.4)    84773 (  6.4)    92504 (  7.0) 
 272    13072    88638 (  6.8)   246267 ( 18.8)    85146 (  6.5)    84592 (  6.5)    75331 (  5.8)    76056 (  5.8) 
 273    13389    75955 (  5.7)   246722 ( 18.4)    84860 (  6.3)    83928 (  6.3)    78637 (  5.9)    78762 (  5.9) 
 274    13421    73934 (  5.5)   246942 ( 18.4)    84578 (  6.3)    83699 (  6.2)    83033 (  6.2)    89000 (  6.6) 
 275    13509    74132 (  5.5)   248297 ( 18.4)    84882 (  6.3)    84042 (  6.2)    85020 (  6.3)    93700 (  6.9) 
 276    13674    77712 (  5.7)   248641 ( 18.2)    85283 (  6.2)    84631 (  6.2)    74984 (  5.5)    73417 (  5.4) 
 277    13768    81931 (  6.0)   249271 ( 18.1)    85940 (  6.2)    84297 (  6.1)    78852 (  5.7)    79642 (  5.8) 
 278    13842    81862 (  5.9)   250077 ( 18.1)    85451 (  6.2)    84527 (  6.1)    82132 (  5.9)    85250 (  6.2) 
 279    13500    75392 (  5.6)   250916 ( 18.6)    86227 (  6.4)    84794 (  6.3)    85426 (  6.3)    97917 (  7.3) 
 280    13633    76287 (  5.6)   251432 ( 18.4)    84929 (  6.2)    83979 (  6.2)    75141 (  5.5)    73403 (  5.4) 
 281    13704    78715 (  5.7)   252155 ( 18.4)    86204 (  6.3)    84520 (  6.2)    79297 (  5.8)    79231 (  5.8) 
 282    14084    84796 (  6.0)   253583 ( 18.0)    85517 (  6.1)    84946 (  6.0)    83256 (  5.9)    86538 (  6.1) 
 283    14187    81668 (  5.8)   254310 ( 17.9)    85251 (  6.0)    84835 (  6.0)    85735 (  6.0)    95637 (  6.7) 
 284    14328    88286 (  6.2)   254564 ( 17.8)    85456 (  6.0)    84930 (  5.9)    75196 (  5.2)    73995 (  5.2) 
 285    14436    83313 (  5.8)   255536 ( 17.7)    85547 (  5.9)    86199 (  6.0)    79220 (  5.5)    80397 (  5.6) 
 286    14503    91900 (  6.3)   256228 ( 17.7)    85735 (  5.9)    85279 (  5.9)    82654 (  5.7)    87687 (  6.0) 
 287    14666    96098 (  6.6)   256947 ( 17.5)    85995 (  5.9)    85635 (  5.8)    85943 (  5.9)    94167 (  6.4) 
 288    14714    89942 (  6.1)   257429 ( 17.5)    85555 (  5.8)    84945 (  5.8)    75606 (  5.1)    77033 (  5.2) 
 289    14398    92203 (  6.4)   282871 ( 19.6)    89684 (  6.2)    89195 (  6.2)    79915 (  5.6)    79939 (  5.6) 
 290    14768    91665 (  6.2)   282070 ( 19.1)    89399 (  6.1)    89453 (  6.1)    83863 (  5.7)    86713 (  5.9) 
 291    14930    92694 (  6.2)   284359 ( 19.0)    89916 (  6.0)    89679 (  6.0)    85738 (  5.7)    93807 (  6.3) 
 292    15044    91664 (  6.1)   284485 ( 18.9)    90595 (  6.0)    89864 (  6.0)    75593 (  5.0)    74245 (  4.9) 
 293    15202    93078 (  6.1)   286141 ( 18.8)    90631 (  6.0)    90159 (  5.9)    79774 (  5.2)    80176 (  5.3) 
 294    15315    89601 (  5.9)   286974 ( 18.7)    90616 (  5.9)    89944 (  5.9)    83025 (  5.4)    87523 (  5.7) 
 295    15422    95747 (  6.2)   287856 ( 18.7)    90758 (  5.9)    90988 (  5.9)    85935 (  5.6)    93495 (  6.1) 
 296    15054    93293 (  6.2)   288827 ( 19.2)    90196 (  6.0)    89752 (  6.0)    75409 (  5.0)    73027 (  4.9) 
 297    15447    93628 (  6.1)   289852 ( 18.8)    90658 (  5.9)    90196 (  5.8)    80582 (  5.2)    80630 (  5.2) 
 298    15590    93308 (  6.0)   289805 ( 18.6)    90834 (  5.8)    90219 (  5.8)    83737 (  5.4)    88157 (  5.7) 
 299    15768    94064 (  6.0)   291708 ( 18.5)    94619 (  6.0)    91284 (  5.8)    86618 (  5.5)    97816 (  6.2) 
 300    15895    91388 (  5.7)   292122 ( 18.4)    90910 (  5.7)    94789 (  6.0)    76491 (  4.8)    73526 (  4.6) 
 301    16021    91629 (  5.7)   293380 ( 18.3)    94597 (  5.9)    91345 (  5.7)    80235 (  5.0)    81537 (  5.1) 
 302    15659    92290 (  5.9)   294036 ( 18.8)    91267 (  5.8)    90679 (  5.8)    84020 (  5.4)    89351 (  5.7) 
 303    16065    91855 (  5.7)   294963 ( 18.4)    91426 (  5.7)    90806 (  5.7)    87036 (  5.4)    96347 (  6.0) 
 304    16101   101242 (  6.3)   296120 ( 18.4)    91101 (  5.7)    90579 (  5.6)    76553 (  4.8)    75689 (  4.7) 
 305    16360    90354 (  5.5)   296697 ( 18.1)    91283 (  5.6)    90667 (  5.5)    82475 (  5.0)    81524 (  5.0) 
 306    16495    92313 (  5.6)   297337 ( 18.0)    91292 (  5.5)    90543 (  5.5)    85644 (  5.2)    88794 (  5.4) 
 307    16175    95608 (  5.9)   298802 ( 18.5)    94368 (  5.8)    90639 (  5.6)    87964 (  5.4)    96705 (  6.0) 
 308    16548    94124 (  5.7)   299243 ( 18.1)    91568 (  5.5)    90818 (  5.5)    76017 (  4.6)    71877 (  4.3) 
 309    16706    94799 (  5.7)   299890 ( 18.0)    91915 (  5.5)    91029 (  5.4)    80731 (  4.8)    81375 (  4.9) 
 310    16814    93006 (  5.5)   300782 ( 17.9)    92106 (  5.5)    91167 (  5.4)    82960 (  4.9)    87824 (  5.2) 
 311    17040    91367 (  5.4)   301738 ( 17.7)    91867 (  5.4)    91171 (  5.4)    87603 (  5.1)    96645 (  5.7) 
 312    16628    88568 (  5.3)   302259 ( 18.2)    91337 (  5.5)    90549 (  5.4)    73356 (  4.4)    74469 (  4.5) 
 313    17065    96349 (  5.6)   303657 ( 17.8)    91616 (  5.4)    90996 (  5.3)    79413 (  4.7)    80241 (  4.7) 
 314    17220    95137 (  5.5)   303831 ( 17.6)    92017 (  5.3)    91539 (  5.3)    82216 (  4.8)    88702 (  5.2) 
 315    17390    90346 (  5.2)   305352 ( 17.6)    92516 (  5.3)    91314 (  5.3)    85169 (  4.9)    98490 (  5.7) 
 316    17042    91762 (  5.4)   305816 ( 17.9)    91598 (  5.4)    91340 (  5.4)    73929 (  4.3)    71707 (  4.2) 
 317    17447    91672 (  5.3)   307127 ( 17.6)    92552 (  5.3)    92120 (  5.3)    78625 (  4.5)    80798 (  4.6) 
 318    17557    91660 (  5.2)   307498 ( 17.5)    92545 (  5.3)    92464 (  5.3)    82217 (  4.7)    88994 (  5.1) 
 319    17745    94605 (  5.3)   308364 ( 17.4)    92529 (  5.2)    92084 (  5.2)    86805 (  4.9)   100275 (  5.7) 
 320    17834    97957 (  5.5)   307083 ( 17.2)    91928 (  5.2)    91212 (  5.1)    74639 (  4.2)    72043 (  4.0) 
 321    17816    96416 (  5.4)   337579 ( 18.9)    96021 (  5.4)    96220 (  5.4)    78696 (  4.4)    80566 (  4.5) 
 322    17953    98791 (  5.5)   338239 ( 18.8)    96151 (  5.4)    96279 (  5.4)    83796 (  4.7)    90366 (  5.0) 
 323    18150    99726 (  5.5)   339403 ( 18.7)    96470 (  5.3)    97425 (  5.4)    90678 (  5.0)    97275 (  5.4) 
 324    17813    97111 (  5.5)   340462 ( 19.1)    97722 (  5.5)    96716 (  5.4)    79278 (  4.5)    72985 (  4.1) 
 325    18273   100498 (  5.5)   341321 ( 18.7)    97901 (  5.4)    97099 (  5.3)    80248 (  4.4)    81691 (  4.5) 
 326    18398    96361 (  5.2)   342274 ( 18.6)    97948 (  5.3)    97162 (  5.3)    82977 (  4.5)    90532 (  4.9) 
 327    18664    90800 (  4.9)   343062 ( 18.4)   100786 (  5.4)    97249 (  5.2)    87586 (  4.7)    97789 (  5.2) 
 328    18338    95193 (  5.2)   344029 ( 18.8)    97721 (  5.3)    96773 (  5.3)    74904 (  4.1)    72691 (  4.0) 
 329    18715    94050 (  5.0)   343103 ( 18.3)    98081 (  5.2)    97604 (  5.2)    79647 (  4.3)    81923 (  4.4) 
 330    18956    96859 (  5.1)   346064 ( 18.3)    97860 (  5.2)    97309 (  5.1)    83688 (  4.4)    93119 (  4.9) 
 331    19112    92933 (  4.9)   347182 ( 18.2)    98348 (  5.1)    97668 (  5.1)    87200 (  4.6)   101900 (  5.3) 
 332    18946    95186 (  5.0)   347904 ( 18.4)    97867 (  5.2)    97735 (  5.2)    75099 (  4.0)    73367 (  3.9) 
 333    19239    96607 (  5.0)   348934 ( 18.1)   101849 (  5.3)    98256 (  5.1)    79332 (  4.1)    82272 (  4.3) 
 334    19288    99531 (  5.2)   350066 ( 18.1)    98521 (  5.1)    99162 (  5.1)    84291 (  4.4)    91311 (  4.7) 
 335    19035    96176 (  5.1)   350722 ( 18.4)   101939 (  5.4)    98742 (  5.2)    89226 (  4.7)    99081 (  5.2) 
 336    19321    96311 (  5.0)   351645 ( 18.2)    97960 (  5.1)    97411 (  5.0)    78879 (  4.1)    72731 (  3.8) 
 337    19706    94121 (  4.8)   352360 ( 17.9)    98410 (  5.0)    97387 (  4.9)    80308 (  4.1)    82406 (  4.2) 
 338    19446    99848 (  5.1)   353078 ( 18.2)    98733 (  5.1)    97959 (  5.0)    84176 (  4.3)    91703 (  4.7) 
 339    19890    96068 (  4.8)   354253 ( 17.8)    98967 (  5.0)    97954 (  4.9)    87795 (  4.4)   101981 (  5.1) 
 340    20045    92532 (  4.6)   355140 ( 17.7)    98481 (  4.9)    97999 (  4.9)    75694 (  3.8)    73716 (  3.7) 
 341    19762    94283 (  4.8)   356196 ( 18.0)    99033 (  5.0)    97965 (  5.0)    80053 (  4.1)    85171 (  4.3) 
 342    20054    97937 (  4.9)   356799 ( 17.8)    98393 (  4.9)    98061 (  4.9)    88272 (  4.4)    94552 (  4.7) 
 343    20381    94094 (  4.6)   357707 ( 17.6)    98643 (  4.8)    98259 (  4.8)    89407 (  4.4)   104298 (  5.1) 
 344    20091    92935 (  4.6)   358687 ( 17.9)    98720 (  4.9)    97895 (  4.9)    75468 (  3.8)    76857 (  3.8) 
 345    20504    91708 (  4.5)   359620 ( 17.5)    98877 (  4.8)    98350 (  4.8)    80790 (  3.9)    83743 (  4.1) 
 346    20636    93740 (  4.5)   360607 ( 17.5)   102275 (  5.0)    98633 (  4.8)    84573 (  4.1)    92130 (  4.5) 
 347    20417    92001 (  4.5)   361777 ( 17.7)    99632 (  4.9)    99027 (  4.9)    88409 (  4.3)   107417 (  5.3) 
 348    20836    92213 (  4.4)   362267 ( 17.4)    99902 (  4.8)    99140 (  4.8)    76220 (  3.7)    74222 (  3.6) 
 349    21080    94388 (  4.5)   364095 ( 17.3)    99847 (  4.7)    99160 (  4.7)    81112 (  3.8)    84081 (  4.0) 
 350    20924    96067 (  4.6)   364656 ( 17.4)    99771 (  4.8)    99246 (  4.7)    85350 (  4.1)    93621 (  4.5) 
 351    21201    98319 (  4.6)   365201 ( 17.2)   100049 (  4.7)    99432 (  4.7)    88675 (  4.2)   110128 (  5.2) 
 352    21323    93175 (  4.4)   365891 ( 17.2)    99436 (  4.7)    99022 (  4.6)    77243 (  3.6)    77111 (  3.6) 
 353    21350   102007 (  4.8)   397592 ( 18.6)   104218 (  4.9)   103846 (  4.9)    81252 (  3.8)    84617 (  4.0) 
 354    21507   104684 (  4.9)   398661 ( 18.5)   104657 (  4.9)   103959 (  4.8)    85796 (  4.0)    96742 (  4.5) 
 355    21330    99332 (  4.7)   399522 ( 18.7)   104725 (  4.9)   105322 (  4.9)    88971 (  4.2)   103538 (  4.9) 
 356    21741    97839 (  4.5)   400655 ( 18.4)   108404 (  5.0)   104494 (  4.8)    76417 (  3.5)    74407 (  3.4) 
 357    22015   102971 (  4.7)   401295 ( 18.2)   105936 (  4.8)   105834 (  4.8)    82088 (  3.7)    84650 (  3.8) 
 358    21902   105686 (  4.8)   402219 ( 18.4)   105724 (  4.8)   104497 (  4.8)    86472 (  3.9)    92484 (  4.2) 
 359    22127   104658 (  4.7)   403926 ( 18.3)   105595 (  4.8)   105385 (  4.8)    89921 (  4.1)   101840 (  4.6) 
 360    21843   106401 (  4.9)   404577 ( 18.5)   107879 (  4.9)   104328 (  4.8)    76329 (  3.5)    74431 (  3.4) 
 361    22276    99820 (  4.5)   405548 ( 18.2)   106119 (  4.8)   105021 (  4.7)    81434 (  3.7)    84055 (  3.8) 
 362    22521   101771 (  4.5)   406929 ( 18.1)   106059 (  4.7)   105241 (  4.7)    86443 (  3.8)    94527 (  4.2) 
 363    22504   104057 (  4.6)   407927 ( 18.1)   109539 (  4.9)   105744 (  4.7)    92780 (  4.1)   106295 (  4.7) 
 364    22694   104793 (  4.6)   408793 ( 18.0)   106241 (  4.7)   105561 (  4.7)    77077 (  3.4)    75343 (  3.3) 
 365    22460    97319 (  4.3)   409882 ( 18.2)   106897 (  4.8)   105671 (  4.7)    81875 (  3.6)    85589 (  3.8) 
 366    22925    99202 (  4.3)   410545 ( 17.9)   106757 (  4.7)   105695 (  4.6)    85844 (  3.7)    94794 (  4.1) 
 367    22636    98885 (  4.4)   412047 ( 18.2)   106114 (  4.7)   105719 (  4.7)    90248 (  4.0)   105171 (  4.6) 
 368    23013    99642 (  4.3)   412861 ( 17.9)   105435 (  4.6)   105907 (  4.6)    76711 (  3.3)    74490 (  3.2) 
 369    23379    97426 (  4.2)   413440 ( 17.7)   109514 (  4.7)   105128 (  4.5)    82894 (  3.5)    85229 (  3.6) 
 370    23339   100650 (  4.3)   414484 ( 17.8)   106283 (  4.6)   106501 (  4.6)    86601 (  3.7)    96196 (  4.1) 
 371    23568    99354 (  4.2)   415478 ( 17.6)   106575 (  4.5)   105461 (  4.5)    92557 (  3.9)   105929 (  4.5) 
 372    23527    96801 (  4.1)   416274 ( 17.7)   106290 (  4.5)   105472 (  4.5)    76955 (  3.3)    75327 (  3.2) 
 373    23780   100967 (  4.2)   417621 ( 17.6)   106707 (  4.5)   105827 (  4.5)    82371 (  3.5)    89490 (  3.8) 
 374    23576   100508 (  4.3)   418323 ( 17.7)   106800 (  4.5)   105685 (  4.5)    89022 (  3.8)   101902 (  4.3) 
 375    24084    99469 (  4.1)   419485 ( 17.4)   106600 (  4.4)   106112 (  4.4)    90805 (  3.8)   104041 (  4.3) 
 376    23768    99118 (  4.2)   420106 ( 17.7)   109340 (  4.6)   104957 (  4.4)    78131 (  3.3)    75261 (  3.2) 
 377    24191   100843 (  4.2)   421122 ( 17.4)   106928 (  4.4)   106287 (  4.4)    83165 (  3.4)    89977 (  3.7) 
 378    23957    98594 (  4.1)   422556 ( 17.6)   107179 (  4.5)   106293 (  4.4)    87553 (  3.7)    97823 (  4.1) 
 379    24423   103890 (  4.3)   423660 ( 17.3)   107664 (  4.4)   106910 (  4.4)    91894 (  3.8)   105997 (  4.3) 
 380    24195   101312 (  4.2)   424453 ( 17.5)   107367 (  4.4)   107269 (  4.4)    77979 (  3.2)    75848 (  3.1) 
 381    24665   103925 (  4.2)   425788 ( 17.3)   107759 (  4.4)   107054 (  4.3)    82859 (  3.4)    86872 (  3.5) 
 382    24394   101376 (  4.2)   426576 ( 17.5)   107784 (  4.4)   107386 (  4.4)    87182 (  3.6)    97458 (  4.0) 
 383    24945   100388 (  4.0)   427469 ( 17.1)   108368 (  4.3)   107613 (  4.3)    91414 (  3.7)   107006 (  4.3) 
 384    25090   100219 (  4.0)   425613 ( 17.0)   107370 (  4.3)   106649 (  4.3)    77784 (  3.1)    79443 (  3.2) 
 385    25163   105287 (  4.2)   462880 ( 18.4)   112323 (  4.5)   112495 (  4.5)    83649 (  3.3)    86698 (  3.4) 
 386    24854   106978 (  4.3)   463992 ( 18.7)   112693 (  4.5)   112492 (  4.5)    87260 (  3.5)    97330 (  3.9) 
 387    25442   105216 (  4.1)   465121 ( 18.3)   113989 (  4.5)   112896 (  4.4)    93253 (  3.7)   106635 (  4.2) 
 388    25166   105424 (  4.2)   466103 ( 18.5)   113797 (  4.5)   112990 (  4.5)    88198 (  3.5)    86121 (  3.4) 
 389    25643   105540 (  4.1)   467155 ( 18.2)   117439 (  4.6)   113681 (  4.4)    97297 (  3.8)    95252 (  3.7) 
 390    25397   105876 (  4.2)   468320 ( 18.4)   114845 (  4.5)   113274 (  4.5)    97771 (  3.8)   106869 (  4.2) 
 391    25921   108653 (  4.2)   469464 ( 18.1)   114351 (  4.4)   113420 (  4.4)   100783 (  3.9)   112871 (  4.4) 
 392    25742   106764 (  4.1)   470360 ( 18.3)   113235 (  4.4)   112497 (  4.4)    88524 (  3.4)    85569 (  3.3) 
 393    26183   108100 (  4.1)   471596 ( 18.0)   114330 (  4.4)   113447 (  4.3)    93974 (  3.6)    97342 (  3.7) 
 394    26003   106860 (  4.1)   472686 ( 18.2)   117562 (  4.5)   113446 (  4.4)    97438 (  3.7)   106927 (  4.1) 
 395    26513   106749 (  4.0)   473934 ( 17.9)   114909 (  4.3)   113804 (  4.3)   101398 (  3.8)   115472 (  4.4) 
 396    26431   107195 (  4.1)   475182 ( 18.0)   114663 (  4.3)   114213 (  4.3)    89328 (  3.4)    86707 (  3.3) 
 397    26766   107584 (  4.0)   476230 ( 17.8)   114711 (  4.3)   113733 (  4.2)    93844 (  3.5)    95226 (  3.6) 
 398    26715   107194 (  4.0)   477385 ( 17.9)   115175 (  4.3)   114028 (  4.3)    97802 (  3.7)   107418 (  4.0) 
 399    27115   107336 (  4.0)   478482 ( 17.6)   114836 (  4.2)   114471 (  4.2)   102155 (  3.8)   113301 (  4.2) 
# ...the end 
