# starting test: OpenMP ON with 64 threads... 
# sN[S/L] = stride-N [store/load] 
# pur  = pragma unroll 
# mur  = manual unroll 
# murv = manual unroll and vectorize 
# timing in cycles (ratio relative to memcpy) 
 # n   memcpy        loop copy      basic + s1S      basic + s1L    pur 4x4 + s1L    mur 4x4 + s1L   murv 4x4 + s1L 
   2       86      191 (  2.2)      194 (  2.3)      214 (  2.5)      209 (  2.4)   163076 (1896.2)     1800 ( 20.9) 
   3      109      251 (  2.3)      299 (  2.7)      303 (  2.8)      278 (  2.6)     1897 ( 17.4)     1805 ( 16.6) 
   4       76      325 (  4.3)      401 (  5.3)      401 (  5.3)      402 (  5.3)     2406 ( 31.7)     2064 ( 27.2) 
   5      117      454 (  3.9)      458 (  3.9)      447 (  3.8)      439 (  3.8)     2480 ( 21.2)     2218 ( 19.0) 
   6      125      579 (  4.6)      593 (  4.7)      578 (  4.6)      578 (  4.6)     2596 ( 20.8)     2350 ( 18.8) 
   7      159      724 (  4.6)      736 (  4.6)      722 (  4.5)      728 (  4.6)     2723 ( 17.1)     2508 ( 15.8) 
   8      149      760 (  5.1)      764 (  5.1)      749 (  5.0)      744 (  5.0)     2537 ( 17.0)     2228 ( 15.0) 
   9      184      908 (  4.9)      912 (  5.0)      897 (  4.9)      888 (  4.8)     2783 ( 15.1)     2474 ( 13.4) 
  10      190     1183 (  6.2)     1183 (  6.2)     1180 (  6.2)     1166 (  6.1)     3012 ( 15.9)     2677 ( 14.1) 
  11      219     1502 (  6.9)     1501 (  6.9)     1498 (  6.8)     1482 (  6.8)     3244 ( 14.8)     3001 ( 13.7) 
  12      325     1854 (  5.7)     1855 (  5.7)     1846 (  5.7)     1837 (  5.7)     2874 (  8.8)     2499 (  7.7) 
  13      341     1959 (  5.7)     1954 (  5.7)     1951 (  5.7)     1938 (  5.7)     3163 (  9.3)     2794 (  8.2) 
  14      344     2251 (  6.5)     2247 (  6.5)     2235 (  6.5)     2233 (  6.5)     3418 (  9.9)     3078 (  8.9) 
  15      363     2545 (  7.0)     2536 (  7.0)     2526 (  7.0)     2522 (  6.9)     3692 ( 10.2)     3431 (  9.5) 
  16      288     2634 (  9.1)     2616 (  9.1)     2605 (  9.0)     2601 (  9.0)     3253 ( 11.3)     2780 (  9.7) 
  17      373     2916 (  7.8)     2894 (  7.8)     2887 (  7.7)     2875 (  7.7)     3633 (  9.7)     3177 (  8.5) 
  18      385     3421 (  8.9)     3397 (  8.8)     3387 (  8.8)     3381 (  8.8)     3949 ( 10.3)     3517 (  9.1) 
  19      419     3969 (  9.5)     3942 (  9.4)     3933 (  9.4)     3925 (  9.4)     4332 ( 10.3)     4025 (  9.6) 
  20      400     4555 ( 11.4)     4523 ( 11.3)     4514 ( 11.3)     4505 ( 11.3)     4444 ( 11.1)     3503 (  8.8) 
  21      455     4721 ( 10.4)     4657 ( 10.2)     4663 ( 10.2)     4646 ( 10.2)     4825 ( 10.6)     3979 (  8.7) 
  22      451     5176 ( 11.5)     5113 ( 11.3)     5112 ( 11.3)     5106 ( 11.3)     5228 ( 11.6)     4455 (  9.9) 
  23      448     5617 ( 12.5)     5549 ( 12.4)     5557 ( 12.4)     5540 ( 12.4)     5572 ( 12.4)     4911 ( 11.0) 
  24      419     5507 ( 13.1)     5435 ( 13.0)     5432 ( 13.0)     5418 ( 12.9)     5172 ( 12.3)     4075 (  9.7) 
  25      529     5911 ( 11.2)     5823 ( 11.0)     5834 ( 11.0)     5810 ( 11.0)     5588 ( 10.6)     4557 (  8.6) 
  26      486     6633 ( 13.6)     6545 ( 13.5)     6547 ( 13.5)     6535 ( 13.4)     5951 ( 12.2)     5001 ( 10.3) 
  27      550     7400 ( 13.5)     7306 ( 13.3)     7323 ( 13.3)     7293 ( 13.3)     6575 ( 12.0)     5807 ( 10.6) 
  28      521     8204 ( 15.7)     8105 ( 15.6)     8122 ( 15.6)     8092 ( 15.5)     5916 ( 11.4)     4699 (  9.0) 
  29      572     8393 ( 14.7)     8278 ( 14.5)     8292 ( 14.5)     8269 ( 14.5)     6370 ( 11.1)     5710 ( 10.0) 
  30      550     9003 ( 16.4)     8888 ( 16.2)     8897 ( 16.2)     8880 ( 16.1)     6981 ( 12.7)     6013 ( 10.9) 
  31      602     9584 ( 15.9)     9462 ( 15.7)     9477 ( 15.7)     9542 ( 15.9)     7335 ( 12.2)     7037 ( 11.7) 
  32      432     9424 ( 21.8)     9282 ( 21.5)     9762 ( 22.6)     9921 ( 23.0)     6806 ( 15.8)     5661 ( 13.1) 
  33      523     9946 ( 19.0)     9792 ( 18.7)     9872 ( 18.9)    10314 ( 19.7)     7600 ( 14.5)     7069 ( 13.5) 
  34      636    10894 ( 17.1)    10731 ( 16.9)    11458 ( 18.0)    12680 ( 19.9)     8370 ( 13.2)     7250 ( 11.4) 
  35      699    11881 ( 17.0)    11709 ( 16.8)    13470 ( 19.3)    14405 ( 20.6)     9290 ( 13.3)     8427 ( 12.1) 
  36      696    12905 ( 18.5)    12724 ( 18.3)    15131 ( 21.7)    15972 ( 22.9)     9573 ( 13.8)     7445 ( 10.7) 
  37      767    13125 ( 17.1)    12931 ( 16.9)    16970 ( 22.1)    16653 ( 21.7)    10890 ( 14.2)     8252 ( 10.8) 
  38      754    13898 ( 18.4)    13694 ( 18.2)    17640 ( 23.4)    18196 ( 24.1)    10627 ( 14.1)     8637 ( 11.5) 
  39      810    14619 ( 18.0)    14403 ( 17.8)    18109 ( 22.4)    16970 ( 21.0)    12088 ( 14.9)    10583 ( 13.1) 
  40      558    14394 ( 25.8)    14170 ( 25.4)    18181 ( 32.6)    18040 ( 32.3)    10110 ( 18.1)     7843 ( 14.1) 
  41      731    15044 ( 20.6)    14809 ( 20.3)    18216 ( 24.9)    18565 ( 25.4)    11232 ( 15.4)     9431 ( 12.9) 
  42      752    16208 ( 21.6)    15965 ( 21.2)    20413 ( 27.1)    20608 ( 27.4)    14748 ( 19.6)    11799 ( 15.7) 
  43      815    18062 ( 22.2)    17391 ( 21.3)    22507 ( 27.6)    22067 ( 27.1)    15940 ( 19.6)    13692 ( 16.8) 
  44      804    18660 ( 23.2)    17905 ( 22.3)    23595 ( 29.3)    23530 ( 29.3)    12396 ( 15.4)     9694 ( 12.1) 
  45      866    19542 ( 22.6)    19066 ( 22.0)    23844 ( 27.5)    23810 ( 27.5)    15503 ( 17.9)    12444 ( 14.4) 
  46      638    23666 ( 37.1)    23048 ( 36.1)    24895 ( 39.0)    24871 ( 39.0)    15568 ( 24.4)    13620 ( 21.3) 
  47      807    26453 ( 32.8)    32682 ( 40.5)    25287 ( 31.3)    25207 ( 31.2)    17096 ( 21.2)    14215 ( 17.6) 
  48      751    25745 ( 34.3)    37667 ( 50.2)    26561 ( 35.4)    26418 ( 35.2)    13606 ( 18.1)    11321 ( 15.1) 
  49      894    26835 ( 30.0)    37845 ( 42.3)    26976 ( 30.2)    26890 ( 30.1)    16597 ( 18.6)    13191 ( 14.8) 
  50      889    28453 ( 32.0)    41692 ( 46.9)    28691 ( 32.3)    28508 ( 32.1)    18213 ( 20.5)    15039 ( 16.9) 
  51      703    30041 ( 42.7)    49051 ( 69.8)    30099 ( 42.8)    30094 ( 42.8)    22332 ( 31.8)    18279 ( 26.0) 
  52      849    31698 ( 37.3)    43655 ( 51.4)    31942 ( 37.6)    31753 ( 37.4)    20342 ( 24.0)    15796 ( 18.6) 
  53      917    32290 ( 35.2)    45586 ( 49.7)    32461 ( 35.4)    32338 ( 35.3)    26136 ( 28.5)    20934 ( 22.8) 
  54      926    33634 ( 36.3)    40796 ( 44.1)    33756 ( 36.5)    33674 ( 36.4)    25243 ( 27.3)    20315 ( 21.9) 
  55      977    34888 ( 35.7)    46438 ( 47.5)    35176 ( 36.0)    34944 ( 35.8)    28093 ( 28.8)    22050 ( 22.6) 
  56      739    34673 ( 46.9)    56427 ( 76.4)    34907 ( 47.2)    34738 ( 47.0)    20995 ( 28.4)    16104 ( 21.8) 
  57      933    35929 ( 38.5)    65639 ( 70.4)    36234 ( 38.8)    35999 ( 38.6)    30262 ( 32.4)    22780 ( 24.4) 
  58      950    37806 ( 39.8)    59347 ( 62.5)    37989 ( 40.0)    37876 ( 39.9)    31132 ( 32.8)    26073 ( 27.4) 
  59      998    39644 ( 39.7)    64345 ( 64.5)    39873 ( 40.0)    39715 ( 39.8)    31364 ( 31.4)    25423 ( 25.5) 
  60      749    41554 ( 55.5)    65892 ( 88.0)    41812 ( 55.8)    41625 ( 55.6)    29411 ( 39.3)    22980 ( 30.7) 
  61      960    42224 ( 44.0)    66565 ( 69.3)    42452 ( 44.2)    42295 ( 44.1)    33370 ( 34.8)    25825 ( 26.9) 
  62      984    43756 ( 44.5)    69945 ( 71.1)    44047 ( 44.8)    43809 ( 44.5)    32922 ( 33.5)    26977 ( 27.4) 
  63     1029    45186 ( 43.9)    72310 ( 70.3)    45679 ( 44.4)    45258 ( 44.0)    34160 ( 33.2)    27404 ( 26.6) 
  64     1012    44943 ( 44.4)   346120 (342.0)    45020 ( 44.5)    45026 ( 44.5)    32577 ( 32.2)    23501 ( 23.2) 
  65     1006    46365 ( 46.1)    74267 ( 73.8)    46613 ( 46.3)    46455 ( 46.2)    32603 ( 32.4)    25590 ( 25.4) 
  66     1039    48498 ( 46.7)    78971 ( 76.0)    48834 ( 47.0)    48588 ( 46.8)    36846 ( 35.5)    30277 ( 29.1) 
  67     1099    50589 ( 46.0)    82473 ( 75.0)    50838 ( 46.3)    50680 ( 46.1)    38997 ( 35.5)    31836 ( 29.0) 
  68      884    52751 ( 59.7)    84417 ( 95.5)    53091 ( 60.1)    52842 ( 59.8)    41044 ( 46.4)    31569 ( 35.7) 
  69     1117    53501 ( 47.9)    85714 ( 76.7)    53677 ( 48.1)    53582 ( 48.0)    43528 ( 39.0)    33858 ( 30.3) 
  70     1182    55227 ( 46.7)    96971 ( 82.0)    55459 ( 46.9)    55292 ( 46.8)    44223 ( 37.4)    35595 ( 30.1) 
  71     1222    56827 ( 46.5)    91517 ( 74.9)    57138 ( 46.8)    56915 ( 46.6)    45738 ( 37.4)    34842 ( 28.5) 
  72      989    56555 ( 57.2)    93246 ( 94.3)    56957 ( 57.6)    56658 ( 57.3)    44219 ( 44.7)    32111 ( 32.5) 
  73     1205    58142 ( 48.3)    95649 ( 79.4)    58249 ( 48.3)    58251 ( 48.3)    45727 ( 37.9)    34058 ( 28.3) 
  74     1230    60534 ( 49.2)    99442 ( 80.8)    60876 ( 49.5)    60645 ( 49.3)    47155 ( 38.3)    37831 ( 30.8) 
  75     1317    62877 ( 47.7)   102875 ( 78.1)    63284 ( 48.1)    62985 ( 47.8)    48628 ( 36.9)    38645 ( 29.3) 
  76     1227    65289 ( 53.2)   105228 ( 85.8)    65649 ( 53.5)    65401 ( 53.3)    47048 ( 38.3)    36310 ( 29.6) 
  77     1306    66120 ( 50.6)   114783 ( 87.9)    66395 ( 50.8)    66224 ( 50.7)    49468 ( 37.9)    38588 ( 29.5) 
  78     1345    68026 ( 50.6)   110667 ( 82.3)    68185 ( 50.7)    68113 ( 50.6)    50092 ( 37.2)    40036 ( 29.8) 
  79     1192    69808 ( 58.6)   112842 ( 94.7)    69934 ( 58.7)    69917 ( 58.7)    51790 ( 43.4)    39228 ( 32.9) 
  80     1264    69509 ( 55.0)   114998 ( 91.0)    69654 ( 55.1)    69634 ( 55.1)    52873 ( 41.8)    36939 ( 29.2) 
  81     1382    71261 ( 51.6)   116748 ( 84.5)    71633 ( 51.8)    71394 ( 51.7)    52352 ( 37.9)    38794 ( 28.1) 
  82     1189    73911 ( 62.2)   121352 (102.1)    74126 ( 62.3)    74044 ( 62.3)    53248 ( 44.8)    42428 ( 35.7) 
  83     1415    76506 ( 54.1)   125547 ( 88.7)    76723 ( 54.2)    76639 ( 54.2)    54812 ( 38.7)    43782 ( 30.9) 
  84     1441    79169 ( 54.9)   128204 ( 89.0)    79317 ( 55.0)    79305 ( 55.0)    56830 ( 39.4)    42849 ( 29.7) 
  85     1296    80080 ( 61.8)   130939 (101.0)    80208 ( 61.9)    80202 ( 61.9)    59054 ( 45.6)    45014 ( 34.7) 
  86     1460    82175 ( 56.3)   136810 ( 93.7)    82444 ( 56.5)    82281 ( 56.4)    60013 ( 41.1)    46211 ( 31.7) 
  87     1507    84132 ( 55.8)   137095 ( 91.0)    84274 ( 55.9)    84264 ( 55.9)    61700 ( 40.9)    45917 ( 30.5) 
  88     1322    83804 ( 63.4)   138824 (105.0)    84039 ( 63.6)    83954 ( 63.5)    59190 ( 44.8)    43145 ( 32.6) 
  89     1566    85722 ( 54.7)   141458 ( 90.3)    85959 ( 54.9)    85881 ( 54.8)    62191 ( 39.7)    45553 ( 29.1) 
  90     1570    88629 ( 56.5)   146573 ( 93.4)    89013 ( 56.7)    88788 ( 56.6)    63552 ( 40.5)    51028 ( 32.5) 
  91     1445    91475 ( 63.3)   151072 (104.5)    91724 ( 63.5)    91636 ( 63.4)    64919 ( 44.9)    51088 ( 35.4) 
  92     1607    94391 ( 58.7)   153334 ( 95.4)    94572 ( 58.9)    94554 ( 58.8)    63624 ( 39.6)    48375 ( 30.1) 
  93     1682    95381 ( 56.7)   156267 ( 92.9)    95539 ( 56.8)    95529 ( 56.8)    65870 ( 39.2)    50665 ( 30.1) 
  94     1598    97663 ( 61.1)   160580 (100.5)    97804 ( 61.2)    97795 ( 61.2)    66971 ( 41.9)    51080 ( 32.0) 
  95     1703    99798 ( 58.6)   163106 ( 95.8)    99972 ( 58.7)    99954 ( 58.7)    68679 ( 40.3)    51234 ( 30.1) 
  96     1664    99441 ( 59.8)   777467 (467.2)    99613 ( 59.9)    99618 ( 59.9)    68357 ( 41.1)    48230 ( 29.0) 
  97     1709   101705 ( 59.5)   167058 ( 97.8)   101909 ( 59.6)   101891 ( 59.6)    69330 ( 40.6)    50650 ( 29.6) 
  98     1733   104689 ( 60.4)   173472 (100.1)   104888 ( 60.5)   104876 ( 60.5)    70696 ( 40.8)    56402 ( 32.5) 
  99     1626   107787 ( 66.3)   178212 (109.6)   108062 ( 66.5)   107973 ( 66.4)    72094 ( 44.3)    57073 ( 35.1) 
 100     1816   110955 ( 61.1)   180785 ( 99.6)   111164 ( 61.2)   111145 ( 61.2)    74103 ( 40.8)    56003 ( 30.8) 
 101     1929   116192 ( 60.2)    88046 ( 45.6)   281000 (145.7)   220292 (114.2)   123909 ( 64.2)   107503 ( 55.7) 
 102     3181    79590 ( 25.0)    87347 ( 27.5)   205630 ( 64.6)   232849 ( 73.2)   123268 ( 38.8)   107479 ( 33.8) 
 103     3353    79114 ( 23.6)    88631 ( 26.4)   294317 ( 87.8)   203141 ( 60.6)   125328 ( 37.4)   111736 ( 33.3) 
 104     3017    79288 ( 26.3)    87251 ( 28.9)   241527 ( 80.1)   287732 ( 95.4)   120888 ( 40.1)   100189 ( 33.2) 
 105     3551    79634 ( 22.4)    88652 ( 25.0)   223510 ( 62.9)   209231 ( 58.9)   124910 ( 35.2)   104967 ( 29.6) 
 106     3555    79215 ( 22.3)    87390 ( 24.6)   222634 ( 62.6)   202465 ( 57.0)   117931 ( 33.2)   105646 ( 29.7) 
 107     3461    79161 ( 22.9)    88217 ( 25.5)   140840 ( 40.7)   200625 ( 58.0)   125814 ( 36.4)   115223 ( 33.3) 
 108     3720    79719 ( 21.4)    87975 ( 23.6)   277627 ( 74.6)   235839 ( 63.4)   112324 ( 30.2)    96171 ( 25.9) 
 109     3506    79206 ( 22.6)    88448 ( 25.2)   224423 ( 64.0)   202856 ( 57.9)   122977 ( 35.1)   101908 ( 29.1) 
 110     3701    79810 ( 21.6)    87591 ( 23.7)   387839 (104.8)   170448 ( 46.1)   116130 ( 31.4)   100353 ( 27.1) 
 111     3486    79680 ( 22.9)    88960 ( 25.5)   149199 ( 42.8)   354072 (101.6)   125570 ( 36.0)   116873 ( 33.5) 
 112     3734    79656 ( 21.3)    90570 ( 24.3)   150360 ( 40.3)   227621 ( 61.0)   111778 ( 29.9)   112028 ( 30.0) 
 113     4155   109737 ( 26.4)    89553 ( 21.6)   198139 ( 47.7)   293317 ( 70.6)   118811 ( 28.6)    96873 ( 23.3) 
 114     4003    80068 ( 20.0)    88884 ( 22.2)   238890 ( 59.7)   220225 ( 55.0)   123341 ( 30.8)   100398 ( 25.1) 
 115     4124    80546 ( 19.5)    90567 ( 22.0)   199832 ( 48.5)   321975 ( 78.1)   121392 ( 29.4)   113271 ( 27.5) 
 116     4154    80170 ( 19.3)    88790 ( 21.4)   258641 ( 62.3)   302694 ( 72.9)   114934 ( 27.7)    93356 ( 22.5) 
 117     4351    80153 ( 18.4)    90029 ( 20.7)   305942 ( 70.3)   340029 ( 78.1)   114235 ( 26.3)    96906 ( 22.3) 
 118     3983   104579 ( 26.3)    88767 ( 22.3)   199143 ( 50.0)   179826 ( 45.1)   118288 ( 29.7)    99560 ( 25.0) 
 119     4547    80368 ( 17.7)    90408 ( 19.9)   210576 ( 46.3)   297841 ( 65.5)   121261 ( 26.7)   106082 ( 23.3) 
 120     4043    79925 ( 19.8)    89107 ( 22.0)   200675 ( 49.6)   199023 ( 49.2)   109438 ( 27.1)    91673 ( 22.7) 
 121     4620    80213 ( 17.4)    90635 ( 19.6)   334708 ( 72.4)   286717 ( 62.1)   118634 ( 25.7)    99693 ( 21.6) 
 122     4128    80321 ( 19.5)    89777 ( 21.7)   154343 ( 37.4)   297871 ( 72.2)   136371 ( 33.0)   119142 ( 28.9) 
 123     4650   106310 ( 22.9)    91337 ( 19.6)   391326 ( 84.2)   304361 ( 65.5)   120597 ( 25.9)   109131 ( 23.5) 
 124     4262   108293 ( 25.4)    89620 ( 21.0)   134491 ( 31.6)   361121 ( 84.7)   112904 ( 26.5)    95594 ( 22.4) 
 125     4765    80288 ( 16.8)    91063 ( 19.1)   226027 ( 47.4)   309516 ( 65.0)   116103 ( 24.4)    97892 ( 20.5) 
 126     2843   142662 ( 50.2)    90266 ( 31.8)   205318 ( 72.2)   218901 ( 77.0)   116511 ( 41.0)   112116 ( 39.4) 
 127     4857   239602 ( 49.3)    91466 ( 18.8)   127780 ( 26.3)   215070 ( 44.3)   121253 ( 25.0)   110476 ( 22.7) 
 128     4933    81055 ( 16.4)    96064 ( 19.5)   121912 ( 24.7)   125102 ( 25.4)   116260 ( 23.6)   117561 ( 23.8) 
 129     5078    85407 ( 16.8)    95311 ( 18.8)   189923 ( 37.4)   323241 ( 63.7)   137435 ( 27.1)   127135 ( 25.0) 
 130     4611   112239 ( 24.3)    94927 ( 20.6)   148614 ( 32.2)   180552 ( 39.2)   142121 ( 30.8)   132948 ( 28.8) 
 131     3918   213627 ( 54.5)    96537 ( 24.6)   168963 ( 43.1)   197217 ( 50.3)   142892 ( 36.5)   134166 ( 34.2) 
 132     4093   103020 ( 25.2)    93010 ( 22.7)   167032 ( 40.8)   330843 ( 80.8)   132412 ( 32.4)    90693 ( 22.2) 
 133     4536   122111 ( 26.9)    96076 ( 21.2)   175162 ( 38.6)   163938 ( 36.1)   132955 ( 29.3)   118699 ( 26.2) 
 134     5025   117051 ( 23.3)    96154 ( 19.1)   191903 ( 38.2)   223183 ( 44.4)   148897 ( 29.6)   132860 ( 26.4) 
 135     4286   210749 ( 49.2)    96946 ( 22.6)   218841 ( 51.1)   177759 ( 41.5)   137819 ( 32.2)   137541 ( 32.1) 
 136     3978   401966 (101.0)    94188 ( 23.7)   163008 ( 41.0)   162761 ( 40.9)   127649 ( 32.1)   114975 ( 28.9) 
 137     5756   118208 ( 20.5)    97924 ( 17.0)   407030 ( 70.7)   234881 ( 40.8)   133118 ( 23.1)   115915 ( 20.1) 
 138     4137   202590 ( 49.0)    98922 ( 23.9)   143264 ( 34.6)   159750 ( 38.6)   134652 ( 32.5)   120779 ( 29.2) 
 139     5963   120140 ( 20.1)    97870 ( 16.4)   155352 ( 26.1)   209864 ( 35.2)   142387 ( 23.9)   130703 ( 21.9) 
 140     5948   240858 ( 40.5)    95468 ( 16.1)   149208 ( 25.1)   147110 ( 24.7)   127565 ( 21.4)   110010 ( 18.5) 
 141     5683   231910 ( 40.8)    99078 ( 17.4)   159392 ( 28.0)   234164 ( 41.2)   127248 ( 22.4)   119277 ( 21.0) 
 142     4934   208054 ( 42.2)    98095 ( 19.9)   185143 ( 37.5)   152437 ( 30.9)   138857 ( 28.1)   128767 ( 26.1) 
 143     5295   307679 ( 58.1)    99904 ( 18.9)   141458 ( 26.7)   150083 ( 28.3)   138527 ( 26.2)   134928 ( 25.5) 
 144     6240   126016 ( 20.2)   111138 ( 17.8)   125562 ( 20.1)   125924 ( 20.2)   116393 ( 18.7)   123586 ( 19.8) 
 145     5865    83361 ( 14.2)   101356 ( 17.3)   188056 ( 32.1)   223812 ( 38.2)   131499 ( 22.4)   121027 ( 20.6) 
 146     6349   214735 ( 33.8)   100325 ( 15.8)   243252 ( 38.3)   143238 ( 22.6)   127858 ( 20.1)   131744 ( 20.8) 
 147     6132   439175 ( 71.6)   101719 ( 16.6)   137263 ( 22.4)   185862 ( 30.3)   140866 ( 23.0)   138462 ( 22.6) 
 148     5224   289028 ( 55.3)    99945 ( 19.1)   133576 ( 25.6)   152130 ( 29.1)   127908 ( 24.5)   124567 ( 23.8) 
 149     6552   154917 ( 23.6)   102223 ( 15.6)   170475 ( 26.0)   311100 ( 47.5)   126373 ( 19.3)   114644 ( 17.5) 
 150     6603   253678 ( 38.4)   103203 ( 15.6)   137958 ( 20.9)   135517 ( 20.5)   131672 ( 19.9)   135235 ( 20.5) 
 151     4978   154526 ( 31.0)   102264 ( 20.5)   285995 ( 57.5)   130402 ( 26.2)   132370 ( 26.6)   139979 ( 28.1) 
 152     6321   115573 ( 18.3)   100799 ( 15.9)   304978 ( 48.2)   134337 ( 21.3)   125936 ( 19.9)   123801 ( 19.6) 
 153     5171   121145 ( 23.4)   104306 ( 20.2)   152435 ( 29.5)   156681 ( 30.3)   126923 ( 24.5)   131521 ( 25.4) 
 154     4911   206542 ( 42.1)   104087 ( 21.2)   126998 ( 25.9)   134451 ( 27.4)   124121 ( 25.3)   142687 ( 29.1) 
 155     7088    86608 ( 12.2)   103734 ( 14.6)   147138 ( 20.8)   132550 ( 18.7)   135788 ( 19.2)   146883 ( 20.7) 
 156     6993    86636 ( 12.4)   102325 ( 14.6)   243548 ( 34.8)   135630 ( 19.4)   133375 ( 19.1)   118280 ( 16.9) 
 157     6722    84102 ( 12.5)   103805 ( 15.4)   135632 ( 20.2)   148499 ( 22.1)   127758 ( 19.0)   126077 ( 18.8) 
 158     5177   191478 ( 37.0)   105465 ( 20.4)   146956 ( 28.4)   138605 ( 26.8)   126119 ( 24.4)   140022 ( 27.0) 
 159     7229    86612 ( 12.0)   105101 ( 14.5)   146239 ( 20.2)   139547 ( 19.3)   128801 ( 17.8)   151382 ( 20.9) 
 160     7310    94409 ( 12.9)   115139 ( 15.8)   127972 ( 17.5)   130955 ( 17.9)   117680 ( 16.1)   115270 ( 15.8) 
 161     7442    84997 ( 11.4)   108662 ( 14.6)   128996 ( 17.3)   137403 ( 18.5)   121374 ( 16.3)   128723 ( 17.3) 
 162     7312   139635 ( 19.1)   111107 ( 15.2)   129137 ( 17.7)   140107 ( 19.2)   129284 ( 17.7)   132500 ( 18.1) 
 163     7821   127971 ( 16.4)   115309 ( 14.7)   125539 ( 16.1)   151970 ( 19.4)   127713 ( 16.3)   150240 ( 19.2) 
 164     7582    87384 ( 11.5)   110373 ( 14.6)   146397 ( 19.3)   154435 ( 20.4)   121337 ( 16.0)   115689 ( 15.3) 
 165     5131   121702 ( 23.7)   111534 ( 21.7)   132288 ( 25.8)   131263 ( 25.6)   120918 ( 23.6)   123784 ( 24.1) 
 166     5605   289816 ( 51.7)   112492 ( 20.1)   128888 ( 23.0)   131449 ( 23.5)   126896 ( 22.6)   140064 ( 25.0) 
 167     7874   145246 ( 18.4)   113764 ( 14.4)   141081 ( 17.9)   131043 ( 16.6)   128915 ( 16.4)   152854 ( 19.4) 
 168     7483    84705 ( 11.3)   111735 ( 14.9)   132342 ( 17.7)   295245 ( 39.5)   120136 ( 16.1)   120081 ( 16.0) 
 169     8085    84534 ( 10.5)   113839 ( 14.1)   352224 ( 43.6)   135774 ( 16.8)   121176 ( 15.0)   129965 ( 16.1) 
 170     8064    84896 ( 10.5)   114205 ( 14.2)   130510 ( 16.2)   132985 ( 16.5)   126628 ( 15.7)   147005 ( 18.2) 
 171     7775    87870 ( 11.3)   120008 ( 15.4)   275220 ( 35.4)   134013 ( 17.2)   127114 ( 16.3)   149172 ( 19.2) 
 172     8298    84890 ( 10.2)   112687 ( 13.6)   128950 ( 15.5)   126542 ( 15.2)   123433 ( 14.9)   129848 ( 15.6) 
 173     8277    85145 ( 10.3)   115093 ( 13.9)   130776 ( 15.8)   132960 ( 16.1)   128796 ( 15.6)   124200 ( 15.0) 
 174     6477   113572 ( 17.5)   115686 ( 17.9)   129624 ( 20.0)   127758 ( 19.7)   124712 ( 19.3)   145382 ( 22.4) 
 175     8577    85243 (  9.9)   114989 ( 13.4)   134685 ( 15.7)   130999 ( 15.3)   135491 ( 15.8)   161604 ( 18.8) 
 176     7480   304923 ( 40.8)   119743 ( 16.0)   129060 ( 17.3)   132323 ( 17.7)   118332 ( 15.8)   120555 ( 16.1) 
 177     8361    85770 ( 10.3)   120260 ( 14.4)   305508 ( 36.5)   130744 ( 15.6)   122808 ( 14.7)   122420 ( 14.6) 
 178     8866    85403 (  9.6)   121417 ( 13.7)   133471 ( 15.1)   165154 ( 18.6)   124467 ( 14.0)   147849 ( 16.7) 
 179     6497   145752 ( 22.4)   120663 ( 18.6)   130156 ( 20.0)   128921 ( 19.8)   129658 ( 20.0)   152947 ( 23.5) 
 180     8808    90767 ( 10.3)   121647 ( 13.8)   131303 ( 14.9)   133282 ( 15.1)   117427 ( 13.3)   124910 ( 14.2) 
 181     6461   153233 ( 23.7)   121954 ( 18.9)   134388 ( 20.8)   134275 ( 20.8)   124356 ( 19.2)   127706 ( 19.8) 
 182     9086    88398 (  9.7)   122658 ( 13.5)   299390 ( 33.0)   130573 ( 14.4)   132728 ( 14.6)   134526 ( 14.8) 
 183     9153    94810 ( 10.4)   122998 ( 13.4)   131779 ( 14.4)   135880 ( 14.8)   129802 ( 14.2)   151280 ( 16.5) 
 184     8834    86089 (  9.7)   123082 ( 13.9)   131873 ( 14.9)   133030 ( 15.1)   117363 ( 13.3)   116157 ( 13.1) 
 185     9425    85964 (  9.1)   123471 ( 13.1)   135152 ( 14.3)   134417 ( 14.3)   122081 ( 13.0)   125457 ( 13.3) 
 186     9444    88492 (  9.4)   123848 ( 13.1)   128741 ( 13.6)   132255 ( 14.0)   124692 ( 13.2)   134849 ( 14.3) 
 187     9417    86062 (  9.1)   124351 ( 13.2)   127730 ( 13.6)   130723 ( 13.9)   130228 ( 13.8)   145756 ( 15.5) 
 188     9307   128066 ( 13.8)   124063 ( 13.3)   131409 ( 14.1)   311601 ( 33.5)   117783 ( 12.7)   117741 ( 12.7) 
 189     9740    88617 (  9.1)   124603 ( 12.8)   132528 ( 13.6)   132090 ( 13.6)   121604 ( 12.5)   127914 ( 13.1) 
 190     6946   177516 ( 25.6)   125392 ( 18.1)   299706 ( 43.1)   133748 ( 19.3)   124708 ( 18.0)   137381 ( 19.8) 
 191     6882   133858 ( 19.5)   125643 ( 18.3)   172396 ( 25.1)   136851 ( 19.9)   131114 ( 19.1)   150083 ( 21.8) 
 192     9911    88682 (  8.9)   124684 ( 12.6)   133705 ( 13.5)   135248 ( 13.6)   116931 ( 11.8)   115744 ( 11.7) 
 193    10099    88416 (  8.8)   136825 ( 13.5)   139323 ( 13.8)   137637 ( 13.6)   121048 ( 12.0)   129216 ( 12.8) 
 194     7092   151940 ( 21.4)   135668 ( 19.1)   133787 ( 18.9)   135775 ( 19.1)   126639 ( 17.9)   147368 ( 20.8) 
 195    10038    88793 (  8.8)   137613 ( 13.7)   155122 ( 15.5)   135871 ( 13.5)   127569 ( 12.7)   151745 ( 15.1) 
 196     9726    88938 (  9.1)   136526 ( 14.0)   310826 ( 32.0)   133088 ( 13.7)   130127 ( 13.4)   118568 ( 12.2) 
 197     7734   309127 ( 40.0)   140373 ( 18.2)   147117 ( 19.0)   138008 ( 17.8)   121571 ( 15.7)   130887 ( 16.9) 
 198    10428    88989 (  8.5)   138415 ( 13.3)   467235 ( 44.8)   174298 ( 16.7)   126400 ( 12.1)   148055 ( 14.2) 
 199     9316   131025 ( 14.1)   138490 ( 14.9)   138341 ( 14.8)   241337 ( 25.9)   129891 ( 13.9)   151926 ( 16.3) 
 200    10209    91795 (  9.0)   138081 ( 13.5)   148904 ( 14.6)   138612 ( 13.6)   117258 ( 11.5)   129168 ( 12.7) 
 201    10836    88821 (  8.2)   140259 ( 12.9)   140072 ( 12.9)   134833 ( 12.4)   122054 ( 11.3)   126845 ( 11.7) 
 202    10844    96361 (  8.9)   139782 ( 12.9)   135631 ( 12.5)   311026 ( 28.7)   126203 ( 11.6)   137777 ( 12.7) 
 203    10906    92470 (  8.5)   141021 ( 12.9)   139521 ( 12.8)   134867 ( 12.4)   135284 ( 12.4)   151053 ( 13.9) 
 204    10958   101016 (  9.2)   139560 ( 12.7)   139024 ( 12.7)   142738 ( 13.0)   120059 ( 11.0)   126949 ( 11.6) 
 205     7440   154186 ( 20.7)   144536 ( 19.4)   174569 ( 23.5)   140444 ( 18.9)   123228 ( 16.6)   131623 ( 17.7) 
 206    11377   378015 ( 33.2)   142059 ( 12.5)   312192 ( 27.4)   139701 ( 12.3)   126199 ( 11.1)   140080 ( 12.3) 
 207    11348    93424 (  8.2)   142930 ( 12.6)   140741 ( 12.4)   139067 ( 12.3)   129329 ( 11.4)   153843 ( 13.6) 
 208    11186    94637 (  8.5)   145757 ( 13.0)   140272 ( 12.5)   380330 ( 34.0)   118564 ( 10.6)   119840 ( 10.7) 
 209    11326    92687 (  8.2)   143352 ( 12.7)   140879 ( 12.4)   139293 ( 12.3)   121571 ( 10.7)   128552 ( 11.4) 
 210    11240    89984 (  8.0)   143031 ( 12.7)   138720 ( 12.3)   295491 ( 26.3)   127029 ( 11.3)   142315 ( 12.7) 
 211    11810    98396 (  8.3)   145596 ( 12.3)   322773 ( 27.3)   138806 ( 11.8)   130127 ( 11.0)   148058 ( 12.5) 
 212    10965   303323 ( 27.7)   144275 ( 13.2)   141374 ( 12.9)   140267 ( 12.8)   117115 ( 10.7)   117702 ( 10.7) 
 213     8361   205644 ( 24.6)   145977 ( 17.5)   137709 ( 16.5)   302256 ( 36.2)   122289 ( 14.6)   137823 ( 16.5) 
 214    11887   490141 ( 41.2)   144271 ( 12.1)   140622 ( 11.8)   141331 ( 11.9)   125946 ( 10.6)   150005 ( 12.6) 
 215     8711   150921 ( 17.3)   146463 ( 16.8)   168731 ( 19.4)   370493 ( 42.5)   130975 ( 15.0)   154136 ( 17.7) 
 216     8152   135200 ( 16.6)   146179 ( 17.9)   314386 ( 38.6)   312287 ( 38.3)   117941 ( 14.5)   120892 ( 14.8) 
 217    12464   350228 ( 28.1)   148060 ( 11.9)   156901 ( 12.6)   293391 ( 23.5)   127266 ( 10.2)   137921 ( 11.1) 
 218     8787   153518 ( 17.5)   147664 ( 16.8)   154424 ( 17.6)   137539 ( 15.7)   127693 ( 14.5)   144027 ( 16.4) 
 219    12529   244162 ( 19.5)   148358 ( 11.8)   141954 ( 11.3)   175809 ( 14.0)   130435 ( 10.4)   152112 ( 12.1) 
 220    12597    93274 (  7.4)   148293 ( 11.8)   160859 ( 12.8)   137011 ( 10.9)   117946 (  9.4)   121900 (  9.7) 
 221    12715   105439 (  8.3)   149125 ( 11.7)   141124 ( 11.1)   136092 ( 10.7)   125016 (  9.8)   127005 ( 10.0) 
 222    12777   200682 ( 15.7)   149430 ( 11.7)   141726 ( 11.1)   177561 ( 13.9)   126044 (  9.9)   142591 ( 11.2) 
 223     8677   151333 ( 17.4)   150592 ( 17.4)   137228 ( 15.8)   137888 ( 15.9)   131069 ( 15.1)   155874 ( 18.0) 
 224    13022   328229 ( 25.2)   151527 ( 11.6)   142216 ( 10.9)   142173 ( 10.9)   118005 (  9.1)   128468 (  9.9) 
 225    13277   105793 (  8.0)   152921 ( 11.5)   136586 ( 10.3)   140628 ( 10.6)   123590 (  9.3)   129537 (  9.8) 
 226    13266   181218 ( 13.7)   152869 ( 11.5)   311505 ( 23.5)   143922 ( 10.8)   127607 (  9.6)   150700 ( 11.4) 
 227    10852   175103 ( 16.1)   153509 ( 14.1)   137117 ( 12.6)   142854 ( 13.2)   131833 ( 12.1)   160399 ( 14.8) 
 228    13386   226853 ( 16.9)   154114 ( 11.5)   160697 ( 12.0)   137228 ( 10.3)   118126 (  8.8)   119392 (  8.9) 
 229    13589   244251 ( 18.0)   154264 ( 11.4)   140856 ( 10.4)   180740 ( 13.3)   123654 (  9.1)   126721 (  9.3) 
 230    13574   111268 (  8.2)   154460 ( 11.4)   141702 ( 10.4)   475816 ( 35.1)   127398 (  9.4)   151582 ( 11.2) 
 231     9578   147248 ( 15.4)   155262 ( 16.2)   139293 ( 14.5)   140754 ( 14.7)   133030 ( 13.9)   168033 ( 17.5) 
 232     9336   149283 ( 16.0)   154815 ( 16.6)   139135 ( 14.9)   197058 ( 21.1)   119286 ( 12.8)   122225 ( 13.1) 
 233    13504   239616 ( 17.7)   156255 ( 11.6)   137388 ( 10.2)   142772 ( 10.6)   123749 (  9.2)   128952 (  9.5) 
 234    14186   302276 ( 21.3)   155955 ( 11.0)   138403 (  9.8)   137281 (  9.7)   128533 (  9.1)   141966 ( 10.0) 
 235    14308   244195 ( 17.1)   156846 ( 11.0)   139536 (  9.8)   143075 ( 10.0)   132646 (  9.3)   159950 ( 11.2) 
 236    12483   335462 ( 26.9)   157603 ( 12.6)   141369 ( 11.3)   141314 ( 11.3)   119652 (  9.6)   129810 ( 10.4) 
 237    14485   136408 (  9.4)   157360 ( 10.9)   141097 (  9.7)   305459 ( 21.1)   125175 (  8.6)   137432 (  9.5) 
 238    14450   538490 ( 37.3)   157843 ( 10.9)   163668 ( 11.3)   140328 (  9.7)   129928 (  9.0)   147411 ( 10.2) 
 239    11347   149403 ( 13.2)   158850 ( 14.0)   140962 ( 12.4)   143570 ( 12.7)   133021 ( 11.7)   158069 ( 13.9) 
 240    10098   131156 ( 13.0)   157291 ( 15.6)   185324 ( 18.4)   190155 ( 18.8)   119897 ( 11.9)   121779 ( 12.1) 
 241    14745   201264 ( 13.6)   159964 ( 10.8)   315768 ( 21.4)   179100 ( 12.1)   126365 (  8.6)   138795 (  9.4) 
 242    14732   152489 ( 10.4)   160554 ( 10.9)   140699 (  9.6)   145438 (  9.9)   147030 ( 10.0)   155298 ( 10.5) 
 243    10406   171342 ( 16.5)   160903 ( 15.5)   140258 ( 13.5)   141146 ( 13.6)   134339 ( 12.9)   163143 ( 15.7) 
 244    15011   232047 ( 15.5)   161296 ( 10.7)   163491 ( 10.9)   296687 ( 19.8)   118868 (  7.9)   122250 (  8.1) 
 245    15001   178175 ( 11.9)   161715 ( 10.8)   233711 ( 15.6)   188028 ( 12.5)   131794 (  8.8)   130690 (  8.7) 
 246    10315   179396 ( 17.4)   162027 ( 15.7)   140793 ( 13.6)   141298 ( 13.7)   127704 ( 12.4)   149269 ( 14.5) 
 247    10400   147289 ( 14.2)   162502 ( 15.6)   140918 ( 13.5)   148596 ( 14.3)   132064 ( 12.7)   159276 ( 15.3) 
 248    15198   237289 ( 15.6)   162846 ( 10.7)   222054 ( 14.6)   142829 (  9.4)   119874 (  7.9)   133745 (  8.8) 
 249    10562   142438 ( 13.5)   163305 ( 15.5)   159217 ( 15.1)   144532 ( 13.7)   124912 ( 11.8)   137109 ( 13.0) 
 250    10618   144075 ( 13.6)   163264 ( 15.4)   172680 ( 16.3)   144659 ( 13.6)   128161 ( 12.1)   143762 ( 13.5) 
 251    15408   324761 ( 21.1)   163603 ( 10.6)   297357 ( 19.3)   144566 (  9.4)   134215 (  8.7)   163451 ( 10.6) 
 252    15687   352578 ( 22.5)   164197 ( 10.5)   137906 (  8.8)   144604 (  9.2)   121132 (  7.7)   121779 (  7.8) 
 253    10834   155791 ( 14.4)   164381 ( 15.2)   141760 ( 13.1)   142818 ( 13.2)   125435 ( 11.6)   129364 ( 11.9) 
 254    15786   193875 ( 12.3)   164618 ( 10.4)   146316 (  9.3)   145386 (  9.2)   128680 (  8.2)   152391 (  9.7) 
 255    16001   516470 ( 32.3)   165465 ( 10.3)   144964 (  9.1)   140910 (  8.8)   137606 (  8.6)   166287 ( 10.4) 
 256    11475   320251 ( 27.9)   161706 ( 14.1)   144578 ( 12.6)   213664 ( 18.6)   120458 ( 10.5)   122701 ( 10.7) 
 257    11120   153816 ( 13.8)   187636 ( 16.9)   144648 ( 13.0)   150545 ( 13.5)   129053 ( 11.6)   132539 ( 11.9) 
 258    16747   310959 ( 18.6)   187901 ( 11.2)   150237 (  9.0)   149486 (  8.9)   130236 (  7.8)   151455 (  9.0) 
 259    16407   271432 ( 16.5)   187497 ( 11.4)   166623 ( 10.2)   149647 (  9.1)   134862 (  8.2)   166999 ( 10.2) 
 260    16502   238486 ( 14.5)   188932 ( 11.4)   154690 (  9.4)   468023 ( 28.4)   126180 (  7.6)   124277 (  7.5) 
 261    16767   247030 ( 14.7)   188134 ( 11.2)   320838 ( 19.1)   196492 ( 11.7)   132159 (  7.9)   135636 (  8.1) 
 262    17367   251197 ( 14.5)   189695 ( 10.9)   150082 (  8.6)   149412 (  8.6)   136186 (  7.8)   153270 (  8.8) 
 263    16972   191404 ( 11.3)   189356 ( 11.2)   150466 (  8.9)   185468 ( 10.9)   140009 (  8.2)   170553 ( 10.0) 
 264    17166   275551 ( 16.1)   189052 ( 11.0)   153484 (  8.9)   236726 ( 13.8)   125833 (  7.3)   125485 (  7.3) 
 265    17399   261996 ( 15.1)   190262 ( 10.9)   184618 ( 10.6)   148673 (  8.5)   131827 (  7.6)   138052 (  7.9) 
 266    11987   322767 ( 26.9)   190557 ( 15.9)   161019 ( 13.4)   399278 ( 33.3)   137240 ( 11.4)   153554 ( 12.8) 
 267    17519   424056 ( 24.2)   191155 ( 10.9)   148169 (  8.5)   154892 (  8.8)   141978 (  8.1)   170988 (  9.8) 
 268    12437   159857 ( 12.9)   192105 ( 15.4)   327457 ( 26.3)   149906 ( 12.1)   127054 ( 10.2)   136614 ( 11.0) 
 269    18074   246924 ( 13.7)   191730 ( 10.6)   150239 (  8.3)   186049 ( 10.3)   131449 (  7.3)   138916 (  7.7) 
 270    18178   244231 ( 13.4)   192900 ( 10.6)   151933 (  8.4)   329833 ( 18.1)   141216 (  7.8)   171075 (  9.4) 
 271    13081   210679 ( 16.1)   191856 ( 14.7)   151958 ( 11.6)   143871 ( 11.0)   142467 ( 10.9)   171062 ( 13.1) 
 272    18437   330977 ( 18.0)   192047 ( 10.4)   188293 ( 10.2)   187642 ( 10.2)   126418 (  6.9)   129738 (  7.0) 
 273    12900   156059 ( 12.1)   193134 ( 15.0)   154635 ( 12.0)   147535 ( 11.4)   132938 ( 10.3)   135479 ( 10.5) 
 274    18878   399491 ( 21.2)   195261 ( 10.3)   150991 (  8.0)   189399 ( 10.0)   144270 (  7.6)   157587 (  8.3) 
 275    18921   257125 ( 13.6)   195525 ( 10.3)   162790 (  8.6)   148112 (  7.8)   144497 (  7.6)   169241 (  8.9) 
 276    13242   220059 ( 16.6)   196148 ( 14.8)   150071 ( 11.3)   150397 ( 11.4)   127665 (  9.6)   129584 (  9.8) 
 277    19278   297034 ( 15.4)   196030 ( 10.2)   154185 (  8.0)   146656 (  7.6)   131664 (  6.8)   143864 (  7.5) 
 278    19434   446456 ( 23.0)   196324 ( 10.1)   152264 (  7.8)   319677 ( 16.4)   138899 (  7.1)   156959 (  8.1) 
 279    19054   399445 ( 21.0)   196548 ( 10.3)   151204 (  7.9)   145335 (  7.6)   142305 (  7.5)   168800 (  8.9) 
 280    19015   330293 ( 17.4)   197525 ( 10.4)   183879 (  9.7)   146750 (  7.7)   126870 (  6.7)   137078 (  7.2) 
 281    19258   240950 ( 12.5)   197705 ( 10.3)   147026 (  7.6)   187310 (  9.7)   131988 (  6.9)   141298 (  7.3) 
 282    19728   245579 ( 12.4)   198610 ( 10.1)   154940 (  7.9)   148235 (  7.5)   137672 (  7.0)   156424 (  7.9) 
 283    19928   165840 (  8.3)   199139 ( 10.0)   151095 (  7.6)   148923 (  7.5)   141326 (  7.1)   172358 (  8.6) 
 284    13836   153368 ( 11.1)   199173 ( 14.4)   322982 ( 23.3)   149607 ( 10.8)   126594 (  9.1)   134559 (  9.7) 
 285    20381   252835 ( 12.4)   200006 (  9.8)   148025 (  7.3)   147644 (  7.2)   133119 (  6.5)   141482 (  6.9) 
 286    20379   249319 ( 12.2)   199974 (  9.8)   161755 (  7.9)   402913 ( 19.8)   136421 (  6.7)   154566 (  7.6) 
 287    20776   224502 ( 10.8)   200755 (  9.7)   153447 (  7.4)   147855 (  7.1)   142375 (  6.9)   168981 (  8.1) 
 288    20784   518351 ( 24.9)   199241 (  9.6)   146529 (  7.1)   328258 ( 15.8)   127529 (  6.1)   124637 (  6.0) 
 289    20266   247553 ( 12.2)   201915 ( 10.0)   148641 (  7.3)   152782 (  7.5)   132709 (  6.5)   142382 (  7.0) 
 290    20863   234797 ( 11.3)   202951 (  9.7)   151616 (  7.3)   150787 (  7.2)   137332 (  6.6)   164491 (  7.9) 
 291    17436   253457 ( 14.5)   203262 ( 11.7)   173726 ( 10.0)   149001 (  8.5)   141668 (  8.1)   175518 ( 10.1) 
 292    21342   247727 ( 11.6)   203686 (  9.5)   329029 ( 15.4)   150925 (  7.1)   126835 (  5.9)   134948 (  6.3) 
 293    22011   188844 (  8.6)   203807 (  9.3)   150207 (  6.8)   317190 ( 14.4)   132842 (  6.0)   147209 (  6.7) 
 294    21822   427996 ( 19.6)   204494 (  9.4)   148969 (  6.8)   149911 (  6.9)   136933 (  6.3)   159974 (  7.3) 
 295    15023   154256 ( 10.3)   204655 ( 13.6)   150574 ( 10.0)   179846 ( 12.0)   143760 (  9.6)   178303 ( 11.9) 
 296    21543   236229 ( 11.0)   205534 (  9.5)   148603 (  6.9)   323761 ( 15.0)   126829 (  5.9)   129565 (  6.0) 
 297    15031   148518 (  9.9)   205736 ( 13.7)   151074 ( 10.1)   175057 ( 11.6)   134153 (  8.9)   142727 (  9.5) 
 298    22284   268337 ( 12.0)   206219 (  9.3)   330973 ( 14.9)   463976 ( 20.8)   139182 (  6.2)   169252 (  7.6) 
 299    22452   376845 ( 16.8)   206416 (  9.2)   149259 (  6.6)   152614 (  6.8)   151942 (  6.8)   175907 (  7.8) 
 300    22757   304599 ( 13.4)   206828 (  9.1)   151196 (  6.6)   185629 (  8.2)   129234 (  5.7)   136446 (  6.0) 
 301    22968   324728 ( 14.1)   207978 (  9.1)   307814 ( 13.4)   179063 (  7.8)   134060 (  5.8)   148944 (  6.5) 
 302    22410   236480 ( 10.6)   207997 (  9.3)   153131 (  6.8)   417844 ( 18.6)   139643 (  6.2)   170690 (  7.6) 
 303    15612   150028 (  9.6)   208136 ( 13.3)   151268 (  9.7)   158565 ( 10.2)   143297 (  9.2)   184688 ( 11.8) 
 304    15581   147202 (  9.4)   206491 ( 13.3)   151460 (  9.7)   152803 (  9.8)   127396 (  8.2)   139656 (  9.0) 
 305    23327   289738 ( 12.4)   208665 (  8.9)   154066 (  6.6)   149808 (  6.4)   133599 (  5.7)   151018 (  6.5) 
 306    15978   159801 ( 10.0)   209182 ( 13.1)   151871 (  9.5)   177168 ( 11.1)   140975 (  8.8)   157649 (  9.9) 
 307    23271   340537 ( 14.6)   209917 (  9.0)   153930 (  6.6)   152947 (  6.6)   145503 (  6.3)   193825 (  8.3) 
 308    15983   152536 (  9.5)   210085 ( 13.1)   188486 ( 11.8)   153567 (  9.6)   127517 (  8.0)   128711 (  8.1) 
 309    24030   249751 ( 10.4)   210810 (  8.8)   154586 (  6.4)   159487 (  6.6)   133961 (  5.6)   139567 (  5.8) 
 310    23989   252657 ( 10.5)   211259 (  8.8)   151559 (  6.3)   194331 (  8.1)   138302 (  5.8)   167394 (  7.0) 
 311    16534   154247 (  9.3)   211537 ( 12.8)   487362 ( 29.5)   150167 (  9.1)   149294 (  9.0)   185443 ( 11.2) 
 312    23576   295889 ( 12.6)   212089 (  9.0)   155228 (  6.6)   153613 (  6.5)   127708 (  5.4)   125765 (  5.3) 
 313    16501   314004 ( 19.0)   212518 ( 12.9)   151960 (  9.2)   152703 (  9.3)   134849 (  8.2)   142608 (  8.6) 
 314    16646   155580 (  9.3)   213288 ( 12.8)   150263 (  9.0)   159407 (  9.6)   140208 (  8.4)   157196 (  9.4) 
 315    25287   232061 (  9.2)   213160 (  8.4)   153692 (  6.1)   153431 (  6.1)   145044 (  5.7)   190078 (  7.5) 
 316    16418   153925 (  9.4)   213864 ( 13.0)   153525 (  9.4)   153454 (  9.3)   128807 (  7.8)   126858 (  7.7) 
 317    24876   328709 ( 13.2)   214107 (  8.6)   151833 (  6.1)   154053 (  6.2)   135830 (  5.5)   150058 (  6.0) 
 318    17014   245329 ( 14.4)   215065 ( 12.6)   153975 (  9.0)   157361 (  9.2)   139747 (  8.2)   168126 (  9.9) 
 319    17196   157547 (  9.2)   215583 ( 12.5)   310975 ( 18.1)   196292 ( 11.4)   145197 (  8.4)   179879 ( 10.5) 
 320    25641   446010 ( 17.4)   213436 (  8.3)   161514 (  6.3)   154604 (  6.0)   136034 (  5.3)   127836 (  5.0) 
 321    17748   160617 (  9.0)   243337 ( 13.7)   189460 ( 10.7)   165023 (  9.3)   143927 (  8.1)   151650 (  8.5) 
 322    25991   386641 ( 14.9)   243816 (  9.4)   158094 (  6.1)   159811 (  6.1)   141208 (  5.4)   157724 (  6.1) 
 323    26383   254972 (  9.7)   244543 (  9.3)   165708 (  6.3)   161725 (  6.1)   147220 (  5.6)   184383 (  7.0) 
 324    17269   158291 (  9.2)   245100 ( 14.2)   337186 ( 19.5)   211097 ( 12.2)   137412 (  8.0)   130161 (  7.5) 
 325    26927   237476 (  8.8)   245375 (  9.1)   334693 ( 12.4)   330783 ( 12.3)   136139 (  5.1)   144379 (  5.4) 
 326    26894   471241 ( 17.5)   246135 (  9.2)   314693 ( 11.7)   213323 (  7.9)   141722 (  5.3)   162715 (  6.1) 
 327    18719   165866 (  8.9)   246693 ( 13.2)   327263 ( 17.5)   162065 (  8.7)   148185 (  7.9)   186731 ( 10.0) 
 328    26721   263401 (  9.9)   247119 (  9.2)   164643 (  6.2)   158928 (  5.9)   129666 (  4.9)   133458 (  5.0) 
 329    26949   250445 (  9.3)   245725 (  9.1)   331237 ( 12.3)   160403 (  6.0)   138671 (  5.1)   145202 (  5.4) 
 330    18302   159675 (  8.7)   248176 ( 13.6)   161394 (  8.8)   168597 (  9.2)   141461 (  7.7)   164674 (  9.0) 
 331    18499   313326 ( 16.9)   249211 ( 13.5)   171869 (  9.3)   162154 (  8.8)   160225 (  8.7)   191509 ( 10.4) 
 332    27954   334106 ( 12.0)   249127 (  8.9)   159552 (  5.7)   160785 (  5.8)   129847 (  4.6)   139566 (  5.0) 
 333    27803   253031 (  9.1)   249671 (  9.0)   172283 (  6.2)   160368 (  5.8)   136200 (  4.9)   157285 (  5.7) 
 334    27771   305975 ( 11.0)   249994 (  9.0)   164854 (  5.9)   158142 (  5.7)   143039 (  5.2)   163216 (  5.9) 
 335    18415   161188 (  8.8)   250595 ( 13.6)   164181 (  8.9)   162771 (  8.8)   149834 (  8.1)   190226 ( 10.3) 
 336    28136   251474 (  8.9)   249375 (  8.9)   319701 ( 11.4)   160789 (  5.7)   129981 (  4.6)   127634 (  4.5) 
 337    28858   251542 (  8.7)   251712 (  8.7)   159144 (  5.5)   200305 (  6.9)   137378 (  4.8)   151235 (  5.2) 
 338    18716   159943 (  8.5)   252591 ( 13.5)   494846 ( 26.4)   158785 (  8.5)   141667 (  7.6)   170857 (  9.1) 
 339    28932   243207 (  8.4)   253010 (  8.7)   317067 ( 11.0)   159563 (  5.5)   147813 (  5.1)   185207 (  6.4) 
 340    29203   242349 (  8.3)   253219 (  8.7)   335994 ( 11.5)   321046 ( 11.0)   129755 (  4.4)   128019 (  4.4) 
 341    28648   259983 (  9.1)   251581 (  8.8)   162977 (  5.7)   338968 ( 11.8)   136251 (  4.8)   152083 (  5.3) 
 342    19434   161719 (  8.3)   254041 ( 13.1)   192314 (  9.9)   203733 ( 10.5)   142459 (  7.3)   162874 (  8.4) 
 343    20093   253143 ( 12.6)   254916 ( 12.7)   210608 ( 10.5)   160122 (  8.0)   149468 (  7.4)   185985 (  9.3) 
 344    29707   266014 (  9.0)   255201 (  8.6)   160270 (  5.4)   161042 (  5.4)   131800 (  4.4)   135715 (  4.6) 
 345    29967   239806 (  8.0)   255646 (  8.5)   171453 (  5.7)   157676 (  5.3)   136193 (  4.5)   146140 (  4.9) 
 346    20050   165789 (  8.3)   256141 ( 12.8)   324999 ( 16.2)   164566 (  8.2)   142051 (  7.1)   166699 (  8.3) 
 347    29959   209502 (  7.0)   256874 (  8.6)   203848 (  6.8)   164899 (  5.5)   148575 (  5.0)   190407 (  6.4) 
 348    30355   242401 (  8.0)   257608 (  8.5)   162997 (  5.4)   256257 (  8.4)   130776 (  4.3)   128361 (  4.2) 
 349    21781   160397 (  7.4)   257344 ( 11.8)   162012 (  7.4)   160474 (  7.4)   137841 (  6.3)   145619 (  6.7) 
 350    30698   192460 (  6.3)   258665 (  8.4)   163959 (  5.3)   162035 (  5.3)   145804 (  4.7)   175965 (  5.7) 
 351    20581   163002 (  7.9)   258902 ( 12.6)   160729 (  7.8)   181662 (  8.8)   148541 (  7.2)   194576 (  9.5) 
 352    23051   156473 (  6.8)   257334 ( 11.2)   338371 ( 14.7)   197538 (  8.6)   133265 (  5.8)   129271 (  5.6) 
 353    31320   205919 (  6.6)   260308 (  8.3)   158366 (  5.1)   156138 (  5.0)   137603 (  4.4)   149993 (  4.8) 
 354    31189   207665 (  6.7)   260756 (  8.4)   170383 (  5.5)   163303 (  5.2)   146072 (  4.7)   163022 (  5.2) 
 355    20552   201497 (  9.8)   261387 ( 12.7)   569916 ( 27.7)   157540 (  7.7)   149453 (  7.3)   183443 (  8.9) 
 356    31558   334325 ( 10.6)   261919 (  8.3)   164154 (  5.2)   187576 (  5.9)   130567 (  4.1)   128269 (  4.1) 
 357    32275   190385 (  5.9)   262711 (  8.1)   158360 (  4.9)   324042 ( 10.0)   137000 (  4.2)   146348 (  4.5) 
 358    31862   463536 ( 14.5)   263407 (  8.3)   158807 (  5.0)   163897 (  5.1)   143475 (  4.5)   167601 (  5.3) 
 359    32521   202682 (  6.2)   263612 (  8.1)   161483 (  5.0)   159876 (  4.9)   158246 (  4.9)   196843 (  6.1) 
 360    32285   212651 (  6.6)   263913 (  8.2)   162067 (  5.0)   317876 (  9.8)   130100 (  4.0)   128758 (  4.0) 
 361    21672   327212 ( 15.1)   264671 ( 12.2)   159555 (  7.4)   161932 (  7.5)   137291 (  6.3)   147793 (  6.8) 
 362    33018   193351 (  5.9)   265632 (  8.0)   193385 (  5.9)   167928 (  5.1)   144451 (  4.4)   167165 (  5.1) 
 363    21782   159773 (  7.3)   265541 ( 12.2)   165067 (  7.6)   162595 (  7.5)   154710 (  7.1)   202361 (  9.3) 
 364    31976   245854 (  7.7)   266856 (  8.3)   163851 (  5.1)   160442 (  5.0)   131620 (  4.1)   142627 (  4.5) 
 365    21756   161592 (  7.4)   266774 ( 12.3)   160318 (  7.4)   162291 (  7.5)   137104 (  6.3)   148090 (  6.8) 
 366    24175   158892 (  6.6)   267457 ( 11.1)   160789 (  6.7)   319445 ( 13.2)   143036 (  5.9)   181141 (  7.5) 
 367    22257   327910 ( 14.7)   268225 ( 12.1)   324171 ( 14.6)   185094 (  8.3)   149557 (  6.7)   182373 (  8.2) 
 368    29419   259818 (  8.8)   266069 (  9.0)   205163 (  7.0)   322985 ( 11.0)   131234 (  4.5)   139666 (  4.7) 
 369    22600   157003 (  6.9)   268644 ( 11.9)   159227 (  7.0)   325179 ( 14.4)   137377 (  6.1)   150141 (  6.6) 
 370    34092   196337 (  5.8)   269117 (  7.9)   181094 (  5.3)   160889 (  4.7)   144859 (  4.2)   169179 (  5.0) 
 371    35074   188166 (  5.4)   269761 (  7.7)   157541 (  4.5)   260522 (  7.4)   155333 (  4.4)   197181 (  5.6) 
 372    34829   187796 (  5.4)   270320 (  7.8)   165675 (  4.8)   163988 (  4.7)   131408 (  3.8)   129129 (  3.7) 
 373    34808   172674 (  5.0)   270791 (  7.8)   160500 (  4.6)   336805 (  9.7)   137646 (  4.0)   149320 (  4.3) 
 374    34934   348000 ( 10.0)   271304 (  7.8)   162717 (  4.7)   162515 (  4.7)   148806 (  4.3)   167307 (  4.8) 
 375    34728   336633 (  9.7)   271776 (  7.8)   312003 (  9.0)   189973 (  5.5)   151603 (  4.4)   186621 (  5.4) 
 376    35089   171326 (  4.9)   272321 (  7.8)   161331 (  4.6)   160262 (  4.6)   131378 (  3.7)   131236 (  3.7) 
 377    35858   262830 (  7.3)   272916 (  7.6)   666774 ( 18.6)   163861 (  4.6)   139210 (  3.9)   160562 (  4.5) 
 378    23975   326549 ( 13.6)   273371 ( 11.4)   161575 (  6.7)   161328 (  6.7)   144978 (  6.0)   172922 (  7.2) 
 379    23759   330124 ( 13.9)   273802 ( 11.5)   164050 (  6.9)   186317 (  7.8)   153705 (  6.5)   192546 (  8.1) 
 380    32917   184191 (  5.6)   274339 (  8.3)   159648 (  4.9)   328069 ( 10.0)   132723 (  4.0)   129224 (  3.9) 
 381    36190   351441 (  9.7)   274881 (  7.6)   194130 (  5.4)   240022 (  6.6)   137974 (  3.8)   150441 (  4.2) 
 382    23596   159886 (  6.8)   275438 ( 11.7)   193813 (  8.2)   210171 (  8.9)   144551 (  6.1)   170593 (  7.2) 
 383    24238   323102 ( 13.3)   276148 ( 11.4)   165693 (  6.8)   163403 (  6.7)   151784 (  6.3)   194780 (  8.0) 
 384    32748   182427 (  5.6)   273451 (  8.4)   163997 (  5.0)   344941 ( 10.5)   132516 (  4.0)   142274 (  4.3) 
 385    37048   174715 (  4.7)   309894 (  8.4)   171063 (  4.6)   173705 (  4.7)   139413 (  3.8)   158965 (  4.3) 
 386    24067   174882 (  7.3)   310335 ( 12.9)   172507 (  7.2)   400197 ( 16.6)   146213 (  6.1)   173771 (  7.2) 
 387    37632   350916 (  9.3)   311543 (  8.3)   167367 (  4.4)   173407 (  4.6)   155545 (  4.1)   200374 (  5.3) 
 388    37698   346469 (  9.2)   311903 (  8.3)   178584 (  4.7)   171605 (  4.6)   133402 (  3.5)   142352 (  3.8) 
 389    37673   190409 (  5.1)   312098 (  8.3)   329311 (  8.7)   354484 (  9.4)   141581 (  3.8)   155299 (  4.1) 
 390    24659   206823 (  8.4)   313440 ( 12.7)   179701 (  7.3)   183394 (  7.4)   148903 (  6.0)   175825 (  7.1) 
 391    38409   204227 (  5.3)   313565 (  8.2)   421369 ( 11.0)   206400 (  5.4)   157729 (  4.1)   191834 (  5.0) 
 392    24872   167988 (  6.8)   313704 ( 12.6)   181147 (  7.3)   171493 (  6.9)   132836 (  5.3)   130346 (  5.2) 
 393    38461   205458 (  5.3)   314634 (  8.2)   173952 (  4.5)   167864 (  4.4)   141315 (  3.7)   151740 (  3.9) 
 394    38465   178696 (  4.6)   315406 (  8.2)   179963 (  4.7)   170960 (  4.4)   147686 (  3.8)   174985 (  4.5) 
 395    37644   346528 (  9.2)   316138 (  8.4)   326643 (  8.7)   197310 (  5.2)   154943 (  4.1)   195698 (  5.2) 
 396    39161   267393 (  6.8)   316713 (  8.1)   179201 (  4.6)   166323 (  4.2)   133348 (  3.4)   131277 (  3.4) 
 397    25943   168882 (  6.5)   317191 ( 12.2)   180378 (  7.0)   197629 (  7.6)   140315 (  5.4)   161564 (  6.2) 
 398    26707   167664 (  6.3)   317617 ( 11.9)   176614 (  6.6)   169255 (  6.3)   147387 (  5.5)   173294 (  6.5) 
 399    39598   198201 (  5.0)   318388 (  8.0)   332821 (  8.4)   173591 (  4.4)   154616 (  3.9)   201264 (  5.1) 
# ...the end 
