# starting test: OpenMP OFF... 
# sN[S/L] = stride-N [store/load] 
# pur  = pragma unroll 
# mur  = manual unroll 
# murv = manual unroll and vectorize 
# timing in cycles (ratio relative to memcpy) 
 # n   memcpy        loop copy      basic + s1S      basic + s1L    pur 4x4 + s1L    mur 4x4 + s1L   murv 4x4 + s1L 
   1      106      119 (  1.1)      116 (  1.1)      143 (  1.3)       96 (  0.9)      109 (  1.0)      186 (  1.8) 
   2       81       87 (  1.1)      135 (  1.7)      145 (  1.8)      132 (  1.6)      124 (  1.5)      153 (  1.9) 
   3       94       98 (  1.0)      264 (  2.8)      254 (  2.7)      279 (  3.0)      232 (  2.5)      317 (  3.4) 
   4       94      159 (  1.7)      357 (  3.8)      375 (  4.0)      399 (  4.2)      211 (  2.2)      158 (  1.7) 
   5      109      260 (  2.4)      477 (  4.4)      463 (  4.2)      479 (  4.4)      309 (  2.8)      271 (  2.5) 
   6      127      366 (  2.9)      617 (  4.9)      617 (  4.9)      628 (  4.9)      432 (  3.4)      408 (  3.2) 
   7      146      472 (  3.2)      742 (  5.1)      732 (  5.0)      741 (  5.1)      640 (  4.4)      639 (  4.4) 
   8      144      575 (  4.0)      725 (  5.0)      699 (  4.9)      721 (  5.0)      653 (  4.5)      374 (  2.6) 
   9      184      718 (  3.9)      871 (  4.7)      868 (  4.7)      865 (  4.7)      777 (  4.2)      558 (  3.0) 
  10      185      900 (  4.9)     1138 (  6.2)     1129 (  6.1)     1133 (  6.1)      960 (  5.2)      788 (  4.3) 
  11      214     1046 (  4.9)     1467 (  6.9)     1452 (  6.8)     1453 (  6.8)     1221 (  5.7)     1099 (  5.1) 
  12      319     1228 (  3.8)     1739 (  5.5)     1734 (  5.4)     1745 (  5.5)     1301 (  4.1)      694 (  2.2) 
  13      346     1435 (  4.1)     1917 (  5.5)     1880 (  5.4)     1914 (  5.5)     1491 (  4.3)      952 (  2.8) 
  14      337     1681 (  5.0)     2169 (  6.4)     2170 (  6.4)     2185 (  6.5)     1729 (  5.1)     1257 (  3.7) 
  15      361     1902 (  5.3)     2391 (  6.6)     2408 (  6.7)     2392 (  6.6)     2040 (  5.7)     1644 (  4.6) 
  16      304     2157 (  7.1)     2556 (  8.4)     2563 (  8.4)     2545 (  8.4)     2292 (  7.5)     1207 (  4.0) 
  17      394     2429 (  6.2)     2842 (  7.2)     2841 (  7.2)     2828 (  7.2)     2538 (  6.4)     1545 (  3.9) 
  18      391     2740 (  7.0)     3329 (  8.5)     3369 (  8.6)     3325 (  8.5)     2833 (  7.2)     1911 (  4.9) 
  19      414     3020 (  7.3)     3916 (  9.5)     3900 (  9.4)     3879 (  9.4)     3208 (  7.7)     2384 (  5.8) 
  20      399     3339 (  8.4)     4364 ( 10.9)     4395 ( 11.0)     4354 ( 10.9)     3470 (  8.7)     1767 (  4.4) 
  21      454     3680 (  8.1)     4614 ( 10.2)     4575 ( 10.1)     4615 ( 10.2)     3761 (  8.3)     2172 (  4.8) 
  22      440     4057 (  9.2)     5022 ( 11.4)     5048 ( 11.5)     5038 ( 11.4)     4117 (  9.4)     2625 (  6.0) 
  23      454     4410 (  9.7)     5351 ( 11.8)     5371 ( 11.8)     5345 ( 11.8)     4549 ( 10.0)     3160 (  7.0) 
  24      433     4797 ( 11.1)     5367 ( 12.4)     5379 ( 12.4)     5363 ( 12.4)     4989 ( 11.5)     2507 (  5.8) 
  25      517     5207 ( 10.1)     5773 ( 11.2)     5784 ( 11.2)     5765 ( 11.2)     5297 ( 10.2)     2976 (  5.8) 
  26      492     5644 ( 11.5)     6483 ( 13.2)     6495 ( 13.2)     6475 ( 13.2)     5700 ( 11.6)     3498 (  7.1) 
  27      545     6060 ( 11.1)     7291 ( 13.4)     7277 ( 13.4)     7251 ( 13.3)     6181 ( 11.3)     4120 (  7.6) 
  28      517     6508 ( 12.6)     7897 ( 15.3)     7843 ( 15.2)     7904 ( 15.3)     6686 ( 12.9)     3296 (  6.4) 
  29      578     6983 ( 12.1)     8236 ( 14.2)     8098 ( 14.0)     8236 ( 14.2)     7040 ( 12.2)     3836 (  6.6) 
  30      544     7490 ( 13.8)     8759 ( 16.1)     8693 ( 16.0)     8799 ( 16.2)     7495 ( 13.8)     4429 (  8.1) 
  31      607     7978 ( 13.1)     9191 ( 15.1)     9203 ( 15.2)     9274 ( 15.3)     8274 ( 13.6)     5358 (  8.8) 
  32      411     8497 ( 20.7)     9209 ( 22.4)     9493 ( 23.1)     9510 ( 23.1)     8740 ( 21.3)     4306 ( 10.5) 
  33      522     9038 ( 17.3)     9748 ( 18.7)     9806 ( 18.8)    10048 ( 19.2)     9829 ( 18.8)     6136 ( 11.8) 
  34      643     9610 ( 14.9)    10663 ( 16.6)    11368 ( 17.7)    12156 ( 18.9)    11231 ( 17.5)     6659 ( 10.4) 
  35      705    10156 ( 14.4)    11706 ( 16.6)    13527 ( 19.2)    14434 ( 20.5)    12396 ( 17.6)     8396 ( 11.9) 
  36      702    10737 ( 15.3)    12481 ( 17.8)    14488 ( 20.6)    15393 ( 21.9)    11992 ( 17.1)     6710 (  9.6) 
  37      775    11345 ( 14.6)    12890 ( 16.6)    16354 ( 21.1)    16288 ( 21.0)    13226 ( 17.1)     8215 ( 10.6) 
  38      753    11984 ( 15.9)    13545 ( 18.0)    18074 ( 24.0)    18497 ( 24.6)    16157 ( 21.5)    10588 ( 14.1) 
  39      816    12605 ( 15.4)    14075 ( 17.2)    17953 ( 22.0)    16551 ( 20.3)    14820 ( 18.2)     9644 ( 11.8) 
  40      565    13250 ( 23.5)    14091 ( 24.9)    17963 ( 31.8)    18153 ( 32.1)    16915 ( 29.9)     9661 ( 17.1) 
  41      741    13926 ( 18.8)    14746 ( 19.9)    18152 ( 24.5)    18539 ( 25.0)    19235 ( 26.0)    11957 ( 16.1) 
  42      773    14629 ( 18.9)    15886 ( 20.6)    20501 ( 26.5)    20530 ( 26.6)    20145 ( 26.1)    14484 ( 18.7) 
  43      815    15308 ( 18.8)    17161 ( 21.1)    22438 ( 27.5)    21801 ( 26.7)    20749 ( 25.5)    14536 ( 17.8) 
  44      810    16020 ( 19.8)    18133 ( 22.4)    23461 ( 29.0)    23548 ( 29.1)    22249 ( 27.5)    13245 ( 16.4) 
  45      875    16760 ( 19.2)    18609 ( 21.3)    22917 ( 26.2)    22954 ( 26.2)    25101 ( 28.7)    15353 ( 17.5) 
  46      629    20745 ( 33.0)    22391 ( 35.6)    24438 ( 38.9)    24502 ( 39.0)    25457 ( 40.5)    16906 ( 26.9) 
  47      807    23419 ( 29.0)    31994 ( 39.6)    24660 ( 30.6)    24685 ( 30.6)    26867 ( 33.3)    16428 ( 20.4) 
  48      773    24362 ( 31.5)    37255 ( 48.2)    26304 ( 34.0)    26250 ( 34.0)    31771 ( 41.1)    15521 ( 20.1) 
  49      893    25450 ( 28.5)    37420 ( 41.9)    26868 ( 30.1)    26744 ( 29.9)    31285 ( 35.0)    17314 ( 19.4) 
  50      901    26497 ( 29.4)    40804 ( 45.3)    28512 ( 31.6)    28336 ( 31.4)    32555 ( 36.1)    20745 ( 23.0) 
  51      688    27491 ( 40.0)    48398 ( 70.3)    30230 ( 43.9)    30077 ( 43.7)    33715 ( 49.0)    21901 ( 31.8) 
  52      845    28550 ( 33.8)    45008 ( 53.3)    31397 ( 37.2)    31357 ( 37.1)    35194 ( 41.6)    19971 ( 23.6) 
  53      926    29670 ( 32.0)    45830 ( 49.5)    31978 ( 34.5)    31904 ( 34.5)    36289 ( 39.2)    21939 ( 23.7) 
  54      931    30858 ( 33.1)    39207 ( 42.1)    33211 ( 35.7)    33131 ( 35.6)    37363 ( 40.1)    23550 ( 25.3) 
  55      994    31988 ( 32.2)    43977 ( 44.2)    34594 ( 34.8)    34439 ( 34.6)    38736 ( 39.0)    21984 ( 22.1) 
  56      746    33083 ( 44.3)    56214 ( 75.4)    34665 ( 46.5)    34565 ( 46.3)    40132 ( 53.8)    20492 ( 27.5) 
  57      944    34339 ( 36.4)    65168 ( 69.0)    36224 ( 38.4)    35848 ( 38.0)    41435 ( 43.9)    22674 ( 24.0) 
  58      965    35554 ( 36.8)    59891 ( 62.1)    37814 ( 39.2)    37693 ( 39.1)    42568 ( 44.1)    27165 ( 28.2) 
  59     1013    36718 ( 36.2)    63621 ( 62.8)    40101 ( 39.6)    39705 ( 39.2)    43994 ( 43.4)    28110 ( 27.7) 
  60      750    37940 ( 50.6)    65482 ( 87.3)    41136 ( 54.8)    41189 ( 54.9)    45611 ( 60.8)    25906 ( 34.5) 
  61      967    39231 ( 40.6)    66041 ( 68.3)    41917 ( 43.3)    41799 ( 43.2)    46832 ( 48.4)    28088 ( 29.0) 
  62      995    40585 ( 40.8)    68936 ( 69.3)    43428 ( 43.6)    43197 ( 43.4)    47940 ( 48.2)    29431 ( 29.6) 
  63     1046    41885 ( 40.0)    71736 ( 68.6)    45050 ( 43.1)    44689 ( 42.7)    49569 ( 47.4)    27357 ( 26.2) 
  64     1034    43145 ( 41.7)   345944 (334.6)    44849 ( 43.4)    44859 ( 43.4)    52981 ( 51.2)    25998 ( 25.1) 
  65     1023    44568 ( 43.6)    74090 ( 72.4)    46451 ( 45.4)    46300 ( 45.3)    52739 ( 51.6)    28209 ( 27.6) 
  66     1053    45952 ( 43.6)    78750 ( 74.8)    48614 ( 46.2)    48399 ( 46.0)    53943 ( 51.2)    33587 ( 31.9) 
  67     1111    47284 ( 42.6)    81663 ( 73.5)    51056 ( 46.0)    50691 ( 45.6)    55493 ( 49.9)    35054 ( 31.6) 
  68      885    48673 ( 55.0)    84457 ( 95.4)    52289 ( 59.1)    52360 ( 59.2)    57382 ( 64.8)    32380 ( 36.6) 
  69     1121    50132 ( 44.7)    85139 ( 75.9)    53168 ( 47.4)    53042 ( 47.3)    58729 ( 52.4)    34991 ( 31.2) 
  70     1160    51653 ( 44.5)    96333 ( 83.0)    54770 ( 47.2)    54609 ( 47.1)    60084 ( 51.8)    37081 ( 32.0) 
  71     1227    53120 ( 43.3)    90876 ( 74.1)    56512 ( 46.1)    56303 ( 45.9)    62032 ( 50.6)    34244 ( 27.9) 
  72     1007    54725 ( 54.3)    93025 ( 92.4)    56966 ( 56.6)    56671 ( 56.3)    63767 ( 63.3)    32505 ( 32.3) 
  73     1215    56138 ( 46.2)    95478 ( 78.6)    58088 ( 47.8)    58087 ( 47.8)    65256 ( 53.7)    35007 ( 28.8) 
  74     1247    57693 ( 46.3)    99191 ( 79.5)    60672 ( 48.7)    60440 ( 48.5)    66663 ( 53.5)    41663 ( 33.4) 
  75     1319    59189 ( 44.9)   101979 ( 77.3)    63540 ( 48.2)    63009 ( 47.8)    68476 ( 51.9)    42799 ( 32.4) 
  76     1226    60749 ( 49.6)   105261 ( 85.9)    64923 ( 53.0)    64871 ( 52.9)    70500 ( 57.5)    39840 ( 32.5) 
  77     1311    62372 ( 47.6)   114219 ( 87.1)    65756 ( 50.2)    65620 ( 50.1)    71955 ( 54.9)    42619 ( 32.5) 
  78     1345    64062 ( 47.6)   110490 ( 82.1)    67428 ( 50.1)    67367 ( 50.1)    73367 ( 54.5)    44423 ( 33.0) 
  79     1189    65698 ( 55.3)   112169 ( 94.3)    69231 ( 58.2)    69228 ( 58.2)    75532 ( 63.5)    40788 ( 34.3) 
  80     1275    67294 ( 52.8)   114739 ( 90.0)    69462 ( 54.5)    69443 ( 54.5)    79557 ( 62.4)    38999 ( 30.6) 
  81     1402    69053 ( 49.3)   116561 ( 83.1)    71458 ( 51.0)    71228 ( 50.8)    79210 ( 56.5)    41702 ( 29.7) 
  82     1199    70955 ( 59.2)   121319 (101.2)    74089 ( 61.8)    74015 ( 61.7)    80724 ( 67.3)    49406 ( 41.2) 
  83     1411    72436 ( 51.3)   124536 ( 88.3)    77026 ( 54.6)    76680 ( 54.3)    82692 ( 58.6)    51249 ( 36.3) 
  84     1442    74164 ( 51.4)   128266 ( 89.0)    78530 ( 54.5)    78730 ( 54.6)    84985 ( 58.9)    47807 ( 33.2) 
  85     1286    75957 ( 59.1)   130267 (101.3)    79521 ( 61.8)    79552 ( 61.9)    86560 ( 67.3)    51055 ( 39.7) 
  86     1460    77815 ( 53.3)   135987 ( 93.1)    81485 ( 55.8)    81463 ( 55.8)    88211 ( 60.4)    53702 ( 36.8) 
  87     1519    79617 ( 52.4)   136353 ( 89.8)    83515 ( 55.0)    83520 ( 55.0)    90642 ( 59.7)    49130 ( 32.3) 
  88     1329    81380 ( 61.2)   138552 (104.3)    83836 ( 63.1)    83746 ( 63.0)    92393 ( 69.5)    46697 ( 35.1) 
  89     1566    83306 ( 53.2)   141261 ( 90.2)    85791 ( 54.8)    85707 ( 54.7)    94421 ( 60.3)    49843 ( 31.8) 
  90     1593    85194 ( 53.5)   146309 ( 91.8)    88723 ( 55.7)    88564 ( 55.6)    96110 ( 60.3)    59164 ( 37.1) 
  91     1437    87208 ( 60.7)   150004 (104.4)    92245 ( 64.2)    91878 ( 63.9)    98563 ( 68.6)    60539 ( 42.1) 
  92     1591    88922 ( 55.9)   153451 ( 96.4)    93725 ( 58.9)    93934 ( 59.0)   100810 ( 63.4)    56823 ( 35.7) 
  93     1685    90881 ( 53.9)   155528 ( 92.3)    94795 ( 56.3)    94822 ( 56.3)   102477 ( 60.8)    60246 ( 35.8) 
  94     1601    92909 ( 58.0)   159762 ( 99.8)    96909 ( 60.5)    96906 ( 60.5)   104167 ( 65.1)    62388 ( 39.0) 
  95     1707    94877 ( 55.6)   162295 ( 95.1)    99155 ( 58.1)    99149 ( 58.1)   106904 ( 62.6)    56941 ( 33.4) 
  96     1689    96810 ( 57.3)   777265 (460.2)    99404 ( 58.9)    99409 ( 58.9)   111506 ( 66.0)    54637 ( 32.3) 
  97     1725    98902 ( 57.3)   166848 ( 96.7)   101554 ( 58.9)   101536 ( 58.9)   111084 ( 64.4)    58078 ( 33.7) 
  98     1749   100957 ( 57.7)   173196 ( 99.0)   104649 ( 59.8)   104641 ( 59.8)   112865 ( 64.5)    68364 ( 39.1) 
  99     1622   102958 ( 63.5)   176442 (108.8)   108381 ( 66.8)   108056 ( 66.6)   115306 ( 71.1)    70555 ( 43.5) 
 100     1797   105022 ( 58.4)   180901 (100.7)   110249 ( 61.4)   110483 ( 61.5)   117990 ( 65.7)    66199 ( 36.8) 
 101     1906   107149 ( 56.2)   182306 ( 95.6)   111422 ( 58.5)   111443 ( 58.5)   119751 ( 62.8)    70234 ( 36.8) 
 102     1813   109345 ( 60.3)   187886 (103.6)   113691 ( 62.7)   113693 ( 62.7)   121678 ( 67.1)    73329 ( 40.4) 
 103     1923   111480 ( 58.0)   192150 ( 99.9)   116200 ( 60.4)   116128 ( 60.4)   124774 ( 64.9)    66654 ( 34.7) 
 104     1720   113579 ( 66.0)   193150 (112.3)   116426 ( 67.7)   116399 ( 67.7)   126592 ( 73.6)    63713 ( 37.0) 
 105     1945   115841 ( 59.6)   195356 (100.4)   118704 ( 61.0)   118704 ( 61.0)   128994 ( 66.3)    67520 ( 34.7) 
 106     2016   118064 ( 58.6)   202331 (100.4)   122067 ( 60.5)   122063 ( 60.5)   130936 ( 64.9)    79722 ( 39.5) 
 107     1978   120231 ( 60.8)   206392 (104.3)   126182 ( 63.8)   125753 ( 63.6)   133685 ( 67.6)    81369 ( 41.1) 
 108     2021   122463 ( 60.6)   210571 (104.2)   128183 ( 63.4)   128370 ( 63.5)   136518 ( 67.5)    76819 ( 38.0) 
 109     1919   124760 ( 65.0)   212009 (110.5)   129378 ( 67.4)   129403 ( 67.4)   138382 ( 72.1)    80908 ( 42.2) 
 110     2087   127119 ( 60.9)   225276 (107.9)   131821 ( 63.2)   131826 ( 63.2)   140303 ( 67.2)    83516 ( 40.0) 
 111     1907   129425 ( 67.9)   220132 (115.4)   134443 ( 70.5)   134447 ( 70.5)   143744 ( 75.4)    75740 ( 39.7) 
 112     2056   131692 ( 64.1)   223874 (108.9)   134756 ( 65.5)   134751 ( 65.5)   148847 ( 72.4)    73131 ( 35.6) 
 113     2213   134123 ( 60.6)   227242 (102.7)   137233 ( 62.0)   137223 ( 62.0)   148348 ( 67.0)    76842 ( 34.7) 
 114     2161   136511 ( 63.2)   243333 (112.6)   140906 ( 65.2)   140828 ( 65.2)   150410 ( 69.6)    90481 ( 41.9) 
 115     2246   138847 ( 61.8)   237260 (105.6)   145179 ( 64.6)   144802 ( 64.5)   153316 ( 68.3)    92901 ( 41.4) 
 116     2196   141245 ( 64.3)   242566 (110.5)   147334 ( 67.1)   147605 ( 67.2)   156408 ( 71.2)    87639 ( 39.9) 
 117     2324   143709 ( 61.8)   244780 (105.3)   148693 ( 64.0)   148715 ( 64.0)   158306 ( 68.1)    92455 ( 39.8) 
 118     2142   146239 ( 68.3)   250690 (117.0)   151299 ( 70.6)   151302 ( 70.6)   160513 ( 74.9)    96041 ( 44.8) 
 119     2378   148709 ( 62.5)   255730 (107.5)   154102 ( 64.8)   154115 ( 64.8)   164305 ( 69.1)    86869 ( 36.5) 
 120     2166   151145 ( 69.8)   256737 (118.5)   154452 ( 71.3)   154431 ( 71.3)   166165 ( 76.7)    83183 ( 38.4) 
 121     2722   153780 ( 56.5)   259889 ( 95.5)   157082 ( 57.7)   157079 ( 57.7)   168911 ( 62.1)    87854 ( 32.3) 
 122     2839   156532 ( 55.1)   280947 ( 99.0)   160944 ( 56.7)   160943 ( 56.7)   171147 ( 60.3)   103354 ( 36.4) 
 123     2755   158851 ( 57.7)   271753 ( 98.6)   165585 ( 60.1)   165188 ( 60.0)   174398 ( 63.3)   105228 ( 38.2) 
 124     2815   161528 ( 57.4)   274205 ( 97.4)   167893 ( 59.6)   168189 ( 59.7)   177628 ( 63.1)    99859 ( 35.5) 
 125     3442   164372 ( 47.8)   277323 ( 80.6)   169345 ( 49.2)   169371 ( 49.2)   179623 ( 52.2)   104686 ( 30.4) 
 126     3017   166965 ( 55.3)   284583 ( 94.3)   172106 ( 57.0)   172121 ( 57.1)   181854 ( 60.3)   107533 ( 35.6) 
 127     3744   169711 ( 45.3)   287346 ( 76.7)   175126 ( 46.8)   175120 ( 46.8)   186045 ( 49.7)    97185 ( 26.0) 
 128     3743   172222 ( 46.0)  1380829 (368.9)   175464 ( 46.9)   175476 ( 46.9)   191564 ( 51.2)    93904 ( 25.1) 
 129     3963   174983 ( 44.2)   295100 ( 74.5)   178294 ( 45.0)   178295 ( 45.0)   190964 ( 48.2)    98522 ( 24.9) 
 130     3196   177820 ( 55.6)   303572 ( 95.0)   182395 ( 57.1)   182396 ( 57.1)   193327 ( 60.5)   115440 ( 36.1) 
 131     3812   180481 ( 47.3)   308364 ( 80.9)   187350 ( 49.1)   186931 ( 49.0)   196733 ( 51.6)   118317 ( 31.0) 
 132     3283   183265 ( 55.8)   311374 ( 94.8)   189789 ( 57.8)   190112 ( 57.9)   200242 ( 61.0)   112071 ( 34.1) 
 133     3805   185998 ( 48.9)   314657 ( 82.7)   191328 ( 50.3)   191369 ( 50.3)   202300 ( 53.2)   117746 ( 30.9) 
 134     3413   188905 ( 55.3)   322456 ( 94.5)   194266 ( 56.9)   194284 ( 56.9)   204739 ( 60.0)   121807 ( 35.7) 
 135     4194   191764 ( 45.7)   325261 ( 77.6)   197464 ( 47.1)   197479 ( 47.1)   209303 ( 49.9)   109775 ( 26.2) 
 136     3705   194617 ( 52.5)   329315 ( 88.9)   198019 ( 53.4)   198017 ( 53.4)   211292 ( 57.0)   105955 ( 28.6) 
 137     4193   197371 ( 47.1)   332619 ( 79.3)   200832 ( 47.9)   200833 ( 47.9)   214223 ( 51.1)   110919 ( 26.5) 
 138     3804   200270 ( 52.6)   343164 ( 90.2)   205188 ( 53.9)   205194 ( 53.9)   216755 ( 57.0)   130128 ( 34.2) 
 139     4280   203111 ( 47.5)   346083 ( 80.9)   210448 ( 49.2)   210003 ( 49.1)   220531 ( 51.5)   132175 ( 30.9) 
 140     4219   206024 ( 48.8)   352843 ( 83.6)   213039 ( 50.5)   213374 ( 50.6)   224154 ( 53.1)   125921 ( 29.8) 
 141     4432   208994 ( 47.2)   362585 ( 81.8)   214669 ( 48.4)   214700 ( 48.4)   226267 ( 51.1)   131529 ( 29.7) 
 142     4290   212028 ( 49.4)   361788 ( 84.3)   217775 ( 50.8)   217788 ( 50.8)   228756 ( 53.3)   134707 ( 31.4) 
 143     4507   215009 ( 47.7)   364617 ( 80.9)   221164 ( 49.1)   221173 ( 49.1)   233735 ( 51.9)   121358 ( 26.9) 
 144     4347   217952 ( 50.1)  1747280 (402.0)   221557 ( 51.0)   221564 ( 51.0)   239646 ( 55.1)   117992 ( 27.1) 
 145     4111   221061 ( 53.8)   372374 ( 90.6)   224735 ( 54.7)   224726 ( 54.7)   238969 ( 58.1)   122848 ( 29.9) 
 146     4563   224308 ( 49.2)   381777 ( 83.7)   229509 ( 50.3)   229508 ( 50.3)   241762 ( 53.0)   143707 ( 31.5) 
 147     4222   227136 ( 53.8)   386557 ( 91.6)   234906 ( 55.6)   234438 ( 55.5)   245560 ( 58.2)   146784 ( 34.8) 
 148     4723   230215 ( 48.7)   392880 ( 83.2)   237631 ( 50.3)   237985 ( 50.4)   249451 ( 52.8)   139533 ( 29.5) 
 149     4663   233538 ( 50.1)   395291 ( 84.8)   239539 ( 51.4)   239573 ( 51.4)   251622 ( 54.0)   146020 ( 31.3) 
 150     4814   236555 ( 49.1)   403310 ( 83.8)   242624 ( 50.4)   242640 ( 50.4)   254370 ( 52.8)   150695 ( 31.3) 
 151     4815   239709 ( 49.8)   411238 ( 85.4)   246206 ( 51.1)   246221 ( 51.1)   259735 ( 53.9)   135517 ( 28.1) 
 152     4435   242814 ( 54.7)   410925 ( 92.7)   246635 ( 55.6)   246629 ( 55.6)   261440 ( 58.9)   130869 ( 29.5) 
 153     4927   246090 ( 49.9)   414376 ( 84.1)   249963 ( 50.7)   249963 ( 50.7)   264899 ( 53.8)   136821 ( 27.8) 
 154     4866   249329 ( 51.2)   495051 (101.7)   254816 ( 52.4)   254816 ( 52.4)   267716 ( 55.0)   159931 ( 32.9) 
 155     5087   252503 ( 49.6)   434811 ( 85.5)   260695 ( 51.2)   260199 ( 51.1)   272061 ( 53.5)   162221 ( 31.9) 
 156     5035   255747 ( 50.8)   436518 ( 86.7)   263570 ( 52.3)   263940 ( 52.4)   276097 ( 54.8)   154832 ( 30.8) 
 157     4676   259240 ( 55.4)   438695 ( 93.8)   265560 ( 56.8)   265597 ( 56.8)   278424 ( 59.5)   161500 ( 34.5) 
 158     5174   262431 ( 50.7)   447191 ( 86.4)   268822 ( 52.0)   268836 ( 52.0)   281047 ( 54.3)   164982 ( 31.9) 
 159     5115   265744 ( 52.0)   451346 ( 88.2)   272588 ( 53.3)   272604 ( 53.3)   286886 ( 56.1)   148318 ( 29.0) 
 160     5244   269024 ( 51.3)  2155924 (411.1)   273027 ( 52.1)   273033 ( 52.1)   293095 ( 55.9)   143862 ( 27.4) 
 161     5298   272466 ( 51.4)   460709 ( 87.0)   276551 ( 52.2)   276552 ( 52.2)   292321 ( 55.2)   149699 ( 28.3) 
 162     5237   276058 ( 52.7)   469296 ( 89.6)   281824 ( 53.8)   281823 ( 53.8)   295344 ( 56.4)   175050 ( 33.4) 
 163     5470   279217 ( 51.0)  1390772 (254.3)   287846 ( 52.6)   287316 ( 52.5)   299799 ( 54.8)   178389 ( 32.6) 
 164     5436   282631 ( 52.0)   483954 ( 89.0)   290849 ( 53.5)   291239 ( 53.6)   304115 ( 55.9)   169987 ( 31.3) 
 165     5088   286103 ( 56.2)   544310 (107.0)   292759 ( 57.5)   292795 ( 57.5)   306289 ( 60.2)   177403 ( 34.9) 
 166     5615   289647 ( 51.6)   493227 ( 87.8)   296358 ( 52.8)   296373 ( 52.8)   309330 ( 55.1)   182638 ( 32.5) 
 167     5541   293311 ( 52.9)   634311 (114.5)   300504 ( 54.2)   300521 ( 54.2)   315791 ( 57.0)   163879 ( 29.6) 
 168     5223   296579 ( 56.8)   501591 ( 96.0)   300779 ( 57.6)   300776 ( 57.6)   317136 ( 60.7)   158535 ( 30.4) 
 169     5786   300190 ( 51.9)   510071 ( 88.2)   304472 ( 52.6)   304473 ( 52.6)   320958 ( 55.5)   164841 ( 28.5) 
 170     5679   303758 ( 53.5)   516484 ( 90.9)   309819 ( 54.6)   309818 ( 54.6)   324061 ( 57.1)   192805 ( 34.0) 
 171     5386   307278 ( 57.1)  2224030 (412.9)   316330 ( 58.7)   315774 ( 58.6)   329633 ( 61.2)   195316 ( 36.3) 
 172     5938   310855 ( 52.4)   532760 ( 89.7)   319490 ( 53.8)   320080 ( 53.9)   333450 ( 56.2)   186663 ( 31.4) 
 173     5861   314494 ( 53.7)   554568 ( 94.6)   321474 ( 54.8)   321511 ( 54.9)   335650 ( 57.3)   194210 ( 33.1) 
 174     5519   318205 ( 57.7)   541493 ( 98.1)   325240 ( 58.9)   325255 ( 58.9)   338751 ( 61.4)   198507 ( 36.0) 
 175     6104   321861 ( 52.7)   544270 ( 89.2)   329398 ( 54.0)   329413 ( 54.0)   345493 ( 56.6)   177727 ( 29.1) 
 176     5946   325654 ( 54.8)  2608624 (438.7)   330056 ( 55.5)   330062 ( 55.5)   352126 ( 59.2)   173289 ( 29.1) 
 177     5744   329250 ( 57.3)   561628 ( 97.8)   333749 ( 58.1)   333745 ( 58.1)   351108 ( 61.1)   179200 ( 31.2) 
 178     6242   333171 ( 53.4)   565913 ( 90.7)   339520 ( 54.4)   339515 ( 54.4)   354433 ( 56.8)   209311 ( 33.5) 
 179     6258   336675 ( 53.8)   571056 ( 91.3)   346153 ( 55.3)   345577 ( 55.2)   359445 ( 57.4)   213030 ( 34.0) 
 180     6224   340607 ( 54.7)   592750 ( 95.2)   349629 ( 56.2)   350053 ( 56.2)   364343 ( 58.5)   203624 ( 32.7) 
 181     6458   344233 ( 53.3)   583112 ( 90.3)   351543 ( 54.4)   351577 ( 54.4)   366353 ( 56.7)   211827 ( 32.8) 
 182     6422   348292 ( 54.2)   611608 ( 95.2)   355651 ( 55.4)   355665 ( 55.4)   369798 ( 57.6)   217835 ( 33.9) 
 183     6423   351928 ( 54.8)  2215143 (344.9)   359834 ( 56.0)   359840 ( 56.0)   376925 ( 58.7)   194757 ( 30.3) 
 184     6103   355898 ( 58.3)   601185 ( 98.5)   360493 ( 59.1)   360491 ( 59.1)   378383 ( 62.0)   189040 ( 31.0) 
 185     6675   359658 ( 53.9)   703974 (105.5)   364360 ( 54.6)   364360 ( 54.6)   382421 ( 57.3)   195820 ( 29.3) 
 186     6642   363751 ( 54.8)   617561 ( 93.0)   370379 ( 55.8)   370378 ( 55.8)   385755 ( 58.1)   228788 ( 34.4) 
 187     6651   367418 ( 55.2)   622714 ( 93.6)   377319 ( 56.7)   376718 ( 56.6)   391363 ( 58.8)   231527 ( 34.8) 
 188     6304   371335 ( 58.9)   654221 (103.8)   380772 ( 60.4)   381418 ( 60.5)   396215 ( 62.9)   221779 ( 35.2) 
 189     6887   375314 ( 54.5)   654106 ( 95.0)   382945 ( 55.6)   382988 ( 55.6)   398407 ( 57.8)   230212 ( 33.4) 
 190     6848   379361 ( 55.4)   655617 ( 95.7)   387043 ( 56.5)   387056 ( 56.5)   401815 ( 58.7)   234893 ( 34.3) 
 191     6850   383532 ( 56.0)   650656 ( 95.0)   391763 ( 57.2)   391776 ( 57.2)   409719 ( 59.8)   210313 ( 30.7) 
 192     7005   387296 ( 55.3)  3103588 (443.1)   392096 ( 56.0)   392108 ( 56.0)   416173 ( 59.4)   204493 ( 29.2) 
 193     7116   391596 ( 55.0)   676589 ( 95.1)   396507 ( 55.7)   396512 ( 55.7)   415365 ( 58.4)   211582 ( 29.7) 
 194     7092   395489 ( 55.8)   671694 ( 94.7)   402409 ( 56.7)   402406 ( 56.7)   418646 ( 59.0)   246485 ( 34.8) 
 195     7127   399694 ( 56.1)   676651 ( 94.9)   410026 ( 57.5)   409401 ( 57.4)   424691 ( 59.6)   250879 ( 35.2) 
 196     6773   403587 ( 59.6)   702721 (103.8)   413412 ( 61.0)   413881 ( 61.1)   429619 ( 63.4)   239884 ( 35.4) 
 197     7383   407740 ( 55.2)  2054502 (278.3)   415703 ( 56.3)   415744 ( 56.3)   431824 ( 58.5)   249278 ( 33.8) 
 198     7357   412135 ( 56.0)   709630 ( 96.5)   420135 ( 57.1)   420148 ( 57.1)   435408 ( 59.2)   255755 ( 34.8) 
 199     7378   416108 ( 56.4)   702421 ( 95.2)   424701 ( 57.6)   424716 ( 57.6)   443684 ( 60.1)   228535 ( 31.0) 
 200     7066   420409 ( 59.5)   709720 (100.4)   425404 ( 60.2)   425401 ( 60.2)   444843 ( 63.0)   221972 ( 31.4) 
 201     7655   424504 ( 55.5)   713252 ( 93.2)   429634 ( 56.1)   429629 ( 56.1)   449205 ( 58.7)   229373 ( 30.0) 
 202     7604   428750 ( 56.4)   727702 ( 95.7)   435956 ( 57.3)   435953 ( 57.3)   452882 ( 59.6)   267785 ( 35.2) 
 203     7630   432935 ( 56.7)   732907 ( 96.1)   443701 ( 58.2)   443045 ( 58.1)   459097 ( 60.2)   270726 ( 35.5) 
 204     7667   437191 ( 57.0)   742579 ( 96.9)   447414 ( 58.4)   447894 ( 58.4)   464352 ( 60.6)   259710 ( 33.9) 
 205     7383   441506 ( 59.8)  3054864 (413.8)   449807 ( 60.9)   449829 ( 60.9)   466534 ( 63.2)   269200 ( 36.5) 
 206     7922   446066 ( 56.3)   757374 ( 95.6)   454392 ( 57.4)   454407 ( 57.4)   470375 ( 59.4)   274655 ( 34.7) 
 207     7943   450209 ( 56.7)   863721 (108.7)   459148 ( 57.8)   459164 ( 57.8)   478976 ( 60.3)   244986 ( 30.8) 
 208     7869   454496 ( 57.8)  3642334 (462.9)   459693 ( 58.4)   459699 ( 58.4)   485771 ( 61.7)   238723 ( 30.3) 
 209     8012   459134 ( 57.3)   912491 (113.9)   464459 ( 58.0)   464459 ( 58.0)   484875 ( 60.5)   246619 ( 30.8) 
 210     7679   463358 ( 60.3)   786163 (102.4)   470846 ( 61.3)   470851 ( 61.3)   488428 ( 63.6)   287030 ( 37.4) 
 211     8275   467712 ( 56.5)   883480 (106.8)   478915 ( 57.9)   478232 ( 57.8)   494956 ( 59.8)   291495 ( 35.2) 
 212     8329   472318 ( 56.7)   805359 ( 96.7)   482941 ( 58.0)   483439 ( 58.0)   500667 ( 60.1)   279532 ( 33.6) 
 213     8369   476618 ( 57.0)   803722 ( 96.0)   485258 ( 58.0)   485285 ( 58.0)   502631 ( 60.1)   289879 ( 34.6) 
 214     8313   481166 ( 57.9)   987803 (118.8)   489822 ( 58.9)   489833 ( 58.9)   506515 ( 60.9)   296935 ( 35.7) 
 215     8402   485662 ( 57.8)   819197 ( 97.5)   494954 ( 58.9)   494971 ( 58.9)   515857 ( 61.4)   264846 ( 31.5) 
 216     8105   490297 ( 60.5)   827512 (102.1)   495690 ( 61.2)   495687 ( 61.2)   516661 ( 63.7)   257636 ( 31.8) 
 217     8695   494731 ( 56.9)  1130178 (130.0)   500268 ( 57.5)   500269 ( 57.5)   521403 ( 60.0)   265707 ( 30.6) 
 218     8736   499311 ( 57.2)   846844 ( 96.9)   507084 ( 58.0)   507084 ( 58.0)   525362 ( 60.1)   309885 ( 35.5) 
 219     8758   503831 ( 57.5)  1049832 (119.9)   515464 ( 58.9)   514759 ( 58.8)   532270 ( 60.8)   313060 ( 35.7) 
 220     8793   508605 ( 57.8)   996975 (113.4)   519630 ( 59.1)   520146 ( 59.2)   538142 ( 61.2)   300818 ( 34.2) 
 221     8817   513070 ( 58.2)   864870 ( 98.1)   522026 ( 59.2)   522062 ( 59.2)   540020 ( 61.2)   311245 ( 35.3) 
 222     8834   517793 ( 58.6)  1402212 (158.7)   526764 ( 59.6)   526778 ( 59.6)   544014 ( 61.6)   316934 ( 35.9) 
 223     8603   522635 ( 60.8)   989339 (115.0)   532269 ( 61.9)   532285 ( 61.9)   554063 ( 64.4)   282504 ( 32.8) 
 224     9085   527067 ( 58.0)  4224451 (465.0)   532683 ( 58.6)   532691 ( 58.6)   560731 ( 61.7)   276050 ( 30.4) 
 225     9248   532040 ( 57.5)   994262 (107.5)   537793 ( 58.2)   537792 ( 58.2)   559801 ( 60.5)   284121 ( 30.7) 
 226     9258   536790 ( 58.0)  1404038 (151.7)   544844 ( 58.9)   544845 ( 58.9)   563681 ( 60.9)   330662 ( 35.7) 
 227     9307   541295 ( 58.2)  1075817 (115.6)   553368 ( 59.5)   552634 ( 59.4)   570828 ( 61.3)   335351 ( 36.0) 
 228     9356   546055 ( 58.4)  1133964 (121.2)   557483 ( 59.6)   558015 ( 59.6)   576741 ( 61.6)   321851 ( 34.4) 
 229     9415   551059 ( 58.5)   928242 ( 98.6)   560341 ( 59.5)   560377 ( 59.5)   579020 ( 61.5)   333625 ( 35.4) 
 230     9435   555943 ( 58.9)   999407 (105.9)   565233 ( 59.9)   565249 ( 59.9)   583181 ( 61.8)   341284 ( 36.2) 
 231     9192   560769 ( 61.0)  1315853 (143.2)   570764 ( 62.1)   570780 ( 62.1)   593501 ( 64.6)   303821 ( 33.1) 
 232     9231   565379 ( 61.2)   954125 (103.4)   571169 ( 61.9)   571167 ( 61.9)   593710 ( 64.3)   295576 ( 32.0) 
 233     9279   570333 ( 61.5)  1543038 (166.3)   576288 ( 62.1)   576285 ( 62.1)   598978 ( 64.6)   304567 ( 32.8) 
 234     9869   575245 ( 58.3)   989072 (100.2)   583601 ( 59.1)   583599 ( 59.1)   603184 ( 61.1)   354985 ( 36.0) 
 235     9964   580290 ( 58.2)  1250599 (125.5)   592778 ( 59.5)   592017 ( 59.4)   611020 ( 61.3)   358654 ( 36.0) 
 236    10013   585215 ( 58.4)   985351 ( 98.4)   597044 ( 59.6)   597593 ( 59.7)   617097 ( 61.6)   344803 ( 34.4) 
 237    10033   590198 ( 58.8)   993768 ( 99.0)   599808 ( 59.8)   599845 ( 59.8)   619108 ( 61.7)   356541 ( 35.5) 
 238    10075   595069 ( 59.1)  1455026 (144.4)   604691 ( 60.0)   604706 ( 60.0)   623168 ( 61.9)   362999 ( 36.0) 
 239    10179   600068 ( 59.0)  3016356 (296.3)   610412 ( 60.0)   610428 ( 60.0)   634248 ( 62.3)   323127 ( 31.7) 
 240    10118   605024 ( 59.8)  4847854 (479.1)   611017 ( 60.4)   611023 ( 60.4)   641036 ( 63.4)   315375 ( 31.2) 
 241    10260   610146 ( 59.5)  2812581 (274.1)   616324 ( 60.1)   616325 ( 60.1)   639806 ( 62.4)   324701 ( 31.6) 
 242    10319   615416 ( 59.6)  1531953 (148.5)   624043 ( 60.5)   624041 ( 60.5)   644301 ( 62.4)   377349 ( 36.6) 
 243    10420   620259 ( 59.5)  1253201 (120.3)   633204 ( 60.8)   632407 ( 60.7)   652150 ( 62.6)   382325 ( 36.7) 
 244    10499   625539 ( 59.6)  1180935 (112.5)   637763 ( 60.7)   638332 ( 60.8)   658622 ( 62.7)   367548 ( 35.0) 
 245    10239   630686 ( 61.6)  1352622 (132.1)   640634 ( 62.6)   640670 ( 62.6)   660580 ( 64.5)   380134 ( 37.1) 
 246    10279   635907 ( 61.9)  1336851 (130.1)   645846 ( 62.8)   645864 ( 62.8)   664862 ( 64.7)   388534 ( 37.8) 
 247    10362   641071 ( 61.9)  1490201 (143.8)   651777 ( 62.9)   651792 ( 62.9)   676776 ( 65.3)   346042 ( 33.4) 
 248    10419   646201 ( 62.0)  1089892 (104.6)   652391 ( 62.6)   652387 ( 62.6)   676263 ( 64.9)   336647 ( 32.3) 
 249    10518   651492 ( 61.9)  1629115 (154.9)   657867 ( 62.5)   657864 ( 62.5)   682077 ( 64.8)   346541 ( 32.9) 
 250    10550   656740 ( 62.3)  1624203 (154.0)   665653 ( 63.1)   665662 ( 63.1)   686518 ( 65.1)   403394 ( 38.2) 
 251    10651   661754 ( 62.1)  2225443 (208.9)   675125 ( 63.4)   674303 ( 63.3)   694830 ( 65.2)   406925 ( 38.2) 
 252    10694   667197 ( 62.4)  1130222 (105.7)   679831 ( 63.6)   680419 ( 63.6)   701477 ( 65.6)   392136 ( 36.7) 
 253    10780   672521 ( 62.4)  1346029 (124.9)   682792 ( 63.3)   682827 ( 63.3)   703376 ( 65.2)   404794 ( 37.6) 
 254    10804   677911 ( 62.7)  1148811 (106.3)   688171 ( 63.7)   688188 ( 63.7)   707880 ( 65.5)   411919 ( 38.1) 
 255    10919   683241 ( 62.6)  1150305 (105.3)   694289 ( 63.6)   694303 ( 63.6)   720211 ( 66.0)   366508 ( 33.6) 
 256    11492   688534 ( 59.9)  5516724 (480.0)   694929 ( 60.5)   694940 ( 60.5)   727002 ( 63.3)   359035 ( 31.2) 
 257    11075   693996 ( 62.7)  5559461 (502.0)   700593 ( 63.3)   700588 ( 63.3)   725686 ( 65.5)   367561 ( 33.2) 
 258    11137   699413 ( 62.8)  3175619 (285.1)   708617 ( 63.6)   708620 ( 63.6)   730001 ( 65.5)   427041 ( 38.3) 
 259    11271   704776 ( 62.5)  2841535 (252.1)   718611 ( 63.8)   717769 ( 63.7)   739969 ( 65.7)   432442 ( 38.4) 
 260    11335   710205 ( 62.7)  2195553 (193.7)   723242 ( 63.8)   723849 ( 63.9)   745680 ( 65.8)   416039 ( 36.7) 
 261    11438   715697 ( 62.6)  3165108 (276.7)   726310 ( 63.5)   726344 ( 63.5)   747533 ( 65.4)   429997 ( 37.6) 
 262    11509   721254 ( 62.7)  2515375 (218.6)   731836 ( 63.6)   731854 ( 63.6)   752315 ( 65.4)   439043 ( 38.1) 
 263    11642   726755 ( 62.4)  2663836 (228.8)   738164 ( 63.4)   738177 ( 63.4)   765268 ( 65.7)   390125 ( 33.5) 
 264    11730   732217 ( 62.4)  2495981 (212.8)   738803 ( 63.0)   738802 ( 63.0)   764414 ( 65.2)   380108 ( 32.4) 
 265    11807   737841 ( 62.5)  3075817 (260.5)   744644 ( 63.1)   744640 ( 63.1)   770439 ( 65.3)   391129 ( 33.1) 
 266    11883   743430 ( 62.6)  3088490 (259.9)   752912 ( 63.4)   752922 ( 63.4)   775165 ( 65.2)   454835 ( 38.3) 
 267    12006   748776 ( 62.4)  2822866 (235.1)   763016 ( 63.6)   762148 ( 63.5)   784211 ( 65.3)   458493 ( 38.2) 
 268    12394   754375 ( 60.9)  3074321 (248.0)   767811 ( 62.0)   768437 ( 62.0)   791077 ( 63.8)   441637 ( 35.6) 
 269    12493   760033 ( 60.8)  3361295 (269.1)   770971 ( 61.7)   771005 ( 61.7)   792855 ( 63.5)   455790 ( 36.5) 
 270    12536   765757 ( 61.1)  3543251 (282.6)   776669 ( 62.0)   776684 ( 62.0)   797668 ( 63.6)   463906 ( 37.0) 
 271    12652   771607 ( 61.0)  3461227 (273.6)   783367 ( 61.9)   783382 ( 61.9)   811447 ( 64.1)   412378 ( 32.6) 
 272    12671   777238 ( 61.3)  6226015 (491.4)   784027 ( 61.9)   784033 ( 61.9)   818018 ( 64.6)   403848 ( 31.9) 
 273    12904   783037 ( 60.7)  3566302 (276.4)   790059 ( 61.2)   790058 ( 61.2)   816672 ( 63.3)   413138 ( 32.0) 
 274    12969   788607 ( 60.8)  3917281 (302.0)   798391 ( 61.6)   798391 ( 61.6)   821317 ( 63.3)   480100 ( 37.0) 
 275    13068   794303 ( 60.8)  5196687 (397.7)   808978 ( 61.9)   808086 ( 61.8)   830903 ( 63.6)   485418 ( 37.1) 
 276    13209   800071 ( 60.6)  4461678 (337.8)   813908 ( 61.6)   814548 ( 61.7)   837997 ( 63.4)   467384 ( 35.4) 
 277    13334   806080 ( 60.5)  4144569 (310.8)   817361 ( 61.3)   817395 ( 61.3)   839856 ( 63.0)   482798 ( 36.2) 
 278    13380   811971 ( 60.7)  4838773 (361.6)   823205 ( 61.5)   823222 ( 61.5)   844900 ( 63.1)   492711 ( 36.8) 
 279    12952   817812 ( 63.1)  3899400 (301.1)   829930 ( 64.1)   829944 ( 64.1)   859028 ( 66.3)   437537 ( 33.8) 
 280    13082   823423 ( 62.9)  5405999 (413.2)   830427 ( 63.5)   830416 ( 63.5)   857573 ( 65.6)   426575 ( 32.6) 
 281    13198   829568 ( 62.9)  5080961 (385.0)   836799 ( 63.4)   836794 ( 63.4)   864095 ( 65.5)   438229 ( 33.2) 
 282    13595   835495 ( 61.5)  4789058 (352.3)   845547 ( 62.2)   845549 ( 62.2)   869019 ( 63.9)   509179 ( 37.5) 
 283    13710   841175 ( 61.4)  6742819 (491.8)   856277 ( 62.5)   855360 ( 62.4)   878999 ( 64.1)   513018 ( 37.4) 
 284    13839   847112 ( 61.2)  4655064 (336.4)   861349 ( 62.2)   862008 ( 62.3)   886287 ( 64.0)   495015 ( 35.8) 
 285    13954   853286 ( 61.1)  5588329 (400.5)   864893 ( 62.0)   864928 ( 62.0)   888058 ( 63.6)   510353 ( 36.6) 
 286    14062   859349 ( 61.1)  4823118 (343.0)   870904 ( 61.9)   870920 ( 61.9)   893134 ( 63.5)   518830 ( 36.9) 
 287    14197   865166 ( 60.9)  6704296 (472.2)   877644 ( 61.8)   877669 ( 61.8)   909058 ( 64.0)   460523 ( 32.4) 
 288    14207   871136 ( 61.3)  6980046 (491.3)   878323 ( 61.8)   878329 ( 61.8)   914321 ( 64.4)   450748 ( 31.7) 
 289    13862   877449 ( 63.3)  6798500 (490.4)   884912 ( 63.8)   884909 ( 63.8)   913086 ( 65.9)   462129 ( 33.3) 
 290    14281   883544 ( 61.9)  4943831 (346.2)   893880 ( 62.6)   893886 ( 62.6)   918182 ( 64.3)   535776 ( 37.5) 
 291    14415   889391 ( 61.7)  5990546 (415.6)   904938 ( 62.8)   903993 ( 62.7)   928372 ( 64.4)   541478 ( 37.6) 
 292    14560   895678 ( 61.5)  5471757 (375.8)   910317 ( 62.5)   910996 ( 62.6)   936130 ( 64.3)   522076 ( 35.9) 
 293    14699   901654 ( 61.3)  5589433 (380.3)   913623 ( 62.2)   913650 ( 62.2)   937401 ( 63.8)   538476 ( 36.6) 
 294    14809   908070 ( 61.3)  7077696 (477.9)   919944 ( 62.1)   919959 ( 62.1)   942897 ( 63.7)   549015 ( 37.1) 
 295    14931   914240 ( 61.2)  6412992 (429.5)   927074 ( 62.1)   927090 ( 62.1)   958626 ( 64.2)   487299 ( 32.6) 
 296    14507   920196 ( 63.4)  7369157 (508.0)   927577 ( 63.9)   927577 ( 63.9)   956245 ( 65.9)   475569 ( 32.8) 
 297    14966   926676 ( 61.9)  7423068 (496.0)   934334 ( 62.4)   934334 ( 62.4)   963173 ( 64.4)   487894 ( 32.6) 
 298    15045   932934 ( 62.0)  6174305 (410.4)   943558 ( 62.7)   943560 ( 62.7)   968497 ( 64.4)   566575 ( 37.7) 
 299    15256   938953 ( 61.5)  5934294 (389.0)   954935 ( 62.6)   953960 ( 62.5)   979229 ( 64.2)   570753 ( 37.4) 
 300    15377   945406 ( 61.5)  7577917 (492.8)   960463 ( 62.5)   961156 ( 62.5)   986916 ( 64.2)   550893 ( 35.8) 
 301    15483   951735 ( 61.5)  6666816 (430.6)   964010 ( 62.3)   964045 ( 62.3)   988459 ( 63.8)   567645 ( 36.7) 
 302    15037   957950 ( 63.7)  7681945 (510.9)   970152 ( 64.5)   970171 ( 64.5)   993625 ( 66.1)   576485 ( 38.3) 
 303    15531   964474 ( 62.1)  6830013 (439.8)   977655 ( 62.9)   977670 ( 62.9)  1010241 ( 65.0)   512109 ( 33.0) 
 304    15555   970588 ( 62.4)  7779134 (500.1)   978194 ( 62.9)   978196 ( 62.9)  1016102 ( 65.3)   501338 ( 32.2) 
 305    15816   977240 ( 61.8)  6865321 (434.1)   985128 ( 62.3)   985128 ( 62.3)  1014823 ( 64.2)   513072 ( 32.4) 
 306    15924   983484 ( 61.8)  7879841 (494.8)   994400 ( 62.4)   994403 ( 62.4)  1019992 ( 64.1)   594589 ( 37.3) 
 307    15541   990042 ( 63.7)  4359691 (280.5)  1006459 ( 64.8)  1005467 ( 64.7)  1031481 ( 66.4)   600914 ( 38.7) 
 308    15990   996295 ( 62.3)  7492810 (468.6)  1011736 ( 63.3)  1012448 ( 63.3)  1039251 ( 65.0)   579417 ( 36.2) 
 309    16120  1002975 ( 62.2)  8037279 (498.6)  1015596 ( 63.0)  1015629 ( 63.0)  1040650 ( 64.6)   597515 ( 37.1) 
 310    16261  1009359 ( 62.1)  7690722 (473.0)  1021894 ( 62.8)  1021911 ( 62.8)  1046061 ( 64.3)   608541 ( 37.4) 
 311    16450  1016047 ( 61.8)  7242461 (440.3)  1029597 ( 62.6)  1029613 ( 62.6)  1063452 ( 64.6)   539740 ( 32.8) 
 312    16030  1022339 ( 63.8)  8190797 (511.0)  1030119 ( 64.3)  1030117 ( 64.3)  1060361 ( 66.1)   527051 ( 32.9) 
 313    16511  1029155 ( 62.3)  8244184 (499.3)  1037244 ( 62.8)  1037246 ( 62.8)  1067619 ( 64.7)   540468 ( 32.7) 
 314    16652  1035568 ( 62.2)  8302133 (498.6)  1046766 ( 62.9)  1046768 ( 62.9)  1073056 ( 64.4)   627038 ( 37.7) 
 315    16840  1042107 ( 61.9)  5859743 (348.0)  1058961 ( 62.9)  1057933 ( 62.8)  1084839 ( 64.4)   631522 ( 37.5) 
 316    16377  1048893 ( 64.0)  8404487 (513.2)  1064736 ( 65.0)  1065471 ( 65.1)  1092992 ( 66.7)   609919 ( 37.2) 
 317    16871  1055377 ( 62.6)  8458241 (501.3)  1068323 ( 63.3)  1068363 ( 63.3)  1094045 ( 64.8)   627891 ( 37.2) 
 318    17014  1062291 ( 62.4)  8511924 (500.3)  1075138 ( 63.2)  1075152 ( 63.2)  1099864 ( 64.6)   637412 ( 37.5) 
 319    17195  1068789 ( 62.2)  8540485 (496.7)  1082686 ( 63.0)  1082701 ( 63.0)  1117612 ( 65.0)   564904 ( 32.9) 
 320    17253  1075420 ( 62.3)  8615885 (499.4)  1083424 ( 62.8)  1083432 ( 62.8)  1123393 ( 65.1)   553405 ( 32.1) 
 321    17292  1082409 ( 62.6)  8670158 (501.4)  1090725 ( 63.1)  1090735 ( 63.1)  1121949 ( 64.9)   566095 ( 32.7) 
 322    17415  1089177 ( 62.5)  8725724 (501.0)  1100654 ( 63.2)  1100661 ( 63.2)  1127614 ( 64.7)   656326 ( 37.7) 
 323    17612  1095881 ( 62.2)  8781711 (498.6)  1113174 ( 63.2)  1112126 ( 63.1)  1139740 ( 64.7)   663106 ( 37.7) 
 324    17176  1102654 ( 64.2)  8835865 (514.4)  1118896 ( 65.1)  1119649 ( 65.2)  1148141 ( 66.8)   640114 ( 37.3) 
 325    17701  1109305 ( 62.7)  8890575 (502.3)  1122615 ( 63.4)  1122639 ( 63.4)  1148962 ( 64.9)   659218 ( 37.2) 
 326    17847  1116390 ( 62.6)  8327153 (466.6)  1129557 ( 63.3)  1129572 ( 63.3)  1155025 ( 64.7)   671330 ( 37.6) 
 327    18052  1123236 ( 62.2)  8554350 (473.9)  1137497 ( 63.0)  1137511 ( 63.0)  1173712 ( 65.0)   594822 ( 33.0) 
 328    17632  1130041 ( 64.1)  9051066 (513.3)  1138220 ( 64.6)  1138217 ( 64.6)  1170010 ( 66.4)   581186 ( 33.0) 
 329    18119  1137003 ( 62.8)  6021958 (332.4)  1145542 ( 63.2)  1145538 ( 63.2)  1177440 ( 65.0)   594872 ( 32.8) 
 330    18276  1143944 ( 62.6)  9167265 (501.6)  1155710 ( 63.2)  1155709 ( 63.2)  1183302 ( 64.7)   690693 ( 37.8) 
 331    18460  1150815 ( 62.3)  9223146 (499.6)  1168540 ( 63.3)  1167462 ( 63.2)  1196036 ( 64.8)   695479 ( 37.7) 
 332    18398  1157754 ( 62.9)  9277328 (504.3)  1174404 ( 63.8)  1175167 ( 63.9)  1204513 ( 65.5)   672058 ( 36.5) 
 333    18626  1164766 ( 62.5)  8675606 (465.8)  1178380 ( 63.3)  1178414 ( 63.3)  1205381 ( 64.7)   691502 ( 37.1) 
 334    18741  1171644 ( 62.5)  9388876 (501.0)  1185149 ( 63.2)  1185167 ( 63.2)  1211108 ( 64.6)   701171 ( 37.4) 
 335    18374  1178839 ( 64.2)  9407321 (512.0)  1193452 ( 65.0)  1193468 ( 65.0)  1230792 ( 67.0)   621428 ( 33.8) 
 336    18762  1185814 ( 63.2)  9499493 (506.3)  1194196 ( 63.6)  1194202 ( 63.7)  1235987 ( 65.9)   608489 ( 32.4) 
 337    19075  1192955 ( 62.5)  9556464 (501.0)  1201705 ( 63.0)  1201707 ( 63.0)  1234435 ( 64.7)   621992 ( 32.6) 
 338    18685  1200057 ( 64.2)  9612805 (514.5)  1212112 ( 64.9)  1212113 ( 64.9)  1240392 ( 66.4)   721494 ( 38.6) 
 339    19169  1207100 ( 63.0)  9674461 (504.7)  1225272 ( 63.9)  1224165 ( 63.9)  1253502 ( 65.4)   728425 ( 38.0) 
 340    19369  1214206 ( 62.7)  9730096 (502.4)  1231254 ( 63.6)  1232037 ( 63.6)  1262262 ( 65.2)   703710 ( 36.3) 
 341    19011  1221376 ( 64.2)  6315464 (332.2)  1235342 ( 65.0)  1235378 ( 65.0)  1262977 ( 66.4)   724190 ( 38.1) 
 342    19439  1228610 ( 63.2)  8988879 (462.4)  1242432 ( 63.9)  1242448 ( 63.9)  1269063 ( 65.3)   736911 ( 37.9) 
 343    19720  1235610 ( 62.7)  9902958 (502.2)  1250598 ( 63.4)  1250623 ( 63.4)  1290536 ( 65.4)   652682 ( 33.1) 
 344    19306  1242937 ( 64.4)  9954674 (515.6)  1251513 ( 64.8)  1251513 ( 64.8)  1284819 ( 66.6)   638137 ( 33.1) 
 345    19792  1250241 ( 63.2)  9740698 (492.2)  1259201 ( 63.6)  1259201 ( 63.6)  1292647 ( 65.3)   652795 ( 33.0) 
 346    20012  1257509 ( 62.8) 10077916 (503.6)  1269848 ( 63.5)  1269849 ( 63.5)  1298826 ( 64.9)   757442 ( 37.8) 
 347    19655  1264717 ( 64.3) 10135187 (515.7)  1283330 ( 65.3)  1282198 ( 65.2)  1312479 ( 66.8)   762431 ( 38.8) 
 348    20193  1272002 ( 63.0) 10195477 (504.9)  1289445 ( 63.9)  1290247 ( 63.9)  1321356 ( 65.4)   737278 ( 36.5) 
 349    20360  1279332 ( 62.8)  7999349 (392.9)  1293630 ( 63.5)  1293664 ( 63.5)  1321882 ( 64.9)   757897 ( 37.2) 
 350    20279  1286744 ( 63.5) 10310842 (508.4)  1300879 ( 64.1)  1300893 ( 64.1)  1328084 ( 65.5)   768406 ( 37.9) 
 351    20512  1294083 ( 63.1) 10369326 (505.5)  1309428 ( 63.8)  1309444 ( 63.8)  1349278 ( 65.8)   680587 ( 33.2) 
 352    20631  1301407 ( 63.1) 10425517 (505.3)  1310178 ( 63.5)  1310184 ( 63.5)  1354130 ( 65.6)   667456 ( 32.4) 
 353    20652  1308871 ( 63.4) 10485607 (507.7)  1318061 ( 63.8)  1318063 ( 63.8)  1352333 ( 65.5)   681395 ( 33.0) 
 354    20865  1316311 ( 63.1) 10543423 (505.3)  1328932 ( 63.7)  1328935 ( 63.7)  1358368 ( 65.1)   789059 ( 37.8) 
 355    20522  1323685 ( 64.5) 10607035 (516.9)  1342749 ( 65.4)  1341590 ( 65.4)  1372696 ( 66.9)   796996 ( 38.8) 
 356    21034  1330951 ( 63.3) 10666356 (507.1)  1348800 ( 64.1)  1349621 ( 64.2)  1381612 ( 65.7)   770011 ( 36.6) 
 357    21285  1338644 ( 62.9) 10726219 (503.9)  1353286 ( 63.6)  1353319 ( 63.6)  1382176 ( 64.9)   792443 ( 37.2) 
 358    21229  1346213 ( 63.4) 10163690 (478.8)  1360673 ( 64.1)  1360689 ( 64.1)  1388605 ( 65.4)   805743 ( 38.0) 
 359    21421  1353723 ( 63.2) 10847441 (506.4)  1369439 ( 63.9)  1369455 ( 63.9)  1410577 ( 65.9)   713409 ( 33.3) 
 360    21070  1361209 ( 64.6) 10902885 (517.5)  1370184 ( 65.0)  1370182 ( 65.0)  1405028 ( 66.7)   697723 ( 33.1) 
 361    21627  1368851 ( 63.3) 10966230 (507.1)  1378245 ( 63.7)  1378246 ( 63.7)  1413209 ( 65.3)   713248 ( 33.0) 
 362    21789  1376452 ( 63.2) 11030924 (506.3)  1389363 ( 63.8)  1389365 ( 63.8)  1419666 ( 65.2)   827119 ( 38.0) 
 363    21801  1384001 ( 63.5) 11090098 (508.7)  1403291 ( 64.4)  1402303 ( 64.3)  1434277 ( 65.8)   832378 ( 38.2) 
 364    22024  1391616 ( 63.2) 11151126 (506.3)  1409871 ( 64.0)  1411112 ( 64.1)  1443600 ( 65.5)   805574 ( 36.6) 
 365    21671  1399289 ( 64.6) 11212115 (517.4)  1414263 ( 65.3)  1414300 ( 65.3)  1443673 ( 66.6)   827480 ( 38.2) 
 366    22174  1407028 ( 63.5) 11277280 (508.6)  1421813 ( 64.1)  1421827 ( 64.1)  1450307 ( 65.4)   838891 ( 37.8) 
 367    21874  1414714 ( 64.7) 11336799 (518.3)  1430764 ( 65.4)  1430779 ( 65.4)  1473107 ( 67.3)   742275 ( 33.9) 
 368    22280  1422357 ( 63.8) 11398455 (511.6)  1431533 ( 64.3)  1431544 ( 64.3)  1477489 ( 66.3)   728543 ( 32.7) 
 369    22616  1430167 ( 63.2) 11457166 (506.6)  1439807 ( 63.7)  1439793 ( 63.7)  1475554 ( 65.2)   743423 ( 32.9) 
 370    22572  1437939 ( 63.7) 11518421 (510.3)  1451147 ( 64.3)  1451135 ( 64.3)  1482169 ( 65.7)   860715 ( 38.1) 
 371    22843  1445657 ( 63.3) 11591255 (507.4)  1465398 ( 64.2)  1464389 ( 64.1)  1497205 ( 65.5)   868494 ( 38.0) 
 372    22805  1453440 ( 63.7) 11646134 (510.7)  1472097 ( 64.6)  1473364 ( 64.6)  1506749 ( 66.1)   839791 ( 36.8) 
 373    23021  1461278 ( 63.5) 11707389 (508.6)  1476627 ( 64.1)  1476660 ( 64.1)  1506765 ( 65.5)   863576 ( 37.5) 
 374    22725  1469193 ( 64.7) 11765387 (517.7)  1484297 ( 65.3)  1484312 ( 65.3)  1513503 ( 66.6)   877682 ( 38.6) 
 375    23255  1477038 ( 63.5) 11834877 (508.9)  1493464 ( 64.2)  1493481 ( 64.2)  1537188 ( 66.1)   776657 ( 33.4) 
 376    22921  1484855 ( 64.8) 11892991 (518.9)  1494225 ( 65.2)  1494237 ( 65.2)  1530456 ( 66.8)   760051 ( 33.2) 
 377    23503  1492836 ( 63.5) 11959632 (508.9)  1502680 ( 63.9)  1502665 ( 63.9)  1539170 ( 65.5)   776423 ( 33.0) 
 378    23136  1500775 ( 64.9) 12025657 (519.8)  1514262 ( 65.5)  1514251 ( 65.4)  1545895 ( 66.8)   899949 ( 38.9) 
 379    23718  1508653 ( 63.6) 12089073 (509.7)  1528818 ( 64.5)  1527786 ( 64.4)  1561544 ( 65.8)   905386 ( 38.2) 
 380    23379  1516611 ( 64.9) 12152042 (519.8)  1535665 ( 65.7)  1536961 ( 65.7)  1571060 ( 67.2)   876491 ( 37.5) 
 381    23948  1524614 ( 63.7) 12217235 (510.2)  1540273 ( 64.3)  1540305 ( 64.3)  1571041 ( 65.6)   900239 ( 37.6) 
 382    23560  1532692 ( 65.1) 12280034 (521.2)  1548122 ( 65.7)  1548135 ( 65.7)  1577838 ( 67.0)   911973 ( 38.7) 
 383    24162  1540710 ( 63.8) 12343977 (510.9)  1557487 ( 64.5)  1557503 ( 64.5)  1602396 ( 66.3)   806860 ( 33.4) 
 384    24291  1548692 ( 63.8) 12408057 (510.8)  1558267 ( 64.1)  1558283 ( 64.2)  1606171 ( 66.1)   791288 ( 32.6) 
 385    24410  1556840 ( 63.8) 12469998 (510.9)  1566920 ( 64.2)  1566905 ( 64.2)  1604227 ( 65.7)   807400 ( 33.1) 
 386    24035  1564947 ( 65.1) 12536225 (521.6)  1578725 ( 65.7)  1578713 ( 65.7)  1611004 ( 67.0)   934732 ( 38.9) 
 387    24655  1573001 ( 63.8) 12605238 (511.3)  1593612 ( 64.6)  1592559 ( 64.6)  1627175 ( 66.0)   943066 ( 38.3) 
 388    24341  1581135 ( 65.0) 12666340 (520.4)  1600578 ( 65.8)  1601902 ( 65.8)  1637287 ( 67.3)   912510 ( 37.5) 
 389    24930  1589294 ( 63.8) 12733228 (510.8)  1605306 ( 64.4)  1605338 ( 64.4)  1636741 ( 65.7)   937632 ( 37.6) 
 390    24588  1597540 ( 65.0) 12801420 (520.6)  1613292 ( 65.6)  1613307 ( 65.6)  1643714 ( 66.9)   952669 ( 38.7) 
 391    25171  1605729 ( 63.8) 12864390 (511.1)  1622877 ( 64.5)  1622894 ( 64.5)  1669212 ( 66.3)   842564 ( 33.5) 
 392    24842  1613879 ( 65.0) 12925743 (520.3)  1623648 ( 65.4)  1623659 ( 65.4)  1661594 ( 66.9)   824836 ( 33.2) 
 393    25421  1622190 ( 63.8) 12994376 (511.2)  1632481 ( 64.2)  1632466 ( 64.2)  1670516 ( 65.7)   842222 ( 33.1) 
 394    25125  1630480 ( 64.9) 13059995 (519.8)  1644530 ( 65.5)  1644522 ( 65.5)  1677735 ( 66.8)   975959 ( 38.8) 
 395    25665  1638687 ( 63.8) 13130478 (511.6)  1659729 ( 64.7)  1658652 ( 64.6)  1694196 ( 66.0)   981410 ( 38.2) 
 396    25686  1646976 ( 64.1) 13195413 (513.7)  1666836 ( 64.9)  1668186 ( 64.9)  1704313 ( 66.4)   950594 ( 37.0) 
 397    25965  1655322 ( 63.8) 13262525 (510.8)  1671660 ( 64.4)  1671691 ( 64.4)  1703690 ( 65.6)   975934 ( 37.6) 
 398    25912  1663732 ( 64.2) 13329161 (514.4)  1679810 ( 64.8)  1679824 ( 64.8)  1710806 ( 66.0)   988174 ( 38.1) 
 399    26244  1672099 ( 63.7) 13393247 (510.3)  1689588 ( 64.4)  1689608 ( 64.4)  1737352 ( 66.2)   874167 ( 33.3) 
 400    26119  1680404 ( 64.3) 13463172 (515.5)  1690376 ( 64.7)  1690388 ( 64.7)  1740290 ( 66.6)   857083 ( 32.8) 
 401    25968  1688890 ( 65.0) 13527882 (520.9)  1699411 ( 65.4)  1699397 ( 65.4)  1738147 ( 66.9)   874092 ( 33.7) 
 402    26492  1697331 ( 64.1) 13594741 (513.2)  1711680 ( 64.6)  1711670 ( 64.6)  1745328 ( 65.9)  1011931 ( 38.2) 
 403    26232  1705718 ( 65.0) 13668078 (521.0)  1727207 ( 65.8)  1726113 ( 65.8)  1762523 ( 67.2)  1020718 ( 38.9) 
 404    26827  1714177 ( 63.9) 13735350 (512.0)  1734436 ( 64.7)  1735813 ( 64.7)  1772828 ( 66.1)   987880 ( 36.8) 
 405    26841  1722690 ( 64.2) 13803276 (514.3)  1739381 ( 64.8)  1739413 ( 64.8)  1772064 ( 66.0)  1014898 ( 37.8) 
 406    27076  1731268 ( 63.9) 13872713 (512.4)  1747671 ( 64.5)  1747684 ( 64.5)  1779349 ( 65.7)  1030621 ( 38.1) 
 407    27154  1739794 ( 64.1) 13940121 (513.4)  1757678 ( 64.7)  1757694 ( 64.7)  1806676 ( 66.5)   911151 ( 33.6) 
 408    26840  1748279 ( 65.1) 14005208 (521.8)  1758445 ( 65.5)  1758459 ( 65.5)  1797979 ( 67.0)   892203 ( 33.2) 
 409    27431  1756936 ( 64.0) 14073571 (513.1)  1767661 ( 64.4)  1767645 ( 64.4)  1807370 ( 65.9)   910215 ( 33.2) 
 410    27440  1765540 ( 64.3) 14148663 (515.6)  1780173 ( 64.9)  1780165 ( 64.9)  1814461 ( 66.1)  1054783 ( 38.4) 
 411    27782  1774113 ( 63.9) 14213987 (511.6)  1796011 ( 64.6)  1794893 ( 64.6)  1832245 ( 66.0)  1060724 ( 38.2) 
 412    27779  1782721 ( 64.2) 14284851 (514.2)  1803381 ( 64.9)  1804784 ( 65.0)  1842778 ( 66.3)  1027750 ( 37.0) 
 413    27484  1791399 ( 65.2) 14356046 (522.3)  1808422 ( 65.8)  1808457 ( 65.8)  1841704 ( 67.0)  1054709 ( 38.4) 
 414    28076  1800147 ( 64.1) 14423392 (513.7)  1816871 ( 64.7)  1816884 ( 64.7)  1849065 ( 65.9)  1067913 ( 38.0) 
 415    28103  1808839 ( 64.4) 14491624 (515.7)  1827067 ( 65.0)  1827083 ( 65.0)  1877376 ( 66.8)   943903 ( 33.6) 
 416    28326  1817512 ( 64.2) 14554460 (513.8)  1827864 ( 64.5)  1827876 ( 64.5)  1879951 ( 66.4)   927145 ( 32.7) 
 417    28441  1826311 ( 64.2) 14629415 (514.4)  1837280 ( 64.6)  1837265 ( 64.6)  1877616 ( 66.0)   944179 ( 33.2) 
 418    28460  1835093 ( 64.5) 14696754 (516.4)  1850014 ( 65.0)  1850002 ( 65.0)  1884980 ( 66.2)  1092646 ( 38.4) 
 419    28805  1843833 ( 64.0) 14773861 (512.9)  1866186 ( 64.8)  1865043 ( 64.7)  1903368 ( 66.1)  1101604 ( 38.2) 
 420    28814  1852604 ( 64.3) 14843653 (515.2)  1873670 ( 65.0)  1875102 ( 65.1)  1914021 ( 66.4)  1066557 ( 37.0) 
 421    28535  1861455 ( 65.2) 14913733 (522.6)  1878832 ( 65.8)  1878870 ( 65.8)  1912791 ( 67.0)  1095238 ( 38.4) 
 422    29183  1870383 ( 64.1) 14983879 (513.4)  1887422 ( 64.7)  1887441 ( 64.7)  1920345 ( 65.8)  1111889 ( 38.1) 
 423    29164  1879240 ( 64.4) 15053895 (516.2)  1897836 ( 65.1)  1897857 ( 65.1)  1949626 ( 66.9)   982737 ( 33.7) 
 424    28922  1888055 ( 65.3) 15123252 (522.9)  1898619 ( 65.6)  1898631 ( 65.6)  1939626 ( 67.1)   962581 ( 33.3) 
 425    29579  1897040 ( 64.1) 15197012 (513.8)  1908218 ( 64.5)  1908203 ( 64.5)  1949242 ( 65.9)   981593 ( 33.2) 
 426    29572  1906000 ( 64.5) 15270784 (516.4)  1921192 ( 65.0)  1921182 ( 65.0)  1956830 ( 66.2)  1136851 ( 38.4) 
 427    29336  1914893 ( 65.3) 15342734 (523.0)  1937675 ( 66.1)  1936512 ( 66.0)  1975896 ( 67.4)  1142980 ( 39.0) 
 428    29945  1923840 ( 64.2) 15415707 (514.8)  1945303 ( 65.0)  1946760 ( 65.0)  1986611 ( 66.3)  1108156 ( 37.0) 
 429    29952  1932855 ( 64.5) 15488257 (517.1)  1950564 ( 65.1)  1950595 ( 65.1)  1985122 ( 66.3)  1136398 ( 37.9) 
 430    29688  1941940 ( 65.4) 15556954 (524.0)  1959307 ( 66.0)  1959321 ( 66.0)  1992742 ( 67.1)  1150638 ( 38.8) 
 431    30404  1950979 ( 64.2) 15629324 (514.1)  1969923 ( 64.8)  1969944 ( 64.8)  2023182 ( 66.5)  1016641 ( 33.4) 
 432    30287  1959967 ( 64.7) 15697863 (518.3)  1970726 ( 65.1)  1970739 ( 65.1)  2024832 ( 66.9)   999024 ( 33.0) 
 433    30152  1969119 ( 65.3) 15772017 (523.1)  1980527 ( 65.7)  1980513 ( 65.7)  2022403 ( 67.1)  1016626 ( 33.7) 
 434    30743  1978227 ( 64.3) 15843247 (515.3)  1993719 ( 64.9)  1993708 ( 64.9)  2030031 ( 66.0)  1176035 ( 38.3) 
 435    30850  1987292 ( 64.4) 15924161 (516.2)  2010537 ( 65.2)  2009351 ( 65.1)  2049474 ( 66.4)  1185202 ( 38.4) 
 436    30904  1996413 ( 64.6) 15996031 (517.6)  2018279 ( 65.3)  2019764 ( 65.4)  2060660 ( 66.7)  1148109 ( 37.2) 
 437    31199  2005599 ( 64.3) 16070301 (515.1)  2023667 ( 64.9)  2023699 ( 64.9)  2058833 ( 66.0)  1178338 ( 37.8) 
 438    31227  2014857 ( 64.5) 16145268 (517.0)  2032545 ( 65.1)  2032558 ( 65.1)  2066710 ( 66.2)  1195871 ( 38.3) 
 439    31319  2024049 ( 64.6) 16217809 (517.8)  2043382 ( 65.2)  2043399 ( 65.2)  2097935 ( 67.0)  1056667 ( 33.7) 
 440    31111  2033223 ( 65.4) 16280716 (523.3)  2044172 ( 65.7)  2044184 ( 65.7)  2086881 ( 67.1)  1035214 ( 33.3) 
 441    31783  2042538 ( 64.3) 16360881 (514.8)  2054154 ( 64.6)  2054140 ( 64.6)  2096704 ( 66.0)  1055147 ( 33.2) 
 442    31825  2051824 ( 64.5) 16440946 (516.6)  2067588 ( 65.0)  2067578 ( 65.0)  2104729 ( 66.1)  1222068 ( 38.4) 
 443    31911  2061057 ( 64.6) 16510209 (517.4)  2084718 ( 65.3)  2083509 ( 65.3)  2124770 ( 66.6)  1228158 ( 38.5) 
 444    31614  2070355 ( 65.5) 16587391 (524.7)  2092603 ( 66.2)  2094115 ( 66.2)  2136114 ( 67.6)  1191325 ( 37.7) 
 445    32304  2079707 ( 64.4) 16661952 (515.8)  2098086 ( 64.9)  2098117 ( 64.9)  2133943 ( 66.1)  1221118 ( 37.8) 
 446    32351  2089124 ( 64.6) 16735122 (517.3)  2107123 ( 65.1)  2107140 ( 65.1)  2141948 ( 66.2)  1236086 ( 38.2) 
 447    32452  2098491 ( 64.7) 16810608 (518.0)  2118158 ( 65.3)  2118179 ( 65.3)  2174289 ( 67.0)  1091785 ( 33.6) 
 448    32611  2107797 ( 64.6) 16888420 (517.9)  2118963 ( 65.0)  2118980 ( 65.0)  2174888 ( 66.7)  1072005 ( 32.9) 
 449    32820  2117288 ( 64.5) 16961281 (516.8)  2129152 ( 64.9)  2129136 ( 64.9)  2172551 ( 66.2)  1091552 ( 33.3) 
 450    32869  2126741 ( 64.7) 17032825 (518.2)  2142813 ( 65.2)  2142802 ( 65.2)  2180443 ( 66.3)  1262420 ( 38.4) 
 451    32962  2136137 ( 64.8) 17117903 (519.3)  2160269 ( 65.5)  2159039 ( 65.5)  2201020 ( 66.8)  1272059 ( 38.6) 
 452    32715  2145599 ( 65.6) 17190617 (525.5)  2168265 ( 66.3)  2169806 ( 66.3)  2212595 ( 67.6)  1232637 ( 37.7) 
 453    33417  2155130 ( 64.5) 17264256 (516.6)  2173873 ( 65.1)  2173905 ( 65.1)  2210495 ( 66.1)  1264905 ( 37.9) 
 454    33463  2164724 ( 64.7) 17342191 (518.2)  2183045 ( 65.2)  2183064 ( 65.2)  2218613 ( 66.3)  1283210 ( 38.3) 
 455    33555  2174250 ( 64.8) 17418198 (519.1)  2194308 ( 65.4)  2194329 ( 65.4)  2251904 ( 67.1)  1133419 ( 33.8) 
 456    33361  2183750 ( 65.5) 17485930 (524.1)  2195095 ( 65.8)  2195108 ( 65.8)  2239394 ( 67.1)  1110753 ( 33.3) 
 457    33986  2193394 ( 64.5) 17570190 (517.0)  2205468 ( 64.9)  2205452 ( 64.9)  2249564 ( 66.2)  1131369 ( 33.3) 
 458    34027  2203012 ( 64.7) 17656307 (518.9)  2219358 ( 65.2)  2219348 ( 65.2)  2257637 ( 66.3)  1310068 ( 38.5) 
 459    34131  2212585 ( 64.8) 17725954 (519.4)  2237137 ( 65.5)  2235885 ( 65.5)  2279072 ( 66.8)  1316732 ( 38.6) 
 460    34246  2222219 ( 64.9) 17806362 (520.0)  2245275 ( 65.6)  2246840 ( 65.6)  2290598 ( 66.9)  1276938 ( 37.3) 
 461    34070  2231914 ( 65.5) 17882255 (524.9)  2250980 ( 66.1)  2251015 ( 66.1)  2288207 ( 67.2)  1309382 ( 38.4) 
 462    34661  2241651 ( 64.7) 17957638 (518.1)  2260313 ( 65.2)  2260328 ( 65.2)  2296285 ( 66.2)  1324280 ( 38.2) 
 463    34760  2251359 ( 64.8) 18034098 (518.8)  2271787 ( 65.4)  2271808 ( 65.4)  2330721 ( 67.1)  1169431 ( 33.6) 
 464    34758  2261024 ( 65.1) 18107447 (521.0)  2272577 ( 65.4)  2272588 ( 65.4)  2330643 ( 67.1)  1148191 ( 33.0) 
 465    35002  2270839 ( 64.9) 18190186 (519.7)  2283154 ( 65.2)  2283140 ( 65.2)  2328056 ( 66.5)  1168354 ( 33.4) 
 466    34728  2280628 ( 65.7) 18265327 (526.0)  2297258 ( 66.2)  2297248 ( 66.1)  2336223 ( 67.3)  1351790 ( 38.9) 
 467    35421  2290370 ( 64.7) 18350684 (518.1)  2315381 ( 65.4)  2314107 ( 65.3)  2358273 ( 66.6)  1362200 ( 38.5) 
 468    35576  2300176 ( 64.7) 18426587 (517.9)  2323628 ( 65.3)  2325221 ( 65.4)  2370194 ( 66.6)  1320464 ( 37.1) 
 469    35658  2310030 ( 64.8) 18505324 (519.0)  2329460 ( 65.3)  2329492 ( 65.3)  2367382 ( 66.4)  1354480 ( 38.0) 
 470    35694  2319949 ( 65.0) 18590687 (520.8)  2338923 ( 65.5)  2338942 ( 65.5)  2375609 ( 66.6)  1373372 ( 38.5) 
 471    35862  2329810 ( 65.0) 18667307 (520.5)  2350609 ( 65.5)  2350626 ( 65.5)  2410986 ( 67.2)  1212446 ( 33.8) 
 472    35643  2339651 ( 65.6) 18732616 (525.6)  2351398 ( 66.0)  2351410 ( 66.0)  2397232 ( 67.3)  1188760 ( 33.4) 
 473    36366  2349650 ( 64.6) 18817172 (517.4)  2362159 ( 65.0)  2362143 ( 65.0)  2407850 ( 66.2)  1209994 ( 33.3) 
 474    36428  2359590 ( 64.8) 18904542 (519.0)  2376506 ( 65.2)  2376495 ( 65.2)  2416152 ( 66.3)  1401235 ( 38.5) 
 475    36544  2369499 ( 64.8) 18983846 (519.5)  2394934 ( 65.5)  2393639 ( 65.5)  2438733 ( 66.7)  1408400 ( 38.5) 
 476    36659  2379456 ( 64.9) 19070187 (520.2)  2403326 ( 65.6)  2404946 ( 65.6)  2450685 ( 66.9)  1366083 ( 37.3) 
 477    36748  2389489 ( 65.0) 19142503 (520.9)  2409256 ( 65.6)  2409287 ( 65.6)  2447729 ( 66.6)  1400409 ( 38.1) 
 478    36861  2399572 ( 65.1) 19226574 (521.6)  2418878 ( 65.6)  2418894 ( 65.6)  2456026 ( 66.6)  1416979 ( 38.4) 
 479    36666  2409615 ( 65.7) 19300900 (526.4)  2430760 ( 66.3)  2430780 ( 66.3)  2492692 ( 68.0)  1250775 ( 34.1) 
 480    37255  2419605 ( 64.9) 19379566 (520.2)  2431568 ( 65.3)  2431586 ( 65.3)  2491417 ( 66.9)  1229130 ( 33.0) 
 481    37486  2429776 ( 64.8) 19458025 (519.1)  2442537 ( 65.2)  2442524 ( 65.2)  2489099 ( 66.4)  1249592 ( 33.3) 
 482    37598  2439891 ( 64.9) 19543277 (519.8)  2457096 ( 65.4)  2457084 ( 65.4)  2497397 ( 66.4)  1445048 ( 38.4) 
 483    37724  2449971 ( 64.9) 19628133 (520.3)  2475864 ( 65.6)  2474548 ( 65.6)  2520491 ( 66.8)  1455165 ( 38.6) 
 484    37854  2460108 ( 65.0) 19707301 (520.6)  2484366 ( 65.6)  2486012 ( 65.7)  2532959 ( 66.9)  1411045 ( 37.3) 
 485    38008  2470307 ( 65.0) 19789509 (520.7)  2490425 ( 65.5)  2490458 ( 65.5)  2529578 ( 66.6)  1446954 ( 38.1) 
 486    38084  2480560 ( 65.1) 19874762 (521.9)  2500178 ( 65.6)  2500197 ( 65.6)  2538227 ( 66.6)  1467288 ( 38.5) 
 487    37921  2490752 ( 65.7) 19957895 (526.3)  2512289 ( 66.3)  2512305 ( 66.3)  2575612 ( 67.9)  1295125 ( 34.2) 
 488    38043  2500930 ( 65.7) 20027114 (526.4)  2513079 ( 66.1)  2513089 ( 66.1)  2560426 ( 67.3)  1270079 ( 33.4) 
 489    38177  2511258 ( 65.8) 20116620 (526.9)  2524228 ( 66.1)  2524214 ( 66.1)  2571532 ( 67.4)  1292662 ( 33.9) 
 490    38878  2521552 ( 64.9) 20204268 (519.7)  2539029 ( 65.3)  2539017 ( 65.3)  2580206 ( 66.4)  1496067 ( 38.5) 
 491    39022  2531789 ( 64.9) 20287675 (519.9)  2558109 ( 65.6)  2556770 ( 65.5)  2603857 ( 66.7)  1502756 ( 38.5) 
 492    39148  2542092 ( 64.9) 20365118 (520.2)  2566750 ( 65.6)  2568424 ( 65.6)  2616392 ( 66.8)  1458839 ( 37.3) 
 493    39253  2552439 ( 65.0) 20452762 (521.0)  2572926 ( 65.5)  2572959 ( 65.5)  2612489 ( 66.6)  1494303 ( 38.1) 
 494    39372  2562877 ( 65.1) 20530877 (521.5)  2582821 ( 65.6)  2582840 ( 65.6)  2621400 ( 66.6)  1512096 ( 38.4) 
 495    39557  2573249 ( 65.1) 20611585 (521.1)  2595132 ( 65.6)  2595151 ( 65.6)  2660058 ( 67.2)  1335037 ( 33.7) 
 496    39563  2583584 ( 65.3) 20691027 (523.0)  2595932 ( 65.6)  2595943 ( 65.6)  2657982 ( 67.2)  1311869 ( 33.2) 
 497    39838  2594084 ( 65.1) 20774941 (521.5)  2607297 ( 65.4)  2607282 ( 65.4)  2655386 ( 66.7)  1333668 ( 33.5) 
 498    39918  2604539 ( 65.2) 20856952 (522.5)  2622308 ( 65.7)  2622298 ( 65.7)  2664102 ( 66.7)  1541335 ( 38.6) 
 499    40103  2614948 ( 65.2) 20948615 (522.4)  2641732 ( 65.9)  2640371 ( 65.8)  2688368 ( 67.0)  1551296 ( 38.7) 
 500    40244  2625417 ( 65.2) 21029571 (522.6)  2650482 ( 65.9)  2652182 ( 65.9)  2701179 ( 67.1)  1504761 ( 37.4) 
 501    40083  2635947 ( 65.8) 21114741 (526.8)  2656768 ( 66.3)  2656803 ( 66.3)  2697185 ( 67.3)  1542438 ( 38.5) 
 502    40232  2646544 ( 65.8) 21206193 (527.1)  2666808 ( 66.3)  2666826 ( 66.3)  2706095 ( 67.3)  1563668 ( 38.9) 
 503    40403  2657082 ( 65.8) 21286465 (526.9)  2679347 ( 66.3)  2679365 ( 66.3)  2745962 ( 68.0)  1379633 ( 34.1) 
 504    40524  2667588 ( 65.8) 21363199 (527.2)  2680129 ( 66.1)  2680141 ( 66.1)  2729036 ( 67.3)  1352692 ( 33.4) 
 505    40694  2678250 ( 65.8) 21453082 (527.2)  2691674 ( 66.1)  2691660 ( 66.1)  2740289 ( 67.3)  1377323 ( 33.8) 
 506    40816  2688879 ( 65.9) 21549525 (528.0)  2706926 ( 66.3)  2706920 ( 66.3)  2749422 ( 67.4)  1593251 ( 39.0) 
 507    40977  2699453 ( 65.9) 21631796 (527.9)  2726663 ( 66.5)  2725280 ( 66.5)  2774363 ( 67.7)  1600553 ( 39.1) 
 508    41113  2710091 ( 65.9) 21711320 (528.1)  2735552 ( 66.5)  2737282 ( 66.6)  2787288 ( 67.8)  1553540 ( 37.8) 
 509    41276  2720789 ( 65.9) 21798735 (528.1)  2741939 ( 66.4)  2741975 ( 66.4)  2782930 ( 67.4)  1591491 ( 38.6) 
 510    41404  2731549 ( 66.0) 21880453 (528.5)  2752138 ( 66.5)  2752155 ( 66.5)  2792030 ( 67.4)  1610115 ( 38.9) 
 511    41579  2742256 ( 66.0) 21966067 (528.3)  2764878 ( 66.5)  2764897 ( 66.5)  2833079 ( 68.1)  1420179 ( 34.2) 
 512    42250  2752928 ( 65.2) 22045869 (521.8)  2765674 ( 65.5)  2765691 ( 65.5)  2829594 ( 67.0)  1395308 ( 33.0) 
 513    41897  2763760 ( 66.0) 22133965 (528.3)  2777432 ( 66.3)  2777412 ( 66.3)  2827091 ( 67.5)  1422978 ( 34.0) 
 514    42038  2774555 ( 66.0) 22217903 (528.5)  2792892 ( 66.4)  2792884 ( 66.4)  2836119 ( 67.5)  1645604 ( 39.1) 
 515    42233  2785300 ( 66.0) 22317483 (528.4)  2812971 ( 66.6)  2811571 ( 66.6)  2866867 ( 67.9)  1652956 ( 39.1) 
 516    42386  2796107 ( 66.0) 22396160 (528.4)  2821969 ( 66.6)  2823725 ( 66.6)  2879975 ( 67.9)  1606976 ( 37.9) 
 517    42576  2806973 ( 65.9) 22485819 (528.1)  2828487 ( 66.4)  2828523 ( 66.4)  2877922 ( 67.6)  1646955 ( 38.7) 
 518    42736  2817908 ( 65.9) 22578517 (528.3)  2838814 ( 66.4)  2838832 ( 66.4)  2884611 ( 67.5)  1669138 ( 39.1) 
 519    42934  2828777 ( 65.9) 22665411 (527.9)  2851783 ( 66.4)  2851802 ( 66.4)  2926935 ( 68.2)  1471200 ( 34.3) 
 520    43083  2839618 ( 65.9) 22741290 (527.8)  2852562 ( 66.2)  2852574 ( 66.2)  2903020 ( 67.4)  1439093 ( 33.4) 
 521    43298  2850618 ( 65.8) 22827763 (527.2)  2864499 ( 66.2)  2864485 ( 66.2)  2922695 ( 67.5)  1467076 ( 33.9) 
 522    43441  2861595 ( 65.9) 22926634 (527.8)  2880200 ( 66.3)  2880190 ( 66.3)  2931897 ( 67.5)  1699302 ( 39.1) 
 523    43606  2872489 ( 65.9) 23014199 (527.8)  2900592 ( 66.5)  2899168 ( 66.5)  2955583 ( 67.8)  1707032 ( 39.1) 
 524    44122  2883467 ( 65.4) 23098287 (523.5)  2909730 ( 65.9)  2911511 ( 66.0)  2968796 ( 67.3)  1657297 ( 37.6) 
 525    44263  2894501 ( 65.4) 23189287 (523.9)  2916352 ( 65.9)  2916383 ( 65.9)  2966555 ( 67.0)  1697425 ( 38.3) 
 526    44396  2905597 ( 65.4) 23271836 (524.2)  2926832 ( 65.9)  2926851 ( 65.9)  2973161 ( 67.0)  1715882 ( 38.6) 
 527    44630  2916654 ( 65.4) 23361412 (523.4)  2940001 ( 65.9)  2940022 ( 65.9)  3016732 ( 67.6)  1512016 ( 33.9) 
 528    44682  2927649 ( 65.5) 23448218 (524.8)  2940792 ( 65.8)  2940803 ( 65.8)  3006811 ( 67.3)  1481460 ( 33.2) 
 529    45001  2938819 ( 65.3) 23542062 (523.1)  2952945 ( 65.6)  2952931 ( 65.6)  3012082 ( 66.9)  1509118 ( 33.5) 
 530    45132  2949947 ( 65.4) 23622325 (523.4)  2968856 ( 65.8)  2968845 ( 65.8)  3021262 ( 66.9)  1746514 ( 38.7) 
 531    45338  2961026 ( 65.3) 23725014 (523.3)  2989602 ( 65.9)  2988152 ( 65.9)  3045649 ( 67.2)  1758468 ( 38.8) 
 532    45544  2972172 ( 65.3) 23804722 (522.7)  2998836 ( 65.8)  3000645 ( 65.9)  3059153 ( 67.2)  1706860 ( 37.5) 
 533    45742  2983373 ( 65.2) 23899147 (522.5)  3005590 ( 65.7)  3005619 ( 65.7)  3056624 ( 66.8)  1748776 ( 38.2) 
 534    45923  2994650 ( 65.2) 23984683 (522.3)  3016196 ( 65.7)  3016214 ( 65.7)  3063542 ( 66.7)  1771829 ( 38.6) 
 535    45525  3005850 ( 66.0) 24077928 (528.9)  3029598 ( 66.5)  3029615 ( 66.5)  3108114 ( 68.3)  1561080 ( 34.3) 
 536    45724  3017028 ( 66.0) 24158102 (528.3)  3030365 ( 66.3)  3030376 ( 66.3)  3082344 ( 67.4)  1527758 ( 33.4) 
 537    45934  3028359 ( 65.9) 24253864 (528.0)  3042703 ( 66.2)  3042688 ( 66.2)  3102657 ( 67.5)  1556324 ( 33.9) 
 538    46404  3039664 ( 65.5) 24358966 (524.9)  3058853 ( 65.9)  3058843 ( 65.9)  3112071 ( 67.1)  1802801 ( 38.9) 
 539    46629  3050925 ( 65.4) 24438872 (524.1)  3079903 ( 66.1)  3078431 ( 66.0)  3137079 ( 67.3)  1810938 ( 38.8) 
 540    46819  3062220 ( 65.4) 24531697 (524.0)  3089285 ( 66.0)  3091120 ( 66.0)  3150786 ( 67.3)  1758671 ( 37.6) 
 541    47047  3073604 ( 65.3) 24620654 (523.3)  3096136 ( 65.8)  3096168 ( 65.8)  3147860 ( 66.9)  1801094 ( 38.3) 
 542    47212  3085020 ( 65.3) 24713026 (523.4)  3106903 ( 65.8)  3106921 ( 65.8)  3154632 ( 66.8)  1820438 ( 38.6) 
 543    47425  3096413 ( 65.3) 24796202 (522.9)  3120505 ( 65.8)  3120525 ( 65.8)  3200630 ( 67.5)  1604239 ( 33.8) 
 544    47496  3107745 ( 65.4) 24885695 (524.0)  3121286 ( 65.7)  3121297 ( 65.7)  3189297 ( 67.1)  1572883 ( 33.1) 
 545    47271  3119262 ( 66.0) 24974924 (528.3)  3133840 ( 66.3)  3133824 ( 66.3)  3194874 ( 67.6)  1600918 ( 33.9) 
 546    47740  3130718 ( 65.6) 25071202 (525.2)  3150195 ( 66.0)  3150184 ( 66.0)  3204175 ( 67.1)  1852396 ( 38.8) 
 547    47993  3142148 ( 65.5) 25169314 (524.4)  3171592 ( 66.1)  3170098 ( 66.1)  3230022 ( 67.3)  1864086 ( 38.8) 
 548    48175  3153612 ( 65.5) 25262950 (524.4)  3181081 ( 66.0)  3182943 ( 66.1)  3243508 ( 67.3)  1809498 ( 37.6) 
 549    48381  3165146 ( 65.4) 25355219 (524.1)  3188064 ( 65.9)  3188096 ( 65.9)  3240597 ( 67.0)  1853964 ( 38.3) 
# ...the end 
