# starting test: OpenMP OFF... 
# sN[S/L] = stride-N [store/load] 
# pur  = pragma unroll 
# mur  = manual unroll 
# murv = manual unroll and vectorize 
# timing in cycles (ratio relative to memcpy) 
 # n   memcpy        loop copy      basic + s1S      basic + s1L    pur 4x4 + s1L    mur 4x4 + s1L   murv 4x4 + s1L 
  16      320     2170 (  6.8)     2573 (  8.0)     2571 (  8.0)     2553 (  8.0)     2355 (  7.4)     1263 (  3.9) 
  32      420     8492 ( 20.2)     9195 ( 21.9)     9344 ( 22.2)     9338 ( 22.2)     8731 ( 20.8)     4441 ( 10.6) 
  48      780    24358 ( 31.2)    37771 ( 48.4)    26177 ( 33.6)    26189 ( 33.6)    31771 ( 40.7)    15560 ( 19.9) 
  64     1039    43141 ( 41.5)   345916 (332.9)    44834 ( 43.2)    44844 ( 43.2)    52985 ( 51.0)    25900 ( 24.9) 
  80     1279    67290 ( 52.6)   114739 ( 89.7)    69449 ( 54.3)    69434 ( 54.3)    79554 ( 62.2)    39019 ( 30.5) 
  96     1693    96806 ( 57.2)   777263 (459.1)    99390 ( 58.7)    99401 ( 58.7)   111503 ( 65.9)    54740 ( 32.3) 
 112     2060   131688 ( 63.9)   223866 (108.7)   134743 ( 65.4)   134742 ( 65.4)   148843 ( 72.3)    72799 ( 35.3) 
 128     3644   172273 ( 47.3)  1380820 (378.9)   175450 ( 48.1)   175460 ( 48.2)   191579 ( 52.6)    94711 ( 26.0) 
 144     4365   217948 ( 49.9)  1747192 (400.3)   221544 ( 50.8)   221554 ( 50.8)   239639 ( 54.9)   118024 ( 27.0) 
 160     5253   269021 ( 51.2)  2155879 (410.4)   273014 ( 52.0)   273024 ( 52.0)   293099 ( 55.8)   144213 ( 27.5) 
 176     5955   325466 ( 54.7)  2608682 (438.1)   329880 ( 55.4)   329876 ( 55.4)   351935 ( 59.1)   173003 ( 29.1) 
 192     7016   387292 ( 55.2)  3103584 (442.4)   392084 ( 55.9)   392093 ( 55.9)   416159 ( 59.3)   204735 ( 29.2) 
 208     7884   454675 ( 57.7)  3642342 (462.0)   459866 ( 58.3)   459875 ( 58.3)   485853 ( 61.6)   239242 ( 30.3) 
 224     9092   527068 ( 58.0)  4224418 (464.6)   532654 ( 58.6)   532664 ( 58.6)   560710 ( 61.7)   275769 ( 30.3) 
 240    10131   605021 ( 59.7)  4847774 (478.5)   611004 ( 60.3)   611015 ( 60.3)   641033 ( 63.3)   315706 ( 31.2) 
 256    11499   688348 ( 59.9)  5516695 (479.8)   694730 ( 60.4)   694740 ( 60.4)   726816 ( 63.2)   357223 ( 31.1) 
 272    12696   777053 ( 61.2)  6225796 (490.4)   783832 ( 61.7)   783843 ( 61.7)   817825 ( 64.4)   402990 ( 31.7) 
 288    14221   871133 ( 61.3)  6980008 (490.8)   878310 ( 61.8)   878321 ( 61.8)   914329 ( 64.3)   451400 ( 31.7) 
 304    15566   970771 ( 62.4)  7779180 (499.8)   978346 ( 62.9)   978357 ( 62.9)  1016286 ( 65.3)   501320 ( 32.2) 
 320    17256  1075419 ( 62.3)  8615943 (499.3)  1083414 ( 62.8)  1083417 ( 62.8)  1123396 ( 65.1)   553459 ( 32.1) 
 336    18769  1185811 ( 63.2)  9499679 (506.1)  1194182 ( 63.6)  1194194 ( 63.6)  1236167 ( 65.9)   609294 ( 32.5) 
 352    20625  1301395 ( 63.1) 10425517 (505.5)  1310164 ( 63.5)  1310175 ( 63.5)  1354109 ( 65.7)   667638 ( 32.4) 
 368    22292  1422355 ( 63.8) 11394930 (511.2)  1431522 ( 64.2)  1431533 ( 64.2)  1477458 ( 66.3)   728439 ( 32.7) 
 384    24294  1548690 ( 63.7) 12408043 (510.7)  1558261 ( 64.1)  1558267 ( 64.1)  1606180 ( 66.1)   791379 ( 32.6) 
 400    26122  1680402 ( 64.3) 13463191 (515.4)  1690372 ( 64.7)  1690379 ( 64.7)  1740280 ( 66.6)   856985 ( 32.8) 
 416    28299  1817501 ( 64.2) 14555596 (514.4)  1827859 ( 64.6)  1827865 ( 64.6)  1879991 ( 66.4)   927078 ( 32.8) 
 432    30287  1959954 ( 64.7) 15701018 (518.4)  1970721 ( 65.1)  1970725 ( 65.1)  2024659 ( 66.8)   998500 ( 33.0) 
 448    32620  2107794 ( 64.6) 16888651 (517.7)  2118957 ( 65.0)  2118963 ( 65.0)  2174889 ( 66.7)  1072140 ( 32.9) 
 464    34770  2261021 ( 65.0) 18108165 (520.8)  2272572 ( 65.4)  2272577 ( 65.4)  2330650 ( 67.0)  1148309 ( 33.0) 
 480    37259  2419613 ( 64.9) 19375486 (520.0)  2431576 ( 65.3)  2431583 ( 65.3)  2491641 ( 66.9)  1228840 ( 33.0) 
 496    39567  2583580 ( 65.3) 20691135 (522.9)  2595927 ( 65.6)  2595934 ( 65.6)  2657947 ( 67.2)  1311762 ( 33.2) 
 512    42241  2752933 ( 65.2) 22045363 (521.9)  2765671 ( 65.5)  2765678 ( 65.5)  2829604 ( 67.0)  1395268 ( 33.0) 
 528    44713  2927664 ( 65.5) 23444750 (524.3)  2940787 ( 65.8)  2940794 ( 65.8)  3007013 ( 67.3)  1481615 ( 33.1) 
 544    47500  3107740 ( 65.4) 24884259 (523.9)  3121281 ( 65.7)  3121287 ( 65.7)  3189101 ( 67.1)  1572832 ( 33.1) 
 560    50168  3293231 ( 65.6) 26375064 (525.7)  3307150 ( 65.9)  3307158 ( 65.9)  3377346 ( 67.3)  1667327 ( 33.2) 
 576    53101  3484072 ( 65.6) 27898598 (525.4)  3498397 ( 65.9)  3498404 ( 65.9)  3570622 ( 67.2)  1763544 ( 33.2) 
 592    55887  3680297 ( 65.9) 29470104 (527.3)  3695018 ( 66.1)  3695025 ( 66.1)  3769208 ( 67.4)  1858417 ( 33.3) 
 608    59049  3881904 ( 65.7) 31085704 (526.4)  3897017 ( 66.0)  3897026 ( 66.0)  3973213 ( 67.3)  1960112 ( 33.2) 
 624    61966  4088872 ( 66.0) 32738373 (528.3)  4104393 ( 66.2)  4104399 ( 66.2)  4182618 ( 67.5)  2064953 ( 33.3) 
 640    65262  4301224 ( 65.9) 34451216 (527.9)  4317142 ( 66.2)  4317148 ( 66.2)  4397305 ( 67.4)  2168643 ( 33.2) 
 656    68400  4518973 ( 66.1) 36183454 (529.0)  4535268 ( 66.3)  4535275 ( 66.3)  4617590 ( 67.5)  2277366 ( 33.3) 
 672    71819  4742056 ( 66.0) 37986077 (528.9)  4758769 ( 66.3)  4758776 ( 66.3)  4842922 ( 67.4)  2389268 ( 33.3) 
 688    75086  4970536 ( 66.2) 39803588 (530.1)  4987647 ( 66.4)  4987654 ( 66.4)  5073728 ( 67.6)  2503655 ( 33.3) 
 704    78697  5204403 ( 66.1) 41682574 (529.7)  5221901 ( 66.4)  5221908 ( 66.4)  5310176 ( 67.5)  2621122 ( 33.3) 
 720    82126  5443635 ( 66.3) 43590114 (530.8)  5461532 ( 66.5)  5461537 ( 66.5)  5551737 ( 67.6)  2740028 ( 33.4) 
 736    85937  5688264 ( 66.2) 45547583 (530.0)  5706537 ( 66.4)  5706546 ( 66.4)  5798844 ( 67.5)  2862027 ( 33.3) 
 752    89493  5938227 ( 66.4) 47535094 (531.2)  5956921 ( 66.6)  5956929 ( 66.6)  6051203 ( 67.6)  2987098 ( 33.4) 
 768    93453  6193607 ( 66.3) 49588731 (530.6)  6212678 ( 66.5)  6212683 ( 66.5)  6309071 ( 67.5)  3114536 ( 33.3) 
 784    97216  6454342 ( 66.4) 51680077 (531.6)  6473811 ( 66.6)  6473817 ( 66.6)  6572216 ( 67.6)  3243597 ( 33.4) 
 800   101257  6720448 ( 66.4) 53803366 (531.4)  6740321 ( 66.6)  6740328 ( 66.6)  6840540 ( 67.6)  3376317 ( 33.3) 
 816   105167  6991935 ( 66.5) 55986088 (532.4)  7012208 ( 66.7)  7012214 ( 66.7)  7114595 ( 67.7)  3511512 ( 33.4) 
 832   109420  7268799 ( 66.4) 58192623 (531.8)  7289469 ( 66.6)  7289475 ( 66.6)  7393899 ( 67.6)  3649876 ( 33.4) 
 848   113523  7551059 ( 66.5) 60443412 (532.4)  7572108 ( 66.7)  7572113 ( 66.7)  7678683 ( 67.6)  3790853 ( 33.4) 
 864   117948  7838676 ( 66.5) 62749728 (532.0)  7860122 ( 66.6)  7860131 ( 66.6)  7968551 ( 67.6)  3932435 ( 33.3) 
 880   122127  8131660 ( 66.6) 65095135 (533.0)  8153513 ( 66.8)  8153518 ( 66.8)  8263867 ( 67.7)  4079299 ( 33.4) 
 896   126723  8430046 ( 66.5) 67502973 (532.7)  8452277 ( 66.7)  8452283 ( 66.7)  8564976 ( 67.6)  4227388 ( 33.4) 
 912   131114  8733778 ( 66.6) 69917169 (533.3)  8756418 ( 66.8)  8756426 ( 66.8)  8870805 ( 67.7)  4377981 ( 33.4) 
 928   135863  9042910 ( 66.6) 72396177 (532.9)  9065938 ( 66.7)  9065945 ( 66.7)  9182633 ( 67.6)  4531599 ( 33.4) 
 944   140368  9357387 ( 66.7) 74915119 (533.7)  9380833 ( 66.8)  9380841 ( 66.8)  9499281 ( 67.7)  4686614 ( 33.4) 
 960   145297  9677278 ( 66.6) 77443381 (533.0)  9701101 ( 66.8)  9701108 ( 66.8)  9821704 ( 67.6)  4851127 ( 33.4) 
 976   150015 10002537 ( 66.7) 80081752 (533.8) 10026747 ( 66.8) 10026754 ( 66.8) 10149576 ( 67.7)  5012795 ( 33.4) 
 992   155071 10333152 ( 66.6) 82717810 (533.4) 10357769 ( 66.8) 10357776 ( 66.8) 10482511 ( 67.6)  5174989 ( 33.4) 
1008   159972 10669179 ( 66.7) 85404408 (533.9) 10694228 ( 66.9) 10694211 ( 66.9) 10820878 ( 67.6)  5340951 ( 33.4) 
1024   165169 11010557 ( 66.7) 88132344 (533.6) 11036000 ( 66.8) 11035987 ( 66.8) 11164636 ( 67.6)  5513195 ( 33.4) 
1040   170418 11357320 ( 66.6) 90902303 (533.4) 11383151 ( 66.8) 11383135 ( 66.8) 11514157 ( 67.6)  5684343 ( 33.4) 
1056   175800 11709438 ( 66.6) 93731008 (533.2) 11735679 ( 66.8) 11735665 ( 66.8) 11868385 ( 67.5)  5858291 ( 33.3) 
1072   180956 12066950 ( 66.7) 96601383 (533.8) 12093581 ( 66.8) 12093565 ( 66.8) 12228581 ( 67.6)  6034332 ( 33.3) 
1088   186537 12429820 ( 66.6) 99461778 (533.2) 12456859 ( 66.8) 12456841 ( 66.8) 12593716 ( 67.5)  6221375 ( 33.4) 
1104   191891 12798088 ( 66.7) 102434916 (533.8) 12825514 ( 66.8) 12825497 ( 66.8) 12964636 ( 67.6)  6403529 ( 33.4) 
1120   197595 13171732 ( 66.7) 105434496 (533.6) 13199543 ( 66.8) 13199526 ( 66.8) 13340610 ( 67.5)  6590520 ( 33.4) 
1136   203050 13550749 ( 66.7) 108452125 (534.1) 13578949 ( 66.9) 13578946 ( 66.9) 13722304 ( 67.6)  6774579 ( 33.4) 
1152   208925 13935122 ( 66.7) 111564395 (534.0) 13963731 ( 66.8) 13963713 ( 66.8) 14108925 ( 67.5)  6963380 ( 33.3) 
1168   214566 14324896 ( 66.8) 114637668 (534.3) 14353887 ( 66.9) 14353872 ( 66.9) 14500924 ( 67.6)  7159394 ( 33.4) 
1184   220574 14720031 ( 66.7) 117806797 (534.1) 14749421 ( 66.9) 14749405 ( 66.9) 14898746 ( 67.5)  7355391 ( 33.3) 
1200   226441 15120531 ( 66.8) 121005787 (534.4) 15150332 ( 66.9) 15150315 ( 66.9) 15301603 ( 67.6)  7553748 ( 33.4) 
1216   232610 15526430 ( 66.7) 124245763 (534.1) 15556620 ( 66.9) 15556603 ( 66.9) 15710042 ( 67.5)  7758370 ( 33.4) 
1232   238566 15937706 ( 66.8) 127575043 (534.8) 15968280 ( 66.9) 15968263 ( 66.9) 16123757 ( 67.6)  7961895 ( 33.4) 
1248   244942 16354334 ( 66.8) 130875680 (534.3) 16385319 ( 66.9) 16385301 ( 66.9) 16542694 ( 67.5)  8169382 ( 33.4) 
1264   251039 16776362 ( 66.8) 134280794 (534.9) 16807733 ( 67.0) 16807715 ( 67.0) 16967102 ( 67.6)  8378547 ( 33.4) 
1280   257575 17203752 ( 66.8) 137676847 (534.5) 17235523 ( 66.9) 17235505 ( 66.9) 17396819 ( 67.5)  8588862 ( 33.3) 
1296   263873 17636522 ( 66.8) 141114338 (534.8) 17668689 ( 67.0) 17668672 ( 67.0) 17832077 ( 67.6)  8803660 ( 33.4) 
1312   270519 18074702 ( 66.8) 144668936 (534.8) 18107233 ( 66.9) 18107213 ( 66.9) 18272764 ( 67.5)  9022198 ( 33.4) 
1328   277010 18518232 ( 66.9) 148200149 (535.0) 18551150 ( 67.0) 18551135 ( 67.0) 18718926 ( 67.6)  9241864 ( 33.4) 
1344   283823 18967129 ( 66.8) 151820908 (534.9) 19000441 ( 66.9) 19000427 ( 66.9) 19170354 ( 67.5)  9466132 ( 33.4) 
1360   290396 19421378 ( 66.9) 155396102 (535.1) 19455111 ( 67.0) 19455096 ( 67.0) 19626966 ( 67.6)  9691122 ( 33.4) 
1376   297411 19881014 ( 66.8) 159140023 (535.1) 19915160 ( 67.0) 19915141 ( 67.0) 20088924 ( 67.5)  9919133 ( 33.4) 
1392   304180 20347283 ( 66.9) 162812365 (535.3) 20381601 ( 67.0) 20382004 ( 67.0) 20556156 ( 67.6) 10151921 ( 33.4) 
1408   311326 20817686 ( 66.9) 166632567 (535.2) 20852397 ( 67.0) 20852790 ( 67.0) 21029232 ( 67.5) 10383982 ( 33.4) 
1424   318372 21293613 ( 66.9) 170377764 (535.2) 21328809 ( 67.0) 21329262 ( 67.0) 21508238 ( 67.6) 10619417 ( 33.4) 
1440   330668 21795302 ( 65.9) 188974000 (571.5) 21833523 ( 66.0) 21833843 ( 66.0) 22283521 ( 67.4) 11140611 ( 33.7) 
1456   334203 22275246 ( 66.7) 185109239 (553.9) 22311620 ( 66.8) 22311856 ( 66.8) 22618605 ( 67.7) 11238753 ( 33.6) 
1472   344216 22785837 ( 66.2) 203349808 (590.8) 22822649 ( 66.3) 22823103 ( 66.3) 23392816 ( 68.0) 11743457 ( 34.1) 
1488   354674 23299584 ( 65.7) 221342416 (624.1) 23340633 ( 65.8) 23340392 ( 65.8) 24163149 ( 68.1) 12255184 ( 34.6) 
1504   363504 23808203 ( 65.5) 232006398 (638.2) 23850480 ( 65.6) 23850190 ( 65.6) 24756799 ( 68.1) 12579749 ( 34.6) 
1520   371696 24309475 ( 65.4) 237893862 (640.0) 24359224 ( 65.5) 24359557 ( 65.5) 25273522 ( 68.0) 12850444 ( 34.6) 
1536   379539 24814006 ( 65.4) 244736685 (644.8) 24877889 ( 65.5) 24878121 ( 65.5) 25809497 ( 68.0) 13213293 ( 34.8) 
1552   386013 25345523 ( 65.7) 249535387 (646.4) 25396125 ( 65.8) 25397312 ( 65.8) 26327595 ( 68.2) 13375032 ( 34.6) 
1568   394532 25877013 ( 65.6) 255579967 (647.8) 25921997 ( 65.7) 25922289 ( 65.7) 26859878 ( 68.1) 13660777 ( 34.6) 
1584   402638 26407111 ( 65.6) 260302305 (646.5) 26452524 ( 65.7) 26452767 ( 65.7) 27403644 ( 68.1) 13915014 ( 34.6) 
1600   410194 26935574 ( 65.7) 266191921 (648.9) 26991964 ( 65.8) 26992036 ( 65.8) 27950416 ( 68.1) 14179514 ( 34.6) 
1616   420123 27467399 ( 65.4) 271174671 (645.5) 27532687 ( 65.5) 27533017 ( 65.5) 28498346 ( 67.8) 14476773 ( 34.5) 
1632   426854 28018961 ( 65.6) 276664356 (648.1) 28101862 ( 65.8) 28101417 ( 65.8) 29049868 ( 68.1) 14741477 ( 34.5) 
1648   435852 28582646 ( 65.6) 282053854 (647.1) 28633919 ( 65.7) 28633705 ( 65.7) 29614019 ( 67.9) 15056061 ( 34.5) 
1664   443571 29140116 ( 65.7) 287859251 (649.0) 29193705 ( 65.8) 29193687 ( 65.8) 30187664 ( 68.1) 15340542 ( 34.6) 
1680   452304 29696436 ( 65.7) 293697821 (649.3) 29759442 ( 65.8) 29759977 ( 65.8) 30755139 ( 68.0) 15628280 ( 34.6) 
1696   461823 30256091 ( 65.5) 299043567 (647.5) 30323880 ( 65.7) 30324253 ( 65.7) 31330247 ( 67.8) 15882747 ( 34.4) 
1712   469915 30834202 ( 65.6) 304986768 (649.0) 30897575 ( 65.8) 30897407 ( 65.8) 31916906 ( 67.9) 16207835 ( 34.5) 
1728   478242 31422601 ( 65.7) 310665551 (649.6) 31477130 ( 65.8) 31477347 ( 65.8) 32507098 ( 68.0) 16482822 ( 34.5) 
1744   486943 32006441 ( 65.7) 316782246 (650.6) 32062708 ( 65.8) 32062464 ( 65.8) 33104675 ( 68.0) 16784592 ( 34.5) 
1760   496415 32585750 ( 65.6) 322069608 (648.8) 32653384 ( 65.8) 32654053 ( 65.8) 33697765 ( 67.9) 17076656 ( 34.4) 
1776   505248 33188454 ( 65.7) 328551653 (650.3) 33247832 ( 65.8) 33247851 ( 65.8) 34308644 ( 67.9) 17408457 ( 34.5) 
1792   514215 33790654 ( 65.7) 333893422 (649.3) 33849139 ( 65.8) 33849237 ( 65.8) 34915591 ( 67.9) 17683791 ( 34.4) 
1808   523185 34399948 ( 65.8) 340454662 (650.7) 34456116 ( 65.9) 34456322 ( 65.9) 35533162 ( 67.9) 18026490 ( 34.5) 
1824   532998 35003861 ( 65.7) 346135019 (649.4) 35067680 ( 65.8) 35067424 ( 65.8) 36155724 ( 67.8) 18286820 ( 34.3) 
1840   543097 35617612 ( 65.6) 352718768 (649.5) 35689746 ( 65.7) 35689894 ( 65.7) 36776731 ( 67.7) 18638355 ( 34.3) 
1856   551652 36236037 ( 65.7) 358571675 (650.0) 36311935 ( 65.8) 36311957 ( 65.8) 37412518 ( 67.8) 18971526 ( 34.4) 
1872   560931 36874104 ( 65.7) 364963987 (650.6) 36937644 ( 65.9) 36937210 ( 65.8) 38048964 ( 67.8) 19298770 ( 34.4) 
1888   571881 37506337 ( 65.6) 371159840 (649.0) 37571431 ( 65.7) 37571566 ( 65.7) 38690911 ( 67.7) 19580530 ( 34.2) 
1904   580372 38141781 ( 65.7) 377623139 (650.7) 38222646 ( 65.9) 38222555 ( 65.9) 39333631 ( 67.8) 19955063 ( 34.4) 
1920   592507 38773437 ( 65.4) 383740532 (647.7) 38897160 ( 65.6) 38896602 ( 65.6) 39984703 ( 67.5) 20290943 ( 34.2) 
1936   600275 39434724 ( 65.7) 390766117 (651.0) 39507556 ( 65.8) 39508085 ( 65.8) 40653546 ( 67.7) 20602413 ( 34.3) 
1952   611298 40090159 ( 65.6) 396985095 (649.4) 40160516 ( 65.7) 40160141 ( 65.7) 41313322 ( 67.6) 20895402 ( 34.2) 
1968   622553 40746601 ( 65.5) 403783804 (648.6) 40819705 ( 65.6) 40819467 ( 65.6) 41990522 ( 67.4) 21277309 ( 34.2) 
1984   633448 41422714 ( 65.4) 409997223 (647.2) 41488129 ( 65.5) 41487765 ( 65.5) 42667419 ( 67.4) 21631629 ( 34.1) 
2000   644165 42079041 ( 65.3) 416798417 (647.0) 42156793 ( 65.4) 42156935 ( 65.4) 43345016 ( 67.3) 21954253 ( 34.1) 
2016   656564 42763252 ( 65.1) 423886239 (645.6) 42834929 ( 65.2) 42835510 ( 65.2) 44022863 ( 67.1) 22244304 ( 33.9) 
2032   669260 43444406 ( 64.9) 429778869 (642.2) 43517461 ( 65.0) 43518024 ( 65.0) 44724695 ( 66.8) 22612910 ( 33.8) 
2048   679609 44128666 ( 64.9) 437404412 (643.6) 44200002 ( 65.0) 44199826 ( 65.0) 45399275 ( 66.8) 22946123 ( 33.8) 
2064   689963 44823304 ( 65.0) 443422361 (642.7) 44896939 ( 65.1) 44896577 ( 65.1) 46124213 ( 66.9) 23335449 ( 33.8) 
2080   701081 45518731 ( 64.9) 451352431 (643.8) 45596799 ( 65.0) 45596612 ( 65.0) 46824673 ( 66.8) 23664006 ( 33.8) 
2096   710832 46212700 ( 65.0) 457915089 (644.2) 46300164 ( 65.1) 46300221 ( 65.1) 47541377 ( 66.9) 24049280 ( 33.8) 
2112   720475 46938918 ( 65.1) 465456230 (646.0) 47013530 ( 65.3) 47014025 ( 65.3) 48258032 ( 67.0) 24421615 ( 33.9) 
2128   732330 47642670 ( 65.1) 472143237 (644.7) 47722488 ( 65.2) 47722471 ( 65.2) 48978030 ( 66.9) 24796802 ( 33.9) 
2144   744160 48361597 ( 65.0) 479606288 (644.5) 48442071 ( 65.1) 48442472 ( 65.1) 49707304 ( 66.8) 25115373 ( 33.7) 
2160   753395 49078003 ( 65.1) 486034112 (645.1) 49189407 ( 65.3) 49191672 ( 65.3) 50429853 ( 66.9) 25498516 ( 33.8) 
2176   767868 49800938 ( 64.9) 493711729 (643.0) 49954008 ( 65.1) 49956572 ( 65.1) 51170407 ( 66.6) 25912393 ( 33.7) 
2192   775689 50549626 ( 65.2) 500799513 (645.6) 50638628 ( 65.3) 50638379 ( 65.3) 51923771 ( 66.9) 26262972 ( 33.9) 
2208   788687 51290712 ( 65.0) 508533768 (644.8) 51374568 ( 65.1) 51374686 ( 65.1) 52670934 ( 66.8) 26606995 ( 33.7) 
2224   798498 52032159 ( 65.2) 516218202 (646.5) 52123150 ( 65.3) 52122752 ( 65.3) 53439455 ( 66.9) 27026084 ( 33.8) 
2240   811150 52780349 ( 65.1) 523662990 (645.6) 52875647 ( 65.2) 52876079 ( 65.2) 54194167 ( 66.8) 27431135 ( 33.8) 
2256   822780 53544232 ( 65.1) 530644256 (644.9) 53631538 ( 65.2) 53631409 ( 65.2) 54956602 ( 66.8) 27772917 ( 33.8) 
2272   833837 54306978 ( 65.1) 538636547 (646.0) 54396697 ( 65.2) 54397018 ( 65.2) 55729294 ( 66.8) 28154890 ( 33.8) 
2288   843374 55076614 ( 65.3) 545864906 (647.2) 55160747 ( 65.4) 55160859 ( 65.4) 56507400 ( 67.0) 28554086 ( 33.9) 
2304   856864 55844613 ( 65.2) 553553984 (646.0) 55935244 ( 65.3) 55934704 ( 65.3) 57293620 ( 66.9) 28978126 ( 33.8) 
2320   868339 56632129 ( 65.2) 561431988 (646.6) 56718753 ( 65.3) 56719026 ( 65.3) 58079103 ( 66.9) 29336220 ( 33.8) 
2336   881770 57397799 ( 65.1) 569200948 (645.5) 57501355 ( 65.2) 57500694 ( 65.2) 58872358 ( 66.8) 29725845 ( 33.7) 
2352   896008 58193293 ( 64.9) 577022319 (644.0) 58291153 ( 65.1) 58291321 ( 65.1) 59667906 ( 66.6) 30135771 ( 33.6) 
2368   906340 58992314 ( 65.1) 585144311 (645.6) 59084900 ( 65.2) 59085069 ( 65.2) 60475475 ( 66.7) 30531762 ( 33.7) 
2384   920138 59791367 ( 65.0) 593405203 (644.9) 59888805 ( 65.1) 59888458 ( 65.1) 61282259 ( 66.6) 30975145 ( 33.7) 
2400   933961 60598371 ( 64.9) 600558746 (643.0) 60705687 ( 65.0) 60706238 ( 65.0) 62089112 ( 66.5) 31364883 ( 33.6) 
2416   942210 61410833 ( 65.2) 609145682 (646.5) 61504755 ( 65.3) 61504232 ( 65.3) 62911476 ( 66.8) 31792094 ( 33.7) 
2432   957492 62222465 ( 65.0) 616891708 (644.3) 62321260 ( 65.1) 62321483 ( 65.1) 63746794 ( 66.6) 32251325 ( 33.7) 
2448   969913 63035745 ( 65.0) 625872968 (645.3) 63155902 ( 65.1) 63155548 ( 65.1) 64573933 ( 66.6) 32642839 ( 33.7) 
2464   983997 63869958 ( 64.9) 633103271 (643.4) 63971736 ( 65.0) 63971619 ( 65.0) 65406776 ( 66.5) 33005192 ( 33.5) 
2480   996656 64698649 ( 64.9) 642425391 (644.6) 64806027 ( 65.0) 64804700 ( 65.0) 66256328 ( 66.5) 33484093 ( 33.6) 
2496  1009946 65528537 ( 64.9) 650081040 (643.7) 65642436 ( 65.0) 65642687 ( 65.0) 67099109 ( 66.4) 33840435 ( 33.5) 
2512  1021138 66388267 ( 65.0) 659297953 (645.7) 66488153 ( 65.1) 66487421 ( 65.1) 67960298 ( 66.6) 34338105 ( 33.6) 
2528  1033823 67230186 ( 65.0) 666567500 (644.8) 67334718 ( 65.1) 67335373 ( 65.1) 68813558 ( 66.6) 34712350 ( 33.6) 
2544  1045991 68085996 ( 65.1) 676196527 (646.5) 68188809 ( 65.2) 68189862 ( 65.2) 69676361 ( 66.6) 35226002 ( 33.7) 
2560  1058642 68954524 ( 65.1) 683670645 (645.8) 69050883 ( 65.2) 69051584 ( 65.2) 70544248 ( 66.6) 35533312 ( 33.6) 
2576  1072873 69808008 ( 65.1) 692837660 (645.8) 69916144 ( 65.2) 69916313 ( 65.2) 71415818 ( 66.6) 36091913 ( 33.6) 
2592  1085497 70679671 ( 65.1) 700834090 (645.6) 70787890 ( 65.2) 70788444 ( 65.2) 72299633 ( 66.6) 36469987 ( 33.6) 
2608  1101574 71555470 ( 65.0) 710174660 (644.7) 71663559 ( 65.1) 71663917 ( 65.1) 73181981 ( 66.4) 36951105 ( 33.5) 
2624  1111980 72433597 ( 65.1) 719114948 (646.7) 72545045 ( 65.2) 72545111 ( 65.2) 74084071 ( 66.6) 37358487 ( 33.6) 
2640  1126122 73319752 ( 65.1) 727839080 (646.3) 73436146 ( 65.2) 73435965 ( 65.2) 74967327 ( 66.6) 37850101 ( 33.6) 
2656  1139104 74209526 ( 65.1) 736763717 (646.8) 74319851 ( 65.2) 74320119 ( 65.2) 75868784 ( 66.6) 38273486 ( 33.6) 
2672  1153554 75121127 ( 65.1) 745120624 (645.9) 75223769 ( 65.2) 75223184 ( 65.2) 76779189 ( 66.6) 38759470 ( 33.6) 
2688  1168299 76006267 ( 65.1) 754474824 (645.8) 76124903 ( 65.2) 76125578 ( 65.2) 77692791 ( 66.5) 39229548 ( 33.6) 
2704  1181586 76917921 ( 65.1) 762843820 (645.6) 77035235 ( 65.2) 77035610 ( 65.2) 78601592 ( 66.5) 39664564 ( 33.6) 
2720  1194814 77822691 ( 65.1) 772490673 (646.5) 77981216 ( 65.3) 77982623 ( 65.3) 79521517 ( 66.6) 40132750 ( 33.6) 
2736  1206335 78755839 ( 65.3) 780722284 (647.2) 78867238 ( 65.4) 78867138 ( 65.4) 80452662 ( 66.7) 40593694 ( 33.7) 
2752  1226431 79661054 ( 65.0) 791679427 (645.5) 79794252 ( 65.1) 79794049 ( 65.1) 81382010 ( 66.4) 41044451 ( 33.5) 
2768  1239656 80600661 ( 65.0) 799337677 (644.8) 80720193 ( 65.1) 80720295 ( 65.1) 82330111 ( 66.4) 41509545 ( 33.5) 
2784  1254372 81538675 ( 65.0) 810088374 (645.8) 81656335 ( 65.1) 81655735 ( 65.1) 83270570 ( 66.4) 41987148 ( 33.5) 
2800  1271210 82475474 ( 64.9) 817232441 (642.9) 82595036 ( 65.0) 82596012 ( 65.0) 84228132 ( 66.3) 42467310 ( 33.4) 
2816  1287573 83430360 ( 64.8) 829726361 (644.4) 83545898 ( 64.9) 83546019 ( 64.9) 85188818 ( 66.2) 42979004 ( 33.4) 
2832  1301286 84373774 ( 64.8) 836339899 (642.7) 84496743 ( 64.9) 84497282 ( 64.9) 86142059 ( 66.2) 43421830 ( 33.4) 
2848  1314658 85330291 ( 64.9) 847684803 (644.8) 85451365 ( 65.0) 85450799 ( 65.0) 87101661 ( 66.3) 43907290 ( 33.4) 
2864  1326640 86290941 ( 65.0) 855708357 (645.0) 86415206 ( 65.1) 86415855 ( 65.1) 88071572 ( 66.4) 44383994 ( 33.5) 
2880  1343688 87260269 ( 64.9) 866443674 (644.8) 87400062 ( 65.0) 87401605 ( 65.0) 89040638 ( 66.3) 44903734 ( 33.4) 
2896  1355343 88233212 ( 65.1) 875152199 (645.7) 88356293 ( 65.2) 88356722 ( 65.2) 90030466 ( 66.4) 45379700 ( 33.5) 
2912  1372391 89200321 ( 65.0) 885601936 (645.3) 89335158 ( 65.1) 89334089 ( 65.1) 91011834 ( 66.3) 45872191 ( 33.4) 
2928  1385861 90192462 ( 65.1) 895676481 (646.3) 90317140 ( 65.2) 90317887 ( 65.2) 92013989 ( 66.4) 46393452 ( 33.5) 
2944  1400246 91176202 ( 65.1) 905114793 (646.4) 91307796 ( 65.2) 91308728 ( 65.2) 93021939 ( 66.4) 46938249 ( 33.5) 
2960  1417063 92172157 ( 65.0) 915203367 (645.8) 92299400 ( 65.1) 92300416 ( 65.1) 94014051 ( 66.3) 47422852 ( 33.5) 
2976  1431999 93167881 ( 65.1) 924468260 (645.6) 93301570 ( 65.2) 93302297 ( 65.2) 95028894 ( 66.4) 47871973 ( 33.4) 
2992  1444410 94172786 ( 65.2) 935642778 (647.8) 94324255 ( 65.3) 94324541 ( 65.3) 96036311 ( 66.5) 48441905 ( 33.5) 
3008  1459794 95186378 ( 65.2) 942828893 (645.9) 95325249 ( 65.3) 95323779 ( 65.3) 97037461 ( 66.5) 48901324 ( 33.5) 
3024  1476290 96195661 ( 65.2) 955801094 (647.4) 96334085 ( 65.3) 96334313 ( 65.3) 98078181 ( 66.4) 49472047 ( 33.5) 
3040  1493791 97211437 ( 65.1) 962886126 (644.6) 97356531 ( 65.2) 97355799 ( 65.2) 99098749 ( 66.3) 49893576 ( 33.4) 
3056  1505931 98257098 ( 65.2) 977478433 (649.1) 98381574 ( 65.3) 98382413 ( 65.3) 100148212 ( 66.5) 50513457 ( 33.5) 
# ...the end 
