starting test: OpenMP ON with 4 threads... 
sN[S/L] = stride-N [store/load] 
pur  = pragma unroll 
mur  = manual unroll 
murv = manual unroll and vectorize 
A: 
         0.0
B: 
         0.0
A: 
         0.0         1.0
         2.0         3.0
B: 
         0.0         2.0
         1.0         3.0
A: 
         0.0         1.0         2.0
         3.0         4.0         5.0
         6.0         7.0         8.0
B: 
         0.0         3.0         6.0
         1.0         4.0         7.0
         2.0         5.0         8.0
A: 
         0.0         1.0         2.0         3.0
         4.0         5.0         6.0         7.0
         8.0         9.0        10.0        11.0
        12.0        13.0        14.0        15.0
B: 
         0.0         4.0         8.0        12.0
         1.0         5.0         9.0        13.0
         2.0         6.0        10.0        14.0
         3.0         7.0        11.0        15.0
A: 
         0.0         1.0         2.0         3.0         4.0
         5.0         6.0         7.0         8.0         9.0
        10.0        11.0        12.0        13.0        14.0
        15.0        16.0        17.0        18.0        19.0
        20.0        21.0        22.0        23.0        24.0
B: 
         0.0         5.0        10.0        15.0        20.0
         1.0         6.0        11.0        16.0        21.0
         2.0         7.0        12.0        17.0        22.0
         3.0         8.0        13.0        18.0        23.0
         4.0         9.0        14.0        19.0        24.0
A: 
         0.0         1.0         2.0         3.0         4.0         5.0
         6.0         7.0         8.0         9.0        10.0        11.0
        12.0        13.0        14.0        15.0        16.0        17.0
        18.0        19.0        20.0        21.0        22.0        23.0
        24.0        25.0        26.0        27.0        28.0        29.0
        30.0        31.0        32.0        33.0        34.0        35.0
B: 
         0.0         6.0        12.0        18.0        24.0        30.0
         1.0         7.0        13.0        19.0        25.0        31.0
         2.0         8.0        14.0        20.0        26.0        32.0
         3.0         9.0        15.0        21.0        27.0        33.0
         4.0        10.0        16.0        22.0        28.0        34.0
         5.0        11.0        17.0        23.0        29.0        35.0
A: 
         0.0         1.0         2.0         3.0         4.0         5.0         6.0
         7.0         8.0         9.0        10.0        11.0        12.0        13.0
        14.0        15.0        16.0        17.0        18.0        19.0        20.0
        21.0        22.0        23.0        24.0        25.0        26.0        27.0
        28.0        29.0        30.0        31.0        32.0        33.0        34.0
        35.0        36.0        37.0        38.0        39.0        40.0        41.0
        42.0        43.0        44.0        45.0        46.0        47.0        48.0
B: 
         0.0         7.0        14.0        21.0        28.0        35.0        42.0
         1.0         8.0        15.0        22.0        29.0        36.0        43.0
         2.0         9.0        16.0        23.0        30.0        37.0        44.0
         3.0        10.0        17.0        24.0        31.0        38.0        45.0
         4.0        11.0        18.0        25.0        32.0        39.0        46.0
         5.0        12.0        19.0        26.0        33.0        40.0        47.0
         6.0        13.0        20.0        27.0        34.0        41.0        48.0
A: 
         0.0         1.0         2.0         3.0         4.0         5.0         6.0         7.0
         8.0         9.0        10.0        11.0        12.0        13.0        14.0        15.0
        16.0        17.0        18.0        19.0        20.0        21.0        22.0        23.0
        24.0        25.0        26.0        27.0        28.0        29.0        30.0        31.0
        32.0        33.0        34.0        35.0        36.0        37.0        38.0        39.0
        40.0        41.0        42.0        43.0        44.0        45.0        46.0        47.0
        48.0        49.0        50.0        51.0        52.0        53.0        54.0        55.0
        56.0        57.0        58.0        59.0        60.0        61.0        62.0        63.0
B: 
         0.0         8.0        16.0        24.0        32.0        40.0        48.0        56.0
         1.0         9.0        17.0        25.0        33.0        41.0        49.0        57.0
         2.0        10.0        18.0        26.0        34.0        42.0        50.0        58.0
         3.0        11.0        19.0        27.0        35.0        43.0        51.0        59.0
         4.0        12.0        20.0        28.0        36.0        44.0        52.0        60.0
         5.0        13.0        21.0        29.0        37.0        45.0        53.0        61.0
         6.0        14.0        22.0        30.0        38.0        46.0        54.0        62.0
         7.0        15.0        23.0        31.0        39.0        47.0        55.0        63.0
A: 
         0.0         1.0         2.0         3.0         4.0         5.0         6.0         7.0         8.0
         9.0        10.0        11.0        12.0        13.0        14.0        15.0        16.0        17.0
        18.0        19.0        20.0        21.0        22.0        23.0        24.0        25.0        26.0
        27.0        28.0        29.0        30.0        31.0        32.0        33.0        34.0        35.0
        36.0        37.0        38.0        39.0        40.0        41.0        42.0        43.0        44.0
        45.0        46.0        47.0        48.0        49.0        50.0        51.0        52.0        53.0
        54.0        55.0        56.0        57.0        58.0        59.0        60.0        61.0        62.0
        63.0        64.0        65.0        66.0        67.0        68.0        69.0        70.0        71.0
        72.0        73.0        74.0        75.0        76.0        77.0        78.0        79.0        80.0
B: 
         0.0         9.0        18.0        27.0        36.0        45.0        54.0        63.0        72.0
         1.0        10.0        19.0        28.0        37.0        46.0        55.0        64.0        73.0
         2.0        11.0        20.0        29.0        38.0        47.0        56.0        65.0        74.0
         3.0        12.0        21.0        30.0        39.0        48.0        57.0        66.0        75.0
         4.0        13.0        22.0        31.0        40.0        49.0        58.0        67.0        76.0
         5.0        14.0        23.0        32.0        41.0        50.0        59.0        68.0        77.0
         6.0        15.0        24.0        33.0        42.0        51.0        60.0        69.0        78.0
         7.0        16.0        25.0        34.0        43.0        52.0        61.0        70.0        79.0
         8.0        17.0        26.0        35.0        44.0        53.0        62.0        71.0        80.0
A: 
         0.0         1.0         2.0         3.0         4.0         5.0         6.0         7.0         8.0         9.0
        10.0        11.0        12.0        13.0        14.0        15.0        16.0        17.0        18.0        19.0
        20.0        21.0        22.0        23.0        24.0        25.0        26.0        27.0        28.0        29.0
        30.0        31.0        32.0        33.0        34.0        35.0        36.0        37.0        38.0        39.0
        40.0        41.0        42.0        43.0        44.0        45.0        46.0        47.0        48.0        49.0
        50.0        51.0        52.0        53.0        54.0        55.0        56.0        57.0        58.0        59.0
        60.0        61.0        62.0        63.0        64.0        65.0        66.0        67.0        68.0        69.0
        70.0        71.0        72.0        73.0        74.0        75.0        76.0        77.0        78.0        79.0
        80.0        81.0        82.0        83.0        84.0        85.0        86.0        87.0        88.0        89.0
        90.0        91.0        92.0        93.0        94.0        95.0        96.0        97.0        98.0        99.0
B: 
         0.0        10.0        20.0        30.0        40.0        50.0        60.0        70.0        80.0        90.0
         1.0        11.0        21.0        31.0        41.0        51.0        61.0        71.0        81.0        91.0
         2.0        12.0        22.0        32.0        42.0        52.0        62.0        72.0        82.0        92.0
         3.0        13.0        23.0        33.0        43.0        53.0        63.0        73.0        83.0        93.0
         4.0        14.0        24.0        34.0        44.0        54.0        64.0        74.0        84.0        94.0
         5.0        15.0        25.0        35.0        45.0        55.0        65.0        75.0        85.0        95.0
         6.0        16.0        26.0        36.0        46.0        56.0        66.0        76.0        86.0        96.0
         7.0        17.0        27.0        37.0        47.0        57.0        67.0        77.0        87.0        97.0
         8.0        18.0        28.0        38.0        48.0        58.0        68.0        78.0        88.0        98.0
         9.0        19.0        29.0        39.0        49.0        59.0        69.0        79.0        89.0        99.0
timing in cycles (ratio relative to memcpy) 
   n   memcpy        loop copy      basic + s1S      basic + s1L    pur 4x4 + s1L    mur 4x4 + s1L   murv 4x4 + s1L 
   1       70       82 (  1.2)       78 (  1.1)       83 (  1.2)      135 (  1.9)    77098 (1101.4)      881 ( 12.6) 
   2       47      113 (  2.4)      106 (  2.3)      108 (  2.3)      149 (  3.2)      966 ( 20.6)      869 ( 18.5) 
   3       64      144 (  2.2)      136 (  2.1)      141 (  2.2)      181 (  2.8)      994 ( 15.5)      894 ( 14.0) 
   4       64      170 (  2.7)      168 (  2.6)      169 (  2.6)      541 (  8.5)     1629 ( 25.5)     1409 ( 22.0) 
   5       76      222 (  2.9)      213 (  2.8)      212 (  2.8)      749 (  9.9)     1697 ( 22.3)     1602 ( 21.1) 
   6       73      296 (  4.1)      293 (  4.0)      287 (  3.9)      840 ( 11.5)     1756 ( 24.1)     1689 ( 23.1) 
   7       95      374 (  3.9)      365 (  3.8)      363 (  3.8)      932 (  9.8)     1811 ( 19.1)     1775 ( 18.7) 
   8       97      440 (  4.5)      432 (  4.5)      431 (  4.4)      914 (  9.4)     1718 ( 17.7)     1487 ( 15.3) 
   9      161      532 (  3.3)      522 (  3.2)      521 (  3.2)     1218 (  7.6)     1825 ( 11.3)     1747 ( 10.9) 
  10      159      662 (  4.2)      638 (  4.0)      641 (  4.0)     1342 (  8.4)     1906 ( 12.0)     1905 ( 12.0) 
  11      176      776 (  4.4)      767 (  4.4)      758 (  4.3)     1481 (  8.4)     1984 ( 11.3)     2051 ( 11.7) 
  12      154      887 (  5.8)      870 (  5.6)      857 (  5.6)     1465 (  9.5)     1833 ( 11.9)     1567 ( 10.2) 
  13      188     1050 (  5.6)      990 (  5.3)      977 (  5.2)     1846 (  9.8)     1960 ( 10.4)     1888 ( 10.0) 
  14      175     1171 (  6.7)     1162 (  6.6)     1145 (  6.5)     2029 ( 11.6)     2054 ( 11.7)     2083 ( 11.9) 
  15      204     1315 (  6.4)     1327 (  6.5)     1310 (  6.4)     2227 ( 10.9)     2152 ( 10.5)     2284 ( 11.2) 
  16      170     1494 (  8.8)     1462 (  8.6)     1469 (  8.6)     2228 ( 13.1)     1951 ( 11.5)     1652 (  9.7) 
  17      214     1650 (  7.7)     1611 (  7.5)     1595 (  7.5)     2638 ( 12.3)     2081 (  9.7)     2028 (  9.5) 
  18      202     1898 (  9.4)     1852 (  9.2)     1818 (  9.0)     2874 ( 14.2)     2189 ( 10.8)     2288 ( 11.3) 
  19      229     2080 (  9.1)     2069 (  9.0)     2028 (  8.9)     3097 ( 13.5)     2313 ( 10.1)     2559 ( 11.2) 
  20      213     2250 ( 10.6)     2271 ( 10.7)     2194 ( 10.3)     3088 ( 14.5)     2449 ( 11.5)     2109 (  9.9) 
  21      254     2452 (  9.7)     2453 (  9.7)     2383 (  9.4)     3623 ( 14.3)     2619 ( 10.3)     2539 ( 10.0) 
  22      252     2743 ( 10.9)     2794 ( 11.1)     2665 ( 10.6)     3918 ( 15.5)     2748 ( 10.9)     2819 ( 11.2) 
  23      266     2938 ( 11.0)     3007 ( 11.3)     2924 ( 11.0)     4188 ( 15.7)     2907 ( 10.9)     3175 ( 11.9) 
  24      244     3205 ( 13.1)     3218 ( 13.2)     3218 ( 13.2)     4132 ( 16.9)     2669 ( 10.9)     2249 (  9.2) 
  25      291     3530 ( 12.1)     3465 ( 11.9)     3421 ( 11.8)     4762 ( 16.4)     2896 ( 10.0)     2748 (  9.4) 
  26      295     3788 ( 12.8)     3700 ( 12.5)     3829 ( 13.0)     5045 ( 17.1)     3086 ( 10.5)     3077 ( 10.4) 
  27      314     4056 ( 12.9)     3959 ( 12.6)     4133 ( 13.2)     5339 ( 17.0)     3230 ( 10.3)     3458 ( 11.0) 
  28      305     4375 ( 14.3)     4186 ( 13.7)     4367 ( 14.3)     5294 ( 17.4)     2907 (  9.5)     2366 (  7.8) 
  29      333     4754 ( 14.3)     4417 ( 13.3)     4663 ( 14.0)     6113 ( 18.4)     3143 (  9.4)     2950 (  8.9) 
  30      337     5014 ( 14.9)     4793 ( 14.2)     5049 ( 15.0)     6626 ( 19.7)     3285 (  9.7)     3335 (  9.9) 
  31      362     5301 ( 14.6)     5128 ( 14.2)     5377 ( 14.9)     7022 ( 19.4)     3483 (  9.6)     3776 ( 10.4) 
  32      353     5680 ( 16.1)     5377 ( 15.2)     5695 ( 16.1)     6945 ( 19.7)     3157 (  8.9)     2561 (  7.3) 
  33      390     6078 ( 15.6)     5701 ( 14.6)     5906 ( 15.1)     7606 ( 19.5)     3348 (  8.6)     3220 (  8.3) 
  34      400     6381 ( 16.0)     6117 ( 15.3)     6314 ( 15.8)     8005 ( 20.0)     3562 (  8.9)     3658 (  9.1) 
  35      430     6717 ( 15.6)     6500 ( 15.1)     6641 ( 15.4)     8432 ( 19.6)     3749 (  8.7)     4171 (  9.7) 
  36      433     7130 ( 16.5)     6809 ( 15.7)     6870 ( 15.9)     8277 ( 19.1)     4018 (  9.3)     3274 (  7.6) 
  37      474     7593 ( 16.0)     7144 ( 15.1)     7230 ( 15.3)     9201 ( 19.4)     4283 (  9.0)     3950 (  8.3) 
  38      485     7921 ( 16.3)     7667 ( 15.8)     7738 ( 16.0)     9722 ( 20.0)     4505 (  9.3)     4476 (  9.2) 
  39      510     8295 ( 16.3)     8112 ( 15.9)     8203 ( 16.1)    10266 ( 20.1)     4744 (  9.3)     5033 (  9.9) 
  40      494     8758 ( 17.7)     9202 ( 18.6)     8797 ( 17.8)    10312 ( 20.9)     4452 (  9.0)     3520 (  7.1) 
  41      545     9276 ( 17.0)     8999 ( 16.5)     8994 ( 16.5)    11107 ( 20.4)     4644 (  8.5)     4232 (  7.8) 
  42      560     9641 ( 17.2)     9936 ( 17.7)     9564 ( 17.1)    11659 ( 20.8)     4882 (  8.7)     4811 (  8.6) 
  43      592    10056 ( 17.0)    10720 ( 18.1)    10046 ( 17.0)    12229 ( 20.7)     5158 (  8.7)     5432 (  9.2) 
  44      584    10565 ( 18.1)    11195 ( 19.2)    10487 ( 18.0)    12202 ( 20.9)     4698 (  8.0)     3730 (  6.4) 
  45      631    11124 ( 17.6)    11843 ( 18.8)    10936 ( 17.3)    13281 ( 21.0)     4991 (  7.9)     4508 (  7.1) 
  46      630    11524 ( 18.3)    12491 ( 19.8)    11554 ( 18.3)    13923 ( 22.1)     5276 (  8.4)     5148 (  8.2) 
  47      675    11977 ( 17.7)    13153 ( 19.5)    12130 ( 18.0)    14588 ( 21.6)     5552 (  8.2)     5810 (  8.6) 
  48      662    12531 ( 18.9)    13611 ( 20.6)    12561 ( 19.0)    14392 ( 21.7)     4949 (  7.5)     3926 (  5.9) 
  49      720    13144 ( 18.3)    14168 ( 19.7)    13046 ( 18.1)    15546 ( 21.6)     5269 (  7.3)     4786 (  6.6) 
  50      722    13575 ( 18.8)    14802 ( 20.5)    13663 ( 18.9)    16147 ( 22.4)     5536 (  7.7)     5462 (  7.6) 
  51      769    14061 ( 18.3)    15471 ( 20.1)    14251 ( 18.5)    16847 ( 21.9)     5852 (  7.6)     6199 (  8.1) 
  52      767    14666 ( 19.1)    15931 ( 20.8)    14710 ( 19.2)    16739 ( 21.8)     6293 (  8.2)     4994 (  6.5) 
  53      820    15330 ( 18.7)    16527 ( 20.2)    15231 ( 18.6)    17994 ( 21.9)     6661 (  8.1)     5889 (  7.2) 
  54      834    15795 ( 18.9)    17241 ( 20.7)    15900 ( 19.1)    18690 ( 22.4)     6965 (  8.4)     6633 (  8.0) 
  55      865    16326 ( 18.9)    17950 ( 20.8)    16534 ( 19.1)    19432 ( 22.5)     7273 (  8.4)     7447 (  8.6) 
  56      860    16974 ( 19.7)    18453 ( 21.5)    17029 ( 19.8)    19185 ( 22.3)     6687 (  7.8)     5267 (  6.1) 
  57      924    17683 ( 19.1)    19095 ( 20.7)    17588 ( 19.0)    20509 ( 22.2)     7091 (  7.7)     6244 (  6.8) 
  58      941    18245 ( 19.4)    19878 ( 21.1)    18304 ( 19.5)    21204 ( 22.5)     7410 (  7.9)     7040 (  7.5) 
  59      977    18745 ( 19.2)    20628 ( 21.1)    18983 ( 19.4)    22013 ( 22.5)     7713 (  7.9)     7908 (  8.1) 
  60      981    19579 ( 20.0)    21155 ( 21.6)    19517 ( 19.9)    21878 ( 22.3)     7077 (  7.2)     5543 (  5.7) 
  61     1025    20341 ( 19.8)    21849 ( 21.3)    20109 ( 19.6)    23321 ( 22.8)     7516 (  7.3)     6602 (  6.4) 
  62     1043    20879 ( 20.0)    22665 ( 21.7)    20883 ( 20.0)    24108 ( 23.1)     7827 (  7.5)     7435 (  7.1) 
  63     1082    21487 ( 19.9)    23544 ( 21.8)    21604 ( 20.0)    24973 ( 23.1)     8164 (  7.5)     8355 (  7.7) 
  64     1088    26390 ( 24.3)    24285 ( 22.3)    26065 ( 24.0)    32425 ( 29.8)     7539 (  6.9)     5866 (  5.4) 
  65     1142    41994 ( 36.8)    64333 ( 56.3)    42266 ( 37.0)    44201 ( 38.7)     7853 (  6.9)     6928 (  6.1) 
  66     1165    43156 ( 37.0)    61085 ( 52.4)    43439 ( 37.3)    45148 ( 38.8)     8231 (  7.1)     7838 (  6.7) 
  67     1207    44384 ( 36.8)    75923 ( 62.9)    44710 ( 37.0)    46923 ( 38.9)     8628 (  7.1)     8812 (  7.3) 
  68     1225    45943 ( 37.5)    80071 ( 65.4)    46112 ( 37.6)    47115 ( 38.5)     9319 (  7.6)     7166 (  5.8) 
  69     1281    47317 ( 36.9)    84015 ( 65.6)    47618 ( 37.2)    49415 ( 38.6)     9826 (  7.7)     8326 (  6.5) 
  70     1307    48551 ( 37.1)    86053 ( 65.8)    48865 ( 37.4)    50504 ( 38.6)    10200 (  7.8)     9278 (  7.1) 
  71     1349    49852 ( 37.0)    88972 ( 66.0)    50209 ( 37.2)    52314 ( 38.8)    10626 (  7.9)    10332 (  7.7) 
  72     1347    51509 ( 38.2)    89788 ( 66.7)    51698 ( 38.4)    52504 ( 39.0)     9792 (  7.3)     7500 (  5.6) 
  73     1415    52965 ( 37.4)    94081 ( 66.5)    53294 ( 37.7)    55309 ( 39.1)    10214 (  7.2)     8729 (  6.2) 
  74     1444    54265 ( 37.6)    96210 ( 66.6)    54607 ( 37.8)    56206 ( 38.9)    10603 (  7.3)     9735 (  6.7) 
  75     1491    55639 ( 37.3)    99528 ( 66.8)    56033 ( 37.6)    58343 ( 39.1)    11063 (  7.4)    10848 (  7.3) 
  76     1501    57391 ( 38.2)   100055 ( 66.7)    57602 ( 38.4)    58444 ( 38.9)    10189 (  6.8)     7859 (  5.2) 
  77     1561    58922 ( 37.7)   104918 ( 67.2)    59291 ( 38.0)    61101 ( 39.1)    10736 (  6.9)     9149 (  5.9) 
  78     1576    60299 ( 38.3)   106909 ( 67.8)    60673 ( 38.5)    62219 ( 39.5)    11133 (  7.1)    10186 (  6.5) 
  79     1635    61747 ( 37.8)   111236 ( 68.0)    62174 ( 38.0)    64360 ( 39.4)    11602 (  7.1)    11391 (  7.0) 
  80     1637    63593 ( 38.8)   110947 ( 67.8)    63824 ( 39.0)    64392 ( 39.3)    10620 (  6.5)     8176 (  5.0) 
  81     1711    65206 ( 38.1)   116893 ( 68.3)    65604 ( 38.3)    67624 ( 39.5)    11198 (  6.5)     9543 (  5.6) 
  82     1731    66650 ( 38.5)   118168 ( 68.3)    67056 ( 38.7)    68526 ( 39.6)    11624 (  6.7)    10643 (  6.1) 
  83     1790    68172 ( 38.1)   121909 ( 68.1)    68637 ( 38.3)    71024 ( 39.7)    12121 (  6.8)    11890 (  6.6) 
  84     1804    70108 ( 38.9)   122272 ( 67.8)    70373 ( 39.0)    71029 ( 39.4)    12920 (  7.2)     9945 (  5.5) 
  85     1872    71799 ( 38.4)   127896 ( 68.3)    72228 ( 38.6)    74025 ( 39.5)    13530 (  7.2)    11324 (  6.0) 
  86     1902    73315 ( 38.5)   129949 ( 68.3)    73763 ( 38.8)    75199 ( 39.5)    13970 (  7.3)    12491 (  6.6) 
  87     1947    74918 ( 38.5)   134012 ( 68.8)    75413 ( 38.7)    77633 ( 39.9)    14491 (  7.4)    13814 (  7.1) 
  88     1959    76949 ( 39.3)   134195 ( 68.5)    77239 ( 39.4)    77692 ( 39.7)    13436 (  6.9)    10295 (  5.3) 
  89     2036    78722 ( 38.7)   139945 ( 68.7)    79182 ( 38.9)    81185 ( 39.9)    14085 (  6.9)    11790 (  5.8) 
  90     2069    80314 ( 38.8)   142514 ( 68.9)    80783 ( 39.0)    82168 ( 39.7)    14560 (  7.0)    13022 (  6.3) 
  91     2119    81984 ( 38.7)   146417 ( 69.1)    82516 ( 38.9)    84921 ( 40.1)    15085 (  7.1)    14384 (  6.8) 
  92     2139    84103 ( 39.3)   146466 ( 68.5)    84425 ( 39.5)    84859 ( 39.7)    14026 (  6.6)    10715 (  5.0) 
  93     2198    85954 ( 39.1)   152972 ( 69.6)    86454 ( 39.3)    88144 ( 40.1)    14662 (  6.7)    12258 (  5.6) 
  94     2231    87618 ( 39.3)   155357 ( 69.6)    88135 ( 39.5)    89464 ( 40.1)    15149 (  6.8)    13520 (  6.1) 
  95     2285    89362 ( 39.1)   160784 ( 70.4)    89936 ( 39.4)    92144 ( 40.3)    15712 (  6.9)    14978 (  6.6) 
  96     2308    91583 ( 39.7)   159769 ( 69.2)    91926 ( 39.8)    92165 ( 39.9)    14674 (  6.4)    11095 (  4.8) 
  97     2376    93513 ( 39.4)   167421 ( 70.5)    94051 ( 39.6)    95976 ( 40.4)    15215 (  6.4)    12729 (  5.4) 
  98     2415    95248 ( 39.4)   168859 ( 69.9)    95795 ( 39.7)    96921 ( 40.1)    15740 (  6.5)    14055 (  5.8) 
  99     2472    97065 ( 39.3)   173498 ( 70.2)    97677 ( 39.5)   100079 ( 40.5)    16312 (  6.6)    15549 (  6.3) 
 100     2505    99375 ( 39.7)   173393 ( 69.2)    99753 ( 39.8)    99925 ( 39.9)    17333 (  6.9)    13070 (  5.2) 
 101     2688    36623 ( 13.6)    57074 ( 21.2)    37054 ( 13.8)    38789 ( 14.4)    46076 ( 17.1)    36638 ( 13.6) 
 102     2734    37027 ( 13.5)    57990 ( 21.2)    37461 ( 13.7)    39197 ( 14.3)    48135 ( 17.6)    38263 ( 14.0) 
 103     2799    37636 ( 13.4)    59344 ( 21.2)    37663 ( 13.5)    38716 ( 13.8)    49190 ( 17.6)    41149 ( 14.7) 
 104     2793    38916 ( 13.9)    58781 ( 21.0)    38356 ( 13.7)    39818 ( 14.3)    43915 ( 15.7)    33875 ( 12.1) 
 105     2876    38603 ( 13.4)    61097 ( 21.2)    39047 ( 13.6)    40481 ( 14.1)    45565 ( 15.8)    36860 ( 12.8) 
 106     2945    39349 ( 13.4)    61565 ( 20.9)    39612 ( 13.5)    40905 ( 13.9)    46432 ( 15.8)    39190 ( 13.3) 
 107     2990    39663 ( 13.3)    63465 ( 21.2)    40433 ( 13.5)    41219 ( 13.8)    48323 ( 16.2)    41630 ( 13.9) 
 108     3013    41027 ( 13.6)    66131 ( 21.9)    40666 ( 13.5)    41877 ( 13.9)    38650 ( 12.8)    33156 ( 11.0) 
 109     3127    40920 ( 13.1)    65238 ( 20.9)    40904 ( 13.1)    42008 ( 13.4)    41590 ( 13.3)    36797 ( 11.8) 
 110     3144    41409 ( 13.2)    65555 ( 20.9)    41672 ( 13.3)    43390 ( 13.8)    41852 ( 13.3)    39802 ( 12.7) 
 111     3229    42008 ( 13.0)    67584 ( 20.9)    42290 ( 13.1)    43648 ( 13.5)    42751 ( 13.2)    42360 ( 13.1) 
 112     3227    42520 ( 13.2)    63617 ( 19.7)    42681 ( 13.2)    43728 ( 13.6)    47403 ( 14.7)    33779 ( 10.5) 
 113     3318    43177 ( 13.0)    69335 ( 20.9)    42593 ( 12.8)    45426 ( 13.7)    50270 ( 15.2)    38396 ( 11.6) 
 114     3344    43220 ( 12.9)    69640 ( 20.8)    43943 ( 13.1)    45308 ( 13.5)    51089 ( 15.3)    38855 ( 11.6) 
 115     3454    44062 ( 12.8)    71984 ( 20.8)    44238 ( 12.8)    46036 ( 13.3)    56384 ( 16.3)    41204 ( 11.9) 
 116     3457    45534 ( 13.2)    71579 ( 20.7)    45472 ( 13.2)    45947 ( 13.3)    47783 ( 13.8)    39499 ( 11.4) 
 117     3537    45123 ( 12.8)    73449 ( 20.8)    45310 ( 12.8)    47057 ( 13.3)    52489 ( 14.8)    39799 ( 11.3) 
 118     3591    46023 ( 12.8)    73842 ( 20.6)    46288 ( 12.9)    46830 ( 13.0)    56307 ( 15.7)    40969 ( 11.4) 
 119     3653    46643 ( 12.8)    76481 ( 20.9)    47023 ( 12.9)    48191 ( 13.2)    56957 ( 15.6)    44995 ( 12.3) 
 120     3704    47533 ( 12.8)    74352 ( 20.1)    47546 ( 12.8)    48376 ( 13.1)    47080 ( 12.7)    32539 (  8.8) 
 121     3794    47832 ( 12.6)    77029 ( 20.3)    47805 ( 12.6)    49493 ( 13.0)    52516 ( 13.8)    40419 ( 10.7) 
 122     3840    48662 ( 12.7)    79861 ( 20.8)    49079 ( 12.8)    50039 ( 13.0)    53343 ( 13.9)    41301 ( 10.8) 
 123     3916    49050 ( 12.5)    81104 ( 20.7)    49493 ( 12.6)    51068 ( 13.0)    55222 ( 14.1)    46003 ( 11.7) 
 124     3938    50047 ( 12.7)    83220 ( 21.1)    51215 ( 13.0)    51496 ( 13.1)    45463 ( 11.5)    35802 (  9.1) 
 125     4022    49963 ( 12.4)    82545 ( 20.5)    50241 ( 12.5)    51194 ( 12.7)    50936 ( 12.7)    38469 (  9.6) 
 126     4064    50929 ( 12.5)    82765 ( 20.4)    52368 ( 12.9)    52380 ( 12.9)    47900 ( 11.8)    41987 ( 10.3) 
 127     4144    51860 ( 12.5)    85834 ( 20.7)    52410 ( 12.6)    53170 ( 12.8)    50143 ( 12.1)    45313 ( 10.9) 
 128     4189    52927 ( 12.6)   227399 ( 54.3)    54949 ( 13.1)    54827 ( 13.1)    50745 ( 12.1)    36173 (  8.6) 
 129     4267    53301 ( 12.5)    87015 ( 20.4)    54032 ( 12.7)    54519 ( 12.8)    52624 ( 12.3)    40556 (  9.5) 
 130     4325    53988 ( 12.5)    89028 ( 20.6)    54354 ( 12.6)    54542 ( 12.6)    56778 ( 13.1)    43844 ( 10.1) 
 131     4398    54762 ( 12.5)    90039 ( 20.5)    55076 ( 12.5)    56189 ( 12.8)    55801 ( 12.7)    45540 ( 10.4) 
 132     4437    55257 ( 12.5)    89766 ( 20.2)    57009 ( 12.8)    57077 ( 12.9)    52141 ( 11.8)    36231 (  8.2) 
 133     4525    55777 ( 12.3)    91168 ( 20.1)    56118 ( 12.4)    59218 ( 13.1)    54352 ( 12.0)    40479 (  8.9) 
 134     4588    56542 ( 12.3)    92211 ( 20.1)    57202 ( 12.5)    57800 ( 12.6)    57306 ( 12.5)    46686 ( 10.2) 
 135     4664    57195 ( 12.3)    95386 ( 20.5)    57531 ( 12.3)    58648 ( 12.6)    59176 ( 12.7)    46488 ( 10.0) 
 136     4688    57820 ( 12.3)    92890 ( 19.8)    58711 ( 12.5)    59585 ( 12.7)    50583 ( 10.8)    30055 (  6.4) 
 137     4843    58451 ( 12.1)    96095 ( 19.8)    59089 ( 12.2)    59754 ( 12.3)    54377 ( 11.2)    36015 (  7.4) 
 138     4884    59375 ( 12.2)    98898 ( 20.2)    59646 ( 12.2)    60107 ( 12.3)    55457 ( 11.4)    40628 (  8.3) 
 139     4954    60474 ( 12.2)   100173 ( 20.2)    60670 ( 12.2)    61492 ( 12.4)    56762 ( 11.5)    45947 (  9.3) 
 140     4997    60871 ( 12.2)   102624 ( 20.5)    61038 ( 12.2)    62232 ( 12.5)    52139 ( 10.4)    35821 (  7.2) 
 141     5116    61299 ( 12.0)   101303 ( 19.8)    61579 ( 12.0)    63015 ( 12.3)    54239 ( 10.6)    40875 (  8.0) 
 142     5139    62109 ( 12.1)   102203 ( 19.9)    62862 ( 12.2)    62698 ( 12.2)    56038 ( 10.9)    42760 (  8.3) 
 143     5206    62897 ( 12.1)   105586 ( 20.3)    63548 ( 12.2)    64558 ( 12.4)    57160 ( 11.0)    44906 (  8.6) 
 144     5261    63906 ( 12.1)    99428 ( 18.9)    64284 ( 12.2)    63759 ( 12.1)    55983 ( 10.6)    38909 (  7.4) 
 145     5383    64085 ( 11.9)   106867 ( 19.9)    64495 ( 12.0)    64866 ( 12.1)    59328 ( 11.0)    44311 (  8.2) 
 146     5431    65043 ( 12.0)   109156 ( 20.1)    65342 ( 12.0)    65105 ( 12.0)    61526 ( 11.3)    45498 (  8.4) 
 147     5529    65901 ( 11.9)   110725 ( 20.0)    66334 ( 12.0)    66853 ( 12.1)    62389 ( 11.3)    51441 (  9.3) 
 148     5581    66639 ( 11.9)   109473 ( 19.6)    66944 ( 12.0)    65958 ( 11.8)    56133 ( 10.1)    34070 (  6.1) 
 149     5682    67128 ( 11.8)   111977 ( 19.7)    67063 ( 11.8)    67390 ( 11.9)    59662 ( 10.5)    45554 (  8.0) 
 150     5710    67977 ( 11.9)   113566 ( 19.9)    68264 ( 12.0)    68735 ( 12.0)    60251 ( 10.6)    49990 (  8.8) 
 151     5838    68668 ( 11.8)   116175 ( 19.9)    69086 ( 11.8)    70077 ( 12.0)    62937 ( 10.8)    51865 (  8.9) 
 152     5849    69719 ( 11.9)   115230 ( 19.7)    69744 ( 11.9)    69966 ( 12.0)    55954 (  9.6)    37241 (  6.4) 
 153     5977    70185 ( 11.7)   117662 ( 19.7)    70490 ( 11.8)    71136 ( 11.9)    58773 (  9.8)    41847 (  7.0) 
 154     6050    71095 ( 11.8)   120815 ( 20.0)    71507 ( 11.8)    73073 ( 12.1)    60306 ( 10.0)    45289 (  7.5) 
 155     6097    72217 ( 11.8)   121996 ( 20.0)    72039 ( 11.8)    72891 ( 12.0)    62877 ( 10.3)    52162 (  8.6) 
 156     6142    72786 ( 11.9)   125554 ( 20.4)    72866 ( 11.9)    72989 ( 11.9)    55640 (  9.1)    35472 (  5.8) 
 157     6259    73617 ( 11.8)   123202 ( 19.7)    73612 ( 11.8)    73937 ( 11.8)    59068 (  9.4)    42653 (  6.8) 
 158     6310    74260 ( 11.8)   124829 ( 19.8)    74875 ( 11.9)    74692 ( 11.8)    60012 (  9.5)    44987 (  7.1) 
 159     6406    75045 ( 11.7)   128293 ( 20.0)    75242 ( 11.7)    76170 ( 11.9)    62035 (  9.7)    48975 (  7.6) 
 160     6454    75802 ( 11.7)   350543 ( 54.3)    76374 ( 11.8)    75698 ( 11.7)    60731 (  9.4)    40145 (  6.2) 
 161     6571    76472 ( 11.6)   129808 ( 19.8)    76366 ( 11.6)    76452 ( 11.6)    63502 (  9.7)    48945 (  7.4) 
 162     6665    77374 ( 11.6)   132397 ( 19.9)    77772 ( 11.7)    78364 ( 11.8)    65178 (  9.8)    47999 (  7.2) 
 163     6736    78224 ( 11.6)   133343 ( 19.8)    78416 ( 11.6)    79871 ( 11.9)    67872 ( 10.1)    56426 (  8.4) 
 164     6809    78808 ( 11.6)   133432 ( 19.6)    79060 ( 11.6)    78503 ( 11.5)    58824 (  8.6)    37999 (  5.6) 
 165     6881    79699 ( 11.6)   135137 ( 19.6)    79879 ( 11.6)    80964 ( 11.8)    62959 (  9.1)    44364 (  6.4) 
 166     7042    80649 ( 11.5)   136672 ( 19.4)    81304 ( 11.5)    81903 ( 11.6)    63093 (  9.0)    52685 (  7.5) 
 167     7087    81685 ( 11.5)   139643 ( 19.7)    81777 ( 11.5)    82421 ( 11.6)    65832 (  9.3)    50559 (  7.1) 
 168     7104    82528 ( 11.6)   137401 ( 19.3)    82514 ( 11.6)    82222 ( 11.6)    59140 (  8.3)    40153 (  5.7) 
 169     7296    82805 ( 11.3)   141100 ( 19.3)    83080 ( 11.4)    83984 ( 11.5)    61949 (  8.5)    44979 (  6.2) 
 170     7349    84130 ( 11.4)   144415 ( 19.7)    84609 ( 11.5)    84175 ( 11.5)    63503 (  8.6)    47244 (  6.4) 
 171     7465    84949 ( 11.4)   145756 ( 19.5)    85234 ( 11.4)    86823 ( 11.6)    66001 (  8.8)    55530 (  7.4) 
 172     7449    85728 ( 11.5)   148991 ( 20.0)    85467 ( 11.5)    85487 ( 11.5)    58207 (  7.8)    39073 (  5.2) 
 173     7642    86076 ( 11.3)   147389 ( 19.3)    86505 ( 11.3)    87843 ( 11.5)    62180 (  8.1)    44545 (  5.8) 
 174     7684    87413 ( 11.4)   148871 ( 19.4)    88030 ( 11.5)    88409 ( 11.5)    65525 (  8.5)    46663 (  6.1) 
 175     7800    88380 ( 11.3)   152779 ( 19.6)    88624 ( 11.4)    89383 ( 11.5)    66726 (  8.6)    51758 (  6.6) 
 176     7887    89406 ( 11.3)   146135 ( 18.5)    89401 ( 11.3)    88606 ( 11.2)    61012 (  7.7)    40764 (  5.2) 
 177     7989    89538 ( 11.2)   154708 ( 19.4)    89615 ( 11.2)    90124 ( 11.3)    67103 (  8.4)    47191 (  5.9) 
 178     8062    91049 ( 11.3)   156968 ( 19.5)    92060 ( 11.4)    92189 ( 11.4)    68654 (  8.5)    49520 (  6.1) 
 179     8191    92182 ( 11.3)   158517 ( 19.4)    92100 ( 11.2)    92156 ( 11.3)    70206 (  8.6)    55358 (  6.8) 
 180     8250    93118 ( 11.3)   158095 ( 19.2)    92947 ( 11.3)    93892 ( 11.4)    60310 (  7.3)    40115 (  4.9) 
 181     8394    93441 ( 11.1)   160261 ( 19.1)    93517 ( 11.1)    97078 ( 11.6)    64250 (  7.7)    49213 (  5.9) 
 182    17728    94792 (  5.3)   161753 (  9.1)    95192 (  5.4)    95766 (  5.4)    66224 (  3.7)    51027 (  2.9) 
 183    18401    95573 (  5.2)   164883 (  9.0)    95837 (  5.2)    96425 (  5.2)    68036 (  3.7)    55571 (  3.0) 
 184    18559    96359 (  5.2)   161897 (  8.7)    96888 (  5.2)    97314 (  5.2)    61232 (  3.3)    40726 (  2.2) 
 185    18833    96498 (  5.1)   166760 (  8.9)    96704 (  5.1)    97710 (  5.2)    64850 (  3.4)    46353 (  2.5) 
 186    18997    98275 (  5.2)   170132 (  9.0)    99051 (  5.2)    98078 (  5.2)    65871 (  3.5)    50781 (  2.7) 
 187    19186    99041 (  5.2)   171820 (  9.0)    99502 (  5.2)   100148 (  5.2)    68464 (  3.6)    57412 (  3.0) 
 188    19359    99727 (  5.2)   175398 (  9.1)   100768 (  5.2)   100130 (  5.2)    64417 (  3.3)    41530 (  2.1) 
 189    19578   100622 (  5.1)   174245 (  8.9)   100838 (  5.2)   101250 (  5.2)    66448 (  3.4)    49007 (  2.5) 
 190    19780   102273 (  5.2)   175001 (  8.8)   102609 (  5.2)   101710 (  5.1)    68883 (  3.5)    51553 (  2.6) 
 191    20007   102923 (  5.1)   178945 (  8.9)   103147 (  5.2)   104535 (  5.2)    70674 (  3.5)    57394 (  2.9) 
 192    20169   104113 (  5.2)   500837 ( 24.8)   104405 (  5.2)   103890 (  5.2)    67008 (  3.3)    45330 (  2.2) 
 193    20404   104925 (  5.1)   182669 (  9.0)   104547 (  5.1)   104578 (  5.1)    71944 (  3.5)    51093 (  2.5) 
 194    20588   106037 (  5.2)   183971 (  8.9)   106421 (  5.2)   105793 (  5.1)    73983 (  3.6)    52602 (  2.6) 
 195    20822   106679 (  5.1)   185452 (  8.9)   107168 (  5.1)   107484 (  5.2)    75066 (  3.6)    59579 (  2.9) 
 196    21018   107775 (  5.1)   184624 (  8.8)   107676 (  5.1)   106944 (  5.1)    64095 (  3.0)    41285 (  2.0) 
 197    21358   108121 (  5.1)   188285 (  8.8)   108505 (  5.1)   109468 (  5.1)    72629 (  3.4)    54030 (  2.5) 
 198    21445   109929 (  5.1)   188752 (  8.8)   110865 (  5.2)   110100 (  5.1)    71252 (  3.3)    56845 (  2.7) 
 199    21649   110799 (  5.1)   192610 (  8.9)   111156 (  5.1)   111597 (  5.2)    74295 (  3.4)    60252 (  2.8) 
 200    21824   111924 (  5.1)   189381 (  8.7)   112830 (  5.2)   112155 (  5.1)    67179 (  3.1)    43109 (  2.0) 
 201    22048   112697 (  5.1)   194960 (  8.8)   112831 (  5.1)   114221 (  5.2)    70367 (  3.2)    49475 (  2.2) 
 202    22263   114157 (  5.1)   198203 (  8.9)   114509 (  5.1)   114184 (  5.1)    73642 (  3.3)    52921 (  2.4) 
 203    22495   114868 (  5.1)   201974 (  9.0)   114996 (  5.1)   116518 (  5.2)    75082 (  3.3)    61172 (  2.7) 
 204    22690   115981 (  5.1)   203281 (  9.0)   116009 (  5.1)   116780 (  5.1)    68969 (  3.0)    43083 (  1.9) 
 205    22935   116119 (  5.1)   202461 (  8.8)   116702 (  5.1)   117683 (  5.1)    71372 (  3.1)    51109 (  2.2) 
 206    23093   118007 (  5.1)   203016 (  8.8)   119037 (  5.2)   117732 (  5.1)    73716 (  3.2)    54931 (  2.4) 
 207    23368   118877 (  5.1)   208399 (  8.9)   119058 (  5.1)   119499 (  5.1)    75195 (  3.2)    59130 (  2.5) 
 208    23536   120107 (  5.1)   200835 (  8.5)   120825 (  5.1)   119403 (  5.1)    72394 (  3.1)    46363 (  2.0) 
 209    23805   120364 (  5.1)   211320 (  8.9)   121265 (  5.1)   121123 (  5.1)    77084 (  3.2)    52957 (  2.2) 
 210    24006   122386 (  5.1)   213103 (  8.9)   123302 (  5.1)   124121 (  5.2)    78367 (  3.3)    55490 (  2.3) 
 211    24293   123317 (  5.1)   214821 (  8.8)   123576 (  5.1)   125585 (  5.2)    80005 (  3.3)    64174 (  2.6) 
 212    24412   124370 (  5.1)   213658 (  8.8)   124696 (  5.1)   124329 (  5.1)    72080 (  3.0)    47835 (  2.0) 
 213    24835   124658 (  5.0)   217460 (  8.8)   125735 (  5.1)   127015 (  5.1)    78174 (  3.1)    54722 (  2.2) 
 214    24872   126693 (  5.1)   218209 (  8.8)   127023 (  5.1)   127545 (  5.1)    77487 (  3.1)    61571 (  2.5) 
 215    25159   127316 (  5.1)   222298 (  8.8)   127727 (  5.1)   128982 (  5.1)    81932 (  3.3)    63696 (  2.5) 
 216    25344   128192 (  5.1)   218763 (  8.6)   129013 (  5.1)   127424 (  5.0)    72217 (  2.8)    46378 (  1.8) 
 217    25591   128386 (  5.0)   225372 (  8.8)   128817 (  5.0)   130471 (  5.1)    76003 (  3.0)    53789 (  2.1) 
 218    25843   130755 (  5.1)   228634 (  8.8)   131646 (  5.1)   131143 (  5.1)    78551 (  3.0)    56962 (  2.2) 
 219    26068   132085 (  5.1)   230720 (  8.9)   131923 (  5.1)   131936 (  5.1)    80898 (  3.1)    64617 (  2.5) 
 220    26276   132850 (  5.1)   234037 (  8.9)   134044 (  5.1)   133993 (  5.1)    72053 (  2.7)    46962 (  1.8) 
 221    26555   133439 (  5.0)   233309 (  8.8)   133559 (  5.0)   135994 (  5.1)    72947 (  2.7)    53455 (  2.0) 
 222    26765   135515 (  5.1)   233731 (  8.7)   135915 (  5.1)   136196 (  5.1)    77550 (  2.9)    56551 (  2.1) 
 223    27007   136050 (  5.0)   239443 (  8.9)   136538 (  5.1)   138157 (  5.1)    80039 (  3.0)    63426 (  2.3) 
 224    27216   137254 (  5.0)   678004 ( 24.9)   137492 (  5.1)   137039 (  5.0)    77633 (  2.9)    49029 (  1.8) 
 225    27498   137471 (  5.0)   242463 (  8.8)   137485 (  5.0)   139066 (  5.1)    80891 (  2.9)    54912 (  2.0) 
 226    27707   139762 (  5.0)   244675 (  8.8)   140486 (  5.1)   140586 (  5.1)    82800 (  3.0)    58037 (  2.1) 
 227    27963   140763 (  5.0)   246251 (  8.8)   140874 (  5.0)   142760 (  5.1)    86454 (  3.1)    65926 (  2.4) 
 228    28172   141900 (  5.0)   244644 (  8.7)   142033 (  5.0)   141696 (  5.0)    76297 (  2.7)    50674 (  1.8) 
 229    28470   142376 (  5.0)   249693 (  8.8)   144118 (  5.1)   144585 (  5.1)    80122 (  2.8)    57845 (  2.0) 
 230    28697   144563 (  5.0)   249904 (  8.7)   146727 (  5.1)   145398 (  5.1)    81977 (  2.9)    62614 (  2.2) 
 231    28966   145303 (  5.0)   254149 (  8.8)   147552 (  5.1)   148354 (  5.1)    84312 (  2.9)    66338 (  2.3) 
 232    29146   146971 (  5.0)   250741 (  8.6)   148096 (  5.1)   148103 (  5.1)    76031 (  2.6)    49915 (  1.7) 
 233    29441   146388 (  5.0)   257699 (  8.8)   148499 (  5.0)   148173 (  5.0)    79973 (  2.7)    54773 (  1.9) 
 234    29705   148897 (  5.0)   260945 (  8.8)   151725 (  5.1)   150182 (  5.1)    82791 (  2.8)    61833 (  2.1) 
 235    29964   149647 (  5.0)   265521 (  8.9)   150078 (  5.0)   151999 (  5.1)    84811 (  2.8)    67647 (  2.3) 
 236    30153   150952 (  5.0)   269382 (  8.9)   151102 (  5.0)   151176 (  5.0)    75655 (  2.5)    51326 (  1.7) 
 237    30455   151703 (  5.0)   268158 (  8.8)   156038 (  5.1)   153460 (  5.0)    80308 (  2.6)    56630 (  1.9) 
 238    30684   154130 (  5.0)   268822 (  8.8)   156537 (  5.1)   154156 (  5.0)    81186 (  2.6)    65058 (  2.1) 
 239    30950   155392 (  5.0)   275165 (  8.9)   157109 (  5.1)   157127 (  5.1)    85690 (  2.8)    68918 (  2.2) 
 240    31161   156250 (  5.0)   264307 (  8.5)   157905 (  5.1)   155485 (  5.0)    77783 (  2.5)    52305 (  1.7) 
 241    31600   156376 (  4.9)   278232 (  8.8)   158482 (  5.0)   158021 (  5.0)    83794 (  2.7)    58561 (  1.9) 
 242    31691   158863 (  5.0)   280052 (  8.8)   160995 (  5.1)   160954 (  5.1)    85494 (  2.7)    65984 (  2.1) 
 243    31957   159287 (  5.0)   282568 (  8.8)   161841 (  5.1)   161652 (  5.1)    87260 (  2.7)    71080 (  2.2) 
 244    32229   160788 (  5.0)   281165 (  8.7)   162682 (  5.0)   160699 (  5.0)    80604 (  2.5)    56763 (  1.8) 
 245    32453   161207 (  5.0)   285944 (  8.8)   163027 (  5.0)   164839 (  5.1)    84585 (  2.6)    65571 (  2.0) 
 246    32762   163666 (  5.0)   286291 (  8.7)   166267 (  5.1)   164938 (  5.0)    86565 (  2.6)    68217 (  2.1) 
 247    33009   164747 (  5.0)   291367 (  8.8)   166908 (  5.1)   167249 (  5.1)    89454 (  2.7)    74305 (  2.3) 
 248    33220   166026 (  5.0)   286184 (  8.6)   167960 (  5.1)   165987 (  5.0)    80563 (  2.4)    57505 (  1.7) 
 249    33574   166141 (  4.9)   294086 (  8.8)   168743 (  5.0)   167666 (  5.0)    84419 (  2.5)    65673 (  2.0) 
 250    33811   168469 (  5.0)   298261 (  8.8)   171258 (  5.1)   169238 (  5.0)    87226 (  2.6)    70073 (  2.1) 
 251    34093   169391 (  5.0)   300396 (  8.8)   171645 (  5.0)   171654 (  5.0)    89548 (  2.6)    75158 (  2.2) 
 252    34339   170317 (  5.0)   303731 (  8.8)   172472 (  5.0)   170049 (  5.0)    80921 (  2.4)    58975 (  1.7) 
 253    34590   170814 (  4.9)   303457 (  8.8)   173263 (  5.0)   173008 (  5.0)    85280 (  2.5)    64382 (  1.9) 
 254    34995   173616 (  5.0)   304600 (  8.7)   175829 (  5.0)   174124 (  5.0)    86498 (  2.5)    70220 (  2.0) 
 255    35119   174455 (  5.0)   309297 (  8.8)   176840 (  5.0)   176535 (  5.0)    89205 (  2.5)    75050 (  2.1) 
 256    35404   176263 (  5.0)   885565 ( 25.0)   197353 (  5.6)   199104 (  5.6)    82829 (  2.3)    59054 (  1.7) 
 257    35689   175770 (  4.9)   315455 (  8.8)   178687 (  5.0)   178605 (  5.0)    88774 (  2.5)    66181 (  1.9) 
 258    35957   178791 (  5.0)   316522 (  8.8)   181504 (  5.0)   178723 (  5.0)    90125 (  2.5)    71066 (  2.0) 
 259    36238   179340 (  4.9)   317798 (  8.8)   182046 (  5.0)   181629 (  5.0)    93414 (  2.6)    76783 (  2.1) 
 260    36578   180964 (  4.9)   316828 (  8.7)   183496 (  5.0)   180303 (  4.9)    84711 (  2.3)    63307 (  1.7) 
 261    36839   181230 (  4.9)   322524 (  8.8)   183814 (  5.0)   183561 (  5.0)    88266 (  2.4)    69450 (  1.9) 
 262    37092   183996 (  5.0)   322550 (  8.7)   186874 (  5.0)   184175 (  5.0)    90335 (  2.4)    73871 (  2.0) 
 263    37375   185522 (  5.0)   327896 (  8.8)   187700 (  5.0)   187191 (  5.0)    94175 (  2.5)    80975 (  2.2) 
 264    37598   187277 (  5.0)   322747 (  8.6)   188729 (  5.0)   186186 (  5.0)    83346 (  2.2)    63220 (  1.7) 
 265    37895   186322 (  4.9)   332059 (  8.8)   188969 (  5.0)   188603 (  5.0)    88133 (  2.3)    69564 (  1.8) 
 266    38212   189307 (  5.0)   335075 (  8.8)   192165 (  5.0)   189406 (  5.0)    91401 (  2.4)    74092 (  1.9) 
 267    38494   189930 (  4.9)   337524 (  8.8)   192817 (  5.0)   192479 (  5.0)    94090 (  2.4)    80227 (  2.1) 
 268    38869   191317 (  4.9)   341307 (  8.8)   194168 (  5.0)   191416 (  4.9)    83991 (  2.2)    62203 (  1.6) 
 269    39067   192225 (  4.9)   342165 (  8.8)   194422 (  5.0)   193795 (  5.0)    88468 (  2.3)    71488 (  1.8) 
 270    39342   194739 (  4.9)   341898 (  8.7)   197783 (  5.0)   194774 (  5.0)    90438 (  2.3)    73910 (  1.9) 
 271    39682   196055 (  4.9)   349504 (  8.8)   198653 (  5.0)   197686 (  5.0)    93689 (  2.4)    81734 (  2.1) 
 272    39886   197261 (  4.9)   995504 ( 25.0)   199584 (  5.0)   196053 (  4.9)    87419 (  2.2)    65325 (  1.6) 
 273    40224   196948 (  4.9)   353320 (  8.8)   200472 (  5.0)   199576 (  5.0)    92970 (  2.3)    71635 (  1.8) 
 274    40516   199974 (  4.9)   354661 (  8.8)   203357 (  5.0)   200090 (  4.9)    94796 (  2.3)    77549 (  1.9) 
 275    40801   201084 (  4.9)   357261 (  8.8)   203928 (  5.0)   203828 (  5.0)    97698 (  2.4)    81949 (  2.0) 
 276    41050   202033 (  4.9)   353764 (  8.6)   205240 (  5.0)   201845 (  4.9)    88268 (  2.2)    68010 (  1.7) 
 277    41394   203184 (  4.9)   361758 (  8.7)   205826 (  5.0)   205209 (  5.0)    93385 (  2.3)    75826 (  1.8) 
 278    41715   205854 (  4.9)   361384 (  8.7)   209060 (  5.0)   205831 (  4.9)    95330 (  2.3)    80781 (  1.9) 
 279    41984   206964 (  4.9)   366735 (  8.7)   209864 (  5.0)   208503 (  5.0)    98293 (  2.3)    85489 (  2.0) 
 280    42228   208315 (  4.9)   359882 (  8.5)   210846 (  5.0)   207188 (  4.9)    88270 (  2.1)    69988 (  1.7) 
 281    42538   207903 (  4.9)   371138 (  8.7)   212243 (  5.0)   210427 (  4.9)    92879 (  2.2)    76256 (  1.8) 
 282    42848   211173 (  4.9)   374686 (  8.7)   214825 (  5.0)   211867 (  4.9)    95670 (  2.2)    82336 (  1.9) 
 283    43171   212484 (  4.9)   377840 (  8.8)   215417 (  5.0)   214485 (  5.0)    98664 (  2.3)    87497 (  2.0) 
 284    43436   213683 (  4.9)   380632 (  8.8)   216332 (  5.0)   213178 (  4.9)    88410 (  2.0)    70108 (  1.6) 
 285    43747   214562 (  4.9)   382616 (  8.7)   217208 (  5.0)   216851 (  5.0)    92607 (  2.1)    77522 (  1.8) 
 286    44032   217181 (  4.9)   380881 (  8.7)   220587 (  5.0)   216997 (  4.9)    95797 (  2.2)    82693 (  1.9) 
 287    44395   218335 (  4.9)   389659 (  8.8)   221492 (  5.0)   220577 (  5.0)    99095 (  2.2)    87997 (  2.0) 
 288    44634   219516 (  4.9)  1116714 ( 25.0)   222674 (  5.0)   217912 (  4.9)    90417 (  2.0)    71309 (  1.6) 
 289    45129   219482 (  4.9)   394293 (  8.7)   222938 (  4.9)   221806 (  4.9)    96896 (  2.1)    77887 (  1.7) 
 290    45236   222609 (  4.9)   395661 (  8.7)   226325 (  5.0)   221913 (  4.9)    99580 (  2.2)    83632 (  1.8) 
 291    45594   224392 (  4.9)   398858 (  8.7)   227455 (  5.0)   225893 (  5.0)   103127 (  2.3)    88992 (  2.0) 
 292    45808   225265 (  4.9)   393939 (  8.6)   229127 (  5.0)   224406 (  4.9)    89809 (  2.0)    74921 (  1.6) 
 293    46257   226608 (  4.9)   403224 (  8.7)   229715 (  5.0)   227789 (  4.9)    97461 (  2.1)    80994 (  1.8) 
 294    46548   229113 (  4.9)   402049 (  8.6)   233288 (  5.0)   230788 (  5.0)    99267 (  2.1)    85126 (  1.8) 
 295    46871   229906 (  4.9)   408656 (  8.7)   233617 (  5.0)   232502 (  5.0)   102552 (  2.2)    93506 (  2.0) 
 296    47254   231011 (  4.9)   401097 (  8.5)   234437 (  5.0)   230326 (  4.9)    89287 (  1.9)    73708 (  1.6) 
 297    47470   231392 (  4.9)   413967 (  8.7)   234895 (  4.9)   233790 (  4.9)    95765 (  2.0)    82026 (  1.7) 
 298    47793   234561 (  4.9)   417308 (  8.7)   238323 (  5.0)   234695 (  4.9)    97503 (  2.0)    88282 (  1.8) 
 299    48096   236135 (  4.9)   420261 (  8.7)   239504 (  5.0)   238170 (  5.0)   104075 (  2.2)    94096 (  2.0) 
 300    48366   237613 (  4.9)   423042 (  8.7)   241890 (  5.0)   238513 (  4.9)    90965 (  1.9)    74528 (  1.5) 
 301    48740   237444 (  4.9)   424895 (  8.7)   241627 (  5.0)   241244 (  4.9)    95268 (  2.0)    83336 (  1.7) 
 302    49046   240894 (  4.9)   424352 (  8.7)   244869 (  5.0)   240195 (  4.9)    98722 (  2.0)    88505 (  1.8) 
 303    49404   241261 (  4.9)   433420 (  8.8)   245309 (  5.0)   244298 (  4.9)   101800 (  2.1)    95957 (  1.9) 
 304    49671   242446 (  4.9)  1241320 ( 25.0)   247780 (  5.0)   242274 (  4.9)    94601 (  1.9)    77381 (  1.6) 
 305    50044   243892 (  4.9)   438384 (  8.8)   247890 (  5.0)   247215 (  4.9)   100582 (  2.0)    83466 (  1.7) 
 306    50350   246952 (  4.9)   438964 (  8.7)   251396 (  5.0)   246657 (  4.9)   103191 (  2.0)    89387 (  1.8) 
 307    50684   248077 (  4.9)   442218 (  8.7)   252160 (  5.0)   250950 (  5.0)   106391 (  2.1)    93608 (  1.8) 
 308    50954   250007 (  4.9)   437065 (  8.6)   254761 (  5.0)   250272 (  4.9)    91451 (  1.8)    81183 (  1.6) 
 309    51339   249646 (  4.9)   447419 (  8.7)   253773 (  4.9)   252681 (  4.9)    99202 (  1.9)    87105 (  1.7) 
 310    51625   253060 (  4.9)   446260 (  8.6)   256663 (  5.0)   253253 (  4.9)   101399 (  2.0)    94891 (  1.8) 
 311    51989   254349 (  4.9)   453067 (  8.7)   257695 (  5.0)   255994 (  4.9)   103578 (  2.0)   100314 (  1.9) 
 312    52281   255598 (  4.9)   444912 (  8.5)   260259 (  5.0)   255789 (  4.9)    95749 (  1.8)    81004 (  1.5) 
 313    52656   256108 (  4.9)   458047 (  8.7)   260145 (  4.9)   259975 (  4.9)   100871 (  1.9)    90097 (  1.7) 
 314    52996   259584 (  4.9)   461172 (  8.7)   263660 (  5.0)   260203 (  4.9)   103201 (  1.9)    94653 (  1.8) 
 315    53307   260312 (  4.9)   464986 (  8.7)   265184 (  5.0)   263332 (  4.9)   106103 (  2.0)   101013 (  1.9) 
 316    53619   261435 (  4.9)   467028 (  8.7)   266680 (  5.0)   262239 (  4.9)    96654 (  1.8)    81908 (  1.5) 
 317    54100   262635 (  4.9)   470134 (  8.7)   266619 (  4.9)   265059 (  4.9)   101667 (  1.9)    90841 (  1.7) 
 318    54465   265679 (  4.9)   468572 (  8.6)   269660 (  5.0)   265365 (  4.9)   103782 (  1.9)    97384 (  1.8) 
 319    54678   266669 (  4.9)   478926 (  8.8)   271319 (  5.0)   269718 (  4.9)   107284 (  2.0)   102218 (  1.9) 
 320    54941   268804 (  4.9)  1377967 ( 25.1)   272631 (  5.0)   268813 (  4.9)   100146 (  1.8)    81743 (  1.5) 
 321    55391   268961 (  4.9)   485118 (  8.8)   273773 (  4.9)   271587 (  4.9)   106124 (  1.9)    91337 (  1.6) 
 322    55668   272025 (  4.9)   483817 (  8.7)   276712 (  5.0)   271283 (  4.9)   109703 (  2.0)    95773 (  1.7) 
 323    56013   272850 (  4.9)   488304 (  8.7)   277391 (  5.0)   275271 (  4.9)   112306 (  2.0)   106176 (  1.9) 
 324    56364   274080 (  4.9)   481740 (  8.5)   279566 (  5.0)   274905 (  4.9)   100678 (  1.8)    86948 (  1.5) 
 325    56696   275520 (  4.9)   493638 (  8.7)   280139 (  4.9)   278050 (  4.9)   107304 (  1.9)    94855 (  1.7) 
 326    57050   278866 (  4.9)   491772 (  8.6)   284110 (  5.0)   278782 (  4.9)   108865 (  1.9)   101449 (  1.8) 
 327    57390   279846 (  4.9)   499069 (  8.7)   284287 (  5.0)   282093 (  4.9)   111787 (  1.9)   107214 (  1.9) 
 328    57694   281152 (  4.9)   489449 (  8.5)   285573 (  4.9)   280496 (  4.9)    99697 (  1.7)    90045 (  1.6) 
 329    58136   281706 (  4.8)   504101 (  8.7)   286506 (  4.9)   284462 (  4.9)   106534 (  1.8)    98648 (  1.7) 
 330    58444   284984 (  4.9)   507182 (  8.7)   289890 (  5.0)   284768 (  4.9)   108709 (  1.9)   104052 (  1.8) 
 331    58819   286359 (  4.9)   511531 (  8.7)   291361 (  5.0)   289855 (  4.9)   113698 (  1.9)   108739 (  1.8) 
 332    59111   288140 (  4.9)   512702 (  8.7)   292632 (  5.0)   287454 (  4.9)    99912 (  1.7)    90737 (  1.5) 
 333    59690   288337 (  4.8)   516569 (  8.7)   293904 (  4.9)   291080 (  4.9)   103809 (  1.7)    99811 (  1.7) 
 334    59857   291865 (  4.9)   514763 (  8.6)   296680 (  5.0)   291486 (  4.9)   105906 (  1.8)   102956 (  1.7) 
 335    60233   292630 (  4.9)   525782 (  8.7)   297951 (  4.9)   295072 (  4.9)   110134 (  1.8)   110321 (  1.8) 
 336    60528   293567 (  4.9)  1514457 ( 25.0)   299374 (  4.9)   292811 (  4.8)   104082 (  1.7)    91349 (  1.5) 
 337    60958   295574 (  4.8)   531544 (  8.7)   299913 (  4.9)   297419 (  4.9)   110138 (  1.8)   101248 (  1.7) 
 338    61276   298921 (  4.9)   531033 (  8.7)   303685 (  5.0)   298307 (  4.9)   113074 (  1.8)   105026 (  1.7) 
 339    61673   300178 (  4.9)   535347 (  8.7)   304595 (  4.9)   301778 (  4.9)   117007 (  1.9)   110966 (  1.8) 
 340    61993   301365 (  4.9)   527718 (  8.5)   305641 (  4.9)   298454 (  4.8)   104542 (  1.7)    97291 (  1.6) 
 341    62364   301744 (  4.8)   541562 (  8.7)   307029 (  4.9)   304927 (  4.9)   109602 (  1.8)   104046 (  1.7) 
 342    62742   305223 (  4.9)   538963 (  8.6)   311160 (  5.0)   304800 (  4.9)   112246 (  1.8)   112736 (  1.8) 
 343    63098   306673 (  4.9)   547477 (  8.7)   311325 (  4.9)   308712 (  4.9)   116988 (  1.9)   116003 (  1.8) 
 344    63430   308697 (  4.9)   535707 (  8.4)   312632 (  4.9)   307523 (  4.8)   102426 (  1.6)    96235 (  1.5) 
 345    63861   309123 (  4.8)   553582 (  8.7)   314449 (  4.9)   311867 (  4.9)   109325 (  1.7)   104278 (  1.6) 
 346    64171   312391 (  4.9)   555892 (  8.7)   317788 (  5.0)   312364 (  4.9)   112980 (  1.8)   110013 (  1.7) 
 347    64546   313213 (  4.9)   560600 (  8.7)   319526 (  5.0)   316904 (  4.9)   116464 (  1.8)   117140 (  1.8) 
 348    64966   314900 (  4.8)   561223 (  8.6)   319709 (  4.9)   314012 (  4.8)   101307 (  1.6)    97244 (  1.5) 
 349    65334   316426 (  4.8)   567141 (  8.7)   321569 (  4.9)   318691 (  4.9)   110065 (  1.7)   105264 (  1.6) 
 350    65676   319331 (  4.9)   563989 (  8.6)   325050 (  4.9)   318422 (  4.8)   111573 (  1.7)   111037 (  1.7) 
 351    66020   320854 (  4.9)   568048 (  8.6)   325958 (  4.9)   322976 (  4.9)   117032 (  1.8)   117136 (  1.8) 
 352    66368   321795 (  4.8)  1663917 ( 25.1)   327426 (  4.9)   320249 (  4.8)   106714 (  1.6)    97728 (  1.5) 
 353    66816   322877 (  4.8)   574388 (  8.6)   328846 (  4.9)   326672 (  4.9)   113915 (  1.7)   104281 (  1.6) 
 354    67174   326122 (  4.9)   580843 (  8.6)   332193 (  4.9)   325461 (  4.8)   116361 (  1.7)   111925 (  1.7) 
 355    67520   328027 (  4.9)   586469 (  8.7)   333245 (  4.9)   330817 (  4.9)   120290 (  1.8)   119799 (  1.8) 
 356    68016   329906 (  4.9)   577434 (  8.5)   334232 (  4.9)   327074 (  4.8)   104466 (  1.5)   102768 (  1.5) 
 357    68282   330621 (  4.8)   592260 (  8.7)   336724 (  4.9)   333033 (  4.9)   113367 (  1.7)   110902 (  1.6) 
 358    68671   333545 (  4.9)   589355 (  8.6)   339570 (  4.9)   333299 (  4.9)   115081 (  1.7)   116100 (  1.7) 
 359    69102   334662 (  4.8)   597973 (  8.7)   340826 (  4.9)   337629 (  4.9)   118256 (  1.7)   124100 (  1.8) 
 360    69437   336088 (  4.8)   586421 (  8.4)   342058 (  4.9)   334944 (  4.8)   106695 (  1.5)   101479 (  1.5) 
 361    69819   337520 (  4.8)   604287 (  8.7)   343082 (  4.9)   340167 (  4.9)   111114 (  1.6)   110411 (  1.6) 
 362    70210   340921 (  4.9)   607032 (  8.6)   347121 (  4.9)   339873 (  4.8)   115178 (  1.6)   117712 (  1.7) 
 363    70583   342335 (  4.9)   612694 (  8.7)   347987 (  4.9)   345599 (  4.9)   120628 (  1.7)   125679 (  1.8) 
 364    70983   343771 (  4.8)   611854 (  8.6)   349287 (  4.9)   341858 (  4.8)   108081 (  1.5)   102690 (  1.4) 
 365    71362   344763 (  4.8)   618563 (  8.7)   350964 (  4.9)   347404 (  4.9)   115566 (  1.6)   113390 (  1.6) 
 366    71755   348094 (  4.9)   615050 (  8.6)   354286 (  4.9)   347295 (  4.8)   117594 (  1.6)   118294 (  1.6) 
 367    72180   350036 (  4.8)   623456 (  8.6)   355908 (  4.9)   353374 (  4.9)   120597 (  1.7)   128253 (  1.8) 
 368    72474   352138 (  4.9)  1820324 ( 25.1)   357551 (  4.9)   349311 (  4.8)   111194 (  1.5)   105684 (  1.5) 
 369    72931   351674 (  4.8)   629244 (  8.6)   360582 (  4.9)   358418 (  4.9)   118631 (  1.6)   114572 (  1.6) 
 370    73322   355004 (  4.8)   638855 (  8.7)   362029 (  4.9)   355910 (  4.9)   121953 (  1.7)   120502 (  1.6) 
 371    73749   356979 (  4.8)   641359 (  8.7)   363636 (  4.9)   360743 (  4.9)   126740 (  1.7)   128886 (  1.7) 
 372    74062   357998 (  4.8)   635249 (  8.6)   364250 (  4.9)   356675 (  4.8)   111688 (  1.5)   109985 (  1.5) 
 373    74526   359870 (  4.8)   647456 (  8.7)   367693 (  4.9)   365819 (  4.9)   119386 (  1.6)   119487 (  1.6) 
 374    74921   362883 (  4.8)   647122 (  8.6)   370274 (  4.9)   363294 (  4.8)   121451 (  1.6)   127375 (  1.7) 
 375    75312   364234 (  4.8)   654568 (  8.7)   370752 (  4.9)   367336 (  4.9)   127491 (  1.7)   135714 (  1.8) 
 376    75691   364933 (  4.8)   648525 (  8.6)   372452 (  4.9)   364502 (  4.8)   111190 (  1.5)   110584 (  1.5) 
 377    76107   367661 (  4.8)   660874 (  8.7)   375462 (  4.9)   373065 (  4.9)   118966 (  1.6)   122344 (  1.6) 
 378    76542   370627 (  4.8)   665357 (  8.7)   377758 (  4.9)   370829 (  4.8)   121469 (  1.6)   129324 (  1.7) 
 379    76884   372572 (  4.8)   668591 (  8.7)   379071 (  4.9)   376366 (  4.9)   126385 (  1.6)   136586 (  1.8) 
 380    77295   373704 (  4.8)   670898 (  8.7)   380654 (  4.9)   372741 (  4.8)   112247 (  1.5)   111217 (  1.4) 
 381    77672   374853 (  4.8)   675073 (  8.7)   383142 (  4.9)   378126 (  4.9)   118895 (  1.5)   123683 (  1.6) 
 382    78128   378165 (  4.8)   675006 (  8.6)   385746 (  4.9)   377928 (  4.8)   120856 (  1.5)   130817 (  1.7) 
 383    78517   379926 (  4.8)   677080 (  8.6)   386469 (  4.9)   383243 (  4.9)   126119 (  1.6)   138203 (  1.8) 
 384    78870   382690 (  4.9)  1983074 ( 25.1)   388219 (  4.9)   380465 (  4.8)   115072 (  1.5)   113830 (  1.4) 
 385    79344   382474 (  4.8)   683706 (  8.6)   391092 (  4.9)   388454 (  4.9)   122295 (  1.5)   125363 (  1.6) 
 386    79714   385501 (  4.8)   691075 (  8.7)   393241 (  4.9)   385599 (  4.8)   126886 (  1.6)   131696 (  1.7) 
 387    80152   386799 (  4.8)   696644 (  8.7)   394314 (  4.9)   391084 (  4.9)   129028 (  1.6)   139946 (  1.7) 
 388    80529   388632 (  4.8)   688522 (  8.5)   396194 (  4.9)   387511 (  4.8)   116452 (  1.4)   118641 (  1.5) 
 389    81006   390838 (  4.8)   702545 (  8.7)   398935 (  4.9)   396404 (  4.9)   123934 (  1.5)   129322 (  1.6) 
 390    81380   393567 (  4.8)   701271 (  8.6)   401512 (  4.9)   394480 (  4.8)   126299 (  1.6)   136862 (  1.7) 
 391    81848   395234 (  4.8)   709517 (  8.7)   402598 (  4.9)   399581 (  4.9)   131300 (  1.6)   144218 (  1.8) 
 392    82173   395721 (  4.8)   701329 (  8.5)   404254 (  4.9)   395677 (  4.8)   117790 (  1.4)   119480 (  1.5) 
 393    82671   398845 (  4.8)   716895 (  8.7)   407041 (  4.9)   404740 (  4.9)   122509 (  1.5)   132129 (  1.6) 
 394    83087   401669 (  4.8)   719104 (  8.7)   409587 (  4.9)   401245 (  4.8)   127329 (  1.5)   137525 (  1.7) 
 395    83513   403418 (  4.8)   724355 (  8.7)   410717 (  4.9)   406953 (  4.9)   132351 (  1.6)   146048 (  1.7) 
 396    83887   405948 (  4.8)   726728 (  8.7)   412782 (  4.9)   404750 (  4.8)   120280 (  1.4)   119966 (  1.4) 
 397    84312   406176 (  4.8)   733433 (  8.7)   415550 (  4.9)   409834 (  4.9)   122998 (  1.5)   131713 (  1.6) 
 398    84727   409512 (  4.8)   732180 (  8.6)   417469 (  4.9)   409423 (  4.8)   128402 (  1.5)   138696 (  1.6) 
 399    85194   411185 (  4.8)   734714 (  8.6)   418600 (  4.9)   415145 (  4.9)   134095 (  1.6)   148507 (  1.7) 
 400    85568   414473 (  4.8)  2147750 ( 25.1)   422721 (  4.9)   414096 (  4.8)   119311 (  1.4)   121401 (  1.4) 
 401    86039   413817 (  4.8)   741263 (  8.6)   424392 (  4.9)   421057 (  4.9)   127185 (  1.5)   131978 (  1.5) 
 402    86470   417151 (  4.8)   749322 (  8.7)   426559 (  4.9)   419465 (  4.9)   131394 (  1.5)   140181 (  1.6) 
 403    86878   418869 (  4.8)   755210 (  8.7)   428694 (  4.9)   425466 (  4.9)   136131 (  1.6)   148119 (  1.7) 
 404    87258   421083 (  4.8)   748001 (  8.6)   432115 (  5.0)   423757 (  4.9)   126691 (  1.5)   128255 (  1.5) 
 405    87734   423020 (  4.8)   761283 (  8.7)   435826 (  5.0)   431008 (  4.9)   131044 (  1.5)   137305 (  1.6) 
 406    88172   425410 (  4.8)   762501 (  8.6)   434386 (  4.9)   425509 (  4.8)   136459 (  1.5)   145676 (  1.7) 
 407    88592   426608 (  4.8)   767813 (  8.7)   435424 (  4.9)   431358 (  4.9)   141236 (  1.6)   153909 (  1.7) 
 408    88984   428461 (  4.8)   759670 (  8.5)   436292 (  4.9)   429722 (  4.8)   127616 (  1.4)   128163 (  1.4) 
 409    89470   430539 (  4.8)   776350 (  8.7)   440626 (  4.9)   437422 (  4.9)   132151 (  1.5)   138812 (  1.6) 
 410    89903   433809 (  4.8)   779195 (  8.7)   443280 (  4.9)   434433 (  4.8)   137177 (  1.5)   146418 (  1.6) 
 411    90355   435141 (  4.8)   784621 (  8.7)   444202 (  4.9)   440959 (  4.9)   141679 (  1.6)   155406 (  1.7) 
 412    90727   436077 (  4.8)   785071 (  8.7)   446960 (  4.9)   439054 (  4.8)   128933 (  1.4)   129864 (  1.4) 
 413    91216   439634 (  4.8)   790476 (  8.7)   450674 (  4.9)   443356 (  4.9)   134347 (  1.5)   139615 (  1.5) 
 414    91661   442283 (  4.8)   789280 (  8.6)   451784 (  4.9)   442242 (  4.8)   137852 (  1.5)   147730 (  1.6) 
 415    92113   443629 (  4.8)   792436 (  8.6)   452794 (  4.9)   448163 (  4.9)   142376 (  1.5)   156336 (  1.7) 
 416    92496   445614 (  4.8)  2321773 ( 25.1)   455243 (  4.9)   446561 (  4.8)   129291 (  1.4)   131934 (  1.4) 
 417    93038   446989 (  4.8)   799643 (  8.6)   459551 (  4.9)   455958 (  4.9)   132885 (  1.4)   142463 (  1.5) 
 418    93410   450824 (  4.8)   807330 (  8.6)   460916 (  4.9)   451532 (  4.8)   138643 (  1.5)   150871 (  1.6) 
 419    93846   451883 (  4.8)   813373 (  8.7)   461503 (  4.9)   458246 (  4.9)   145759 (  1.6)   160379 (  1.7) 
 420    94257   454561 (  4.8)   810062 (  8.6)   464988 (  4.9)   455481 (  4.8)   133345 (  1.4)   136934 (  1.5) 
 421    94734   455382 (  4.8)   822110 (  8.7)   469065 (  5.0)   464333 (  4.9)   141789 (  1.5)   148715 (  1.6) 
 422    95213   458394 (  4.8)   819532 (  8.6)   469778 (  4.9)   461762 (  4.8)   145664 (  1.5)   156977 (  1.6) 
 423    95675   460270 (  4.8)   828304 (  8.7)   470631 (  4.9)   467243 (  4.9)   150712 (  1.6)   166164 (  1.7) 
 424    96038   462910 (  4.8)   818276 (  8.5)   474905 (  4.9)   464587 (  4.8)   135167 (  1.4)   137152 (  1.4) 
 425    96483   464506 (  4.8)   836160 (  8.7)   476808 (  4.9)   473576 (  4.9)   142391 (  1.5)   151401 (  1.6) 
 426    96992   467059 (  4.8)   837986 (  8.6)   477861 (  4.9)   468899 (  4.8)   147566 (  1.5)   158164 (  1.6) 
 427    97474   468699 (  4.8)   845633 (  8.7)   478611 (  4.9)   476084 (  4.9)   152221 (  1.6)   167764 (  1.7) 
 428    97886   470342 (  4.8)   845608 (  8.6)   482925 (  4.9)   471863 (  4.8)   135840 (  1.4)   138841 (  1.4) 
 429    98360   472775 (  4.8)   851113 (  8.7)   485288 (  4.9)   479296 (  4.9)   143129 (  1.5)   151986 (  1.5) 
 430    98813   475836 (  4.8)   848068 (  8.6)   486901 (  4.9)   477802 (  4.8)   147426 (  1.5)   159693 (  1.6) 
 431    99289   477319 (  4.8)   851943 (  8.6)   487887 (  4.9)   483218 (  4.9)   153830 (  1.5)   169232 (  1.7) 
 432    99678   478526 (  4.8)  2502721 ( 25.1)   491541 (  4.9)   479533 (  4.8)   137287 (  1.4)   140351 (  1.4) 
 433   100185   481553 (  4.8)   860389 (  8.6)   493962 (  4.9)   490425 (  4.9)   144497 (  1.4)   151179 (  1.5) 
 434   100649   484994 (  4.8)   868185 (  8.6)   495271 (  4.9)   485611 (  4.8)   148996 (  1.5)   160190 (  1.6) 
 435   101169   486041 (  4.8)   877264 (  8.7)   496477 (  4.9)   491402 (  4.9)   154156 (  1.5)   169574 (  1.7) 
 436   101700   487424 (  4.8)   871389 (  8.6)   498825 (  4.9)   487653 (  4.8)   144057 (  1.4)   148305 (  1.5) 
 437   102056   491148 (  4.8)   882709 (  8.6)   503325 (  4.9)   498528 (  4.9)   150175 (  1.5)   158439 (  1.6) 
 438   102502   493697 (  4.8)   879933 (  8.6)   504359 (  4.9)   494887 (  4.8)   155194 (  1.5)   165454 (  1.6) 
 439   102989   495381 (  4.8)   890067 (  8.6)   505450 (  4.9)   499789 (  4.9)   160901 (  1.6)   174972 (  1.7) 
 440   103382   497677 (  4.8)   880339 (  8.5)   508414 (  4.9)   496973 (  4.8)   146410 (  1.4)   148329 (  1.4) 
 441   103917   499374 (  4.8)   898360 (  8.6)   511710 (  4.9)   506953 (  4.9)   152625 (  1.5)   159273 (  1.5) 
 442   104375   502462 (  4.8)   900400 (  8.6)   513614 (  4.9)   503669 (  4.8)   156287 (  1.5)   166908 (  1.6) 
 443   104864   504009 (  4.8)   906186 (  8.6)   514790 (  4.9)   509902 (  4.9)   161021 (  1.5)   176868 (  1.7) 
 444   105253   506527 (  4.8)   907503 (  8.6)   519996 (  4.9)   507916 (  4.8)   146422 (  1.4)   147618 (  1.4) 
 445   105782   507686 (  4.8)   914917 (  8.6)   521004 (  4.9)   511424 (  4.8)   152201 (  1.4)   159580 (  1.5) 
 446   106272   510907 (  4.8)   910809 (  8.6)   522629 (  4.9)   510975 (  4.8)   156825 (  1.5)   168545 (  1.6) 
 447   106711   512976 (  4.8)   915602 (  8.6)   523573 (  4.9)   517991 (  4.9)   162817 (  1.5)   178003 (  1.7) 
 448   107169   516097 (  4.8)  2693765 ( 25.1)   525531 (  4.9)   513753 (  4.8)   148735 (  1.4)   150773 (  1.4) 
 449   107708   516625 (  4.8)   923282 (  8.6)   530398 (  4.9)   524201 (  4.9)   152302 (  1.4)   159974 (  1.5) 
 450   108161   519847 (  4.8)   932031 (  8.6)   531870 (  4.9)   520485 (  4.8)   158262 (  1.5)   169897 (  1.6) 
 451   108663   522115 (  4.8)   940169 (  8.7)   532907 (  4.9)   527199 (  4.9)   164138 (  1.5)   179165 (  1.6) 
 452   109132   524591 (  4.8)   931233 (  8.5)   535100 (  4.9)   524265 (  4.8)   153746 (  1.4)   155200 (  1.4) 
 453   109634   526091 (  4.8)   947443 (  8.6)   539437 (  4.9)   533919 (  4.9)   158936 (  1.4)   166568 (  1.5) 
 454   110114   528774 (  4.8)   944210 (  8.6)   541171 (  4.9)   530668 (  4.8)   164069 (  1.5)   176029 (  1.6) 
 455   110631   530477 (  4.8)   955134 (  8.6)   542459 (  4.9)   536347 (  4.8)   169254 (  1.5)   186296 (  1.7) 
 456   111001   532548 (  4.8)   939851 (  8.5)   545442 (  4.9)   534463 (  4.8)   153684 (  1.4)   156088 (  1.4) 
 457   111551   535191 (  4.8)   962536 (  8.6)   548764 (  4.9)   543475 (  4.9)   160392 (  1.4)   168600 (  1.5) 
 458   112041   537820 (  4.8)   965256 (  8.6)   551164 (  4.9)   539553 (  4.8)   164729 (  1.5)   178974 (  1.6) 
 459   112573   539348 (  4.8)   971052 (  8.6)   552569 (  4.9)   546497 (  4.9)   170516 (  1.5)   187025 (  1.7) 
 460   113008   541099 (  4.8)   970333 (  8.6)   554423 (  4.9)   541418 (  4.8)   155064 (  1.4)   159054 (  1.4) 
 461   113515   543965 (  4.8)   980119 (  8.6)   558376 (  4.9)   549811 (  4.8)   162532 (  1.4)   171601 (  1.5) 
 462   113995   547302 (  4.8)   976037 (  8.6)   560496 (  4.9)   547716 (  4.8)   167185 (  1.5)   178800 (  1.6) 
 463   114485   548642 (  4.8)   979362 (  8.6)   562280 (  4.9)   555224 (  4.8)   172392 (  1.5)   189023 (  1.7) 
 464   114966   550322 (  4.8)  2884000 ( 25.1)   563161 (  4.9)   549876 (  4.8)   157776 (  1.4)   159788 (  1.4) 
 465   115508   554181 (  4.8)   988763 (  8.6)   567640 (  4.9)   561292 (  4.9)   164216 (  1.4)   172000 (  1.5) 
 466   115954   557047 (  4.8)   998158 (  8.6)   569995 (  4.9)   558110 (  4.8)   169062 (  1.5)   180713 (  1.6) 
 467   116483   558211 (  4.8)  1006236 (  8.6)   571701 (  4.9)   565368 (  4.9)   174000 (  1.5)   190800 (  1.6) 
 468   116952   559495 (  4.8)   993283 (  8.5)   573358 (  4.9)   561135 (  4.8)   164892 (  1.4)   166371 (  1.4) 
 469   117463   563554 (  4.8)  1013627 (  8.6)   577782 (  4.9)   572049 (  4.9)   171660 (  1.5)   179002 (  1.5) 
 470   117954   566687 (  4.8)  1009313 (  8.6)   580109 (  4.9)   566652 (  4.8)   175930 (  1.5)   186379 (  1.6) 
 471   118440   568224 (  4.8)  1021047 (  8.6)   581275 (  4.9)   574990 (  4.9)   181869 (  1.5)   197759 (  1.7) 
 472   118974   569728 (  4.8)  1002377 (  8.4)   583051 (  4.9)   570253 (  4.8)   163261 (  1.4)   167639 (  1.4) 
 473   119488   573267 (  4.8)  1029831 (  8.6)   586944 (  4.9)   580287 (  4.9)   172041 (  1.4)   181379 (  1.5) 
 474   120019   576115 (  4.8)  1032234 (  8.6)   589225 (  4.9)   576299 (  4.8)   176387 (  1.5)   188646 (  1.6) 
 475   120490   578935 (  4.8)  1038842 (  8.6)   592049 (  4.9)   584907 (  4.9)   182388 (  1.5)   198103 (  1.6) 
 476   120957   580448 (  4.8)  1036494 (  8.6)   592597 (  4.9)   580062 (  4.8)   165986 (  1.4)   168811 (  1.4) 
 477   121522   582822 (  4.8)  1048037 (  8.6)   597255 (  4.9)   587350 (  4.8)   173385 (  1.4)   182561 (  1.5) 
 478   121985   586007 (  4.8)  1042483 (  8.5)   598828 (  4.9)   585055 (  4.8)   176993 (  1.5)   190002 (  1.6) 
 479   122507   587077 (  4.8)  1046442 (  8.5)   600717 (  4.9)   593846 (  4.8)   182875 (  1.5)   200158 (  1.6) 
 480   122992   589942 (  4.8)  3087005 ( 25.1)   602292 (  4.9)   587861 (  4.8)   166532 (  1.4)   171107 (  1.4) 
 481   123540   591765 (  4.8)  1056086 (  8.5)   605090 (  4.9)   598566 (  4.8)   175807 (  1.4)   182800 (  1.5) 
 482   124002   595874 (  4.8)  1066469 (  8.6)   608866 (  4.9)   595573 (  4.8)   180243 (  1.5)   192081 (  1.5) 
 483   124622   597295 (  4.8)  1072808 (  8.6)   610654 (  4.9)   603346 (  4.8)   185752 (  1.5)   202571 (  1.6) 
 484   124986   599591 (  4.8)  1059712 (  8.5)   612849 (  4.9)   599077 (  4.8)   173524 (  1.4)   176287 (  1.4) 
 485   125547   601140 (  4.8)  1083725 (  8.6)   615817 (  4.9)   608529 (  4.8)   180954 (  1.4)   189317 (  1.5) 
 486   126081   604432 (  4.8)  1077325 (  8.5)   619475 (  4.9)   606059 (  4.8)   186343 (  1.5)   198547 (  1.6) 
 487   126622   606716 (  4.8)  1088400 (  8.6)   620841 (  4.9)   613136 (  4.8)   191455 (  1.5)   208660 (  1.6) 
 488   127052   609193 (  4.8)  1069197 (  8.4)   622937 (  4.9)   608326 (  4.8)   175046 (  1.4)   176190 (  1.4) 
 489   127654   610830 (  4.8)  1098842 (  8.6)   625708 (  4.9)   618814 (  4.8)   181995 (  1.4)   190913 (  1.5) 
 490   128178   614354 (  4.8)  1101477 (  8.6)   629278 (  4.9)   615028 (  4.8)   187054 (  1.5)   198611 (  1.5) 
 491   128693   616549 (  4.8)  1108208 (  8.6)   630738 (  4.9)   624328 (  4.9)   193261 (  1.5)   210885 (  1.6) 
 492   129239   619374 (  4.8)  1104388 (  8.5)   633329 (  4.9)   619405 (  4.8)   175746 (  1.4)   176435 (  1.4) 
 493   129750   620563 (  4.8)  1117616 (  8.6)   636004 (  4.9)   626615 (  4.8)   183684 (  1.4)   192080 (  1.5) 
 494   130251   624044 (  4.8)  1112335 (  8.5)   639292 (  4.9)   624851 (  4.8)   188912 (  1.5)   200363 (  1.5) 
 495   130795   627070 (  4.8)  1116653 (  8.5)   641927 (  4.9)   634569 (  4.9)   194965 (  1.5)   212795 (  1.6) 
 496   131290   629836 (  4.8)  3292736 ( 25.1)   643608 (  4.9)   628590 (  4.8)   177071 (  1.3)   178733 (  1.4) 
 497   131824   630327 (  4.8)  1126475 (  8.5)   646585 (  4.9)   638712 (  4.8)   186001 (  1.4)   193429 (  1.5) 
 498   132354   634069 (  4.8)  1136027 (  8.6)   649425 (  4.9)   634652 (  4.8)   190736 (  1.4)   203246 (  1.5) 
 499   132906   635969 (  4.8)  1144409 (  8.6)   652157 (  4.9)   643952 (  4.8)   196843 (  1.5)   215960 (  1.6) 
 500   133375   640159 (  4.8)  1126732 (  8.4)   653090 (  4.9)   639887 (  4.8)   182788 (  1.4)   186835 (  1.4) 
 501   133937   639839 (  4.8)  1154605 (  8.6)   656591 (  4.9)   648503 (  4.8)   192196 (  1.4)   200477 (  1.5) 
 502   134526   643843 (  4.8)  1148342 (  8.5)   660572 (  4.9)   645590 (  4.8)   196078 (  1.5)   209909 (  1.6) 
 503   135026   646440 (  4.8)  1160869 (  8.6)   662100 (  4.9)   653359 (  4.8)   202215 (  1.5)   219607 (  1.6) 
 504   135518   649563 (  4.8)  1137933 (  8.4)   663501 (  4.9)   649578 (  4.8)   186018 (  1.4)   187793 (  1.4) 
 505   136093   649997 (  4.8)  1170300 (  8.6)   667363 (  4.9)   658967 (  4.8)   192113 (  1.4)   200481 (  1.5) 
 506   136644   654009 (  4.8)  1172231 (  8.6)   670411 (  4.9)   654841 (  4.8)   197948 (  1.4)   209926 (  1.5) 
 507   137156   656440 (  4.8)  1180891 (  8.6)   671923 (  4.9)   664948 (  4.8)   203151 (  1.5)   220514 (  1.6) 
 508   137693   662817 (  4.8)  1174355 (  8.5)   674497 (  4.9)   660576 (  4.8)   186992 (  1.4)   188031 (  1.4) 
 509   138248   660238 (  4.8)  1190227 (  8.6)   677123 (  4.9)   666539 (  4.8)   192953 (  1.4)   201522 (  1.5) 
 510   138757   664947 (  4.8)  1184305 (  8.5)   681056 (  4.9)   668342 (  4.8)   199171 (  1.4)   210388 (  1.5) 
 511   139321   666140 (  4.8)  1188596 (  8.5)   682193 (  4.9)   673453 (  4.8)   203696 (  1.5)   220544 (  1.6) 
 512   139865   674418 (  4.8)  3514592 ( 25.1)   918082 (  6.6)   957888 (  6.8)   187967 (  1.3)   191772 (  1.4) 
 513   140434   671350 (  4.8)  1199523 (  8.5)   687706 (  4.9)   678413 (  4.8)   195734 (  1.4)   202943 (  1.4) 
 514   140933   674481 (  4.8)  1207597 (  8.6)   691553 (  4.9)   677072 (  4.8)   199126 (  1.4)   211206 (  1.5) 
 515   141530   677774 (  4.8)  1218998 (  8.6)   692991 (  4.9)   684039 (  4.8)   205698 (  1.5)   222539 (  1.6) 
 516   142016   682332 (  4.8)  1197423 (  8.4)   694398 (  4.9)   676377 (  4.8)   195263 (  1.4)   196600 (  1.4) 
 517   142587   681231 (  4.8)  1228205 (  8.6)   698443 (  4.9)   691583 (  4.9)   201020 (  1.4)   208927 (  1.5) 
 518   143169   684590 (  4.8)  1220106 (  8.5)   702598 (  4.9)   686204 (  4.8)   207333 (  1.4)   218565 (  1.5) 
 519   143724   687337 (  4.8)  1235209 (  8.6)   703987 (  4.9)   695875 (  4.8)   213064 (  1.5)   229100 (  1.6) 
 520   144181   691463 (  4.8)  3653444 ( 25.3)   705413 (  4.9)   689876 (  4.8)   194252 (  1.3)   198227 (  1.4) 
 521   144817   691519 (  4.8)  1244862 (  8.6)   710194 (  4.9)   701341 (  4.8)   203715 (  1.4)   211544 (  1.5) 
 522   145341   695366 (  4.8)  1245108 (  8.6)   713269 (  4.9)   698120 (  4.8)   209142 (  1.4)   220471 (  1.5) 
 523   145904   698158 (  4.8)  1255198 (  8.6)   714614 (  4.9)   706272 (  4.8)   215552 (  1.5)   232088 (  1.6) 
 524   146475   702273 (  4.8)  1246596 (  8.5)   716817 (  4.9)   699709 (  4.8)   195784 (  1.3)   199525 (  1.4) 
 525   147031   702607 (  4.8)  1265506 (  8.6)   720014 (  4.9)   710077 (  4.8)   204775 (  1.4)   213305 (  1.5) 
 526   147539   706063 (  4.8)  1257276 (  8.5)   724486 (  4.9)   707252 (  4.8)   209351 (  1.4)   221320 (  1.5) 
 527   148152   708619 (  4.8)  1262755 (  8.5)   725827 (  4.9)   716852 (  4.8)   215506 (  1.5)   233400 (  1.6) 
 528   148813   712109 (  4.8)  3729128 ( 25.1)   728052 (  4.9)   709807 (  4.8)   197711 (  1.3)   200658 (  1.3) 
 529   149284   713557 (  4.8)  1273967 (  8.5)   732009 (  4.9)   722812 (  4.8)   206024 (  1.4)   214024 (  1.4) 
 530   149810   717128 (  4.8)  1282650 (  8.6)   735194 (  4.9)   718795 (  4.8)   211894 (  1.4)   223363 (  1.5) 
 531   150415   719109 (  4.8)  1291950 (  8.6)   736702 (  4.9)   727461 (  4.8)   217993 (  1.4)   235313 (  1.6) 
 532   150908   722769 (  4.8)  1270390 (  8.4)   739107 (  4.9)   720647 (  4.8)   206021 (  1.4)   207144 (  1.4) 
 533   151546   723775 (  4.8)  1304862 (  8.6)   742428 (  4.9)   734618 (  4.8)   213724 (  1.4)   219131 (  1.4) 
 534   152076   727648 (  4.8)  1295187 (  8.5)   746851 (  4.9)   728366 (  4.8)   218386 (  1.4)   230260 (  1.5) 
 535   152626   729937 (  4.8)  1309595 (  8.6)   748077 (  4.9)   739114 (  4.8)   222632 (  1.5)   241532 (  1.6) 
 536   153168   733713 (  4.8)  3884789 ( 25.4)   750377 (  4.9)   733183 (  4.8)   206266 (  1.3)   209037 (  1.4) 
 537   153808   734691 (  4.8)  1332115 (  8.7)   753308 (  4.9)   744212 (  4.8)   216885 (  1.4)   224697 (  1.5) 
 538   154369   738210 (  4.8)  1333287 (  8.6)   757260 (  4.9)   740106 (  4.8)   221340 (  1.4)   234593 (  1.5) 
 539   154977   742502 (  4.8)  1340575 (  8.7)   759304 (  4.9)   749992 (  4.8)   227956 (  1.5)   246130 (  1.6) 
 540   155663   743563 (  4.8)  1341384 (  8.6)   761583 (  4.9)   744495 (  4.8)   207384 (  1.3)   209911 (  1.3) 
 541   156072   746146 (  4.8)  1353642 (  8.7)   764488 (  4.9)   753176 (  4.8)   217742 (  1.4)   225713 (  1.4) 
 542   156658   749784 (  4.8)  1352749 (  8.6)   769482 (  4.9)   750405 (  4.8)   223279 (  1.4)   236139 (  1.5) 
 543   157246   751504 (  4.8)  1347963 (  8.6)   770491 (  4.9)   760172 (  4.8)   229096 (  1.5)   248063 (  1.6) 
 544   157763   754733 (  4.8)  3969950 ( 25.2)   772646 (  4.9)   753155 (  4.8)   210094 (  1.3)   212606 (  1.3) 
 545   158440   757837 (  4.8)  1360687 (  8.6)   776294 (  4.9)   766722 (  4.8)   217128 (  1.4)   227319 (  1.4) 
 546   159144   760387 (  4.8)  1371598 (  8.6)   779518 (  4.9)   761114 (  4.8)   225185 (  1.4)   237048 (  1.5) 
 547   159571   763034 (  4.8)  1382165 (  8.7)   781622 (  4.9)   771757 (  4.8)   229896 (  1.4)   248288 (  1.6) 
 548   160091   766052 (  4.8)  1370099 (  8.6)   784174 (  4.9)   765527 (  4.8)   216934 (  1.4)   220319 (  1.4) 
 549   160714   768630 (  4.8)  1393664 (  8.7)   787078 (  4.9)   778484 (  4.8)   225341 (  1.4)   234867 (  1.5) 
...the end 
