# starting test: OpenMP OFF... 
# sN[S/L] = stride-N [store/load] 
# pur  = pragma unroll 
# mur  = manual unroll 
# murv = manual unroll and vectorize 
# timing in cycles ratio relative to memcpy 
#  n   memcpy        loop copy      basic + s1S      basic + s1L    pur 4x4 + s1L    mur 4x4 + s1L   murv 4x4 + s1L 
#  1       70       40   0.6       36   0.5       45   0.6       96   1.4      101   1.4       84   1.2 
   2       57       69   1.2       59   1.0       63   1.1      104   1.8      114   2.0      103   1.8 
   3       74      105   1.4      100   1.4      105   1.4      143   1.9      170   2.3      152   2.1 
   4       64      142   2.2      132   2.1      132   2.1      304   4.8      180   2.8      143   2.2 
   5       86      212   2.5      191   2.2      189   2.2      404   4.7      256   3.0      261   3.0 
   6       83      256   3.1      269   3.2      266   3.2      456   5.5      311   3.7      352   4.2 
   7      109      334   3.1      345   3.2      341   3.1      543   5.0      381   3.5      459   4.2 
   8      110      422   3.8      409   3.7      409   3.7      608   5.5      454   4.1      365   3.3 
   9      171      545   3.2      511   3.0      495   2.9      774   4.5      560   3.3      548   3.2 
  10      158      610   3.9      642   4.1      631   4.0      846   5.4      638   4.0      702   4.4 
  11      182      731   4.0      758   4.2      744   4.1      975   5.4      738   4.1      861   4.7 
  12      124      850   6.9      845   6.8      828   6.7     1022   8.2      855   6.9      668   5.4 
  13      184     1036   5.6     1019   5.5      965   5.2     1282   7.0     1015   5.5      935   5.1 
  14      153     1143   7.5     1116   7.3     1141   7.5     1348   8.8     1095   7.2     1131   7.4 
  15      215     1301   6.1     1282   6.0     1312   6.1     1548   7.2     1229   5.7     1373   6.4 
  16      139     1467  10.6     1457  10.5     1442  10.4     1684  12.1     1467  10.6     1117   8.0 
  17      215     1703   7.9     1630   7.6     1628   7.6     1973   9.2     1618   7.5     1469   6.8 
  18      173     1845  10.7     1887  10.9     1831  10.6     2092  12.1     1727  10.0     1714   9.9 
  19      232     2027   8.7     2086   9.0     1969   8.5     2297   9.9     1896   8.2     2023   8.7 
  20      193     2248  11.6     2243  11.6     2172  11.3     2456  12.7     2172  11.3     1701   8.8 
  21      254     2539  10.0     2516   9.9     2389   9.4     2836  11.2     2378   9.4     2093   8.2 
  22      236     2698  11.4     2681  11.4     2688  11.4     2948  12.5     2543  10.8     2417  10.2 
  23      263     2923  11.1     2977  11.3     2942  11.2     3207  12.2     2731  10.4     2780  10.6 
  24      229     3218  14.1     3157  13.8     3162  13.8     3440  15.0     3201  14.0     2424  10.6 
  25      290     3554  12.3     3491  12.0     3443  11.9     3827  13.2     3444  11.9     2873   9.9 
  26      278     3774  13.6     3619  13.0     3866  13.9     4006  14.4     3706  13.3     3265  11.7 
  27      316     4068  12.9     3887  12.3     4136  13.1     4252  13.5     3883  12.3     3662  11.6 
  28      289     4368  15.1     4170  14.4     4352  15.1     4478  15.5     4335  15.0     3228  11.2 
  29      336     4765  14.2     4523  13.5     4681  13.9     5089  15.1     4694  14.0     3838  11.4 
  30      322     4976  15.5     4800  14.9     5103  15.8     5411  16.8     4882  15.2     4320  13.4 
  31      360     5320  14.8     5075  14.1     5423  15.1     5744  16.0     5124  14.2     4783  13.3 
  32      338     5664  16.8     5394  16.0     5687  16.8     6076  18.0     5741  17.0     4246  12.6 
  33      392     6113  15.6     5800  14.8     5967  15.2     6515  16.6     5973  15.2     4867  12.4 
  34      383     6365  16.6     6090  15.9     6385  16.7     6716  17.5     6169  16.1     5399  14.1 
  35      424     6741  15.9     6458  15.2     6662  15.7     7005  16.5     6341  15.0     5896  13.9 
  36      415     7126  17.2     6829  16.5     6940  16.7     7349  17.7     6944  16.7     5286  12.7 
  37      465     7628  16.4     7289  15.7     7274  15.6     7859  16.9     7213  15.5     5935  12.8 
  38      465     7912  17.0     7598  16.3     7808  16.8     8153  17.5     7505  16.1     6525  14.0 
  39      502     8333  16.6     8076  16.1     8270  16.5     8630  17.2     7863  15.7     7147  14.2 
  40      475     8763  18.4     8485  17.9     8608  18.1     9058  19.1     8662  18.2     6515  13.7 
  41      541     9319  17.2     9289  17.2     9090  16.8     9725  18.0     9076  16.8     7288  13.5 
  42      538     9635  17.9     9924  18.4     9625  17.9     9994  18.6     9315  17.3     7902  14.7 
  43      587    10093  17.2    10681  18.2    10097  17.2    10479  17.9     9674  16.5     8612  14.7 
  44      564    10567  18.7    11170  19.8    10486  18.6    10968  19.4    10467  18.6     7869  14.0 
  45      628    11173  17.8    11986  19.1    10980  17.5    11667  18.6    10948  17.4     8697  13.8 
  46      613    11521  18.8    12469  20.3    11646  19.0    12037  19.6    11309  18.4     9408  15.3 
  47      670    12018  17.9    13089  19.5    12180  18.2    12591  18.8    11680  17.4    10179  15.2 
  48      643    12534  19.5    13657  21.2    12554  19.5    13062  20.3    12641  19.7     9388  14.6 
  49      715    13194  18.5    14359  20.1    13092  18.3    13821  19.3    13055  18.3    10293  14.4 
  50      704    13572  19.3    14808  21.0    13767  19.6    14180  20.1    13399  19.0    11040  15.7 
  51      765    14116  18.5    15425  20.2    14306  18.7    14745  19.3    13771  18.0    11890  15.5 
  52      747    14672  19.6    15990  21.4    14720  19.7    15270  20.4    14708  19.7    11052  14.8 
  53      816    15387  18.9    16741  20.5    15284  18.7    16057  19.7    15222  18.7    11937  14.6 
  54      814    15796  19.4    17250  21.2    16017  19.7    16444  20.2    15707  19.3    12824  15.8 
  55      861    16382  19.0    17889  20.8    16595  19.3    17048  19.8    16099  18.7    13715  15.9 
  56      841    16981  20.2    18526  22.0    17040  20.3    17623  21.0    17219  20.5    12781  15.2 
  57      918    17752  19.3    19327  21.1    17654  19.2    18464  20.1    17712  19.3    13843  15.1 
  58      920    18185  19.8    19887  21.6    18429  20.0    18887  20.5    18071  19.6    14669  15.9 
  59      972    18814  19.4    20588  21.2    19055  19.6    19535  20.1    18486  19.0    15680  16.1 
  60      960    19522  20.3    21233  22.1    19534  20.3    20142  21.0    19596  20.4    14602  15.2 
  61     1020    20420  20.0    22116  21.7    20181  19.8    21043  20.6    20202  19.8    15725  15.4 
  62     1024    20895  20.4    22678  22.1    21015  20.5    21494  21.0    20629  20.1    16708  16.3 
  63     1077    21571  20.0    23493  21.8    21684  20.1    22181  20.6    21055  19.5    17673  16.4 
  64     1070    23677  22.1    24319  22.7    23705  22.2    30888  28.9    22450  21.0    16655  15.6 
  65     1138    42083  37.0    66187  58.2    42106  37.0    43303  38.1    26825  23.6    23469  20.6 
  66     1145    43164  37.7    61044  53.3    43467  38.0    44653  39.0    46319  40.5    27241  23.8 
  67     1202    44509  37.0    74013  61.6    44674  37.2    45834  38.1    47512  39.5    28875  24.0 
  68     1207    46036  38.1    80140  66.4    46075  38.2    47330  39.2    49585  41.1    27157  22.5 
  69     1273    47414  37.2    84306  66.2    47457  37.3    48695  38.3    52100  40.9    28386  22.3 
  70     1289    48572  37.7    86058  66.8    48904  37.9    50131  38.9    53938  41.8    31142  24.2 
  71     1341    49993  37.3    88736  66.2    50184  37.4    51382  38.3    54344  40.5    32810  24.5 
  72     1335    51617  38.7    89899  67.3    51667  38.7    52962  39.7    56931  42.6    30064  22.5 
  73     1402    53078  37.9    94397  67.3    53132  37.9    54411  38.8    58150  41.5    31707  22.6 
  74     1435    54298  37.8    96204  67.0    54656  38.1    55928  39.0    59248  41.3    34372  24.0 
  75     1476    55795  37.8    99429  67.4    56007  37.9    57293  38.8    60701  41.1    38397  26.0 
  76     1490    57512  38.6   100177  67.2    57579  38.6    58940  39.6    61419  41.2    32982  22.1 
  77     1547    59052  38.2   105138  68.0    59122  38.2    60480  39.1    64079  41.4    35517  23.0 
  78     1570    60347  38.4   106914  68.1    60729  38.7    62078  39.5    64381  41.0    38682  24.6 
  79     1620    61920  38.2   111128  68.6    62155  38.4    63492  39.2    65691  40.5    39776  24.6 
  80     1631    63724  39.1   111076  68.1    63806  39.1    65236  40.0    66677  40.9    35929  22.0 
  81     1695    65349  38.6   117097  69.1    65433  38.6    66840  39.4    69485  41.0    37879  22.3 
  82     1722    66708  38.7   118202  68.6    67130  39.0    68519  39.8    70611  41.0    42015  24.4 
  83     1786    68362  38.3   121834  68.2    68624  38.4    70015  39.2    72264  40.5    44923  25.2 
  84     1795    70260  39.1   122412  68.2    70361  39.2    71872  40.0    75166  41.9    42979  23.9 
  85     1868    71959  38.5   128059  68.6    72062  38.6    73492  39.3    79533  42.6    43067  23.1 
  86     1893    73387  38.8   130062  68.7    73842  39.0    75295  39.8    81712  43.2    50225  26.5 
  87     1944    75122  38.6   133910  68.9    75410  38.8    76827  39.5    81416  41.9    48053  24.7 
  88     1951    77114  39.5   134353  68.9    77238  39.6    78773  40.4    84892  43.5    45767  23.5 
  89     2031    78893  38.8   140232  69.0    79022  38.9    80539  39.7    85947  42.3    46225  22.8 
  90     2059    80388  39.0   142537  69.2    80888  39.3    82385  40.0    88221  42.8    50206  24.4 
  91     2115    82211  38.9   146346  69.2    82523  39.0    84022  39.7    88986  42.1    55951  26.5 
  92     2131    84287  39.6   146666  68.8    84429  39.6    86047  40.4    88885  41.7    47149  22.1 
  93     2201    86149  39.1   153265  69.6    86289  39.2    87869  39.9    92902  42.2    51232  23.3 
  94     2225    87706  39.4   155475  69.9    88242  39.7    89784  40.4    92594  41.6    55479  24.9 
  95     2281    89605  39.3   160708  70.5    89944  39.4    91448  40.1    94172  41.3    55819  24.5 
  96     2302    91777  39.9   159897  69.5    91940  39.9    93636  40.7    95167  41.3    50702  22.0 
  97     2374    93722  39.5   167957  70.7    93887  39.5    95570  40.3    98723  41.6    53032  22.3 
  98     2407    95346  39.6   168855  70.2    95911  39.8    97540  40.5   100062  41.6    59742  24.8 
  99     2468    97327  39.4   173417  70.3    97695  39.6    99298  40.2   102011  41.3    64392  26.1 
 100     2505    99593  39.8   173648  69.3    99770  39.8   101567  40.5   105270  42.0    60424  24.1 
 101     2570   101614  39.5   180624  70.3   101801  39.6   103507  40.3   112237  43.7    61427  23.9 
 102     2612   103303  39.5   182933  70.0   103912  39.8   105603  40.4   114415  43.8    70040  26.8 
 103     2668   105366  39.5   187635  70.3   105770  39.6   107411  40.3   113494  42.5    66028  24.7 
 104     2683   107717  40.1   187641  69.9   107931  40.2   109701  40.9   118355  44.1    63122  23.5 
 105     2767   109817  39.7   195086  70.5   110029  39.8   111807  40.4   118613  42.9    63211  22.8 
 106     2806   111585  39.8   197605  70.4   112234  40.0   113954  40.6   122545  43.7    69718  24.8 
 107     2875   113719  39.6   202448  70.4   114155  39.7   115873  40.3   122415  42.6    76866  26.7 
 108     2894   116170  40.1   202265  69.9   116400  40.2   118248  40.9   121391  41.9    64479  22.3 
 109     2982   118345  39.7   210265  70.5   118587  39.8   120392  40.4   127120  42.6    69214  23.2 
 110     3004   120182  40.0   212732  70.8   120871  40.2   122699  40.8   125955  41.9    75023  25.0 
 111     3087   122401  39.7   219382  71.1   122873  39.8   124694  40.4   127787  41.4    75363  24.4 
 112     3097   124957  40.3   217566  70.3   125198  40.4   127044  41.0   128716  41.6    68606  22.2 
 113     3198   127196  39.8   227656  71.2   127463  39.9   129368  40.5   133071  41.6    71076  22.2 
 114     3224   129249  40.1   228522  70.9   129827  40.3   131669  40.8   134621  41.8    79928  24.8 
 115     3309   131559  39.8   233951  70.7   131903  39.9   133752  40.4   136894  41.4    85072  25.7 
 116     3327   134226  40.3   233344  70.1   134307  40.4   136351  41.0   140427  42.2    80786  24.3 
 117     3421   136591  39.9   242316  70.8   136663  39.9   138647  40.5   150106  43.9    81277  23.8 
 118     3456   138644  40.1   244888  70.9   139099  40.2   141073  40.8   152619  44.2    92587  26.8 
 119     3527   141261  40.1   250390  71.0   141257  40.1   143133  40.6   150616  42.7    87024  24.7 
 120     3545   143928  40.6   249717  70.4   143743  40.5   145773  41.1   156480  44.1    83946  23.7 
 121     3645   146376  40.2   259195  71.1   146172  40.1   148111  40.6   156551  42.9    83198  22.8 
 122     3683   148451  40.3   261696  71.1   148703  40.4   150642  40.9   161996  44.0    91550  24.9 
 123     3759   150920  40.1   268085  71.3   150913  40.1   152890  40.7   161114  42.9   100801  26.8 
 124     3785   153750  40.6   266641  70.4   153502  40.6   155658  41.1   158960  42.0    83978  22.2 
 125     3869   156251  40.4   276399  71.4   156011  40.3   158033  40.8   166055  42.9    89873  23.2 
 126     3910   158375  40.5   279197  71.4   158627  40.6   160712  41.1   164411  42.0    96581  24.7 
 127     3987   160917  40.4   287134  72.0   160921  40.4   162906  40.9   166503  41.8    97590  24.5 
 128     4017   163834  40.8   870027 216.6   163578  40.7   165674  41.2   167304  41.6    88540  22.0 
 129     4110   166417  40.5   297695  72.4   166166  40.4   168295  40.9   172563  42.0    91518  22.3 
 130     4155   168602  40.6   297130  71.5   168860  40.6   170912  41.1   174297  41.9   102818  24.7 
 131     4235   171232  40.4   303430  71.6   171233  40.4   173269  40.9   176924  41.8   108649  25.7 
 132     4276   174248  40.8   302142  70.7   173966  40.7   176296  41.2   180659  42.2   103075  24.1 
 133     4366   176908  40.5   312840  71.7   176649  40.5   178888  41.0   193508  44.3   104879  24.0 
 134     4419   179142  40.5   315694  71.4   179419  40.6   181610  41.1   196378  44.4   119408  27.0 
 135     4496   181877  40.5   322215  71.7   181858  40.4   183983  40.9   193005  42.9   111103  24.7 
 136     4521   184978  40.9   320686  70.9   184689  40.9   187055  41.4   200458  44.3   107100  23.7 
 137     4626   187716  40.6   332097  71.8   187443  40.5   189593  41.0   199905  43.2   106478  23.0 
 138     4674   190017  40.7   334878  71.6   190314  40.7   192475  41.2   206427  44.2   117255  25.1 
 139     4770   192817  40.4   341552  71.6   192810  40.4   194891  40.9   205145  43.0   129020  27.0 
 140     4791   196008  40.9   339823  70.9   195723  40.9   198016  41.3   201581  42.1   106463  22.2 
 141     4896   198833  40.6   351660  71.8   198567  40.6   200892  41.0   210389  43.0   113616  23.2 
 142     4933   201216  40.8   354534  71.9   201503  40.8   203849  41.3   208018  42.2   122756  24.9 
 143     5029   204076  40.6   363924  72.4   204097  40.6   206246  41.0   210354  41.8   122654  24.4 
 144     5054   207377  41.0   359487  71.1   207070  41.0   209432  41.4   210952  41.7   111629  22.1 
 145     5167   210278  40.7   374509  72.5   209996  40.6   212334  41.1   217109  42.0   114792  22.2 
 146     5206   212725  40.9   374771  72.0   213025  40.9   215354  41.4   219119  42.1   127526  24.5 
 147     5307   215682  40.6   381914  72.0   215680  40.6   217894  41.1   222030  41.8   136029  25.6 
 148     5342   219059  41.0   379741  71.1   218753  40.9   221198  41.4   225927  42.3   129805  24.3 
 149     5455   222055  40.7   392412  71.9   221773  40.7   224236  41.1   242341  44.4   131857  24.2 
 150     5499   224556  40.8   395532  71.9   224881  40.9   227303  41.3   245546  44.7   150450  27.4 
 151     5586   227585  40.7   402924  72.1   227586  40.7   229915  41.2   240633  43.1   137552  24.6 
 152     5624   231071  41.1   400469  71.2   230757  41.0   233398  41.5   249260  44.3   133277  23.7 
 153     5735   234127  40.8   414000  72.2   233849  40.8   236371  41.2   248362  43.3   131953  23.0 
 154     5787   236709  40.9   416817  72.0   237023  41.0   239509  41.4   256214  44.3   145974  25.2 
 155     5879   239821  40.8   424645  72.2   239820  40.8   242226  41.2   254517  43.3   160267  27.3 
 156     5924   243395  41.1   421611  71.2   243086  41.0   245824  41.5   249237  42.1   131021  22.1 
 157     6020   246533  41.0   435872  72.4   246236  40.9   248686  41.3   260881  43.3   139935  23.2 
 158     6076   249195  41.0   438665  72.2   249509  41.1   251965  41.5   256720  42.3   151265  24.9 
 159     6168   252381  40.9   449772  72.9   252381  40.9   254727  41.3   259313  42.0   150121  24.3 
 160     6214   256033  41.2  1359736 218.8   255704  41.1   258398  41.6   259666  41.8   136754  22.0 
 161     6321   259264  41.0   461789  73.1   258951  41.0   261435  41.4   266830  42.2   140323  22.2 
 162     6380   261965  41.1   461400  72.3   262306  41.1   264951  41.5   269028  42.2   158933  24.9 
 163     6476   265268  41.0   469270  72.5   265260  41.0   267833  41.4   272254  42.0   169537  26.2 
 164     6533   269003  41.2   466383  71.4   268672  41.1   271500  41.6   276249  42.3   159346  24.4 
 165     6639   272322  41.0   481590  72.5   271990  41.0   274624  41.4   296804  44.7   161371  24.3 
 166     6707   275097  41.0   484400  72.2   275429  41.1   278115  41.5   300945  44.9   183591  27.4 
 167     6798   278474  41.0   492796  72.5   278484  41.0   281061  41.3   293588  43.2   166953  24.6 
 168     6838   282320  41.3   489138  71.5   281966  41.2   284698  41.6   302756  44.3   162521  23.8 
 169     6958   285702  41.1   504930  72.6   285365  41.0   288064  41.4   302030  43.4   159618  22.9 
 170     7024   288561  41.1   508034  72.3   288898  41.1   291751  41.5   312127  44.4   178063  25.4 
 171     7127   291988  41.0   516218  72.4   292030  41.0   294638  41.3   309544  43.4   195210  27.4 
 172     7170   295934  41.3   512631  71.5   295570  41.2   298392  41.6   302037  42.1   158834  22.2 
 173     7290   299401  41.1   529464  72.6   299059  41.0   301903  41.4   315516  43.3   169376  23.2 
 174     7342   302321  41.2   532235  72.5   302661  41.2   305304  41.6   310567  42.3   183723  25.0 
 175     7456   305837  41.0   544813  73.1   305825  41.0   308426  41.4   313457  42.0   181042  24.3 
 176     7494   309839  41.3   536736  71.6   309484  41.3   312328  41.7   313462  41.8   165236  22.0 
 177     7621   313388  41.1   557772  73.2   313055  41.1   315990  41.5   321698  42.2   168887  22.2 
 178     7676   316396  41.2   556913  72.6   316769  41.3   319614  41.6   324110  42.2   191493  24.9 
 179     7793   320001  41.1   566232  72.7   319999  41.1   322772  41.4   327683  42.0   200581  25.7 
 180     7924   324058  40.9   561523  70.9   323735  40.9   326839  41.2   331663  41.9   191426  24.2 
 181     8050   327710  40.7   579527  72.0   327400  40.7   330376  41.0   357321  44.4   192237  23.9 
 182    15515   330780  21.3   582192  37.5   331171  21.3   334083  21.5   362003  23.3   219044  14.1 
 183    18121   334479  18.5   591714  32.7   334472  18.5   337289  18.6   352503  19.5   199914  11.0 
 184    18268   338668  18.5   586579  32.1   338322  18.5   341464  18.7   363616  19.9   195964  10.7 
 185    18514   342381  18.5   604891  32.7   342038  18.5   345056  18.6   361360  19.5   190679  10.3 
 186    18696   345505  18.5   608052  32.5   345894  18.5   348737  18.7   373445  20.0   212006  11.3 
 187    18908   349283  18.5   618076  32.7   349279  18.5   351959  18.6   369939  19.6   233103  12.3 
 188    19068   353557  18.5   612389  32.1   353187  18.5   356181  18.7   359788  18.9   188703   9.9 
 189    19302   357381  18.5   633640  32.8   357030  18.5   359835  18.6   376397  19.5   201095  10.4 
 190    19485   360567  18.5   634547  32.6   360960  18.5   363819  18.7   369528  19.0   217289  11.2 
 191    19697   364382  18.5   645784  32.8   364425  18.5   367148  18.6   372639  18.9   214928  10.9 
 192    19866   368766  18.6  1957807  98.6   368401  18.5   371611  18.7   372294  18.7   195667   9.8 
 193    20107   372644  18.5   666889  33.2   372291  18.5   375441  18.7   381645  19.0   199791   9.9 
 194    20298   375926  18.5   661421  32.6   376314  18.5   379510  18.7   384274  18.9   225626  11.1 
 195    20519   379805  18.5   671994  32.7   379859  18.5   382760  18.7   388162  18.9   236192  11.5 
 196    20703   384301  18.6   665697  32.2   383927  18.5   387080  18.7   392138  18.9   224923  10.9 
 197    20941   388255  18.5   686542  32.8   387904  18.5   391010  18.7   423709  20.2   227760  10.9 
 198    21153   391600  18.5   688981  32.6   391991  18.5   395140  18.7   427859  20.2   259391  12.3 
 199    21371   395613  18.5   699558  32.7   395582  18.5   398550  18.6   416678  19.5   235845  11.0 
 200    21532   400159  18.6   693019  32.2   399793  18.6   403025  18.7   430800  20.0   231249  10.7 
 201    21793   404210  18.5   714094  32.8   403838  18.5   406943  18.7   426716  19.6   225149  10.3 
 202    21997   407577  18.5   717138  32.6   408015  18.5   411294  18.7   439526  20.0   250124  11.4 
 203    22226   411661  18.5   728314  32.8   411690  18.5   414789  18.7   435344  19.6   275053  12.4 
 204    22401   416334  18.6   721062  32.2   415939  18.6   419491  18.7   422667  18.9   221662   9.9 
 205    22668   420456  18.5   742952  32.8   420102  18.5   423380  18.7   441561  19.5   235807  10.4 
 206    22846   423903  18.6   745799  32.6   424379  18.6   427393  18.7   433607  19.0   254697  11.1 
 207    23101   428064  18.5   759689  32.9   428114  18.5   431130  18.7   437001  18.9   251331  10.9 
 208    23266   432851  18.6   749410  32.2   432426  18.6   435755  18.7   436185  18.7   229075   9.8 
 209    23542   437008  18.6   777531  33.0   436651  18.5   440051  18.7   446747  19.0   233568   9.9 
 210    23733   440554  18.6   774913  32.7   441399  18.6   444490  18.7   449577  18.9   263573  11.1 
 211    23994   444797  18.5   786631  32.8   450269  18.8   453326  18.9   453873  18.9   275625  11.5 
 212    24172   449679  18.6   778714  32.2   454680  18.8   458077  19.0   457767  18.9   263919  10.9 
 213    24441   453911  18.6   802282  32.8   458901  18.8   462232  18.9   494711  20.2   267351  10.9 
 214    24648   457497  18.6   804814  32.7   463411  18.8   466376  18.9   499336  20.3   304480  12.4 
 215    24883   461825  18.6   814948  32.8   467274  18.8   470331  18.9   485553  19.5   274024  11.0 
 216    25069   466798  18.6   808236  32.2   471567  18.8   475370  19.0   501218  20.0   268977  10.7 
 217    25348   471127  18.6   832005  32.8   473492  18.7   475653  18.8   496419  19.6   261780  10.3 
 218    25563   474790  18.6   837620  32.8   475299  18.6   478757  18.7   511824  20.0   291864  11.4 
 219    25812   479218  18.6   852006  33.0   479246  18.6   482557  18.7   506011  19.6   320295  12.4 
 220    26006   484242  18.6   842970  32.4   490296  18.9   493985  19.0   490710  18.9   256931   9.9 
 221    26267   488649  18.6   866087  33.0   494477  18.8   498041  19.0   513678  19.6   273344  10.4 
 222    26487   492395  18.6   869835  32.8   499163  18.8   502240  19.0   503011  19.0   296407  11.2 
 223    26736   496860  18.6   887392  33.2   503052  18.8   506414  18.9   506540  18.9   290472  10.9 
 224    26938   501983  18.6  2669568  99.1   507998  18.9   511980  19.0   505281  18.8   265026   9.8 
 225    27218   506532  18.6   904015  33.2   512195  18.8   515817  19.0   517114  19.0   269836   9.9 
 226    27441   510333  18.6   902627  32.9   517029  18.8   520341  19.0   520137  19.0   306574  11.2 
 227    27696   514864  18.6   915590  33.1   521013  18.8   524553  18.9   524597  18.9   324766  11.7 
 228    27912   520105  18.6   903303  32.4   524707  18.8   528369  18.9   528263  18.9   305552  10.9 
 229    28183   524724  18.6   932275  33.1   531470  18.9   535161  19.0   572539  20.3   309408  11.0 
 230    28430   528576  18.6   934589  32.9   536544  18.9   539521  19.0   578262  20.3   351743  12.4 
 231    28680   533239  18.6   947834  33.0   540938  18.9   544139  19.0   560590  19.5   315481  11.0 
 232    28879   538541  18.6   934809  32.4   545873  18.9   549223  19.0   576989  20.0   310737  10.8 
 233    29167   543175  18.6   959477  32.9   550469  18.9   553828  19.0   572295  19.6   300883  10.3 
 234    29408   547127  18.6   964608  32.8   555190  18.9   558369  19.0   590966  20.1   337238  11.5 
 235    29677   551865  18.6   980185  33.0   559289  18.8   562724  19.0   583378  19.7   368969  12.4 
 236    29883   557301  18.6   971165  32.5   563787  18.9   567415  19.0   563733  18.9   295075   9.9 
 237    30179   562035  18.6   999360  33.1   568414  18.8   572076  19.0   589304  19.5   313763  10.4 
 238    30394   566016  18.6  1001363  32.9   573960  18.9   577465  19.0   578550  19.0   341765  11.2 
 239    30687   570867  18.6  1021132  33.3   578819  18.9   582450  19.0   582283  19.0   333492  10.9 
 240    30887   576389  18.7  1004230  32.5   583616  18.9   587762  19.0   580367  18.8   304396   9.9 
 241    31196   581183  18.6  1033874  33.1   588684  18.9   592575  19.0   593636  19.0   309455   9.9 
 242    31414   585242  18.6  1035143  33.0   594010  18.9   597575  19.0   597123  19.0   351210  11.2 
 243    31708   590128  18.6  1048201  33.1   598207  18.9   601889  19.0   601606  19.0   365952  11.5 
 244    31921   595711  18.7  1038074  32.5   603508  18.9   607551  19.0   606178  19.0   349536  11.0 
 245    32228   600635  18.6  1067236  33.1   608188  18.9   611984  19.0   657089  20.4   351407  10.9 
 246    32470   604792  18.6  1069681  32.9   613700  18.9   617237  19.0   661853  20.4   399515  12.3 
 247    32743   609756  18.6  1083667  33.1   618834  18.9   622794  19.0   641324  19.6   360508  11.0 
 248    32961   615463  18.7  1072015  32.5   623987  18.9   628162  19.1   660222  20.0   356199  10.8 
 249    33274   620430  18.6  1100496  33.1   629057  18.9   632910  19.0   653469  19.6   343222  10.3 
 250    33520   624608  18.6  1104726  33.0   634429  18.9   637797  19.0   674762  20.1   383881  11.5 
 251    33799   629676  18.6  1118857  33.1   638912  18.9   642603  19.0   665797  19.7   421333  12.5 
 252    34034   635437  18.7  1106941  32.5   643350  18.9   647530  19.0   642979  18.9   336589   9.9 
 253    34329   640482  18.7  1137624  33.1   648411  18.9   652418  19.0   672704  19.6   357415  10.4 
 254    34577   644741  18.6  1142743  33.0   653710  18.9   657375  19.0   659090  19.1   388328  11.2 
 255    34862   649928  18.6  1156906  33.2   659213  18.9   663427  19.0   662279  19.0   379096  10.9 
 256    35101   655781  18.7  3488366  99.4   665713  19.0   669858  19.1   659671  18.8   345544   9.8 
 257    35406   660957  18.7  1182046  33.4   669915  18.9   674152  19.0   674880  19.1   350553   9.9 
 258    35671   665287  18.7  1178822  33.0   675277  18.9   678659  19.0   678084  19.0   398266  11.2 
 259    35956   670507  18.6  1189663  33.1   680060  18.9   684014  19.0   682888  19.0   414451  11.5 
 260    36214   676503  18.7  1179082  32.6   685428  18.9   689613  19.0   687295  19.0   395362  10.9 
 261    36508   681639  18.7  1211543  33.2   690774  18.9   695024  19.0   743304  20.4   398794  10.9 
 262    36790   686043  18.6  1213661  33.0   696222  18.9   699725  19.0   750336  20.4   454695  12.4 
 263    37081   691406  18.6  1228968  33.1   702050  18.9   706057  19.0   727219  19.6   408534  11.0 
 264    37313   697431  18.7  1215346  32.6   707691  19.0   711812  19.1   749939  20.1   403761  10.8 
 265    37631   702694  18.7  1245983  33.1   713110  19.0   717301  19.1   741947  19.7   389779  10.4 
 266    37910   707161  18.7  1250881  33.0   718615  19.0   721943  19.0   762781  20.1   434561  11.5 
 267    38210   712580  18.6  1266052  33.1   723369  18.9   727126  19.0   752780  19.7   477164  12.5 
 268    38459   718762  18.7  1252440  32.6   728234  18.9   732459  19.0   726239  18.9   379713   9.9 
 269    38787   724093  18.7  1287133  33.2   733509  18.9   737815  19.0   759430  19.6   403194  10.4 
 270    39031   728644  18.7  1289369  33.0   740104  19.0   743797  19.1   744237  19.1   437188  11.2 
 271    39350   734087  18.7  1313261  33.4   745124  18.9   749285  19.0   747376  19.0   427217  10.9 
 272    39592   740355  18.7  3940159  99.5   750895  19.0   755112  19.1   744071  18.8   389512   9.8 
 273    39933   745852  18.7  1325930  33.2   756396  18.9   760895  19.1   760539  19.0   396146   9.9 
 274    40186   750457  18.7  1327844  33.0   761905  19.0   765719  19.1   764015  19.0   448057  11.1 
 275    40518   755989  18.7  1343913  33.2   767211  18.9   771277  19.0   769233  19.0   466023  11.5 
 276    40770   762313  18.7  1328577  32.6   772811  19.0   777539  19.1   772069  18.9   445903  10.9 
 277    41101   767823  18.7  1365638  33.2   778503  18.9   783068  19.1   837992  20.4   451965  11.0 
 278    41383   772535  18.7  1366700  33.0   785239  19.0   789059  19.1   844207  20.4   512556  12.4 
 279    41685   778153  18.7  1383723  33.2   790742  19.0   794742  19.1   817326  19.6   458098  11.0 
 280    41933   784504  18.7  1367276  32.6   796461  19.0   801310  19.1   842082  20.1   452999  10.8 
 281    42285   790196  18.7  1399842  33.1   802119  19.0   806655  19.1   833002  19.7   436858  10.3 
 282    42568   794877  18.7  1406054  33.0   807787  19.0   811756  19.1   857335  20.1   489324  11.5 
 283    42873   800637  18.7  1424719  33.2   812178  18.9   816410  19.0   844948  19.7   535984  12.5 
 284    43146   807153  18.7  1407117  32.6   818083  19.0   822977  19.1   816389  18.9   427340   9.9 
 285    43475   812845  18.7  1446164  33.3   824791  19.0   829613  19.1   853437  19.6   452168  10.4 
 286    43762   817635  18.7  1446540  33.1   831007  19.0   835091  19.1   833277  19.0   491312  11.2 
 287    44080   823427  18.7  1474471  33.4   836245  19.0   840632  19.1   837519  19.0   478375  10.9 
 288    44352   830048  18.7  4416232  99.6   842339  19.0   847527  19.1   833556  18.8   436204   9.8 
 289    44692   835809  18.7  1495904  33.5   848100  19.0   852868  19.1   851461  19.1   442639   9.9 
 290    44986   840662  18.7  1488866  33.1   854348  19.0   858390  19.1   855356  19.0   503364  11.2 
 291    45309   846554  18.7  1506811  33.3   859472  19.0   864098  19.1   860791  19.0   531567  11.7 
 292    45599   853279  18.7  1487367  32.6   867433  19.0   872485  19.1   863385  18.9   500242  11.0 
 293    45940   859178  18.7  1528556  33.3   872816  19.0   877430  19.1   939083  20.4   505352  11.0 
 294    46247   864108  18.7  1528861  33.1   878597  19.0   882296  19.1   944719  20.4   573935  12.4 
 295    46568   870026  18.7  1545342  33.2   884385  19.0   888287  19.1   912742  19.6   510736  11.0 
 296    46835   876849  18.7  1528128  32.6   890016  19.0   894522  19.1   938328  20.0   506410  10.8 
 297    47189   882722  18.7  1569281  33.3   895359  19.0   899730  19.1   927661  19.7   486291  10.3 
 298    47503   887785  18.7  1571464  33.1   901550  19.0   905197  19.1   957317  20.2   546490  11.5 
 299    47832   893798  18.7  1591432  33.3   908295  19.0   912328  19.1   943317  19.7   596509  12.5 
 300    48114   900624  18.7  1570362  32.6   914429  19.0   919028  19.1   908335  18.9   474576   9.9 
 301    48474   906689  18.7  1613347  33.3   920629  19.0   925028  19.1   949982  19.6   503790  10.4 
 302    48762   911763  18.7  1613692  33.1   926905  19.0   930765  19.1   928445  19.0   548234  11.2 
 303    49113   917881  18.7  1640327  33.4   932629  19.0   936829  19.1   932910  19.0   532872  10.8 
 304    49384   924874  18.7  4922157  99.7   938788  19.0   943490  19.1   928031  18.8   485419   9.8 
 305    49760   930860  18.7  1666999  33.5   945020  19.0   949557  19.1   947600  19.0   492093   9.9 
 306    50054   936113  18.7  1656751  33.1   952308  19.0   956286  19.1   951944  19.0   560411  11.2 
 307    50410   942203  18.7  1677383  33.3   958387  19.0   962608  19.1   957654  19.0   581121  11.5 
 308    50698   949348  18.7  1654974  32.6   964569  19.0   969280  19.1   959529  18.9   554769  10.9 
 309    51062   955537  18.7  1699349  33.3   970890  19.0   975406  19.1  1043133  20.4   556917  10.9 
 310    51378   960664  18.7  1699716  33.1   976902  19.0   980955  19.1  1050982  20.5   635894  12.4 
 311    51711   966991  18.7  1721647  33.3   981997  19.0   986302  19.1  1014483  19.6   568746  11.0 
 312    52001   974137  18.7  1698980  32.7   988534  19.0   993421  19.1  1043441  20.1   563961  10.8 
 313    52385   980428  18.7  1743981  33.3   996077  19.0  1001198  19.1  1029920  19.7   539773  10.3 
 314    52705   985683  18.7  1744448  33.1  1002384  19.0  1006919  19.1  1063013  20.2   605708  11.5 
 315    53049   992045  18.7  1766415  33.3  1008427  19.0  1013207  19.1  1046962  19.7   664288  12.5 
 316    53350   999331  18.7  1742592  32.7  1015430  19.0  1020621  19.1  1006878  18.9   525946   9.9 
 317    53708  1005699  18.7  1789412  33.3  1021528  19.0  1026257  19.1  1054162  19.6   557864  10.4 
 318    54028  1011008  18.7  1789517  33.1  1028322  19.0  1032725  19.1  1028617  19.0   605797  11.2 
 319    54381  1017418  18.7  1819389  33.5  1035420  19.0  1040206  19.1  1033564  19.0   589923  10.8 
 320    54689  1024782  18.7  5451168  99.7  1042449  19.1  1047761  19.2  1029494  18.8   537376   9.8 
 321    55064  1031173  18.7  1842784  33.5  1048608  19.0  1053218  19.1  1049058  19.1   544541   9.9 
 322    55390  1036609  18.7  1834644  33.1  1055215  19.1  1059781  19.1  1053466  19.0   619009  11.2 
 323    55746  1043141  18.7  1856920  33.3  1060714  19.0  1065583  19.1  1059281  19.0   640784  11.5 
 324    56069  1050555  18.7  1832490  32.7  1067227  19.0  1072555  19.1  1060484  18.9   611769  10.9 
 325    56446  1057025  18.7  1881765  33.3  1074239  19.0  1078987  19.1  1155042  20.5   617324  10.9 
 326    56787  1062541  18.7  1881054  33.1  1081445  19.0  1086211  19.1  1161691  20.5   703375  12.4 
 327    57142  1069138  18.7  1903534  33.3  1087431  19.0  1092266  19.1  1122133  19.6   627279  11.0 
 328    57443  1076681  18.7  1877792  32.7  1094209  19.0  1099558  19.1  1155650  20.1   622029  10.8 
 329    57835  1083180  18.7  1927101  33.3  1100991  19.0  1105796  19.1  1138832  19.7   596989  10.3 
 330    58180  1088767  18.7  1927006  33.1  1107859  19.0  1112593  19.1  1173052  20.2   668993  11.5 
 331    58542  1095452  18.7  1950784  33.3  1114055  19.0  1118886  19.1  1155118  19.7   733598  12.5 
 332    58858  1103014  18.7  1923575  32.7  1122350  19.1  1127495  19.2  1110762  18.9   580036   9.9 
 333    59253  1109686  18.7  1975367  33.3  1129141  19.1  1133966  19.1  1161732  19.6   614970  10.4 
 334    59575  1115284  18.7  1974069  33.1  1136072  19.1  1140784  19.1  1134455  19.0   667188  11.2 
 335    59960  1122075  18.7  2010508  33.5  1141936  19.0  1146653  19.1  1139224  19.0   649554  10.8 
 336    60267  1129833  18.7  6013642  99.8  1148203  19.1  1153701  19.1  1132337  18.8   591812   9.8 
 337    60672  1136549  18.7  2036544  33.6  1154699  19.0  1159953  19.1  1155336  19.0   599249   9.9 
 338    61000  1142186  18.7  2022635  33.2  1163150  19.1  1168161  19.2  1160059  19.0   681190  11.2 
 339    61397  1149082  18.7  2045013  33.3  1169293  19.0  1174919  19.1  1166373  19.0   703050  11.5 
 340    61709  1156808  18.7  2018368  32.7  1178030  19.1  1184085  19.2  1167052  18.9   674384  10.9 
 341    62113  1163737  18.7  2071720  33.4  1183502  19.1  1188556  19.1  1271431  20.5   681466  11.0 
 342    62464  1169518  18.7  2070606  33.1  1189601  19.0  1193855  19.1  1277770  20.5   776714  12.4 
 343    62837  1176388  18.7  2095470  33.3  1196962  19.0  1202104  19.1  1233512  19.6   689155  11.0 
 344    63154  1184315  18.8  2065680  32.7  1203117  19.1  1208414  19.1  1269306  20.1   684586  10.8 
 345    63572  1191184  18.7  2119847  33.3  1211694  19.1  1217860  19.2  1251240  19.7   655788  10.3 
 346    63927  1196985  18.7  2119282  33.2  1219474  19.1  1223980  19.1  1289913  20.2   737099  11.5 
 347    64298  1203994  18.7  2141983  33.3  1226171  19.1  1231263  19.1  1268902  19.7   807115  12.6 
 348    64641  1212078  18.8  2114595  32.7  1233137  19.1  1238438  19.2  1219541  18.9   636581   9.8 
 349    65031  1219052  18.7  2171094  33.4  1240486  19.1  1246280  19.2  1277375  19.6   674968  10.4 
 350    65388  1224919  18.7  2169610  33.2  1247855  19.1  1252145  19.1  1245053  19.0   734440  11.2 
 351    65774  1231954  18.7  2208095  33.6  1254358  19.1  1259558  19.1  1250172  19.0   712452  10.8 
 352    66116  1240015  18.8  6599224  99.8  1261482  19.1  1267342  19.2  1242350  18.8   649149   9.8 
 353    66519  1247161  18.7  2234564  33.6  1268916  19.1  1274786  19.2  1267281  19.1   656799   9.9 
 354    66883  1253074  18.7  2219362  33.2  1276298  19.1  1280661  19.1  1271994  19.0   748941  11.2 
 355    67275  1260184  18.7  2244427  33.4  1283057  19.1  1288259  19.1  1280139  19.0   787537  11.7 
 356    67631  1268403  18.8  2213103  32.7  1290121  19.1  1295587  19.2  1278481  18.9   741017  11.0 
 357    68040  1275492  18.7  2268970  33.3  1298787  19.1  1304667  19.2  1389786  20.4   748395  11.0 
 358    68414  1281504  18.7  2268983  33.2  1306485  19.1  1310931  19.2  1401081  20.5   850437  12.4 
 359    68806  1288749  18.7  2294204  33.3  1313051  19.1  1318299  19.2  1350330  19.6   753223  10.9 
 360    69142  1297005  18.8  2263592  32.7  1320555  19.1  1326138  19.2  1387257  20.1   749903  10.8 
 361    69563  1304233  18.7  2321922  33.4  1327890  19.1  1333817  19.2  1368935  19.7   716305  10.3 
 362    69947  1310295  18.7  2320985  33.2  1335379  19.1  1339831  19.2  1411964  20.2   807003  11.5 
 363    70345  1317629  18.7  2346921  33.4  1342174  19.1  1347391  19.2  1388757  19.7   882036  12.5 
 364    70691  1326023  18.8  2314228  32.7  1349826  19.1  1355377  19.2  1333354  18.9   695789   9.8 
 365    71120  1333279  18.7  2372046  33.4  1357206  19.1  1363131  19.2  1395125  19.6   737818  10.4 
 366    71477  1339425  18.7  2372266  33.2  1364801  19.1  1369238  19.2  1360728  19.0   803360  11.2 
 367    71901  1346805  18.7  2384359  33.2  1371662  19.1  1377479  19.2  1365945  19.0   778441  10.8 
 368    72234  1355254  18.8  7216636  99.9  1380232  19.1  1385924  19.2  1357526  18.8   709073   9.8 
 369    72684  1362669  18.7  2409998  33.2  1388339  19.1  1394471  19.2  1384294  19.0   718317   9.9 
 370    73043  1368906  18.7  2426152  33.2  1395894  19.1  1401026  19.2  1389106  19.0   817646  11.2 
 371    73472  1376428  18.7  2452814  33.4  1403065  19.1  1408586  19.2  1395814  19.0   845093  11.5 
 372    73816  1384969  18.8  2418035  32.8  1408298  19.1  1414606  19.2  1395226  18.9   807694  10.9 
 373    74260  1392518  18.8  2478535  33.4  1418071  19.1  1424376  19.2  1519914  20.5   811712  10.9 
 374    74642  1398734  18.7  2478960  33.2  1426264  19.1  1431543  19.2  1529641  20.5   925690  12.4 
 375    75042  1406313  18.7  2506274  33.4  1433120  19.1  1438658  19.2  1473838  19.6   822150  11.0 
 376    75394  1414995  18.8  2470700  32.8  1441189  19.1  1447687  19.2  1514548  20.1   820001  10.9 
 377    75854  1422468  18.8  2532913  33.4  1448581  19.1  1454765  19.2  1492347  19.7   780828  10.3 
 378    76242  1428822  18.7  2532832  33.2  1456548  19.1  1461743  19.2  1539811  20.2   878382  11.5 
 379    76645  1436473  18.7  2560934  33.4  1464672  19.1  1470112  19.2  1516590  19.8   959855  12.5 
 380    77023  1445172  18.8  2523528  32.8  1472890  19.1  1479513  19.2  1452411  18.9   758280   9.8 
 381    77445  1452796  18.8  2587481  33.4  1480735  19.1  1486931  19.2  1521198  19.6   803130  10.4 
 382    77844  1459298  18.7  2586318  33.2  1488692  19.1  1493867  19.2  1481952  19.0   873987  11.2 
 383    78257  1466951  18.7  2596965  33.2  1495686  19.1  1501173  19.2  1487315  19.0   847395  10.8 
 384    78633  1475744  18.8  7853725  99.9  1502629  19.1  1509692  19.2  1477178  18.8   771128   9.8 
 385    79081  1483457  18.8  2624634  33.2  1511576  19.1  1517891  19.2  1506111  19.0   781114   9.9 
 386    79467  1489933  18.7  2641449  33.2  1519835  19.1  1525210  19.2  1511186  19.0   888603  11.2 
 387    79892  1497743  18.7  2671826  33.4  1526763  19.1  1532565  19.2  1518391  19.0   917722  11.5 
 388    80279  1506646  18.8  2631509  32.8  1535034  19.1  1541727  19.2  1516751  18.9   877077  10.9 
 389    80733  1514433  18.8  2697438  33.4  1542813  19.1  1549246  19.2  1654306  20.5   883401  10.9 
 390    81134  1520967  18.7  2696491  33.2  1552453  19.1  1557793  19.2  1662739  20.5  1007363  12.4 
 391    81567  1528865  18.7  2725169  33.4  1560154  19.1  1565735  19.2  1602946  19.7   893890  11.0 
 392    81925  1537852  18.8  2685414  32.8  1568127  19.1  1574872  19.2  1649269  20.1   891572  10.9 
 393    82393  1545734  18.8  2752513  33.4  1576139  19.1  1582296  19.2  1623063  19.7   849327  10.3 
 394    82805  1552299  18.7  2751616  33.2  1583985  19.1  1589703  19.2  1671673  20.2   954688  11.5 
 395    83238  1560265  18.7  2781647  33.4  1591577  19.1  1597206  19.2  1643915  19.7  1045573  12.6 
 396    83610  1569399  18.8  2741748  32.8  1599776  19.1  1606565  19.2  1576471  18.9   822533   9.8 
 397    84081  1577334  18.8  2808818  33.4  1607922  19.1  1614461  19.2  1649598  19.6   871102  10.4 
 398    84469  1584013  18.8  2808693  33.3  1616372  19.1  1621862  19.2  1608036  19.0   947382  11.2 
 399    84924  1592078  18.7  2819909  33.2  1623638  19.1  1629570  19.2  1616116  19.0   919309  10.8 
 400    85293  1601235  18.8  8527149 100.0  1632645  19.1  1639561  19.2  1602721  18.8   836786   9.8 
 401    85785  1609266  18.8  2847783  33.2  1641803  19.1  1648205  19.2  1633426  19.0   845593   9.9 
 402    86177  1616019  18.8  2865014  33.2  1650046  19.1  1655550  19.2  1638966  19.0   963721  11.2 
 403    86636  1624165  18.7  2895841  33.4  1657751  19.1  1663249  19.2  1645984  19.0   990943  11.4 
 404    87018  1633410  18.8  2853075  32.8  1664337  19.1  1671210  19.2  1645698  18.9   951151  10.9 
 405    87486  1641600  18.8  2921180  33.4  1673477  19.1  1680069  19.2  1792377  20.5   961688  11.0 
 406    87902  1648385  18.8  2923401  33.3  1682780  19.1  1689393  19.2  1801231  20.5  1092274  12.4 
 407    88338  1656590  18.8  2953599  33.4  1690328  19.1  1696836  19.2  1735270  19.6   966276  10.9 
 408    88724  1665960  18.8  2910385  32.8  1695683  19.1  1702528  19.2  1784630  20.1   963776  10.9 
 409    89214  1674238  18.8  2982834  33.4  1707282  19.1  1713151  19.2  1756013  19.7   920251  10.3 
 410    89641  1681118  18.8  2981188  33.3  1718434  19.2  1723649  19.2  1807593  20.2  1032862  11.5 
 411    90082  1689497  18.8  3013390  33.5  1725031  19.1  1730578  19.2  1779502  19.8  1134092  12.6 
 412    90488  1698891  18.8  2967781  32.8  1737326  19.2  1743325  19.3  1705743  18.9   889683   9.8 
 413    90951  1707161  18.8  3040408  33.4  1742197  19.2  1747840  19.2  1789012  19.7   943943  10.4 
 414    91375  1714095  18.8  3039654  33.3  1750763  19.2  1755820  19.2  1739421  19.0  1026820  11.2 
 415    91826  1722497  18.8  3050697  33.2  1757731  19.1  1763048  19.2  1745121  19.0   994583  10.8 
 416    92229  1732013  18.8  9222725 100.0  1767207  19.2  1773973  19.2  1732795  18.8   904537   9.8 
 417    92713  1740383  18.8  3081143  33.2  1775570  19.2  1781522  19.2  1765827  19.0   913520   9.9 
 418    93138  1747387  18.8  3098967  33.3  1784330  19.2  1789314  19.2  1771191  19.0  1042324  11.2 
 419    93601  1755844  18.8  3130495  33.4  1792222  19.1  1797798  19.2  1778851  19.0  1092997  11.7 
 420    94027  1765497  18.8  3084817  32.8  1802678  19.2  1808849  19.2  1775588  18.9  1029966  11.0 
 421    94500  1773920  18.8  3162342  33.5  1811281  19.2  1816964  19.2  1936463  20.5  1039346  11.0 
 422    94949  1780987  18.8  3158664  33.3  1820205  19.2  1825204  19.2  1946762  20.5  1181884  12.4 
 423    95406  1789545  18.8  3191256  33.4  1827936  19.2  1833195  19.2  1873534  19.6  1042901  10.9 
 424    95798  1799339  18.8  3143181  32.8  1835674  19.2  1842010  19.2  1923987  20.1  1041139  10.9 
 425    96297  1807779  18.8  3220678  33.4  1845410  19.2  1851068  19.2  1895415  19.7   992441  10.3 
 426    96746  1814909  18.8  3218834  33.3  1854144  19.2  1859187  19.2  1955297  20.2  1117651  11.6 
 427    97214  1823545  18.8  3250822  33.4  1862216  19.2  1867830  19.2  1920412  19.8  1218808  12.5 
 428    97626  1833378  18.8  3204108  32.8  1871001  19.2  1877328  19.2  1839913  18.8   959487   9.8 
 429    98126  1841941  18.8  3284022  33.5  1879917  19.2  1885926  19.2  1925882  19.6  1016396  10.4 
 430    98550  1849149  18.8  3279773  33.3  1890132  19.2  1895719  19.2  1876203  19.0  1108942  11.3 
 431    99037  1857878  18.8  3292100  33.2  1898651  19.2  1904233  19.2  1881930  19.0  1073489  10.8 
 432    99442  1867759  18.8  9947515 100.0  1907539  19.2  1913922  19.2  1870668  18.8   976184   9.8 
 433    99957  1876442  18.8  3322222  33.2  1916275  19.2  1922383  19.2  1903286  19.0   985659   9.9 
 434   100390  1883720  18.8  3340791  33.3  1925257  19.2  1930714  19.2  1909413  19.0  1123778  11.2 
 435   100872  1892502  18.8  3377830  33.5  1932921  19.2  1939282  19.2  1916712  19.0  1158803  11.5 
 436   101300  1902618  18.8  3325411  32.8  1942647  19.2  1949092  19.2  1912509  18.9  1108159  10.9 
 437   101803  1911330  18.8  3408875  33.5  1951580  19.2  1957704  19.2  2087046  20.5  1113601  10.9 
 438   102257  1918654  18.8  3403816  33.3  1960751  19.2  1965929  19.2  2098353  20.5  1270154  12.4 
 439   102727  1927519  18.8  3438707  33.5  1969932  19.2  1975423  19.2  2018714  19.7  1123692  10.9 
 440   103144  1937660  18.8  3385834  32.8  1980201  19.2  1986084  19.3  2073783  20.1  1123658  10.9 
 441   103670  1946469  18.8  3469180  33.5  1988970  19.2  1995196  19.2  2043355  19.7  1068364  10.3 
 442   104125  1953861  18.8  3465948  33.3  1998116  19.2  2003540  19.2  2105210  20.2  1202359  11.5 
 443   104601  1962806  18.8  3502155  33.5  2006034  19.2  2011853  19.2  2067673  19.8  1314490  12.6 
 444   105039  1973031  18.8  3448067  32.8  2015655  19.2  2022079  19.3  1979461  18.8  1032394   9.8 
 445   105535  1981926  18.8  3535298  33.5  2024627  19.2  2030899  19.2  2073273  19.6  1092947  10.4 
 446   105999  1989392  18.8  3529915  33.3  2034257  19.2  2039522  19.2  2017699  19.0  1190734  11.2 
 447   106483  1998420  18.8  3542460  33.3  2042215  19.2  2048130  19.2  2023632  19.0  1153255  10.8 
 448   106952  2008707  18.8 10694981 100.0  2051885  19.2  2059150  19.3  2008602  18.8  1047763   9.8 
 449   107467  2017693  18.8  3573625  33.3  2062552  19.2  2069607  19.3  2046172  19.0  1057754   9.8 
 450   107929  2025277  18.8  3593157  33.3  2072515  19.2  2077845  19.3  2052293  19.0  1206560  11.2 
 451   108422  2034390  18.8  3631150  33.5  2080403  19.2  2086193  19.2  2060250  19.0  1243071  11.5 
 452   108878  2044829  18.8  3574067  32.8  2089640  19.2  2096547  19.3  2054716  18.9  1188002  10.9 
 453   109389  2053838  18.8  3663122  33.5  2098942  19.2  2106162  19.3  2243939  20.5  1196671  10.9 
 454   109874  2061506  18.8  3657504  33.3  2110147  19.2  2116020  19.3  2254193  20.5  1365412  12.4 
 455   110364  2070764  18.8  3695285  33.5  2117135  19.2  2124156  19.2  2168985  19.7  1206769  10.9 
 456   110790  2081240  18.8  3637773  32.8  2124273  19.2  2131707  19.2  2230727  20.1  1206247  10.9 
 457   111329  2090432  18.8  3727286  33.5  2136029  19.2  2142706  19.2  2192885  19.7  1146300  10.3 
 458   111809  2098095  18.8  3722321  33.3  2146746  19.2  2153211  19.3  2259195  20.2  1291015  11.5 
 459   112304  2107394  18.8  3761637  33.5  2156016  19.2  2162555  19.3  2218703  19.8  1409109  12.5 
 460   112754  2117948  18.8  3702347  32.8  2165102  19.2  2172485  19.3  2124026  18.8  1107313   9.8 
 461   113289  2127169  18.8  3792452  33.5  2174721  19.2  2181410  19.3  2223177  19.6  1171744  10.3 
 462   113747  2134924  18.8  3787431  33.3  2184363  19.2  2191412  19.3  2164478  19.0  1277004  11.2 
 463   114267  2144280  18.8  3801828  33.3  2193134  19.2  2199798  19.3  2170690  19.0  1235886  10.8 
 464   114700  2154920  18.8 11478790 100.1  2202708  19.2  2210284  19.3  2156854  18.8  1125036   9.8 
 465   115259  2164218  18.8  3834515  33.3  2212292  19.2  2219010  19.3  2193955  19.0  1133629   9.8 
 466   115724  2172046  18.8  3854235  33.3  2222619  19.2  2229278  19.3  2200306  19.0  1293556  11.2 
 467   116245  2181514  18.8  3894968  33.5  2232642  19.2  2239339  19.3  2210568  19.0  1327549  11.4 
 468   116696  2192220  18.8  3833104  32.8  2242228  19.2  2249863  19.3  2201969  18.9  1275546  10.9 
 469   117233  2201602  18.8  3927712  33.5  2251981  19.2  2258568  19.3  2404678  20.5  1287129  11.0 
 470   117727  2209487  18.8  3920315  33.3  2261546  19.2  2268431  19.3  2414702  20.5  1467097  12.5 
 471   118232  2219034  18.8  3953924  33.4  2270246  19.2  2277849  19.3  2323077  19.6  1292283  10.9 
 472   118676  2229932  18.8  3899292  32.9  2281308  19.2  2288988  19.3  2385098  20.1  1289257  10.9 
 473   119238  2239332  18.8  3994305  33.5  2290094  19.2  2296974  19.3  2348001  19.7  1227360  10.3 
 474   119731  2247286  18.8  3988262  33.3  2300079  19.2  2306659  19.3  2417512  20.2  1381674  11.5 
 475   120234  2256884  18.8  4029891  33.5  2310572  19.2  2317580  19.3  2375869  19.8  1512561  12.6 
 476   120713  2267791  18.8  3965582  32.9  2320542  19.2  2328010  19.3  2273697  18.8  1185241   9.8 
 477   121245  2277347  18.8  4063689  33.5  2330475  19.2  2337161  19.3  2382205  19.6  1254513  10.3 
 478   121735  2285348  18.8  4055744  33.3  2340119  19.2  2346718  19.3  2316902  19.0  1368602  11.2 
 479   122256  2295042  18.8  4069415  33.3  2347691  19.2  2354818  19.3  2322695  19.0  1322545  10.8 
 480   122723  2306079  18.8 12283358 100.1  2358960  19.2  2367563  19.3  2304939  18.8  1202352   9.8 
 481   123278  2315690  18.8  4104244  33.3  2369115  19.2  2376051  19.3  2347332  19.0  1212315   9.8 
 482   123776  2323777  18.8  4124162  33.3  2379504  19.2  2386416  19.3  2353425  19.0  1384722  11.2 
 483   124301  2333542  18.8  4167456  33.5  2388447  19.2  2395361  19.3  2361814  19.0  1450911  11.7 
 484   124792  2344672  18.8  4100737  32.9  2400830  19.2  2408197  19.3  2356674  18.9  1367784  11.0 
 485   125336  2354346  18.8  4201709  33.5  2410304  19.2  2417091  19.3  2567823  20.5  1379584  11.0 
 486   125857  2362520  18.8  4193067  33.3  2420245  19.2  2426872  19.3  2580010  20.5  1565109  12.4 
 487   126379  2372349  18.8  4234847  33.5  2429095  19.2  2436004  19.3  2485137  19.7  1379668  10.9 
 488   126839  2383595  18.8  4168226  32.9  2440331  19.2  2448111  19.3  2548827  20.1  1381724  10.9 
 489   127410  2393338  18.8  4259370  33.4  2449544  19.2  2456543  19.3  2508729  19.7  1309894  10.3 
 490   127925  2401552  18.8  4263363  33.3  2459822  19.2  2467133  19.3  2586961  20.2  1479596  11.6 
 491   128457  2411459  18.8  4305263  33.5  2469062  19.2  2476197  19.3  2544993  19.8  1615410  12.6 
 492   128940  2422768  18.8  4238311  32.9  2481619  19.2  2489656  19.3  2428492  18.8  1265632   9.8 
 493   129508  2432641  18.8  4340634  33.5  2491335  19.2  2498403  19.3  2542836  19.6  1339801  10.3 
 494   129996  2440929  18.8  4332462  33.3  2501591  19.2  2508923  19.3  2474213  19.0  1462122  11.2 
 495   130555  2450925  18.8  4347105  33.3  2510632  19.2  2517339  19.3  2483359  19.0  1412231  10.8 
 496   131018  2462331  18.8 13116577 100.1  2520039  19.2  2528107  19.3  2460711  18.8  1283426   9.8 
 497   131615  2472246  18.8  4383590  33.3  2531266  19.2  2538409  19.3  2508270  19.1  1295558   9.8 
 498   132109  2480602  18.8  4403360  33.3  2541555  19.2  2548497  19.3  2512239  19.0  1476460  11.2 
 499   132669  2490681  18.8  4443886  33.5  2551178  19.2  2559051  19.3  2520384  19.0  1523227  11.5 
 500   133155  2502153  18.8  4377778  32.9  2561962  19.2  2570037  19.3  2511612  18.9  1455945  10.9 
 501   133727  2512187  18.8  4481936  33.5  2573707  19.2  2580931  19.3  2747644  20.5  1463176  10.9 
 502   134251  2520591  18.8  4474606  33.3  2584083  19.2  2590977  19.3  2760544  20.6  1668914  12.4 
 503   134788  2530763  18.8  4517916  33.5  2593378  19.2  2600853  19.3  2649386  19.7  1472099  10.9 
 504   135270  2542367  18.8  4447171  32.9  2601609  19.2  2609615  19.3  2720433  20.1  1475479  10.9 
 505   135868  2552426  18.8  4550100  33.5  2614290  19.2  2622426  19.3  2675122  19.7  1396989  10.3 
 506   136393  2560961  18.8  4547455  33.3  2624899  19.2  2632544  19.3  2758912  20.2  1576580  11.6 
 507   136933  2571282  18.8  4591745  33.5  2634634  19.2  2642287  19.3  2707379  19.8  1721665  12.6 
 508   137439  2582953  18.8  4519695  32.9  2645172  19.2  2653630  19.3  2588315  18.8  1349093   9.8 
 509   138006  2593141  18.8  4629105  33.5  2657650  19.3  2665938  19.3  2713458  19.7  1429679  10.4 
 510   138529  2601791  18.8  4618088  33.3  2668361  19.3  2676015  19.3  2636955  19.0  1555538  11.2 
 511   139087  2612137  18.8  4634415  33.3  2677509  19.3  2685456  19.3  2646206  19.0  1502157  10.8 
 512   139595  2623966  18.8 13975146 100.1  2692931  19.3  2702492  19.4  2621407  18.8  1366977   9.8 
 513   140177  2634214  18.8  4671713  33.3  2699062  19.3  2706817  19.3  2670471  19.1  1376249   9.8 
 514   140710  2642880  18.8  4691588  33.3  2709916  19.3  2715968  19.3  2675578  19.0  1575028  11.2 
 515   141271  2653285  18.8  4740021  33.6  2719673  19.3  2727189  19.3  2686905  19.0  1624126  11.5 
 516   141789  2665136  18.8  4663626  32.9  2730460  19.3  2738092  19.3  2674123  18.9  1547634  10.9 
 517   142373  2675472  18.8  4776199  33.5  2742976  19.3  2751882  19.3  2928059  20.6  1558761  10.9 
 518   142921  2684126  18.8  4766024  33.3  2753863  19.3  2759825  19.3  2934946  20.5  1778660  12.4 
 519   143483  2694657  18.8  4811424  33.5  2763192  19.3  2770183  19.3  2821361  19.7  1568095  10.9 
 520   143977  2706577  18.8 14427058 100.2  2772584  19.3  2780305  19.3  2899855  20.1  1570518  10.9 
 521   144584  2717006  18.8  4841840  33.5  2784775  19.3  2793720  19.3  2849359  19.7  1487865  10.3 
 522   145132  2725750  18.8  4841079  33.4  2795811  19.3  2801864  19.3  2934368  20.2  1678229  11.6 
 523   145695  2736339  18.8  4884690  33.5  2805738  19.3  2813275  19.3  2880021  19.8  1834116  12.6 
 524   146212  2748375  18.8  4810981  32.9  2817315  19.3  2824969  19.3  2756691  18.9  1437862   9.8 
 525   146814  2758868  18.8  4923432  33.5  2829416  19.3  2838385  19.3  2882927  19.6  1517760  10.3 
 526   147340  2767677  18.8  4914522  33.4  2840409  19.3  2846506  19.3  2804340  19.0  1654517  11.2 
 527   147926  2778338  18.8  4930578  33.3  2849961  19.3  2857033  19.3  2810703  19.0  1600603  10.8 
 528   148432  2790453  18.8 14867241 100.2  2860069  19.3  2867950  19.3  2787731  18.8  1453512   9.8 
 529   149056  2801045  18.8  4969115  33.3  2871889  19.3  2880922  19.3  2841356  19.1  1466475   9.8 
 530   149591  2809934  18.8  4991071  33.4  2883189  19.3  2889390  19.3  2844650  19.0  1673773  11.2 
 531   150180  2820670  18.8  5036575  33.5  2893223  19.3  2900880  19.3  2856001  19.0  1718155  11.4 
 532   150702  2832878  18.8  4959747  32.9  2905968  19.3  2913721  19.3  2842094  18.9  1645692  10.9 
 533   151308  2843554  18.8  5079261  33.6  2917255  19.3  2926301  19.3  3110478  20.6  1663015  11.0 
 534   151866  2852516  18.8  5066470  33.4  2928717  19.3  2934908  19.3  3118487  20.5  1891190  12.5 
 535   152437  2863336  18.8  5115560  33.6  2937824  19.3  2945490  19.3  2996779  19.7  1664518  10.9 
 536   152954  2875634  18.8 15329694 100.2  2949705  19.3  2957550  19.3  3079233  20.1  1668073  10.9 
 537   153585  2886425  18.8  5138831  33.5  2960413  19.3  2969606  19.3  3025627  19.7  1580546  10.3 
 538   154143  2895430  18.8  5143693  33.4  2971846  19.3  2978091  19.3  3117828  20.2  1784231  11.6 
 539   154719  2906362  18.8  5195371  33.6  2982046  19.3  2989650  19.3  3058592  19.8  1944505  12.6 
 540   155256  2918845  18.8  5110374  32.9  2995676  19.3  3003269  19.3  2923665  18.8  1523287   9.8 
 541   155855  2929550  18.8  5233583  33.6  3006398  19.3  3015323  19.3  3063377  19.7  1611822  10.3 
 542   156417  2938654  18.8  5219569  33.4  3017578  19.3  3023961  19.3  2977418  19.0  1759552  11.2 
 543   157008  2949629  18.8  5235930  33.3  3027224  19.3  3034975  19.3  2983632  19.0  1699212  10.8 
 544   157548  2962075  18.8 15784385 100.2  3039481  19.3  3048563  19.4  2962108  18.8  1544113   9.8 
 545   158165  2973000  18.8  5275483  33.4  3050174  19.3  3059475  19.3  3011814  19.0  1554097   9.8 
 546   158730  2982264  18.8  5298907  33.4  3062294  19.3  3068052  19.3  3019006  19.0  1774524  11.2 
 547   159326  2993214  18.8  5351140  33.6  3073010  19.3  3080683  19.3  3027941  19.0  1858589  11.7 
 548   159889  3005911  18.8  5263688  32.9  3085797  19.3  3093949  19.4  3014947  18.9  1749465  10.9 
 549   160498  3016772  18.8  5390494  33.6  3096900  19.3  3105900  19.4  3292738  20.5  1764825  11.0 
