2011-11-09 12:55:16.924 (INFO ) [0xfffa1905770] R00-M0-N00-J08-1:8266:ibm.runjob.client.options.Parser: set local socket to runjob_mux from properties file
2011-11-09 12:55:18.669 (INFO ) [0xfffa1905770] R00-M0-N00-J08-1:4645:ibm.runjob.client.Job: job 4645 started
MPIDI_Process.*
  verbose      : 1
  statistics   : 0
  contexts     : 16
  commthreads  : 1
  context_post : 1
  short_limit  : 113
  eager_limit  : 2049
  rma_pending  : 1000
  shmem_pt2pt  : 1
  optimized.collectives : 0
  optimized.subcomms    : 1
The following PAMI_* environment variables were specified:
  PAMI_CLIENTWEIGHTS=50,50
  PAMI_NUMCLIENTS=2
  PAMI_CLIENTNAMES=MPICH2,A1D
  PAMI_VERBOSE=1
The following BG_* environment variables were specified:
  BG_SHAREDMEMSIZE=32MB
MPI_Init_thread SUCCEEDED on rank -1
PAMI_Client_create SUCCEEDED on rank -1
PAMI_Client_query SUCCEEDED on rank -1
world_size > 1 FAILED on rank -1
PAMI_Client_query SUCCEEDED on rank -1
hello world from rank 0 of 1 
PAMI_Client_query SUCCEEDED on rank 0
malloc( num_contexts * sizeof(pami_context_t) ) SUCCEEDED on rank 0
PAMI_Context_createv SUCCEEDED on rank 0
2011-11-09 12:55:29.912 (INFO ) [0xfffa1905770] R00-M0-N00-J08-1:4645:ibm.runjob.client.Job: exited with status 0
