2011-11-09 14:05:49.209 (INFO ) [0xfff83845770] R00-M0-N00-J00-2:9563:ibm.runjob.client.options.Parser: set local socket to runjob_mux from properties file
2011-11-09 14:05:51.769 (INFO ) [0xfff83845770] R00-M0-N00-J00-2:4652:ibm.runjob.client.Job: job 4652 started
MPI_Init_thread SUCCEEDED on rank -1
MPI_Init_thread SUCCEEDED on rank -1
MPI_Init_thread SUCCEEDED on rank -1
MPI_Init_thread SUCCEEDED on rank -1
MPI_Init_thread SUCCEEDED on rank -1
MPI_Init_thread SUCCEEDED on rank -1
MPI_Init_thread SUCCEEDED on rank -1
MPI_Init_thread SUCCEEDED on rank -1
MPI_Init_thread SUCCEEDED on rank -1
MPI_Init_thread SUCCEEDED on rank -1
MPI_Init_thread SUCCEEDED on rank -1
MPI_Init_thread SUCCEEDED on rank -1
MPI_Init_thread SUCCEEDED on rank -1
MPI_Init_thread SUCCEEDED on rank -1
MPI_Init_thread SUCCEEDED on rank -1
MPI_Init_thread SUCCEEDED on rank -1
MPI_Init_thread SUCCEEDED on rank -1
MPI_Init_thread SUCCEEDED on rank -1
MPI_Init_thread SUCCEEDED on rank -1
MPI_Init_thread SUCCEEDED on rank -1
MPIDI_Process.*
MPI_Init_thread SUCCEEDED on rank -1
MPI_Init_thread SUCCEEDED on rank -1
MPI_Init_thread SUCCEEDED on rank -1
MPI_Init_thread SUCCEEDED on rank -1
MPI_Init_thread SUCCEEDED on rank -1
  verbose      : 1
MPI_Init_thread SUCCEEDED on rank -1
MPI_Init_thread SUCCEEDED on rank -1
  statistics   : 0
  contexts     : 2
  commthreads  : 1
MPI_Init_thread SUCCEEDED on rank -1
  context_post : 1
  short_limit  : 113
  eager_limit  : 2049
MPI_Init_thread SUCCEEDED on rank -1
  rma_pending  : 1000
  shmem_pt2pt  : 1
  optimized.collectives : 0
MPI_Init_thread SUCCEEDED on rank -1
  optimized.subcomms    : 1
The following PAMI_* environment variables were specified:
  PAMI_CLIENTWEIGHTS=50,50
MPI_Init_thread SUCCEEDED on rank -1
  PAMI_NUMCLIENTS=2
  PAMI_CLIENTNAMES=MPICH2,A1D
  PAMI_VERBOSE=1
The following BG_* environment variables were specified:
  BG_SHAREDMEMSIZE=32MB
  BG_APPAGENT1=/home/xajhammond/PAMI/patch-9nov2011/agents/bin/comm.elf
MPI_Init_thread SUCCEEDED on rank -1
PAMI_Client_create SUCCEEDED on rank -1
PAMI_Client_create SUCCEEDED on rank -1
PAMI_Client_create SUCCEEDED on rank -1
PAMI_Client_create SUCCEEDED on rank -1
PAMI_Client_create SUCCEEDED on rank -1
PAMI_Client_create SUCCEEDED on rank -1
PAMI_Client_create SUCCEEDED on rank -1
PAMI_Client_create SUCCEEDED on rank -1
PAMI_Client_create SUCCEEDED on rank -1
PAMI_Client_create SUCCEEDED on rank -1
PAMI_Client_create SUCCEEDED on rank -1
PAMI_Client_create SUCCEEDED on rank -1
PAMI_Client_create SUCCEEDED on rank -1
PAMI_Client_create SUCCEEDED on rank -1
PAMI_Client_create SUCCEEDED on rank -1
PAMI_Client_create SUCCEEDED on rank -1
PAMI_Client_create SUCCEEDED on rank -1
PAMI_Client_create SUCCEEDED on rank -1
PAMI_Client_create SUCCEEDED on rank -1
PAMI_Client_create SUCCEEDED on rank -1
PAMI_Client_create SUCCEEDED on rank -1
PAMI_Client_create SUCCEEDED on rank -1
PAMI_Client_create SUCCEEDED on rank -1
PAMI_Client_create SUCCEEDED on rank -1
PAMI_Client_create SUCCEEDED on rank -1
PAMI_Client_create SUCCEEDED on rank -1
PAMI_Client_create SUCCEEDED on rank -1
PAMI_Client_create SUCCEEDED on rank -1
PAMI_Client_create SUCCEEDED on rank -1
PAMI_Client_create SUCCEEDED on rank -1
PAMI_Client_create SUCCEEDED on rank -1
PAMI_Client_create SUCCEEDED on rank -1
PAMI_Client_query SUCCEEDED on rank -1
PAMI_Client_query SUCCEEDED on rank -1
PAMI_Client_query SUCCEEDED on rank -1
PAMI_Client_query SUCCEEDED on rank -1
PAMI_Client_query SUCCEEDED on rank -1
PAMI_Client_query SUCCEEDED on rank -1
PAMI_Client_query SUCCEEDED on rank -1
PAMI_Client_query SUCCEEDED on rank -1
PAMI_Client_query SUCCEEDED on rank -1
PAMI_Client_query SUCCEEDED on rank -1
PAMI_Client_query SUCCEEDED on rank -1
PAMI_Client_query SUCCEEDED on rank -1
PAMI_Client_query SUCCEEDED on rank -1
PAMI_Client_query SUCCEEDED on rank -1
PAMI_Client_query SUCCEEDED on rank -1
PAMI_Client_query SUCCEEDED on rank -1
PAMI_Client_query SUCCEEDED on rank -1
PAMI_Client_query SUCCEEDED on rank -1
PAMI_Client_query SUCCEEDED on rank -1
PAMI_Client_query SUCCEEDED on rank -1
PAMI_Client_query SUCCEEDED on rank -1
PAMI_Client_query SUCCEEDED on rank -1
PAMI_Client_query SUCCEEDED on rank -1
PAMI_Client_query SUCCEEDED on rank -1
PAMI_Client_query SUCCEEDED on rank -1
PAMI_Client_query SUCCEEDED on rank -1
PAMI_Client_query SUCCEEDED on rank -1
PAMI_Client_query SUCCEEDED on rank -1
PAMI_Client_query SUCCEEDED on rank -1
PAMI_Client_query SUCCEEDED on rank -1
PAMI_Client_query SUCCEEDED on rank -1
PAMI_Client_query SUCCEEDED on rank -1
world_size > 1 SUCCEEDED on rank -1
world_size > 1 SUCCEEDED on rank -1
world_size > 1 SUCCEEDED on rank -1
world_size > 1 SUCCEEDED on rank -1
world_size > 1 SUCCEEDED on rank -1
world_size > 1 SUCCEEDED on rank -1
world_size > 1 SUCCEEDED on rank -1
world_size > 1 SUCCEEDED on rank -1
world_size > 1 SUCCEEDED on rank -1
world_size > 1 SUCCEEDED on rank -1
world_size > 1 SUCCEEDED on rank -1
world_size > 1 SUCCEEDED on rank -1
world_size > 1 SUCCEEDED on rank -1
world_size > 1 SUCCEEDED on rank -1
world_size > 1 SUCCEEDED on rank -1
world_size > 1 SUCCEEDED on rank -1
world_size > 1 SUCCEEDED on rank -1
world_size > 1 SUCCEEDED on rank -1
world_size > 1 SUCCEEDED on rank -1
world_size > 1 SUCCEEDED on rank -1
world_size > 1 SUCCEEDED on rank -1
world_size > 1 SUCCEEDED on rank -1
world_size > 1 SUCCEEDED on rank -1
world_size > 1 SUCCEEDED on rank -1
world_size > 1 SUCCEEDED on rank -1
world_size > 1 SUCCEEDED on rank -1
world_size > 1 SUCCEEDED on rank -1
world_size > 1 SUCCEEDED on rank -1
world_size > 1 SUCCEEDED on rank -1
world_size > 1 SUCCEEDED on rank -1
world_size > 1 SUCCEEDED on rank -1
world_size > 1 SUCCEEDED on rank -1
PAMI_Client_query SUCCEEDED on rank -1
PAMI_Client_query SUCCEEDED on rank -1
PAMI_Client_query SUCCEEDED on rank -1
PAMI_Client_query SUCCEEDED on rank -1
PAMI_Client_query SUCCEEDED on rank -1
PAMI_Client_query SUCCEEDED on rank -1
PAMI_Client_query SUCCEEDED on rank -1
PAMI_Client_query SUCCEEDED on rank -1
PAMI_Client_query SUCCEEDED on rank -1
PAMI_Client_query SUCCEEDED on rank -1
PAMI_Client_query SUCCEEDED on rank -1
PAMI_Client_query SUCCEEDED on rank -1
PAMI_Client_query SUCCEEDED on rank -1
PAMI_Client_query SUCCEEDED on rank -1
PAMI_Client_query SUCCEEDED on rank -1
PAMI_Client_query SUCCEEDED on rank -1
PAMI_Client_query SUCCEEDED on rank -1
PAMI_Client_query SUCCEEDED on rank -1
PAMI_Client_query SUCCEEDED on rank -1
PAMI_Client_query SUCCEEDED on rank -1
PAMI_Client_query SUCCEEDED on rank -1
PAMI_Client_query SUCCEEDED on rank -1
PAMI_Client_query SUCCEEDED on rank -1
PAMI_Client_query SUCCEEDED on rank -1
PAMI_Client_query SUCCEEDED on rank -1
PAMI_Client_query SUCCEEDED on rank -1
PAMI_Client_query SUCCEEDED on rank -1
PAMI_Client_query SUCCEEDED on rank -1
PAMI_Client_query SUCCEEDED on rank -1
PAMI_Client_query SUCCEEDED on rank -1
PAMI_Client_query SUCCEEDED on rank -1
PAMI_Client_query SUCCEEDED on rank -1
hello world from rank 10 of 32 
hello world from rank 21 of 32 
PAMI_Client_query SUCCEEDED on rank 10
PAMI_Client_query SUCCEEDED on rank 21
hello world from rank 8 of 32 
hello world from rank 17 of 32 
hello world from rank 3 of 32 
hello world from rank 24 of 32 
PAMI_Client_query SUCCEEDED on rank 17
hello world from rank 6 of 32 
PAMI_Client_query SUCCEEDED on rank 24
hello world from rank 27 of 32 
hello world from rank 15 of 32 
hello world from rank 25 of 32 
hello world from rank 29 of 32 
hello world from rank 4 of 32 
hello world from rank 22 of 32 
hello world from rank 20 of 32 
hello world from rank 12 of 32 
PAMI_Client_query SUCCEEDED on rank 29
hello world from rank 31 of 32 
PAMI_Client_query SUCCEEDED on rank 15
PAMI_Client_query SUCCEEDED on rank 27
hello world from rank 28 of 32 
PAMI_Client_query SUCCEEDED on rank 3
PAMI_Client_query SUCCEEDED on rank 8
PAMI_Client_query SUCCEEDED on rank 25
PAMI_Client_query SUCCEEDED on rank 20
hello world from rank 14 of 32 
hello world from rank 11 of 32 
hello world from rank 23 of 32 
hello world from rank 26 of 32 
hello world from rank 13 of 32 
PAMI_Client_query SUCCEEDED on rank 6
PAMI_Client_query SUCCEEDED on rank 28
PAMI_Client_query SUCCEEDED on rank 31
PAMI_Client_query SUCCEEDED on rank 14
hello world from rank 5 of 32 
PAMI_Client_query SUCCEEDED on rank 26
hello world from rank 30 of 32 
PAMI_Client_query SUCCEEDED on rank 13
PAMI_Client_query SUCCEEDED on rank 4
hello world from rank 1 of 32 
hello world from rank 16 of 32 
PAMI_Client_query SUCCEEDED on rank 30
hello world from rank 2 of 32 
PAMI_Client_query SUCCEEDED on rank 11
PAMI_Client_query SUCCEEDED on rank 12
PAMI_Client_query SUCCEEDED on rank 5
PAMI_Client_query SUCCEEDED on rank 22
PAMI_Client_query SUCCEEDED on rank 23
hello world from rank 7 of 32 
hello world from rank 0 of 32 
PAMI_Client_query SUCCEEDED on rank 1
PAMI_Client_query SUCCEEDED on rank 2
PAMI_Client_query SUCCEEDED on rank 16
hello world from rank 18 of 32 
PAMI_Client_query SUCCEEDED on rank 7
hello world from rank 9 of 32 
PAMI_Client_query SUCCEEDED on rank 0
PAMI_Client_query SUCCEEDED on rank 9
hello world from rank 19 of 32 
PAMI_Client_query SUCCEEDED on rank 18
PAMI_Client_query SUCCEEDED on rank 19
malloc( num_contexts * sizeof(pami_context_t) ) SUCCEEDED on rank 10
malloc( num_contexts * sizeof(pami_context_t) ) SUCCEEDED on rank 21
malloc( num_contexts * sizeof(pami_context_t) ) SUCCEEDED on rank 17
malloc( num_contexts * sizeof(pami_context_t) ) SUCCEEDED on rank 24
malloc( num_contexts * sizeof(pami_context_t) ) SUCCEEDED on rank 29
malloc( num_contexts * sizeof(pami_context_t) ) SUCCEEDED on rank 15
malloc( num_contexts * sizeof(pami_context_t) ) SUCCEEDED on rank 27
malloc( num_contexts * sizeof(pami_context_t) ) SUCCEEDED on rank 3
malloc( num_contexts * sizeof(pami_context_t) ) SUCCEEDED on rank 25
malloc( num_contexts * sizeof(pami_context_t) ) SUCCEEDED on rank 8
malloc( num_contexts * sizeof(pami_context_t) ) SUCCEEDED on rank 20
malloc( num_contexts * sizeof(pami_context_t) ) SUCCEEDED on rank 6
malloc( num_contexts * sizeof(pami_context_t) ) SUCCEEDED on rank 28
malloc( num_contexts * sizeof(pami_context_t) ) SUCCEEDED on rank 31
malloc( num_contexts * sizeof(pami_context_t) ) SUCCEEDED on rank 14
malloc( num_contexts * sizeof(pami_context_t) ) SUCCEEDED on rank 26
malloc( num_contexts * sizeof(pami_context_t) ) SUCCEEDED on rank 13
malloc( num_contexts * sizeof(pami_context_t) ) SUCCEEDED on rank 4
malloc( num_contexts * sizeof(pami_context_t) ) SUCCEEDED on rank 30
malloc( num_contexts * sizeof(pami_context_t) ) SUCCEEDED on rank 11
malloc( num_contexts * sizeof(pami_context_t) ) SUCCEEDED on rank 12
malloc( num_contexts * sizeof(pami_context_t) ) SUCCEEDED on rank 5
malloc( num_contexts * sizeof(pami_context_t) ) SUCCEEDED on rank 22
malloc( num_contexts * sizeof(pami_context_t) ) SUCCEEDED on rank 23
malloc( num_contexts * sizeof(pami_context_t) ) SUCCEEDED on rank 1
malloc( num_contexts * sizeof(pami_context_t) ) SUCCEEDED on rank 2
malloc( num_contexts * sizeof(pami_context_t) ) SUCCEEDED on rank 16
malloc( num_contexts * sizeof(pami_context_t) ) SUCCEEDED on rank 7
malloc( num_contexts * sizeof(pami_context_t) ) SUCCEEDED on rank 0
malloc( num_contexts * sizeof(pami_context_t) ) SUCCEEDED on rank 9
malloc( num_contexts * sizeof(pami_context_t) ) SUCCEEDED on rank 18
malloc( num_contexts * sizeof(pami_context_t) ) SUCCEEDED on rank 19
PAMI_Context_createv SUCCEEDED on rank 16
PAMI_Context_createv SUCCEEDED on rank 31
PAMI_Context_createv SUCCEEDED on rank 2
PAMI_Context_createv SUCCEEDED on rank 7
PAMI_Context_createv SUCCEEDED on rank 19
PAMI_Context_createv SUCCEEDED on rank 27
PAMI_Context_createv SUCCEEDED on rank 20
PAMI_Context_createv SUCCEEDED on rank 30
PAMI_Context_createv SUCCEEDED on rank 9
PAMI_Context_createv SUCCEEDED on rank 25
PAMI_Context_createv SUCCEEDED on rank 8
PAMI_Context_createv SUCCEEDED on rank 24
PAMI_Context_createv SUCCEEDED on rank 14
PAMI_Context_createv SUCCEEDED on rank 26
PAMI_Context_createv SUCCEEDED on rank 5
PAMI_Context_createv SUCCEEDED on rank 10
PAMI_Context_createv SUCCEEDED on rank 15
PAMI_Context_createv SUCCEEDED on rank 1
PAMI_Context_createv SUCCEEDED on rank 29
PAMI_Context_createv SUCCEEDED on rank 11
PAMI_Context_createv SUCCEEDED on rank 18
PAMI_Context_createv SUCCEEDED on rank 6
PAMI_Context_createv SUCCEEDED on rank 17
PAMI_Context_createv SUCCEEDED on rank 0
PAMI_Context_createv SUCCEEDED on rank 23
PAMI_Context_createv SUCCEEDED on rank 13
PAMI_Context_createv SUCCEEDED on rank 21
PAMI_Context_createv SUCCEEDED on rank 3
PAMI_Context_createv SUCCEEDED on rank 22
PAMI_Context_createv SUCCEEDED on rank 12
PAMI_Context_createv SUCCEEDED on rank 28
PAMI_Context_createv SUCCEEDED on rank 4
2011-11-09 14:06:01.103 (INFO ) [0xfff83845770] R00-M0-N00-J00-2:4652:ibm.runjob.client.Job: exited with status 0
