2011-11-09 14:06:33.701 (INFO ) [0xfff85545770] R00-M0-N01-J01-2:11967:ibm.runjob.client.options.Parser: set local socket to runjob_mux from properties file
2011-11-09 14:06:36.487 (INFO ) [0xfff85545770] R00-M0-N01-J01-2:4653:ibm.runjob.client.Job: job 4653 started
MPI_Init_thread SUCCEEDED on rank -1
MPI_Init_thread SUCCEEDED on rank -1
MPI_Init_thread SUCCEEDED on rank -1
MPI_Init_thread SUCCEEDED on rank -1
MPI_Init_thread SUCCEEDED on rank -1
MPI_Init_thread SUCCEEDED on rank -1
MPI_Init_thread SUCCEEDED on rank -1
MPI_Init_thread SUCCEEDED on rank -1
MPI_Init_thread SUCCEEDED on rank -1
MPI_Init_thread SUCCEEDED on rank -1
MPI_Init_thread SUCCEEDED on rank -1
MPI_Init_thread SUCCEEDED on rank -1
MPI_Init_thread SUCCEEDED on rank -1
MPI_Init_thread SUCCEEDED on rank -1
MPI_Init_thread SUCCEEDED on rank -1
MPI_Init_thread SUCCEEDED on rank -1
MPI_Init_thread SUCCEEDED on rank -1
MPI_Init_thread SUCCEEDED on rank -1
MPI_Init_thread SUCCEEDED on rank -1
MPI_Init_thread SUCCEEDED on rank -1
MPI_Init_thread SUCCEEDED on rank -1
MPI_Init_thread SUCCEEDED on rank -1
MPIDI_Process.*
MPI_Init_thread SUCCEEDED on rank -1
MPI_Init_thread SUCCEEDED on rank -1
MPI_Init_thread SUCCEEDED on rank -1
  verbose      : 1
MPI_Init_thread SUCCEEDED on rank -1
MPI_Init_thread SUCCEEDED on rank -1
MPI_Init_thread SUCCEEDED on rank -1
MPI_Init_thread SUCCEEDED on rank -1
MPI_Init_thread SUCCEEDED on rank -1
MPI_Init_thread SUCCEEDED on rank -1
  statistics   : 0
  contexts     : 2
  commthreads  : 1
  context_post : 1
  short_limit  : 113
  eager_limit  : 2049
  rma_pending  : 1000
  shmem_pt2pt  : 1
  optimized.collectives : 0
  optimized.subcomms    : 1
The following PAMI_* environment variables were specified:
  PAMI_CLIENTWEIGHTS=50,50
  PAMI_NUMCLIENTS=2
  PAMI_CLIENTNAMES=MPICH2,A1D
  PAMI_VERBOSE=1
The following BG_* environment variables were specified:
  BG_SHAREDMEMSIZE=32MB
  BG_APPAGENT1=/home/xajhammond/PAMI/patch-9nov2011/agents/bin/comm.elf
MPI_Init_thread SUCCEEDED on rank -1
PAMI_Client_create SUCCEEDED on rank -1
PAMI_Client_create SUCCEEDED on rank -1
PAMI_Client_create SUCCEEDED on rank -1
PAMI_Client_create SUCCEEDED on rank -1
PAMI_Client_create SUCCEEDED on rank -1
PAMI_Client_create SUCCEEDED on rank -1
PAMI_Client_create SUCCEEDED on rank -1
PAMI_Client_create SUCCEEDED on rank -1
PAMI_Client_create SUCCEEDED on rank -1
PAMI_Client_create SUCCEEDED on rank -1
PAMI_Client_create SUCCEEDED on rank -1
PAMI_Client_create SUCCEEDED on rank -1
PAMI_Client_create SUCCEEDED on rank -1
PAMI_Client_create SUCCEEDED on rank -1
PAMI_Client_create SUCCEEDED on rank -1
PAMI_Client_create SUCCEEDED on rank -1
PAMI_Client_create SUCCEEDED on rank -1
PAMI_Client_create SUCCEEDED on rank -1
PAMI_Client_create SUCCEEDED on rank -1
PAMI_Client_create SUCCEEDED on rank -1
PAMI_Client_create SUCCEEDED on rank -1
PAMI_Client_create SUCCEEDED on rank -1
PAMI_Client_create SUCCEEDED on rank -1
PAMI_Client_create SUCCEEDED on rank -1
PAMI_Client_create SUCCEEDED on rank -1
PAMI_Client_create SUCCEEDED on rank -1
PAMI_Client_create SUCCEEDED on rank -1
PAMI_Client_create SUCCEEDED on rank -1
PAMI_Client_create SUCCEEDED on rank -1
PAMI_Client_create SUCCEEDED on rank -1
PAMI_Client_create SUCCEEDED on rank -1
PAMI_Client_create SUCCEEDED on rank -1
PAMI_Client_query SUCCEEDED on rank -1
PAMI_Client_query SUCCEEDED on rank -1
PAMI_Client_query SUCCEEDED on rank -1
PAMI_Client_query SUCCEEDED on rank -1
PAMI_Client_query SUCCEEDED on rank -1
PAMI_Client_query SUCCEEDED on rank -1
PAMI_Client_query SUCCEEDED on rank -1
PAMI_Client_query SUCCEEDED on rank -1
PAMI_Client_query SUCCEEDED on rank -1
PAMI_Client_query SUCCEEDED on rank -1
PAMI_Client_query SUCCEEDED on rank -1
PAMI_Client_query SUCCEEDED on rank -1
PAMI_Client_query SUCCEEDED on rank -1
PAMI_Client_query SUCCEEDED on rank -1
PAMI_Client_query SUCCEEDED on rank -1
PAMI_Client_query SUCCEEDED on rank -1
PAMI_Client_query SUCCEEDED on rank -1
PAMI_Client_query SUCCEEDED on rank -1
PAMI_Client_query SUCCEEDED on rank -1
PAMI_Client_query SUCCEEDED on rank -1
PAMI_Client_query SUCCEEDED on rank -1
PAMI_Client_query SUCCEEDED on rank -1
PAMI_Client_query SUCCEEDED on rank -1
PAMI_Client_query SUCCEEDED on rank -1
PAMI_Client_query SUCCEEDED on rank -1
PAMI_Client_query SUCCEEDED on rank -1
PAMI_Client_query SUCCEEDED on rank -1
PAMI_Client_query SUCCEEDED on rank -1
PAMI_Client_query SUCCEEDED on rank -1
PAMI_Client_query SUCCEEDED on rank -1
PAMI_Client_query SUCCEEDED on rank -1
PAMI_Client_query SUCCEEDED on rank -1
world_size > 1 SUCCEEDED on rank -1
world_size > 1 SUCCEEDED on rank -1
world_size > 1 SUCCEEDED on rank -1
world_size > 1 SUCCEEDED on rank -1
world_size > 1 SUCCEEDED on rank -1
world_size > 1 SUCCEEDED on rank -1
world_size > 1 SUCCEEDED on rank -1
world_size > 1 SUCCEEDED on rank -1
world_size > 1 SUCCEEDED on rank -1
world_size > 1 SUCCEEDED on rank -1
world_size > 1 SUCCEEDED on rank -1
world_size > 1 SUCCEEDED on rank -1
world_size > 1 SUCCEEDED on rank -1
world_size > 1 SUCCEEDED on rank -1
world_size > 1 SUCCEEDED on rank -1
world_size > 1 SUCCEEDED on rank -1
world_size > 1 SUCCEEDED on rank -1
world_size > 1 SUCCEEDED on rank -1
world_size > 1 SUCCEEDED on rank -1
world_size > 1 SUCCEEDED on rank -1
world_size > 1 SUCCEEDED on rank -1
world_size > 1 SUCCEEDED on rank -1
world_size > 1 SUCCEEDED on rank -1
world_size > 1 SUCCEEDED on rank -1
world_size > 1 SUCCEEDED on rank -1
world_size > 1 SUCCEEDED on rank -1
world_size > 1 SUCCEEDED on rank -1
world_size > 1 SUCCEEDED on rank -1
world_size > 1 SUCCEEDED on rank -1
world_size > 1 SUCCEEDED on rank -1
world_size > 1 SUCCEEDED on rank -1
world_size > 1 SUCCEEDED on rank -1
PAMI_Client_query SUCCEEDED on rank -1
PAMI_Client_query SUCCEEDED on rank -1
PAMI_Client_query SUCCEEDED on rank -1
PAMI_Client_query SUCCEEDED on rank -1
PAMI_Client_query SUCCEEDED on rank -1
PAMI_Client_query SUCCEEDED on rank -1
PAMI_Client_query SUCCEEDED on rank -1
PAMI_Client_query SUCCEEDED on rank -1
PAMI_Client_query SUCCEEDED on rank -1
PAMI_Client_query SUCCEEDED on rank -1
PAMI_Client_query SUCCEEDED on rank -1
PAMI_Client_query SUCCEEDED on rank -1
PAMI_Client_query SUCCEEDED on rank -1
PAMI_Client_query SUCCEEDED on rank -1
PAMI_Client_query SUCCEEDED on rank -1
PAMI_Client_query SUCCEEDED on rank -1
PAMI_Client_query SUCCEEDED on rank -1
PAMI_Client_query SUCCEEDED on rank -1
PAMI_Client_query SUCCEEDED on rank -1
PAMI_Client_query SUCCEEDED on rank -1
PAMI_Client_query SUCCEEDED on rank -1
PAMI_Client_query SUCCEEDED on rank -1
PAMI_Client_query SUCCEEDED on rank -1
PAMI_Client_query SUCCEEDED on rank -1
PAMI_Client_query SUCCEEDED on rank -1
PAMI_Client_query SUCCEEDED on rank -1
PAMI_Client_query SUCCEEDED on rank -1
PAMI_Client_query SUCCEEDED on rank -1
PAMI_Client_query SUCCEEDED on rank -1
PAMI_Client_query SUCCEEDED on rank -1
PAMI_Client_query SUCCEEDED on rank -1
PAMI_Client_query SUCCEEDED on rank -1
hello world from rank 12 of 32 
hello world from rank 5 of 32 
PAMI_Client_query SUCCEEDED on rank 12
PAMI_Client_query SUCCEEDED on rank 5
hello world from rank 21 of 32 
hello world from rank 2 of 32 
PAMI_Client_query SUCCEEDED on rank 21
PAMI_Client_query SUCCEEDED on rank 2
hello world from rank 25 of 32 
hello world from rank 4 of 32 
hello world from rank 27 of 32 
hello world from rank 9 of 32 
hello world from rank 30 of 32 
PAMI_Client_query SUCCEEDED on rank 4
PAMI_Client_query SUCCEEDED on rank 27
hello world from rank 7 of 32 
PAMI_Client_query SUCCEEDED on rank 25
PAMI_Client_query SUCCEEDED on rank 9
hello world from rank 29 of 32 
hello world from rank 15 of 32 
hello world from rank 18 of 32 
PAMI_Client_query SUCCEEDED on rank 7
PAMI_Client_query SUCCEEDED on rank 30
PAMI_Client_query SUCCEEDED on rank 15
hello world from rank 16 of 32 
hello world from rank 8 of 32 
hello world from rank 19 of 32 
hello world from rank 1 of 32 
PAMI_Client_query SUCCEEDED on rank 16
hello world from rank 11 of 32 
PAMI_Client_query SUCCEEDED on rank 19
hello world from rank 6 of 32 
hello world from rank 10 of 32 
hello world from rank 20 of 32 
hello world from rank 14 of 32 
hello world from rank 3 of 32 
PAMI_Client_query SUCCEEDED on rank 10
hello world from rank 28 of 32 
PAMI_Client_query SUCCEEDED on rank 1
PAMI_Client_query SUCCEEDED on rank 11
PAMI_Client_query SUCCEEDED on rank 6
PAMI_Client_query SUCCEEDED on rank 8
PAMI_Client_query SUCCEEDED on rank 29
hello world from rank 13 of 32 
PAMI_Client_query SUCCEEDED on rank 14
PAMI_Client_query SUCCEEDED on rank 13
PAMI_Client_query SUCCEEDED on rank 3
hello world from rank 31 of 32 
hello world from rank 17 of 32 
PAMI_Client_query SUCCEEDED on rank 18
hello world from rank 0 of 32 
PAMI_Client_query SUCCEEDED on rank 20
PAMI_Client_query SUCCEEDED on rank 0
hello world from rank 22 of 32 
PAMI_Client_query SUCCEEDED on rank 31
hello world from rank 24 of 32 
hello world from rank 26 of 32 
PAMI_Client_query SUCCEEDED on rank 17
PAMI_Client_query SUCCEEDED on rank 22
PAMI_Client_query SUCCEEDED on rank 24
PAMI_Client_query SUCCEEDED on rank 26
PAMI_Client_query SUCCEEDED on rank 28
hello world from rank 23 of 32 
PAMI_Client_query SUCCEEDED on rank 23
PAMI_Context_createv SUCCEEDED on rank 11
PAMI_Context_createv SUCCEEDED on rank 30
PAMI_Context_createv SUCCEEDED on rank 10
PAMI_Context_createv SUCCEEDED on rank 31
PAMI_Context_createv SUCCEEDED on rank 21
PAMI_Context_createv SUCCEEDED on rank 5
PAMI_Context_createv SUCCEEDED on rank 20
PAMI_Context_createv SUCCEEDED on rank 4
PAMI_Context_createv SUCCEEDED on rank 22
PAMI_Context_createv SUCCEEDED on rank 7
PAMI_Context_createv SUCCEEDED on rank 24
PAMI_Context_createv SUCCEEDED on rank 8
PAMI_Context_createv SUCCEEDED on rank 14
PAMI_Context_createv SUCCEEDED on rank 9
PAMI_Context_createv SUCCEEDED on rank 16
PAMI_Context_createv SUCCEEDED on rank 26
PAMI_Context_createv SUCCEEDED on rank 6
PAMI_Context_createv SUCCEEDED on rank 29
PAMI_Context_createv SUCCEEDED on rank 28
PAMI_Context_createv SUCCEEDED on rank 3
PAMI_Context_createv SUCCEEDED on rank 19
PAMI_Context_createv SUCCEEDED on rank 13
PAMI_Context_createv SUCCEEDED on rank 25
PAMI_Context_createv SUCCEEDED on rank 0
PAMI_Context_createv SUCCEEDED on rank 27
PAMI_Context_createv SUCCEEDED on rank 2
PAMI_Context_createv SUCCEEDED on rank 17
PAMI_Context_createv SUCCEEDED on rank 12
PAMI_Context_createv SUCCEEDED on rank 18
PAMI_Context_createv SUCCEEDED on rank 1
PAMI_Context_createv SUCCEEDED on rank 23
PAMI_Context_createv SUCCEEDED on rank 15
1 contexts were created by rank 11 
1 contexts were created by rank 30 
1 contexts were created by rank 10 
1 contexts were created by rank 31 
1 contexts were created by rank 21 
1 contexts were created by rank 5 
1 contexts were created by rank 20 
1 contexts were created by rank 4 
1 contexts were created by rank 22 
1 contexts were created by rank 7 
1 contexts were created by rank 24 
1 contexts were created by rank 8 
1 contexts were created by rank 14 
1 contexts were created by rank 9 
1 contexts were created by rank 16 
1 contexts were created by rank 26 
1 contexts were created by rank 6 
1 contexts were created by rank 29 
1 contexts were created by rank 28 
1 contexts were created by rank 3 
1 contexts were created by rank 19 
1 contexts were created by rank 13 
1 contexts were created by rank 25 
1 contexts were created by rank 0 
1 contexts were created by rank 27 
size = 32 max_count = 1024 bytes 
1 contexts were created by rank 17 
1 contexts were created by rank 2 
1 contexts were created by rank 18 
1 contexts were created by rank 12 
1 contexts were created by rank 23 
1 contexts were created by rank 1 
1 contexts were created by rank 15 
MPI_Barrier SUCCEEDED on rank 15
MPI_Barrier SUCCEEDED on rank 31
MPI_Barrier SUCCEEDED on rank 4
MPI_Barrier SUCCEEDED on rank 25
MPI_Barrier SUCCEEDED on rank 7
MPI_Barrier SUCCEEDED on rank 28
MPI_Barrier SUCCEEDED on rank 14
MPI_Barrier SUCCEEDED on rank 20
MPI_Barrier SUCCEEDED on rank 6
MPI_Barrier SUCCEEDED on rank 29
MPI_Barrier SUCCEEDED on rank 3
MPI_Barrier SUCCEEDED on rank 26
MPI_Barrier SUCCEEDED on rank 12
MPI_Barrier SUCCEEDED on rank 17
MPI_Barrier SUCCEEDED on rank 1
MPI_Barrier SUCCEEDED on rank 30
MPI_Barrier SUCCEEDED on rank 9
MPI_Barrier SUCCEEDED on rank 16
MPI_Barrier SUCCEEDED on rank 11
MPI_Barrier SUCCEEDED on rank 23
MPI_Barrier SUCCEEDED on rank 5
MPI_Barrier SUCCEEDED on rank 18
MPI_Barrier SUCCEEDED on rank 8
MPI_Barrier SUCCEEDED on rank 22
MPI_Barrier SUCCEEDED on rank 0
MPI_Barrier SUCCEEDED on rank 21
MPI_Barrier SUCCEEDED on rank 2
MPI_Barrier SUCCEEDED on rank 19
MPI_Barrier SUCCEEDED on rank 13
MPI_Barrier SUCCEEDED on rank 24
MPI_Barrier SUCCEEDED on rank 10
MPI_Barrier SUCCEEDED on rank 27
MPI_Allgather SUCCEEDED on rank 11
MPI_Allgather SUCCEEDED on rank 26
MPI_Allgather SUCCEEDED on rank 3
MPI_Allgather SUCCEEDED on rank 20
MPI_Allgather SUCCEEDED on rank 6
MPI_Allgather SUCCEEDED on rank 22
MPI_Allgather SUCCEEDED on rank 13
MPI_Allgather SUCCEEDED on rank 19
MPI_Allgather SUCCEEDED on rank 14
MPI_Allgather SUCCEEDED on rank 18
MPI_Allgather SUCCEEDED on rank 2
MPI_Allgather SUCCEEDED on rank 23
MPI_Allgather SUCCEEDED on rank 5
MPI_Allgather SUCCEEDED on rank 29
MPI_Allgather SUCCEEDED on rank 1
MPI_Allgather SUCCEEDED on rank 30
MPI_Allgather SUCCEEDED on rank 4
MPI_Allgather SUCCEEDED on rank 28
MPI_Allgather SUCCEEDED on rank 9
MPI_Allgather SUCCEEDED on rank 27
MPI_Allgather SUCCEEDED on rank 7
MPI_Allgather SUCCEEDED on rank 25
MPI_Allgather SUCCEEDED on rank 10
MPI_Allgather SUCCEEDED on rank 21
MPI_Allgather SUCCEEDED on rank 0
MPI_Allgather SUCCEEDED on rank 17
MPI_Allgather SUCCEEDED on rank 15
MPI_Allgather SUCCEEDED on rank 16
MPI_Allgather SUCCEEDED on rank 8
MPI_Allgather SUCCEEDED on rank 24
MPI_Allgather SUCCEEDED on rank 12
MPI_Allgather SUCCEEDED on rank 31
MPI_Barrier SUCCEEDED on rank 31
MPI_Barrier SUCCEEDED on rank 15
MPI_Barrier SUCCEEDED on rank 17
MPI_Barrier SUCCEEDED on rank 6
MPI_Barrier SUCCEEDED on rank 25
MPI_Barrier SUCCEEDED on rank 9
MPI_Barrier SUCCEEDED on rank 23
MPI_Barrier SUCCEEDED on rank 11
MPI_Barrier SUCCEEDED on rank 20
MPI_Barrier SUCCEEDED on rank 0
MPI_Barrier SUCCEEDED on rank 21
MPI_Barrier SUCCEEDED on rank 2
MPI_Barrier SUCCEEDED on rank 29
MPI_Barrier SUCCEEDED on rank 14
MPI_Barrier SUCCEEDED on rank 26
MPI_Barrier SUCCEEDED on rank 5
MPI_Barrier SUCCEEDED on rank 16
MPI_Barrier SUCCEEDED on rank 7
MPI_Barrier SUCCEEDED on rank 18
MPI_Barrier SUCCEEDED on rank 10
MPI_Barrier SUCCEEDED on rank 27
MPI_Barrier SUCCEEDED on rank 13
MPI_Barrier SUCCEEDED on rank 19
MPI_Barrier SUCCEEDED on rank 1
MPI_Barrier SUCCEEDED on rank 28
MPI_Barrier SUCCEEDED on rank 4
MPI_Barrier SUCCEEDED on rank 22
MPI_Barrier SUCCEEDED on rank 3
MPI_Barrier SUCCEEDED on rank 30
MPI_Barrier SUCCEEDED on rank 8
MPI_Barrier SUCCEEDED on rank 24
MPI_Barrier SUCCEEDED on rank 12
PAMI_Context_lock SUCCEEDED on rank 0
PAMI_Endpoint_create SUCCEEDED on rank 0
PAMI_Get SUCCEEDED on rank 0
2011-11-09 14:15:10.911 (WARN ) [0xfff85545770] R00-M0-N01-J01-2:ibm.runjob.LogSignalInfo: received signal 15
2011-11-09 14:15:10.911 (WARN ) [0xfff85545770] R00-M0-N01-J01-2:ibm.runjob.LogSignalInfo: signal sent from USER
2011-11-09 14:15:10.911 (WARN ) [0xfff85545770] R00-M0-N01-J01-2:ibm.runjob.LogSignalInfo: sent from pid 5529
2011-11-09 14:15:10.934 (WARN ) [0xfff85545770] R00-M0-N01-J01-2:ibm.runjob.LogSignalInfo: could not read /proc/5529/exe
2011-11-09 14:15:10.934 (WARN ) [0xfff85545770] R00-M0-N01-J01-2:ibm.runjob.LogSignalInfo: Permission denied
2011-11-09 14:15:10.935 (WARN ) [0xfff85545770] R00-M0-N01-J01-2:ibm.runjob.LogSignalInfo: sent from uid 0 (root)
2011-11-09 14:15:12.230 (WARN ) [0xfff85545770] R00-M0-N01-J01-2:4653:ibm.runjob.client.Job: terminated by signal 9
2011-11-09 14:15:12.231 (WARN ) [0xfff85545770] R00-M0-N01-J01-2:4653:ibm.runjob.client.Job: abnormal termination by signal 9 from rank 1
