2011-11-08 10:46:34.676 (INFO ) [0xfff76965770] R00-M0-N01-J12-2:6547:ibm.runjob.client.options.Parser: set local socket to runjob_mux from properties file
2011-11-08 10:46:36.746 (INFO ) [0xfff76965770] R00-M0-N01-J12-2:4556:ibm.runjob.client.Job: job 4556 started
MPIDI_Process.*
  verbose      : 1
  statistics   : 0
  contexts     : 32
  commthreads  : 0
  context_post : 1
  short_limit  : 113
  eager_limit  : 2049
  rma_pending  : 1000
  shmem_pt2pt  : 1
  optimized.collectives : 0
  optimized.subcomms    : 1
The following PAMI_* environment variables were specified:
  PAMI_NUMCLIENTS=1
  PAMI_VERBOSE=1
  PAMI_COMMTHREADS=1
The following BG_* environment variables were specified:
  BG_SHAREDMEMSIZE=32MB
  BG_APPAGENT1=/bgsys/drivers/ppcfloor/agents/bin/comm.elf
max = 1000000 doubles, repetitions = 100 
target =    0 size =          1 put: 8.488652e-05 sec 9.424347e-02 MB/s acc: 1.511260e-04 sec  5.293594e-02 MB/s
target =    1 size =          1 put: 1.174228e-04 sec 6.812989e-02 MB/s acc: 1.471635e-04 sec  5.436129e-02 MB/s
target =    0 size =          2 put: 8.455516e-05 sec 1.892256e-01 MB/s acc: 1.502880e-04 sec  1.064623e-01 MB/s
target =    1 size =          2 put: 1.169004e-04 sec 1.368686e-01 MB/s acc: 1.469310e-04 sec  1.088946e-01 MB/s
target =    0 size =          4 put: 8.486705e-05 sec 3.770604e-01 MB/s acc: 1.502450e-04 sec  2.129855e-01 MB/s
target =    1 size =          4 put: 1.168383e-04 sec 2.738828e-01 MB/s acc: 1.461996e-04 sec  2.188789e-01 MB/s
target =    0 size =          8 put: 8.485456e-05 sec 7.542317e-01 MB/s acc: 1.510477e-04 sec  4.237071e-01 MB/s
target =    1 size =          8 put: 1.169150e-04 sec 5.474062e-01 MB/s acc: 1.468508e-04 sec  4.358163e-01 MB/s
target =    0 size =         16 put: 8.511842e-05 sec 1.503787e+00 MB/s acc: 1.517375e-04 sec  8.435623e-01 MB/s
target =    1 size =         16 put: 1.169691e-04 sec 1.094306e+00 MB/s acc: 1.475842e-04 sec  8.673014e-01 MB/s
target =    0 size =         32 put: 8.525981e-05 sec 3.002587e+00 MB/s acc: 1.526229e-04 sec  1.677337e+00 MB/s
target =    1 size =         32 put: 1.169366e-04 sec 2.189221e+00 MB/s acc: 1.501815e-04 sec  1.704604e+00 MB/s
target =    0 size =         64 put: 8.523092e-05 sec 6.007209e+00 MB/s acc: 1.562191e-04 sec  3.277447e+00 MB/s
target =    1 size =         64 put: 1.174109e-04 sec 4.360755e+00 MB/s acc: 1.514634e-04 sec  3.380354e+00 MB/s
target =    0 size =        128 put: 8.600922e-05 sec 1.190570e+01 MB/s acc: 1.615487e-04 sec  6.338646e+00 MB/s
target =    1 size =        128 put: 1.170308e-04 sec 8.749831e+00 MB/s acc: 1.563934e-04 sec  6.547592e+00 MB/s
target =    0 size =        256 put: 8.669641e-05 sec 2.362266e+01 MB/s acc: 1.722195e-04 sec  1.189180e+01 MB/s
target =    1 size =        256 put: 1.170266e-04 sec 1.750029e+01 MB/s acc: 1.669479e-04 sec  1.226730e+01 MB/s
target =    0 size =        512 put: 8.764814e-05 sec 4.673231e+01 MB/s acc: 2.197163e-04 sec  1.864222e+01 MB/s
target =    1 size =        512 put: 1.171067e-04 sec 3.497665e+01 MB/s acc: 2.101069e-04 sec  1.949484e+01 MB/s
target =    0 size =       1024 put: 8.869697e-05 sec 9.235941e+01 MB/s acc: 2.633395e-04 sec  3.110813e+01 MB/s
target =    1 size =       1024 put: 1.411708e-04 sec 5.802898e+01 MB/s acc: 2.552559e-04 sec  3.209329e+01 MB/s
target =    0 size =       2048 put: 9.049236e-05 sec 1.810540e+02 MB/s acc: 3.482746e-04 sec  4.704334e+01 MB/s
target =    1 size =       2048 put: 1.413986e-04 sec 1.158711e+02 MB/s acc: 3.358828e-04 sec  4.877892e+01 MB/s
target =    0 size =       4096 put: 9.216799e-05 sec 3.555247e+02 MB/s acc: 5.169893e-04 sec  6.338235e+01 MB/s
target =    1 size =       4096 put: 1.410926e-04 sec 2.322447e+02 MB/s acc: 5.074896e-04 sec  6.456881e+01 MB/s
target =    0 size =       8192 put: 9.531878e-05 sec 6.875455e+02 MB/s acc: 8.545577e-04 sec  7.668996e+01 MB/s
target =    1 size =       8192 put: 1.647568e-04 sec 3.977742e+02 MB/s acc: 8.474039e-04 sec  7.733738e+01 MB/s
target =    0 size =      16384 put: 1.017598e-04 sec 1.288053e+03 MB/s acc: 1.553167e-03 sec  8.439015e+01 MB/s
target =    1 size =      16384 put: 1.925940e-04 sec 6.805613e+02 MB/s acc: 1.521546e-03 sec  8.614396e+01 MB/s
target =    0 size =      32768 put: 1.145912e-04 sec 2.287646e+03 MB/s acc: 2.903047e-03 sec  9.029960e+01 MB/s
target =    1 size =      32768 put: 2.818944e-04 sec 9.299370e+02 MB/s acc: 2.875871e-03 sec  9.115292e+01 MB/s
target =    0 size =      65536 put: 1.404195e-04 sec 3.733725e+03 MB/s acc: 5.602351e-03 sec  9.358358e+01 MB/s
target =    1 size =      65536 put: 4.220008e-04 sec 1.242386e+03 MB/s acc: 5.578474e-03 sec  9.398412e+01 MB/s
target =    0 size =     131072 put: 1.919761e-04 sec 5.462014e+03 MB/s acc: 1.100405e-02 sec  9.529005e+01 MB/s
target =    1 size =     131072 put: 7.174358e-04 sec 1.461561e+03 MB/s acc: 1.098402e-02 sec  9.546374e+01 MB/s
target =    0 size =     262144 put: 2.946149e-04 sec 7.118282e+03 MB/s acc: 2.183211e-02 sec  9.605816e+01 MB/s
target =    1 size =     262144 put: 1.303933e-03 sec 1.608328e+03 MB/s acc: 2.180601e-02 sec  9.617312e+01 MB/s
target =    0 size =     524288 put: 5.002518e-04 sec 8.384385e+03 MB/s acc: 4.348128e-02 sec  9.646230e+01 MB/s
target =    1 size =     524288 put: 2.483441e-03 sec 1.688908e+03 MB/s acc: 4.345763e-02 sec  9.651479e+01 MB/s
target =    0 size =    1048576 put: 9.114915e-04 sec 9.203166e+03 MB/s acc: 8.679374e-02 sec  9.664992e+01 MB/s
target =    1 size =    1048576 put: 4.841423e-03 sec 1.732674e+03 MB/s acc: 8.674942e-02 sec  9.669930e+01 MB/s
target =    0 size =    2097152 put: 1.830757e-03 sec 9.164088e+03 MB/s acc: 1.734771e-01 sec  9.671140e+01 MB/s
target =    1 size =    2097152 put: 9.566433e-03 sec 1.753759e+03 MB/s acc: 1.733306e-01 sec  9.679316e+01 MB/s
target =    0 size =    4194304 put: 4.481128e-03 sec 7.487944e+03 MB/s acc: 3.467463e-01 sec  9.676941e+01 MB/s
target =    1 size =    4194304 put: 1.903742e-02 sec 1.762552e+03 MB/s acc: 3.465206e-01 sec  9.683243e+01 MB/s
target =    0 size =    8388608 put: 8.888480e-03 sec 7.550095e+03 MB/s acc: 6.932325e-01 sec  9.680571e+01 MB/s
target =    1 size =    8388608 put: 3.791027e-02 sec 1.770203e+03 MB/s acc: 6.928149e-01 sec  9.686406e+01 MB/s
target =    0 size =   16777216 put: 1.733247e-02 sec 7.743716e+03 MB/s acc: 1.386236e+00 sec  9.682172e+01 MB/s
target =    1 size =   16777216 put: 7.566165e-02 sec 1.773920e+03 MB/s acc: 1.385425e+00 sec  9.687835e+01 MB/s
target =    0 size =   33554432 put: 3.436279e-02 sec 7.811807e+03 MB/s acc: 2.772209e+00 sec  9.683088e+01 MB/s
target =    1 size =   33554432 put: 1.511577e-01 sec 1.775863e+03 MB/s acc: 2.770631e+00 sec  9.688605e+01 MB/s
target =    0 size =   67108864 put: 6.907975e-02 sec 7.771756e+03 MB/s acc: 5.544135e+00 sec  9.683583e+01 MB/s
2011-11-08 11:16:39.648 (WARN ) [0xfff76965770] R00-M0-N01-J12-2:ibm.runjob.LogSignalInfo: received signal 15
2011-11-08 11:16:39.648 (WARN ) [0xfff76965770] R00-M0-N01-J12-2:ibm.runjob.LogSignalInfo: signal sent from USER
2011-11-08 11:16:39.648 (WARN ) [0xfff76965770] R00-M0-N01-J12-2:ibm.runjob.LogSignalInfo: sent from pid 26792
2011-11-08 11:16:39.649 (WARN ) [0xfff76965770] R00-M0-N01-J12-2:ibm.runjob.LogSignalInfo: could not read /proc/26792/exe
2011-11-08 11:16:39.649 (WARN ) [0xfff76965770] R00-M0-N01-J12-2:ibm.runjob.LogSignalInfo: Permission denied
2011-11-08 11:16:39.649 (WARN ) [0xfff76965770] R00-M0-N01-J12-2:ibm.runjob.LogSignalInfo: sent from uid 0 (root)
2011-11-08 11:16:42.522 (WARN ) [0xfff76965770] R00-M0-N01-J12-2:4556:ibm.runjob.client.Job: terminated by signal 9
2011-11-08 11:16:42.522 (WARN ) [0xfff76965770] R00-M0-N01-J12-2:4556:ibm.runjob.client.Job: abnormal termination by signal 9 from rank 1
