2011-11-08 10:49:24.090 (INFO ) [0xfff9c265770] R00-M0-N01-J00-2:7255:ibm.runjob.client.options.Parser: set local socket to runjob_mux from properties file
2011-11-08 10:49:26.576 (INFO ) [0xfff9c265770] R00-M0-N01-J00-2:4557:ibm.runjob.client.Job: job 4557 started
hello from rank 1 of 2 
MPIDI_Process.*
  verbose      : 1
  statistics   : 0
  contexts     : 32
  commthreads  : 0
  context_post : 1
  short_limit  : 113
  eager_limit  : 2049
  rma_pending  : 1000
  shmem_pt2pt  : 1
  optimized.collectives : 0
  optimized.subcomms    : 1
The following PAMI_* environment variables were specified:
  PAMI_NUMCLIENTS=1
  PAMI_VERBOSE=1
  PAMI_COMMTHREADS=1
The following BG_* environment variables were specified:
  BG_SHAREDMEMSIZE=32MB
  BG_APPAGENT1=/bgsys/drivers/ppcfloor/agents/bin/comm.elf
hello from rank 0 of 2 
max = 1000000 doubles, repetitions = 100 
target =    0 size =          1 put: 8.525973e-05 sec 9.383094e-02 MB/s acc: 1.523597e-04 sec  5.250733e-02 MB/s
target =    1 size =          1 put: 1.172820e-04 sec 6.821169e-02 MB/s acc: 1.468224e-04 sec  5.448761e-02 MB/s
target =    0 size =          2 put: 8.499585e-05 sec 1.882445e-01 MB/s acc: 1.516887e-04 sec  1.054792e-01 MB/s
target =    1 size =          2 put: 1.169491e-04 sec 1.368117e-01 MB/s acc: 1.445290e-04 sec  1.107044e-01 MB/s
target =    0 size =          4 put: 8.514475e-05 sec 3.758306e-01 MB/s acc: 1.518132e-04 sec  2.107853e-01 MB/s
target =    1 size =          4 put: 1.168808e-04 sec 2.737831e-01 MB/s acc: 1.518203e-04 sec  2.107755e-01 MB/s
target =    0 size =          8 put: 8.529063e-05 sec 7.503756e-01 MB/s acc: 1.525919e-04 sec  4.194194e-01 MB/s
target =    1 size =          8 put: 1.171065e-04 sec 5.465112e-01 MB/s acc: 1.445178e-04 sec  4.428521e-01 MB/s
target =    0 size =         16 put: 8.554430e-05 sec 1.496301e+00 MB/s acc: 1.531044e-04 sec  8.360311e-01 MB/s
target =    1 size =         16 put: 1.168360e-04 sec 1.095553e+00 MB/s acc: 1.467948e-04 sec  8.719653e-01 MB/s
target =    0 size =         32 put: 8.538336e-05 sec 2.998242e+00 MB/s acc: 1.543393e-04 sec  1.658683e+00 MB/s
target =    1 size =         32 put: 1.168407e-04 sec 2.191018e+00 MB/s acc: 1.488153e-04 sec  1.720253e+00 MB/s
target =    0 size =         64 put: 8.532784e-05 sec 6.000386e+00 MB/s acc: 1.577340e-04 sec  3.245971e+00 MB/s
target =    1 size =         64 put: 1.174104e-04 sec 4.360773e+00 MB/s acc: 1.535173e-04 sec  3.335129e+00 MB/s
target =    0 size =        128 put: 8.613474e-05 sec 1.188835e+01 MB/s acc: 1.627960e-04 sec  6.290083e+00 MB/s
target =    1 size =        128 put: 1.171315e-04 sec 8.742311e+00 MB/s acc: 1.551511e-04 sec  6.600017e+00 MB/s
target =    0 size =        256 put: 8.736600e-05 sec 2.344161e+01 MB/s acc: 1.737484e-04 sec  1.178716e+01 MB/s
target =    1 size =        256 put: 1.170364e-04 sec 1.749882e+01 MB/s acc: 1.720895e-04 sec  1.190079e+01 MB/s
target =    0 size =        512 put: 8.803479e-05 sec 4.652706e+01 MB/s acc: 2.210183e-04 sec  1.853240e+01 MB/s
target =    1 size =        512 put: 1.171084e-04 sec 3.497616e+01 MB/s acc: 2.108280e-04 sec  1.942816e+01 MB/s
target =    0 size =       1024 put: 8.935464e-05 sec 9.167963e+01 MB/s acc: 2.649206e-04 sec  3.092247e+01 MB/s
target =    1 size =       1024 put: 1.418580e-04 sec 5.774788e+01 MB/s acc: 2.531371e-04 sec  3.236191e+01 MB/s
target =    0 size =       2048 put: 9.100036e-05 sec 1.800432e+02 MB/s acc: 3.499298e-04 sec  4.682082e+01 MB/s
target =    1 size =       2048 put: 1.420484e-04 sec 1.153410e+02 MB/s acc: 3.379285e-04 sec  4.848363e+01 MB/s
target =    0 size =       4096 put: 9.271090e-05 sec 3.534428e+02 MB/s acc: 5.186204e-04 sec  6.318301e+01 MB/s
target =    1 size =       4096 put: 1.417856e-04 sec 2.311094e+02 MB/s acc: 5.071178e-04 sec  6.461615e+01 MB/s
target =    0 size =       8192 put: 9.588386e-05 sec 6.834935e+02 MB/s acc: 8.561789e-04 sec  7.654475e+01 MB/s
target =    1 size =       8192 put: 1.652516e-04 sec 3.965832e+02 MB/s acc: 8.471767e-04 sec  7.735813e+01 MB/s
target =    0 size =      16384 put: 1.023351e-04 sec 1.280812e+03 MB/s acc: 1.554560e-03 sec  8.431451e+01 MB/s
target =    1 size =      16384 put: 1.895417e-04 sec 6.915205e+02 MB/s acc: 1.524494e-03 sec  8.597737e+01 MB/s
target =    0 size =      32768 put: 1.151557e-04 sec 2.276430e+03 MB/s acc: 2.904636e-03 sec  9.025020e+01 MB/s
target =    1 size =      32768 put: 2.828984e-04 sec 9.266365e+02 MB/s acc: 2.875610e-03 sec  9.116117e+01 MB/s
target =    0 size =      65536 put: 1.410164e-04 sec 3.717923e+03 MB/s acc: 5.604183e-03 sec  9.355298e+01 MB/s
target =    1 size =      65536 put: 4.219648e-04 sec 1.242492e+03 MB/s acc: 5.579918e-03 sec  9.395981e+01 MB/s
target =    0 size =     131072 put: 1.925910e-04 sec 5.444574e+03 MB/s acc: 1.100596e-02 sec  9.527343e+01 MB/s
target =    1 size =     131072 put: 7.158145e-04 sec 1.464871e+03 MB/s acc: 1.098453e-02 sec  9.545933e+01 MB/s
target =    0 size =     262144 put: 2.953520e-04 sec 7.100518e+03 MB/s acc: 2.183512e-02 sec  9.604492e+01 MB/s
target =    1 size =     262144 put: 1.303498e-03 sec 1.608865e+03 MB/s acc: 2.180849e-02 sec  9.616217e+01 MB/s
target =    0 size =     524288 put: 5.010215e-04 sec 8.371506e+03 MB/s acc: 4.348498e-02 sec  9.645408e+01 MB/s
target =    1 size =     524288 put: 2.488181e-03 sec 1.685691e+03 MB/s acc: 4.346107e-02 sec  9.650715e+01 MB/s
target =    0 size =    1048576 put: 9.122204e-04 sec 9.195813e+03 MB/s acc: 8.679407e-02 sec  9.664955e+01 MB/s
target =    1 size =    1048576 put: 4.841523e-03 sec 1.732638e+03 MB/s acc: 8.674765e-02 sec  9.670127e+01 MB/s
target =    0 size =    2097152 put: 1.832420e-03 sec 9.155768e+03 MB/s acc: 1.734751e-01 sec  9.671252e+01 MB/s
target =    1 size =    2097152 put: 9.570732e-03 sec 1.752971e+03 MB/s acc: 1.733243e-01 sec  9.679670e+01 MB/s
target =    0 size =    4194304 put: 4.490379e-03 sec 7.472516e+03 MB/s acc: 3.467264e-01 sec  9.677495e+01 MB/s
target =    1 size =    4194304 put: 1.903912e-02 sec 1.762394e+03 MB/s acc: 3.465141e-01 sec  9.683425e+01 MB/s
target =    0 size =    8388608 put: 8.899968e-03 sec 7.540349e+03 MB/s acc: 6.932227e-01 sec  9.680708e+01 MB/s
target =    1 size =    8388608 put: 3.791818e-02 sec 1.769833e+03 MB/s acc: 6.928024e-01 sec  9.686581e+01 MB/s
target =    0 size =   16777216 put: 1.736515e-02 sec 7.729143e+03 MB/s acc: 1.386206e+00 sec  9.682378e+01 MB/s
target =    1 size =   16777216 put: 7.566994e-02 sec 1.773726e+03 MB/s acc: 1.385405e+00 sec  9.687975e+01 MB/s
target =    0 size =   33554432 put: 3.446498e-02 sec 7.788644e+03 MB/s acc: 2.772163e+00 sec  9.683248e+01 MB/s
target =    1 size =   33554432 put: 1.511813e-01 sec 1.775587e+03 MB/s acc: 2.770578e+00 sec  9.688790e+01 MB/s
target =    0 size =   67108864 put: 6.925924e-02 sec 7.751614e+03 MB/s acc: 5.544042e+00 sec  9.683746e+01 MB/s
2011-11-08 11:19:32.537 (WARN ) [0xfff9c265770] R00-M0-N01-J00-2:ibm.runjob.LogSignalInfo: received signal 15
2011-11-08 11:19:32.538 (WARN ) [0xfff9c265770] R00-M0-N01-J00-2:ibm.runjob.LogSignalInfo: signal sent from USER
2011-11-08 11:19:32.538 (WARN ) [0xfff9c265770] R00-M0-N01-J00-2:ibm.runjob.LogSignalInfo: sent from pid 26792
2011-11-08 11:19:32.538 (WARN ) [0xfff9c265770] R00-M0-N01-J00-2:ibm.runjob.LogSignalInfo: could not read /proc/26792/exe
2011-11-08 11:19:32.538 (WARN ) [0xfff9c265770] R00-M0-N01-J00-2:ibm.runjob.LogSignalInfo: Permission denied
2011-11-08 11:19:32.538 (WARN ) [0xfff9c265770] R00-M0-N01-J00-2:ibm.runjob.LogSignalInfo: sent from uid 0 (root)
2011-11-08 11:19:35.584 (WARN ) [0xfff9c265770] R00-M0-N01-J00-2:4557:ibm.runjob.client.Job: terminated by signal 9
2011-11-08 11:19:35.584 (WARN ) [0xfff9c265770] R00-M0-N01-J00-2:4557:ibm.runjob.client.Job: abnormal termination by signal 9 from rank 1
