2011-11-08 10:57:21.845 (INFO ) [0xfff7b3a5770] R00-M0-N01-J03-2:10698:ibm.runjob.client.options.Parser: set local socket to runjob_mux from properties file
2011-11-08 10:57:23.877 (INFO ) [0xfff7b3a5770] R00-M0-N01-J03-2:4559:ibm.runjob.client.Job: job 4559 started
MPIDI_Process.*
hello from rank 1 of 2 
  verbose      : 1
  statistics   : 0
  contexts     : 32
  commthreads  : 0
  context_post : 1
  short_limit  : 113
  eager_limit  : 2049
  rma_pending  : 1000
  shmem_pt2pt  : 1
  optimized.collectives : 0
  optimized.subcomms    : 1
The following PAMI_* environment variables were specified:
  PAMI_NUMCLIENTS=1
  PAMI_VERBOSE=1
  PAMI_COMMTHREADS=1
The following BG_* environment variables were specified:
  BG_SHAREDMEMSIZE=32MB
  BG_APPAGENT1=/bgsys/drivers/ppcfloor/agents/bin/comm.elf
hello from rank 0 of 2 
max = 1000000 doubles, repetitions = 100 
target =    0 size =          1 put: 8.526643e-05 sec 9.382357e-02 MB/s acc: 1.523813e-04 sec  5.249990e-02 MB/s
target =    1 size =          1 put: 1.173202e-04 sec 6.818945e-02 MB/s acc: 1.466152e-04 sec  5.456461e-02 MB/s
target =    0 size =          2 put: 8.497200e-05 sec 1.882973e-01 MB/s acc: 1.517073e-04 sec  1.054663e-01 MB/s
target =    1 size =          2 put: 1.169926e-04 sec 1.367608e-01 MB/s acc: 1.474410e-04 sec  1.085180e-01 MB/s
target =    0 size =          4 put: 8.515420e-05 sec 3.757889e-01 MB/s acc: 1.518302e-04 sec  2.107618e-01 MB/s
target =    1 size =          4 put: 1.168946e-04 sec 2.737509e-01 MB/s acc: 1.485024e-04 sec  2.154847e-01 MB/s
target =    0 size =          8 put: 8.530265e-05 sec 7.502698e-01 MB/s acc: 1.526194e-04 sec  4.193439e-01 MB/s
target =    1 size =          8 put: 1.171093e-04 sec 5.464979e-01 MB/s acc: 1.445258e-04 sec  4.428274e-01 MB/s
target =    0 size =         16 put: 8.544029e-05 sec 1.498122e+00 MB/s acc: 1.531149e-04 sec  8.359737e-01 MB/s
target =    1 size =         16 put: 1.168829e-04 sec 1.095113e+00 MB/s acc: 1.468047e-04 sec  8.719067e-01 MB/s
target =    0 size =         32 put: 8.554019e-05 sec 2.992745e+00 MB/s acc: 1.543686e-04 sec  1.658369e+00 MB/s
target =    1 size =         32 put: 1.168110e-04 sec 2.191574e+00 MB/s acc: 1.499235e-04 sec  1.707538e+00 MB/s
target =    0 size =         64 put: 8.534099e-05 sec 5.999462e+00 MB/s acc: 1.577481e-04 sec  3.245681e+00 MB/s
target =    1 size =         64 put: 1.173835e-04 sec 4.361770e+00 MB/s acc: 1.535810e-04 sec  3.333745e+00 MB/s
target =    0 size =        128 put: 8.614205e-05 sec 1.188734e+01 MB/s acc: 1.628018e-04 sec  6.289858e+00 MB/s
target =    1 size =        128 put: 1.171390e-04 sec 8.741753e+00 MB/s acc: 1.547223e-04 sec  6.618310e+00 MB/s
target =    0 size =        256 put: 8.737414e-05 sec 2.343943e+01 MB/s acc: 1.737618e-04 sec  1.178625e+01 MB/s
target =    1 size =        256 put: 1.170550e-04 sec 1.749605e+01 MB/s acc: 1.734297e-04 sec  1.180882e+01 MB/s
target =    0 size =        512 put: 8.804715e-05 sec 4.652053e+01 MB/s acc: 2.210311e-04 sec  1.853133e+01 MB/s
target =    1 size =        512 put: 1.171078e-04 sec 3.497633e+01 MB/s acc: 2.103953e-04 sec  1.946811e+01 MB/s
target =    0 size =       1024 put: 8.938155e-05 sec 9.165202e+01 MB/s acc: 2.649436e-04 sec  3.091979e+01 MB/s
target =    1 size =       1024 put: 1.418680e-04 sec 5.774383e+01 MB/s acc: 2.522685e-04 sec  3.247333e+01 MB/s
target =    0 size =       2048 put: 9.102024e-05 sec 1.800039e+02 MB/s acc: 3.499413e-04 sec  4.681927e+01 MB/s
target =    1 size =       2048 put: 1.420575e-04 sec 1.153336e+02 MB/s acc: 3.370669e-04 sec  4.860757e+01 MB/s
target =    0 size =       4096 put: 9.272274e-05 sec 3.533977e+02 MB/s acc: 5.186408e-04 sec  6.318053e+01 MB/s
target =    1 size =       4096 put: 1.417058e-04 sec 2.312397e+02 MB/s acc: 5.071727e-04 sec  6.460915e+01 MB/s
target =    0 size =       8192 put: 9.588997e-05 sec 6.834500e+02 MB/s acc: 8.561912e-04 sec  7.654365e+01 MB/s
target =    1 size =       8192 put: 1.653176e-04 sec 3.964247e+02 MB/s acc: 8.470157e-04 sec  7.737283e+01 MB/s
target =    0 size =      16384 put: 1.023435e-04 sec 1.280707e+03 MB/s acc: 1.554577e-03 sec  8.431362e+01 MB/s
target =    1 size =      16384 put: 1.915445e-04 sec 6.842900e+02 MB/s acc: 1.524275e-03 sec  8.598976e+01 MB/s
target =    0 size =      32768 put: 1.151620e-04 sec 2.276306e+03 MB/s acc: 2.904650e-03 sec  9.024976e+01 MB/s
target =    1 size =      32768 put: 2.825403e-04 sec 9.278111e+02 MB/s acc: 2.874912e-03 sec  9.118332e+01 MB/s
target =    0 size =      65536 put: 1.410051e-04 sec 3.718220e+03 MB/s acc: 5.604199e-03 sec  9.355271e+01 MB/s
target =    1 size =      65536 put: 4.220947e-04 sec 1.242110e+03 MB/s acc: 5.578910e-03 sec  9.397679e+01 MB/s
target =    0 size =     131072 put: 1.926023e-04 sec 5.444254e+03 MB/s acc: 1.100597e-02 sec  9.527340e+01 MB/s
target =    1 size =     131072 put: 7.158175e-04 sec 1.464865e+03 MB/s acc: 1.098299e-02 sec  9.547271e+01 MB/s
target =    0 size =     262144 put: 2.953723e-04 sec 7.100029e+03 MB/s acc: 2.183541e-02 sec  9.604361e+01 MB/s
target =    1 size =     262144 put: 1.303491e-03 sec 1.608874e+03 MB/s acc: 2.180806e-02 sec  9.616410e+01 MB/s
target =    0 size =     524288 put: 5.010204e-04 sec 8.371524e+03 MB/s acc: 4.348497e-02 sec  9.645412e+01 MB/s
target =    1 size =     524288 put: 2.488095e-03 sec 1.685749e+03 MB/s acc: 4.345954e-02 sec  9.651055e+01 MB/s
target =    0 size =    1048576 put: 9.122525e-04 sec 9.195490e+03 MB/s acc: 8.679447e-02 sec  9.664911e+01 MB/s
target =    1 size =    1048576 put: 4.847384e-03 sec 1.730543e+03 MB/s acc: 8.674714e-02 sec  9.670184e+01 MB/s
target =    0 size =    2097152 put: 1.832337e-03 sec 9.156185e+03 MB/s acc: 1.734761e-01 sec  9.671196e+01 MB/s
target =    1 size =    2097152 put: 9.570699e-03 sec 1.752977e+03 MB/s acc: 1.733285e-01 sec  9.679435e+01 MB/s
target =    0 size =    4194304 put: 4.493627e-03 sec 7.467116e+03 MB/s acc: 3.467296e-01 sec  9.677408e+01 MB/s
target =    1 size =    4194304 put: 1.904971e-02 sec 1.761414e+03 MB/s acc: 3.465125e-01 sec  9.683468e+01 MB/s
target =    0 size =    8388608 put: 8.910402e-03 sec 7.531519e+03 MB/s acc: 6.932161e-01 sec  9.680800e+01 MB/s
target =    1 size =    8388608 put: 3.863968e-02 sec 1.736786e+03 MB/s acc: 6.928042e-01 sec  9.686556e+01 MB/s
target =    0 size =   16777216 put: 1.737426e-02 sec 7.725089e+03 MB/s acc: 1.386251e+00 sec  9.682065e+01 MB/s
target =    1 size =   16777216 put: 7.712390e-02 sec 1.740287e+03 MB/s acc: 1.385393e+00 sec  9.688060e+01 MB/s
target =    0 size =   33554432 put: 3.448503e-02 sec 7.784116e+03 MB/s acc: 2.772162e+00 sec  9.683252e+01 MB/s
target =    1 size =   33554432 put: 1.540812e-01 sec 1.742169e+03 MB/s acc: 2.770577e+00 sec  9.688793e+01 MB/s
target =    0 size =   67108864 put: 6.931908e-02 sec 7.744923e+03 MB/s acc: 5.544058e+00 sec  9.683718e+01 MB/s
2011-11-08 11:27:19.179 (WARN ) [0xfff7b3a5770] R00-M0-N01-J03-2:ibm.runjob.LogSignalInfo: received signal 15
2011-11-08 11:27:19.179 (WARN ) [0xfff7b3a5770] R00-M0-N01-J03-2:ibm.runjob.LogSignalInfo: signal sent from USER
2011-11-08 11:27:19.179 (WARN ) [0xfff7b3a5770] R00-M0-N01-J03-2:ibm.runjob.LogSignalInfo: sent from pid 26792
2011-11-08 11:27:19.179 (WARN ) [0xfff7b3a5770] R00-M0-N01-J03-2:ibm.runjob.LogSignalInfo: could not read /proc/26792/exe
2011-11-08 11:27:19.179 (WARN ) [0xfff7b3a5770] R00-M0-N01-J03-2:ibm.runjob.LogSignalInfo: Permission denied
2011-11-08 11:27:19.180 (WARN ) [0xfff7b3a5770] R00-M0-N01-J03-2:ibm.runjob.LogSignalInfo: sent from uid 0 (root)
2011-11-08 11:27:22.782 (WARN ) [0xfff7b3a5770] R00-M0-N01-J03-2:4559:ibm.runjob.client.Job: terminated by signal 9
2011-11-08 11:27:22.782 (WARN ) [0xfff7b3a5770] R00-M0-N01-J03-2:4559:ibm.runjob.client.Job: abnormal termination by signal 9 from rank 0
