2011-11-08 11:01:50.663 (INFO ) [0xfffaf465770] R00-M0-N01-J15-2:12554:ibm.runjob.client.options.Parser: set local socket to runjob_mux from properties file
2011-11-08 11:01:53.609 (INFO ) [0xfffaf465770] R00-M0-N01-J15-2:4560:ibm.runjob.client.Job: job 4560 started
hello from rank 14 of 32 
hello from rank 11 of 32 
hello from rank 28 of 32 
hello from rank 27 of 32 
hello from rank 9 of 32 
hello from rank 23 of 32 
MPIDI_Process.*
hello from rank 24 of 32 
hello from rank 10 of 32 
hello from rank 21 of 32 
hello from rank 3 of 32 
hello from rank 26 of 32 
hello from rank 15 of 32 
hello from rank 29 of 32 
  verbose      : 1
hello from rank 18 of 32 
hello from rank 13 of 32 
hello from rank 31 of 32 
hello from rank 1 of 32 
hello from rank 25 of 32 
  statistics   : 0
hello from rank 30 of 32 
hello from rank 4 of 32 
hello from rank 16 of 32 
hello from rank 5 of 32 
hello from rank 19 of 32 
hello from rank 6 of 32 
hello from rank 20 of 32 
  contexts     : 2
hello from rank 22 of 32 
hello from rank 2 of 32 
hello from rank 17 of 32 
hello from rank 7 of 32 
  commthreads  : 0
hello from rank 8 of 32 
hello from rank 12 of 32 
  context_post : 1
  short_limit  : 113
  eager_limit  : 2049
  rma_pending  : 1000
  shmem_pt2pt  : 1
  optimized.collectives : 0
  optimized.subcomms    : 1
The following PAMI_* environment variables were specified:
  PAMI_NUMCLIENTS=1
  PAMI_VERBOSE=1
  PAMI_COMMTHREADS=1
The following BG_* environment variables were specified:
  BG_SHAREDMEMSIZE=32MB
  BG_APPAGENT1=/bgsys/drivers/ppcfloor/agents/bin/comm.elf
hello from rank 0 of 32 
max = 1000000 doubles, repetitions = 100 
target =    0 size =          1 put: 1.337457e-05 sec 5.981498e-01 MB/s acc: 2.949301e-05 sec  2.712507e-01 MB/s
target =    1 size =          1 put: 1.996646e-05 sec 4.006720e-01 MB/s acc: 2.331519e-05 sec  3.431239e-01 MB/s
target =    2 size =          1 put: 1.850969e-05 sec 4.322060e-01 MB/s acc: 2.283154e-05 sec  3.503924e-01 MB/s
target =    3 size =          1 put: 1.856293e-05 sec 4.309664e-01 MB/s acc: 2.317164e-05 sec  3.452497e-01 MB/s
target =    4 size =          1 put: 1.865174e-05 sec 4.289143e-01 MB/s acc: 2.299924e-05 sec  3.478376e-01 MB/s
target =    5 size =          1 put: 1.848771e-05 sec 4.327200e-01 MB/s acc: 2.289071e-05 sec  3.494867e-01 MB/s
target =    6 size =          1 put: 1.852251e-05 sec 4.319070e-01 MB/s acc: 2.292852e-05 sec  3.489104e-01 MB/s
target =    7 size =          1 put: 1.865189e-05 sec 4.289109e-01 MB/s acc: 2.296180e-05 sec  3.484047e-01 MB/s
target =    8 size =          1 put: 1.841827e-05 sec 4.343514e-01 MB/s acc: 2.311087e-05 sec  3.461575e-01 MB/s
target =    9 size =          1 put: 1.848350e-05 sec 4.328185e-01 MB/s acc: 2.286061e-05 sec  3.499470e-01 MB/s
target =   10 size =          1 put: 1.848908e-05 sec 4.326878e-01 MB/s acc: 2.280118e-05 sec  3.508590e-01 MB/s
target =   11 size =          1 put: 1.849854e-05 sec 4.324666e-01 MB/s acc: 2.294021e-05 sec  3.487327e-01 MB/s
target =   12 size =          1 put: 1.863423e-05 sec 4.293176e-01 MB/s acc: 2.300776e-05 sec  3.477087e-01 MB/s
target =   13 size =          1 put: 1.844602e-05 sec 4.336979e-01 MB/s acc: 2.300396e-05 sec  3.477663e-01 MB/s
target =   14 size =          1 put: 1.848728e-05 sec 4.327299e-01 MB/s acc: 2.291956e-05 sec  3.490468e-01 MB/s
target =   15 size =          1 put: 1.839116e-05 sec 4.349917e-01 MB/s acc: 2.290510e-05 sec  3.492672e-01 MB/s
target =   16 size =          1 put: 2.227686e-05 sec 3.591171e-01 MB/s acc: 2.658092e-05 sec  3.009677e-01 MB/s
target =   17 size =          1 put: 2.165942e-05 sec 3.693543e-01 MB/s acc: 2.686201e-05 sec  2.978184e-01 MB/s
target =   18 size =          1 put: 2.154949e-05 sec 3.712384e-01 MB/s acc: 2.632051e-05 sec  3.039455e-01 MB/s
target =   19 size =          1 put: 2.152424e-05 sec 3.716740e-01 MB/s acc: 2.665729e-05 sec  3.001055e-01 MB/s
target =   20 size =          1 put: 2.154310e-05 sec 3.713486e-01 MB/s acc: 2.638641e-05 sec  3.031864e-01 MB/s
target =   21 size =          1 put: 2.171948e-05 sec 3.683329e-01 MB/s acc: 2.655978e-05 sec  3.012073e-01 MB/s
target =   22 size =          1 put: 2.154481e-05 sec 3.713192e-01 MB/s acc: 2.633332e-05 sec  3.037976e-01 MB/s
target =   23 size =          1 put: 2.161468e-05 sec 3.701188e-01 MB/s acc: 2.628177e-05 sec  3.043935e-01 MB/s
target =   24 size =          1 put: 2.174553e-05 sec 3.678917e-01 MB/s acc: 2.631179e-05 sec  3.040462e-01 MB/s
target =   25 size =          1 put: 2.145697e-05 sec 3.728392e-01 MB/s acc: 2.641133e-05 sec  3.029003e-01 MB/s
target =   26 size =          1 put: 2.153313e-05 sec 3.715206e-01 MB/s acc: 2.637303e-05 sec  3.033402e-01 MB/s
target =   27 size =          1 put: 2.150959e-05 sec 3.719272e-01 MB/s acc: 2.638254e-05 sec  3.032308e-01 MB/s
target =   28 size =          1 put: 2.158821e-05 sec 3.705727e-01 MB/s acc: 2.630774e-05 sec  3.040930e-01 MB/s
target =   29 size =          1 put: 2.161256e-05 sec 3.701552e-01 MB/s acc: 2.645081e-05 sec  3.024482e-01 MB/s
target =   30 size =          1 put: 2.167531e-05 sec 3.690835e-01 MB/s acc: 2.634141e-05 sec  3.037044e-01 MB/s
target =   31 size =          1 put: 2.142697e-05 sec 3.733613e-01 MB/s acc: 2.629143e-05 sec  3.042816e-01 MB/s
target =    0 size =          2 put: 1.333889e-05 sec 1.199500e+00 MB/s acc: 2.954584e-05 sec  5.415313e-01 MB/s
target =    1 size =          2 put: 1.860879e-05 sec 8.598088e-01 MB/s acc: 2.313569e-05 sec  6.915721e-01 MB/s
target =    2 size =          2 put: 1.842943e-05 sec 8.681768e-01 MB/s acc: 2.304394e-05 sec  6.943258e-01 MB/s
target =    3 size =          2 put: 1.855577e-05 sec 8.622655e-01 MB/s acc: 2.328645e-05 sec  6.870949e-01 MB/s
target =    4 size =          2 put: 1.854106e-05 sec 8.629498e-01 MB/s acc: 2.292188e-05 sec  6.980230e-01 MB/s
target =    5 size =          2 put: 1.855369e-05 sec 8.623620e-01 MB/s acc: 2.294972e-05 sec  6.971763e-01 MB/s
target =    6 size =          2 put: 1.854211e-05 sec 8.629009e-01 MB/s acc: 2.297357e-05 sec  6.964525e-01 MB/s
target =    7 size =          2 put: 1.860844e-05 sec 8.598247e-01 MB/s acc: 2.286104e-05 sec  6.998807e-01 MB/s
target =    8 size =          2 put: 1.847978e-05 sec 8.658111e-01 MB/s acc: 2.313388e-05 sec  6.916263e-01 MB/s
target =    9 size =          2 put: 1.850165e-05 sec 8.647877e-01 MB/s acc: 2.289523e-05 sec  6.988357e-01 MB/s
target =   10 size =          2 put: 1.848912e-05 sec 8.653736e-01 MB/s acc: 2.304795e-05 sec  6.942049e-01 MB/s
target =   11 size =          2 put: 1.843521e-05 sec 8.679043e-01 MB/s acc: 2.304776e-05 sec  6.942106e-01 MB/s
target =   12 size =          2 put: 1.880328e-05 sec 8.509153e-01 MB/s acc: 2.311814e-05 sec  6.920973e-01 MB/s
target =   13 size =          2 put: 1.846121e-05 sec 8.666823e-01 MB/s acc: 2.302334e-05 sec  6.949468e-01 MB/s
target =   14 size =          2 put: 1.857348e-05 sec 8.614432e-01 MB/s acc: 2.296768e-05 sec  6.966311e-01 MB/s
target =   15 size =          2 put: 1.857192e-05 sec 8.615157e-01 MB/s acc: 2.313719e-05 sec  6.915274e-01 MB/s
target =   16 size =          2 put: 2.167501e-05 sec 7.381774e-01 MB/s acc: 2.622603e-05 sec  6.100809e-01 MB/s
target =   17 size =          2 put: 2.175421e-05 sec 7.354899e-01 MB/s acc: 2.644876e-05 sec  6.049434e-01 MB/s
target =   18 size =          2 put: 2.150373e-05 sec 7.440571e-01 MB/s acc: 2.651763e-05 sec  6.033721e-01 MB/s
target =   19 size =          2 put: 2.161391e-05 sec 7.402642e-01 MB/s acc: 2.664393e-05 sec  6.005120e-01 MB/s
target =   20 size =          2 put: 2.165019e-05 sec 7.390234e-01 MB/s acc: 2.649812e-05 sec  6.038165e-01 MB/s
target =   21 size =          2 put: 2.166217e-05 sec 7.386147e-01 MB/s acc: 2.642544e-05 sec  6.054771e-01 MB/s
target =   22 size =          2 put: 2.155029e-05 sec 7.424493e-01 MB/s acc: 2.621069e-05 sec  6.104379e-01 MB/s
target =   23 size =          2 put: 2.192927e-05 sec 7.296185e-01 MB/s acc: 2.619884e-05 sec  6.107140e-01 MB/s
target =   24 size =          2 put: 2.177049e-05 sec 7.349397e-01 MB/s acc: 2.622377e-05 sec  6.101335e-01 MB/s
target =   25 size =          2 put: 2.169121e-05 sec 7.376261e-01 MB/s acc: 2.625182e-05 sec  6.094816e-01 MB/s
target =   26 size =          2 put: 2.175236e-05 sec 7.355525e-01 MB/s acc: 2.622688e-05 sec  6.100611e-01 MB/s
target =   27 size =          2 put: 2.160474e-05 sec 7.405783e-01 MB/s acc: 2.653941e-05 sec  6.028771e-01 MB/s
target =   28 size =          2 put: 2.174019e-05 sec 7.359640e-01 MB/s acc: 2.626676e-05 sec  6.091350e-01 MB/s
target =   29 size =          2 put: 2.158666e-05 sec 7.411986e-01 MB/s acc: 2.641359e-05 sec  6.057487e-01 MB/s
target =   30 size =          2 put: 2.169424e-05 sec 7.375228e-01 MB/s acc: 2.634162e-05 sec  6.074038e-01 MB/s
target =   31 size =          2 put: 2.179786e-05 sec 7.340171e-01 MB/s acc: 2.636989e-05 sec  6.067525e-01 MB/s
target =    0 size =          4 put: 1.247920e-05 sec 2.564267e+00 MB/s acc: 2.965344e-05 sec  1.079133e+00 MB/s
target =    1 size =          4 put: 1.845298e-05 sec 1.734137e+00 MB/s acc: 2.289572e-05 sec  1.397641e+00 MB/s
target =    2 size =          4 put: 1.846837e-05 sec 1.732692e+00 MB/s acc: 2.314353e-05 sec  1.382676e+00 MB/s
target =    3 size =          4 put: 1.859206e-05 sec 1.721165e+00 MB/s acc: 2.316051e-05 sec  1.381662e+00 MB/s
target =    4 size =          4 put: 1.858946e-05 sec 1.721405e+00 MB/s acc: 2.300340e-05 sec  1.391099e+00 MB/s
target =    5 size =          4 put: 1.858238e-05 sec 1.722061e+00 MB/s acc: 2.303399e-05 sec  1.389251e+00 MB/s
target =    6 size =          4 put: 1.852219e-05 sec 1.727658e+00 MB/s acc: 2.308484e-05 sec  1.386191e+00 MB/s
target =    7 size =          4 put: 1.861562e-05 sec 1.718986e+00 MB/s acc: 2.283414e-05 sec  1.401410e+00 MB/s
target =    8 size =          4 put: 1.844823e-05 sec 1.734584e+00 MB/s acc: 2.297004e-05 sec  1.393119e+00 MB/s
target =    9 size =          4 put: 1.856587e-05 sec 1.723593e+00 MB/s acc: 2.277438e-05 sec  1.405088e+00 MB/s
target =   10 size =          4 put: 1.851447e-05 sec 1.728378e+00 MB/s acc: 2.307542e-05 sec  1.386757e+00 MB/s
target =   11 size =          4 put: 1.845375e-05 sec 1.734065e+00 MB/s acc: 2.307989e-05 sec  1.386489e+00 MB/s
target =   12 size =          4 put: 1.866822e-05 sec 1.714143e+00 MB/s acc: 2.317486e-05 sec  1.380806e+00 MB/s
target =   13 size =          4 put: 1.847694e-05 sec 1.731889e+00 MB/s acc: 2.315418e-05 sec  1.382040e+00 MB/s
target =   14 size =          4 put: 1.850756e-05 sec 1.729023e+00 MB/s acc: 2.305026e-05 sec  1.388271e+00 MB/s
target =   15 size =          4 put: 1.864689e-05 sec 1.716104e+00 MB/s acc: 2.316071e-05 sec  1.381650e+00 MB/s
target =   16 size =          4 put: 2.150671e-05 sec 1.487908e+00 MB/s acc: 2.648921e-05 sec  1.208039e+00 MB/s
target =   17 size =          4 put: 2.150038e-05 sec 1.488346e+00 MB/s acc: 2.664362e-05 sec  1.201038e+00 MB/s
target =   18 size =          4 put: 2.159676e-05 sec 1.481704e+00 MB/s acc: 2.651859e-05 sec  1.206701e+00 MB/s
target =   19 size =          4 put: 2.165247e-05 sec 1.477892e+00 MB/s acc: 2.682508e-05 sec  1.192913e+00 MB/s
target =   20 size =          4 put: 2.160962e-05 sec 1.480822e+00 MB/s acc: 2.651376e-05 sec  1.206921e+00 MB/s
target =   21 size =          4 put: 2.168878e-05 sec 1.475417e+00 MB/s acc: 2.642007e-05 sec  1.211200e+00 MB/s
target =   22 size =          4 put: 2.165189e-05 sec 1.477931e+00 MB/s acc: 2.624941e-05 sec  1.219075e+00 MB/s
target =   23 size =          4 put: 2.168887e-05 sec 1.475411e+00 MB/s acc: 2.635147e-05 sec  1.214354e+00 MB/s
target =   24 size =          4 put: 2.159872e-05 sec 1.481569e+00 MB/s acc: 2.660102e-05 sec  1.202961e+00 MB/s
target =   25 size =          4 put: 2.147667e-05 sec 1.489989e+00 MB/s acc: 2.634662e-05 sec  1.214577e+00 MB/s
target =   26 size =          4 put: 2.148814e-05 sec 1.489193e+00 MB/s acc: 2.618403e-05 sec  1.222119e+00 MB/s
target =   27 size =          4 put: 2.166979e-05 sec 1.476710e+00 MB/s acc: 2.649869e-05 sec  1.207607e+00 MB/s
target =   28 size =          4 put: 2.141924e-05 sec 1.493984e+00 MB/s acc: 2.648641e-05 sec  1.208167e+00 MB/s
target =   29 size =          4 put: 2.148144e-05 sec 1.489658e+00 MB/s acc: 2.637969e-05 sec  1.213054e+00 MB/s
target =   30 size =          4 put: 2.161571e-05 sec 1.480405e+00 MB/s acc: 2.617352e-05 sec  1.222610e+00 MB/s
target =   31 size =          4 put: 2.155128e-05 sec 1.484831e+00 MB/s acc: 2.640754e-05 sec  1.211775e+00 MB/s
target =    0 size =          8 put: 1.324445e-05 sec 4.832213e+00 MB/s acc: 3.008829e-05 sec  2.127073e+00 MB/s
target =    1 size =          8 put: 1.848604e-05 sec 3.462072e+00 MB/s acc: 2.342484e-05 sec  2.732142e+00 MB/s
target =    2 size =          8 put: 1.853981e-05 sec 3.452031e+00 MB/s acc: 2.339531e-05 sec  2.735591e+00 MB/s
target =    3 size =          8 put: 1.848007e-05 sec 3.463191e+00 MB/s acc: 2.352219e-05 sec  2.720835e+00 MB/s
target =    4 size =          8 put: 1.854550e-05 sec 3.450972e+00 MB/s acc: 2.344930e-05 sec  2.729293e+00 MB/s
target =    5 size =          8 put: 1.855701e-05 sec 3.448831e+00 MB/s acc: 2.349173e-05 sec  2.724364e+00 MB/s
target =    6 size =          8 put: 1.845221e-05 sec 3.468419e+00 MB/s acc: 2.340067e-05 sec  2.734965e+00 MB/s
target =    7 size =          8 put: 1.854694e-05 sec 3.450703e+00 MB/s acc: 2.333640e-05 sec  2.742497e+00 MB/s
target =    8 size =          8 put: 1.842609e-05 sec 3.473336e+00 MB/s acc: 2.344141e-05 sec  2.730211e+00 MB/s
target =    9 size =          8 put: 1.850799e-05 sec 3.457965e+00 MB/s acc: 2.342640e-05 sec  2.731961e+00 MB/s
target =   10 size =          8 put: 1.838837e-05 sec 3.480461e+00 MB/s acc: 2.332843e-05 sec  2.743434e+00 MB/s
target =   11 size =          8 put: 1.854779e-05 sec 3.450546e+00 MB/s acc: 2.350300e-05 sec  2.723057e+00 MB/s
target =   12 size =          8 put: 1.857827e-05 sec 3.444885e+00 MB/s acc: 2.355361e-05 sec  2.717206e+00 MB/s
target =   13 size =          8 put: 1.845036e-05 sec 3.468768e+00 MB/s acc: 2.351674e-05 sec  2.721465e+00 MB/s
target =   14 size =          8 put: 1.842786e-05 sec 3.473002e+00 MB/s acc: 2.339938e-05 sec  2.735116e+00 MB/s
target =   15 size =          8 put: 1.849843e-05 sec 3.459753e+00 MB/s acc: 2.334985e-05 sec  2.740917e+00 MB/s
target =   16 size =          8 put: 2.156923e-05 sec 2.967191e+00 MB/s acc: 2.666882e-05 sec  2.399806e+00 MB/s
target =   17 size =          8 put: 2.154210e-05 sec 2.970927e+00 MB/s acc: 2.691188e-05 sec  2.378132e+00 MB/s
target =   18 size =          8 put: 2.156339e-05 sec 2.967993e+00 MB/s acc: 2.672344e-05 sec  2.394901e+00 MB/s
target =   19 size =          8 put: 2.183287e-05 sec 2.931360e+00 MB/s acc: 2.704281e-05 sec  2.366618e+00 MB/s
target =   20 size =          8 put: 2.172707e-05 sec 2.945634e+00 MB/s acc: 2.678696e-05 sec  2.389223e+00 MB/s
target =   21 size =          8 put: 2.168326e-05 sec 2.951586e+00 MB/s acc: 2.680842e-05 sec  2.387310e+00 MB/s
target =   22 size =          8 put: 2.161189e-05 sec 2.961333e+00 MB/s acc: 2.680359e-05 sec  2.387740e+00 MB/s
target =   23 size =          8 put: 2.171159e-05 sec 2.947735e+00 MB/s acc: 2.673501e-05 sec  2.393865e+00 MB/s
target =   24 size =          8 put: 2.165087e-05 sec 2.956001e+00 MB/s acc: 2.660961e-05 sec  2.405146e+00 MB/s
target =   25 size =          8 put: 2.158811e-05 sec 2.964595e+00 MB/s acc: 2.662571e-05 sec  2.403692e+00 MB/s
target =   26 size =          8 put: 2.163959e-05 sec 2.957542e+00 MB/s acc: 2.671888e-05 sec  2.395310e+00 MB/s
target =   27 size =          8 put: 2.169922e-05 sec 2.949415e+00 MB/s acc: 2.680347e-05 sec  2.387751e+00 MB/s
target =   28 size =          8 put: 2.190079e-05 sec 2.922269e+00 MB/s acc: 2.679506e-05 sec  2.388500e+00 MB/s
target =   29 size =          8 put: 2.179533e-05 sec 2.936409e+00 MB/s acc: 2.671398e-05 sec  2.395749e+00 MB/s
target =   30 size =          8 put: 2.166817e-05 sec 2.953641e+00 MB/s acc: 2.663403e-05 sec  2.402941e+00 MB/s
target =   31 size =          8 put: 2.157987e-05 sec 2.965727e+00 MB/s acc: 2.658439e-05 sec  2.407427e+00 MB/s
target =    0 size =         16 put: 1.364006e-05 sec 9.384121e+00 MB/s acc: 3.084123e-05 sec  4.150288e+00 MB/s
target =    1 size =         16 put: 1.870001e-05 sec 6.844917e+00 MB/s acc: 2.432592e-05 sec  5.261877e+00 MB/s
target =    2 size =         16 put: 1.860937e-05 sec 6.878256e+00 MB/s acc: 2.399342e-05 sec  5.334796e+00 MB/s
target =    3 size =         16 put: 1.854629e-05 sec 6.901648e+00 MB/s acc: 2.417043e-05 sec  5.295727e+00 MB/s
target =    4 size =         16 put: 1.860232e-05 sec 6.880863e+00 MB/s acc: 2.419101e-05 sec  5.291221e+00 MB/s
target =    5 size =         16 put: 1.856856e-05 sec 6.893374e+00 MB/s acc: 2.410713e-05 sec  5.309632e+00 MB/s
target =    6 size =         16 put: 1.844941e-05 sec 6.937893e+00 MB/s acc: 2.400311e-05 sec  5.332643e+00 MB/s
target =    7 size =         16 put: 1.855773e-05 sec 6.897395e+00 MB/s acc: 2.406161e-05 sec  5.319677e+00 MB/s
target =    8 size =         16 put: 1.847338e-05 sec 6.928891e+00 MB/s acc: 2.426384e-05 sec  5.275339e+00 MB/s
target =    9 size =         16 put: 1.841711e-05 sec 6.950060e+00 MB/s acc: 2.433667e-05 sec  5.259553e+00 MB/s
target =   10 size =         16 put: 1.849667e-05 sec 6.920165e+00 MB/s acc: 2.440856e-05 sec  5.244061e+00 MB/s
target =   11 size =         16 put: 1.844836e-05 sec 6.938288e+00 MB/s acc: 2.437381e-05 sec  5.251538e+00 MB/s
target =   12 size =         16 put: 1.859082e-05 sec 6.885119e+00 MB/s acc: 2.431222e-05 sec  5.264842e+00 MB/s
target =   13 size =         16 put: 1.850561e-05 sec 6.916823e+00 MB/s acc: 2.431007e-05 sec  5.265308e+00 MB/s
target =   14 size =         16 put: 1.844894e-05 sec 6.938067e+00 MB/s acc: 2.426842e-05 sec  5.274344e+00 MB/s
target =   15 size =         16 put: 1.853734e-05 sec 6.904983e+00 MB/s acc: 2.423633e-05 sec  5.281329e+00 MB/s
target =   16 size =         16 put: 2.154008e-05 sec 5.942410e+00 MB/s acc: 2.751083e-05 sec  4.652713e+00 MB/s
target =   17 size =         16 put: 2.164633e-05 sec 5.913242e+00 MB/s acc: 2.767967e-05 sec  4.624333e+00 MB/s
target =   18 size =         16 put: 2.159538e-05 sec 5.927193e+00 MB/s acc: 2.739778e-05 sec  4.671911e+00 MB/s
target =   19 size =         16 put: 2.157157e-05 sec 5.933735e+00 MB/s acc: 2.789773e-05 sec  4.588187e+00 MB/s
target =   20 size =         16 put: 2.160112e-05 sec 5.925619e+00 MB/s acc: 2.740057e-05 sec  4.671436e+00 MB/s
target =   21 size =         16 put: 2.155468e-05 sec 5.938385e+00 MB/s acc: 2.763313e-05 sec  4.632121e+00 MB/s
target =   22 size =         16 put: 2.164023e-05 sec 5.914911e+00 MB/s acc: 2.736299e-05 sec  4.677851e+00 MB/s
target =   23 size =         16 put: 2.170738e-05 sec 5.896613e+00 MB/s acc: 2.734781e-05 sec  4.680449e+00 MB/s
target =   24 size =         16 put: 2.176832e-05 sec 5.880105e+00 MB/s acc: 2.752153e-05 sec  4.650904e+00 MB/s
target =   25 size =         16 put: 2.162898e-05 sec 5.917986e+00 MB/s acc: 2.737777e-05 sec  4.675326e+00 MB/s
target =   26 size =         16 put: 2.156664e-05 sec 5.935091e+00 MB/s acc: 2.731707e-05 sec  4.685715e+00 MB/s
target =   27 size =         16 put: 2.170800e-05 sec 5.896444e+00 MB/s acc: 2.751627e-05 sec  4.651793e+00 MB/s
target =   28 size =         16 put: 2.164701e-05 sec 5.913058e+00 MB/s acc: 2.737936e-05 sec  4.675055e+00 MB/s
target =   29 size =         16 put: 2.162717e-05 sec 5.918482e+00 MB/s acc: 2.753224e-05 sec  4.649094e+00 MB/s
target =   30 size =         16 put: 2.162957e-05 sec 5.917825e+00 MB/s acc: 2.725906e-05 sec  4.695687e+00 MB/s
target =   31 size =         16 put: 2.151289e-05 sec 5.949920e+00 MB/s acc: 2.760498e-05 sec  4.636844e+00 MB/s
target =    0 size =         32 put: 1.366999e-05 sec 1.872716e+01 MB/s acc: 3.537708e-05 sec  7.236323e+00 MB/s
target =    1 size =         32 put: 2.018967e-05 sec 1.267975e+01 MB/s acc: 2.810155e-05 sec  9.109818e+00 MB/s
target =    2 size =         32 put: 2.029408e-05 sec 1.261452e+01 MB/s acc: 2.774203e-05 sec  9.227877e+00 MB/s
target =    3 size =         32 put: 2.054804e-05 sec 1.245861e+01 MB/s acc: 2.786609e-05 sec  9.186792e+00 MB/s
target =    4 size =         32 put: 2.030368e-05 sec 1.260855e+01 MB/s acc: 2.798376e-05 sec  9.148164e+00 MB/s
target =    5 size =         32 put: 2.036954e-05 sec 1.256778e+01 MB/s acc: 2.801114e-05 sec  9.139222e+00 MB/s
target =    6 size =         32 put: 2.017113e-05 sec 1.269141e+01 MB/s acc: 2.763214e-05 sec  9.264575e+00 MB/s
target =    7 size =         32 put: 2.034859e-05 sec 1.258072e+01 MB/s acc: 2.785566e-05 sec  9.190232e+00 MB/s
target =    8 size =         32 put: 2.016831e-05 sec 1.269318e+01 MB/s acc: 2.791497e-05 sec  9.170707e+00 MB/s
target =    9 size =         32 put: 2.016522e-05 sec 1.269513e+01 MB/s acc: 2.776849e-05 sec  9.219081e+00 MB/s
target =   10 size =         32 put: 2.024712e-05 sec 1.264377e+01 MB/s acc: 2.799157e-05 sec  9.145611e+00 MB/s
target =   11 size =         32 put: 2.021831e-05 sec 1.266179e+01 MB/s acc: 2.787454e-05 sec  9.184007e+00 MB/s
target =   12 size =         32 put: 2.045763e-05 sec 1.251367e+01 MB/s acc: 2.797408e-05 sec  9.151328e+00 MB/s
target =   13 size =         32 put: 2.030773e-05 sec 1.260604e+01 MB/s acc: 2.804989e-05 sec  9.126594e+00 MB/s
target =   14 size =         32 put: 2.022402e-05 sec 1.265821e+01 MB/s acc: 2.790114e-05 sec  9.175251e+00 MB/s
target =   15 size =         32 put: 2.030137e-05 sec 1.260999e+01 MB/s acc: 2.818707e-05 sec  9.082179e+00 MB/s
target =   16 size =         32 put: 2.352750e-05 sec 1.088088e+01 MB/s acc: 3.142756e-05 sec  8.145718e+00 MB/s
target =   17 size =         32 put: 2.371994e-05 sec 1.079261e+01 MB/s acc: 3.134176e-05 sec  8.168017e+00 MB/s
target =   18 size =         32 put: 2.358600e-05 sec 1.085390e+01 MB/s acc: 3.114324e-05 sec  8.220081e+00 MB/s
target =   19 size =         32 put: 2.360702e-05 sec 1.084423e+01 MB/s acc: 3.150474e-05 sec  8.125760e+00 MB/s
target =   20 size =         32 put: 2.355098e-05 sec 1.087004e+01 MB/s acc: 3.131096e-05 sec  8.176050e+00 MB/s
target =   21 size =         32 put: 2.363376e-05 sec 1.083196e+01 MB/s acc: 3.130983e-05 sec  8.176346e+00 MB/s
target =   22 size =         32 put: 2.361000e-05 sec 1.084286e+01 MB/s acc: 3.125547e-05 sec  8.190567e+00 MB/s
target =   23 size =         32 put: 2.373295e-05 sec 1.078669e+01 MB/s acc: 3.118164e-05 sec  8.209958e+00 MB/s
target =   24 size =         32 put: 2.368501e-05 sec 1.080853e+01 MB/s acc: 3.118427e-05 sec  8.209267e+00 MB/s
target =   25 size =         32 put: 2.343118e-05 sec 1.092561e+01 MB/s acc: 3.133488e-05 sec  8.169809e+00 MB/s
target =   26 size =         32 put: 2.363086e-05 sec 1.083329e+01 MB/s acc: 3.130541e-05 sec  8.177501e+00 MB/s
target =   27 size =         32 put: 2.356735e-05 sec 1.086249e+01 MB/s acc: 3.120877e-05 sec  8.202823e+00 MB/s
target =   28 size =         32 put: 2.356391e-05 sec 1.086407e+01 MB/s acc: 3.130877e-05 sec  8.176623e+00 MB/s
target =   29 size =         32 put: 2.360931e-05 sec 1.084318e+01 MB/s acc: 3.121409e-05 sec  8.201423e+00 MB/s
target =   30 size =         32 put: 2.362867e-05 sec 1.083430e+01 MB/s acc: 3.127109e-05 sec  8.186474e+00 MB/s
target =   31 size =         32 put: 2.368147e-05 sec 1.081014e+01 MB/s acc: 3.110881e-05 sec  8.229181e+00 MB/s
target =    0 size =         64 put: 1.394444e-05 sec 3.671715e+01 MB/s acc: 3.927547e-05 sec  1.303613e+01 MB/s
target =    1 size =         64 put: 2.005129e-05 sec 2.553451e+01 MB/s acc: 3.158043e-05 sec  1.621257e+01 MB/s
target =    2 size =         64 put: 2.003281e-05 sec 2.555808e+01 MB/s acc: 3.133389e-05 sec  1.634013e+01 MB/s
target =    3 size =         64 put: 2.007366e-05 sec 2.550607e+01 MB/s acc: 3.168178e-05 sec  1.616071e+01 MB/s
target =    4 size =         64 put: 2.012034e-05 sec 2.544688e+01 MB/s acc: 3.158082e-05 sec  1.621237e+01 MB/s
target =    5 size =         64 put: 2.006338e-05 sec 2.551913e+01 MB/s acc: 3.171592e-05 sec  1.614331e+01 MB/s
target =    6 size =         64 put: 2.002787e-05 sec 2.556438e+01 MB/s acc: 3.139514e-05 sec  1.630825e+01 MB/s
target =    7 size =         64 put: 2.014376e-05 sec 2.541730e+01 MB/s acc: 3.149783e-05 sec  1.625509e+01 MB/s
target =    8 size =         64 put: 1.995058e-05 sec 2.566341e+01 MB/s acc: 3.147531e-05 sec  1.626672e+01 MB/s
target =    9 size =         64 put: 1.997682e-05 sec 2.562970e+01 MB/s acc: 3.153357e-05 sec  1.623667e+01 MB/s
target =   10 size =         64 put: 2.007541e-05 sec 2.550384e+01 MB/s acc: 3.129794e-05 sec  1.635891e+01 MB/s
target =   11 size =         64 put: 2.004792e-05 sec 2.553880e+01 MB/s acc: 3.139589e-05 sec  1.630787e+01 MB/s
target =   12 size =         64 put: 2.019732e-05 sec 2.534990e+01 MB/s acc: 3.151223e-05 sec  1.624766e+01 MB/s
target =   13 size =         64 put: 2.020329e-05 sec 2.534240e+01 MB/s acc: 3.162444e-05 sec  1.619001e+01 MB/s
target =   14 size =         64 put: 2.025404e-05 sec 2.527890e+01 MB/s acc: 3.144919e-05 sec  1.628023e+01 MB/s
target =   15 size =         64 put: 2.004829e-05 sec 2.553833e+01 MB/s acc: 3.152409e-05 sec  1.624155e+01 MB/s
target =   16 size =         64 put: 2.352394e-05 sec 2.176506e+01 MB/s acc: 3.367332e-05 sec  1.520492e+01 MB/s
target =   17 size =         64 put: 2.349397e-05 sec 2.179283e+01 MB/s acc: 3.353213e-05 sec  1.526894e+01 MB/s
target =   18 size =         64 put: 2.349916e-05 sec 2.178801e+01 MB/s acc: 3.346233e-05 sec  1.530079e+01 MB/s
target =   19 size =         64 put: 2.354098e-05 sec 2.174931e+01 MB/s acc: 3.382231e-05 sec  1.513794e+01 MB/s
target =   20 size =         64 put: 2.357569e-05 sec 2.171729e+01 MB/s acc: 3.366947e-05 sec  1.520666e+01 MB/s
target =   21 size =         64 put: 2.338346e-05 sec 2.189582e+01 MB/s acc: 3.370267e-05 sec  1.519168e+01 MB/s
target =   22 size =         64 put: 2.345228e-05 sec 2.183156e+01 MB/s acc: 3.361289e-05 sec  1.523225e+01 MB/s
target =   23 size =         64 put: 2.347494e-05 sec 2.181049e+01 MB/s acc: 3.371816e-05 sec  1.518470e+01 MB/s
target =   24 size =         64 put: 2.365955e-05 sec 2.164031e+01 MB/s acc: 3.361372e-05 sec  1.523188e+01 MB/s
target =   25 size =         64 put: 2.356878e-05 sec 2.172365e+01 MB/s acc: 3.358129e-05 sec  1.524658e+01 MB/s
target =   26 size =         64 put: 2.348821e-05 sec 2.179817e+01 MB/s acc: 3.371763e-05 sec  1.518493e+01 MB/s
target =   27 size =         64 put: 2.357846e-05 sec 2.171473e+01 MB/s acc: 3.358121e-05 sec  1.524662e+01 MB/s
target =   28 size =         64 put: 2.359002e-05 sec 2.170409e+01 MB/s acc: 3.389347e-05 sec  1.510616e+01 MB/s
target =   29 size =         64 put: 2.353608e-05 sec 2.175383e+01 MB/s acc: 3.351759e-05 sec  1.527556e+01 MB/s
target =   30 size =         64 put: 2.341022e-05 sec 2.187079e+01 MB/s acc: 3.370299e-05 sec  1.519153e+01 MB/s
target =   31 size =         64 put: 2.342495e-05 sec 2.185704e+01 MB/s acc: 3.369118e-05 sec  1.519686e+01 MB/s
target =    0 size =        128 put: 1.407985e-05 sec 7.272805e+01 MB/s acc: 4.523622e-05 sec  2.263673e+01 MB/s
target =    1 size =        128 put: 1.857553e-05 sec 5.512628e+01 MB/s acc: 3.616259e-05 sec  2.831656e+01 MB/s
target =    2 size =        128 put: 1.854856e-05 sec 5.520643e+01 MB/s acc: 3.594041e-05 sec  2.849161e+01 MB/s
target =    3 size =        128 put: 1.869657e-05 sec 5.476941e+01 MB/s acc: 3.615975e-05 sec  2.831878e+01 MB/s
target =    4 size =        128 put: 1.854437e-05 sec 5.521892e+01 MB/s acc: 3.593703e-05 sec  2.849429e+01 MB/s
target =    5 size =        128 put: 1.860259e-05 sec 5.504609e+01 MB/s acc: 3.602669e-05 sec  2.842337e+01 MB/s
target =    6 size =        128 put: 1.852647e-05 sec 5.527227e+01 MB/s acc: 3.592324e-05 sec  2.850522e+01 MB/s
target =    7 size =        128 put: 1.860908e-05 sec 5.502690e+01 MB/s acc: 3.601576e-05 sec  2.843200e+01 MB/s
target =    8 size =        128 put: 1.851859e-05 sec 5.529579e+01 MB/s acc: 3.598686e-05 sec  2.845483e+01 MB/s
target =    9 size =        128 put: 1.845162e-05 sec 5.549649e+01 MB/s acc: 3.593542e-05 sec  2.849556e+01 MB/s
target =   10 size =        128 put: 1.846983e-05 sec 5.544176e+01 MB/s acc: 3.594754e-05 sec  2.848596e+01 MB/s
target =   11 size =        128 put: 1.847335e-05 sec 5.543120e+01 MB/s acc: 3.586837e-05 sec  2.854883e+01 MB/s
target =   12 size =        128 put: 1.877619e-05 sec 5.453714e+01 MB/s acc: 3.610828e-05 sec  2.835915e+01 MB/s
target =   13 size =        128 put: 1.857118e-05 sec 5.513921e+01 MB/s acc: 3.606260e-05 sec  2.839507e+01 MB/s
target =   14 size =        128 put: 1.854574e-05 sec 5.521483e+01 MB/s acc: 3.597116e-05 sec  2.846725e+01 MB/s
target =   15 size =        128 put: 1.853531e-05 sec 5.524590e+01 MB/s acc: 3.609539e-05 sec  2.836928e+01 MB/s
target =   16 size =        128 put: 2.150431e-05 sec 4.761836e+01 MB/s acc: 3.674718e-05 sec  2.786608e+01 MB/s
target =   17 size =        128 put: 2.172586e-05 sec 4.713277e+01 MB/s acc: 3.681013e-05 sec  2.781843e+01 MB/s
target =   18 size =        128 put: 2.158968e-05 sec 4.743007e+01 MB/s acc: 3.650863e-05 sec  2.804816e+01 MB/s
target =   19 size =        128 put: 2.166522e-05 sec 4.726468e+01 MB/s acc: 3.683126e-05 sec  2.780247e+01 MB/s
target =   20 size =        128 put: 2.152534e-05 sec 4.757183e+01 MB/s acc: 3.660828e-05 sec  2.797181e+01 MB/s
target =   21 size =        128 put: 2.151538e-05 sec 4.759386e+01 MB/s acc: 3.646358e-05 sec  2.808281e+01 MB/s
target =   22 size =        128 put: 2.154023e-05 sec 4.753895e+01 MB/s acc: 3.640047e-05 sec  2.813151e+01 MB/s
target =   23 size =        128 put: 2.173527e-05 sec 4.711237e+01 MB/s acc: 3.647343e-05 sec  2.807523e+01 MB/s
target =   24 size =        128 put: 2.155808e-05 sec 4.749960e+01 MB/s acc: 3.652749e-05 sec  2.803368e+01 MB/s
target =   25 size =        128 put: 2.150464e-05 sec 4.761762e+01 MB/s acc: 3.645558e-05 sec  2.808898e+01 MB/s
target =   26 size =        128 put: 2.162008e-05 sec 4.736337e+01 MB/s acc: 3.661121e-05 sec  2.796958e+01 MB/s
target =   27 size =        128 put: 2.156996e-05 sec 4.747344e+01 MB/s acc: 3.648628e-05 sec  2.806534e+01 MB/s
target =   28 size =        128 put: 2.161442e-05 sec 4.737578e+01 MB/s acc: 3.661967e-05 sec  2.796311e+01 MB/s
target =   29 size =        128 put: 2.158668e-05 sec 4.743666e+01 MB/s acc: 3.638534e-05 sec  2.814320e+01 MB/s
target =   30 size =        128 put: 2.148539e-05 sec 4.766030e+01 MB/s acc: 3.652697e-05 sec  2.803408e+01 MB/s
target =   31 size =        128 put: 2.155172e-05 sec 4.751361e+01 MB/s acc: 3.658151e-05 sec  2.799229e+01 MB/s
target =    0 size =        256 put: 1.445219e-05 sec 1.417086e+02 MB/s acc: 6.142301e-05 sec  3.334256e+01 MB/s
target =    1 size =        256 put: 1.856984e-05 sec 1.102864e+02 MB/s acc: 5.011371e-05 sec  4.086706e+01 MB/s
target =    2 size =        256 put: 1.853914e-05 sec 1.104690e+02 MB/s acc: 5.011506e-05 sec  4.086596e+01 MB/s
target =    3 size =        256 put: 1.864399e-05 sec 1.098477e+02 MB/s acc: 5.015894e-05 sec  4.083021e+01 MB/s
target =    4 size =        256 put: 1.845861e-05 sec 1.109510e+02 MB/s acc: 5.029597e-05 sec  4.071897e+01 MB/s
target =    5 size =        256 put: 1.857815e-05 sec 1.102370e+02 MB/s acc: 5.014042e-05 sec  4.084529e+01 MB/s
target =    6 size =        256 put: 1.843992e-05 sec 1.110634e+02 MB/s acc: 5.002586e-05 sec  4.093882e+01 MB/s
target =    7 size =        256 put: 1.848688e-05 sec 1.107813e+02 MB/s acc: 5.013796e-05 sec  4.084729e+01 MB/s
target =    8 size =        256 put: 1.857416e-05 sec 1.102607e+02 MB/s acc: 5.034397e-05 sec  4.068015e+01 MB/s
target =    9 size =        256 put: 1.847401e-05 sec 1.108585e+02 MB/s acc: 5.012769e-05 sec  4.085566e+01 MB/s
target =   10 size =        256 put: 1.844959e-05 sec 1.110052e+02 MB/s acc: 5.016084e-05 sec  4.082866e+01 MB/s
target =   11 size =        256 put: 1.860279e-05 sec 1.100910e+02 MB/s acc: 5.015336e-05 sec  4.083475e+01 MB/s
target =   12 size =        256 put: 1.862426e-05 sec 1.099641e+02 MB/s acc: 5.026861e-05 sec  4.074113e+01 MB/s
target =   13 size =        256 put: 1.843897e-05 sec 1.110691e+02 MB/s acc: 5.024053e-05 sec  4.076390e+01 MB/s
target =   14 size =        256 put: 1.842894e-05 sec 1.111296e+02 MB/s acc: 5.031144e-05 sec  4.070644e+01 MB/s
target =   15 size =        256 put: 1.851132e-05 sec 1.106350e+02 MB/s acc: 5.024368e-05 sec  4.076134e+01 MB/s
target =   16 size =        256 put: 2.144324e-05 sec 9.550794e+01 MB/s acc: 4.746559e-05 sec  4.314704e+01 MB/s
target =   17 size =        256 put: 2.161288e-05 sec 9.475831e+01 MB/s acc: 4.765609e-05 sec  4.297457e+01 MB/s
target =   18 size =        256 put: 2.154097e-05 sec 9.507465e+01 MB/s acc: 4.761266e-05 sec  4.301377e+01 MB/s
target =   19 size =        256 put: 2.152668e-05 sec 9.513775e+01 MB/s acc: 4.758631e-05 sec  4.303759e+01 MB/s
target =   20 size =        256 put: 2.155640e-05 sec 9.500659e+01 MB/s acc: 4.743268e-05 sec  4.317698e+01 MB/s
target =   21 size =        256 put: 2.144073e-05 sec 9.551913e+01 MB/s acc: 4.764609e-05 sec  4.298359e+01 MB/s
target =   22 size =        256 put: 2.151602e-05 sec 9.518490e+01 MB/s acc: 4.754173e-05 sec  4.307794e+01 MB/s
target =   23 size =        256 put: 2.153951e-05 sec 9.508110e+01 MB/s acc: 4.739542e-05 sec  4.321093e+01 MB/s
target =   24 size =        256 put: 2.145504e-05 sec 9.545541e+01 MB/s acc: 4.760627e-05 sec  4.301954e+01 MB/s
target =   25 size =        256 put: 2.160936e-05 sec 9.477376e+01 MB/s acc: 4.757772e-05 sec  4.304536e+01 MB/s
target =   26 size =        256 put: 2.158748e-05 sec 9.486980e+01 MB/s acc: 4.759188e-05 sec  4.303255e+01 MB/s
target =   27 size =        256 put: 2.141882e-05 sec 9.561685e+01 MB/s acc: 4.750856e-05 sec  4.310802e+01 MB/s
target =   28 size =        256 put: 2.158916e-05 sec 9.486244e+01 MB/s acc: 4.768011e-05 sec  4.295292e+01 MB/s
target =   29 size =        256 put: 2.151074e-05 sec 9.520824e+01 MB/s acc: 4.755072e-05 sec  4.306980e+01 MB/s
target =   30 size =        256 put: 2.146596e-05 sec 9.540688e+01 MB/s acc: 4.751488e-05 sec  4.310229e+01 MB/s
target =   31 size =        256 put: 2.153013e-05 sec 9.512250e+01 MB/s acc: 4.763676e-05 sec  4.299201e+01 MB/s
target =    0 size =        512 put: 1.511499e-05 sec 2.709893e+02 MB/s acc: 9.315937e-05 sec  4.396767e+01 MB/s
target =    1 size =        512 put: 1.853771e-05 sec 2.209551e+02 MB/s acc: 7.845052e-05 sec  5.221125e+01 MB/s
target =    2 size =        512 put: 1.854998e-05 sec 2.208088e+02 MB/s acc: 7.829681e-05 sec  5.231376e+01 MB/s
target =    3 size =        512 put: 1.853964e-05 sec 2.209320e+02 MB/s acc: 7.828351e-05 sec  5.232264e+01 MB/s
target =    4 size =        512 put: 1.858318e-05 sec 2.204144e+02 MB/s acc: 7.826208e-05 sec  5.233697e+01 MB/s
target =    5 size =        512 put: 1.854536e-05 sec 2.208638e+02 MB/s acc: 7.860906e-05 sec  5.210596e+01 MB/s
target =    6 size =        512 put: 1.851038e-05 sec 2.212812e+02 MB/s acc: 7.816693e-05 sec  5.240068e+01 MB/s
target =    7 size =        512 put: 1.851597e-05 sec 2.212145e+02 MB/s acc: 7.845221e-05 sec  5.221013e+01 MB/s
target =    8 size =        512 put: 1.858825e-05 sec 2.203543e+02 MB/s acc: 7.840927e-05 sec  5.223872e+01 MB/s
target =    9 size =        512 put: 1.852248e-05 sec 2.211367e+02 MB/s acc: 7.826672e-05 sec  5.233386e+01 MB/s
target =   10 size =        512 put: 1.855058e-05 sec 2.208018e+02 MB/s acc: 7.834771e-05 sec  5.227977e+01 MB/s
target =   11 size =        512 put: 1.858087e-05 sec 2.204418e+02 MB/s acc: 7.824129e-05 sec  5.235087e+01 MB/s
target =   12 size =        512 put: 1.861493e-05 sec 2.200384e+02 MB/s acc: 7.840709e-05 sec  5.224018e+01 MB/s
target =   13 size =        512 put: 1.852272e-05 sec 2.211338e+02 MB/s acc: 7.824621e-05 sec  5.234759e+01 MB/s
target =   14 size =        512 put: 1.858731e-05 sec 2.203654e+02 MB/s acc: 7.841356e-05 sec  5.223587e+01 MB/s
target =   15 size =        512 put: 1.851817e-05 sec 2.211882e+02 MB/s acc: 7.847477e-05 sec  5.219512e+01 MB/s
target =   16 size =        512 put: 2.144227e-05 sec 1.910246e+02 MB/s acc: 6.932839e-05 sec  5.908113e+01 MB/s
target =   17 size =        512 put: 2.160500e-05 sec 1.895857e+02 MB/s acc: 6.949147e-05 sec  5.894249e+01 MB/s
target =   18 size =        512 put: 2.156906e-05 sec 1.899017e+02 MB/s acc: 6.952657e-05 sec  5.891273e+01 MB/s
target =   19 size =        512 put: 2.168162e-05 sec 1.889158e+02 MB/s acc: 6.966643e-05 sec  5.879446e+01 MB/s
target =   20 size =        512 put: 2.145289e-05 sec 1.909300e+02 MB/s acc: 6.959427e-05 sec  5.885542e+01 MB/s
target =   21 size =        512 put: 2.151692e-05 sec 1.903618e+02 MB/s acc: 6.926953e-05 sec  5.913134e+01 MB/s
target =   22 size =        512 put: 2.161797e-05 sec 1.894720e+02 MB/s acc: 6.965907e-05 sec  5.880067e+01 MB/s
target =   23 size =        512 put: 2.145827e-05 sec 1.908821e+02 MB/s acc: 6.929324e-05 sec  5.911110e+01 MB/s
target =   24 size =        512 put: 2.146321e-05 sec 1.908382e+02 MB/s acc: 6.924694e-05 sec  5.915062e+01 MB/s
target =   25 size =        512 put: 2.150257e-05 sec 1.904889e+02 MB/s acc: 6.941767e-05 sec  5.900515e+01 MB/s
target =   26 size =        512 put: 2.162831e-05 sec 1.893814e+02 MB/s acc: 6.949209e-05 sec  5.894196e+01 MB/s
target =   27 size =        512 put: 2.168835e-05 sec 1.888572e+02 MB/s acc: 6.951316e-05 sec  5.892410e+01 MB/s
target =   28 size =        512 put: 2.150122e-05 sec 1.905008e+02 MB/s acc: 6.907721e-05 sec  5.929597e+01 MB/s
target =   29 size =        512 put: 2.172092e-05 sec 1.885740e+02 MB/s acc: 6.923654e-05 sec  5.915951e+01 MB/s
target =   30 size =        512 put: 2.159423e-05 sec 1.896803e+02 MB/s acc: 6.904357e-05 sec  5.932486e+01 MB/s
target =   31 size =        512 put: 2.164253e-05 sec 1.892570e+02 MB/s acc: 6.949283e-05 sec  5.894133e+01 MB/s
target =    0 size =       1024 put: 1.742680e-05 sec 4.700806e+02 MB/s acc: 1.553385e-04 sec  5.273644e+01 MB/s
target =    1 size =       1024 put: 1.867236e-05 sec 4.387234e+02 MB/s acc: 1.337175e-04 sec  6.126347e+01 MB/s
target =    2 size =       1024 put: 1.858112e-05 sec 4.408777e+02 MB/s acc: 1.335555e-04 sec  6.133779e+01 MB/s
target =    3 size =       1024 put: 1.873067e-05 sec 4.373576e+02 MB/s acc: 1.332258e-04 sec  6.148960e+01 MB/s
target =    4 size =       1024 put: 1.862678e-05 sec 4.397969e+02 MB/s acc: 1.331596e-04 sec  6.152015e+01 MB/s
target =    5 size =       1024 put: 1.860794e-05 sec 4.402422e+02 MB/s acc: 1.332096e-04 sec  6.149705e+01 MB/s
target =    6 size =       1024 put: 1.850655e-05 sec 4.426541e+02 MB/s acc: 1.330103e-04 sec  6.158920e+01 MB/s
target =    7 size =       1024 put: 1.869791e-05 sec 4.381239e+02 MB/s acc: 1.333187e-04 sec  6.144675e+01 MB/s
target =    8 size =       1024 put: 1.862278e-05 sec 4.398913e+02 MB/s acc: 1.333056e-04 sec  6.145278e+01 MB/s
target =    9 size =       1024 put: 1.854064e-05 sec 4.418401e+02 MB/s acc: 1.333160e-04 sec  6.144800e+01 MB/s
target =   10 size =       1024 put: 1.860532e-05 sec 4.403042e+02 MB/s acc: 1.334599e-04 sec  6.138174e+01 MB/s
target =   11 size =       1024 put: 1.859732e-05 sec 4.404936e+02 MB/s acc: 1.334071e-04 sec  6.140602e+01 MB/s
target =   12 size =       1024 put: 1.872672e-05 sec 4.374498e+02 MB/s acc: 1.334351e-04 sec  6.139313e+01 MB/s
target =   13 size =       1024 put: 1.862843e-05 sec 4.397581e+02 MB/s acc: 1.334346e-04 sec  6.139339e+01 MB/s
target =   14 size =       1024 put: 1.867344e-05 sec 4.386979e+02 MB/s acc: 1.334967e-04 sec  6.136480e+01 MB/s
target =   15 size =       1024 put: 1.853751e-05 sec 4.419149e+02 MB/s acc: 1.336582e-04 sec  6.129069e+01 MB/s
target =   16 size =       1024 put: 2.414341e-05 sec 3.393059e+02 MB/s acc: 1.128966e-04 sec  7.256200e+01 MB/s
target =   17 size =       1024 put: 2.418679e-05 sec 3.386972e+02 MB/s acc: 1.131384e-04 sec  7.240686e+01 MB/s
target =   18 size =       1024 put: 2.411762e-05 sec 3.396687e+02 MB/s acc: 1.130415e-04 sec  7.246898e+01 MB/s
target =   19 size =       1024 put: 2.432172e-05 sec 3.368183e+02 MB/s acc: 1.130232e-04 sec  7.248070e+01 MB/s
target =   20 size =       1024 put: 2.422000e-05 sec 3.382329e+02 MB/s acc: 1.132536e-04 sec  7.233323e+01 MB/s
target =   21 size =       1024 put: 2.435678e-05 sec 3.363334e+02 MB/s acc: 1.131333e-04 sec  7.241014e+01 MB/s
target =   22 size =       1024 put: 2.428294e-05 sec 3.373562e+02 MB/s acc: 1.131287e-04 sec  7.241312e+01 MB/s
target =   23 size =       1024 put: 2.432296e-05 sec 3.368012e+02 MB/s acc: 1.133259e-04 sec  7.228711e+01 MB/s
target =   24 size =       1024 put: 2.434527e-05 sec 3.364925e+02 MB/s acc: 1.132894e-04 sec  7.231039e+01 MB/s
target =   25 size =       1024 put: 2.430429e-05 sec 3.370598e+02 MB/s acc: 1.133588e-04 sec  7.226609e+01 MB/s
target =   26 size =       1024 put: 2.435793e-05 sec 3.363176e+02 MB/s acc: 1.128929e-04 sec  7.256435e+01 MB/s
target =   27 size =       1024 put: 2.420584e-05 sec 3.384308e+02 MB/s acc: 1.136036e-04 sec  7.211039e+01 MB/s
target =   28 size =       1024 put: 2.418670e-05 sec 3.386985e+02 MB/s acc: 1.131118e-04 sec  7.242392e+01 MB/s
target =   29 size =       1024 put: 2.432896e-05 sec 3.367181e+02 MB/s acc: 1.135276e-04 sec  7.215867e+01 MB/s
target =   30 size =       1024 put: 2.433724e-05 sec 3.366034e+02 MB/s acc: 1.132335e-04 sec  7.234610e+01 MB/s
target =   31 size =       1024 put: 2.425711e-05 sec 3.377154e+02 MB/s acc: 1.130735e-04 sec  7.244842e+01 MB/s
target =    0 size =       2048 put: 2.069195e-05 sec 7.918055e+02 MB/s acc: 2.834361e-04 sec  5.780492e+01 MB/s
target =    1 size =       2048 put: 2.007441e-05 sec 8.161636e+02 MB/s acc: 2.431327e-04 sec  6.738706e+01 MB/s
target =    2 size =       2048 put: 1.997303e-05 sec 8.203061e+02 MB/s acc: 2.428199e-04 sec  6.747389e+01 MB/s
target =    3 size =       2048 put: 1.993291e-05 sec 8.219572e+02 MB/s acc: 2.423984e-04 sec  6.759120e+01 MB/s
target =    4 size =       2048 put: 1.995149e-05 sec 8.211916e+02 MB/s acc: 2.422226e-04 sec  6.764026e+01 MB/s
target =    5 size =       2048 put: 1.995877e-05 sec 8.208923e+02 MB/s acc: 2.421697e-04 sec  6.765505e+01 MB/s
target =    6 size =       2048 put: 1.987693e-05 sec 8.242721e+02 MB/s acc: 2.421084e-04 sec  6.767218e+01 MB/s
target =    7 size =       2048 put: 1.991638e-05 sec 8.226394e+02 MB/s acc: 2.422501e-04 sec  6.763258e+01 MB/s
target =    8 size =       2048 put: 1.986057e-05 sec 8.249509e+02 MB/s acc: 2.421561e-04 sec  6.765884e+01 MB/s
target =    9 size =       2048 put: 1.988964e-05 sec 8.237453e+02 MB/s acc: 2.422805e-04 sec  6.762411e+01 MB/s
target =   10 size =       2048 put: 2.003174e-05 sec 8.179018e+02 MB/s acc: 2.421149e-04 sec  6.767035e+01 MB/s
target =   11 size =       2048 put: 1.986265e-05 sec 8.248648e+02 MB/s acc: 2.422623e-04 sec  6.762918e+01 MB/s
target =   12 size =       2048 put: 1.997694e-05 sec 8.201455e+02 MB/s acc: 2.425544e-04 sec  6.754775e+01 MB/s
target =   13 size =       2048 put: 1.980317e-05 sec 8.273423e+02 MB/s acc: 2.425856e-04 sec  6.753904e+01 MB/s
target =   14 size =       2048 put: 1.989721e-05 sec 8.234319e+02 MB/s acc: 2.426178e-04 sec  6.753009e+01 MB/s
target =   15 size =       2048 put: 1.991834e-05 sec 8.225584e+02 MB/s acc: 2.430550e-04 sec  6.740860e+01 MB/s
target =   16 size =       2048 put: 2.892638e-05 sec 5.664034e+02 MB/s acc: 1.980305e-04 sec  8.273474e+01 MB/s
target =   17 size =       2048 put: 2.892077e-05 sec 5.665133e+02 MB/s acc: 1.979463e-04 sec  8.276991e+01 MB/s
target =   18 size =       2048 put: 2.917874e-05 sec 5.615046e+02 MB/s acc: 1.980616e-04 sec  8.272175e+01 MB/s
target =   19 size =       2048 put: 2.919651e-05 sec 5.611630e+02 MB/s acc: 1.979803e-04 sec  8.275569e+01 MB/s
target =   20 size =       2048 put: 2.920228e-05 sec 5.610521e+02 MB/s acc: 1.978999e-04 sec  8.278935e+01 MB/s
target =   21 size =       2048 put: 2.903245e-05 sec 5.643340e+02 MB/s acc: 1.977929e-04 sec  8.283411e+01 MB/s
target =   22 size =       2048 put: 2.907711e-05 sec 5.634673e+02 MB/s acc: 1.979174e-04 sec  8.278199e+01 MB/s
target =   23 size =       2048 put: 2.916773e-05 sec 5.617168e+02 MB/s acc: 1.978378e-04 sec  8.281532e+01 MB/s
target =   24 size =       2048 put: 2.917288e-05 sec 5.616175e+02 MB/s acc: 1.983999e-04 sec  8.258068e+01 MB/s
target =   25 size =       2048 put: 2.902817e-05 sec 5.644172e+02 MB/s acc: 1.979861e-04 sec  8.275327e+01 MB/s
target =   26 size =       2048 put: 2.919427e-05 sec 5.612060e+02 MB/s acc: 1.980729e-04 sec  8.271701e+01 MB/s
target =   27 size =       2048 put: 2.899344e-05 sec 5.650934e+02 MB/s acc: 1.981934e-04 sec  8.266672e+01 MB/s
target =   28 size =       2048 put: 2.924586e-05 sec 5.602161e+02 MB/s acc: 1.983501e-04 sec  8.260142e+01 MB/s
target =   29 size =       2048 put: 2.923368e-05 sec 5.604494e+02 MB/s acc: 1.981719e-04 sec  8.267572e+01 MB/s
target =   30 size =       2048 put: 2.920599e-05 sec 5.609807e+02 MB/s acc: 1.979957e-04 sec  8.274928e+01 MB/s
target =   31 size =       2048 put: 2.891840e-05 sec 5.665597e+02 MB/s acc: 1.980719e-04 sec  8.271743e+01 MB/s
target =    0 size =       4096 put: 2.224436e-05 sec 1.473092e+03 MB/s acc: 5.362945e-04 sec  6.110075e+01 MB/s
target =    1 size =       4096 put: 2.157067e-05 sec 1.519100e+03 MB/s acc: 4.676782e-04 sec  7.006528e+01 MB/s
target =    2 size =       4096 put: 2.137767e-05 sec 1.532814e+03 MB/s acc: 4.669334e-04 sec  7.017703e+01 MB/s
target =    3 size =       4096 put: 2.146276e-05 sec 1.526738e+03 MB/s acc: 4.662417e-04 sec  7.028114e+01 MB/s
target =    4 size =       4096 put: 2.133569e-05 sec 1.535831e+03 MB/s acc: 4.655685e-04 sec  7.038276e+01 MB/s
target =    5 size =       4096 put: 2.141456e-05 sec 1.530174e+03 MB/s acc: 4.659288e-04 sec  7.032834e+01 MB/s
target =    6 size =       4096 put: 2.141657e-05 sec 1.530030e+03 MB/s acc: 4.648397e-04 sec  7.049312e+01 MB/s
target =    7 size =       4096 put: 2.129448e-05 sec 1.538803e+03 MB/s acc: 4.654372e-04 sec  7.040263e+01 MB/s
target =    8 size =       4096 put: 2.146416e-05 sec 1.526638e+03 MB/s acc: 4.649080e-04 sec  7.048276e+01 MB/s
target =    9 size =       4096 put: 2.131894e-05 sec 1.537037e+03 MB/s acc: 4.652496e-04 sec  7.043101e+01 MB/s
target =   10 size =       4096 put: 2.136199e-05 sec 1.533939e+03 MB/s acc: 4.649778e-04 sec  7.047218e+01 MB/s
target =   11 size =       4096 put: 2.126625e-05 sec 1.540845e+03 MB/s acc: 4.652170e-04 sec  7.043595e+01 MB/s
target =   12 size =       4096 put: 2.128431e-05 sec 1.539538e+03 MB/s acc: 4.656993e-04 sec  7.036300e+01 MB/s
target =   13 size =       4096 put: 2.137370e-05 sec 1.533099e+03 MB/s acc: 4.659593e-04 sec  7.032374e+01 MB/s
target =   14 size =       4096 put: 2.132354e-05 sec 1.536705e+03 MB/s acc: 4.659393e-04 sec  7.032675e+01 MB/s
target =   15 size =       4096 put: 2.128830e-05 sec 1.539249e+03 MB/s acc: 4.667899e-04 sec  7.019861e+01 MB/s
target =   16 size =       4096 put: 3.825313e-05 sec 8.566096e+02 MB/s acc: 3.657276e-04 sec  8.959673e+01 MB/s
target =   17 size =       4096 put: 3.843204e-05 sec 8.526218e+02 MB/s acc: 3.659509e-04 sec  8.954207e+01 MB/s
target =   18 size =       4096 put: 3.841724e-05 sec 8.529504e+02 MB/s acc: 3.662025e-04 sec  8.948055e+01 MB/s
target =   19 size =       4096 put: 3.825435e-05 sec 8.565823e+02 MB/s acc: 3.657875e-04 sec  8.958207e+01 MB/s
target =   20 size =       4096 put: 3.826801e-05 sec 8.562765e+02 MB/s acc: 3.658595e-04 sec  8.956444e+01 MB/s
target =   21 size =       4096 put: 3.832144e-05 sec 8.550826e+02 MB/s acc: 3.655751e-04 sec  8.963412e+01 MB/s
target =   22 size =       4096 put: 3.847383e-05 sec 8.516958e+02 MB/s acc: 3.659612e-04 sec  8.953955e+01 MB/s
target =   23 size =       4096 put: 3.805581e-05 sec 8.610513e+02 MB/s acc: 3.655593e-04 sec  8.963799e+01 MB/s
target =   24 size =       4096 put: 3.823604e-05 sec 8.569924e+02 MB/s acc: 3.664940e-04 sec  8.940938e+01 MB/s
target =   25 size =       4096 put: 3.815456e-05 sec 8.588227e+02 MB/s acc: 3.660430e-04 sec  8.951954e+01 MB/s
target =   26 size =       4096 put: 3.834823e-05 sec 8.544853e+02 MB/s acc: 3.661824e-04 sec  8.948546e+01 MB/s
target =   27 size =       4096 put: 3.839202e-05 sec 8.535107e+02 MB/s acc: 3.659939e-04 sec  8.953155e+01 MB/s
target =   28 size =       4096 put: 3.816813e-05 sec 8.585173e+02 MB/s acc: 3.662757e-04 sec  8.946266e+01 MB/s
target =   29 size =       4096 put: 3.852548e-05 sec 8.505541e+02 MB/s acc: 3.660360e-04 sec  8.952125e+01 MB/s
target =   30 size =       4096 put: 3.844635e-05 sec 8.523046e+02 MB/s acc: 3.663178e-04 sec  8.945239e+01 MB/s
target =   31 size =       4096 put: 3.843873e-05 sec 8.524735e+02 MB/s acc: 3.665127e-04 sec  8.940482e+01 MB/s
target =    0 size =       8192 put: 2.536576e-05 sec 2.583640e+03 MB/s acc: 1.041159e-03 sec  6.294521e+01 MB/s
target =    1 size =       8192 put: 2.490070e-05 sec 2.631894e+03 MB/s acc: 9.169935e-04 sec  7.146834e+01 MB/s
target =    2 size =       8192 put: 2.458405e-05 sec 2.665793e+03 MB/s acc: 9.150788e-04 sec  7.161787e+01 MB/s
target =    3 size =       8192 put: 2.474321e-05 sec 2.648646e+03 MB/s acc: 9.143633e-04 sec  7.167392e+01 MB/s
target =    4 size =       8192 put: 2.470239e-05 sec 2.653022e+03 MB/s acc: 9.122173e-04 sec  7.184253e+01 MB/s
target =    5 size =       8192 put: 2.477147e-05 sec 2.645624e+03 MB/s acc: 9.135252e-04 sec  7.173968e+01 MB/s
target =    6 size =       8192 put: 2.474643e-05 sec 2.648301e+03 MB/s acc: 9.106392e-04 sec  7.196703e+01 MB/s
target =    7 size =       8192 put: 2.470409e-05 sec 2.652840e+03 MB/s acc: 9.123346e-04 sec  7.183329e+01 MB/s
target =    8 size =       8192 put: 2.464322e-05 sec 2.659393e+03 MB/s acc: 9.107494e-04 sec  7.195832e+01 MB/s
target =    9 size =       8192 put: 2.475232e-05 sec 2.647670e+03 MB/s acc: 9.122021e-04 sec  7.184373e+01 MB/s
target =   10 size =       8192 put: 2.469412e-05 sec 2.653911e+03 MB/s acc: 9.109969e-04 sec  7.193878e+01 MB/s
target =   11 size =       8192 put: 2.467220e-05 sec 2.656269e+03 MB/s acc: 9.120737e-04 sec  7.185384e+01 MB/s
target =   12 size =       8192 put: 2.479221e-05 sec 2.643411e+03 MB/s acc: 9.123831e-04 sec  7.182948e+01 MB/s
target =   13 size =       8192 put: 2.462330e-05 sec 2.661544e+03 MB/s acc: 9.136948e-04 sec  7.172635e+01 MB/s
target =   14 size =       8192 put: 2.464537e-05 sec 2.659161e+03 MB/s acc: 9.131461e-04 sec  7.176946e+01 MB/s
target =   15 size =       8192 put: 2.468943e-05 sec 2.654415e+03 MB/s acc: 9.148335e-04 sec  7.163708e+01 MB/s
target =   16 size =       8192 put: 5.610248e-05 sec 1.168148e+03 MB/s acc: 7.012012e-04 sec  9.346248e+01 MB/s
target =   17 size =       8192 put: 5.623578e-05 sec 1.165379e+03 MB/s acc: 7.018130e-04 sec  9.338100e+01 MB/s
target =   18 size =       8192 put: 5.601344e-05 sec 1.170005e+03 MB/s acc: 7.015506e-04 sec  9.341592e+01 MB/s
target =   19 size =       8192 put: 5.606449e-05 sec 1.168940e+03 MB/s acc: 7.016751e-04 sec  9.339936e+01 MB/s
target =   20 size =       8192 put: 5.640352e-05 sec 1.161913e+03 MB/s acc: 7.015415e-04 sec  9.341714e+01 MB/s
target =   21 size =       8192 put: 5.615104e-05 sec 1.167138e+03 MB/s acc: 7.014586e-04 sec  9.342818e+01 MB/s
target =   22 size =       8192 put: 5.610962e-05 sec 1.167999e+03 MB/s acc: 7.013933e-04 sec  9.343688e+01 MB/s
target =   23 size =       8192 put: 5.619407e-05 sec 1.166244e+03 MB/s acc: 7.014759e-04 sec  9.342588e+01 MB/s
target =   24 size =       8192 put: 5.634573e-05 sec 1.163105e+03 MB/s acc: 7.021577e-04 sec  9.333515e+01 MB/s
target =   25 size =       8192 put: 5.626524e-05 sec 1.164769e+03 MB/s acc: 7.020586e-04 sec  9.334834e+01 MB/s
target =   26 size =       8192 put: 5.600784e-05 sec 1.170122e+03 MB/s acc: 7.020649e-04 sec  9.334750e+01 MB/s
target =   27 size =       8192 put: 5.631807e-05 sec 1.163676e+03 MB/s acc: 7.022779e-04 sec  9.331918e+01 MB/s
target =   28 size =       8192 put: 5.618180e-05 sec 1.166499e+03 MB/s acc: 7.022910e-04 sec  9.331744e+01 MB/s
target =   29 size =       8192 put: 5.632298e-05 sec 1.163575e+03 MB/s acc: 7.022477e-04 sec  9.332320e+01 MB/s
target =   30 size =       8192 put: 5.629604e-05 sec 1.164132e+03 MB/s acc: 7.020581e-04 sec  9.334840e+01 MB/s
target =   31 size =       8192 put: 5.597481e-05 sec 1.170812e+03 MB/s acc: 7.022462e-04 sec  9.332339e+01 MB/s
target =    0 size =      16384 put: 3.184805e-05 sec 4.115542e+03 MB/s acc: 2.050959e-03 sec  6.390767e+01 MB/s
target =    1 size =      16384 put: 3.136964e-05 sec 4.178307e+03 MB/s acc: 1.815083e-03 sec  7.221266e+01 MB/s
target =    2 size =      16384 put: 3.144331e-05 sec 4.168518e+03 MB/s acc: 1.811055e-03 sec  7.237329e+01 MB/s
target =    3 size =      16384 put: 3.153961e-05 sec 4.155791e+03 MB/s acc: 1.809472e-03 sec  7.243661e+01 MB/s
target =    4 size =      16384 put: 3.144661e-05 sec 4.168081e+03 MB/s acc: 1.805035e-03 sec  7.261467e+01 MB/s
target =    5 size =      16384 put: 3.138441e-05 sec 4.176341e+03 MB/s acc: 1.808405e-03 sec  7.247935e+01 MB/s
target =    6 size =      16384 put: 3.127480e-05 sec 4.190978e+03 MB/s acc: 1.802152e-03 sec  7.273081e+01 MB/s
target =    7 size =      16384 put: 3.164622e-05 sec 4.141789e+03 MB/s acc: 1.805741e-03 sec  7.258625e+01 MB/s
target =    8 size =      16384 put: 3.135743e-05 sec 4.179934e+03 MB/s acc: 1.802075e-03 sec  7.273393e+01 MB/s
target =    9 size =      16384 put: 3.130091e-05 sec 4.187482e+03 MB/s acc: 1.805104e-03 sec  7.261189e+01 MB/s
target =   10 size =      16384 put: 3.143889e-05 sec 4.169104e+03 MB/s acc: 1.802219e-03 sec  7.272812e+01 MB/s
target =   11 size =      16384 put: 3.136769e-05 sec 4.178568e+03 MB/s acc: 1.805565e-03 sec  7.259333e+01 MB/s
target =   12 size =      16384 put: 3.131054e-05 sec 4.186194e+03 MB/s acc: 1.805427e-03 sec  7.259889e+01 MB/s
target =   13 size =      16384 put: 3.136856e-05 sec 4.178452e+03 MB/s acc: 1.808131e-03 sec  7.249032e+01 MB/s
target =   14 size =      16384 put: 3.138392e-05 sec 4.176406e+03 MB/s acc: 1.807134e-03 sec  7.253031e+01 MB/s
target =   15 size =      16384 put: 3.125966e-05 sec 4.193008e+03 MB/s acc: 1.810393e-03 sec  7.239976e+01 MB/s
target =   16 size =      16384 put: 9.307561e-05 sec 1.408231e+03 MB/s acc: 1.372285e-03 sec  9.551366e+01 MB/s
target =   17 size =      16384 put: 9.339672e-05 sec 1.403390e+03 MB/s acc: 1.372721e-03 sec  9.548332e+01 MB/s
target =   18 size =      16384 put: 9.345218e-05 sec 1.402557e+03 MB/s acc: 1.372412e-03 sec  9.550484e+01 MB/s
target =   19 size =      16384 put: 9.335966e-05 sec 1.403947e+03 MB/s acc: 1.372466e-03 sec  9.550111e+01 MB/s
target =   20 size =      16384 put: 9.338237e-05 sec 1.403605e+03 MB/s acc: 1.372552e-03 sec  9.549507e+01 MB/s
target =   21 size =      16384 put: 9.327319e-05 sec 1.405248e+03 MB/s acc: 1.372414e-03 sec  9.550470e+01 MB/s
target =   22 size =      16384 put: 9.344254e-05 sec 1.402702e+03 MB/s acc: 1.372440e-03 sec  9.550290e+01 MB/s
target =   23 size =      16384 put: 9.312937e-05 sec 1.407419e+03 MB/s acc: 1.372382e-03 sec  9.550691e+01 MB/s
target =   24 size =      16384 put: 9.340993e-05 sec 1.403191e+03 MB/s acc: 1.373692e-03 sec  9.541587e+01 MB/s
target =   25 size =      16384 put: 9.328790e-05 sec 1.405027e+03 MB/s acc: 1.373518e-03 sec  9.542794e+01 MB/s
target =   26 size =      16384 put: 9.345758e-05 sec 1.402476e+03 MB/s acc: 1.373752e-03 sec  9.541171e+01 MB/s
target =   27 size =      16384 put: 9.345334e-05 sec 1.402539e+03 MB/s acc: 1.373489e-03 sec  9.542995e+01 MB/s
target =   28 size =      16384 put: 9.342006e-05 sec 1.403039e+03 MB/s acc: 1.373664e-03 sec  9.541783e+01 MB/s
target =   29 size =      16384 put: 9.331096e-05 sec 1.404680e+03 MB/s acc: 1.373659e-03 sec  9.541813e+01 MB/s
target =   30 size =      16384 put: 9.364198e-05 sec 1.399714e+03 MB/s acc: 1.373436e-03 sec  9.543364e+01 MB/s
target =   31 size =      16384 put: 9.341253e-05 sec 1.403152e+03 MB/s acc: 1.373633e-03 sec  9.541995e+01 MB/s
target =    0 size =      32768 put: 4.482046e-05 sec 5.848757e+03 MB/s acc: 4.065079e-03 sec  6.448682e+01 MB/s
target =    1 size =      32768 put: 4.500158e-05 sec 5.825218e+03 MB/s acc: 3.613056e-03 sec  7.255465e+01 MB/s
target =    2 size =      32768 put: 4.484008e-05 sec 5.846198e+03 MB/s acc: 3.603200e-03 sec  7.275311e+01 MB/s
target =    3 size =      32768 put: 4.487509e-05 sec 5.841637e+03 MB/s acc: 3.600560e-03 sec  7.280645e+01 MB/s
target =    4 size =      32768 put: 4.492972e-05 sec 5.834535e+03 MB/s acc: 3.590800e-03 sec  7.300434e+01 MB/s
target =    5 size =      32768 put: 4.500812e-05 sec 5.824371e+03 MB/s acc: 3.597977e-03 sec  7.285872e+01 MB/s
target =    6 size =      32768 put: 4.477849e-05 sec 5.854239e+03 MB/s acc: 3.585143e-03 sec  7.311955e+01 MB/s
target =    7 size =      32768 put: 4.503026e-05 sec 5.821507e+03 MB/s acc: 3.593097e-03 sec  7.295767e+01 MB/s
target =    8 size =      32768 put: 4.482188e-05 sec 5.848572e+03 MB/s acc: 3.585019e-03 sec  7.312208e+01 MB/s
target =    9 size =      32768 put: 4.471349e-05 sec 5.862749e+03 MB/s acc: 3.592722e-03 sec  7.296529e+01 MB/s
target =   10 size =      32768 put: 4.491018e-05 sec 5.837073e+03 MB/s acc: 3.585756e-03 sec  7.310703e+01 MB/s
target =   11 size =      32768 put: 4.494656e-05 sec 5.832348e+03 MB/s acc: 3.592917e-03 sec  7.296132e+01 MB/s
target =   12 size =      32768 put: 4.489812e-05 sec 5.838641e+03 MB/s acc: 3.591621e-03 sec  7.298765e+01 MB/s
target =   13 size =      32768 put: 4.490312e-05 sec 5.837991e+03 MB/s acc: 3.597605e-03 sec  7.286625e+01 MB/s
target =   14 size =      32768 put: 4.483258e-05 sec 5.847176e+03 MB/s acc: 3.594446e-03 sec  7.293029e+01 MB/s
target =   15 size =      32768 put: 4.490639e-05 sec 5.837566e+03 MB/s acc: 3.602206e-03 sec  7.277317e+01 MB/s
target =   16 size =      32768 put: 1.672590e-04 sec 1.567294e+03 MB/s acc: 2.716755e-03 sec  9.649159e+01 MB/s
target =   17 size =      32768 put: 1.667951e-04 sec 1.571652e+03 MB/s acc: 2.717274e-03 sec  9.647317e+01 MB/s
target =   18 size =      32768 put: 1.670744e-04 sec 1.569025e+03 MB/s acc: 2.716776e-03 sec  9.649085e+01 MB/s
target =   19 size =      32768 put: 1.667739e-04 sec 1.571852e+03 MB/s acc: 2.717130e-03 sec  9.647828e+01 MB/s
target =   20 size =      32768 put: 1.668422e-04 sec 1.571210e+03 MB/s acc: 2.717108e-03 sec  9.647905e+01 MB/s
target =   21 size =      32768 put: 1.669232e-04 sec 1.570447e+03 MB/s acc: 2.716842e-03 sec  9.648850e+01 MB/s
target =   22 size =      32768 put: 1.668887e-04 sec 1.570771e+03 MB/s acc: 2.716933e-03 sec  9.648528e+01 MB/s
target =   23 size =      32768 put: 1.667037e-04 sec 1.572514e+03 MB/s acc: 2.716736e-03 sec  9.649226e+01 MB/s
target =   24 size =      32768 put: 1.670120e-04 sec 1.569612e+03 MB/s acc: 2.719353e-03 sec  9.639940e+01 MB/s
target =   25 size =      32768 put: 1.668100e-04 sec 1.571513e+03 MB/s acc: 2.718804e-03 sec  9.641886e+01 MB/s
target =   26 size =      32768 put: 1.668720e-04 sec 1.570929e+03 MB/s acc: 2.719384e-03 sec  9.639831e+01 MB/s
target =   27 size =      32768 put: 1.671569e-04 sec 1.568251e+03 MB/s acc: 2.719051e-03 sec  9.641011e+01 MB/s
target =   28 size =      32768 put: 1.667695e-04 sec 1.571894e+03 MB/s acc: 2.719588e-03 sec  9.639105e+01 MB/s
target =   29 size =      32768 put: 1.669835e-04 sec 1.569880e+03 MB/s acc: 2.718816e-03 sec  9.641844e+01 MB/s
target =   30 size =      32768 put: 1.669131e-04 sec 1.570542e+03 MB/s acc: 2.718979e-03 sec  9.641267e+01 MB/s
target =   31 size =      32768 put: 1.666873e-04 sec 1.572669e+03 MB/s acc: 2.719216e-03 sec  9.640427e+01 MB/s
target =    0 size =      65536 put: 7.045403e-05 sec 7.441562e+03 MB/s acc: 8.105319e-03 sec  6.468443e+01 MB/s
target =    1 size =      65536 put: 7.207463e-05 sec 7.274238e+03 MB/s acc: 7.206429e-03 sec  7.275282e+01 MB/s
target =    2 size =      65536 put: 7.200777e-05 sec 7.280992e+03 MB/s acc: 7.188022e-03 sec  7.293912e+01 MB/s
target =    3 size =      65536 put: 7.204778e-05 sec 7.276949e+03 MB/s acc: 7.182183e-03 sec  7.299842e+01 MB/s
target =    4 size =      65536 put: 7.209994e-05 sec 7.271684e+03 MB/s acc: 7.167600e-03 sec  7.314694e+01 MB/s
target =    5 size =      65536 put: 7.189687e-05 sec 7.292223e+03 MB/s acc: 7.182989e-03 sec  7.299023e+01 MB/s
target =    6 size =      65536 put: 7.204096e-05 sec 7.277637e+03 MB/s acc: 7.156032e-03 sec  7.326518e+01 MB/s
target =    7 size =      65536 put: 7.204940e-05 sec 7.276785e+03 MB/s acc: 7.172612e-03 sec  7.309583e+01 MB/s
target =    8 size =      65536 put: 7.206306e-05 sec 7.275406e+03 MB/s acc: 7.155480e-03 sec  7.327084e+01 MB/s
target =    9 size =      65536 put: 7.212248e-05 sec 7.269412e+03 MB/s acc: 7.171078e-03 sec  7.311146e+01 MB/s
target =   10 size =      65536 put: 7.207592e-05 sec 7.274108e+03 MB/s acc: 7.156621e-03 sec  7.325915e+01 MB/s
target =   11 size =      65536 put: 7.194401e-05 sec 7.287445e+03 MB/s acc: 7.172147e-03 sec  7.310056e+01 MB/s
target =   12 size =      65536 put: 7.206183e-05 sec 7.275530e+03 MB/s acc: 7.168571e-03 sec  7.313703e+01 MB/s
target =   13 size =      65536 put: 7.193082e-05 sec 7.288781e+03 MB/s acc: 7.182042e-03 sec  7.299985e+01 MB/s
target =   14 size =      65536 put: 7.201911e-05 sec 7.279846e+03 MB/s acc: 7.175331e-03 sec  7.306812e+01 MB/s
target =   15 size =      65536 put: 7.196636e-05 sec 7.285182e+03 MB/s acc: 7.190860e-03 sec  7.291033e+01 MB/s
target =   16 size =      65536 put: 3.146712e-04 sec 1.666146e+03 MB/s acc: 5.405459e-03 sec  9.699231e+01 MB/s
target =   17 size =      65536 put: 3.145277e-04 sec 1.666906e+03 MB/s acc: 5.406111e-03 sec  9.698062e+01 MB/s
target =   18 size =      65536 put: 3.143861e-04 sec 1.667657e+03 MB/s acc: 5.405585e-03 sec  9.699006e+01 MB/s
target =   19 size =      65536 put: 3.143579e-04 sec 1.667806e+03 MB/s acc: 5.406028e-03 sec  9.698210e+01 MB/s
target =   20 size =      65536 put: 3.142668e-04 sec 1.668290e+03 MB/s acc: 5.405845e-03 sec  9.698539e+01 MB/s
target =   21 size =      65536 put: 3.146415e-04 sec 1.666303e+03 MB/s acc: 5.405815e-03 sec  9.698593e+01 MB/s
target =   22 size =      65536 put: 3.145602e-04 sec 1.666733e+03 MB/s acc: 5.405768e-03 sec  9.698677e+01 MB/s
target =   23 size =      65536 put: 3.145528e-04 sec 1.666773e+03 MB/s acc: 5.405754e-03 sec  9.698703e+01 MB/s
target =   24 size =      65536 put: 3.145776e-04 sec 1.666641e+03 MB/s acc: 5.406316e-03 sec  9.697694e+01 MB/s
target =   25 size =      65536 put: 3.145324e-04 sec 1.666881e+03 MB/s acc: 5.405856e-03 sec  9.698520e+01 MB/s
target =   26 size =      65536 put: 3.146029e-04 sec 1.666507e+03 MB/s acc: 5.406088e-03 sec  9.698104e+01 MB/s
target =   27 size =      65536 put: 3.144222e-04 sec 1.667465e+03 MB/s acc: 5.405870e-03 sec  9.698494e+01 MB/s
target =   28 size =      65536 put: 3.142118e-04 sec 1.668581e+03 MB/s acc: 5.406196e-03 sec  9.697910e+01 MB/s
target =   29 size =      65536 put: 3.144680e-04 sec 1.667222e+03 MB/s acc: 5.406391e-03 sec  9.697560e+01 MB/s
target =   30 size =      65536 put: 3.144897e-04 sec 1.667107e+03 MB/s acc: 5.406193e-03 sec  9.697915e+01 MB/s
target =   31 size =      65536 put: 3.146316e-04 sec 1.666355e+03 MB/s acc: 5.406509e-03 sec  9.697348e+01 MB/s
target =    0 size =     131072 put: 1.312498e-04 sec 7.989160e+03 MB/s acc: 1.617993e-02 sec  6.480719e+01 MB/s
target =    1 size =     131072 put: 1.263250e-04 sec 8.300624e+03 MB/s acc: 1.439292e-02 sec  7.285358e+01 MB/s
target =    2 size =     131072 put: 1.261187e-04 sec 8.314198e+03 MB/s acc: 1.435698e-02 sec  7.303596e+01 MB/s
target =    3 size =     131072 put: 1.262465e-04 sec 8.305785e+03 MB/s acc: 1.434530e-02 sec  7.309545e+01 MB/s
target =    4 size =     131072 put: 1.260659e-04 sec 8.317680e+03 MB/s acc: 1.431595e-02 sec  7.324531e+01 MB/s
target =    5 size =     131072 put: 1.262340e-04 sec 8.306606e+03 MB/s acc: 1.434684e-02 sec  7.308757e+01 MB/s
target =    6 size =     131072 put: 1.261335e-04 sec 8.313226e+03 MB/s acc: 1.429283e-02 sec  7.336376e+01 MB/s
target =    7 size =     131072 put: 1.264206e-04 sec 8.294344e+03 MB/s acc: 1.432612e-02 sec  7.319331e+01 MB/s
target =    8 size =     131072 put: 1.260924e-04 sec 8.315931e+03 MB/s acc: 1.429208e-02 sec  7.336763e+01 MB/s
target =    9 size =     131072 put: 1.261992e-04 sec 8.308894e+03 MB/s acc: 1.432323e-02 sec  7.320809e+01 MB/s
target =   10 size =     131072 put: 1.260883e-04 sec 8.316207e+03 MB/s acc: 1.429426e-02 sec  7.335643e+01 MB/s
target =   11 size =     131072 put: 1.262042e-04 sec 8.308566e+03 MB/s acc: 1.432482e-02 sec  7.319994e+01 MB/s
target =   12 size =     131072 put: 1.261334e-04 sec 8.313229e+03 MB/s acc: 1.431813e-02 sec  7.323414e+01 MB/s
target =   13 size =     131072 put: 1.263732e-04 sec 8.297453e+03 MB/s acc: 1.434456e-02 sec  7.309920e+01 MB/s
target =   14 size =     131072 put: 1.262627e-04 sec 8.304717e+03 MB/s acc: 1.433169e-02 sec  7.316487e+01 MB/s
target =   15 size =     131072 put: 1.261183e-04 sec 8.314224e+03 MB/s acc: 1.436223e-02 sec  7.300927e+01 MB/s
target =   16 size =     131072 put: 6.097724e-04 sec 1.719619e+03 MB/s acc: 1.078007e-02 sec  9.726986e+01 MB/s
target =   17 size =     131072 put: 6.097141e-04 sec 1.719783e+03 MB/s acc: 1.078061e-02 sec  9.726500e+01 MB/s
target =   18 size =     131072 put: 6.095116e-04 sec 1.720355e+03 MB/s acc: 1.077997e-02 sec  9.727076e+01 MB/s
target =   19 size =     131072 put: 6.094507e-04 sec 1.720526e+03 MB/s acc: 1.077936e-02 sec  9.727630e+01 MB/s
target =   20 size =     131072 put: 6.097217e-04 sec 1.719762e+03 MB/s acc: 1.077972e-02 sec  9.727304e+01 MB/s
target =   21 size =     131072 put: 6.094408e-04 sec 1.720554e+03 MB/s acc: 1.077952e-02 sec  9.727487e+01 MB/s
target =   22 size =     131072 put: 6.094447e-04 sec 1.720543e+03 MB/s acc: 1.077966e-02 sec  9.727361e+01 MB/s
target =   23 size =     131072 put: 6.095535e-04 sec 1.720236e+03 MB/s acc: 1.077954e-02 sec  9.727461e+01 MB/s
target =   24 size =     131072 put: 6.095109e-04 sec 1.720356e+03 MB/s acc: 1.077967e-02 sec  9.727350e+01 MB/s
target =   25 size =     131072 put: 6.096546e-04 sec 1.719951e+03 MB/s acc: 1.077971e-02 sec  9.727315e+01 MB/s
target =   26 size =     131072 put: 6.095577e-04 sec 1.720224e+03 MB/s acc: 1.077982e-02 sec  9.727210e+01 MB/s
target =   27 size =     131072 put: 6.095549e-04 sec 1.720232e+03 MB/s acc: 1.077919e-02 sec  9.727779e+01 MB/s
target =   28 size =     131072 put: 6.094590e-04 sec 1.720503e+03 MB/s acc: 1.077977e-02 sec  9.727262e+01 MB/s
target =   29 size =     131072 put: 6.096834e-04 sec 1.719870e+03 MB/s acc: 1.077908e-02 sec  9.727878e+01 MB/s
target =   30 size =     131072 put: 6.094573e-04 sec 1.720508e+03 MB/s acc: 1.077967e-02 sec  9.727347e+01 MB/s
target =   31 size =     131072 put: 6.095626e-04 sec 1.720210e+03 MB/s acc: 1.077940e-02 sec  9.727588e+01 MB/s
target =    0 size =     262144 put: 2.444242e-04 sec 8.579968e+03 MB/s acc: 3.233431e-02 sec  6.485841e+01 MB/s
target =    1 size =     262144 put: 2.349468e-04 sec 8.926072e+03 MB/s acc: 2.869916e-02 sec  7.307365e+01 MB/s
target =    2 size =     262144 put: 2.347145e-04 sec 8.934906e+03 MB/s acc: 2.862083e-02 sec  7.327364e+01 MB/s
target =    3 size =     262144 put: 2.346183e-04 sec 8.938569e+03 MB/s acc: 2.860966e-02 sec  7.330225e+01 MB/s
target =    4 size =     262144 put: 2.347127e-04 sec 8.934973e+03 MB/s acc: 2.857445e-02 sec  7.339256e+01 MB/s
target =    5 size =     262144 put: 2.349060e-04 sec 8.927621e+03 MB/s acc: 2.861861e-02 sec  7.327931e+01 MB/s
target =    6 size =     262144 put: 2.345264e-04 sec 8.942073e+03 MB/s acc: 2.853356e-02 sec  7.349774e+01 MB/s
target =    7 size =     262144 put: 2.348517e-04 sec 8.929685e+03 MB/s acc: 2.858683e-02 sec  7.336078e+01 MB/s
target =    8 size =     262144 put: 2.346960e-04 sec 8.935608e+03 MB/s acc: 2.852972e-02 sec  7.350764e+01 MB/s
target =    9 size =     262144 put: 2.346669e-04 sec 8.936717e+03 MB/s acc: 2.858558e-02 sec  7.336398e+01 MB/s
target =   10 size =     262144 put: 2.348147e-04 sec 8.931093e+03 MB/s acc: 2.853309e-02 sec  7.349894e+01 MB/s
target =   11 size =     262144 put: 2.346977e-04 sec 8.935546e+03 MB/s acc: 2.858370e-02 sec  7.336882e+01 MB/s
target =   12 size =     262144 put: 2.345248e-04 sec 8.942133e+03 MB/s acc: 2.857791e-02 sec  7.338367e+01 MB/s
target =   13 size =     262144 put: 2.347545e-04 sec 8.933384e+03 MB/s acc: 2.861208e-02 sec  7.329602e+01 MB/s
target =   14 size =     262144 put: 2.346348e-04 sec 8.937940e+03 MB/s acc: 2.860156e-02 sec  7.332300e+01 MB/s
target =   15 size =     262144 put: 2.347060e-04 sec 8.935229e+03 MB/s acc: 2.863584e-02 sec  7.323522e+01 MB/s
target =   16 size =     262144 put: 1.199583e-03 sec 1.748235e+03 MB/s acc: 2.152780e-02 sec  9.741598e+01 MB/s
target =   17 size =     262144 put: 1.199514e-03 sec 1.748335e+03 MB/s acc: 2.152947e-02 sec  9.740845e+01 MB/s
target =   18 size =     262144 put: 1.199596e-03 sec 1.748215e+03 MB/s acc: 2.152748e-02 sec  9.741742e+01 MB/s
target =   19 size =     262144 put: 1.199627e-03 sec 1.748170e+03 MB/s acc: 2.152822e-02 sec  9.741409e+01 MB/s
target =   20 size =     262144 put: 1.199509e-03 sec 1.748342e+03 MB/s acc: 2.152841e-02 sec  9.741322e+01 MB/s
target =   21 size =     262144 put: 1.199516e-03 sec 1.748332e+03 MB/s acc: 2.152837e-02 sec  9.741339e+01 MB/s
target =   22 size =     262144 put: 1.199587e-03 sec 1.748228e+03 MB/s acc: 2.152819e-02 sec  9.741425e+01 MB/s
target =   23 size =     262144 put: 1.199614e-03 sec 1.748189e+03 MB/s acc: 2.152857e-02 sec  9.741249e+01 MB/s
target =   24 size =     262144 put: 1.199473e-03 sec 1.748395e+03 MB/s acc: 2.152827e-02 sec  9.741388e+01 MB/s
target =   25 size =     262144 put: 1.199434e-03 sec 1.748451e+03 MB/s acc: 2.152766e-02 sec  9.741664e+01 MB/s
target =   26 size =     262144 put: 1.199588e-03 sec 1.748226e+03 MB/s acc: 2.152850e-02 sec  9.741282e+01 MB/s
target =   27 size =     262144 put: 1.199343e-03 sec 1.748584e+03 MB/s acc: 2.152846e-02 sec  9.741300e+01 MB/s
target =   28 size =     262144 put: 1.199467e-03 sec 1.748403e+03 MB/s acc: 2.152804e-02 sec  9.741492e+01 MB/s
target =   29 size =     262144 put: 1.199534e-03 sec 1.748306e+03 MB/s acc: 2.152789e-02 sec  9.741559e+01 MB/s
target =   30 size =     262144 put: 1.199695e-03 sec 1.748071e+03 MB/s acc: 2.152797e-02 sec  9.741523e+01 MB/s
target =   31 size =     262144 put: 1.199463e-03 sec 1.748408e+03 MB/s acc: 2.152794e-02 sec  9.741537e+01 MB/s
target =    0 size =     524288 put: 4.704415e-04 sec 8.915676e+03 MB/s acc: 6.464306e-02 sec  6.488406e+01 MB/s
target =    1 size =     524288 put: 4.516724e-04 sec 9.286164e+03 MB/s acc: 5.737881e-02 sec  7.309849e+01 MB/s
target =    2 size =     524288 put: 4.514238e-04 sec 9.291278e+03 MB/s acc: 5.722070e-02 sec  7.330046e+01 MB/s
target =    3 size =     524288 put: 4.515429e-04 sec 9.288828e+03 MB/s acc: 5.720025e-02 sec  7.332667e+01 MB/s
target =    4 size =     524288 put: 4.514314e-04 sec 9.291122e+03 MB/s acc: 5.713192e-02 sec  7.341437e+01 MB/s
target =    5 size =     524288 put: 4.516017e-04 sec 9.287618e+03 MB/s acc: 5.721960e-02 sec  7.330187e+01 MB/s
target =    6 size =     524288 put: 4.514777e-04 sec 9.290169e+03 MB/s acc: 5.704833e-02 sec  7.352194e+01 MB/s
target =    7 size =     524288 put: 4.517804e-04 sec 9.283945e+03 MB/s acc: 5.715620e-02 sec  7.338319e+01 MB/s
target =    8 size =     524288 put: 4.514663e-04 sec 9.290404e+03 MB/s acc: 5.704064e-02 sec  7.353185e+01 MB/s
target =    9 size =     524288 put: 4.514805e-04 sec 9.290111e+03 MB/s acc: 5.716035e-02 sec  7.337786e+01 MB/s
target =   10 size =     524288 put: 4.512611e-04 sec 9.294627e+03 MB/s acc: 5.704636e-02 sec  7.352448e+01 MB/s
target =   11 size =     524288 put: 4.515101e-04 sec 9.289503e+03 MB/s acc: 5.715373e-02 sec  7.338636e+01 MB/s
target =   12 size =     524288 put: 4.512220e-04 sec 9.295433e+03 MB/s acc: 5.714341e-02 sec  7.339961e+01 MB/s
target =   13 size =     524288 put: 4.516350e-04 sec 9.286933e+03 MB/s acc: 5.720745e-02 sec  7.331745e+01 MB/s
target =   14 size =     524288 put: 4.513190e-04 sec 9.293436e+03 MB/s acc: 5.718505e-02 sec  7.334616e+01 MB/s
target =   15 size =     524288 put: 4.516369e-04 sec 9.286894e+03 MB/s acc: 5.725026e-02 sec  7.326262e+01 MB/s
target =   16 size =     524288 put: 2.379468e-03 sec 1.762707e+03 MB/s acc: 4.302536e-02 sec  9.748446e+01 MB/s
target =   17 size =     524288 put: 2.379489e-03 sec 1.762691e+03 MB/s acc: 4.302684e-02 sec  9.748111e+01 MB/s
target =   18 size =     524288 put: 2.379154e-03 sec 1.762940e+03 MB/s acc: 4.302629e-02 sec  9.748236e+01 MB/s
target =   19 size =     524288 put: 2.379086e-03 sec 1.762990e+03 MB/s acc: 4.302585e-02 sec  9.748335e+01 MB/s
target =   20 size =     524288 put: 2.379245e-03 sec 1.762872e+03 MB/s acc: 4.302677e-02 sec  9.748127e+01 MB/s
target =   21 size =     524288 put: 2.379083e-03 sec 1.762992e+03 MB/s acc: 4.302699e-02 sec  9.748078e+01 MB/s
target =   22 size =     524288 put: 2.379377e-03 sec 1.762774e+03 MB/s acc: 4.302717e-02 sec  9.748036e+01 MB/s
target =   23 size =     524288 put: 2.379222e-03 sec 1.762889e+03 MB/s acc: 4.302648e-02 sec  9.748193e+01 MB/s
target =   24 size =     524288 put: 2.379138e-03 sec 1.762951e+03 MB/s acc: 4.302692e-02 sec  9.748092e+01 MB/s
target =   25 size =     524288 put: 2.379105e-03 sec 1.762976e+03 MB/s acc: 4.302554e-02 sec  9.748406e+01 MB/s
target =   26 size =     524288 put: 2.379313e-03 sec 1.762822e+03 MB/s acc: 4.302687e-02 sec  9.748105e+01 MB/s
target =   27 size =     524288 put: 2.379280e-03 sec 1.762846e+03 MB/s acc: 4.302571e-02 sec  9.748366e+01 MB/s
target =   28 size =     524288 put: 2.379261e-03 sec 1.762860e+03 MB/s acc: 4.302658e-02 sec  9.748170e+01 MB/s
target =   29 size =     524288 put: 2.379253e-03 sec 1.762866e+03 MB/s acc: 4.302620e-02 sec  9.748255e+01 MB/s
target =   30 size =     524288 put: 2.379416e-03 sec 1.762745e+03 MB/s acc: 4.302637e-02 sec  9.748217e+01 MB/s
target =   31 size =     524288 put: 2.379181e-03 sec 1.762919e+03 MB/s acc: 4.302742e-02 sec  9.747979e+01 MB/s
target =    0 size =    1048576 put: 9.230834e-04 sec 9.087595e+03 MB/s acc: 1.292496e-01 sec  6.490239e+01 MB/s
target =    1 size =    1048576 put: 8.847030e-04 sec 9.481835e+03 MB/s acc: 1.147385e-01 sec  7.311070e+01 MB/s
target =    2 size =    1048576 put: 8.845935e-04 sec 9.483009e+03 MB/s acc: 1.144275e-01 sec  7.330936e+01 MB/s
target =    3 size =    1048576 put: 8.844693e-04 sec 9.484340e+03 MB/s acc: 1.143956e-01 sec  7.332982e+01 MB/s
target =    4 size =    1048576 put: 8.846029e-04 sec 9.482908e+03 MB/s acc: 1.142550e-01 sec  7.342008e+01 MB/s
target =    5 size =    1048576 put: 8.850583e-04 sec 9.478029e+03 MB/s acc: 1.144500e-01 sec  7.329493e+01 MB/s
target =    6 size =    1048576 put: 8.846350e-04 sec 9.482564e+03 MB/s acc: 1.140787e-01 sec  7.353353e+01 MB/s
target =    7 size =    1048576 put: 8.853509e-04 sec 9.474897e+03 MB/s acc: 1.142979e-01 sec  7.339251e+01 MB/s
target =    8 size =    1048576 put: 8.845301e-04 sec 9.483689e+03 MB/s acc: 1.140655e-01 sec  7.354201e+01 MB/s
target =    9 size =    1048576 put: 8.845643e-04 sec 9.483321e+03 MB/s acc: 1.142911e-01 sec  7.339686e+01 MB/s
target =   10 size =    1048576 put: 8.845355e-04 sec 9.483631e+03 MB/s acc: 1.140739e-01 sec  7.353658e+01 MB/s
target =   11 size =    1048576 put: 8.845946e-04 sec 9.482997e+03 MB/s acc: 1.142872e-01 sec  7.339937e+01 MB/s
target =   12 size =    1048576 put: 8.846616e-04 sec 9.482279e+03 MB/s acc: 1.142791e-01 sec  7.340460e+01 MB/s
target =   13 size =    1048576 put: 8.844813e-04 sec 9.484212e+03 MB/s acc: 1.143995e-01 sec  7.332730e+01 MB/s
target =   14 size =    1048576 put: 8.845574e-04 sec 9.483396e+03 MB/s acc: 1.143603e-01 sec  7.335247e+01 MB/s
target =   15 size =    1048576 put: 8.844636e-04 sec 9.484401e+03 MB/s acc: 1.145036e-01 sec  7.326068e+01 MB/s
target =   16 size =    1048576 put: 4.738480e-03 sec 1.770316e+03 MB/s acc: 8.601854e-02 sec  9.752094e+01 MB/s
target =   17 size =    1048576 put: 4.738424e-03 sec 1.770337e+03 MB/s acc: 8.602536e-02 sec  9.751320e+01 MB/s
target =   18 size =    1048576 put: 4.738529e-03 sec 1.770298e+03 MB/s acc: 8.601922e-02 sec  9.752016e+01 MB/s
target =   19 size =    1048576 put: 4.738564e-03 sec 1.770285e+03 MB/s acc: 8.602241e-02 sec  9.751654e+01 MB/s
target =   20 size =    1048576 put: 4.738613e-03 sec 1.770266e+03 MB/s acc: 8.602261e-02 sec  9.751631e+01 MB/s
target =   21 size =    1048576 put: 4.738508e-03 sec 1.770306e+03 MB/s acc: 8.602350e-02 sec  9.751530e+01 MB/s
target =   22 size =    1048576 put: 4.738512e-03 sec 1.770304e+03 MB/s acc: 8.602286e-02 sec  9.751604e+01 MB/s
target =   23 size =    1048576 put: 4.738429e-03 sec 1.770335e+03 MB/s acc: 8.602383e-02 sec  9.751494e+01 MB/s
target =   24 size =    1048576 put: 4.738604e-03 sec 1.770270e+03 MB/s acc: 8.602212e-02 sec  9.751687e+01 MB/s
target =   25 size =    1048576 put: 4.738582e-03 sec 1.770278e+03 MB/s acc: 8.602098e-02 sec  9.751816e+01 MB/s
target =   26 size =    1048576 put: 4.738594e-03 sec 1.770274e+03 MB/s acc: 8.602232e-02 sec  9.751665e+01 MB/s
target =   27 size =    1048576 put: 4.738320e-03 sec 1.770376e+03 MB/s acc: 8.602229e-02 sec  9.751668e+01 MB/s
target =   28 size =    1048576 put: 4.738374e-03 sec 1.770356e+03 MB/s acc: 8.602118e-02 sec  9.751793e+01 MB/s
target =   29 size =    1048576 put: 4.738722e-03 sec 1.770226e+03 MB/s acc: 8.602204e-02 sec  9.751696e+01 MB/s
target =   30 size =    1048576 put: 4.738622e-03 sec 1.770263e+03 MB/s acc: 8.602135e-02 sec  9.751775e+01 MB/s
target =   31 size =    1048576 put: 4.738493e-03 sec 1.770311e+03 MB/s acc: 8.602138e-02 sec  9.751771e+01 MB/s
target =    0 size =    2097152 put: 1.923640e-03 sec 8.721601e+03 MB/s acc: 2.584848e-01 sec  6.490601e+01 MB/s
target =    1 size =    2097152 put: 1.865555e-03 sec 8.993149e+03 MB/s acc: 2.301370e-01 sec  7.290100e+01 MB/s
target =    2 size =    2097152 put: 1.860568e-03 sec 9.017253e+03 MB/s acc: 2.295327e-01 sec  7.309291e+01 MB/s
target =    3 size =    2097152 put: 1.864817e-03 sec 8.996708e+03 MB/s acc: 2.293671e-01 sec  7.314571e+01 MB/s
target =    4 size =    2097152 put: 1.863065e-03 sec 9.005170e+03 MB/s acc: 2.289651e-01 sec  7.327411e+01 MB/s
target =    5 size =    2097152 put: 1.863820e-03 sec 9.001523e+03 MB/s acc: 2.293989e-01 sec  7.313555e+01 MB/s
target =    6 size =    2097152 put: 1.864257e-03 sec 8.999409e+03 MB/s acc: 2.285383e-01 sec  7.341097e+01 MB/s
target =    7 size =    2097152 put: 1.864495e-03 sec 8.998260e+03 MB/s acc: 2.290266e-01 sec  7.325445e+01 MB/s
target =    8 size =    2097152 put: 1.867416e-03 sec 8.984190e+03 MB/s acc: 2.284990e-01 sec  7.342358e+01 MB/s
target =    9 size =    2097152 put: 1.866075e-03 sec 8.990643e+03 MB/s acc: 2.290018e-01 sec  7.326236e+01 MB/s
target =   10 size =    2097152 put: 1.863017e-03 sec 9.005401e+03 MB/s acc: 2.285584e-01 sec  7.340449e+01 MB/s
target =   11 size =    2097152 put: 1.867305e-03 sec 8.984721e+03 MB/s acc: 2.290260e-01 sec  7.325464e+01 MB/s
target =   12 size =    2097152 put: 1.863377e-03 sec 9.003661e+03 MB/s acc: 2.289983e-01 sec  7.326351e+01 MB/s
target =   13 size =    2097152 put: 1.868356e-03 sec 8.979666e+03 MB/s acc: 2.293688e-01 sec  7.314516e+01 MB/s
target =   14 size =    2097152 put: 1.867068e-03 sec 8.985861e+03 MB/s acc: 2.291937e-01 sec  7.320102e+01 MB/s
target =   15 size =    2097152 put: 1.868315e-03 sec 8.979864e+03 MB/s acc: 2.296106e-01 sec  7.306813e+01 MB/s
target =   16 size =    2097152 put: 9.457537e-03 sec 1.773952e+03 MB/s acc: 1.720043e-01 sec  9.753953e+01 MB/s
target =   17 size =    2097152 put: 9.457091e-03 sec 1.774036e+03 MB/s acc: 1.720183e-01 sec  9.753157e+01 MB/s
target =   18 size =    2097152 put: 9.456914e-03 sec 1.774069e+03 MB/s acc: 1.720044e-01 sec  9.753946e+01 MB/s
target =   19 size =    2097152 put: 9.456998e-03 sec 1.774053e+03 MB/s acc: 1.720108e-01 sec  9.753581e+01 MB/s
target =   20 size =    2097152 put: 9.456929e-03 sec 1.774066e+03 MB/s acc: 1.720104e-01 sec  9.753603e+01 MB/s
target =   21 size =    2097152 put: 9.457044e-03 sec 1.774044e+03 MB/s acc: 1.720140e-01 sec  9.753400e+01 MB/s
target =   22 size =    2097152 put: 9.456846e-03 sec 1.774082e+03 MB/s acc: 1.720115e-01 sec  9.753546e+01 MB/s
target =   23 size =    2097152 put: 9.456963e-03 sec 1.774060e+03 MB/s acc: 1.720133e-01 sec  9.753443e+01 MB/s
target =   24 size =    2097152 put: 9.457049e-03 sec 1.774044e+03 MB/s acc: 1.720130e-01 sec  9.753457e+01 MB/s
target =   25 size =    2097152 put: 9.457041e-03 sec 1.774045e+03 MB/s acc: 1.720068e-01 sec  9.753810e+01 MB/s
target =   26 size =    2097152 put: 9.456903e-03 sec 1.774071e+03 MB/s acc: 1.720094e-01 sec  9.753661e+01 MB/s
target =   27 size =    2097152 put: 9.456947e-03 sec 1.774063e+03 MB/s acc: 1.720059e-01 sec  9.753861e+01 MB/s
target =   28 size =    2097152 put: 9.457020e-03 sec 1.774049e+03 MB/s acc: 1.720088e-01 sec  9.753694e+01 MB/s
target =   29 size =    2097152 put: 9.456996e-03 sec 1.774053e+03 MB/s acc: 1.720082e-01 sec  9.753731e+01 MB/s
target =   30 size =    2097152 put: 9.457077e-03 sec 1.774038e+03 MB/s acc: 1.720079e-01 sec  9.753746e+01 MB/s
target =   31 size =    2097152 put: 9.456836e-03 sec 1.774084e+03 MB/s acc: 1.720063e-01 sec  9.753840e+01 MB/s
target =    0 size =    4194304 put: 4.883421e-03 sec 6.871091e+03 MB/s acc: 5.171821e-01 sec  6.487933e+01 MB/s
target =    1 size =    4194304 put: 4.752513e-03 sec 7.060355e+03 MB/s acc: 4.601587e-01 sec  7.291926e+01 MB/s
target =    2 size =    4194304 put: 4.760424e-03 sec 7.048622e+03 MB/s acc: 4.590363e-01 sec  7.309755e+01 MB/s
target =    3 size =    4194304 put: 4.789181e-03 sec 7.006299e+03 MB/s acc: 4.587288e-01 sec  7.314656e+01 MB/s
target =    4 size =    4194304 put: 4.807952e-03 sec 6.978945e+03 MB/s acc: 4.578610e-01 sec  7.328520e+01 MB/s
target =    5 size =    4194304 put: 4.797463e-03 sec 6.994203e+03 MB/s acc: 4.587764e-01 sec  7.313897e+01 MB/s
target =    6 size =    4194304 put: 4.829604e-03 sec 6.947657e+03 MB/s acc: 4.570140e-01 sec  7.342101e+01 MB/s
target =    7 size =    4194304 put: 4.802365e-03 sec 6.987065e+03 MB/s acc: 4.580218e-01 sec  7.325946e+01 MB/s
target =    8 size =    4194304 put: 4.824874e-03 sec 6.954469e+03 MB/s acc: 4.569754e-01 sec  7.342721e+01 MB/s
2011-11-08 11:31:49.067 (WARN ) [0xfffaf465770] R00-M0-N01-J15-2:ibm.runjob.LogSignalInfo: received signal 15
2011-11-08 11:31:49.067 (WARN ) [0xfffaf465770] R00-M0-N01-J15-2:ibm.runjob.LogSignalInfo: signal sent from USER
2011-11-08 11:31:49.067 (WARN ) [0xfffaf465770] R00-M0-N01-J15-2:ibm.runjob.LogSignalInfo: sent from pid 26792
2011-11-08 11:31:49.067 (WARN ) [0xfffaf465770] R00-M0-N01-J15-2:ibm.runjob.LogSignalInfo: could not read /proc/26792/exe
2011-11-08 11:31:49.067 (WARN ) [0xfffaf465770] R00-M0-N01-J15-2:ibm.runjob.LogSignalInfo: Permission denied
2011-11-08 11:31:49.068 (WARN ) [0xfffaf465770] R00-M0-N01-J15-2:ibm.runjob.LogSignalInfo: sent from uid 0 (root)
2011-11-08 11:31:50.526 (WARN ) [0xfffaf465770] R00-M0-N01-J15-2:4560:ibm.runjob.client.Job: terminated by signal 9
2011-11-08 11:31:50.526 (WARN ) [0xfffaf465770] R00-M0-N01-J15-2:4560:ibm.runjob.client.Job: abnormal termination by signal 9 from rank 24
