2011-11-08 11:17:56.182 (INFO ) [0xfffb12e5770] R00-M0-N01-J12-2:19057:ibm.runjob.client.options.Parser: set local socket to runjob_mux from properties file
2011-11-08 11:17:59.157 (INFO ) [0xfffb12e5770] R00-M0-N01-J12-2:4561:ibm.runjob.client.Job: job 4561 started
hello from rank 25 of 32 
hello from rank 11 of 32 
hello from rank 28 of 32 
hello from rank 7 of 32 
hello from rank 18 of 32 
hello from rank 9 of 32 
hello from rank 4 of 32 
hello from rank 29 of 32 
hello from rank 6 of 32 
hello from rank 20 of 32 
hello from rank 8 of 32 
hello from rank 27 of 32 
hello from rank 10 of 32 
hello from rank 19 of 32 
hello from rank 5 of 32 
hello from rank 31 of 32 
hello from rank 14 of 32 
hello from rank 22 of 32 
MPIDI_Process.*
hello from rank 23 of 32 
hello from rank 3 of 32 
  verbose      : 1
hello from rank 21 of 32 
hello from rank 12 of 32 
hello from rank 1 of 32 
hello from rank 16 of 32 
hello from rank 2 of 32 
hello from rank 15 of 32 
hello from rank 17 of 32 
hello from rank 24 of 32 
  statistics   : 0
hello from rank 13 of 32 
hello from rank 30 of 32 
hello from rank 26 of 32 
  contexts     : 2
  commthreads  : 16
  context_post : 1
  short_limit  : 113
  eager_limit  : 2049
  rma_pending  : 1000
  shmem_pt2pt  : 1
  optimized.collectives : 0
  optimized.subcomms    : 1
The following PAMI_* environment variables were specified:
  PAMI_NUMCLIENTS=1
  PAMI_MAX_COMMTHREADS=16
  PAMI_VERBOSE=1
  PAMI_COMMTHREADS=16
The following BG_* environment variables were specified:
  BG_SHAREDMEMSIZE=32MB
  BG_APPAGENT1=/bgsys/drivers/ppcfloor/agents/bin/comm.elf
hello from rank 0 of 32 
max = 1000000 doubles, repetitions = 100 
target =    0 size =          1 put: 1.213811e-05 sec 6.590811e-01 MB/s acc: 2.672786e-05 sec  2.993132e-01 MB/s
target =    1 size =          1 put: 1.685741e-05 sec 4.745687e-01 MB/s acc: 2.147245e-05 sec  3.725704e-01 MB/s
target =    2 size =          1 put: 1.563574e-05 sec 5.116482e-01 MB/s acc: 2.106776e-05 sec  3.797272e-01 MB/s
target =    3 size =          1 put: 1.572046e-05 sec 5.088911e-01 MB/s acc: 2.138667e-05 sec  3.740647e-01 MB/s
target =    4 size =          1 put: 1.593153e-05 sec 5.021490e-01 MB/s acc: 2.127184e-05 sec  3.760841e-01 MB/s
target =    5 size =          1 put: 1.570032e-05 sec 5.095438e-01 MB/s acc: 2.121941e-05 sec  3.770133e-01 MB/s
target =    6 size =          1 put: 1.548623e-05 sec 5.165879e-01 MB/s acc: 2.123516e-05 sec  3.767337e-01 MB/s
target =    7 size =          1 put: 1.575777e-05 sec 5.076859e-01 MB/s acc: 2.146674e-05 sec  3.726695e-01 MB/s
target =    8 size =          1 put: 1.564438e-05 sec 5.113657e-01 MB/s acc: 2.122884e-05 sec  3.768458e-01 MB/s
target =    9 size =          1 put: 1.575762e-05 sec 5.076909e-01 MB/s acc: 2.116971e-05 sec  3.778984e-01 MB/s
target =   10 size =          1 put: 1.569221e-05 sec 5.098070e-01 MB/s acc: 2.121085e-05 sec  3.771655e-01 MB/s
target =   11 size =          1 put: 1.581426e-05 sec 5.058727e-01 MB/s acc: 2.145997e-05 sec  3.727871e-01 MB/s
target =   12 size =          1 put: 1.583691e-05 sec 5.051492e-01 MB/s acc: 2.122483e-05 sec  3.769170e-01 MB/s
target =   13 size =          1 put: 1.571622e-05 sec 5.090283e-01 MB/s acc: 2.107482e-05 sec  3.795999e-01 MB/s
target =   14 size =          1 put: 1.560006e-05 sec 5.128185e-01 MB/s acc: 2.112417e-05 sec  3.787131e-01 MB/s
target =   15 size =          1 put: 1.554241e-05 sec 5.147208e-01 MB/s acc: 2.125853e-05 sec  3.763195e-01 MB/s
target =   16 size =          1 put: 1.938386e-05 sec 4.127146e-01 MB/s acc: 2.424248e-05 sec  3.299992e-01 MB/s
target =   17 size =          1 put: 1.818575e-05 sec 4.399049e-01 MB/s acc: 2.419239e-05 sec  3.306824e-01 MB/s
target =   18 size =          1 put: 1.826157e-05 sec 4.380785e-01 MB/s acc: 2.375100e-05 sec  3.368279e-01 MB/s
target =   19 size =          1 put: 1.836115e-05 sec 4.357026e-01 MB/s acc: 2.408399e-05 sec  3.321709e-01 MB/s
target =   20 size =          1 put: 1.828622e-05 sec 4.374879e-01 MB/s acc: 2.436830e-05 sec  3.282954e-01 MB/s
target =   21 size =          1 put: 1.815114e-05 sec 4.407437e-01 MB/s acc: 2.404601e-05 sec  3.326956e-01 MB/s
target =   22 size =          1 put: 1.810765e-05 sec 4.418022e-01 MB/s acc: 2.372328e-05 sec  3.372216e-01 MB/s
target =   23 size =          1 put: 1.832623e-05 sec 4.365327e-01 MB/s acc: 2.386343e-05 sec  3.352410e-01 MB/s
target =   24 size =          1 put: 1.820839e-05 sec 4.393580e-01 MB/s acc: 2.384393e-05 sec  3.355152e-01 MB/s
target =   25 size =          1 put: 1.833997e-05 sec 4.362058e-01 MB/s acc: 2.431252e-05 sec  3.290486e-01 MB/s
target =   26 size =          1 put: 1.821376e-05 sec 4.392285e-01 MB/s acc: 2.410718e-05 sec  3.318513e-01 MB/s
target =   27 size =          1 put: 1.820119e-05 sec 4.395316e-01 MB/s acc: 2.376738e-05 sec  3.365958e-01 MB/s
target =   28 size =          1 put: 1.819834e-05 sec 4.396004e-01 MB/s acc: 2.418854e-05 sec  3.307351e-01 MB/s
target =   29 size =          1 put: 1.824354e-05 sec 4.385113e-01 MB/s acc: 2.409261e-05 sec  3.320520e-01 MB/s
target =   30 size =          1 put: 1.803756e-05 sec 4.435191e-01 MB/s acc: 2.391106e-05 sec  3.345732e-01 MB/s
target =   31 size =          1 put: 1.823934e-05 sec 4.386124e-01 MB/s acc: 2.418847e-05 sec  3.307360e-01 MB/s
target =    0 size =          2 put: 1.206135e-05 sec 1.326551e+00 MB/s acc: 2.731916e-05 sec  5.856696e-01 MB/s
target =    1 size =          2 put: 1.616625e-05 sec 9.897162e-01 MB/s acc: 2.210000e-05 sec  7.239819e-01 MB/s
target =    2 size =          2 put: 1.603042e-05 sec 9.981020e-01 MB/s acc: 2.179435e-05 sec  7.341352e-01 MB/s
target =    3 size =          2 put: 1.600611e-05 sec 9.996185e-01 MB/s acc: 2.187355e-05 sec  7.314771e-01 MB/s
target =    4 size =          2 put: 1.604375e-05 sec 9.972731e-01 MB/s acc: 2.168314e-05 sec  7.379006e-01 MB/s
target =    5 size =          2 put: 1.587457e-05 sec 1.007901e+00 MB/s acc: 2.186256e-05 sec  7.318449e-01 MB/s
target =    6 size =          2 put: 1.579414e-05 sec 1.013034e+00 MB/s acc: 2.195934e-05 sec  7.286192e-01 MB/s
target =    7 size =          2 put: 1.608695e-05 sec 9.945950e-01 MB/s acc: 2.182112e-05 sec  7.332346e-01 MB/s
target =    8 size =          2 put: 1.581962e-05 sec 1.011402e+00 MB/s acc: 2.156961e-05 sec  7.417843e-01 MB/s
target =    9 size =          2 put: 1.585136e-05 sec 1.009377e+00 MB/s acc: 2.181233e-05 sec  7.335300e-01 MB/s
target =   10 size =          2 put: 1.575903e-05 sec 1.015291e+00 MB/s acc: 2.168676e-05 sec  7.377775e-01 MB/s
target =   11 size =          2 put: 1.594004e-05 sec 1.003761e+00 MB/s acc: 2.171794e-05 sec  7.367182e-01 MB/s
target =   12 size =          2 put: 1.593268e-05 sec 1.004225e+00 MB/s acc: 2.157485e-05 sec  7.416042e-01 MB/s
target =   13 size =          2 put: 1.615754e-05 sec 9.902495e-01 MB/s acc: 2.189160e-05 sec  7.308739e-01 MB/s
target =   14 size =          2 put: 1.589023e-05 sec 1.006908e+00 MB/s acc: 2.174527e-05 sec  7.357922e-01 MB/s
target =   15 size =          2 put: 1.581483e-05 sec 1.011709e+00 MB/s acc: 2.174354e-05 sec  7.358506e-01 MB/s
target =   16 size =          2 put: 1.827985e-05 sec 8.752807e-01 MB/s acc: 2.422910e-05 sec  6.603630e-01 MB/s
target =   17 size =          2 put: 1.820629e-05 sec 8.788173e-01 MB/s acc: 2.464466e-05 sec  6.492280e-01 MB/s
target =   18 size =          2 put: 1.810474e-05 sec 8.837466e-01 MB/s acc: 2.424433e-05 sec  6.599481e-01 MB/s
target =   19 size =          2 put: 1.822571e-05 sec 8.778806e-01 MB/s acc: 2.457525e-05 sec  6.510615e-01 MB/s
target =   20 size =          2 put: 1.839243e-05 sec 8.699231e-01 MB/s acc: 2.445994e-05 sec  6.541307e-01 MB/s
target =   21 size =          2 put: 1.825347e-05 sec 8.765457e-01 MB/s acc: 2.441013e-05 sec  6.554655e-01 MB/s
target =   22 size =          2 put: 1.841605e-05 sec 8.688074e-01 MB/s acc: 2.433732e-05 sec  6.574266e-01 MB/s
target =   23 size =          2 put: 1.823846e-05 sec 8.772672e-01 MB/s acc: 2.437027e-05 sec  6.565377e-01 MB/s
target =   24 size =          2 put: 1.831357e-05 sec 8.736691e-01 MB/s acc: 2.439728e-05 sec  6.558108e-01 MB/s
target =   25 size =          2 put: 1.835196e-05 sec 8.718417e-01 MB/s acc: 2.432708e-05 sec  6.577034e-01 MB/s
target =   26 size =          2 put: 1.851243e-05 sec 8.642841e-01 MB/s acc: 2.448772e-05 sec  6.533888e-01 MB/s
target =   27 size =          2 put: 1.815771e-05 sec 8.811683e-01 MB/s acc: 2.432037e-05 sec  6.578848e-01 MB/s
target =   28 size =          2 put: 1.826552e-05 sec 8.759675e-01 MB/s acc: 2.469347e-05 sec  6.479444e-01 MB/s
target =   29 size =          2 put: 1.838476e-05 sec 8.702859e-01 MB/s acc: 2.438338e-05 sec  6.561846e-01 MB/s
target =   30 size =          2 put: 1.846828e-05 sec 8.663505e-01 MB/s acc: 2.451347e-05 sec  6.527024e-01 MB/s
target =   31 size =          2 put: 1.833064e-05 sec 8.728553e-01 MB/s acc: 2.447102e-05 sec  6.538345e-01 MB/s
target =    0 size =          4 put: 1.092699e-05 sec 2.928527e+00 MB/s acc: 2.741479e-05 sec  1.167253e+00 MB/s
target =    1 size =          4 put: 1.611871e-05 sec 1.985271e+00 MB/s acc: 2.207013e-05 sec  1.449923e+00 MB/s
target =    2 size =          4 put: 1.583309e-05 sec 2.021084e+00 MB/s acc: 2.186711e-05 sec  1.463385e+00 MB/s
target =    3 size =          4 put: 1.584552e-05 sec 2.019498e+00 MB/s acc: 2.199129e-05 sec  1.455121e+00 MB/s
target =    4 size =          4 put: 1.587968e-05 sec 2.015155e+00 MB/s acc: 2.201916e-05 sec  1.453280e+00 MB/s
target =    5 size =          4 put: 1.572108e-05 sec 2.035484e+00 MB/s acc: 2.178771e-05 sec  1.468718e+00 MB/s
target =    6 size =          4 put: 1.574047e-05 sec 2.032976e+00 MB/s acc: 2.194397e-05 sec  1.458259e+00 MB/s
target =    7 size =          4 put: 1.583668e-05 sec 2.020625e+00 MB/s acc: 2.195793e-05 sec  1.457332e+00 MB/s
target =    8 size =          4 put: 1.584255e-05 sec 2.019877e+00 MB/s acc: 2.215570e-05 sec  1.444324e+00 MB/s
target =    9 size =          4 put: 1.586305e-05 sec 2.017267e+00 MB/s acc: 2.173969e-05 sec  1.471962e+00 MB/s
target =   10 size =          4 put: 1.583598e-05 sec 2.020715e+00 MB/s acc: 2.182054e-05 sec  1.466508e+00 MB/s
target =   11 size =          4 put: 1.600467e-05 sec 1.999417e+00 MB/s acc: 2.177496e-05 sec  1.469578e+00 MB/s
target =   12 size =          4 put: 1.610748e-05 sec 1.986654e+00 MB/s acc: 2.201874e-05 sec  1.453307e+00 MB/s
target =   13 size =          4 put: 1.608653e-05 sec 1.989242e+00 MB/s acc: 2.196589e-05 sec  1.456804e+00 MB/s
target =   14 size =          4 put: 1.587246e-05 sec 2.016071e+00 MB/s acc: 2.176653e-05 sec  1.470147e+00 MB/s
target =   15 size =          4 put: 1.580640e-05 sec 2.024496e+00 MB/s acc: 2.177144e-05 sec  1.469815e+00 MB/s
target =   16 size =          4 put: 1.835598e-05 sec 1.743301e+00 MB/s acc: 2.425644e-05 sec  1.319237e+00 MB/s
target =   17 size =          4 put: 1.827734e-05 sec 1.750801e+00 MB/s acc: 2.458664e-05 sec  1.301520e+00 MB/s
target =   18 size =          4 put: 1.830794e-05 sec 1.747875e+00 MB/s acc: 2.436746e-05 sec  1.313227e+00 MB/s
target =   19 size =          4 put: 1.830114e-05 sec 1.748525e+00 MB/s acc: 2.447123e-05 sec  1.307658e+00 MB/s
target =   20 size =          4 put: 1.832063e-05 sec 1.746665e+00 MB/s acc: 2.451973e-05 sec  1.305071e+00 MB/s
target =   21 size =          4 put: 1.831796e-05 sec 1.746920e+00 MB/s acc: 2.443541e-05 sec  1.309575e+00 MB/s
target =   22 size =          4 put: 1.835341e-05 sec 1.743546e+00 MB/s acc: 2.436565e-05 sec  1.313324e+00 MB/s
target =   23 size =          4 put: 1.845143e-05 sec 1.734283e+00 MB/s acc: 2.453657e-05 sec  1.304176e+00 MB/s
target =   24 size =          4 put: 1.851230e-05 sec 1.728580e+00 MB/s acc: 2.420133e-05 sec  1.322242e+00 MB/s
target =   25 size =          4 put: 1.846751e-05 sec 1.732773e+00 MB/s acc: 2.467292e-05 sec  1.296969e+00 MB/s
target =   26 size =          4 put: 1.837970e-05 sec 1.741051e+00 MB/s acc: 2.470007e-05 sec  1.295543e+00 MB/s
target =   27 size =          4 put: 1.848529e-05 sec 1.731106e+00 MB/s acc: 2.460198e-05 sec  1.300709e+00 MB/s
target =   28 size =          4 put: 1.860866e-05 sec 1.719630e+00 MB/s acc: 2.459387e-05 sec  1.301137e+00 MB/s
target =   29 size =          4 put: 1.855639e-05 sec 1.724473e+00 MB/s acc: 2.452121e-05 sec  1.304993e+00 MB/s
target =   30 size =          4 put: 1.852729e-05 sec 1.727182e+00 MB/s acc: 2.441281e-05 sec  1.310787e+00 MB/s
target =   31 size =          4 put: 1.839592e-05 sec 1.739516e+00 MB/s acc: 2.460296e-05 sec  1.300657e+00 MB/s
target =    0 size =          8 put: 1.250370e-05 sec 5.118485e+00 MB/s acc: 2.779503e-05 sec  2.302570e+00 MB/s
target =    1 size =          8 put: 1.603282e-05 sec 3.991812e+00 MB/s acc: 2.255249e-05 sec  2.837824e+00 MB/s
target =    2 size =          8 put: 1.576437e-05 sec 4.059788e+00 MB/s acc: 2.220011e-05 sec  2.882869e+00 MB/s
target =    3 size =          8 put: 1.584740e-05 sec 4.038517e+00 MB/s acc: 2.250252e-05 sec  2.844126e+00 MB/s
target =    4 size =          8 put: 1.578293e-05 sec 4.055014e+00 MB/s acc: 2.225782e-05 sec  2.875393e+00 MB/s
target =    5 size =          8 put: 1.589030e-05 sec 4.027614e+00 MB/s acc: 2.231513e-05 sec  2.868010e+00 MB/s
target =    6 size =          8 put: 1.573552e-05 sec 4.067232e+00 MB/s acc: 2.239749e-05 sec  2.857463e+00 MB/s
target =    7 size =          8 put: 1.581296e-05 sec 4.047312e+00 MB/s acc: 2.253289e-05 sec  2.840292e+00 MB/s
target =    8 size =          8 put: 1.588924e-05 sec 4.027882e+00 MB/s acc: 2.233401e-05 sec  2.865584e+00 MB/s
target =    9 size =          8 put: 1.591429e-05 sec 4.021542e+00 MB/s acc: 2.229577e-05 sec  2.870499e+00 MB/s
target =   10 size =          8 put: 1.588405e-05 sec 4.029199e+00 MB/s acc: 2.230104e-05 sec  2.869821e+00 MB/s
target =   11 size =          8 put: 1.609124e-05 sec 3.977318e+00 MB/s acc: 2.253821e-05 sec  2.839622e+00 MB/s
target =   12 size =          8 put: 1.600607e-05 sec 3.998482e+00 MB/s acc: 2.242619e-05 sec  2.853806e+00 MB/s
target =   13 size =          8 put: 1.591827e-05 sec 4.020538e+00 MB/s acc: 2.242239e-05 sec  2.854290e+00 MB/s
target =   14 size =          8 put: 1.569822e-05 sec 4.076896e+00 MB/s acc: 2.239339e-05 sec  2.857987e+00 MB/s
target =   15 size =          8 put: 1.584446e-05 sec 4.039266e+00 MB/s acc: 2.236090e-05 sec  2.862139e+00 MB/s
target =   16 size =          8 put: 1.825740e-05 sec 3.505428e+00 MB/s acc: 2.470807e-05 sec  2.590246e+00 MB/s
target =   17 size =          8 put: 1.820176e-05 sec 3.516143e+00 MB/s acc: 2.489844e-05 sec  2.570442e+00 MB/s
target =   18 size =          8 put: 1.798581e-05 sec 3.558361e+00 MB/s acc: 2.460174e-05 sec  2.601442e+00 MB/s
target =   19 size =          8 put: 1.829770e-05 sec 3.497707e+00 MB/s acc: 2.473359e-05 sec  2.587574e+00 MB/s
target =   20 size =          8 put: 1.802749e-05 sec 3.550134e+00 MB/s acc: 2.477427e-05 sec  2.583325e+00 MB/s
target =   21 size =          8 put: 1.843180e-05 sec 3.472260e+00 MB/s acc: 2.473580e-05 sec  2.587343e+00 MB/s
target =   22 size =          8 put: 1.832747e-05 sec 3.492025e+00 MB/s acc: 2.494051e-05 sec  2.566107e+00 MB/s
target =   23 size =          8 put: 1.818385e-05 sec 3.519607e+00 MB/s acc: 2.477007e-05 sec  2.583764e+00 MB/s
target =   24 size =          8 put: 1.823936e-05 sec 3.508895e+00 MB/s acc: 2.484249e-05 sec  2.576232e+00 MB/s
target =   25 size =          8 put: 1.840516e-05 sec 3.477285e+00 MB/s acc: 2.494966e-05 sec  2.565166e+00 MB/s
target =   26 size =          8 put: 1.816341e-05 sec 3.523567e+00 MB/s acc: 2.507394e-05 sec  2.552450e+00 MB/s
target =   27 size =          8 put: 1.821106e-05 sec 3.514347e+00 MB/s acc: 2.484400e-05 sec  2.576075e+00 MB/s
target =   28 size =          8 put: 1.837652e-05 sec 3.482705e+00 MB/s acc: 2.496323e-05 sec  2.563771e+00 MB/s
target =   29 size =          8 put: 1.837019e-05 sec 3.483906e+00 MB/s acc: 2.498896e-05 sec  2.561131e+00 MB/s
target =   30 size =          8 put: 1.823766e-05 sec 3.509223e+00 MB/s acc: 2.479342e-05 sec  2.581330e+00 MB/s
target =   31 size =          8 put: 1.849750e-05 sec 3.459927e+00 MB/s acc: 2.485511e-05 sec  2.574924e+00 MB/s
target =    0 size =         16 put: 1.278970e-05 sec 1.000805e+01 MB/s acc: 2.848476e-05 sec  4.493632e+00 MB/s
target =    1 size =         16 put: 1.607459e-05 sec 7.962876e+00 MB/s acc: 2.333128e-05 sec  5.486197e+00 MB/s
target =    2 size =         16 put: 1.603554e-05 sec 7.982268e+00 MB/s acc: 2.317815e-05 sec  5.522442e+00 MB/s
target =    3 size =         16 put: 1.591897e-05 sec 8.040722e+00 MB/s acc: 2.323878e-05 sec  5.508036e+00 MB/s
target =    4 size =         16 put: 1.603659e-05 sec 7.981745e+00 MB/s acc: 2.361835e-05 sec  5.419515e+00 MB/s
target =    5 size =         16 put: 1.603189e-05 sec 7.984085e+00 MB/s acc: 2.295311e-05 sec  5.576587e+00 MB/s
target =    6 size =         16 put: 1.576074e-05 sec 8.121444e+00 MB/s acc: 2.300794e-05 sec  5.563297e+00 MB/s
target =    7 size =         16 put: 1.589685e-05 sec 8.051910e+00 MB/s acc: 2.306694e-05 sec  5.549068e+00 MB/s
target =    8 size =         16 put: 1.580669e-05 sec 8.097838e+00 MB/s acc: 2.292367e-05 sec  5.583748e+00 MB/s
target =    9 size =         16 put: 1.575431e-05 sec 8.124763e+00 MB/s acc: 2.291554e-05 sec  5.585730e+00 MB/s
target =   10 size =         16 put: 1.591009e-05 sec 8.045207e+00 MB/s acc: 2.313403e-05 sec  5.532976e+00 MB/s
target =   11 size =         16 put: 1.594800e-05 sec 8.026085e+00 MB/s acc: 2.292602e-05 sec  5.583175e+00 MB/s
target =   12 size =         16 put: 1.614782e-05 sec 7.926767e+00 MB/s acc: 2.309935e-05 sec  5.541281e+00 MB/s
target =   13 size =         16 put: 1.623392e-05 sec 7.884726e+00 MB/s acc: 2.317275e-05 sec  5.523729e+00 MB/s
target =   14 size =         16 put: 1.605593e-05 sec 7.972132e+00 MB/s acc: 2.292374e-05 sec  5.583730e+00 MB/s
target =   15 size =         16 put: 1.600074e-05 sec 7.999628e+00 MB/s acc: 2.287277e-05 sec  5.596174e+00 MB/s
target =   16 size =         16 put: 1.833353e-05 sec 6.981745e+00 MB/s acc: 2.529656e-05 sec  5.059977e+00 MB/s
target =   17 size =         16 put: 1.835150e-05 sec 6.974907e+00 MB/s acc: 2.541976e-05 sec  5.035452e+00 MB/s
target =   18 size =         16 put: 1.847888e-05 sec 6.926826e+00 MB/s acc: 2.519453e-05 sec  5.080469e+00 MB/s
target =   19 size =         16 put: 1.832696e-05 sec 6.984245e+00 MB/s acc: 2.542616e-05 sec  5.034186e+00 MB/s
target =   20 size =         16 put: 1.853458e-05 sec 6.906010e+00 MB/s acc: 2.555877e-05 sec  5.008065e+00 MB/s
target =   21 size =         16 put: 1.839732e-05 sec 6.957536e+00 MB/s acc: 2.557429e-05 sec  5.005026e+00 MB/s
target =   22 size =         16 put: 1.814316e-05 sec 7.055002e+00 MB/s acc: 2.539932e-05 sec  5.039504e+00 MB/s
target =   23 size =         16 put: 1.835029e-05 sec 6.975365e+00 MB/s acc: 2.522767e-05 sec  5.073793e+00 MB/s
target =   24 size =         16 put: 1.831398e-05 sec 6.989196e+00 MB/s acc: 2.522848e-05 sec  5.073632e+00 MB/s
target =   25 size =         16 put: 1.848088e-05 sec 6.926077e+00 MB/s acc: 2.549571e-05 sec  5.020452e+00 MB/s
target =   26 size =         16 put: 1.825359e-05 sec 7.012320e+00 MB/s acc: 2.549168e-05 sec  5.021247e+00 MB/s
target =   27 size =         16 put: 1.858221e-05 sec 6.888310e+00 MB/s acc: 2.548789e-05 sec  5.021993e+00 MB/s
target =   28 size =         16 put: 1.828276e-05 sec 7.001130e+00 MB/s acc: 2.546269e-05 sec  5.026963e+00 MB/s
target =   29 size =         16 put: 1.855838e-05 sec 6.897153e+00 MB/s acc: 2.544894e-05 sec  5.029678e+00 MB/s
target =   30 size =         16 put: 1.856487e-05 sec 6.894743e+00 MB/s acc: 2.523451e-05 sec  5.072419e+00 MB/s
target =   31 size =         16 put: 1.824563e-05 sec 7.015378e+00 MB/s acc: 2.541964e-05 sec  5.035476e+00 MB/s
target =    0 size =         32 put: 1.338217e-05 sec 1.912993e+01 MB/s acc: 3.420801e-05 sec  7.483627e+00 MB/s
target =    1 size =         32 put: 1.742494e-05 sec 1.469158e+01 MB/s acc: 2.689836e-05 sec  9.517308e+00 MB/s
target =    2 size =         32 put: 1.729053e-05 sec 1.480579e+01 MB/s acc: 2.662713e-05 sec  9.614254e+00 MB/s
target =    3 size =         32 put: 1.731799e-05 sec 1.478232e+01 MB/s acc: 2.706726e-05 sec  9.457922e+00 MB/s
target =    4 size =         32 put: 1.724695e-05 sec 1.484320e+01 MB/s acc: 2.687537e-05 sec  9.525451e+00 MB/s
target =    5 size =         32 put: 1.725279e-05 sec 1.483818e+01 MB/s acc: 2.671448e-05 sec  9.582818e+00 MB/s
target =    6 size =         32 put: 1.728456e-05 sec 1.481090e+01 MB/s acc: 2.690408e-05 sec  9.515285e+00 MB/s
target =    7 size =         32 put: 1.737981e-05 sec 1.472973e+01 MB/s acc: 2.697719e-05 sec  9.489499e+00 MB/s
target =    8 size =         32 put: 1.732399e-05 sec 1.477720e+01 MB/s acc: 2.677314e-05 sec  9.561823e+00 MB/s
target =    9 size =         32 put: 1.738901e-05 sec 1.472194e+01 MB/s acc: 2.686525e-05 sec  9.529038e+00 MB/s
target =   10 size =         32 put: 1.728914e-05 sec 1.480698e+01 MB/s acc: 2.694813e-05 sec  9.499731e+00 MB/s
target =   11 size =         32 put: 1.737769e-05 sec 1.473153e+01 MB/s acc: 2.689201e-05 sec  9.519557e+00 MB/s
target =   12 size =         32 put: 1.740167e-05 sec 1.471123e+01 MB/s acc: 2.677964e-05 sec  9.559500e+00 MB/s
target =   13 size =         32 put: 1.729778e-05 sec 1.479959e+01 MB/s acc: 2.701759e-05 sec  9.475309e+00 MB/s
target =   14 size =         32 put: 1.721253e-05 sec 1.487289e+01 MB/s acc: 2.693326e-05 sec  9.504978e+00 MB/s
target =   15 size =         32 put: 1.730001e-05 sec 1.479768e+01 MB/s acc: 2.710555e-05 sec  9.444560e+00 MB/s
target =   16 size =         32 put: 2.020917e-05 sec 1.266751e+01 MB/s acc: 2.915904e-05 sec  8.779437e+00 MB/s
target =   17 size =         32 put: 2.026583e-05 sec 1.263210e+01 MB/s acc: 2.958092e-05 sec  8.654227e+00 MB/s
target =   18 size =         32 put: 2.014821e-05 sec 1.270585e+01 MB/s acc: 2.919313e-05 sec  8.769186e+00 MB/s
target =   19 size =         32 put: 2.031009e-05 sec 1.260457e+01 MB/s acc: 2.931039e-05 sec  8.734103e+00 MB/s
target =   20 size =         32 put: 2.033974e-05 sec 1.258620e+01 MB/s acc: 2.914698e-05 sec  8.783071e+00 MB/s
target =   21 size =         32 put: 2.029584e-05 sec 1.261342e+01 MB/s acc: 2.922202e-05 sec  8.760515e+00 MB/s
target =   22 size =         32 put: 2.038059e-05 sec 1.256097e+01 MB/s acc: 2.920643e-05 sec  8.765195e+00 MB/s
target =   23 size =         32 put: 2.030130e-05 sec 1.261003e+01 MB/s acc: 2.935779e-05 sec  8.720001e+00 MB/s
target =   24 size =         32 put: 2.015783e-05 sec 1.269978e+01 MB/s acc: 2.938839e-05 sec  8.710922e+00 MB/s
target =   25 size =         32 put: 2.029266e-05 sec 1.261540e+01 MB/s acc: 2.937704e-05 sec  8.714289e+00 MB/s
target =   26 size =         32 put: 2.026709e-05 sec 1.263131e+01 MB/s acc: 2.960708e-05 sec  8.646580e+00 MB/s
target =   27 size =         32 put: 2.010731e-05 sec 1.273169e+01 MB/s acc: 2.916667e-05 sec  8.777142e+00 MB/s
target =   28 size =         32 put: 2.031592e-05 sec 1.260096e+01 MB/s acc: 2.940444e-05 sec  8.706169e+00 MB/s
target =   29 size =         32 put: 2.014006e-05 sec 1.271098e+01 MB/s acc: 2.921313e-05 sec  8.763184e+00 MB/s
target =   30 size =         32 put: 2.047499e-05 sec 1.250306e+01 MB/s acc: 2.936693e-05 sec  8.717288e+00 MB/s
target =   31 size =         32 put: 2.036818e-05 sec 1.256862e+01 MB/s acc: 2.923251e-05 sec  8.757374e+00 MB/s
target =    0 size =         64 put: 1.319404e-05 sec 3.880539e+01 MB/s acc: 3.879800e-05 sec  1.319656e+01 MB/s
target =    1 size =         64 put: 1.745578e-05 sec 2.933126e+01 MB/s acc: 3.135440e-05 sec  1.632945e+01 MB/s
target =    2 size =         64 put: 1.748509e-05 sec 2.928210e+01 MB/s acc: 3.110469e-05 sec  1.646054e+01 MB/s
target =    3 size =         64 put: 1.740571e-05 sec 2.941564e+01 MB/s acc: 3.126671e-05 sec  1.637524e+01 MB/s
target =    4 size =         64 put: 1.746306e-05 sec 2.931903e+01 MB/s acc: 3.102174e-05 sec  1.650455e+01 MB/s
target =    5 size =         64 put: 1.743771e-05 sec 2.936165e+01 MB/s acc: 3.111818e-05 sec  1.645340e+01 MB/s
target =    6 size =         64 put: 1.732839e-05 sec 2.954688e+01 MB/s acc: 3.116024e-05 sec  1.643119e+01 MB/s
target =    7 size =         64 put: 1.742265e-05 sec 2.938703e+01 MB/s acc: 3.128932e-05 sec  1.636341e+01 MB/s
target =    8 size =         64 put: 1.740057e-05 sec 2.942433e+01 MB/s acc: 3.101866e-05 sec  1.650619e+01 MB/s
target =    9 size =         64 put: 1.740907e-05 sec 2.940996e+01 MB/s acc: 3.080605e-05 sec  1.662011e+01 MB/s
target =   10 size =         64 put: 1.743518e-05 sec 2.936591e+01 MB/s acc: 3.109707e-05 sec  1.646457e+01 MB/s
target =   11 size =         64 put: 1.742109e-05 sec 2.938967e+01 MB/s acc: 3.104883e-05 sec  1.649015e+01 MB/s
target =   12 size =         64 put: 1.748346e-05 sec 2.928482e+01 MB/s acc: 3.114863e-05 sec  1.643732e+01 MB/s
target =   13 size =         64 put: 1.747241e-05 sec 2.930334e+01 MB/s acc: 3.108702e-05 sec  1.646990e+01 MB/s
target =   14 size =         64 put: 1.733753e-05 sec 2.953131e+01 MB/s acc: 3.096557e-05 sec  1.653449e+01 MB/s
target =   15 size =         64 put: 1.749226e-05 sec 2.927009e+01 MB/s acc: 3.119510e-05 sec  1.641283e+01 MB/s
target =   16 size =         64 put: 2.071601e-05 sec 2.471518e+01 MB/s acc: 3.173530e-05 sec  1.613345e+01 MB/s
target =   17 size =         64 put: 2.020516e-05 sec 2.534007e+01 MB/s acc: 3.203394e-05 sec  1.598305e+01 MB/s
target =   18 size =         64 put: 2.017366e-05 sec 2.537963e+01 MB/s acc: 3.204939e-05 sec  1.597534e+01 MB/s
target =   19 size =         64 put: 2.033016e-05 sec 2.518426e+01 MB/s acc: 3.212705e-05 sec  1.593673e+01 MB/s
target =   20 size =         64 put: 2.052706e-05 sec 2.494268e+01 MB/s acc: 3.211041e-05 sec  1.594499e+01 MB/s
target =   21 size =         64 put: 2.016581e-05 sec 2.538951e+01 MB/s acc: 3.169890e-05 sec  1.615198e+01 MB/s
target =   22 size =         64 put: 2.034700e-05 sec 2.516341e+01 MB/s acc: 3.166520e-05 sec  1.616917e+01 MB/s
target =   23 size =         64 put: 2.009559e-05 sec 2.547823e+01 MB/s acc: 3.177391e-05 sec  1.611385e+01 MB/s
target =   24 size =         64 put: 2.015219e-05 sec 2.540666e+01 MB/s acc: 3.192637e-05 sec  1.603690e+01 MB/s
target =   25 size =         64 put: 2.016971e-05 sec 2.538460e+01 MB/s acc: 3.203140e-05 sec  1.598432e+01 MB/s
target =   26 size =         64 put: 2.007699e-05 sec 2.550183e+01 MB/s acc: 3.210997e-05 sec  1.594520e+01 MB/s
target =   27 size =         64 put: 2.008084e-05 sec 2.549694e+01 MB/s acc: 3.204890e-05 sec  1.597559e+01 MB/s
target =   28 size =         64 put: 2.035151e-05 sec 2.515784e+01 MB/s acc: 3.210732e-05 sec  1.594652e+01 MB/s
target =   29 size =         64 put: 2.050517e-05 sec 2.496931e+01 MB/s acc: 3.189891e-05 sec  1.605071e+01 MB/s
target =   30 size =         64 put: 2.058489e-05 sec 2.487262e+01 MB/s acc: 3.195114e-05 sec  1.602447e+01 MB/s
target =   31 size =         64 put: 2.023109e-05 sec 2.530758e+01 MB/s acc: 3.205896e-05 sec  1.597057e+01 MB/s
target =    0 size =        128 put: 1.332618e-05 sec 7.684122e+01 MB/s acc: 4.611949e-05 sec  2.220320e+01 MB/s
target =    1 size =        128 put: 1.614503e-05 sec 6.342509e+01 MB/s acc: 3.902936e-05 sec  2.623666e+01 MB/s
target =    2 size =        128 put: 1.600929e-05 sec 6.396285e+01 MB/s acc: 3.867434e-05 sec  2.647750e+01 MB/s
target =    3 size =        128 put: 1.597988e-05 sec 6.408058e+01 MB/s acc: 3.881477e-05 sec  2.638171e+01 MB/s
target =    4 size =        128 put: 1.616445e-05 sec 6.334889e+01 MB/s acc: 3.910599e-05 sec  2.618524e+01 MB/s
target =    5 size =        128 put: 1.618379e-05 sec 6.327317e+01 MB/s acc: 3.899172e-05 sec  2.626199e+01 MB/s
target =    6 size =        128 put: 1.594443e-05 sec 6.422305e+01 MB/s acc: 3.909166e-05 sec  2.619484e+01 MB/s
target =    7 size =        128 put: 1.596524e-05 sec 6.413935e+01 MB/s acc: 3.898887e-05 sec  2.626390e+01 MB/s
target =    8 size =        128 put: 1.597237e-05 sec 6.411072e+01 MB/s acc: 3.897576e-05 sec  2.627274e+01 MB/s
target =    9 size =        128 put: 1.611402e-05 sec 6.354715e+01 MB/s acc: 3.902716e-05 sec  2.623814e+01 MB/s
target =   10 size =        128 put: 1.616909e-05 sec 6.333070e+01 MB/s acc: 3.890791e-05 sec  2.631855e+01 MB/s
target =   11 size =        128 put: 1.605547e-05 sec 6.377887e+01 MB/s acc: 3.887956e-05 sec  2.633775e+01 MB/s
target =   12 size =        128 put: 1.589119e-05 sec 6.443820e+01 MB/s acc: 3.899214e-05 sec  2.626170e+01 MB/s
target =   13 size =        128 put: 1.615538e-05 sec 6.338445e+01 MB/s acc: 3.894166e-05 sec  2.629575e+01 MB/s
target =   14 size =        128 put: 1.595032e-05 sec 6.419934e+01 MB/s acc: 3.887036e-05 sec  2.634398e+01 MB/s
target =   15 size =        128 put: 1.608261e-05 sec 6.367127e+01 MB/s acc: 3.884977e-05 sec  2.635794e+01 MB/s
target =   16 size =        128 put: 1.807316e-05 sec 5.665861e+01 MB/s acc: 3.481983e-05 sec  2.940853e+01 MB/s
target =   17 size =        128 put: 1.836627e-05 sec 5.575438e+01 MB/s acc: 3.521360e-05 sec  2.907967e+01 MB/s
target =   18 size =        128 put: 1.816422e-05 sec 5.637457e+01 MB/s acc: 3.495517e-05 sec  2.929466e+01 MB/s
target =   19 size =        128 put: 1.816598e-05 sec 5.636910e+01 MB/s acc: 3.536269e-05 sec  2.895707e+01 MB/s
target =   20 size =        128 put: 1.859386e-05 sec 5.507194e+01 MB/s acc: 3.561483e-05 sec  2.875207e+01 MB/s
target =   21 size =        128 put: 1.829963e-05 sec 5.595741e+01 MB/s acc: 3.532245e-05 sec  2.899006e+01 MB/s
target =   22 size =        128 put: 1.842984e-05 sec 5.556207e+01 MB/s acc: 3.521485e-05 sec  2.907864e+01 MB/s
target =   23 size =        128 put: 1.845605e-05 sec 5.548316e+01 MB/s acc: 3.516151e-05 sec  2.912275e+01 MB/s
target =   24 size =        128 put: 1.835594e-05 sec 5.578575e+01 MB/s acc: 3.544820e-05 sec  2.888722e+01 MB/s
target =   25 size =        128 put: 1.847663e-05 sec 5.542136e+01 MB/s acc: 3.558788e-05 sec  2.877385e+01 MB/s
target =   26 size =        128 put: 1.837386e-05 sec 5.573136e+01 MB/s acc: 3.579833e-05 sec  2.860469e+01 MB/s
target =   27 size =        128 put: 1.841804e-05 sec 5.559765e+01 MB/s acc: 3.570033e-05 sec  2.868321e+01 MB/s
target =   28 size =        128 put: 1.851757e-05 sec 5.529884e+01 MB/s acc: 3.537264e-05 sec  2.894893e+01 MB/s
target =   29 size =        128 put: 1.831469e-05 sec 5.591139e+01 MB/s acc: 3.547530e-05 sec  2.886515e+01 MB/s
target =   30 size =        128 put: 1.830260e-05 sec 5.594834e+01 MB/s acc: 3.539923e-05 sec  2.892719e+01 MB/s
target =   31 size =        128 put: 1.821098e-05 sec 5.622981e+01 MB/s acc: 3.517884e-05 sec  2.910841e+01 MB/s
target =    0 size =        256 put: 1.412645e-05 sec 1.449763e+02 MB/s acc: 6.658800e-05 sec  3.075629e+01 MB/s
target =    1 size =        256 put: 1.621247e-05 sec 1.263225e+02 MB/s acc: 5.700496e-05 sec  3.592670e+01 MB/s
target =    2 size =        256 put: 1.585997e-05 sec 1.291301e+02 MB/s acc: 5.674456e-05 sec  3.609157e+01 MB/s
target =    3 size =        256 put: 1.593711e-05 sec 1.285051e+02 MB/s acc: 5.664943e-05 sec  3.615217e+01 MB/s
target =    4 size =        256 put: 1.587451e-05 sec 1.290119e+02 MB/s acc: 5.668187e-05 sec  3.613148e+01 MB/s
target =    5 size =        256 put: 1.580171e-05 sec 1.296063e+02 MB/s acc: 5.676884e-05 sec  3.607613e+01 MB/s
target =    6 size =        256 put: 1.573463e-05 sec 1.301588e+02 MB/s acc: 5.684084e-05 sec  3.603043e+01 MB/s
target =    7 size =        256 put: 1.590975e-05 sec 1.287261e+02 MB/s acc: 5.702326e-05 sec  3.591517e+01 MB/s
target =    8 size =        256 put: 1.584889e-05 sec 1.292204e+02 MB/s acc: 5.664296e-05 sec  3.615630e+01 MB/s
target =    9 size =        256 put: 1.589170e-05 sec 1.288723e+02 MB/s acc: 5.661496e-05 sec  3.617418e+01 MB/s
target =   10 size =        256 put: 1.585138e-05 sec 1.292001e+02 MB/s acc: 5.641852e-05 sec  3.630014e+01 MB/s
target =   11 size =        256 put: 1.610184e-05 sec 1.271905e+02 MB/s acc: 5.669829e-05 sec  3.612102e+01 MB/s
target =   12 size =        256 put: 1.601862e-05 sec 1.278512e+02 MB/s acc: 5.662680e-05 sec  3.616662e+01 MB/s
target =   13 size =        256 put: 1.607514e-05 sec 1.274017e+02 MB/s acc: 5.659153e-05 sec  3.618916e+01 MB/s
target =   14 size =        256 put: 1.593000e-05 sec 1.285625e+02 MB/s acc: 5.684097e-05 sec  3.603035e+01 MB/s
target =   15 size =        256 put: 1.585783e-05 sec 1.291475e+02 MB/s acc: 5.689019e-05 sec  3.599918e+01 MB/s
target =   16 size =        256 put: 1.862962e-05 sec 1.099325e+02 MB/s acc: 4.636434e-05 sec  4.417188e+01 MB/s
target =   17 size =        256 put: 1.828303e-05 sec 1.120164e+02 MB/s acc: 4.766816e-05 sec  4.296369e+01 MB/s
target =   18 size =        256 put: 1.854379e-05 sec 1.104413e+02 MB/s acc: 4.713083e-05 sec  4.345351e+01 MB/s
target =   19 size =        256 put: 1.853522e-05 sec 1.104924e+02 MB/s acc: 4.706771e-05 sec  4.351178e+01 MB/s
target =   20 size =        256 put: 1.834469e-05 sec 1.116399e+02 MB/s acc: 4.708967e-05 sec  4.349149e+01 MB/s
target =   21 size =        256 put: 1.831086e-05 sec 1.118462e+02 MB/s acc: 4.728244e-05 sec  4.331417e+01 MB/s
target =   22 size =        256 put: 1.844379e-05 sec 1.110401e+02 MB/s acc: 4.728937e-05 sec  4.330783e+01 MB/s
target =   23 size =        256 put: 1.831731e-05 sec 1.118068e+02 MB/s acc: 4.709553e-05 sec  4.348608e+01 MB/s
target =   24 size =        256 put: 1.841429e-05 sec 1.112180e+02 MB/s acc: 4.742189e-05 sec  4.318680e+01 MB/s
target =   25 size =        256 put: 1.846572e-05 sec 1.109082e+02 MB/s acc: 4.767943e-05 sec  4.295353e+01 MB/s
target =   26 size =        256 put: 1.838411e-05 sec 1.114006e+02 MB/s acc: 4.746966e-05 sec  4.314334e+01 MB/s
target =   27 size =        256 put: 1.834802e-05 sec 1.116197e+02 MB/s acc: 4.767949e-05 sec  4.295348e+01 MB/s
target =   28 size =        256 put: 1.849073e-05 sec 1.107582e+02 MB/s acc: 4.754210e-05 sec  4.307761e+01 MB/s
target =   29 size =        256 put: 1.835000e-05 sec 1.116076e+02 MB/s acc: 4.763372e-05 sec  4.299475e+01 MB/s
target =   30 size =        256 put: 1.833646e-05 sec 1.116901e+02 MB/s acc: 4.713729e-05 sec  4.344756e+01 MB/s
target =   31 size =        256 put: 1.834209e-05 sec 1.116557e+02 MB/s acc: 4.760613e-05 sec  4.301967e+01 MB/s
target =    0 size =        512 put: 1.466418e-05 sec 2.793202e+02 MB/s acc: 1.064948e-04 sec  3.846195e+01 MB/s
target =    1 size =        512 put: 1.614919e-05 sec 2.536351e+02 MB/s acc: 9.322247e-05 sec  4.393790e+01 MB/s
target =    2 size =        512 put: 1.578291e-05 sec 2.595213e+02 MB/s acc: 9.290616e-05 sec  4.408750e+01 MB/s
target =    3 size =        512 put: 1.574606e-05 sec 2.601285e+02 MB/s acc: 9.291601e-05 sec  4.408282e+01 MB/s
target =    4 size =        512 put: 1.572503e-05 sec 2.604764e+02 MB/s acc: 9.265264e-05 sec  4.420813e+01 MB/s
target =    5 size =        512 put: 1.581059e-05 sec 2.590668e+02 MB/s acc: 9.287847e-05 sec  4.410064e+01 MB/s
target =    6 size =        512 put: 1.576978e-05 sec 2.597373e+02 MB/s acc: 9.263988e-05 sec  4.421422e+01 MB/s
target =    7 size =        512 put: 1.583574e-05 sec 2.586555e+02 MB/s acc: 9.302224e-05 sec  4.403248e+01 MB/s
target =    8 size =        512 put: 1.578129e-05 sec 2.595478e+02 MB/s acc: 9.277567e-05 sec  4.414951e+01 MB/s
target =    9 size =        512 put: 1.582841e-05 sec 2.587752e+02 MB/s acc: 9.279273e-05 sec  4.414139e+01 MB/s
target =   10 size =        512 put: 1.583118e-05 sec 2.587299e+02 MB/s acc: 9.276351e-05 sec  4.415530e+01 MB/s
target =   11 size =        512 put: 1.592492e-05 sec 2.572070e+02 MB/s acc: 9.297364e-05 sec  4.405550e+01 MB/s
target =   12 size =        512 put: 1.598488e-05 sec 2.562421e+02 MB/s acc: 9.297362e-05 sec  4.405551e+01 MB/s
target =   13 size =        512 put: 1.594650e-05 sec 2.568589e+02 MB/s acc: 9.291298e-05 sec  4.408426e+01 MB/s
target =   14 size =        512 put: 1.578967e-05 sec 2.594101e+02 MB/s acc: 9.286306e-05 sec  4.410796e+01 MB/s
target =   15 size =        512 put: 1.586683e-05 sec 2.581486e+02 MB/s acc: 9.331963e-05 sec  4.389216e+01 MB/s
target =   16 size =        512 put: 1.826189e-05 sec 2.242922e+02 MB/s acc: 6.988005e-05 sec  5.861473e+01 MB/s
target =   17 size =        512 put: 1.863966e-05 sec 2.197465e+02 MB/s acc: 7.057124e-05 sec  5.804064e+01 MB/s
target =   18 size =        512 put: 1.831955e-05 sec 2.235863e+02 MB/s acc: 7.029518e-05 sec  5.826858e+01 MB/s
target =   19 size =        512 put: 1.829051e-05 sec 2.239413e+02 MB/s acc: 7.027268e-05 sec  5.828723e+01 MB/s
target =   20 size =        512 put: 1.847544e-05 sec 2.216998e+02 MB/s acc: 7.011788e-05 sec  5.841592e+01 MB/s
target =   21 size =        512 put: 1.853943e-05 sec 2.209346e+02 MB/s acc: 7.013096e-05 sec  5.840502e+01 MB/s
target =   22 size =        512 put: 1.837012e-05 sec 2.229707e+02 MB/s acc: 7.009561e-05 sec  5.843448e+01 MB/s
target =   23 size =        512 put: 1.822238e-05 sec 2.247786e+02 MB/s acc: 7.028111e-05 sec  5.828024e+01 MB/s
target =   24 size =        512 put: 1.814466e-05 sec 2.257413e+02 MB/s acc: 7.011989e-05 sec  5.841424e+01 MB/s
target =   25 size =        512 put: 1.843038e-05 sec 2.222418e+02 MB/s acc: 7.017058e-05 sec  5.837204e+01 MB/s
target =   26 size =        512 put: 1.840564e-05 sec 2.225405e+02 MB/s acc: 6.988187e-05 sec  5.861320e+01 MB/s
target =   27 size =        512 put: 1.851504e-05 sec 2.212255e+02 MB/s acc: 7.010926e-05 sec  5.842309e+01 MB/s
target =   28 size =        512 put: 1.846666e-05 sec 2.218051e+02 MB/s acc: 6.998086e-05 sec  5.853029e+01 MB/s
target =   29 size =        512 put: 1.855528e-05 sec 2.207458e+02 MB/s acc: 7.029923e-05 sec  5.826522e+01 MB/s
target =   30 size =        512 put: 1.861453e-05 sec 2.200431e+02 MB/s acc: 6.997591e-05 sec  5.853443e+01 MB/s
target =   31 size =        512 put: 1.841188e-05 sec 2.224650e+02 MB/s acc: 7.036994e-05 sec  5.820667e+01 MB/s
target =    0 size =       1024 put: 1.598371e-05 sec 5.125219e+02 MB/s acc: 1.849779e-04 sec  4.428637e+01 MB/s
target =    1 size =       1024 put: 1.647241e-05 sec 4.973165e+02 MB/s acc: 1.642005e-04 sec  4.989023e+01 MB/s
target =    2 size =       1024 put: 1.605827e-05 sec 5.101420e+02 MB/s acc: 1.636164e-04 sec  5.006833e+01 MB/s
target =    3 size =       1024 put: 1.610253e-05 sec 5.087399e+02 MB/s acc: 1.634981e-04 sec  5.010456e+01 MB/s
target =    4 size =       1024 put: 1.609741e-05 sec 5.089017e+02 MB/s acc: 1.634484e-04 sec  5.011978e+01 MB/s
target =    5 size =       1024 put: 1.616291e-05 sec 5.068393e+02 MB/s acc: 1.634341e-04 sec  5.012418e+01 MB/s
target =    6 size =       1024 put: 1.601929e-05 sec 5.113835e+02 MB/s acc: 1.631558e-04 sec  5.020967e+01 MB/s
target =    7 size =       1024 put: 1.612287e-05 sec 5.080980e+02 MB/s acc: 1.634748e-04 sec  5.011169e+01 MB/s
target =    8 size =       1024 put: 1.619910e-05 sec 5.057071e+02 MB/s acc: 1.633328e-04 sec  5.015527e+01 MB/s
target =    9 size =       1024 put: 1.619883e-05 sec 5.057155e+02 MB/s acc: 1.633297e-04 sec  5.015621e+01 MB/s
target =   10 size =       1024 put: 1.621264e-05 sec 5.052848e+02 MB/s acc: 1.632250e-04 sec  5.018840e+01 MB/s
target =   11 size =       1024 put: 1.642672e-05 sec 4.986997e+02 MB/s acc: 1.631506e-04 sec  5.021128e+01 MB/s
target =   12 size =       1024 put: 1.636714e-05 sec 5.005151e+02 MB/s acc: 1.633174e-04 sec  5.016000e+01 MB/s
target =   13 size =       1024 put: 1.631569e-05 sec 5.020935e+02 MB/s acc: 1.633066e-04 sec  5.016332e+01 MB/s
target =   14 size =       1024 put: 1.618724e-05 sec 5.060777e+02 MB/s acc: 1.635557e-04 sec  5.008690e+01 MB/s
target =   15 size =       1024 put: 1.625250e-05 sec 5.040455e+02 MB/s acc: 1.638035e-04 sec  5.001115e+01 MB/s
target =   16 size =       1024 put: 2.082778e-05 sec 3.933209e+02 MB/s acc: 1.219986e-04 sec  6.714832e+01 MB/s
target =   17 size =       1024 put: 2.052978e-05 sec 3.990301e+02 MB/s acc: 1.207156e-04 sec  6.786198e+01 MB/s
target =   18 size =       1024 put: 2.052561e-05 sec 3.991111e+02 MB/s acc: 1.217814e-04 sec  6.726804e+01 MB/s
target =   19 size =       1024 put: 2.063506e-05 sec 3.969943e+02 MB/s acc: 1.218563e-04 sec  6.722674e+01 MB/s
target =   20 size =       1024 put: 2.073184e-05 sec 3.951409e+02 MB/s acc: 1.206511e-04 sec  6.789825e+01 MB/s
target =   21 size =       1024 put: 2.068090e-05 sec 3.961143e+02 MB/s acc: 1.241466e-04 sec  6.598648e+01 MB/s
target =   22 size =       1024 put: 2.069205e-05 sec 3.959008e+02 MB/s acc: 1.182665e-04 sec  6.926727e+01 MB/s
target =   23 size =       1024 put: 2.073584e-05 sec 3.950647e+02 MB/s acc: 1.226879e-04 sec  6.677107e+01 MB/s
target =   24 size =       1024 put: 2.086633e-05 sec 3.925942e+02 MB/s acc: 1.191060e-04 sec  6.877904e+01 MB/s
target =   25 size =       1024 put: 2.075318e-05 sec 3.947347e+02 MB/s acc: 1.237282e-04 sec  6.620966e+01 MB/s
target =   26 size =       1024 put: 2.078377e-05 sec 3.941537e+02 MB/s acc: 1.196384e-04 sec  6.847302e+01 MB/s
target =   27 size =       1024 put: 2.072787e-05 sec 3.952167e+02 MB/s acc: 1.224539e-04 sec  6.689865e+01 MB/s
target =   28 size =       1024 put: 2.088289e-05 sec 3.922829e+02 MB/s acc: 1.215878e-04 sec  6.737518e+01 MB/s
target =   29 size =       1024 put: 2.091531e-05 sec 3.916748e+02 MB/s acc: 1.245465e-04 sec  6.577462e+01 MB/s
target =   30 size =       1024 put: 2.076099e-05 sec 3.945862e+02 MB/s acc: 1.202887e-04 sec  6.810280e+01 MB/s
target =   31 size =       1024 put: 2.087321e-05 sec 3.924647e+02 MB/s acc: 1.236191e-04 sec  6.626807e+01 MB/s
target =    0 size =       2048 put: 1.806836e-05 sec 9.067784e+02 MB/s acc: 3.434384e-04 sec  4.770579e+01 MB/s
target =    1 size =       2048 put: 1.728383e-05 sec 9.479383e+02 MB/s acc: 3.040654e-04 sec  5.388314e+01 MB/s
target =    2 size =       2048 put: 1.670172e-05 sec 9.809765e+02 MB/s acc: 3.036795e-04 sec  5.395162e+01 MB/s
target =    3 size =       2048 put: 1.700913e-05 sec 9.632477e+02 MB/s acc: 3.032796e-04 sec  5.402275e+01 MB/s
target =    4 size =       2048 put: 1.696078e-05 sec 9.659932e+02 MB/s acc: 3.030404e-04 sec  5.406541e+01 MB/s
target =    5 size =       2048 put: 1.701280e-05 sec 9.630396e+02 MB/s acc: 3.031038e-04 sec  5.405409e+01 MB/s
target =    6 size =       2048 put: 1.689529e-05 sec 9.697375e+02 MB/s acc: 3.026780e-04 sec  5.413012e+01 MB/s
target =    7 size =       2048 put: 1.677254e-05 sec 9.768349e+02 MB/s acc: 3.031257e-04 sec  5.405018e+01 MB/s
target =    8 size =       2048 put: 1.661220e-05 sec 9.862631e+02 MB/s acc: 3.028882e-04 sec  5.409256e+01 MB/s
target =    9 size =       2048 put: 1.690798e-05 sec 9.690102e+02 MB/s acc: 3.028085e-04 sec  5.410680e+01 MB/s
target =   10 size =       2048 put: 1.700344e-05 sec 9.635699e+02 MB/s acc: 3.027380e-04 sec  5.411940e+01 MB/s
target =   11 size =       2048 put: 1.679571e-05 sec 9.754870e+02 MB/s acc: 3.027337e-04 sec  5.412018e+01 MB/s
target =   12 size =       2048 put: 1.706587e-05 sec 9.600445e+02 MB/s acc: 3.031305e-04 sec  5.404933e+01 MB/s
target =   13 size =       2048 put: 1.691171e-05 sec 9.687960e+02 MB/s acc: 3.031844e-04 sec  5.403972e+01 MB/s
target =   14 size =       2048 put: 1.665908e-05 sec 9.834880e+02 MB/s acc: 3.034603e-04 sec  5.399059e+01 MB/s
target =   15 size =       2048 put: 1.699281e-05 sec 9.641724e+02 MB/s acc: 3.041297e-04 sec  5.387176e+01 MB/s
target =   16 size =       2048 put: 2.560011e-05 sec 6.399973e+02 MB/s acc: 2.287474e-04 sec  7.162487e+01 MB/s
target =   17 size =       2048 put: 2.539810e-05 sec 6.450876e+02 MB/s acc: 2.294317e-04 sec  7.141124e+01 MB/s
target =   18 size =       2048 put: 2.549413e-05 sec 6.426577e+02 MB/s acc: 2.300863e-04 sec  7.120807e+01 MB/s
target =   19 size =       2048 put: 2.555989e-05 sec 6.410044e+02 MB/s acc: 2.298301e-04 sec  7.128743e+01 MB/s
target =   20 size =       2048 put: 2.556641e-05 sec 6.408408e+02 MB/s acc: 2.308787e-04 sec  7.096366e+01 MB/s
target =   21 size =       2048 put: 2.556978e-05 sec 6.407564e+02 MB/s acc: 2.286384e-04 sec  7.165901e+01 MB/s
target =   22 size =       2048 put: 2.545097e-05 sec 6.437476e+02 MB/s acc: 2.304035e-04 sec  7.111004e+01 MB/s
target =   23 size =       2048 put: 2.564596e-05 sec 6.388532e+02 MB/s acc: 2.297280e-04 sec  7.131912e+01 MB/s
target =   24 size =       2048 put: 2.551854e-05 sec 6.420431e+02 MB/s acc: 2.306746e-04 sec  7.102646e+01 MB/s
target =   25 size =       2048 put: 2.552243e-05 sec 6.419451e+02 MB/s acc: 2.294724e-04 sec  7.139856e+01 MB/s
target =   26 size =       2048 put: 2.569221e-05 sec 6.377030e+02 MB/s acc: 2.305789e-04 sec  7.105595e+01 MB/s
target =   27 size =       2048 put: 2.575228e-05 sec 6.362156e+02 MB/s acc: 2.298761e-04 sec  7.127318e+01 MB/s
target =   28 size =       2048 put: 2.557874e-05 sec 6.405320e+02 MB/s acc: 2.302379e-04 sec  7.116118e+01 MB/s
target =   29 size =       2048 put: 2.551792e-05 sec 6.420586e+02 MB/s acc: 2.294742e-04 sec  7.139799e+01 MB/s
target =   30 size =       2048 put: 2.564940e-05 sec 6.387674e+02 MB/s acc: 2.300054e-04 sec  7.123312e+01 MB/s
target =   31 size =       2048 put: 2.564318e-05 sec 6.389223e+02 MB/s acc: 2.291594e-04 sec  7.149608e+01 MB/s
target =    0 size =       4096 put: 2.009369e-05 sec 1.630760e+03 MB/s acc: 6.629623e-04 sec  4.942664e+01 MB/s
target =    1 size =       4096 put: 1.934999e-05 sec 1.693438e+03 MB/s acc: 5.896455e-04 sec  5.557237e+01 MB/s
target =    2 size =       4096 put: 1.905826e-05 sec 1.719359e+03 MB/s acc: 5.891739e-04 sec  5.561686e+01 MB/s
target =    3 size =       4096 put: 1.910344e-05 sec 1.715293e+03 MB/s acc: 5.879722e-04 sec  5.573053e+01 MB/s
target =    4 size =       4096 put: 1.914715e-05 sec 1.711377e+03 MB/s acc: 5.874411e-04 sec  5.578091e+01 MB/s
target =    5 size =       4096 put: 1.919371e-05 sec 1.707226e+03 MB/s acc: 5.876816e-04 sec  5.575808e+01 MB/s
target =    6 size =       4096 put: 1.922335e-05 sec 1.704594e+03 MB/s acc: 5.869485e-04 sec  5.582773e+01 MB/s
target =    7 size =       4096 put: 1.906781e-05 sec 1.718498e+03 MB/s acc: 5.878313e-04 sec  5.574388e+01 MB/s
target =    8 size =       4096 put: 1.909623e-05 sec 1.715941e+03 MB/s acc: 5.871149e-04 sec  5.581190e+01 MB/s
target =    9 size =       4096 put: 1.908729e-05 sec 1.716745e+03 MB/s acc: 5.874367e-04 sec  5.578133e+01 MB/s
target =   10 size =       4096 put: 1.928163e-05 sec 1.699442e+03 MB/s acc: 5.868466e-04 sec  5.583742e+01 MB/s
target =   11 size =       4096 put: 1.936936e-05 sec 1.691744e+03 MB/s acc: 5.874491e-04 sec  5.578015e+01 MB/s
target =   12 size =       4096 put: 1.926782e-05 sec 1.700660e+03 MB/s acc: 5.880329e-04 sec  5.572477e+01 MB/s
target =   13 size =       4096 put: 1.932359e-05 sec 1.695751e+03 MB/s acc: 5.878579e-04 sec  5.574136e+01 MB/s
target =   14 size =       4096 put: 1.922372e-05 sec 1.704560e+03 MB/s acc: 5.881082e-04 sec  5.571764e+01 MB/s
target =   15 size =       4096 put: 1.914274e-05 sec 1.711771e+03 MB/s acc: 5.886581e-04 sec  5.566559e+01 MB/s
target =   16 size =       4096 put: 3.487852e-05 sec 9.394894e+02 MB/s acc: 4.012039e-04 sec  8.167418e+01 MB/s
target =   17 size =       4096 put: 3.477362e-05 sec 9.423236e+02 MB/s acc: 4.012990e-04 sec  8.165483e+01 MB/s
target =   18 size =       4096 put: 3.493396e-05 sec 9.379984e+02 MB/s acc: 4.027513e-04 sec  8.136037e+01 MB/s
target =   19 size =       4096 put: 3.485641e-05 sec 9.400854e+02 MB/s acc: 4.028645e-04 sec  8.133752e+01 MB/s
target =   20 size =       4096 put: 3.499142e-05 sec 9.364582e+02 MB/s acc: 4.021767e-04 sec  8.147662e+01 MB/s
target =   21 size =       4096 put: 3.477151e-05 sec 9.423806e+02 MB/s acc: 4.014822e-04 sec  8.161756e+01 MB/s
target =   22 size =       4096 put: 3.479106e-05 sec 9.418511e+02 MB/s acc: 4.022590e-04 sec  8.145995e+01 MB/s
target =   23 size =       4096 put: 3.485831e-05 sec 9.400342e+02 MB/s acc: 4.013435e-04 sec  8.164578e+01 MB/s
target =   24 size =       4096 put: 3.486418e-05 sec 9.398760e+02 MB/s acc: 4.024976e-04 sec  8.141166e+01 MB/s
target =   25 size =       4096 put: 3.480937e-05 sec 9.413556e+02 MB/s acc: 4.008614e-04 sec  8.174396e+01 MB/s
target =   26 size =       4096 put: 3.498730e-05 sec 9.365684e+02 MB/s acc: 4.019029e-04 sec  8.153212e+01 MB/s
target =   27 size =       4096 put: 3.487845e-05 sec 9.394913e+02 MB/s acc: 4.014817e-04 sec  8.161766e+01 MB/s
target =   28 size =       4096 put: 3.494616e-05 sec 9.376709e+02 MB/s acc: 4.023270e-04 sec  8.144619e+01 MB/s
target =   29 size =       4096 put: 3.503251e-05 sec 9.353597e+02 MB/s acc: 4.013823e-04 sec  8.163787e+01 MB/s
target =   30 size =       4096 put: 3.501132e-05 sec 9.359259e+02 MB/s acc: 4.021681e-04 sec  8.147837e+01 MB/s
target =   31 size =       4096 put: 3.491602e-05 sec 9.384803e+02 MB/s acc: 4.013842e-04 sec  8.163750e+01 MB/s
target =    0 size =       8192 put: 2.380814e-05 sec 2.752672e+03 MB/s acc: 1.304236e-03 sec  5.024857e+01 MB/s
target =    1 size =       8192 put: 2.310664e-05 sec 2.836241e+03 MB/s acc: 1.160881e-03 sec  5.645368e+01 MB/s
target =    2 size =       8192 put: 2.253371e-05 sec 2.908353e+03 MB/s acc: 1.160829e-03 sec  5.645620e+01 MB/s
target =    3 size =       8192 put: 2.284936e-05 sec 2.868176e+03 MB/s acc: 1.157759e-03 sec  5.660591e+01 MB/s
target =    4 size =       8192 put: 2.286056e-05 sec 2.866771e+03 MB/s acc: 1.156715e-03 sec  5.665701e+01 MB/s
target =    5 size =       8192 put: 2.285812e-05 sec 2.867078e+03 MB/s acc: 1.157130e-03 sec  5.663666e+01 MB/s
target =    6 size =       8192 put: 2.267009e-05 sec 2.890858e+03 MB/s acc: 1.155172e-03 sec  5.673268e+01 MB/s
target =    7 size =       8192 put: 2.281390e-05 sec 2.872635e+03 MB/s acc: 1.156726e-03 sec  5.665645e+01 MB/s
target =    8 size =       8192 put: 2.250399e-05 sec 2.912195e+03 MB/s acc: 1.158132e-03 sec  5.658767e+01 MB/s
target =    9 size =       8192 put: 2.292426e-05 sec 2.858806e+03 MB/s acc: 1.156297e-03 sec  5.667750e+01 MB/s
target =   10 size =       8192 put: 2.276354e-05 sec 2.878990e+03 MB/s acc: 1.158144e-03 sec  5.658707e+01 MB/s
target =   11 size =       8192 put: 2.274562e-05 sec 2.881257e+03 MB/s acc: 1.156650e-03 sec  5.666020e+01 MB/s
target =   12 size =       8192 put: 2.295331e-05 sec 2.855187e+03 MB/s acc: 1.159483e-03 sec  5.652176e+01 MB/s
target =   13 size =       8192 put: 2.303979e-05 sec 2.844471e+03 MB/s acc: 1.157684e-03 sec  5.660960e+01 MB/s
target =   14 size =       8192 put: 2.289528e-05 sec 2.862425e+03 MB/s acc: 1.159641e-03 sec  5.651402e+01 MB/s
target =   15 size =       8192 put: 2.284689e-05 sec 2.868487e+03 MB/s acc: 1.158965e-03 sec  5.654699e+01 MB/s
target =   16 size =       8192 put: 5.329740e-05 sec 1.229628e+03 MB/s acc: 7.465173e-04 sec  8.778898e+01 MB/s
target =   17 size =       8192 put: 5.327568e-05 sec 1.230130e+03 MB/s acc: 7.462815e-04 sec  8.781673e+01 MB/s
target =   18 size =       8192 put: 5.305439e-05 sec 1.235261e+03 MB/s acc: 7.458797e-04 sec  8.786404e+01 MB/s
target =   19 size =       8192 put: 5.294906e-05 sec 1.237718e+03 MB/s acc: 7.462521e-04 sec  8.782018e+01 MB/s
target =   20 size =       8192 put: 5.300714e-05 sec 1.236362e+03 MB/s acc: 7.459822e-04 sec  8.785196e+01 MB/s
target =   21 size =       8192 put: 5.332261e-05 sec 1.229047e+03 MB/s acc: 7.469365e-04 sec  8.773972e+01 MB/s
target =   22 size =       8192 put: 5.322968e-05 sec 1.231193e+03 MB/s acc: 7.454975e-04 sec  8.790908e+01 MB/s
target =   23 size =       8192 put: 5.332925e-05 sec 1.228894e+03 MB/s acc: 7.463728e-04 sec  8.780599e+01 MB/s
target =   24 size =       8192 put: 5.319098e-05 sec 1.232089e+03 MB/s acc: 7.457062e-04 sec  8.788448e+01 MB/s
target =   25 size =       8192 put: 5.322506e-05 sec 1.231300e+03 MB/s acc: 7.456534e-04 sec  8.789071e+01 MB/s
target =   26 size =       8192 put: 5.318405e-05 sec 1.232249e+03 MB/s acc: 7.451367e-04 sec  8.795165e+01 MB/s
target =   27 size =       8192 put: 5.323514e-05 sec 1.231066e+03 MB/s acc: 7.454202e-04 sec  8.791820e+01 MB/s
target =   28 size =       8192 put: 5.326733e-05 sec 1.230323e+03 MB/s acc: 7.458218e-04 sec  8.787086e+01 MB/s
target =   29 size =       8192 put: 5.325701e-05 sec 1.230561e+03 MB/s acc: 7.458106e-04 sec  8.787218e+01 MB/s
target =   30 size =       8192 put: 5.322854e-05 sec 1.231219e+03 MB/s acc: 7.465467e-04 sec  8.778554e+01 MB/s
target =   31 size =       8192 put: 5.322176e-05 sec 1.231376e+03 MB/s acc: 7.453893e-04 sec  8.792184e+01 MB/s
target =    0 size =      16384 put: 3.144420e-05 sec 4.168400e+03 MB/s acc: 2.584649e-03 sec  5.071172e+01 MB/s
target =    1 size =      16384 put: 2.975859e-05 sec 4.404510e+03 MB/s acc: 2.303339e-03 sec  5.690522e+01 MB/s
target =    2 size =      16384 put: 2.947399e-05 sec 4.447040e+03 MB/s acc: 2.292928e-03 sec  5.716358e+01 MB/s
target =    3 size =      16384 put: 2.937079e-05 sec 4.462665e+03 MB/s acc: 2.297376e-03 sec  5.705291e+01 MB/s
target =    4 size =      16384 put: 2.943961e-05 sec 4.452233e+03 MB/s acc: 2.294521e-03 sec  5.712390e+01 MB/s
target =    5 size =      16384 put: 2.926256e-05 sec 4.479170e+03 MB/s acc: 2.295887e-03 sec  5.708992e+01 MB/s
target =    6 size =      16384 put: 2.910204e-05 sec 4.503876e+03 MB/s acc: 2.291523e-03 sec  5.719863e+01 MB/s
target =    7 size =      16384 put: 2.940735e-05 sec 4.457117e+03 MB/s acc: 2.294586e-03 sec  5.712227e+01 MB/s
target =    8 size =      16384 put: 2.925770e-05 sec 4.479915e+03 MB/s acc: 2.298716e-03 sec  5.701967e+01 MB/s
target =    9 size =      16384 put: 2.933112e-05 sec 4.468700e+03 MB/s acc: 2.294143e-03 sec  5.713331e+01 MB/s
target =   10 size =      16384 put: 2.936877e-05 sec 4.462971e+03 MB/s acc: 2.298232e-03 sec  5.703167e+01 MB/s
target =   11 size =      16384 put: 2.964276e-05 sec 4.421720e+03 MB/s acc: 2.294418e-03 sec  5.712646e+01 MB/s
target =   12 size =      16384 put: 2.937889e-05 sec 4.461435e+03 MB/s acc: 2.300531e-03 sec  5.697468e+01 MB/s
target =   13 size =      16384 put: 2.959106e-05 sec 4.429446e+03 MB/s acc: 2.297247e-03 sec  5.705613e+01 MB/s
target =   14 size =      16384 put: 2.929809e-05 sec 4.473738e+03 MB/s acc: 2.301700e-03 sec  5.694572e+01 MB/s
target =   15 size =      16384 put: 2.953708e-05 sec 4.437542e+03 MB/s acc: 2.299748e-03 sec  5.699407e+01 MB/s
target =   16 size =      16384 put: 9.001146e-05 sec 1.456170e+03 MB/s acc: 1.432954e-03 sec  9.146978e+01 MB/s
target =   17 size =      16384 put: 9.001587e-05 sec 1.456099e+03 MB/s acc: 1.434252e-03 sec  9.138702e+01 MB/s
target =   18 size =      16384 put: 8.997234e-05 sec 1.456803e+03 MB/s acc: 1.435366e-03 sec  9.131607e+01 MB/s
target =   19 size =      16384 put: 9.004344e-05 sec 1.455653e+03 MB/s acc: 1.435924e-03 sec  9.128061e+01 MB/s
target =   20 size =      16384 put: 9.007572e-05 sec 1.455131e+03 MB/s acc: 1.435193e-03 sec  9.132708e+01 MB/s
target =   21 size =      16384 put: 9.016602e-05 sec 1.453674e+03 MB/s acc: 1.433000e-03 sec  9.146683e+01 MB/s
target =   22 size =      16384 put: 9.010044e-05 sec 1.454732e+03 MB/s acc: 1.435069e-03 sec  9.133498e+01 MB/s
target =   23 size =      16384 put: 9.022778e-05 sec 1.452679e+03 MB/s acc: 1.433659e-03 sec  9.142481e+01 MB/s
target =   24 size =      16384 put: 9.011662e-05 sec 1.454471e+03 MB/s acc: 1.434229e-03 sec  9.138844e+01 MB/s
target =   25 size =      16384 put: 9.015790e-05 sec 1.453805e+03 MB/s acc: 1.434401e-03 sec  9.137751e+01 MB/s
target =   26 size =      16384 put: 9.018672e-05 sec 1.453340e+03 MB/s acc: 1.433890e-03 sec  9.141007e+01 MB/s
target =   27 size =      16384 put: 9.019979e-05 sec 1.453130e+03 MB/s acc: 1.433899e-03 sec  9.140950e+01 MB/s
target =   28 size =      16384 put: 9.012259e-05 sec 1.454374e+03 MB/s acc: 1.434408e-03 sec  9.137710e+01 MB/s
target =   29 size =      16384 put: 8.998715e-05 sec 1.456564e+03 MB/s acc: 1.434123e-03 sec  9.139524e+01 MB/s
target =   30 size =      16384 put: 9.021436e-05 sec 1.452895e+03 MB/s acc: 1.434121e-03 sec  9.139538e+01 MB/s
target =   31 size =      16384 put: 9.007151e-05 sec 1.455199e+03 MB/s acc: 1.433924e-03 sec  9.140793e+01 MB/s
target =    0 size =      32768 put: 4.613641e-05 sec 5.681933e+03 MB/s acc: 5.143113e-03 sec  5.096991e+01 MB/s
target =    1 size =      32768 put: 4.328366e-05 sec 6.056419e+03 MB/s acc: 4.587542e-03 sec  5.714258e+01 MB/s
target =    2 size =      32768 put: 4.274958e-05 sec 6.132083e+03 MB/s acc: 4.566346e-03 sec  5.740783e+01 MB/s
target =    3 size =      32768 put: 4.287581e-05 sec 6.114030e+03 MB/s acc: 4.576033e-03 sec  5.728629e+01 MB/s
target =    4 size =      32768 put: 4.294766e-05 sec 6.103801e+03 MB/s acc: 4.570089e-03 sec  5.736081e+01 MB/s
target =    5 size =      32768 put: 4.301746e-05 sec 6.093897e+03 MB/s acc: 4.572564e-03 sec  5.732976e+01 MB/s
target =    6 size =      32768 put: 4.271094e-05 sec 6.137632e+03 MB/s acc: 4.563723e-03 sec  5.744082e+01 MB/s
target =    7 size =      32768 put: 4.268865e-05 sec 6.140836e+03 MB/s acc: 4.568918e-03 sec  5.737551e+01 MB/s
target =    8 size =      32768 put: 4.277885e-05 sec 6.127888e+03 MB/s acc: 4.579097e-03 sec  5.724797e+01 MB/s
target =    9 size =      32768 put: 4.281123e-05 sec 6.123253e+03 MB/s acc: 4.569349e-03 sec  5.737010e+01 MB/s
target =   10 size =      32768 put: 4.282070e-05 sec 6.121899e+03 MB/s acc: 4.578351e-03 sec  5.725730e+01 MB/s
target =   11 size =      32768 put: 4.279323e-05 sec 6.125829e+03 MB/s acc: 4.570035e-03 sec  5.736149e+01 MB/s
target =   12 size =      32768 put: 4.290764e-05 sec 6.109495e+03 MB/s acc: 4.582694e-03 sec  5.720303e+01 MB/s
target =   13 size =      32768 put: 4.286927e-05 sec 6.114963e+03 MB/s acc: 4.575261e-03 sec  5.729597e+01 MB/s
target =   14 size =      32768 put: 4.252252e-05 sec 6.164827e+03 MB/s acc: 4.585062e-03 sec  5.717349e+01 MB/s
target =   15 size =      32768 put: 4.266189e-05 sec 6.144688e+03 MB/s acc: 4.580840e-03 sec  5.722618e+01 MB/s
target =   16 size =      32768 put: 1.637479e-04 sec 1.600900e+03 MB/s acc: 3.328371e-03 sec  7.876044e+01 MB/s
target =   17 size =      32768 put: 1.637250e-04 sec 1.601123e+03 MB/s acc: 3.327071e-03 sec  7.879123e+01 MB/s
target =   18 size =      32768 put: 1.634934e-04 sec 1.603392e+03 MB/s acc: 3.341169e-03 sec  7.845876e+01 MB/s
target =   19 size =      32768 put: 1.638029e-04 sec 1.600362e+03 MB/s acc: 3.334833e-03 sec  7.860783e+01 MB/s
target =   20 size =      32768 put: 1.637796e-04 sec 1.600590e+03 MB/s acc: 3.344442e-03 sec  7.838199e+01 MB/s
target =   21 size =      32768 put: 1.637414e-04 sec 1.600964e+03 MB/s acc: 3.329375e-03 sec  7.873669e+01 MB/s
target =   22 size =      32768 put: 1.639297e-04 sec 1.599125e+03 MB/s acc: 3.350079e-03 sec  7.825009e+01 MB/s
target =   23 size =      32768 put: 1.637455e-04 sec 1.600924e+03 MB/s acc: 3.348174e-03 sec  7.829461e+01 MB/s
target =   24 size =      32768 put: 1.637319e-04 sec 1.601057e+03 MB/s acc: 3.347409e-03 sec  7.831251e+01 MB/s
target =   25 size =      32768 put: 1.639180e-04 sec 1.599239e+03 MB/s acc: 3.331328e-03 sec  7.869055e+01 MB/s
target =   26 size =      32768 put: 1.638131e-04 sec 1.600263e+03 MB/s acc: 3.345181e-03 sec  7.836468e+01 MB/s
target =   27 size =      32768 put: 1.636783e-04 sec 1.601581e+03 MB/s acc: 3.328805e-03 sec  7.875019e+01 MB/s
target =   28 size =      32768 put: 1.636984e-04 sec 1.601384e+03 MB/s acc: 3.344974e-03 sec  7.836952e+01 MB/s
target =   29 size =      32768 put: 1.638359e-04 sec 1.600040e+03 MB/s acc: 3.321825e-03 sec  7.891564e+01 MB/s
target =   30 size =      32768 put: 1.638210e-04 sec 1.600186e+03 MB/s acc: 3.341453e-03 sec  7.845209e+01 MB/s
target =   31 size =      32768 put: 1.637600e-04 sec 1.600782e+03 MB/s acc: 3.321463e-03 sec  7.892425e+01 MB/s
target =    0 size =      65536 put: 7.619929e-05 sec 6.880484e+03 MB/s acc: 1.026878e-02 sec  5.105652e+01 MB/s
target =    1 size =      65536 put: 7.038444e-05 sec 7.448919e+03 MB/s acc: 9.161882e-03 sec  5.722493e+01 MB/s
target =    2 size =      65536 put: 7.015844e-05 sec 7.472914e+03 MB/s acc: 9.142932e-03 sec  5.734353e+01 MB/s
target =    3 size =      65536 put: 7.014989e-05 sec 7.473825e+03 MB/s acc: 9.132986e-03 sec  5.740598e+01 MB/s
target =    4 size =      65536 put: 7.030391e-05 sec 7.457451e+03 MB/s acc: 9.103941e-03 sec  5.758913e+01 MB/s
target =    5 size =      65536 put: 7.010817e-05 sec 7.478273e+03 MB/s acc: 9.132939e-03 sec  5.740627e+01 MB/s
target =    6 size =      65536 put: 6.991019e-05 sec 7.499451e+03 MB/s acc: 9.115575e-03 sec  5.751563e+01 MB/s
target =    7 size =      65536 put: 7.026176e-05 sec 7.461925e+03 MB/s acc: 9.125584e-03 sec  5.745254e+01 MB/s
target =    8 size =      65536 put: 7.001480e-05 sec 7.488245e+03 MB/s acc: 9.123194e-03 sec  5.746760e+01 MB/s
target =    9 size =      65536 put: 7.016230e-05 sec 7.472503e+03 MB/s acc: 9.121476e-03 sec  5.747841e+01 MB/s
target =   10 size =      65536 put: 6.995875e-05 sec 7.494245e+03 MB/s acc: 9.140490e-03 sec  5.735885e+01 MB/s
target =   11 size =      65536 put: 7.035166e-05 sec 7.452390e+03 MB/s acc: 9.121609e-03 sec  5.747758e+01 MB/s
target =   12 size =      65536 put: 7.029661e-05 sec 7.458226e+03 MB/s acc: 9.130321e-03 sec  5.742273e+01 MB/s
target =   13 size =      65536 put: 7.048248e-05 sec 7.438558e+03 MB/s acc: 9.133162e-03 sec  5.740487e+01 MB/s
target =   14 size =      65536 put: 6.997939e-05 sec 7.492034e+03 MB/s acc: 9.152614e-03 sec  5.728287e+01 MB/s
target =   15 size =      65536 put: 7.017365e-05 sec 7.471294e+03 MB/s acc: 9.143353e-03 sec  5.734089e+01 MB/s
target =   16 size =      65536 put: 3.113876e-04 sec 1.683715e+03 MB/s acc: 6.081484e-03 sec  8.621054e+01 MB/s
target =   17 size =      65536 put: 3.113123e-04 sec 1.684122e+03 MB/s acc: 6.084689e-03 sec  8.616513e+01 MB/s
target =   18 size =      65536 put: 3.114420e-04 sec 1.683421e+03 MB/s acc: 6.081431e-03 sec  8.621128e+01 MB/s
target =   19 size =      65536 put: 3.111414e-04 sec 1.685048e+03 MB/s acc: 6.092491e-03 sec  8.605478e+01 MB/s
target =   20 size =      65536 put: 3.112865e-04 sec 1.684262e+03 MB/s acc: 6.100863e-03 sec  8.593670e+01 MB/s
target =   21 size =      65536 put: 3.114181e-04 sec 1.683550e+03 MB/s acc: 6.088616e-03 sec  8.610955e+01 MB/s
target =   22 size =      65536 put: 3.112473e-04 sec 1.684474e+03 MB/s acc: 6.090234e-03 sec  8.608668e+01 MB/s
target =   23 size =      65536 put: 3.111384e-04 sec 1.685064e+03 MB/s acc: 6.092440e-03 sec  8.605550e+01 MB/s
target =   24 size =      65536 put: 3.113227e-04 sec 1.684066e+03 MB/s acc: 6.091966e-03 sec  8.606219e+01 MB/s
target =   25 size =      65536 put: 3.113847e-04 sec 1.683731e+03 MB/s acc: 6.106424e-03 sec  8.585843e+01 MB/s
target =   26 size =      65536 put: 3.113672e-04 sec 1.683826e+03 MB/s acc: 6.095693e-03 sec  8.600958e+01 MB/s
target =   27 size =      65536 put: 3.114070e-04 sec 1.683610e+03 MB/s acc: 6.107301e-03 sec  8.584610e+01 MB/s
target =   28 size =      65536 put: 3.113709e-04 sec 1.683805e+03 MB/s acc: 6.104278e-03 sec  8.588861e+01 MB/s
target =   29 size =      65536 put: 3.111903e-04 sec 1.684783e+03 MB/s acc: 6.085559e-03 sec  8.615280e+01 MB/s
target =   30 size =      65536 put: 3.113723e-04 sec 1.683798e+03 MB/s acc: 6.084991e-03 sec  8.616085e+01 MB/s
target =   31 size =      65536 put: 3.113150e-04 sec 1.684108e+03 MB/s acc: 6.094615e-03 sec  8.602479e+01 MB/s
target =    0 size =     131072 put: 1.382003e-04 sec 7.587363e+03 MB/s acc: 2.051407e-02 sec  5.111498e+01 MB/s
target =    1 size =     131072 put: 1.245439e-04 sec 8.419328e+03 MB/s acc: 1.830423e-02 sec  5.728601e+01 MB/s
target =    2 size =     131072 put: 1.240518e-04 sec 8.452728e+03 MB/s acc: 1.826757e-02 sec  5.740096e+01 MB/s
target =    3 size =     131072 put: 1.243443e-04 sec 8.432842e+03 MB/s acc: 1.824799e-02 sec  5.746253e+01 MB/s
target =    4 size =     131072 put: 1.242038e-04 sec 8.442384e+03 MB/s acc: 1.828115e-02 sec  5.735831e+01 MB/s
target =    5 size =     131072 put: 1.233357e-04 sec 8.501806e+03 MB/s acc: 1.824803e-02 sec  5.746241e+01 MB/s
target =    6 size =     131072 put: 1.238221e-04 sec 8.468406e+03 MB/s acc: 1.826344e-02 sec  5.741395e+01 MB/s
target =    7 size =     131072 put: 1.233228e-04 sec 8.502695e+03 MB/s acc: 1.823232e-02 sec  5.751194e+01 MB/s
target =    8 size =     131072 put: 1.239756e-04 sec 8.457924e+03 MB/s acc: 1.814787e-02 sec  5.777955e+01 MB/s
target =    9 size =     131072 put: 1.242138e-04 sec 8.441700e+03 MB/s acc: 1.822340e-02 sec  5.754008e+01 MB/s
target =   10 size =     131072 put: 1.241571e-04 sec 8.445556e+03 MB/s acc: 1.814648e-02 sec  5.778399e+01 MB/s
target =   11 size =     131072 put: 1.243933e-04 sec 8.429519e+03 MB/s acc: 1.822606e-02 sec  5.753170e+01 MB/s
target =   12 size =     131072 put: 1.243685e-04 sec 8.431204e+03 MB/s acc: 1.817194e-02 sec  5.770304e+01 MB/s
target =   13 size =     131072 put: 1.243309e-04 sec 8.433753e+03 MB/s acc: 1.824804e-02 sec  5.746238e+01 MB/s
target =   14 size =     131072 put: 1.233516e-04 sec 8.500710e+03 MB/s acc: 1.818294e-02 sec  5.766812e+01 MB/s
target =   15 size =     131072 put: 1.241925e-04 sec 8.443154e+03 MB/s acc: 1.826981e-02 sec  5.739391e+01 MB/s
target =   16 size =     131072 put: 6.063591e-04 sec 1.729299e+03 MB/s acc: 1.318064e-02 sec  7.955428e+01 MB/s
target =   17 size =     131072 put: 6.062532e-04 sec 1.729601e+03 MB/s acc: 1.315971e-02 sec  7.968076e+01 MB/s
target =   18 size =     131072 put: 6.060857e-04 sec 1.730079e+03 MB/s acc: 1.314073e-02 sec  7.979588e+01 MB/s
target =   19 size =     131072 put: 6.061752e-04 sec 1.729823e+03 MB/s acc: 1.322163e-02 sec  7.930764e+01 MB/s
target =   20 size =     131072 put: 6.060705e-04 sec 1.730122e+03 MB/s acc: 1.318203e-02 sec  7.954586e+01 MB/s
target =   21 size =     131072 put: 6.063112e-04 sec 1.729435e+03 MB/s acc: 1.322718e-02 sec  7.927433e+01 MB/s
target =   22 size =     131072 put: 6.062550e-04 sec 1.729596e+03 MB/s acc: 1.315640e-02 sec  7.970085e+01 MB/s
target =   23 size =     131072 put: 6.062768e-04 sec 1.729533e+03 MB/s acc: 1.324269e-02 sec  7.918152e+01 MB/s
target =   24 size =     131072 put: 6.062239e-04 sec 1.729684e+03 MB/s acc: 1.318113e-02 sec  7.955130e+01 MB/s
target =   25 size =     131072 put: 6.061960e-04 sec 1.729764e+03 MB/s acc: 1.324818e-02 sec  7.914871e+01 MB/s
target =   26 size =     131072 put: 6.062390e-04 sec 1.729641e+03 MB/s acc: 1.318122e-02 sec  7.955077e+01 MB/s
target =   27 size =     131072 put: 6.062866e-04 sec 1.729505e+03 MB/s acc: 1.324886e-02 sec  7.914463e+01 MB/s
target =   28 size =     131072 put: 6.063207e-04 sec 1.729408e+03 MB/s acc: 1.314170e-02 sec  7.978996e+01 MB/s
target =   29 size =     131072 put: 6.062732e-04 sec 1.729544e+03 MB/s acc: 1.319345e-02 sec  7.947703e+01 MB/s
target =   30 size =     131072 put: 6.062158e-04 sec 1.729707e+03 MB/s acc: 1.311455e-02 sec  7.995516e+01 MB/s
target =   31 size =     131072 put: 6.062375e-04 sec 1.729646e+03 MB/s acc: 1.320541e-02 sec  7.940502e+01 MB/s
target =    0 size =     262144 put: 2.517536e-04 sec 8.330176e+03 MB/s acc: 4.097322e-02 sec  5.118348e+01 MB/s
target =    1 size =     262144 put: 2.327013e-04 sec 9.012205e+03 MB/s acc: 3.657351e-02 sec  5.734073e+01 MB/s
target =    2 size =     262144 put: 2.325876e-04 sec 9.016611e+03 MB/s acc: 3.651729e-02 sec  5.742902e+01 MB/s
target =    3 size =     262144 put: 2.326135e-04 sec 9.015608e+03 MB/s acc: 3.647627e-02 sec  5.749359e+01 MB/s
target =    4 size =     262144 put: 2.307510e-04 sec 9.088378e+03 MB/s acc: 3.654424e-02 sec  5.738667e+01 MB/s
target =    5 size =     262144 put: 2.327856e-04 sec 9.008940e+03 MB/s acc: 3.647803e-02 sec  5.749083e+01 MB/s
target =    6 size =     262144 put: 2.308668e-04 sec 9.083818e+03 MB/s acc: 3.650894e-02 sec  5.744214e+01 MB/s
target =    7 size =     262144 put: 2.313287e-04 sec 9.065679e+03 MB/s acc: 3.644236e-02 sec  5.754709e+01 MB/s
target =    8 size =     262144 put: 2.306473e-04 sec 9.092462e+03 MB/s acc: 3.641190e-02 sec  5.759523e+01 MB/s
target =    9 size =     262144 put: 2.323714e-04 sec 9.025001e+03 MB/s acc: 3.633604e-02 sec  5.771547e+01 MB/s
target =   10 size =     262144 put: 2.326785e-04 sec 9.013091e+03 MB/s acc: 3.640698e-02 sec  5.760303e+01 MB/s
target =   11 size =     262144 put: 2.327494e-04 sec 9.010345e+03 MB/s acc: 3.643062e-02 sec  5.756564e+01 MB/s
target =   12 size =     262144 put: 2.310622e-04 sec 9.076135e+03 MB/s acc: 3.646165e-02 sec  5.751665e+01 MB/s
target =   13 size =     262144 put: 2.328685e-04 sec 9.005734e+03 MB/s acc: 3.647756e-02 sec  5.749156e+01 MB/s
target =   14 size =     262144 put: 2.324428e-04 sec 9.022229e+03 MB/s acc: 3.648371e-02 sec  5.748188e+01 MB/s
target =   15 size =     262144 put: 2.324758e-04 sec 9.020948e+03 MB/s acc: 3.651913e-02 sec  5.742613e+01 MB/s
target =   16 size =     262144 put: 1.196263e-03 sec 1.753087e+03 MB/s acc: 2.756112e-02 sec  7.609095e+01 MB/s
target =   17 size =     262144 put: 1.196045e-03 sec 1.753406e+03 MB/s acc: 2.739085e-02 sec  7.656396e+01 MB/s
target =   18 size =     262144 put: 1.196231e-03 sec 1.753132e+03 MB/s acc: 2.752902e-02 sec  7.617970e+01 MB/s
target =   19 size =     262144 put: 1.196019e-03 sec 1.753444e+03 MB/s acc: 2.755295e-02 sec  7.611352e+01 MB/s
target =   20 size =     262144 put: 1.196076e-03 sec 1.753360e+03 MB/s acc: 2.763815e-02 sec  7.587887e+01 MB/s
target =   21 size =     262144 put: 1.195801e-03 sec 1.753764e+03 MB/s acc: 2.761646e-02 sec  7.593847e+01 MB/s
target =   22 size =     262144 put: 1.196079e-03 sec 1.753355e+03 MB/s acc: 2.763053e-02 sec  7.589980e+01 MB/s
target =   23 size =     262144 put: 1.196007e-03 sec 1.753462e+03 MB/s acc: 2.758841e-02 sec  7.601570e+01 MB/s
target =   24 size =     262144 put: 1.195860e-03 sec 1.753677e+03 MB/s acc: 2.759111e-02 sec  7.600826e+01 MB/s
target =   25 size =     262144 put: 1.195899e-03 sec 1.753620e+03 MB/s acc: 2.763319e-02 sec  7.589251e+01 MB/s
target =   26 size =     262144 put: 1.195837e-03 sec 1.753711e+03 MB/s acc: 2.758838e-02 sec  7.601578e+01 MB/s
target =   27 size =     262144 put: 1.195788e-03 sec 1.753782e+03 MB/s acc: 2.764706e-02 sec  7.585444e+01 MB/s
target =   28 size =     262144 put: 1.195873e-03 sec 1.753657e+03 MB/s acc: 2.762452e-02 sec  7.591633e+01 MB/s
target =   29 size =     262144 put: 1.195923e-03 sec 1.753585e+03 MB/s acc: 2.755965e-02 sec  7.609502e+01 MB/s
target =   30 size =     262144 put: 1.196046e-03 sec 1.753405e+03 MB/s acc: 2.749963e-02 sec  7.626110e+01 MB/s
target =   31 size =     262144 put: 1.195919e-03 sec 1.753591e+03 MB/s acc: 2.749115e-02 sec  7.628463e+01 MB/s
target =    0 size =     524288 put: 4.772602e-04 sec 8.788296e+03 MB/s acc: 8.193160e-02 sec  5.119275e+01 MB/s
target =    1 size =     524288 put: 4.462370e-04 sec 9.399275e+03 MB/s acc: 7.312780e-02 sec  5.735581e+01 MB/s
target =    2 size =     524288 put: 4.493307e-04 sec 9.334560e+03 MB/s acc: 7.301676e-02 sec  5.744303e+01 MB/s
target =    3 size =     524288 put: 4.461049e-04 sec 9.402057e+03 MB/s acc: 7.312384e-02 sec  5.735892e+01 MB/s
target =    4 size =     524288 put: 4.462434e-04 sec 9.399139e+03 MB/s acc: 7.306844e-02 sec  5.740240e+01 MB/s
target =    5 size =     524288 put: 4.462859e-04 sec 9.398245e+03 MB/s acc: 7.311878e-02 sec  5.736288e+01 MB/s
target =    6 size =     524288 put: 4.492454e-04 sec 9.336332e+03 MB/s acc: 7.300021e-02 sec  5.745605e+01 MB/s
target =    7 size =     524288 put: 4.493255e-04 sec 9.334668e+03 MB/s acc: 7.306550e-02 sec  5.740471e+01 MB/s
target =    8 size =     524288 put: 4.492517e-04 sec 9.336202e+03 MB/s acc: 7.279605e-02 sec  5.761719e+01 MB/s
target =    9 size =     524288 put: 4.494095e-04 sec 9.332921e+03 MB/s acc: 7.305248e-02 sec  5.741494e+01 MB/s
target =   10 size =     524288 put: 4.492371e-04 sec 9.336503e+03 MB/s acc: 7.279535e-02 sec  5.761775e+01 MB/s
target =   11 size =     524288 put: 4.495450e-04 sec 9.330110e+03 MB/s acc: 7.305453e-02 sec  5.741333e+01 MB/s
target =   12 size =     524288 put: 4.495311e-04 sec 9.330398e+03 MB/s acc: 7.289397e-02 sec  5.753979e+01 MB/s
target =   13 size =     524288 put: 4.499117e-04 sec 9.322504e+03 MB/s acc: 7.312223e-02 sec  5.736017e+01 MB/s
target =   14 size =     524288 put: 4.495394e-04 sec 9.330226e+03 MB/s acc: 7.294189e-02 sec  5.750199e+01 MB/s
target =   15 size =     524288 put: 4.497989e-04 sec 9.324844e+03 MB/s acc: 7.318263e-02 sec  5.731283e+01 MB/s
target =   16 size =     524288 put: 2.375825e-03 sec 1.765409e+03 MB/s acc: 5.620586e-02 sec  7.462396e+01 MB/s
target =   17 size =     524288 put: 2.375932e-03 sec 1.765330e+03 MB/s acc: 5.609016e-02 sec  7.477789e+01 MB/s
target =   18 size =     524288 put: 2.375729e-03 sec 1.765481e+03 MB/s acc: 5.618619e-02 sec  7.465009e+01 MB/s
target =   19 size =     524288 put: 2.375838e-03 sec 1.765400e+03 MB/s acc: 5.642260e-02 sec  7.433730e+01 MB/s
target =   20 size =     524288 put: 2.375828e-03 sec 1.765407e+03 MB/s acc: 5.660328e-02 sec  7.410002e+01 MB/s
target =   21 size =     524288 put: 2.375643e-03 sec 1.765545e+03 MB/s acc: 5.654168e-02 sec  7.418074e+01 MB/s
target =   22 size =     524288 put: 2.375761e-03 sec 1.765457e+03 MB/s acc: 5.647636e-02 sec  7.426654e+01 MB/s
target =   23 size =     524288 put: 2.375663e-03 sec 1.765530e+03 MB/s acc: 5.645405e-02 sec  7.429589e+01 MB/s
target =   24 size =     524288 put: 2.375668e-03 sec 1.765526e+03 MB/s acc: 5.646066e-02 sec  7.428719e+01 MB/s
target =   25 size =     524288 put: 2.375701e-03 sec 1.765502e+03 MB/s acc: 5.654370e-02 sec  7.417810e+01 MB/s
target =   26 size =     524288 put: 2.375595e-03 sec 1.765580e+03 MB/s acc: 5.648494e-02 sec  7.425526e+01 MB/s
target =   27 size =     524288 put: 2.375668e-03 sec 1.765526e+03 MB/s acc: 5.655465e-02 sec  7.416373e+01 MB/s
target =   28 size =     524288 put: 2.375727e-03 sec 1.765483e+03 MB/s acc: 5.639020e-02 sec  7.438002e+01 MB/s
target =   29 size =     524288 put: 2.375812e-03 sec 1.765419e+03 MB/s acc: 5.639880e-02 sec  7.436868e+01 MB/s
target =   30 size =     524288 put: 2.375748e-03 sec 1.765467e+03 MB/s acc: 5.630429e-02 sec  7.449351e+01 MB/s
target =   31 size =     524288 put: 2.375870e-03 sec 1.765376e+03 MB/s acc: 5.631834e-02 sec  7.447492e+01 MB/s
target =    0 size =    1048576 put: 9.272281e-04 sec 9.046974e+03 MB/s acc: 1.638123e-01 sec  5.120867e+01 MB/s
target =    1 size =    1048576 put: 8.759406e-04 sec 9.576686e+03 MB/s acc: 1.465544e-01 sec  5.723887e+01 MB/s
target =    2 size =    1048576 put: 8.825160e-04 sec 9.505332e+03 MB/s acc: 1.460134e-01 sec  5.745096e+01 MB/s
target =    3 size =    1048576 put: 8.827237e-04 sec 9.503096e+03 MB/s acc: 1.462284e-01 sec  5.736649e+01 MB/s
target =    4 size =    1048576 put: 8.824980e-04 sec 9.505527e+03 MB/s acc: 1.461192e-01 sec  5.740934e+01 MB/s
target =    5 size =    1048576 put: 8.830466e-04 sec 9.499621e+03 MB/s acc: 1.462183e-01 sec  5.737044e+01 MB/s
target =    6 size =    1048576 put: 8.825106e-04 sec 9.505391e+03 MB/s acc: 1.459829e-01 sec  5.746296e+01 MB/s
target =    7 size =    1048576 put: 8.831219e-04 sec 9.498811e+03 MB/s acc: 1.461019e-01 sec  5.741616e+01 MB/s
target =    8 size =    1048576 put: 8.823954e-04 sec 9.506632e+03 MB/s acc: 1.455740e-01 sec  5.762437e+01 MB/s
target =    9 size =    1048576 put: 8.825002e-04 sec 9.505503e+03 MB/s acc: 1.460905e-01 sec  5.742062e+01 MB/s
target =   10 size =    1048576 put: 8.825432e-04 sec 9.505039e+03 MB/s acc: 1.451842e-01 sec  5.777908e+01 MB/s
target =   11 size =    1048576 put: 8.828258e-04 sec 9.501997e+03 MB/s acc: 1.460927e-01 sec  5.741977e+01 MB/s
target =   12 size =    1048576 put: 8.825780e-04 sec 9.504664e+03 MB/s acc: 1.457661e-01 sec  5.754843e+01 MB/s
target =   13 size =    1048576 put: 8.826663e-04 sec 9.503714e+03 MB/s acc: 1.462276e-01 sec  5.736678e+01 MB/s
target =   14 size =    1048576 put: 8.825319e-04 sec 9.505161e+03 MB/s acc: 1.458636e-01 sec  5.750995e+01 MB/s
target =   15 size =    1048576 put: 8.824194e-04 sec 9.506373e+03 MB/s acc: 1.463464e-01 sec  5.732023e+01 MB/s
target =   16 size =    1048576 put: 4.734808e-03 sec 1.771689e+03 MB/s acc: 1.141626e-01 sec  7.347945e+01 MB/s
target =   17 size =    1048576 put: 4.734892e-03 sec 1.771658e+03 MB/s acc: 1.140000e-01 sec  7.358429e+01 MB/s
target =   18 size =    1048576 put: 4.735003e-03 sec 1.771616e+03 MB/s acc: 1.142592e-01 sec  7.341736e+01 MB/s
target =   19 size =    1048576 put: 4.734707e-03 sec 1.771727e+03 MB/s acc: 1.139287e-01 sec  7.363031e+01 MB/s
target =   20 size =    1048576 put: 4.734977e-03 sec 1.771626e+03 MB/s acc: 1.145551e-01 sec  7.322771e+01 MB/s
target =   21 size =    1048576 put: 4.734913e-03 sec 1.771650e+03 MB/s acc: 1.140251e-01 sec  7.356809e+01 MB/s
target =   22 size =    1048576 put: 4.734894e-03 sec 1.771657e+03 MB/s acc: 1.146089e-01 sec  7.319335e+01 MB/s
target =   23 size =    1048576 put: 4.734806e-03 sec 1.771690e+03 MB/s acc: 1.144889e-01 sec  7.327006e+01 MB/s
target =   24 size =    1048576 put: 4.734946e-03 sec 1.771638e+03 MB/s acc: 1.147204e-01 sec  7.312223e+01 MB/s
target =   25 size =    1048576 put: 4.734985e-03 sec 1.771623e+03 MB/s acc: 1.145015e-01 sec  7.326202e+01 MB/s
target =   26 size =    1048576 put: 4.734808e-03 sec 1.771689e+03 MB/s acc: 1.146850e-01 sec  7.314474e+01 MB/s
target =   27 size =    1048576 put: 4.734881e-03 sec 1.771662e+03 MB/s acc: 1.144797e-01 sec  7.327593e+01 MB/s
target =   28 size =    1048576 put: 4.734774e-03 sec 1.771702e+03 MB/s acc: 1.145735e-01 sec  7.321593e+01 MB/s
target =   29 size =    1048576 put: 4.734904e-03 sec 1.771653e+03 MB/s acc: 1.142384e-01 sec  7.343069e+01 MB/s
target =   30 size =    1048576 put: 4.734987e-03 sec 1.771622e+03 MB/s acc: 1.142063e-01 sec  7.345139e+01 MB/s
target =   31 size =    1048576 put: 4.734905e-03 sec 1.771653e+03 MB/s acc: 1.138328e-01 sec  7.369236e+01 MB/s
target =    0 size =    2097152 put: 1.923228e-03 sec 8.723467e+03 MB/s acc: 3.269005e-01 sec  5.132209e+01 MB/s
target =    1 size =    2097152 put: 1.870770e-03 sec 8.968083e+03 MB/s acc: 2.931424e-01 sec  5.723230e+01 MB/s
target =    2 size =    2097152 put: 1.851123e-03 sec 9.063264e+03 MB/s acc: 2.913026e-01 sec  5.759377e+01 MB/s
target =    3 size =    2097152 put: 1.856262e-03 sec 9.038172e+03 MB/s acc: 2.919391e-01 sec  5.746820e+01 MB/s
target =    4 size =    2097152 put: 1.849490e-03 sec 9.071265e+03 MB/s acc: 2.899422e-01 sec  5.786400e+01 MB/s
target =    5 size =    2097152 put: 1.855551e-03 sec 9.041638e+03 MB/s acc: 2.919199e-01 sec  5.747199e+01 MB/s
target =    6 size =    2097152 put: 1.853884e-03 sec 9.049767e+03 MB/s acc: 2.895682e-01 sec  5.793874e+01 MB/s
target =    7 size =    2097152 put: 1.854634e-03 sec 9.046104e+03 MB/s acc: 2.916791e-01 sec  5.751943e+01 MB/s
target =    8 size =    2097152 put: 1.855483e-03 sec 9.041969e+03 MB/s acc: 2.904052e-01 sec  5.777175e+01 MB/s
target =    9 size =    2097152 put: 1.859493e-03 sec 9.022467e+03 MB/s acc: 2.922052e-01 sec  5.741586e+01 MB/s
target =   10 size =    2097152 put: 1.856656e-03 sec 9.036255e+03 MB/s acc: 2.911783e-01 sec  5.761835e+01 MB/s
target =   11 size =    2097152 put: 1.855393e-03 sec 9.042408e+03 MB/s acc: 2.922128e-01 sec  5.741438e+01 MB/s
target =   12 size =    2097152 put: 1.855748e-03 sec 9.040676e+03 MB/s acc: 2.907984e-01 sec  5.769364e+01 MB/s
target =   13 size =    2097152 put: 1.853985e-03 sec 9.049275e+03 MB/s acc: 2.919336e-01 sec  5.746929e+01 MB/s
target =   14 size =    2097152 put: 1.859285e-03 sec 9.023479e+03 MB/s acc: 2.910564e-01 sec  5.764249e+01 MB/s
target =   15 size =    2097152 put: 1.855403e-03 sec 9.042356e+03 MB/s acc: 2.921680e-01 sec  5.742317e+01 MB/s
target =   16 size =    2097152 put: 9.454165e-03 sec 1.774585e+03 MB/s acc: 2.288041e-01 sec  7.332567e+01 MB/s
target =   17 size =    2097152 put: 9.453548e-03 sec 1.774700e+03 MB/s acc: 2.287224e-01 sec  7.335188e+01 MB/s
target =   18 size =    2097152 put: 9.453551e-03 sec 1.774700e+03 MB/s acc: 2.288931e-01 sec  7.329717e+01 MB/s
target =   19 size =    2097152 put: 9.453729e-03 sec 1.774666e+03 MB/s acc: 2.294767e-01 sec  7.311076e+01 MB/s
target =   20 size =    2097152 put: 9.453444e-03 sec 1.774720e+03 MB/s acc: 2.295597e-01 sec  7.308433e+01 MB/s
target =   21 size =    2097152 put: 9.453643e-03 sec 1.774683e+03 MB/s acc: 2.294838e-01 sec  7.310850e+01 MB/s
target =   22 size =    2097152 put: 9.453437e-03 sec 1.774721e+03 MB/s acc: 2.299392e-01 sec  7.296370e+01 MB/s
target =   23 size =    2097152 put: 9.453469e-03 sec 1.774715e+03 MB/s acc: 2.298832e-01 sec  7.298149e+01 MB/s
target =   24 size =    2097152 put: 9.453625e-03 sec 1.774686e+03 MB/s acc: 2.299197e-01 sec  7.296990e+01 MB/s
target =   25 size =    2097152 put: 9.453810e-03 sec 1.774651e+03 MB/s acc: 2.298707e-01 sec  7.298546e+01 MB/s
target =   26 size =    2097152 put: 9.453549e-03 sec 1.774700e+03 MB/s acc: 2.299159e-01 sec  7.297111e+01 MB/s
target =   27 size =    2097152 put: 9.453777e-03 sec 1.774658e+03 MB/s acc: 2.298565e-01 sec  7.298994e+01 MB/s
target =   28 size =    2097152 put: 9.453636e-03 sec 1.774684e+03 MB/s acc: 2.295674e-01 sec  7.308187e+01 MB/s
target =   29 size =    2097152 put: 9.453695e-03 sec 1.774673e+03 MB/s acc: 2.291214e-01 sec  7.322414e+01 MB/s
target =   30 size =    2097152 put: 9.453619e-03 sec 1.774687e+03 MB/s acc: 2.288754e-01 sec  7.330282e+01 MB/s
target =   31 size =    2097152 put: 9.453554e-03 sec 1.774699e+03 MB/s acc: 2.287776e-01 sec  7.333419e+01 MB/s
target =    0 size =    4194304 put: 4.689211e-03 sec 7.155667e+03 MB/s acc: 6.543999e-01 sec  5.127512e+01 MB/s
2011-11-08 11:48:00.720 (WARN ) [0xfffb12e5770] R00-M0-N01-J12-2:ibm.runjob.LogSignalInfo: received signal 15
2011-11-08 11:48:00.720 (WARN ) [0xfffb12e5770] R00-M0-N01-J12-2:ibm.runjob.LogSignalInfo: signal sent from USER
2011-11-08 11:48:00.720 (WARN ) [0xfffb12e5770] R00-M0-N01-J12-2:ibm.runjob.LogSignalInfo: sent from pid 26792
2011-11-08 11:48:00.720 (WARN ) [0xfffb12e5770] R00-M0-N01-J12-2:ibm.runjob.LogSignalInfo: could not read /proc/26792/exe
2011-11-08 11:48:00.720 (WARN ) [0xfffb12e5770] R00-M0-N01-J12-2:ibm.runjob.LogSignalInfo: Permission denied
2011-11-08 11:48:00.721 (WARN ) [0xfffb12e5770] R00-M0-N01-J12-2:ibm.runjob.LogSignalInfo: sent from uid 0 (root)
2011-11-08 11:48:02.031 (WARN ) [0xfffb12e5770] R00-M0-N01-J12-2:4561:ibm.runjob.client.Job: terminated by signal 9
2011-11-08 11:48:02.031 (WARN ) [0xfffb12e5770] R00-M0-N01-J12-2:4561:ibm.runjob.client.Job: abnormal termination by signal 9 from rank 25
