2011-11-08 11:19:21.729 (INFO ) [0xfff938a5770] R00-M0-N01-J04-2:19993:ibm.runjob.client.options.Parser: set local socket to runjob_mux from properties file
2011-11-08 11:19:24.849 (INFO ) [0xfff938a5770] R00-M0-N01-J04-2:4562:ibm.runjob.client.Job: job 4562 started
hello from rank 11 of 32 
hello from rank 8 of 32 
hello from rank 10 of 32 
hello from rank 30 of 32 
hello from rank 18 of 32 
hello from rank 19 of 32 
hello from rank 4 of 32 
hello from rank 24 of 32 
hello from rank 2 of 32 
hello from rank 16 of 32 
hello from rank 13 of 32 
hello from rank 25 of 32 
MPIDI_Process.*
hello from rank 31 of 32 
hello from rank 9 of 32 
hello from rank 20 of 32 
hello from rank 12 of 32 
hello from rank 21 of 32 
  verbose      : 1
hello from rank 22 of 32 
hello from rank 1 of 32 
hello from rank 26 of 32 
hello from rank 14 of 32 
hello from rank 27 of 32 
  statistics   : 0
hello from rank 23 of 32 
hello from rank 3 of 32 
hello from rank 28 of 32 
  contexts     : 2
hello from rank 29 of 32 
hello from rank 5 of 32 
hello from rank 17 of 32 
hello from rank 15 of 32 
  commthreads  : 16
hello from rank 7 of 32 
  context_post : 1
hello from rank 6 of 32 
  short_limit  : 113
  eager_limit  : 2049
  rma_pending  : 1000
  shmem_pt2pt  : 1
  optimized.collectives : 0
  optimized.subcomms    : 1
The following PAMI_* environment variables were specified:
  PAMI_NUMCLIENTS=1
  PAMI_MAX_COMMTHREADS=16
  PAMI_VERBOSE=1
  PAMI_COMMTHREADS=16
The following BG_* environment variables were specified:
  BG_SHAREDMEMSIZE=32MB
  BG_APPAGENT1=/bgsys/drivers/ppcfloor/agents/bin/comm.elf
hello from rank 0 of 32 
max = 1000000 doubles, repetitions = 100 
target =    0 size =          1 put: 1.256649e-05 sec 6.366139e-01 MB/s acc: 2.692993e-05 sec  2.970672e-01 MB/s
target =    1 size =          1 put: 1.750977e-05 sec 4.568877e-01 MB/s acc: 2.178065e-05 sec  3.672985e-01 MB/s
target =    2 size =          1 put: 1.606197e-05 sec 4.980709e-01 MB/s acc: 2.148204e-05 sec  3.724040e-01 MB/s
target =    3 size =          1 put: 1.631902e-05 sec 4.902256e-01 MB/s acc: 2.163431e-05 sec  3.697830e-01 MB/s
target =    4 size =          1 put: 1.621690e-05 sec 4.933125e-01 MB/s acc: 2.148825e-05 sec  3.722965e-01 MB/s
target =    5 size =          1 put: 1.614836e-05 sec 4.954065e-01 MB/s acc: 2.153352e-05 sec  3.715138e-01 MB/s
target =    6 size =          1 put: 1.622071e-05 sec 4.931968e-01 MB/s acc: 2.150695e-05 sec  3.719728e-01 MB/s
target =    7 size =          1 put: 1.620923e-05 sec 4.935459e-01 MB/s acc: 2.150945e-05 sec  3.719295e-01 MB/s
target =    8 size =          1 put: 1.618326e-05 sec 4.943381e-01 MB/s acc: 2.146818e-05 sec  3.726445e-01 MB/s
target =    9 size =          1 put: 1.611849e-05 sec 4.963243e-01 MB/s acc: 2.144490e-05 sec  3.730491e-01 MB/s
target =   10 size =          1 put: 1.620362e-05 sec 4.937169e-01 MB/s acc: 2.164949e-05 sec  3.695237e-01 MB/s
target =   11 size =          1 put: 1.625779e-05 sec 4.920717e-01 MB/s acc: 2.154933e-05 sec  3.712412e-01 MB/s
target =   12 size =          1 put: 1.632299e-05 sec 4.901064e-01 MB/s acc: 2.179082e-05 sec  3.671270e-01 MB/s
target =   13 size =          1 put: 1.625981e-05 sec 4.920108e-01 MB/s acc: 2.163551e-05 sec  3.697626e-01 MB/s
target =   14 size =          1 put: 1.616663e-05 sec 4.948464e-01 MB/s acc: 2.175163e-05 sec  3.677885e-01 MB/s
target =   15 size =          1 put: 1.615363e-05 sec 4.952447e-01 MB/s acc: 2.171354e-05 sec  3.684337e-01 MB/s
target =   16 size =          1 put: 2.022889e-05 sec 3.954739e-01 MB/s acc: 2.470083e-05 sec  3.238758e-01 MB/s
target =   17 size =          1 put: 1.916025e-05 sec 4.175311e-01 MB/s acc: 2.467269e-05 sec  3.242451e-01 MB/s
target =   18 size =          1 put: 1.902515e-05 sec 4.204960e-01 MB/s acc: 2.459445e-05 sec  3.252766e-01 MB/s
target =   19 size =          1 put: 1.876793e-05 sec 4.262590e-01 MB/s acc: 2.437514e-05 sec  3.282033e-01 MB/s
target =   20 size =          1 put: 1.882092e-05 sec 4.250590e-01 MB/s acc: 2.449228e-05 sec  3.266335e-01 MB/s
target =   21 size =          1 put: 1.900362e-05 sec 4.209725e-01 MB/s acc: 2.446489e-05 sec  3.269992e-01 MB/s
target =   22 size =          1 put: 1.907498e-05 sec 4.193975e-01 MB/s acc: 2.436809e-05 sec  3.282982e-01 MB/s
target =   23 size =          1 put: 1.876964e-05 sec 4.262203e-01 MB/s acc: 2.435067e-05 sec  3.285331e-01 MB/s
target =   24 size =          1 put: 1.925024e-05 sec 4.155793e-01 MB/s acc: 2.434274e-05 sec  3.286401e-01 MB/s
target =   25 size =          1 put: 1.913543e-05 sec 4.180728e-01 MB/s acc: 2.430905e-05 sec  3.290955e-01 MB/s
target =   26 size =          1 put: 1.898703e-05 sec 4.213402e-01 MB/s acc: 2.438144e-05 sec  3.281185e-01 MB/s
target =   27 size =          1 put: 1.891172e-05 sec 4.230180e-01 MB/s acc: 2.439036e-05 sec  3.279984e-01 MB/s
target =   28 size =          1 put: 1.901957e-05 sec 4.206194e-01 MB/s acc: 2.453139e-05 sec  3.261128e-01 MB/s
target =   29 size =          1 put: 1.908372e-05 sec 4.192055e-01 MB/s acc: 2.437154e-05 sec  3.282518e-01 MB/s
target =   30 size =          1 put: 1.890106e-05 sec 4.232566e-01 MB/s acc: 2.436025e-05 sec  3.284039e-01 MB/s
target =   31 size =          1 put: 1.913120e-05 sec 4.181651e-01 MB/s acc: 2.434345e-05 sec  3.286305e-01 MB/s
target =    0 size =          2 put: 1.267396e-05 sec 1.262431e+00 MB/s acc: 2.748219e-05 sec  5.821952e-01 MB/s
target =    1 size =          2 put: 1.685366e-05 sec 9.493485e-01 MB/s acc: 2.200407e-05 sec  7.271380e-01 MB/s
target =    2 size =          2 put: 1.631456e-05 sec 9.807189e-01 MB/s acc: 2.197897e-05 sec  7.279684e-01 MB/s
target =    3 size =          2 put: 1.645049e-05 sec 9.726152e-01 MB/s acc: 2.200883e-05 sec  7.269809e-01 MB/s
target =    4 size =          2 put: 1.645694e-05 sec 9.722340e-01 MB/s acc: 2.184799e-05 sec  7.323327e-01 MB/s
target =    5 size =          2 put: 1.638196e-05 sec 9.766840e-01 MB/s acc: 2.181014e-05 sec  7.336036e-01 MB/s
target =    6 size =          2 put: 1.625924e-05 sec 9.840560e-01 MB/s acc: 2.189357e-05 sec  7.308082e-01 MB/s
target =    7 size =          2 put: 1.661014e-05 sec 9.632668e-01 MB/s acc: 2.200888e-05 sec  7.269795e-01 MB/s
target =    8 size =          2 put: 1.647769e-05 sec 9.710097e-01 MB/s acc: 2.216129e-05 sec  7.219795e-01 MB/s
target =    9 size =          2 put: 1.640272e-05 sec 9.754480e-01 MB/s acc: 2.191634e-05 sec  7.300490e-01 MB/s
target =   10 size =          2 put: 1.634553e-05 sec 9.788612e-01 MB/s acc: 2.196840e-05 sec  7.283189e-01 MB/s
target =   11 size =          2 put: 1.660398e-05 sec 9.636243e-01 MB/s acc: 2.200287e-05 sec  7.271779e-01 MB/s
target =   12 size =          2 put: 1.648841e-05 sec 9.703784e-01 MB/s acc: 2.217699e-05 sec  7.214684e-01 MB/s
target =   13 size =          2 put: 1.663111e-05 sec 9.620523e-01 MB/s acc: 2.226061e-05 sec  7.187585e-01 MB/s
target =   14 size =          2 put: 1.669015e-05 sec 9.586493e-01 MB/s acc: 2.210529e-05 sec  7.238085e-01 MB/s
target =   15 size =          2 put: 1.658922e-05 sec 9.644815e-01 MB/s acc: 2.216598e-05 sec  7.218268e-01 MB/s
target =   16 size =          2 put: 1.905059e-05 sec 8.398691e-01 MB/s acc: 2.443049e-05 sec  6.549192e-01 MB/s
target =   17 size =          2 put: 1.898194e-05 sec 8.429063e-01 MB/s acc: 2.469109e-05 sec  6.480071e-01 MB/s
target =   18 size =          2 put: 1.916595e-05 sec 8.348138e-01 MB/s acc: 2.478973e-05 sec  6.454285e-01 MB/s
target =   19 size =          2 put: 1.898856e-05 sec 8.426125e-01 MB/s acc: 2.450901e-05 sec  6.528211e-01 MB/s
target =   20 size =          2 put: 1.881411e-05 sec 8.504254e-01 MB/s acc: 2.461746e-05 sec  6.499451e-01 MB/s
target =   21 size =          2 put: 1.884463e-05 sec 8.490485e-01 MB/s acc: 2.447728e-05 sec  6.536674e-01 MB/s
target =   22 size =          2 put: 1.892518e-05 sec 8.454347e-01 MB/s acc: 2.454329e-05 sec  6.519092e-01 MB/s
target =   23 size =          2 put: 1.879735e-05 sec 8.511838e-01 MB/s acc: 2.455606e-05 sec  6.515703e-01 MB/s
target =   24 size =          2 put: 1.877686e-05 sec 8.521125e-01 MB/s acc: 2.445944e-05 sec  6.541441e-01 MB/s
target =   25 size =          2 put: 1.916170e-05 sec 8.349990e-01 MB/s acc: 2.445516e-05 sec  6.542588e-01 MB/s
target =   26 size =          2 put: 1.914401e-05 sec 8.357707e-01 MB/s acc: 2.467826e-05 sec  6.483439e-01 MB/s
target =   27 size =          2 put: 1.925251e-05 sec 8.310606e-01 MB/s acc: 2.456561e-05 sec  6.513170e-01 MB/s
target =   28 size =          2 put: 1.900890e-05 sec 8.417110e-01 MB/s acc: 2.478078e-05 sec  6.456616e-01 MB/s
target =   29 size =          2 put: 1.904197e-05 sec 8.402490e-01 MB/s acc: 2.462638e-05 sec  6.497099e-01 MB/s
target =   30 size =          2 put: 1.894693e-05 sec 8.444642e-01 MB/s acc: 2.455786e-05 sec  6.515227e-01 MB/s
target =   31 size =          2 put: 1.895410e-05 sec 8.441445e-01 MB/s acc: 2.452349e-05 sec  6.524358e-01 MB/s
target =    0 size =          4 put: 1.176631e-05 sec 2.719630e+00 MB/s acc: 2.743943e-05 sec  1.166205e+00 MB/s
target =    1 size =          4 put: 1.656208e-05 sec 1.932124e+00 MB/s acc: 2.232159e-05 sec  1.433589e+00 MB/s
target =    2 size =          4 put: 1.656608e-05 sec 1.931658e+00 MB/s acc: 2.210362e-05 sec  1.447727e+00 MB/s
target =    3 size =          4 put: 1.634045e-05 sec 1.958330e+00 MB/s acc: 2.202387e-05 sec  1.452969e+00 MB/s
target =    4 size =          4 put: 1.649346e-05 sec 1.940163e+00 MB/s acc: 2.186010e-05 sec  1.463854e+00 MB/s
target =    5 size =          4 put: 1.643641e-05 sec 1.946897e+00 MB/s acc: 2.200763e-05 sec  1.454041e+00 MB/s
target =    6 size =          4 put: 1.639165e-05 sec 1.952213e+00 MB/s acc: 2.201802e-05 sec  1.453355e+00 MB/s
target =    7 size =          4 put: 1.639126e-05 sec 1.952260e+00 MB/s acc: 2.194267e-05 sec  1.458346e+00 MB/s
target =    8 size =          4 put: 1.633719e-05 sec 1.958721e+00 MB/s acc: 2.210923e-05 sec  1.447359e+00 MB/s
target =    9 size =          4 put: 1.635194e-05 sec 1.956954e+00 MB/s acc: 2.205513e-05 sec  1.450910e+00 MB/s
target =   10 size =          4 put: 1.654908e-05 sec 1.933642e+00 MB/s acc: 2.220791e-05 sec  1.440928e+00 MB/s
target =   11 size =          4 put: 1.658754e-05 sec 1.929159e+00 MB/s acc: 2.212537e-05 sec  1.446303e+00 MB/s
target =   12 size =          4 put: 1.660763e-05 sec 1.926825e+00 MB/s acc: 2.226117e-05 sec  1.437480e+00 MB/s
target =   13 size =          4 put: 1.637113e-05 sec 1.954660e+00 MB/s acc: 2.212274e-05 sec  1.446475e+00 MB/s
target =   14 size =          4 put: 1.643106e-05 sec 1.947532e+00 MB/s acc: 2.226808e-05 sec  1.437035e+00 MB/s
target =   15 size =          4 put: 1.645596e-05 sec 1.944584e+00 MB/s acc: 2.220932e-05 sec  1.440837e+00 MB/s
target =   16 size =          4 put: 1.928128e-05 sec 1.659641e+00 MB/s acc: 2.461030e-05 sec  1.300269e+00 MB/s
target =   17 size =          4 put: 1.917921e-05 sec 1.668473e+00 MB/s acc: 2.472911e-05 sec  1.294021e+00 MB/s
target =   18 size =          4 put: 1.905096e-05 sec 1.679705e+00 MB/s acc: 2.461896e-05 sec  1.299811e+00 MB/s
target =   19 size =          4 put: 1.891175e-05 sec 1.692070e+00 MB/s acc: 2.445593e-05 sec  1.308476e+00 MB/s
target =   20 size =          4 put: 1.910210e-05 sec 1.675208e+00 MB/s acc: 2.459022e-05 sec  1.301330e+00 MB/s
target =   21 size =          4 put: 1.920995e-05 sec 1.665803e+00 MB/s acc: 2.446733e-05 sec  1.307866e+00 MB/s
target =   22 size =          4 put: 1.895595e-05 sec 1.688124e+00 MB/s acc: 2.458164e-05 sec  1.301784e+00 MB/s
target =   23 size =          4 put: 1.918918e-05 sec 1.667607e+00 MB/s acc: 2.476846e-05 sec  1.291966e+00 MB/s
target =   24 size =          4 put: 1.905131e-05 sec 1.679674e+00 MB/s acc: 2.450145e-05 sec  1.306045e+00 MB/s
target =   25 size =          4 put: 1.895711e-05 sec 1.688021e+00 MB/s acc: 2.476161e-05 sec  1.292323e+00 MB/s
target =   26 size =          4 put: 1.912321e-05 sec 1.673359e+00 MB/s acc: 2.469858e-05 sec  1.295621e+00 MB/s
target =   27 size =          4 put: 1.917821e-05 sec 1.668560e+00 MB/s acc: 2.465588e-05 sec  1.297865e+00 MB/s
target =   28 size =          4 put: 1.899261e-05 sec 1.684866e+00 MB/s acc: 2.481993e-05 sec  1.289286e+00 MB/s
target =   29 size =          4 put: 1.935936e-05 sec 1.652947e+00 MB/s acc: 2.467729e-05 sec  1.296739e+00 MB/s
target =   30 size =          4 put: 1.920093e-05 sec 1.666586e+00 MB/s acc: 2.450975e-05 sec  1.305603e+00 MB/s
target =   31 size =          4 put: 1.940008e-05 sec 1.649478e+00 MB/s acc: 2.442992e-05 sec  1.309869e+00 MB/s
target =    0 size =          8 put: 1.274389e-05 sec 5.022015e+00 MB/s acc: 2.793475e-05 sec  2.291053e+00 MB/s
target =    1 size =          8 put: 1.668555e-05 sec 3.835654e+00 MB/s acc: 2.257169e-05 sec  2.835410e+00 MB/s
target =    2 size =          8 put: 1.640789e-05 sec 3.900562e+00 MB/s acc: 2.250324e-05 sec  2.844034e+00 MB/s
target =    3 size =          8 put: 1.620322e-05 sec 3.949832e+00 MB/s acc: 2.253817e-05 sec  2.839627e+00 MB/s
target =    4 size =          8 put: 1.618821e-05 sec 3.953495e+00 MB/s acc: 2.252070e-05 sec  2.841830e+00 MB/s
target =    5 size =          8 put: 1.629421e-05 sec 3.927776e+00 MB/s acc: 2.266914e-05 sec  2.823222e+00 MB/s
target =    6 size =          8 put: 1.642684e-05 sec 3.896063e+00 MB/s acc: 2.230842e-05 sec  2.868871e+00 MB/s
target =    7 size =          8 put: 1.646328e-05 sec 3.887439e+00 MB/s acc: 2.260196e-05 sec  2.831613e+00 MB/s
target =    8 size =          8 put: 1.633784e-05 sec 3.917286e+00 MB/s acc: 2.256121e-05 sec  2.836728e+00 MB/s
target =    9 size =          8 put: 1.619303e-05 sec 3.952317e+00 MB/s acc: 2.249894e-05 sec  2.844579e+00 MB/s
target =   10 size =          8 put: 1.648676e-05 sec 3.881902e+00 MB/s acc: 2.269246e-05 sec  2.820320e+00 MB/s
target =   11 size =          8 put: 1.645429e-05 sec 3.889562e+00 MB/s acc: 2.255928e-05 sec  2.836970e+00 MB/s
target =   12 size =          8 put: 1.651023e-05 sec 3.876384e+00 MB/s acc: 2.262356e-05 sec  2.828909e+00 MB/s
target =   13 size =          8 put: 1.656714e-05 sec 3.863068e+00 MB/s acc: 2.267831e-05 sec  2.822079e+00 MB/s
target =   14 size =          8 put: 1.646449e-05 sec 3.887153e+00 MB/s acc: 2.244591e-05 sec  2.851299e+00 MB/s
target =   15 size =          8 put: 1.623974e-05 sec 3.940949e+00 MB/s acc: 2.255001e-05 sec  2.838137e+00 MB/s
target =   16 size =          8 put: 1.920426e-05 sec 3.332595e+00 MB/s acc: 2.481233e-05 sec  2.579363e+00 MB/s
target =   17 size =          8 put: 1.892747e-05 sec 3.381329e+00 MB/s acc: 2.493199e-05 sec  2.566983e+00 MB/s
target =   18 size =          8 put: 1.912572e-05 sec 3.346279e+00 MB/s acc: 2.495329e-05 sec  2.564792e+00 MB/s
target =   19 size =          8 put: 1.907733e-05 sec 3.354768e+00 MB/s acc: 2.486823e-05 sec  2.573565e+00 MB/s
target =   20 size =          8 put: 1.889814e-05 sec 3.386576e+00 MB/s acc: 2.496521e-05 sec  2.563568e+00 MB/s
target =   21 size =          8 put: 1.873089e-05 sec 3.416815e+00 MB/s acc: 2.511116e-05 sec  2.548667e+00 MB/s
target =   22 size =          8 put: 1.893509e-05 sec 3.379967e+00 MB/s acc: 2.499243e-05 sec  2.560776e+00 MB/s
target =   23 size =          8 put: 1.872347e-05 sec 3.418169e+00 MB/s acc: 2.493387e-05 sec  2.566790e+00 MB/s
target =   24 size =          8 put: 1.874324e-05 sec 3.414565e+00 MB/s acc: 2.490024e-05 sec  2.570256e+00 MB/s
target =   25 size =          8 put: 1.874039e-05 sec 3.415083e+00 MB/s acc: 2.484445e-05 sec  2.576028e+00 MB/s
target =   26 size =          8 put: 1.908772e-05 sec 3.352941e+00 MB/s acc: 2.504723e-05 sec  2.555173e+00 MB/s
target =   27 size =          8 put: 1.913325e-05 sec 3.344962e+00 MB/s acc: 2.491279e-05 sec  2.568961e+00 MB/s
target =   28 size =          8 put: 1.890356e-05 sec 3.385605e+00 MB/s acc: 2.508664e-05 sec  2.551158e+00 MB/s
target =   29 size =          8 put: 1.920676e-05 sec 3.332160e+00 MB/s acc: 2.487596e-05 sec  2.572765e+00 MB/s
target =   30 size =          8 put: 1.911711e-05 sec 3.347786e+00 MB/s acc: 2.492037e-05 sec  2.568180e+00 MB/s
target =   31 size =          8 put: 1.929627e-05 sec 3.316702e+00 MB/s acc: 2.503897e-05 sec  2.556015e+00 MB/s
target =    0 size =         16 put: 1.309194e-05 sec 9.777010e+00 MB/s acc: 2.855331e-05 sec  4.482842e+00 MB/s
target =    1 size =         16 put: 1.672242e-05 sec 7.654395e+00 MB/s acc: 2.347478e-05 sec  5.452660e+00 MB/s
target =    2 size =         16 put: 1.640385e-05 sec 7.803046e+00 MB/s acc: 2.318864e-05 sec  5.519943e+00 MB/s
target =    3 size =         16 put: 1.648191e-05 sec 7.766092e+00 MB/s acc: 2.331372e-05 sec  5.490330e+00 MB/s
target =    4 size =         16 put: 1.658631e-05 sec 7.717210e+00 MB/s acc: 2.312426e-05 sec  5.535312e+00 MB/s
target =    5 size =         16 put: 1.656932e-05 sec 7.725121e+00 MB/s acc: 2.327667e-05 sec  5.499069e+00 MB/s
target =    6 size =         16 put: 1.659033e-05 sec 7.715340e+00 MB/s acc: 2.325913e-05 sec  5.503215e+00 MB/s
target =    7 size =         16 put: 1.642701e-05 sec 7.792047e+00 MB/s acc: 2.334893e-05 sec  5.482051e+00 MB/s
target =    8 size =         16 put: 1.653169e-05 sec 7.742706e+00 MB/s acc: 2.320015e-05 sec  5.517206e+00 MB/s
target =    9 size =         16 put: 1.647738e-05 sec 7.768225e+00 MB/s acc: 2.333481e-05 sec  5.485367e+00 MB/s
target =   10 size =         16 put: 1.662303e-05 sec 7.700160e+00 MB/s acc: 2.327876e-05 sec  5.498576e+00 MB/s
target =   11 size =         16 put: 1.658149e-05 sec 7.719452e+00 MB/s acc: 2.316417e-05 sec  5.525774e+00 MB/s
target =   12 size =         16 put: 1.672924e-05 sec 7.651272e+00 MB/s acc: 2.351706e-05 sec  5.442858e+00 MB/s
target =   13 size =         16 put: 1.669823e-05 sec 7.665483e+00 MB/s acc: 2.333986e-05 sec  5.484180e+00 MB/s
target =   14 size =         16 put: 1.658432e-05 sec 7.718134e+00 MB/s acc: 2.325386e-05 sec  5.504462e+00 MB/s
target =   15 size =         16 put: 1.641999e-05 sec 7.795374e+00 MB/s acc: 2.335796e-05 sec  5.479931e+00 MB/s
target =   16 size =         16 put: 1.887954e-05 sec 6.779827e+00 MB/s acc: 2.538086e-05 sec  5.043170e+00 MB/s
target =   17 size =         16 put: 1.899070e-05 sec 6.740141e+00 MB/s acc: 2.570132e-05 sec  4.980289e+00 MB/s
target =   18 size =         16 put: 1.931322e-05 sec 6.627585e+00 MB/s acc: 2.535795e-05 sec  5.047727e+00 MB/s
target =   19 size =         16 put: 1.940022e-05 sec 6.597862e+00 MB/s acc: 2.557366e-05 sec  5.005149e+00 MB/s
target =   20 size =         16 put: 1.919819e-05 sec 6.667294e+00 MB/s acc: 2.556436e-05 sec  5.006971e+00 MB/s
target =   21 size =         16 put: 1.878176e-05 sec 6.815122e+00 MB/s acc: 2.537194e-05 sec  5.044943e+00 MB/s
target =   22 size =         16 put: 1.919340e-05 sec 6.668959e+00 MB/s acc: 2.558453e-05 sec  5.003023e+00 MB/s
target =   23 size =         16 put: 1.930813e-05 sec 6.629333e+00 MB/s acc: 2.557089e-05 sec  5.005693e+00 MB/s
target =   24 size =         16 put: 1.922121e-05 sec 6.659309e+00 MB/s acc: 2.550638e-05 sec  5.018352e+00 MB/s
target =   25 size =         16 put: 1.888824e-05 sec 6.776704e+00 MB/s acc: 2.555154e-05 sec  5.009482e+00 MB/s
target =   26 size =         16 put: 1.920327e-05 sec 6.665532e+00 MB/s acc: 2.566020e-05 sec  4.988270e+00 MB/s
target =   27 size =         16 put: 1.929476e-05 sec 6.633925e+00 MB/s acc: 2.545232e-05 sec  5.029010e+00 MB/s
target =   28 size =         16 put: 1.921108e-05 sec 6.662821e+00 MB/s acc: 2.557086e-05 sec  5.005697e+00 MB/s
target =   29 size =         16 put: 1.923829e-05 sec 6.653397e+00 MB/s acc: 2.553454e-05 sec  5.012818e+00 MB/s
target =   30 size =         16 put: 1.923427e-05 sec 6.654789e+00 MB/s acc: 2.567011e-05 sec  4.986344e+00 MB/s
target =   31 size =         16 put: 1.922729e-05 sec 6.657205e+00 MB/s acc: 2.542249e-05 sec  5.034912e+00 MB/s
target =    0 size =         32 put: 1.390071e-05 sec 1.841632e+01 MB/s acc: 3.409833e-05 sec  7.507699e+00 MB/s
target =    1 size =         32 put: 1.765396e-05 sec 1.450100e+01 MB/s acc: 2.719147e-05 sec  9.414718e+00 MB/s
target =    2 size =         32 put: 1.750993e-05 sec 1.462027e+01 MB/s acc: 2.717251e-05 sec  9.421288e+00 MB/s
target =    3 size =         32 put: 1.759202e-05 sec 1.455205e+01 MB/s acc: 2.700901e-05 sec  9.478320e+00 MB/s
target =    4 size =         32 put: 1.756483e-05 sec 1.457458e+01 MB/s acc: 2.724594e-05 sec  9.395894e+00 MB/s
target =    5 size =         32 put: 1.752899e-05 sec 1.460438e+01 MB/s acc: 2.710407e-05 sec  9.445076e+00 MB/s
target =    6 size =         32 put: 1.754612e-05 sec 1.459012e+01 MB/s acc: 2.711756e-05 sec  9.440377e+00 MB/s
target =    7 size =         32 put: 1.758466e-05 sec 1.455815e+01 MB/s acc: 2.708453e-05 sec  9.451890e+00 MB/s
target =    8 size =         32 put: 1.762367e-05 sec 1.452592e+01 MB/s acc: 2.707659e-05 sec  9.454663e+00 MB/s
target =    9 size =         32 put: 1.751532e-05 sec 1.461578e+01 MB/s acc: 2.739301e-05 sec  9.345449e+00 MB/s
target =   10 size =         32 put: 1.773300e-05 sec 1.443636e+01 MB/s acc: 2.734639e-05 sec  9.361383e+00 MB/s
target =   11 size =         32 put: 1.781306e-05 sec 1.437148e+01 MB/s acc: 2.758171e-05 sec  9.281514e+00 MB/s
target =   12 size =         32 put: 1.790863e-05 sec 1.429478e+01 MB/s acc: 2.717803e-05 sec  9.419372e+00 MB/s
target =   13 size =         32 put: 1.779251e-05 sec 1.438807e+01 MB/s acc: 2.725902e-05 sec  9.391387e+00 MB/s
target =   14 size =         32 put: 1.775078e-05 sec 1.442190e+01 MB/s acc: 2.737109e-05 sec  9.352933e+00 MB/s
target =   15 size =         32 put: 1.774097e-05 sec 1.442988e+01 MB/s acc: 2.728253e-05 sec  9.383296e+00 MB/s
target =   16 size =         32 put: 2.053308e-05 sec 1.246769e+01 MB/s acc: 2.899539e-05 sec  8.828990e+00 MB/s
target =   17 size =         32 put: 2.044164e-05 sec 1.252345e+01 MB/s acc: 2.912083e-05 sec  8.790958e+00 MB/s
target =   18 size =         32 put: 2.045842e-05 sec 1.251318e+01 MB/s acc: 2.885566e-05 sec  8.871742e+00 MB/s
target =   19 size =         32 put: 2.031872e-05 sec 1.259922e+01 MB/s acc: 2.911886e-05 sec  8.791554e+00 MB/s
target =   20 size =         32 put: 2.051394e-05 sec 1.247932e+01 MB/s acc: 2.923857e-05 sec  8.755559e+00 MB/s
target =   21 size =         32 put: 2.044553e-05 sec 1.252108e+01 MB/s acc: 2.885107e-05 sec  8.873155e+00 MB/s
target =   22 size =         32 put: 2.042024e-05 sec 1.253658e+01 MB/s acc: 2.888434e-05 sec  8.862933e+00 MB/s
target =   23 size =         32 put: 2.049217e-05 sec 1.249258e+01 MB/s acc: 2.896746e-05 sec  8.837504e+00 MB/s
target =   24 size =         32 put: 2.055974e-05 sec 1.245152e+01 MB/s acc: 2.897252e-05 sec  8.835958e+00 MB/s
target =   25 size =         32 put: 2.053033e-05 sec 1.246936e+01 MB/s acc: 2.898039e-05 sec  8.833560e+00 MB/s
target =   26 size =         32 put: 2.046394e-05 sec 1.250981e+01 MB/s acc: 2.909209e-05 sec  8.799644e+00 MB/s
target =   27 size =         32 put: 2.042389e-05 sec 1.253434e+01 MB/s acc: 2.902887e-05 sec  8.818807e+00 MB/s
target =   28 size =         32 put: 2.055189e-05 sec 1.245628e+01 MB/s acc: 2.897677e-05 sec  8.834662e+00 MB/s
target =   29 size =         32 put: 2.045166e-05 sec 1.251732e+01 MB/s acc: 2.899432e-05 sec  8.829316e+00 MB/s
target =   30 size =         32 put: 2.038372e-05 sec 1.255904e+01 MB/s acc: 2.871029e-05 sec  8.916663e+00 MB/s
target =   31 size =         32 put: 2.045439e-05 sec 1.251565e+01 MB/s acc: 2.871618e-05 sec  8.914834e+00 MB/s
target =    0 size =         64 put: 1.390235e-05 sec 3.682831e+01 MB/s acc: 3.865416e-05 sec  1.324566e+01 MB/s
target =    1 size =         64 put: 1.780603e-05 sec 2.875430e+01 MB/s acc: 3.140949e-05 sec  1.630081e+01 MB/s
target =    2 size =         64 put: 1.783191e-05 sec 2.871257e+01 MB/s acc: 3.136534e-05 sec  1.632375e+01 MB/s
target =    3 size =         64 put: 1.783321e-05 sec 2.871047e+01 MB/s acc: 3.124132e-05 sec  1.638855e+01 MB/s
target =    4 size =         64 put: 1.791849e-05 sec 2.857384e+01 MB/s acc: 3.154464e-05 sec  1.623097e+01 MB/s
target =    5 size =         64 put: 1.786597e-05 sec 2.865784e+01 MB/s acc: 3.144511e-05 sec  1.628234e+01 MB/s
target =    6 size =         64 put: 1.784859e-05 sec 2.868573e+01 MB/s acc: 3.171343e-05 sec  1.614458e+01 MB/s
target =    7 size =         64 put: 1.785204e-05 sec 2.868019e+01 MB/s acc: 3.160554e-05 sec  1.619969e+01 MB/s
target =    8 size =         64 put: 1.780478e-05 sec 2.875632e+01 MB/s acc: 3.133493e-05 sec  1.633960e+01 MB/s
target =    9 size =         64 put: 1.774517e-05 sec 2.885292e+01 MB/s acc: 3.141812e-05 sec  1.629633e+01 MB/s
target =   10 size =         64 put: 1.778129e-05 sec 2.879431e+01 MB/s acc: 3.147305e-05 sec  1.626789e+01 MB/s
target =   11 size =         64 put: 1.792416e-05 sec 2.856480e+01 MB/s acc: 3.145859e-05 sec  1.627537e+01 MB/s
target =   12 size =         64 put: 1.787923e-05 sec 2.863658e+01 MB/s acc: 3.145716e-05 sec  1.627610e+01 MB/s
target =   13 size =         64 put: 1.794974e-05 sec 2.852408e+01 MB/s acc: 3.133574e-05 sec  1.633917e+01 MB/s
target =   14 size =         64 put: 1.802581e-05 sec 2.840371e+01 MB/s acc: 3.140823e-05 sec  1.630146e+01 MB/s
target =   15 size =         64 put: 1.789265e-05 sec 2.861510e+01 MB/s acc: 3.158172e-05 sec  1.621191e+01 MB/s
target =   16 size =         64 put: 2.082113e-05 sec 2.459040e+01 MB/s acc: 3.162627e-05 sec  1.618907e+01 MB/s
target =   17 size =         64 put: 2.060242e-05 sec 2.485145e+01 MB/s acc: 3.182788e-05 sec  1.608652e+01 MB/s
target =   18 size =         64 put: 2.077101e-05 sec 2.464974e+01 MB/s acc: 3.169224e-05 sec  1.615537e+01 MB/s
target =   19 size =         64 put: 2.058331e-05 sec 2.487452e+01 MB/s acc: 3.156202e-05 sec  1.622203e+01 MB/s
target =   20 size =         64 put: 2.063097e-05 sec 2.481705e+01 MB/s acc: 3.184701e-05 sec  1.607686e+01 MB/s
target =   21 size =         64 put: 2.054022e-05 sec 2.492670e+01 MB/s acc: 3.122873e-05 sec  1.639516e+01 MB/s
target =   22 size =         64 put: 2.055876e-05 sec 2.490423e+01 MB/s acc: 3.181514e-05 sec  1.609297e+01 MB/s
target =   23 size =         64 put: 2.054213e-05 sec 2.492439e+01 MB/s acc: 3.152821e-05 sec  1.623943e+01 MB/s
target =   24 size =         64 put: 2.037513e-05 sec 2.512868e+01 MB/s acc: 3.135658e-05 sec  1.632831e+01 MB/s
target =   25 size =         64 put: 2.051922e-05 sec 2.495222e+01 MB/s acc: 3.129969e-05 sec  1.635799e+01 MB/s
target =   26 size =         64 put: 2.042059e-05 sec 2.507273e+01 MB/s acc: 3.150901e-05 sec  1.624932e+01 MB/s
target =   27 size =         64 put: 2.057013e-05 sec 2.489046e+01 MB/s acc: 3.126836e-05 sec  1.637438e+01 MB/s
target =   28 size =         64 put: 2.046044e-05 sec 2.502390e+01 MB/s acc: 3.187572e-05 sec  1.606238e+01 MB/s
target =   29 size =         64 put: 2.048854e-05 sec 2.498957e+01 MB/s acc: 3.126638e-05 sec  1.637542e+01 MB/s
target =   30 size =         64 put: 2.051600e-05 sec 2.495613e+01 MB/s acc: 3.150161e-05 sec  1.625314e+01 MB/s
target =   31 size =         64 put: 2.065266e-05 sec 2.479099e+01 MB/s acc: 3.139937e-05 sec  1.630606e+01 MB/s
target =    0 size =        128 put: 1.347616e-05 sec 7.598606e+01 MB/s acc: 4.687419e-05 sec  2.184571e+01 MB/s
target =    1 size =        128 put: 1.668189e-05 sec 6.138392e+01 MB/s acc: 3.940389e-05 sec  2.598728e+01 MB/s
target =    2 size =        128 put: 1.648888e-05 sec 6.210245e+01 MB/s acc: 3.898951e-05 sec  2.626348e+01 MB/s
target =    3 size =        128 put: 1.663344e-05 sec 6.156272e+01 MB/s acc: 3.916863e-05 sec  2.614337e+01 MB/s
target =    4 size =        128 put: 1.662821e-05 sec 6.158211e+01 MB/s acc: 3.895574e-05 sec  2.628624e+01 MB/s
target =    5 size =        128 put: 1.646581e-05 sec 6.218948e+01 MB/s acc: 3.912777e-05 sec  2.617067e+01 MB/s
target =    6 size =        128 put: 1.651897e-05 sec 6.198934e+01 MB/s acc: 3.894080e-05 sec  2.629633e+01 MB/s
target =    7 size =        128 put: 1.673461e-05 sec 6.119054e+01 MB/s acc: 3.884453e-05 sec  2.636150e+01 MB/s
target =    8 size =        128 put: 1.663321e-05 sec 6.156360e+01 MB/s acc: 3.913352e-05 sec  2.616683e+01 MB/s
target =    9 size =        128 put: 1.655206e-05 sec 6.186543e+01 MB/s acc: 3.909618e-05 sec  2.619182e+01 MB/s
target =   10 size =        128 put: 1.654674e-05 sec 6.188529e+01 MB/s acc: 3.908890e-05 sec  2.619670e+01 MB/s
target =   11 size =        128 put: 1.657517e-05 sec 6.177916e+01 MB/s acc: 3.927483e-05 sec  2.607268e+01 MB/s
target =   12 size =        128 put: 1.654199e-05 sec 6.190308e+01 MB/s acc: 3.917426e-05 sec  2.613961e+01 MB/s
target =   13 size =        128 put: 1.661494e-05 sec 6.163129e+01 MB/s acc: 3.904486e-05 sec  2.622624e+01 MB/s
target =   14 size =        128 put: 1.649464e-05 sec 6.208078e+01 MB/s acc: 3.902500e-05 sec  2.623959e+01 MB/s
target =   15 size =        128 put: 1.652402e-05 sec 6.197040e+01 MB/s acc: 3.886253e-05 sec  2.634929e+01 MB/s
target =   16 size =        128 put: 1.927805e-05 sec 5.311741e+01 MB/s acc: 3.491059e-05 sec  2.933207e+01 MB/s
target =   17 size =        128 put: 1.905534e-05 sec 5.373821e+01 MB/s acc: 3.561478e-05 sec  2.875211e+01 MB/s
target =   18 size =        128 put: 1.908973e-05 sec 5.364142e+01 MB/s acc: 3.550928e-05 sec  2.883754e+01 MB/s
target =   19 size =        128 put: 1.891319e-05 sec 5.414212e+01 MB/s acc: 3.546487e-05 sec  2.887364e+01 MB/s
target =   20 size =        128 put: 1.891477e-05 sec 5.413757e+01 MB/s acc: 3.577869e-05 sec  2.862039e+01 MB/s
target =   21 size =        128 put: 1.905339e-05 sec 5.374372e+01 MB/s acc: 3.521486e-05 sec  2.907864e+01 MB/s
target =   22 size =        128 put: 1.913354e-05 sec 5.351858e+01 MB/s acc: 3.559904e-05 sec  2.876482e+01 MB/s
target =   23 size =        128 put: 1.887476e-05 sec 5.425236e+01 MB/s acc: 3.532294e-05 sec  2.898966e+01 MB/s
target =   24 size =        128 put: 1.891072e-05 sec 5.414918e+01 MB/s acc: 3.524762e-05 sec  2.905160e+01 MB/s
target =   25 size =        128 put: 1.902262e-05 sec 5.383065e+01 MB/s acc: 3.517451e-05 sec  2.911199e+01 MB/s
target =   26 size =        128 put: 1.881485e-05 sec 5.442509e+01 MB/s acc: 3.553138e-05 sec  2.881959e+01 MB/s
target =   27 size =        128 put: 1.870099e-05 sec 5.475647e+01 MB/s acc: 3.519526e-05 sec  2.909482e+01 MB/s
target =   28 size =        128 put: 1.868895e-05 sec 5.479174e+01 MB/s acc: 3.542473e-05 sec  2.890636e+01 MB/s
target =   29 size =        128 put: 1.874268e-05 sec 5.463468e+01 MB/s acc: 3.515247e-05 sec  2.913024e+01 MB/s
target =   30 size =        128 put: 1.891675e-05 sec 5.413192e+01 MB/s acc: 3.523144e-05 sec  2.906495e+01 MB/s
target =   31 size =        128 put: 1.860637e-05 sec 5.503492e+01 MB/s acc: 3.503027e-05 sec  2.923186e+01 MB/s
target =    0 size =        256 put: 1.436946e-05 sec 1.425245e+02 MB/s acc: 6.683069e-05 sec  3.064460e+01 MB/s
target =    1 size =        256 put: 1.668762e-05 sec 1.227257e+02 MB/s acc: 5.700264e-05 sec  3.592816e+01 MB/s
target =    2 size =        256 put: 1.638962e-05 sec 1.249571e+02 MB/s acc: 5.686715e-05 sec  3.601376e+01 MB/s
target =    3 size =        256 put: 1.638063e-05 sec 1.250257e+02 MB/s acc: 5.684765e-05 sec  3.602612e+01 MB/s
target =    4 size =        256 put: 1.652629e-05 sec 1.239237e+02 MB/s acc: 5.673624e-05 sec  3.609686e+01 MB/s
target =    5 size =        256 put: 1.643141e-05 sec 1.246393e+02 MB/s acc: 5.687391e-05 sec  3.600948e+01 MB/s
target =    6 size =        256 put: 1.633824e-05 sec 1.253501e+02 MB/s acc: 5.680449e-05 sec  3.605349e+01 MB/s
target =    7 size =        256 put: 1.645371e-05 sec 1.244704e+02 MB/s acc: 5.680638e-05 sec  3.605229e+01 MB/s
target =    8 size =        256 put: 1.646499e-05 sec 1.243852e+02 MB/s acc: 5.699749e-05 sec  3.593141e+01 MB/s
target =    9 size =        256 put: 1.644223e-05 sec 1.245573e+02 MB/s acc: 5.682272e-05 sec  3.604192e+01 MB/s
target =   10 size =        256 put: 1.653929e-05 sec 1.238263e+02 MB/s acc: 5.693067e-05 sec  3.597358e+01 MB/s
target =   11 size =        256 put: 1.664441e-05 sec 1.230443e+02 MB/s acc: 5.706039e-05 sec  3.589180e+01 MB/s
target =   12 size =        256 put: 1.661052e-05 sec 1.232954e+02 MB/s acc: 5.674869e-05 sec  3.608894e+01 MB/s
target =   13 size =        256 put: 1.649604e-05 sec 1.241510e+02 MB/s acc: 5.667569e-05 sec  3.613542e+01 MB/s
target =   14 size =        256 put: 1.634364e-05 sec 1.253087e+02 MB/s acc: 5.672953e-05 sec  3.610113e+01 MB/s
target =   15 size =        256 put: 1.645766e-05 sec 1.244405e+02 MB/s acc: 5.683767e-05 sec  3.603244e+01 MB/s
target =   16 size =        256 put: 1.891402e-05 sec 1.082795e+02 MB/s acc: 4.673636e-05 sec  4.382027e+01 MB/s
target =   17 size =        256 put: 1.923842e-05 sec 1.064536e+02 MB/s acc: 4.694594e-05 sec  4.362464e+01 MB/s
target =   18 size =        256 put: 1.898185e-05 sec 1.078925e+02 MB/s acc: 4.712084e-05 sec  4.346272e+01 MB/s
target =   19 size =        256 put: 1.905904e-05 sec 1.074555e+02 MB/s acc: 4.749072e-05 sec  4.312422e+01 MB/s
target =   20 size =        256 put: 1.898242e-05 sec 1.078893e+02 MB/s acc: 4.735916e-05 sec  4.324401e+01 MB/s
target =   21 size =        256 put: 1.902552e-05 sec 1.076449e+02 MB/s acc: 4.739772e-05 sec  4.320882e+01 MB/s
target =   22 size =        256 put: 1.933002e-05 sec 1.059492e+02 MB/s acc: 4.752759e-05 sec  4.309076e+01 MB/s
target =   23 size =        256 put: 1.898504e-05 sec 1.078744e+02 MB/s acc: 4.680826e-05 sec  4.375297e+01 MB/s
target =   24 size =        256 put: 1.863990e-05 sec 1.098718e+02 MB/s acc: 4.720337e-05 sec  4.338673e+01 MB/s
target =   25 size =        256 put: 1.928258e-05 sec 1.062098e+02 MB/s acc: 4.723486e-05 sec  4.335781e+01 MB/s
target =   26 size =        256 put: 1.904431e-05 sec 1.075387e+02 MB/s acc: 4.740763e-05 sec  4.319980e+01 MB/s
target =   27 size =        256 put: 1.946761e-05 sec 1.052004e+02 MB/s acc: 4.742274e-05 sec  4.318603e+01 MB/s
target =   28 size =        256 put: 1.924696e-05 sec 1.064064e+02 MB/s acc: 4.723406e-05 sec  4.335854e+01 MB/s
target =   29 size =        256 put: 1.904450e-05 sec 1.075376e+02 MB/s acc: 4.705067e-05 sec  4.352754e+01 MB/s
target =   30 size =        256 put: 1.936489e-05 sec 1.057584e+02 MB/s acc: 4.774247e-05 sec  4.289682e+01 MB/s
target =   31 size =        256 put: 1.919201e-05 sec 1.067111e+02 MB/s acc: 4.704501e-05 sec  4.353278e+01 MB/s
target =    0 size =        512 put: 1.492910e-05 sec 2.743635e+02 MB/s acc: 1.069866e-04 sec  3.828517e+01 MB/s
target =    1 size =        512 put: 1.661173e-05 sec 2.465727e+02 MB/s acc: 9.334482e-05 sec  4.388031e+01 MB/s
target =    2 size =        512 put: 1.634786e-05 sec 2.505526e+02 MB/s acc: 9.300566e-05 sec  4.404033e+01 MB/s
target =    3 size =        512 put: 1.635835e-05 sec 2.503920e+02 MB/s acc: 9.298793e-05 sec  4.404873e+01 MB/s
target =    4 size =        512 put: 1.618159e-05 sec 2.531271e+02 MB/s acc: 9.278898e-05 sec  4.414318e+01 MB/s
target =    5 size =        512 put: 1.616808e-05 sec 2.533387e+02 MB/s acc: 9.287065e-05 sec  4.410435e+01 MB/s
target =    6 size =        512 put: 1.608883e-05 sec 2.545865e+02 MB/s acc: 9.272661e-05 sec  4.417286e+01 MB/s
target =    7 size =        512 put: 1.611437e-05 sec 2.541831e+02 MB/s acc: 9.288520e-05 sec  4.409745e+01 MB/s
target =    8 size =        512 put: 1.619608e-05 sec 2.529007e+02 MB/s acc: 9.278863e-05 sec  4.414334e+01 MB/s
target =    9 size =        512 put: 1.629549e-05 sec 2.513579e+02 MB/s acc: 9.284326e-05 sec  4.411737e+01 MB/s
target =   10 size =        512 put: 1.620777e-05 sec 2.527183e+02 MB/s acc: 9.282214e-05 sec  4.412740e+01 MB/s
target =   11 size =        512 put: 1.634862e-05 sec 2.505410e+02 MB/s acc: 9.292229e-05 sec  4.407984e+01 MB/s
target =   12 size =        512 put: 1.632178e-05 sec 2.509530e+02 MB/s acc: 9.281219e-05 sec  4.413213e+01 MB/s
target =   13 size =        512 put: 1.649048e-05 sec 2.483857e+02 MB/s acc: 9.276246e-05 sec  4.415579e+01 MB/s
target =   14 size =        512 put: 1.648872e-05 sec 2.484123e+02 MB/s acc: 9.292889e-05 sec  4.407671e+01 MB/s
target =   15 size =        512 put: 1.634543e-05 sec 2.505899e+02 MB/s acc: 9.317218e-05 sec  4.396162e+01 MB/s
target =   16 size =        512 put: 1.905607e-05 sec 2.149446e+02 MB/s acc: 7.037758e-05 sec  5.820036e+01 MB/s
target =   17 size =        512 put: 1.877884e-05 sec 2.181178e+02 MB/s acc: 7.040260e-05 sec  5.817967e+01 MB/s
target =   18 size =        512 put: 1.896211e-05 sec 2.160098e+02 MB/s acc: 7.035225e-05 sec  5.822131e+01 MB/s
target =   19 size =        512 put: 1.886767e-05 sec 2.170909e+02 MB/s acc: 7.023870e-05 sec  5.831543e+01 MB/s
target =   20 size =        512 put: 1.883683e-05 sec 2.174463e+02 MB/s acc: 7.033760e-05 sec  5.823343e+01 MB/s
target =   21 size =        512 put: 1.877556e-05 sec 2.181560e+02 MB/s acc: 7.023461e-05 sec  5.831883e+01 MB/s
target =   22 size =        512 put: 1.888014e-05 sec 2.169475e+02 MB/s acc: 7.051893e-05 sec  5.808370e+01 MB/s
target =   23 size =        512 put: 1.883162e-05 sec 2.175065e+02 MB/s acc: 7.043419e-05 sec  5.815357e+01 MB/s
target =   24 size =        512 put: 1.884822e-05 sec 2.173150e+02 MB/s acc: 7.038702e-05 sec  5.819255e+01 MB/s
target =   25 size =        512 put: 1.897628e-05 sec 2.158484e+02 MB/s acc: 7.052423e-05 sec  5.807933e+01 MB/s
target =   26 size =        512 put: 1.879304e-05 sec 2.179530e+02 MB/s acc: 7.023996e-05 sec  5.831438e+01 MB/s
target =   27 size =        512 put: 1.888512e-05 sec 2.168903e+02 MB/s acc: 7.047982e-05 sec  5.811593e+01 MB/s
target =   28 size =        512 put: 1.895953e-05 sec 2.160391e+02 MB/s acc: 7.023347e-05 sec  5.831977e+01 MB/s
target =   29 size =        512 put: 1.888344e-05 sec 2.169096e+02 MB/s acc: 7.041213e-05 sec  5.817179e+01 MB/s
target =   30 size =        512 put: 1.873193e-05 sec 2.186641e+02 MB/s acc: 7.041954e-05 sec  5.816567e+01 MB/s
target =   31 size =        512 put: 1.895454e-05 sec 2.160960e+02 MB/s acc: 7.038508e-05 sec  5.819416e+01 MB/s
target =    0 size =       1024 put: 1.615667e-05 sec 5.070350e+02 MB/s acc: 1.856971e-04 sec  4.411485e+01 MB/s
target =    1 size =       1024 put: 1.683242e-05 sec 4.866799e+02 MB/s acc: 1.641975e-04 sec  4.989114e+01 MB/s
target =    2 size =       1024 put: 1.657559e-05 sec 4.942206e+02 MB/s acc: 1.635859e-04 sec  5.007768e+01 MB/s
target =    3 size =       1024 put: 1.678364e-05 sec 4.880943e+02 MB/s acc: 1.634689e-04 sec  5.011352e+01 MB/s
target =    4 size =       1024 put: 1.652654e-05 sec 4.956874e+02 MB/s acc: 1.631865e-04 sec  5.020024e+01 MB/s
target =    5 size =       1024 put: 1.658337e-05 sec 4.939889e+02 MB/s acc: 1.636300e-04 sec  5.006417e+01 MB/s
target =    6 size =       1024 put: 1.657652e-05 sec 4.941930e+02 MB/s acc: 1.631470e-04 sec  5.021237e+01 MB/s
target =    7 size =       1024 put: 1.661875e-05 sec 4.929372e+02 MB/s acc: 1.636524e-04 sec  5.005733e+01 MB/s
target =    8 size =       1024 put: 1.654672e-05 sec 4.950831e+02 MB/s acc: 1.635766e-04 sec  5.008051e+01 MB/s
target =    9 size =       1024 put: 1.674973e-05 sec 4.890825e+02 MB/s acc: 1.634133e-04 sec  5.013057e+01 MB/s
target =   10 size =       1024 put: 1.659474e-05 sec 4.936505e+02 MB/s acc: 1.633819e-04 sec  5.014019e+01 MB/s
target =   11 size =       1024 put: 1.677230e-05 sec 4.884244e+02 MB/s acc: 1.631677e-04 sec  5.020602e+01 MB/s
target =   12 size =       1024 put: 1.666839e-05 sec 4.914691e+02 MB/s acc: 1.634150e-04 sec  5.013005e+01 MB/s
target =   13 size =       1024 put: 1.679386e-05 sec 4.877973e+02 MB/s acc: 1.634872e-04 sec  5.010790e+01 MB/s
target =   14 size =       1024 put: 1.658152e-05 sec 4.940440e+02 MB/s acc: 1.636799e-04 sec  5.004889e+01 MB/s
target =   15 size =       1024 put: 1.668489e-05 sec 4.909832e+02 MB/s acc: 1.638466e-04 sec  4.999799e+01 MB/s
target =   16 size =       1024 put: 2.110522e-05 sec 3.881504e+02 MB/s acc: 1.207233e-04 sec  6.785768e+01 MB/s
target =   17 size =       1024 put: 2.112821e-05 sec 3.877281e+02 MB/s acc: 1.245262e-04 sec  6.578533e+01 MB/s
target =   18 size =       1024 put: 2.119099e-05 sec 3.865793e+02 MB/s acc: 1.233780e-04 sec  6.639757e+01 MB/s
target =   19 size =       1024 put: 2.091839e-05 sec 3.916171e+02 MB/s acc: 1.229022e-04 sec  6.665463e+01 MB/s
target =   20 size =       1024 put: 2.101712e-05 sec 3.897775e+02 MB/s acc: 1.276443e-04 sec  6.417835e+01 MB/s
target =   21 size =       1024 put: 2.090931e-05 sec 3.917872e+02 MB/s acc: 1.255330e-04 sec  6.525776e+01 MB/s
target =   22 size =       1024 put: 2.117984e-05 sec 3.867828e+02 MB/s acc: 1.260724e-04 sec  6.497855e+01 MB/s
target =   23 size =       1024 put: 2.118737e-05 sec 3.866453e+02 MB/s acc: 1.292444e-04 sec  6.338380e+01 MB/s
target =   24 size =       1024 put: 2.110916e-05 sec 3.880779e+02 MB/s acc: 1.231665e-04 sec  6.651158e+01 MB/s
target =   25 size =       1024 put: 2.119749e-05 sec 3.864608e+02 MB/s acc: 1.312311e-04 sec  6.242423e+01 MB/s
target =   26 size =       1024 put: 2.110183e-05 sec 3.882128e+02 MB/s acc: 1.278347e-04 sec  6.408274e+01 MB/s
target =   27 size =       1024 put: 2.130113e-05 sec 3.845805e+02 MB/s acc: 1.274898e-04 sec  6.425613e+01 MB/s
target =   28 size =       1024 put: 2.120703e-05 sec 3.862870e+02 MB/s acc: 1.239139e-04 sec  6.611040e+01 MB/s
target =   29 size =       1024 put: 2.134159e-05 sec 3.838514e+02 MB/s acc: 1.289063e-04 sec  6.355002e+01 MB/s
target =   30 size =       1024 put: 2.118150e-05 sec 3.867526e+02 MB/s acc: 1.199632e-04 sec  6.828763e+01 MB/s
target =   31 size =       1024 put: 2.130417e-05 sec 3.845257e+02 MB/s acc: 1.246223e-04 sec  6.573463e+01 MB/s
target =    0 size =       2048 put: 1.847412e-05 sec 8.868623e+02 MB/s acc: 3.438120e-04 sec  4.765395e+01 MB/s
target =    1 size =       2048 put: 1.735292e-05 sec 9.441639e+02 MB/s acc: 3.043572e-04 sec  5.383148e+01 MB/s
target =    2 size =       2048 put: 1.730354e-05 sec 9.468581e+02 MB/s acc: 3.039154e-04 sec  5.390973e+01 MB/s
target =    3 size =       2048 put: 1.721887e-05 sec 9.515143e+02 MB/s acc: 3.036804e-04 sec  5.395146e+01 MB/s
target =    4 size =       2048 put: 1.730775e-05 sec 9.466280e+02 MB/s acc: 3.033241e-04 sec  5.401482e+01 MB/s
target =    5 size =       2048 put: 1.720139e-05 sec 9.524810e+02 MB/s acc: 3.033487e-04 sec  5.401046e+01 MB/s
target =    6 size =       2048 put: 1.719583e-05 sec 9.527891e+02 MB/s acc: 3.029012e-04 sec  5.409025e+01 MB/s
target =    7 size =       2048 put: 1.724422e-05 sec 9.501155e+02 MB/s acc: 3.030911e-04 sec  5.405636e+01 MB/s
target =    8 size =       2048 put: 1.734568e-05 sec 9.445582e+02 MB/s acc: 3.031483e-04 sec  5.404615e+01 MB/s
target =    9 size =       2048 put: 1.729214e-05 sec 9.474823e+02 MB/s acc: 3.030372e-04 sec  5.406596e+01 MB/s
target =   10 size =       2048 put: 1.730543e-05 sec 9.467548e+02 MB/s acc: 3.031044e-04 sec  5.405399e+01 MB/s
target =   11 size =       2048 put: 1.746389e-05 sec 9.381645e+02 MB/s acc: 3.030563e-04 sec  5.406256e+01 MB/s
target =   12 size =       2048 put: 1.736744e-05 sec 9.433743e+02 MB/s acc: 3.034229e-04 sec  5.399725e+01 MB/s
target =   13 size =       2048 put: 1.757264e-05 sec 9.323583e+02 MB/s acc: 3.032310e-04 sec  5.403142e+01 MB/s
target =   14 size =       2048 put: 1.728967e-05 sec 9.476179e+02 MB/s acc: 3.036930e-04 sec  5.394921e+01 MB/s
target =   15 size =       2048 put: 1.712839e-05 sec 9.565407e+02 MB/s acc: 3.038398e-04 sec  5.392316e+01 MB/s
target =   16 size =       2048 put: 2.563202e-05 sec 6.392004e+02 MB/s acc: 2.288391e-04 sec  7.159614e+01 MB/s
target =   17 size =       2048 put: 2.582411e-05 sec 6.344460e+02 MB/s acc: 2.282277e-04 sec  7.178795e+01 MB/s
target =   18 size =       2048 put: 2.579088e-05 sec 6.352633e+02 MB/s acc: 2.300060e-04 sec  7.123292e+01 MB/s
target =   19 size =       2048 put: 2.581671e-05 sec 6.346278e+02 MB/s acc: 2.309813e-04 sec  7.093214e+01 MB/s
target =   20 size =       2048 put: 2.583351e-05 sec 6.342150e+02 MB/s acc: 2.292401e-04 sec  7.147092e+01 MB/s
target =   21 size =       2048 put: 2.573517e-05 sec 6.366385e+02 MB/s acc: 2.290394e-04 sec  7.153355e+01 MB/s
target =   22 size =       2048 put: 2.577756e-05 sec 6.355915e+02 MB/s acc: 2.301606e-04 sec  7.118507e+01 MB/s
target =   23 size =       2048 put: 2.567417e-05 sec 6.381511e+02 MB/s acc: 2.297203e-04 sec  7.132150e+01 MB/s
target =   24 size =       2048 put: 2.571151e-05 sec 6.372243e+02 MB/s acc: 2.302059e-04 sec  7.117108e+01 MB/s
target =   25 size =       2048 put: 2.583666e-05 sec 6.341378e+02 MB/s acc: 2.298924e-04 sec  7.126813e+01 MB/s
target =   26 size =       2048 put: 2.570364e-05 sec 6.374194e+02 MB/s acc: 2.300627e-04 sec  7.121536e+01 MB/s
target =   27 size =       2048 put: 2.571154e-05 sec 6.372235e+02 MB/s acc: 2.296451e-04 sec  7.134486e+01 MB/s
target =   28 size =       2048 put: 2.577124e-05 sec 6.357474e+02 MB/s acc: 2.299572e-04 sec  7.124803e+01 MB/s
target =   29 size =       2048 put: 2.572438e-05 sec 6.369057e+02 MB/s acc: 2.290897e-04 sec  7.151783e+01 MB/s
target =   30 size =       2048 put: 2.578335e-05 sec 6.354488e+02 MB/s acc: 2.298607e-04 sec  7.127796e+01 MB/s
target =   31 size =       2048 put: 2.559694e-05 sec 6.400764e+02 MB/s acc: 2.288263e-04 sec  7.160018e+01 MB/s
target =    0 size =       4096 put: 2.029925e-05 sec 1.614247e+03 MB/s acc: 6.632559e-04 sec  4.940476e+01 MB/s
target =    1 size =       4096 put: 1.981157e-05 sec 1.653983e+03 MB/s acc: 5.894247e-04 sec  5.559319e+01 MB/s
target =    2 size =       4096 put: 1.952268e-05 sec 1.678458e+03 MB/s acc: 5.890957e-04 sec  5.562424e+01 MB/s
target =    3 size =       4096 put: 1.957801e-05 sec 1.673714e+03 MB/s acc: 5.880659e-04 sec  5.572165e+01 MB/s
target =    4 size =       4096 put: 1.965062e-05 sec 1.667530e+03 MB/s acc: 5.875666e-04 sec  5.576899e+01 MB/s
target =    5 size =       4096 put: 1.976516e-05 sec 1.657867e+03 MB/s acc: 5.876840e-04 sec  5.575786e+01 MB/s
target =    6 size =       4096 put: 1.950764e-05 sec 1.679752e+03 MB/s acc: 5.870025e-04 sec  5.582259e+01 MB/s
target =    7 size =       4096 put: 1.965941e-05 sec 1.666784e+03 MB/s acc: 5.871432e-04 sec  5.580921e+01 MB/s
target =    8 size =       4096 put: 1.966602e-05 sec 1.666224e+03 MB/s acc: 5.866823e-04 sec  5.585306e+01 MB/s
target =    9 size =       4096 put: 1.953519e-05 sec 1.677383e+03 MB/s acc: 5.870034e-04 sec  5.582250e+01 MB/s
target =   10 size =       4096 put: 1.966794e-05 sec 1.666061e+03 MB/s acc: 5.866482e-04 sec  5.585630e+01 MB/s
target =   11 size =       4096 put: 1.949412e-05 sec 1.680917e+03 MB/s acc: 5.872419e-04 sec  5.579984e+01 MB/s
target =   12 size =       4096 put: 1.957333e-05 sec 1.674115e+03 MB/s acc: 5.873987e-04 sec  5.578494e+01 MB/s
target =   13 size =       4096 put: 1.966485e-05 sec 1.666323e+03 MB/s acc: 5.876673e-04 sec  5.575944e+01 MB/s
target =   14 size =       4096 put: 1.934946e-05 sec 1.693484e+03 MB/s acc: 5.876719e-04 sec  5.575901e+01 MB/s
target =   15 size =       4096 put: 1.946567e-05 sec 1.683374e+03 MB/s acc: 5.884390e-04 sec  5.568631e+01 MB/s
target =   16 size =       4096 put: 3.509434e-05 sec 9.337119e+02 MB/s acc: 4.006462e-04 sec  8.178788e+01 MB/s
target =   17 size =       4096 put: 3.490424e-05 sec 9.387970e+02 MB/s acc: 4.020023e-04 sec  8.151197e+01 MB/s
target =   18 size =       4096 put: 3.509614e-05 sec 9.336640e+02 MB/s acc: 4.023590e-04 sec  8.143971e+01 MB/s
target =   19 size =       4096 put: 3.514399e-05 sec 9.323928e+02 MB/s acc: 4.021708e-04 sec  8.147781e+01 MB/s
target =   20 size =       4096 put: 3.502336e-05 sec 9.356042e+02 MB/s acc: 4.025855e-04 sec  8.139389e+01 MB/s
target =   21 size =       4096 put: 3.496576e-05 sec 9.371455e+02 MB/s acc: 4.009774e-04 sec  8.172032e+01 MB/s
target =   22 size =       4096 put: 3.496498e-05 sec 9.371662e+02 MB/s acc: 4.022917e-04 sec  8.145334e+01 MB/s
target =   23 size =       4096 put: 3.489448e-05 sec 9.390597e+02 MB/s acc: 4.010495e-04 sec  8.170563e+01 MB/s
target =   24 size =       4096 put: 3.499978e-05 sec 9.362344e+02 MB/s acc: 4.025309e-04 sec  8.140494e+01 MB/s
target =   25 size =       4096 put: 3.476849e-05 sec 9.424625e+02 MB/s acc: 4.016538e-04 sec  8.158270e+01 MB/s
target =   26 size =       4096 put: 3.502768e-05 sec 9.354887e+02 MB/s acc: 4.018808e-04 sec  8.153661e+01 MB/s
target =   27 size =       4096 put: 3.491264e-05 sec 9.385711e+02 MB/s acc: 4.015135e-04 sec  8.161120e+01 MB/s
target =   28 size =       4096 put: 3.486689e-05 sec 9.398028e+02 MB/s acc: 4.023314e-04 sec  8.144529e+01 MB/s
target =   29 size =       4096 put: 3.486985e-05 sec 9.397230e+02 MB/s acc: 4.013250e-04 sec  8.164955e+01 MB/s
target =   30 size =       4096 put: 3.494902e-05 sec 9.375943e+02 MB/s acc: 4.015899e-04 sec  8.159567e+01 MB/s
target =   31 size =       4096 put: 3.511124e-05 sec 9.332623e+02 MB/s acc: 4.010054e-04 sec  8.171462e+01 MB/s
target =    0 size =       8192 put: 2.418975e-05 sec 2.709247e+03 MB/s acc: 1.304745e-03 sec  5.022899e+01 MB/s
target =    1 size =       8192 put: 2.350281e-05 sec 2.788433e+03 MB/s acc: 1.160371e-03 sec  5.647850e+01 MB/s
target =    2 size =       8192 put: 2.329329e-05 sec 2.813514e+03 MB/s acc: 1.160377e-03 sec  5.647822e+01 MB/s
target =    3 size =       8192 put: 2.329616e-05 sec 2.813168e+03 MB/s acc: 1.157826e-03 sec  5.660264e+01 MB/s
target =    4 size =       8192 put: 2.328869e-05 sec 2.814069e+03 MB/s acc: 1.156751e-03 sec  5.665523e+01 MB/s
target =    5 size =       8192 put: 2.333291e-05 sec 2.808737e+03 MB/s acc: 1.157358e-03 sec  5.662551e+01 MB/s
target =    6 size =       8192 put: 2.315462e-05 sec 2.830363e+03 MB/s acc: 1.155199e-03 sec  5.673137e+01 MB/s
target =    7 size =       8192 put: 2.321545e-05 sec 2.822948e+03 MB/s acc: 1.156029e-03 sec  5.669060e+01 MB/s
target =    8 size =       8192 put: 2.315242e-05 sec 2.830633e+03 MB/s acc: 1.156924e-03 sec  5.664677e+01 MB/s
target =    9 size =       8192 put: 2.323284e-05 sec 2.820834e+03 MB/s acc: 1.155405e-03 sec  5.672124e+01 MB/s
target =   10 size =       8192 put: 2.321101e-05 sec 2.823488e+03 MB/s acc: 1.156799e-03 sec  5.665291e+01 MB/s
target =   11 size =       8192 put: 2.333641e-05 sec 2.808316e+03 MB/s acc: 1.155463e-03 sec  5.671841e+01 MB/s
target =   12 size =       8192 put: 2.323390e-05 sec 2.820706e+03 MB/s acc: 1.158146e-03 sec  5.658697e+01 MB/s
target =   13 size =       8192 put: 2.340661e-05 sec 2.799893e+03 MB/s acc: 1.156698e-03 sec  5.665785e+01 MB/s
target =   14 size =       8192 put: 2.323779e-05 sec 2.820233e+03 MB/s acc: 1.158739e-03 sec  5.655801e+01 MB/s
target =   15 size =       8192 put: 2.324398e-05 sec 2.819483e+03 MB/s acc: 1.158361e-03 sec  5.657650e+01 MB/s
target =   16 size =       8192 put: 5.355504e-05 sec 1.223713e+03 MB/s acc: 7.460087e-04 sec  8.784884e+01 MB/s
target =   17 size =       8192 put: 5.324871e-05 sec 1.230753e+03 MB/s acc: 7.446964e-04 sec  8.800365e+01 MB/s
target =   18 size =       8192 put: 5.340969e-05 sec 1.227043e+03 MB/s acc: 7.458864e-04 sec  8.786324e+01 MB/s
target =   19 size =       8192 put: 5.316816e-05 sec 1.232618e+03 MB/s acc: 7.459189e-04 sec  8.785942e+01 MB/s
target =   20 size =       8192 put: 5.321138e-05 sec 1.231616e+03 MB/s acc: 7.461292e-04 sec  8.783465e+01 MB/s
target =   21 size =       8192 put: 5.340068e-05 sec 1.227250e+03 MB/s acc: 7.455308e-04 sec  8.790515e+01 MB/s
target =   22 size =       8192 put: 5.342949e-05 sec 1.226588e+03 MB/s acc: 7.459094e-04 sec  8.786053e+01 MB/s
target =   23 size =       8192 put: 5.337089e-05 sec 1.227935e+03 MB/s acc: 7.459211e-04 sec  8.785916e+01 MB/s
target =   24 size =       8192 put: 5.328389e-05 sec 1.229940e+03 MB/s acc: 7.456697e-04 sec  8.788878e+01 MB/s
target =   25 size =       8192 put: 5.322536e-05 sec 1.231293e+03 MB/s acc: 7.457325e-04 sec  8.788137e+01 MB/s
target =   26 size =       8192 put: 5.325339e-05 sec 1.230645e+03 MB/s acc: 7.460385e-04 sec  8.784534e+01 MB/s
target =   27 size =       8192 put: 5.326916e-05 sec 1.230280e+03 MB/s acc: 7.460372e-04 sec  8.784548e+01 MB/s
target =   28 size =       8192 put: 5.327409e-05 sec 1.230167e+03 MB/s acc: 7.456899e-04 sec  8.788640e+01 MB/s
target =   29 size =       8192 put: 5.329279e-05 sec 1.229735e+03 MB/s acc: 7.456426e-04 sec  8.789197e+01 MB/s
target =   30 size =       8192 put: 5.327014e-05 sec 1.230258e+03 MB/s acc: 7.457299e-04 sec  8.788169e+01 MB/s
target =   31 size =       8192 put: 5.330874e-05 sec 1.229367e+03 MB/s acc: 7.461190e-04 sec  8.783586e+01 MB/s
target =    0 size =      16384 put: 3.143139e-05 sec 4.170099e+03 MB/s acc: 2.585364e-03 sec  5.069769e+01 MB/s
target =    1 size =      16384 put: 3.014373e-05 sec 4.348234e+03 MB/s acc: 2.303165e-03 sec  5.690950e+01 MB/s
target =    2 size =      16384 put: 2.994463e-05 sec 4.377145e+03 MB/s acc: 2.292057e-03 sec  5.718530e+01 MB/s
target =    3 size =      16384 put: 2.990155e-05 sec 4.383452e+03 MB/s acc: 2.296785e-03 sec  5.706759e+01 MB/s
target =    4 size =      16384 put: 2.977796e-05 sec 4.401645e+03 MB/s acc: 2.295146e-03 sec  5.710835e+01 MB/s
target =    5 size =      16384 put: 2.974068e-05 sec 4.407162e+03 MB/s acc: 2.296226e-03 sec  5.708150e+01 MB/s
target =    6 size =      16384 put: 2.991394e-05 sec 4.381636e+03 MB/s acc: 2.291883e-03 sec  5.718965e+01 MB/s
target =    7 size =      16384 put: 2.977966e-05 sec 4.401393e+03 MB/s acc: 2.293274e-03 sec  5.715496e+01 MB/s
target =    8 size =      16384 put: 2.994514e-05 sec 4.377071e+03 MB/s acc: 2.295535e-03 sec  5.709868e+01 MB/s
target =    9 size =      16384 put: 3.008489e-05 sec 4.356738e+03 MB/s acc: 2.292002e-03 sec  5.718670e+01 MB/s
target =   10 size =      16384 put: 2.989366e-05 sec 4.384609e+03 MB/s acc: 2.295918e-03 sec  5.708916e+01 MB/s
target =   11 size =      16384 put: 2.986419e-05 sec 4.388936e+03 MB/s acc: 2.291908e-03 sec  5.718904e+01 MB/s
target =   12 size =      16384 put: 3.001439e-05 sec 4.366972e+03 MB/s acc: 2.298048e-03 sec  5.703624e+01 MB/s
target =   13 size =      16384 put: 2.994512e-05 sec 4.377074e+03 MB/s acc: 2.294827e-03 sec  5.711630e+01 MB/s
target =   14 size =      16384 put: 2.981652e-05 sec 4.395952e+03 MB/s acc: 2.299383e-03 sec  5.700313e+01 MB/s
target =   15 size =      16384 put: 2.984687e-05 sec 4.391482e+03 MB/s acc: 2.297679e-03 sec  5.704540e+01 MB/s
target =   16 size =      16384 put: 9.030718e-05 sec 1.451402e+03 MB/s acc: 1.432907e-03 sec  9.147276e+01 MB/s
target =   17 size =      16384 put: 9.028122e-05 sec 1.451819e+03 MB/s acc: 1.433062e-03 sec  9.146290e+01 MB/s
target =   18 size =      16384 put: 9.053262e-05 sec 1.447788e+03 MB/s acc: 1.435094e-03 sec  9.133341e+01 MB/s
target =   19 size =      16384 put: 9.040939e-05 sec 1.449761e+03 MB/s acc: 1.436195e-03 sec  9.126339e+01 MB/s
target =   20 size =      16384 put: 9.028455e-05 sec 1.451766e+03 MB/s acc: 1.435883e-03 sec  9.128320e+01 MB/s
target =   21 size =      16384 put: 9.053297e-05 sec 1.447782e+03 MB/s acc: 1.433339e-03 sec  9.144520e+01 MB/s
target =   22 size =      16384 put: 9.024156e-05 sec 1.452457e+03 MB/s acc: 1.435510e-03 sec  9.130692e+01 MB/s
target =   23 size =      16384 put: 9.031822e-05 sec 1.451224e+03 MB/s acc: 1.434181e-03 sec  9.139153e+01 MB/s
target =   24 size =      16384 put: 9.030426e-05 sec 1.451449e+03 MB/s acc: 1.435986e-03 sec  9.127665e+01 MB/s
target =   25 size =      16384 put: 9.031255e-05 sec 1.451315e+03 MB/s acc: 1.435000e-03 sec  9.133935e+01 MB/s
target =   26 size =      16384 put: 9.028595e-05 sec 1.451743e+03 MB/s acc: 1.435318e-03 sec  9.131914e+01 MB/s
target =   27 size =      16384 put: 9.043746e-05 sec 1.449311e+03 MB/s acc: 1.435989e-03 sec  9.127645e+01 MB/s
target =   28 size =      16384 put: 9.028482e-05 sec 1.451761e+03 MB/s acc: 1.435152e-03 sec  9.132968e+01 MB/s
target =   29 size =      16384 put: 9.043917e-05 sec 1.449284e+03 MB/s acc: 1.435057e-03 sec  9.133575e+01 MB/s
target =   30 size =      16384 put: 9.048490e-05 sec 1.448551e+03 MB/s acc: 1.435302e-03 sec  9.132018e+01 MB/s
target =   31 size =      16384 put: 9.028691e-05 sec 1.451728e+03 MB/s acc: 1.435195e-03 sec  9.132693e+01 MB/s
target =    0 size =      32768 put: 4.681465e-05 sec 5.599615e+03 MB/s acc: 5.145826e-03 sec  5.094304e+01 MB/s
target =    1 size =      32768 put: 4.358864e-05 sec 6.014044e+03 MB/s acc: 4.585688e-03 sec  5.716568e+01 MB/s
target =    2 size =      32768 put: 4.352640e-05 sec 6.022644e+03 MB/s acc: 4.564561e-03 sec  5.743027e+01 MB/s
target =    3 size =      32768 put: 4.360491e-05 sec 6.011801e+03 MB/s acc: 4.574962e-03 sec  5.729971e+01 MB/s
target =    4 size =      32768 put: 4.334846e-05 sec 6.047366e+03 MB/s acc: 4.570784e-03 sec  5.735208e+01 MB/s
target =    5 size =      32768 put: 4.318270e-05 sec 6.070579e+03 MB/s acc: 4.573761e-03 sec  5.731476e+01 MB/s
target =    6 size =      32768 put: 4.330268e-05 sec 6.053760e+03 MB/s acc: 4.564549e-03 sec  5.743043e+01 MB/s
target =    7 size =      32768 put: 4.331018e-05 sec 6.052711e+03 MB/s acc: 4.568515e-03 sec  5.738057e+01 MB/s
target =    8 size =      32768 put: 4.337569e-05 sec 6.043569e+03 MB/s acc: 4.573233e-03 sec  5.732137e+01 MB/s
target =    9 size =      32768 put: 4.329699e-05 sec 6.054554e+03 MB/s acc: 4.564939e-03 sec  5.742552e+01 MB/s
target =   10 size =      32768 put: 4.342623e-05 sec 6.036537e+03 MB/s acc: 4.573192e-03 sec  5.732188e+01 MB/s
target =   11 size =      32768 put: 4.313599e-05 sec 6.077152e+03 MB/s acc: 4.564933e-03 sec  5.742560e+01 MB/s
target =   12 size =      32768 put: 4.356864e-05 sec 6.016804e+03 MB/s acc: 4.577765e-03 sec  5.726463e+01 MB/s
target =   13 size =      32768 put: 4.347109e-05 sec 6.030306e+03 MB/s acc: 4.571011e-03 sec  5.734924e+01 MB/s
target =   14 size =      32768 put: 4.325714e-05 sec 6.060133e+03 MB/s acc: 4.580433e-03 sec  5.723126e+01 MB/s
target =   15 size =      32768 put: 4.348596e-05 sec 6.028245e+03 MB/s acc: 4.576803e-03 sec  5.727667e+01 MB/s
target =   16 size =      32768 put: 1.640007e-04 sec 1.598432e+03 MB/s acc: 3.344146e-03 sec  7.838893e+01 MB/s
target =   17 size =      32768 put: 1.641397e-04 sec 1.597078e+03 MB/s acc: 3.320634e-03 sec  7.894396e+01 MB/s
target =   18 size =      32768 put: 1.639815e-04 sec 1.598619e+03 MB/s acc: 3.337137e-03 sec  7.855356e+01 MB/s
target =   19 size =      32768 put: 1.639961e-04 sec 1.598477e+03 MB/s acc: 3.337565e-03 sec  7.854349e+01 MB/s
target =   20 size =      32768 put: 1.639110e-04 sec 1.599307e+03 MB/s acc: 3.342872e-03 sec  7.841881e+01 MB/s
target =   21 size =      32768 put: 1.639676e-04 sec 1.598755e+03 MB/s acc: 3.328051e-03 sec  7.876802e+01 MB/s
target =   22 size =      32768 put: 1.640162e-04 sec 1.598281e+03 MB/s acc: 3.343939e-03 sec  7.839378e+01 MB/s
target =   23 size =      32768 put: 1.639674e-04 sec 1.598757e+03 MB/s acc: 3.342846e-03 sec  7.841940e+01 MB/s
target =   24 size =      32768 put: 1.639899e-04 sec 1.598537e+03 MB/s acc: 3.341553e-03 sec  7.844975e+01 MB/s
target =   25 size =      32768 put: 1.639336e-04 sec 1.599086e+03 MB/s acc: 3.331709e-03 sec  7.868154e+01 MB/s
target =   26 size =      32768 put: 1.640507e-04 sec 1.597945e+03 MB/s acc: 3.334202e-03 sec  7.862272e+01 MB/s
target =   27 size =      32768 put: 1.639296e-04 sec 1.599125e+03 MB/s acc: 3.331744e-03 sec  7.868070e+01 MB/s
target =   28 size =      32768 put: 1.639424e-04 sec 1.599000e+03 MB/s acc: 3.345588e-03 sec  7.835513e+01 MB/s
target =   29 size =      32768 put: 1.640866e-04 sec 1.597595e+03 MB/s acc: 3.331566e-03 sec  7.868491e+01 MB/s
target =   30 size =      32768 put: 1.639104e-04 sec 1.599313e+03 MB/s acc: 3.333147e-03 sec  7.864760e+01 MB/s
target =   31 size =      32768 put: 1.640350e-04 sec 1.598098e+03 MB/s acc: 3.324958e-03 sec  7.884129e+01 MB/s
target =    0 size =      65536 put: 7.647706e-05 sec 6.855493e+03 MB/s acc: 1.027740e-02 sec  5.101368e+01 MB/s
target =    1 size =      65536 put: 7.030162e-05 sec 7.457695e+03 MB/s acc: 9.153725e-03 sec  5.727591e+01 MB/s
target =    2 size =      65536 put: 7.058754e-05 sec 7.427486e+03 MB/s acc: 9.139339e-03 sec  5.736608e+01 MB/s
target =    3 size =      65536 put: 7.060889e-05 sec 7.425240e+03 MB/s acc: 9.131745e-03 sec  5.741378e+01 MB/s
target =    4 size =      65536 put: 7.057485e-05 sec 7.428822e+03 MB/s acc: 9.123622e-03 sec  5.746490e+01 MB/s
target =    5 size =      65536 put: 7.015933e-05 sec 7.472819e+03 MB/s acc: 9.129743e-03 sec  5.742637e+01 MB/s
target =    6 size =      65536 put: 7.052598e-05 sec 7.433970e+03 MB/s acc: 9.111489e-03 sec  5.754142e+01 MB/s
target =    7 size =      65536 put: 7.062889e-05 sec 7.423138e+03 MB/s acc: 9.118624e-03 sec  5.749640e+01 MB/s
target =    8 size =      65536 put: 7.050635e-05 sec 7.436039e+03 MB/s acc: 9.135662e-03 sec  5.738916e+01 MB/s
target =    9 size =      65536 put: 7.012009e-05 sec 7.477002e+03 MB/s acc: 9.117481e-03 sec  5.750360e+01 MB/s
target =   10 size =      65536 put: 7.014518e-05 sec 7.474327e+03 MB/s acc: 9.135426e-03 sec  5.739064e+01 MB/s
target =   11 size =      65536 put: 7.060411e-05 sec 7.425744e+03 MB/s acc: 9.118302e-03 sec  5.749843e+01 MB/s
target =   12 size =      65536 put: 7.077133e-05 sec 7.408198e+03 MB/s acc: 9.143793e-03 sec  5.733813e+01 MB/s
target =   13 size =      65536 put: 7.069753e-05 sec 7.415931e+03 MB/s acc: 9.129345e-03 sec  5.742887e+01 MB/s
target =   14 size =      65536 put: 7.068854e-05 sec 7.416874e+03 MB/s acc: 9.147928e-03 sec  5.731221e+01 MB/s
target =   15 size =      65536 put: 7.067936e-05 sec 7.417838e+03 MB/s acc: 9.140009e-03 sec  5.736187e+01 MB/s
target =   16 size =      65536 put: 3.114866e-04 sec 1.683180e+03 MB/s acc: 6.087822e-03 sec  8.612078e+01 MB/s
target =   17 size =      65536 put: 3.114919e-04 sec 1.683151e+03 MB/s acc: 6.081544e-03 sec  8.620968e+01 MB/s
target =   18 size =      65536 put: 3.115307e-04 sec 1.682941e+03 MB/s acc: 6.104107e-03 sec  8.589102e+01 MB/s
target =   19 size =      65536 put: 3.114612e-04 sec 1.683317e+03 MB/s acc: 6.091824e-03 sec  8.606420e+01 MB/s
target =   20 size =      65536 put: 3.115793e-04 sec 1.682679e+03 MB/s acc: 6.094175e-03 sec  8.603101e+01 MB/s
target =   21 size =      65536 put: 3.113486e-04 sec 1.683926e+03 MB/s acc: 6.089481e-03 sec  8.609732e+01 MB/s
target =   22 size =      65536 put: 3.114062e-04 sec 1.683614e+03 MB/s acc: 6.095555e-03 sec  8.601153e+01 MB/s
target =   23 size =      65536 put: 3.114127e-04 sec 1.683580e+03 MB/s acc: 6.098627e-03 sec  8.596821e+01 MB/s
target =   24 size =      65536 put: 3.115153e-04 sec 1.683025e+03 MB/s acc: 6.091116e-03 sec  8.607421e+01 MB/s
target =   25 size =      65536 put: 3.115486e-04 sec 1.682845e+03 MB/s acc: 6.105710e-03 sec  8.586848e+01 MB/s
target =   26 size =      65536 put: 3.115291e-04 sec 1.682950e+03 MB/s acc: 6.094915e-03 sec  8.602056e+01 MB/s
target =   27 size =      65536 put: 3.113587e-04 sec 1.683871e+03 MB/s acc: 6.099498e-03 sec  8.595593e+01 MB/s
target =   28 size =      65536 put: 3.114460e-04 sec 1.683399e+03 MB/s acc: 6.089795e-03 sec  8.609288e+01 MB/s
target =   29 size =      65536 put: 3.114842e-04 sec 1.683193e+03 MB/s acc: 6.090557e-03 sec  8.608212e+01 MB/s
target =   30 size =      65536 put: 3.113484e-04 sec 1.683927e+03 MB/s acc: 6.080447e-03 sec  8.622524e+01 MB/s
target =   31 size =      65536 put: 3.115038e-04 sec 1.683087e+03 MB/s acc: 6.085196e-03 sec  8.615794e+01 MB/s
target =    0 size =     131072 put: 1.387259e-04 sec 7.558616e+03 MB/s acc: 2.052033e-02 sec  5.109938e+01 MB/s
target =    1 size =     131072 put: 1.240650e-04 sec 8.451830e+03 MB/s acc: 1.828923e-02 sec  5.733297e+01 MB/s
target =    2 size =     131072 put: 1.247443e-04 sec 8.405805e+03 MB/s acc: 1.825985e-02 sec  5.742521e+01 MB/s
target =    3 size =     131072 put: 1.251655e-04 sec 8.377517e+03 MB/s acc: 1.824401e-02 sec  5.747508e+01 MB/s
target =    4 size =     131072 put: 1.238568e-04 sec 8.466033e+03 MB/s acc: 1.827165e-02 sec  5.738812e+01 MB/s
target =    5 size =     131072 put: 1.247178e-04 sec 8.407589e+03 MB/s acc: 1.824111e-02 sec  5.748422e+01 MB/s
target =    6 size =     131072 put: 1.238147e-04 sec 8.468914e+03 MB/s acc: 1.825428e-02 sec  5.744274e+01 MB/s
target =    7 size =     131072 put: 1.247392e-04 sec 8.406149e+03 MB/s acc: 1.821873e-02 sec  5.755483e+01 MB/s
target =    8 size =     131072 put: 1.248276e-04 sec 8.400191e+03 MB/s acc: 1.814076e-02 sec  5.780221e+01 MB/s
target =    9 size =     131072 put: 1.248234e-04 sec 8.400476e+03 MB/s acc: 1.821634e-02 sec  5.756240e+01 MB/s
target =   10 size =     131072 put: 1.247217e-04 sec 8.407329e+03 MB/s acc: 1.814120e-02 sec  5.780082e+01 MB/s
target =   11 size =     131072 put: 1.238800e-04 sec 8.464448e+03 MB/s acc: 1.821779e-02 sec  5.755781e+01 MB/s
target =   12 size =     131072 put: 1.238918e-04 sec 8.463646e+03 MB/s acc: 1.816432e-02 sec  5.772725e+01 MB/s
target =   13 size =     131072 put: 1.248834e-04 sec 8.396439e+03 MB/s acc: 1.824166e-02 sec  5.748248e+01 MB/s
target =   14 size =     131072 put: 1.239104e-04 sec 8.462375e+03 MB/s acc: 1.817583e-02 sec  5.769068e+01 MB/s
target =   15 size =     131072 put: 1.238871e-04 sec 8.463963e+03 MB/s acc: 1.826201e-02 sec  5.741843e+01 MB/s
target =   16 size =     131072 put: 6.066759e-04 sec 1.728396e+03 MB/s acc: 1.320304e-02 sec  7.941927e+01 MB/s
target =   17 size =     131072 put: 6.065313e-04 sec 1.728808e+03 MB/s acc: 1.317889e-02 sec  7.956483e+01 MB/s
target =   18 size =     131072 put: 6.064401e-04 sec 1.729068e+03 MB/s acc: 1.313788e-02 sec  7.981318e+01 MB/s
target =   19 size =     131072 put: 6.063517e-04 sec 1.729320e+03 MB/s acc: 1.323341e-02 sec  7.923700e+01 MB/s
target =   20 size =     131072 put: 6.062859e-04 sec 1.729507e+03 MB/s acc: 1.315271e-02 sec  7.972320e+01 MB/s
target =   21 size =     131072 put: 6.062344e-04 sec 1.729654e+03 MB/s acc: 1.319569e-02 sec  7.946351e+01 MB/s
target =   22 size =     131072 put: 6.063458e-04 sec 1.729337e+03 MB/s acc: 1.317425e-02 sec  7.959282e+01 MB/s
target =   23 size =     131072 put: 6.062283e-04 sec 1.729672e+03 MB/s acc: 1.321032e-02 sec  7.937550e+01 MB/s
target =   24 size =     131072 put: 6.061741e-04 sec 1.729826e+03 MB/s acc: 1.317367e-02 sec  7.959636e+01 MB/s
target =   25 size =     131072 put: 6.063712e-04 sec 1.729264e+03 MB/s acc: 1.321515e-02 sec  7.934653e+01 MB/s
target =   26 size =     131072 put: 6.062768e-04 sec 1.729533e+03 MB/s acc: 1.317404e-02 sec  7.959413e+01 MB/s
target =   27 size =     131072 put: 6.062696e-04 sec 1.729554e+03 MB/s acc: 1.321695e-02 sec  7.933571e+01 MB/s
target =   28 size =     131072 put: 6.063905e-04 sec 1.729209e+03 MB/s acc: 1.313869e-02 sec  7.980828e+01 MB/s
target =   29 size =     131072 put: 6.063270e-04 sec 1.729390e+03 MB/s acc: 1.324578e-02 sec  7.916302e+01 MB/s
target =   30 size =     131072 put: 6.063467e-04 sec 1.729334e+03 MB/s acc: 1.312469e-02 sec  7.989342e+01 MB/s
target =   31 size =     131072 put: 6.063042e-04 sec 1.729455e+03 MB/s acc: 1.317063e-02 sec  7.961469e+01 MB/s
target =    0 size =     262144 put: 2.520726e-04 sec 8.319635e+03 MB/s acc: 4.100723e-02 sec  5.114103e+01 MB/s
target =    1 size =     262144 put: 2.316161e-04 sec 9.054433e+03 MB/s acc: 3.655742e-02 sec  5.736598e+01 MB/s
target =    2 size =     262144 put: 2.331173e-04 sec 8.996125e+03 MB/s acc: 3.650137e-02 sec  5.745406e+01 MB/s
target =    3 size =     262144 put: 2.314028e-04 sec 9.062778e+03 MB/s acc: 3.646781e-02 sec  5.750693e+01 MB/s
target =    4 size =     262144 put: 2.313168e-04 sec 9.066146e+03 MB/s acc: 3.652488e-02 sec  5.741708e+01 MB/s
target =    5 size =     262144 put: 2.331093e-04 sec 8.996433e+03 MB/s acc: 3.646877e-02 sec  5.750542e+01 MB/s
target =    6 size =     262144 put: 2.325607e-04 sec 9.017653e+03 MB/s acc: 3.648773e-02 sec  5.747554e+01 MB/s
target =    7 size =     262144 put: 2.314144e-04 sec 9.062324e+03 MB/s acc: 3.641872e-02 sec  5.758445e+01 MB/s
target =    8 size =     262144 put: 2.330554e-04 sec 8.998514e+03 MB/s acc: 3.639069e-02 sec  5.762880e+01 MB/s
target =    9 size =     262144 put: 2.330813e-04 sec 8.997514e+03 MB/s acc: 3.641335e-02 sec  5.759295e+01 MB/s
target =   10 size =     262144 put: 2.329569e-04 sec 9.002316e+03 MB/s acc: 3.639385e-02 sec  5.762380e+01 MB/s
target =   11 size =     262144 put: 2.330350e-04 sec 8.999300e+03 MB/s acc: 3.641533e-02 sec  5.758981e+01 MB/s
target =   12 size =     262144 put: 2.332989e-04 sec 8.989120e+03 MB/s acc: 3.644277e-02 sec  5.754645e+01 MB/s
target =   13 size =     262144 put: 2.315000e-04 sec 9.058971e+03 MB/s acc: 3.646104e-02 sec  5.751761e+01 MB/s
target =   14 size =     262144 put: 2.330374e-04 sec 8.999210e+03 MB/s acc: 3.646828e-02 sec  5.750619e+01 MB/s
target =   15 size =     262144 put: 2.331859e-04 sec 8.993478e+03 MB/s acc: 3.650256e-02 sec  5.745219e+01 MB/s
target =   16 size =     262144 put: 1.196413e-03 sec 1.752866e+03 MB/s acc: 2.756716e-02 sec  7.607427e+01 MB/s
target =   17 size =     262144 put: 1.196299e-03 sec 1.753033e+03 MB/s acc: 2.733471e-02 sec  7.672121e+01 MB/s
target =   18 size =     262144 put: 1.196190e-03 sec 1.753194e+03 MB/s acc: 2.748837e-02 sec  7.629233e+01 MB/s
target =   19 size =     262144 put: 1.196147e-03 sec 1.753257e+03 MB/s acc: 2.748516e-02 sec  7.630125e+01 MB/s
target =   20 size =     262144 put: 1.196408e-03 sec 1.752873e+03 MB/s acc: 2.760459e-02 sec  7.597114e+01 MB/s
target =   21 size =     262144 put: 1.196204e-03 sec 1.753172e+03 MB/s acc: 2.758222e-02 sec  7.603276e+01 MB/s
target =   22 size =     262144 put: 1.196237e-03 sec 1.753124e+03 MB/s acc: 2.767471e-02 sec  7.577866e+01 MB/s
target =   23 size =     262144 put: 1.196196e-03 sec 1.753184e+03 MB/s acc: 2.759689e-02 sec  7.599233e+01 MB/s
target =   24 size =     262144 put: 1.196281e-03 sec 1.753060e+03 MB/s acc: 2.757267e-02 sec  7.605909e+01 MB/s
target =   25 size =     262144 put: 1.196275e-03 sec 1.753069e+03 MB/s acc: 2.760340e-02 sec  7.597441e+01 MB/s
target =   26 size =     262144 put: 1.196259e-03 sec 1.753092e+03 MB/s acc: 2.766287e-02 sec  7.581107e+01 MB/s
target =   27 size =     262144 put: 1.196245e-03 sec 1.753112e+03 MB/s acc: 2.764108e-02 sec  7.587084e+01 MB/s
target =   28 size =     262144 put: 1.196221e-03 sec 1.753148e+03 MB/s acc: 2.759299e-02 sec  7.600308e+01 MB/s
target =   29 size =     262144 put: 1.196337e-03 sec 1.752978e+03 MB/s acc: 2.759240e-02 sec  7.600471e+01 MB/s
target =   30 size =     262144 put: 1.196193e-03 sec 1.753188e+03 MB/s acc: 2.760501e-02 sec  7.596997e+01 MB/s
target =   31 size =     262144 put: 1.196299e-03 sec 1.753033e+03 MB/s acc: 2.753422e-02 sec  7.616529e+01 MB/s
target =    0 size =     524288 put: 4.776326e-04 sec 8.781444e+03 MB/s acc: 8.200085e-02 sec  5.114952e+01 MB/s
target =    1 size =     524288 put: 4.468133e-04 sec 9.387151e+03 MB/s acc: 7.309910e-02 sec  5.737833e+01 MB/s
target =    2 size =     524288 put: 4.464078e-04 sec 9.395677e+03 MB/s acc: 7.298513e-02 sec  5.746792e+01 MB/s
target =    3 size =     524288 put: 4.466282e-04 sec 9.391041e+03 MB/s acc: 7.308980e-02 sec  5.738563e+01 MB/s
target =    4 size =     524288 put: 4.463796e-04 sec 9.396271e+03 MB/s acc: 7.303051e-02 sec  5.743221e+01 MB/s
target =    5 size =     524288 put: 4.466225e-04 sec 9.391161e+03 MB/s acc: 7.308016e-02 sec  5.739320e+01 MB/s
target =    6 size =     524288 put: 4.498580e-04 sec 9.323618e+03 MB/s acc: 7.295746e-02 sec  5.748972e+01 MB/s
target =    7 size =     524288 put: 4.502471e-04 sec 9.315560e+03 MB/s acc: 7.301825e-02 sec  5.744186e+01 MB/s
target =    8 size =     524288 put: 4.497930e-04 sec 9.324964e+03 MB/s acc: 7.276285e-02 sec  5.764348e+01 MB/s
target =    9 size =     524288 put: 4.500887e-04 sec 9.318838e+03 MB/s acc: 7.301342e-02 sec  5.744566e+01 MB/s
target =   10 size =     524288 put: 4.498708e-04 sec 9.323353e+03 MB/s acc: 7.276851e-02 sec  5.763900e+01 MB/s
target =   11 size =     524288 put: 4.500899e-04 sec 9.318815e+03 MB/s acc: 7.301564e-02 sec  5.744391e+01 MB/s
target =   12 size =     524288 put: 4.499443e-04 sec 9.321829e+03 MB/s acc: 7.286202e-02 sec  5.756503e+01 MB/s
target =   13 size =     524288 put: 4.501804e-04 sec 9.316940e+03 MB/s acc: 7.308633e-02 sec  5.738835e+01 MB/s
target =   14 size =     524288 put: 4.498712e-04 sec 9.323345e+03 MB/s acc: 7.291917e-02 sec  5.751991e+01 MB/s
target =   15 size =     524288 put: 4.471899e-04 sec 9.379246e+03 MB/s acc: 7.315047e-02 sec  5.733804e+01 MB/s
target =   16 size =     524288 put: 2.376287e-03 sec 1.765067e+03 MB/s acc: 5.621806e-02 sec  7.460777e+01 MB/s
target =   17 size =     524288 put: 2.375965e-03 sec 1.765305e+03 MB/s acc: 5.600598e-02 sec  7.489028e+01 MB/s
target =   18 size =     524288 put: 2.375766e-03 sec 1.765453e+03 MB/s acc: 5.617683e-02 sec  7.466253e+01 MB/s
target =   19 size =     524288 put: 2.375821e-03 sec 1.765413e+03 MB/s acc: 5.626706e-02 sec  7.454280e+01 MB/s
target =   20 size =     524288 put: 2.375818e-03 sec 1.765415e+03 MB/s acc: 5.637881e-02 sec  7.439505e+01 MB/s
target =   21 size =     524288 put: 2.375761e-03 sec 1.765457e+03 MB/s acc: 5.629600e-02 sec  7.450447e+01 MB/s
target =   22 size =     524288 put: 2.375809e-03 sec 1.765421e+03 MB/s acc: 5.641612e-02 sec  7.434585e+01 MB/s
target =   23 size =     524288 put: 2.375769e-03 sec 1.765451e+03 MB/s acc: 5.643467e-02 sec  7.432140e+01 MB/s
target =   24 size =     524288 put: 2.375773e-03 sec 1.765448e+03 MB/s acc: 5.649882e-02 sec  7.423702e+01 MB/s
target =   25 size =     524288 put: 2.375790e-03 sec 1.765435e+03 MB/s acc: 5.647881e-02 sec  7.426332e+01 MB/s
target =   26 size =     524288 put: 2.375803e-03 sec 1.765426e+03 MB/s acc: 5.647639e-02 sec  7.426650e+01 MB/s
target =   27 size =     524288 put: 2.375709e-03 sec 1.765495e+03 MB/s acc: 5.645085e-02 sec  7.430011e+01 MB/s
target =   28 size =     524288 put: 2.375825e-03 sec 1.765410e+03 MB/s acc: 5.636153e-02 sec  7.441785e+01 MB/s
target =   29 size =     524288 put: 2.375826e-03 sec 1.765409e+03 MB/s acc: 5.645543e-02 sec  7.429408e+01 MB/s
target =   30 size =     524288 put: 2.375868e-03 sec 1.765377e+03 MB/s acc: 5.650828e-02 sec  7.422459e+01 MB/s
target =   31 size =     524288 put: 2.375765e-03 sec 1.765454e+03 MB/s acc: 5.632889e-02 sec  7.446098e+01 MB/s
target =    0 size =    1048576 put: 9.284360e-04 sec 9.035203e+03 MB/s acc: 1.639724e-01 sec  5.115864e+01 MB/s
target =    1 size =    1048576 put: 8.777038e-04 sec 9.557448e+03 MB/s acc: 1.464867e-01 sec  5.726530e+01 MB/s
target =    2 size =    1048576 put: 8.832549e-04 sec 9.497380e+03 MB/s acc: 1.459511e-01 sec  5.747546e+01 MB/s
target =    3 size =    1048576 put: 8.831474e-04 sec 9.498536e+03 MB/s acc: 1.461633e-01 sec  5.739202e+01 MB/s
target =    4 size =    1048576 put: 8.833248e-04 sec 9.496629e+03 MB/s acc: 1.460427e-01 sec  5.743941e+01 MB/s
target =    5 size =    1048576 put: 8.835087e-04 sec 9.494653e+03 MB/s acc: 1.461442e-01 sec  5.739955e+01 MB/s
target =    6 size =    1048576 put: 8.832952e-04 sec 9.496948e+03 MB/s acc: 1.458962e-01 sec  5.749711e+01 MB/s
target =    7 size =    1048576 put: 8.837116e-04 sec 9.492473e+03 MB/s acc: 1.460153e-01 sec  5.745020e+01 MB/s
target =    8 size =    1048576 put: 8.833263e-04 sec 9.496613e+03 MB/s acc: 1.455070e-01 sec  5.765090e+01 MB/s
target =    9 size =    1048576 put: 8.773173e-04 sec 9.561658e+03 MB/s acc: 1.460070e-01 sec  5.745345e+01 MB/s
target =   10 size =    1048576 put: 8.832769e-04 sec 9.497144e+03 MB/s acc: 1.455179e-01 sec  5.764655e+01 MB/s
target =   11 size =    1048576 put: 8.831832e-04 sec 9.498151e+03 MB/s acc: 1.460163e-01 sec  5.744981e+01 MB/s
target =   12 size =    1048576 put: 8.832560e-04 sec 9.497369e+03 MB/s acc: 1.457009e-01 sec  5.757418e+01 MB/s
target =   13 size =    1048576 put: 8.833105e-04 sec 9.496783e+03 MB/s acc: 1.461588e-01 sec  5.739379e+01 MB/s
target =   14 size =    1048576 put: 8.832709e-04 sec 9.497209e+03 MB/s acc: 1.458191e-01 sec  5.752751e+01 MB/s
target =   15 size =    1048576 put: 8.832558e-04 sec 9.497371e+03 MB/s acc: 1.462846e-01 sec  5.734444e+01 MB/s
target =   16 size =    1048576 put: 4.735289e-03 sec 1.771509e+03 MB/s acc: 1.141289e-01 sec  7.350119e+01 MB/s
target =   17 size =    1048576 put: 4.735161e-03 sec 1.771557e+03 MB/s acc: 1.138985e-01 sec  7.364984e+01 MB/s
target =   18 size =    1048576 put: 4.735211e-03 sec 1.771538e+03 MB/s acc: 1.141731e-01 sec  7.347272e+01 MB/s
target =   19 size =    1048576 put: 4.735108e-03 sec 1.771577e+03 MB/s acc: 1.140831e-01 sec  7.353071e+01 MB/s
target =   20 size =    1048576 put: 4.735224e-03 sec 1.771534e+03 MB/s acc: 1.144500e-01 sec  7.329496e+01 MB/s
target =   21 size =    1048576 put: 4.735234e-03 sec 1.771530e+03 MB/s acc: 1.143825e-01 sec  7.333820e+01 MB/s
target =   22 size =    1048576 put: 4.735256e-03 sec 1.771522e+03 MB/s acc: 1.146496e-01 sec  7.316734e+01 MB/s
target =   23 size =    1048576 put: 4.735285e-03 sec 1.771511e+03 MB/s acc: 1.144249e-01 sec  7.331104e+01 MB/s
target =   24 size =    1048576 put: 4.735168e-03 sec 1.771554e+03 MB/s acc: 1.145981e-01 sec  7.320024e+01 MB/s
target =   25 size =    1048576 put: 4.735189e-03 sec 1.771547e+03 MB/s acc: 1.144020e-01 sec  7.332569e+01 MB/s
target =   26 size =    1048576 put: 4.735197e-03 sec 1.771544e+03 MB/s acc: 1.145896e-01 sec  7.320564e+01 MB/s
target =   27 size =    1048576 put: 4.735154e-03 sec 1.771560e+03 MB/s acc: 1.145408e-01 sec  7.323684e+01 MB/s
target =   28 size =    1048576 put: 4.735077e-03 sec 1.771589e+03 MB/s acc: 1.144692e-01 sec  7.328266e+01 MB/s
target =   29 size =    1048576 put: 4.735301e-03 sec 1.771505e+03 MB/s acc: 1.144116e-01 sec  7.331958e+01 MB/s
target =   30 size =    1048576 put: 4.735351e-03 sec 1.771486e+03 MB/s acc: 1.143230e-01 sec  7.337637e+01 MB/s
target =   31 size =    1048576 put: 4.735299e-03 sec 1.771506e+03 MB/s acc: 1.139764e-01 sec  7.359950e+01 MB/s
target =    0 size =    2097152 put: 1.921744e-03 sec 8.730203e+03 MB/s acc: 3.270033e-01 sec  5.130595e+01 MB/s
target =    1 size =    2097152 put: 1.871378e-03 sec 8.965167e+03 MB/s acc: 2.925944e-01 sec  5.733951e+01 MB/s
target =    2 size =    2097152 put: 1.851718e-03 sec 9.060350e+03 MB/s acc: 2.919414e-01 sec  5.746775e+01 MB/s
target =    3 size =    2097152 put: 1.857024e-03 sec 9.034463e+03 MB/s acc: 2.923505e-01 sec  5.738733e+01 MB/s
target =    4 size =    2097152 put: 1.851196e-03 sec 9.062907e+03 MB/s acc: 2.903819e-01 sec  5.777639e+01 MB/s
target =    5 size =    2097152 put: 1.857159e-03 sec 9.033807e+03 MB/s acc: 2.923205e-01 sec  5.739322e+01 MB/s
target =    6 size =    2097152 put: 1.852144e-03 sec 9.058268e+03 MB/s acc: 2.900096e-01 sec  5.785056e+01 MB/s
target =    7 size =    2097152 put: 1.858480e-03 sec 9.027385e+03 MB/s acc: 2.916651e-01 sec  5.752219e+01 MB/s
target =    8 size =    2097152 put: 1.857178e-03 sec 9.033714e+03 MB/s acc: 2.910529e-01 sec  5.764319e+01 MB/s
target =    9 size =    2097152 put: 1.860366e-03 sec 9.018235e+03 MB/s acc: 2.920531e-01 sec  5.744577e+01 MB/s
target =   10 size =    2097152 put: 1.857228e-03 sec 9.033471e+03 MB/s acc: 2.910603e-01 sec  5.764171e+01 MB/s
target =   11 size =    2097152 put: 1.855151e-03 sec 9.043586e+03 MB/s acc: 2.920599e-01 sec  5.744443e+01 MB/s
target =   12 size =    2097152 put: 1.855232e-03 sec 9.043189e+03 MB/s acc: 2.914462e-01 sec  5.756541e+01 MB/s
target =   13 size =    2097152 put: 1.856493e-03 sec 9.037049e+03 MB/s acc: 2.919491e-01 sec  5.746623e+01 MB/s
target =   14 size =    2097152 put: 1.857710e-03 sec 9.031129e+03 MB/s acc: 2.916460e-01 sec  5.752596e+01 MB/s
target =   15 size =    2097152 put: 1.852891e-03 sec 9.054618e+03 MB/s acc: 2.925977e-01 sec  5.733886e+01 MB/s
target =   16 size =    2097152 put: 9.454600e-03 sec 1.774503e+03 MB/s acc: 2.287179e-01 sec  7.335332e+01 MB/s
target =   17 size =    2097152 put: 9.453935e-03 sec 1.774628e+03 MB/s acc: 2.285728e-01 sec  7.339987e+01 MB/s
target =   18 size =    2097152 put: 9.453782e-03 sec 1.774657e+03 MB/s acc: 2.287814e-01 sec  7.333295e+01 MB/s
target =   19 size =    2097152 put: 9.453733e-03 sec 1.774666e+03 MB/s acc: 2.293662e-01 sec  7.314599e+01 MB/s
target =   20 size =    2097152 put: 9.453709e-03 sec 1.774670e+03 MB/s acc: 2.294276e-01 sec  7.312642e+01 MB/s
target =   21 size =    2097152 put: 9.453750e-03 sec 1.774662e+03 MB/s acc: 2.293451e-01 sec  7.315271e+01 MB/s
target =   22 size =    2097152 put: 9.453845e-03 sec 1.774645e+03 MB/s acc: 2.297601e-01 sec  7.302059e+01 MB/s
target =   23 size =    2097152 put: 9.453681e-03 sec 1.774675e+03 MB/s acc: 2.296933e-01 sec  7.304181e+01 MB/s
target =   24 size =    2097152 put: 9.453720e-03 sec 1.774668e+03 MB/s acc: 2.297434e-01 sec  7.302589e+01 MB/s
target =   25 size =    2097152 put: 9.453649e-03 sec 1.774681e+03 MB/s acc: 2.296631e-01 sec  7.305141e+01 MB/s
target =   26 size =    2097152 put: 9.453722e-03 sec 1.774668e+03 MB/s acc: 2.298084e-01 sec  7.300522e+01 MB/s
target =   27 size =    2097152 put: 9.453855e-03 sec 1.774643e+03 MB/s acc: 2.296778e-01 sec  7.304675e+01 MB/s
target =   28 size =    2097152 put: 9.453676e-03 sec 1.774676e+03 MB/s acc: 2.294352e-01 sec  7.312399e+01 MB/s
target =   29 size =    2097152 put: 9.453725e-03 sec 1.774667e+03 MB/s acc: 2.293685e-01 sec  7.314524e+01 MB/s
target =   30 size =    2097152 put: 9.453831e-03 sec 1.774647e+03 MB/s acc: 2.291247e-01 sec  7.322307e+01 MB/s
target =   31 size =    2097152 put: 9.453844e-03 sec 1.774645e+03 MB/s acc: 2.287152e-01 sec  7.335417e+01 MB/s
target =    0 size =    4194304 put: 4.700732e-03 sec 7.138129e+03 MB/s acc: 6.546515e-01 sec  5.125541e+01 MB/s
2011-11-08 11:49:26.889 (WARN ) [0xfff938a5770] R00-M0-N01-J04-2:ibm.runjob.LogSignalInfo: received signal 15
2011-11-08 11:49:26.889 (WARN ) [0xfff938a5770] R00-M0-N01-J04-2:ibm.runjob.LogSignalInfo: signal sent from USER
2011-11-08 11:49:26.889 (WARN ) [0xfff938a5770] R00-M0-N01-J04-2:ibm.runjob.LogSignalInfo: sent from pid 26792
2011-11-08 11:49:26.889 (WARN ) [0xfff938a5770] R00-M0-N01-J04-2:ibm.runjob.LogSignalInfo: could not read /proc/26792/exe
2011-11-08 11:49:26.889 (WARN ) [0xfff938a5770] R00-M0-N01-J04-2:ibm.runjob.LogSignalInfo: Permission denied
2011-11-08 11:49:26.890 (WARN ) [0xfff938a5770] R00-M0-N01-J04-2:ibm.runjob.LogSignalInfo: sent from uid 0 (root)
2011-11-08 11:49:28.294 (WARN ) [0xfff938a5770] R00-M0-N01-J04-2:4562:ibm.runjob.client.Job: terminated by signal 9
2011-11-08 11:49:28.294 (WARN ) [0xfff938a5770] R00-M0-N01-J04-2:4562:ibm.runjob.client.Job: abnormal termination by signal 9 from rank 5
