2011-11-08 11:25:54.569 (INFO ) [0xfff997c5770] R00-M0-N01-J00-2:22339:ibm.runjob.client.options.Parser: set local socket to runjob_mux from properties file
2011-11-08 11:25:57.517 (INFO ) [0xfff997c5770] R00-M0-N01-J00-2:4563:ibm.runjob.client.Job: job 4563 started
hello from rank 25 of 32 
hello from rank 11 of 32 
hello from rank 9 of 32 
hello from rank 30 of 32 
hello from rank 5 of 32 
hello from rank 26 of 32 
hello from rank 3 of 32 
hello from rank 24 of 32 
hello from rank 14 of 32 
hello from rank 19 of 32 
hello from rank 13 of 32 
hello from rank 22 of 32 
hello from rank 7 of 32 
hello from rank 27 of 32 
hello from rank 1 of 32 
hello from rank 16 of 32 
hello from rank 6 of 32 
hello from rank 17 of 32 
hello from rank 4 of 32 
hello from rank 21 of 32 
hello from rank 10 of 32 
hello from rank 20 of 32 
MPIDI_Process.*
hello from rank 18 of 32 
hello from rank 8 of 32 
hello from rank 29 of 32 
hello from rank 12 of 32 
hello from rank 28 of 32 
  verbose      : 1
hello from rank 31 of 32 
hello from rank 2 of 32 
hello from rank 23 of 32 
hello from rank 15 of 32 
  statistics   : 0
  contexts     : 2
  commthreads  : 1
  context_post : 1
  short_limit  : 113
  eager_limit  : 2049
  rma_pending  : 1000
  shmem_pt2pt  : 1
  optimized.collectives : 0
  optimized.subcomms    : 1
The following PAMI_* environment variables were specified:
  PAMI_NUMCLIENTS=1
  PAMI_MAX_COMMTHREADS=16
  PAMI_VERBOSE=1
  PAMI_COMMTHREADS=1
The following BG_* environment variables were specified:
  BG_SHAREDMEMSIZE=32MB
  BG_APPAGENT1=/bgsys/drivers/ppcfloor/agents/bin/comm.elf
hello from rank 0 of 32 
max = 1000000 doubles, repetitions = 100 
target =    0 size =          1 put: 1.266097e-05 sec 6.318629e-01 MB/s acc: 2.695269e-05 sec  2.968163e-01 MB/s
target =    1 size =          1 put: 1.744901e-05 sec 4.584788e-01 MB/s acc: 2.163649e-05 sec  3.697457e-01 MB/s
target =    2 size =          1 put: 1.614998e-05 sec 4.953566e-01 MB/s acc: 2.169078e-05 sec  3.688203e-01 MB/s
target =    3 size =          1 put: 1.625173e-05 sec 4.922552e-01 MB/s acc: 2.169270e-05 sec  3.687877e-01 MB/s
target =    4 size =          1 put: 1.628405e-05 sec 4.912783e-01 MB/s acc: 2.154679e-05 sec  3.712849e-01 MB/s
target =    5 size =          1 put: 1.620985e-05 sec 4.935271e-01 MB/s acc: 2.156757e-05 sec  3.709273e-01 MB/s
target =    6 size =          1 put: 1.606168e-05 sec 4.980799e-01 MB/s acc: 2.162637e-05 sec  3.699188e-01 MB/s
target =    7 size =          1 put: 1.641478e-05 sec 4.873658e-01 MB/s acc: 2.163843e-05 sec  3.697126e-01 MB/s
target =    8 size =          1 put: 1.621099e-05 sec 4.934923e-01 MB/s acc: 2.168099e-05 sec  3.689869e-01 MB/s
target =    9 size =          1 put: 1.619951e-05 sec 4.938422e-01 MB/s acc: 2.154469e-05 sec  3.713211e-01 MB/s
target =   10 size =          1 put: 1.621038e-05 sec 4.935111e-01 MB/s acc: 2.154671e-05 sec  3.712864e-01 MB/s
target =   11 size =          1 put: 1.616544e-05 sec 4.948828e-01 MB/s acc: 2.163301e-05 sec  3.698052e-01 MB/s
target =   12 size =          1 put: 1.621469e-05 sec 4.933797e-01 MB/s acc: 2.161317e-05 sec  3.701447e-01 MB/s
target =   13 size =          1 put: 1.608426e-05 sec 4.973808e-01 MB/s acc: 2.143878e-05 sec  3.731555e-01 MB/s
target =   14 size =          1 put: 1.619607e-05 sec 4.939470e-01 MB/s acc: 2.159010e-05 sec  3.705402e-01 MB/s
target =   15 size =          1 put: 1.616470e-05 sec 4.949056e-01 MB/s acc: 2.187203e-05 sec  3.657639e-01 MB/s
target =   16 size =          1 put: 2.009652e-05 sec 3.980789e-01 MB/s acc: 2.470164e-05 sec  3.238651e-01 MB/s
target =   17 size =          1 put: 1.884383e-05 sec 4.245423e-01 MB/s acc: 2.451967e-05 sec  3.262686e-01 MB/s
target =   18 size =          1 put: 1.871229e-05 sec 4.275266e-01 MB/s acc: 2.430193e-05 sec  3.291920e-01 MB/s
target =   19 size =          1 put: 1.899731e-05 sec 4.211123e-01 MB/s acc: 2.438381e-05 sec  3.280866e-01 MB/s
target =   20 size =          1 put: 1.896071e-05 sec 4.219251e-01 MB/s acc: 2.437639e-05 sec  3.281864e-01 MB/s
target =   21 size =          1 put: 1.871722e-05 sec 4.274139e-01 MB/s acc: 2.433334e-05 sec  3.287670e-01 MB/s
target =   22 size =          1 put: 1.892992e-05 sec 4.226114e-01 MB/s acc: 2.456064e-05 sec  3.257244e-01 MB/s
target =   23 size =          1 put: 1.905306e-05 sec 4.198800e-01 MB/s acc: 2.465138e-05 sec  3.245254e-01 MB/s
target =   24 size =          1 put: 1.897599e-05 sec 4.215853e-01 MB/s acc: 2.436821e-05 sec  3.282965e-01 MB/s
target =   25 size =          1 put: 1.903295e-05 sec 4.203237e-01 MB/s acc: 2.433083e-05 sec  3.288010e-01 MB/s
target =   26 size =          1 put: 1.907948e-05 sec 4.192987e-01 MB/s acc: 2.445590e-05 sec  3.271194e-01 MB/s
target =   27 size =          1 put: 1.889044e-05 sec 4.234947e-01 MB/s acc: 2.441478e-05 sec  3.276704e-01 MB/s
target =   28 size =          1 put: 1.886009e-05 sec 4.241760e-01 MB/s acc: 2.467855e-05 sec  3.241682e-01 MB/s
target =   29 size =          1 put: 1.890875e-05 sec 4.230846e-01 MB/s acc: 2.445878e-05 sec  3.270809e-01 MB/s
target =   30 size =          1 put: 1.900477e-05 sec 4.209470e-01 MB/s acc: 2.451995e-05 sec  3.262649e-01 MB/s
target =   31 size =          1 put: 1.886530e-05 sec 4.240590e-01 MB/s acc: 2.445345e-05 sec  3.271522e-01 MB/s
target =    0 size =          2 put: 1.269897e-05 sec 1.259944e+00 MB/s acc: 2.741276e-05 sec  5.836699e-01 MB/s
target =    1 size =          2 put: 1.654086e-05 sec 9.673018e-01 MB/s acc: 2.214991e-05 sec  7.223505e-01 MB/s
target =    2 size =          2 put: 1.638375e-05 sec 9.765774e-01 MB/s acc: 2.193315e-05 sec  7.294894e-01 MB/s
target =    3 size =          2 put: 1.628421e-05 sec 9.825467e-01 MB/s acc: 2.209737e-05 sec  7.240681e-01 MB/s
target =    4 size =          2 put: 1.649256e-05 sec 9.701346e-01 MB/s acc: 2.180423e-05 sec  7.338027e-01 MB/s
target =    5 size =          2 put: 1.656997e-05 sec 9.656019e-01 MB/s acc: 2.204701e-05 sec  7.257221e-01 MB/s
target =    6 size =          2 put: 1.641374e-05 sec 9.747928e-01 MB/s acc: 2.220184e-05 sec  7.206609e-01 MB/s
target =    7 size =          2 put: 1.661816e-05 sec 9.628024e-01 MB/s acc: 2.187287e-05 sec  7.314998e-01 MB/s
target =    8 size =          2 put: 1.637729e-05 sec 9.769628e-01 MB/s acc: 2.180120e-05 sec  7.339046e-01 MB/s
target =    9 size =          2 put: 1.653722e-05 sec 9.675146e-01 MB/s acc: 2.204111e-05 sec  7.259164e-01 MB/s
target =   10 size =          2 put: 1.643774e-05 sec 9.733696e-01 MB/s acc: 2.183931e-05 sec  7.326238e-01 MB/s
target =   11 size =          2 put: 1.657971e-05 sec 9.650352e-01 MB/s acc: 2.225242e-05 sec  7.190230e-01 MB/s
target =   12 size =          2 put: 1.654156e-05 sec 9.672609e-01 MB/s acc: 2.213325e-05 sec  7.228943e-01 MB/s
target =   13 size =          2 put: 1.664731e-05 sec 9.611165e-01 MB/s acc: 2.199333e-05 sec  7.274932e-01 MB/s
target =   14 size =          2 put: 1.653618e-05 sec 9.675753e-01 MB/s acc: 2.191048e-05 sec  7.302443e-01 MB/s
target =   15 size =          2 put: 1.661624e-05 sec 9.629132e-01 MB/s acc: 2.229311e-05 sec  7.177105e-01 MB/s
target =   16 size =          2 put: 1.921091e-05 sec 8.328602e-01 MB/s acc: 2.468375e-05 sec  6.481997e-01 MB/s
target =   17 size =          2 put: 1.902424e-05 sec 8.410321e-01 MB/s acc: 2.466959e-05 sec  6.485718e-01 MB/s
target =   18 size =          2 put: 1.892320e-05 sec 8.455230e-01 MB/s acc: 2.443187e-05 sec  6.548822e-01 MB/s
target =   19 size =          2 put: 1.902241e-05 sec 8.411131e-01 MB/s acc: 2.467642e-05 sec  6.483923e-01 MB/s
target =   20 size =          2 put: 1.899597e-05 sec 8.422837e-01 MB/s acc: 2.458889e-05 sec  6.507003e-01 MB/s
target =   21 size =          2 put: 1.883903e-05 sec 8.493006e-01 MB/s acc: 2.448094e-05 sec  6.535696e-01 MB/s
target =   22 size =          2 put: 1.876316e-05 sec 8.527347e-01 MB/s acc: 2.459329e-05 sec  6.505839e-01 MB/s
target =   23 size =          2 put: 1.917234e-05 sec 8.345357e-01 MB/s acc: 2.452333e-05 sec  6.524401e-01 MB/s
target =   24 size =          2 put: 1.905897e-05 sec 8.394998e-01 MB/s acc: 2.452021e-05 sec  6.525231e-01 MB/s
target =   25 size =          2 put: 1.892988e-05 sec 8.452248e-01 MB/s acc: 2.446124e-05 sec  6.540959e-01 MB/s
target =   26 size =          2 put: 1.895346e-05 sec 8.441729e-01 MB/s acc: 2.466646e-05 sec  6.486542e-01 MB/s
target =   27 size =          2 put: 1.927268e-05 sec 8.301907e-01 MB/s acc: 2.461449e-05 sec  6.500235e-01 MB/s
target =   28 size =          2 put: 1.936608e-05 sec 8.261868e-01 MB/s acc: 2.478375e-05 sec  6.455843e-01 MB/s
target =   29 size =          2 put: 1.908116e-05 sec 8.385236e-01 MB/s acc: 2.451299e-05 sec  6.527151e-01 MB/s
target =   30 size =          2 put: 1.892056e-05 sec 8.456408e-01 MB/s acc: 2.465424e-05 sec  6.489755e-01 MB/s
target =   31 size =          2 put: 1.888996e-05 sec 8.470107e-01 MB/s acc: 2.469462e-05 sec  6.479144e-01 MB/s
target =    0 size =          4 put: 1.195668e-05 sec 2.676328e+00 MB/s acc: 2.730935e-05 sec  1.171760e+00 MB/s
target =    1 size =          4 put: 1.661057e-05 sec 1.926484e+00 MB/s acc: 2.223473e-05 sec  1.439190e+00 MB/s
target =    2 size =          4 put: 1.652518e-05 sec 1.936439e+00 MB/s acc: 2.224007e-05 sec  1.438844e+00 MB/s
target =    3 size =          4 put: 1.646019e-05 sec 1.944084e+00 MB/s acc: 2.212818e-05 sec  1.446120e+00 MB/s
target =    4 size =          4 put: 1.642753e-05 sec 1.947949e+00 MB/s acc: 2.221619e-05 sec  1.440391e+00 MB/s
target =    5 size =          4 put: 1.641175e-05 sec 1.949823e+00 MB/s acc: 2.189631e-05 sec  1.461433e+00 MB/s
target =    6 size =          4 put: 1.633853e-05 sec 1.958560e+00 MB/s acc: 2.210512e-05 sec  1.447629e+00 MB/s
target =    7 size =          4 put: 1.652744e-05 sec 1.936174e+00 MB/s acc: 2.210624e-05 sec  1.447555e+00 MB/s
target =    8 size =          4 put: 1.643173e-05 sec 1.947452e+00 MB/s acc: 2.219269e-05 sec  1.441916e+00 MB/s
target =    9 size =          4 put: 1.645821e-05 sec 1.944319e+00 MB/s acc: 2.191388e-05 sec  1.460262e+00 MB/s
target =   10 size =          4 put: 1.623046e-05 sec 1.971601e+00 MB/s acc: 2.190703e-05 sec  1.460718e+00 MB/s
target =   11 size =          4 put: 1.657585e-05 sec 1.930519e+00 MB/s acc: 2.205670e-05 sec  1.450806e+00 MB/s
target =   12 size =          4 put: 1.640126e-05 sec 1.951069e+00 MB/s acc: 2.192282e-05 sec  1.459666e+00 MB/s
target =   13 size =          4 put: 1.627542e-05 sec 1.966155e+00 MB/s acc: 2.195606e-05 sec  1.457457e+00 MB/s
target =   14 size =          4 put: 1.633152e-05 sec 1.959401e+00 MB/s acc: 2.217091e-05 sec  1.443333e+00 MB/s
target =   15 size =          4 put: 1.648247e-05 sec 1.941457e+00 MB/s acc: 2.220822e-05 sec  1.440908e+00 MB/s
target =   16 size =          4 put: 1.929806e-05 sec 1.658198e+00 MB/s acc: 2.471586e-05 sec  1.294715e+00 MB/s
target =   17 size =          4 put: 1.898745e-05 sec 1.685324e+00 MB/s acc: 2.453752e-05 sec  1.304125e+00 MB/s
target =   18 size =          4 put: 1.904810e-05 sec 1.679958e+00 MB/s acc: 2.464092e-05 sec  1.298653e+00 MB/s
target =   19 size =          4 put: 1.903075e-05 sec 1.681489e+00 MB/s acc: 2.468557e-05 sec  1.296304e+00 MB/s
target =   20 size =          4 put: 1.896762e-05 sec 1.687086e+00 MB/s acc: 2.469142e-05 sec  1.295996e+00 MB/s
target =   21 size =          4 put: 1.900941e-05 sec 1.683377e+00 MB/s acc: 2.468208e-05 sec  1.296487e+00 MB/s
target =   22 size =          4 put: 1.900293e-05 sec 1.683951e+00 MB/s acc: 2.484382e-05 sec  1.288046e+00 MB/s
target =   23 size =          4 put: 1.894146e-05 sec 1.689415e+00 MB/s acc: 2.454096e-05 sec  1.303943e+00 MB/s
target =   24 size =          4 put: 1.882350e-05 sec 1.700003e+00 MB/s acc: 2.462974e-05 sec  1.299242e+00 MB/s
target =   25 size =          4 put: 1.909872e-05 sec 1.675505e+00 MB/s acc: 2.475445e-05 sec  1.292697e+00 MB/s
target =   26 size =          4 put: 1.904843e-05 sec 1.679928e+00 MB/s acc: 2.470741e-05 sec  1.295158e+00 MB/s
target =   27 size =          4 put: 1.910399e-05 sec 1.675043e+00 MB/s acc: 2.467804e-05 sec  1.296699e+00 MB/s
target =   28 size =          4 put: 1.934421e-05 sec 1.654242e+00 MB/s acc: 2.462093e-05 sec  1.299707e+00 MB/s
target =   29 size =          4 put: 1.907992e-05 sec 1.677156e+00 MB/s acc: 2.451643e-05 sec  1.305247e+00 MB/s
target =   30 size =          4 put: 1.904185e-05 sec 1.680509e+00 MB/s acc: 2.448747e-05 sec  1.306791e+00 MB/s
target =   31 size =          4 put: 1.904452e-05 sec 1.680273e+00 MB/s acc: 2.451911e-05 sec  1.305105e+00 MB/s
target =    0 size =          8 put: 1.291900e-05 sec 4.953944e+00 MB/s acc: 2.787305e-05 sec  2.296125e+00 MB/s
target =    1 size =          8 put: 1.647377e-05 sec 3.884963e+00 MB/s acc: 2.255591e-05 sec  2.837394e+00 MB/s
target =    2 size =          8 put: 1.624219e-05 sec 3.940354e+00 MB/s acc: 2.230137e-05 sec  2.869778e+00 MB/s
target =    3 size =          8 put: 1.645941e-05 sec 3.888353e+00 MB/s acc: 2.244439e-05 sec  2.851492e+00 MB/s
target =    4 size =          8 put: 1.637808e-05 sec 3.907662e+00 MB/s acc: 2.262689e-05 sec  2.828493e+00 MB/s
target =    5 size =          8 put: 1.624778e-05 sec 3.939001e+00 MB/s acc: 2.256352e-05 sec  2.836436e+00 MB/s
target =    6 size =          8 put: 1.638636e-05 sec 3.905688e+00 MB/s acc: 2.255923e-05 sec  2.836977e+00 MB/s
target =    7 size =          8 put: 1.653616e-05 sec 3.870305e+00 MB/s acc: 2.265660e-05 sec  2.824784e+00 MB/s
target =    8 size =          8 put: 1.640818e-05 sec 3.900493e+00 MB/s acc: 2.246859e-05 sec  2.848421e+00 MB/s
target =    9 size =          8 put: 1.640843e-05 sec 3.900434e+00 MB/s acc: 2.251914e-05 sec  2.842026e+00 MB/s
target =   10 size =          8 put: 1.637157e-05 sec 3.909215e+00 MB/s acc: 2.252305e-05 sec  2.841533e+00 MB/s
target =   11 size =          8 put: 1.646488e-05 sec 3.887061e+00 MB/s acc: 2.244849e-05 sec  2.850972e+00 MB/s
target =   12 size =          8 put: 1.642362e-05 sec 3.896827e+00 MB/s acc: 2.257641e-05 sec  2.834817e+00 MB/s
target =   13 size =          8 put: 1.638096e-05 sec 3.906976e+00 MB/s acc: 2.244785e-05 sec  2.851053e+00 MB/s
target =   14 size =          8 put: 1.620381e-05 sec 3.949689e+00 MB/s acc: 2.263577e-05 sec  2.827384e+00 MB/s
target =   15 size =          8 put: 1.643733e-05 sec 3.893578e+00 MB/s acc: 2.251317e-05 sec  2.842781e+00 MB/s
target =   16 size =          8 put: 1.889251e-05 sec 3.387585e+00 MB/s acc: 2.473600e-05 sec  2.587322e+00 MB/s
target =   17 size =          8 put: 1.910976e-05 sec 3.349075e+00 MB/s acc: 2.479838e-05 sec  2.580814e+00 MB/s
target =   18 size =          8 put: 1.901824e-05 sec 3.365191e+00 MB/s acc: 2.483941e-05 sec  2.576550e+00 MB/s
target =   19 size =          8 put: 1.905217e-05 sec 3.359197e+00 MB/s acc: 2.499918e-05 sec  2.560084e+00 MB/s
target =   20 size =          8 put: 1.944549e-05 sec 3.291252e+00 MB/s acc: 2.501388e-05 sec  2.558579e+00 MB/s
target =   21 size =          8 put: 1.902071e-05 sec 3.364753e+00 MB/s acc: 2.495693e-05 sec  2.564418e+00 MB/s
target =   22 size =          8 put: 1.910920e-05 sec 3.349172e+00 MB/s acc: 2.513959e-05 sec  2.545786e+00 MB/s
target =   23 size =          8 put: 1.895617e-05 sec 3.376209e+00 MB/s acc: 2.504239e-05 sec  2.555666e+00 MB/s
target =   24 size =          8 put: 1.899783e-05 sec 3.368807e+00 MB/s acc: 2.499785e-05 sec  2.560220e+00 MB/s
target =   25 size =          8 put: 1.911426e-05 sec 3.348286e+00 MB/s acc: 2.485651e-05 sec  2.574778e+00 MB/s
target =   26 size =          8 put: 1.921377e-05 sec 3.330945e+00 MB/s acc: 2.515507e-05 sec  2.544219e+00 MB/s
target =   27 size =          8 put: 1.900029e-05 sec 3.368370e+00 MB/s acc: 2.493790e-05 sec  2.566375e+00 MB/s
target =   28 size =          8 put: 1.873561e-05 sec 3.415955e+00 MB/s acc: 2.499111e-05 sec  2.560910e+00 MB/s
target =   29 size =          8 put: 1.916989e-05 sec 3.338569e+00 MB/s acc: 2.495331e-05 sec  2.564790e+00 MB/s
target =   30 size =          8 put: 1.914124e-05 sec 3.343566e+00 MB/s acc: 2.502832e-05 sec  2.557103e+00 MB/s
target =   31 size =          8 put: 1.922127e-05 sec 3.329644e+00 MB/s acc: 2.480846e-05 sec  2.579766e+00 MB/s
target =    0 size =         16 put: 1.335941e-05 sec 9.581264e+00 MB/s acc: 2.856114e-05 sec  4.481613e+00 MB/s
target =    1 size =         16 put: 1.666510e-05 sec 7.680722e+00 MB/s acc: 2.347176e-05 sec  5.453361e+00 MB/s
target =    2 size =         16 put: 1.646362e-05 sec 7.774715e+00 MB/s acc: 2.329633e-05 sec  5.494427e+00 MB/s
target =    3 size =         16 put: 1.657990e-05 sec 7.720191e+00 MB/s acc: 2.320217e-05 sec  5.516726e+00 MB/s
target =    4 size =         16 put: 1.655043e-05 sec 7.733937e+00 MB/s acc: 2.318426e-05 sec  5.520986e+00 MB/s
target =    5 size =         16 put: 1.655006e-05 sec 7.734113e+00 MB/s acc: 2.329666e-05 sec  5.494351e+00 MB/s
target =    6 size =         16 put: 1.646883e-05 sec 7.772258e+00 MB/s acc: 2.341056e-05 sec  5.467619e+00 MB/s
target =    7 size =         16 put: 1.650248e-05 sec 7.756409e+00 MB/s acc: 2.324030e-05 sec  5.507674e+00 MB/s
target =    8 size =         16 put: 1.653162e-05 sec 7.742738e+00 MB/s acc: 2.316329e-05 sec  5.525984e+00 MB/s
target =    9 size =         16 put: 1.644182e-05 sec 7.785027e+00 MB/s acc: 2.326454e-05 sec  5.501936e+00 MB/s
target =   10 size =         16 put: 1.651689e-05 sec 7.749641e+00 MB/s acc: 2.300689e-05 sec  5.563551e+00 MB/s
target =   11 size =         16 put: 1.653219e-05 sec 7.742469e+00 MB/s acc: 2.310360e-05 sec  5.540262e+00 MB/s
target =   12 size =         16 put: 1.656494e-05 sec 7.727165e+00 MB/s acc: 2.320303e-05 sec  5.516521e+00 MB/s
target =   13 size =         16 put: 1.663783e-05 sec 7.693310e+00 MB/s acc: 2.321643e-05 sec  5.513337e+00 MB/s
target =   14 size =         16 put: 1.649322e-05 sec 7.760765e+00 MB/s acc: 2.331263e-05 sec  5.490586e+00 MB/s
target =   15 size =         16 put: 1.651629e-05 sec 7.749926e+00 MB/s acc: 2.326744e-05 sec  5.501250e+00 MB/s
target =   16 size =         16 put: 1.881103e-05 sec 6.804518e+00 MB/s acc: 2.544058e-05 sec  5.031332e+00 MB/s
target =   17 size =         16 put: 1.883618e-05 sec 6.795433e+00 MB/s acc: 2.557448e-05 sec  5.004989e+00 MB/s
target =   18 size =         16 put: 1.916990e-05 sec 6.677134e+00 MB/s acc: 2.548126e-05 sec  5.023299e+00 MB/s
target =   19 size =         16 put: 1.903097e-05 sec 6.725879e+00 MB/s acc: 2.541448e-05 sec  5.036499e+00 MB/s
target =   20 size =         16 put: 1.884536e-05 sec 6.792124e+00 MB/s acc: 2.549356e-05 sec  5.020875e+00 MB/s
target =   21 size =         16 put: 1.871699e-05 sec 6.838707e+00 MB/s acc: 2.558003e-05 sec  5.003903e+00 MB/s
target =   22 size =         16 put: 1.907532e-05 sec 6.710242e+00 MB/s acc: 2.552666e-05 sec  5.014366e+00 MB/s
target =   23 size =         16 put: 1.911576e-05 sec 6.696045e+00 MB/s acc: 2.559978e-05 sec  5.000044e+00 MB/s
target =   24 size =         16 put: 1.879212e-05 sec 6.811366e+00 MB/s acc: 2.552620e-05 sec  5.014456e+00 MB/s
target =   25 size =         16 put: 1.904736e-05 sec 6.720093e+00 MB/s acc: 2.549483e-05 sec  5.020627e+00 MB/s
target =   26 size =         16 put: 1.866914e-05 sec 6.856235e+00 MB/s acc: 2.550956e-05 sec  5.017727e+00 MB/s
target =   27 size =         16 put: 1.909967e-05 sec 6.701685e+00 MB/s acc: 2.555748e-05 sec  5.008319e+00 MB/s
target =   28 size =         16 put: 1.922374e-05 sec 6.658432e+00 MB/s acc: 2.577417e-05 sec  4.966213e+00 MB/s
target =   29 size =         16 put: 1.908790e-05 sec 6.705819e+00 MB/s acc: 2.549393e-05 sec  5.020803e+00 MB/s
target =   30 size =         16 put: 1.886531e-05 sec 6.784939e+00 MB/s acc: 2.549415e-05 sec  5.020760e+00 MB/s
target =   31 size =         16 put: 1.915058e-05 sec 6.683870e+00 MB/s acc: 2.533702e-05 sec  5.051897e+00 MB/s
target =    0 size =         32 put: 1.370898e-05 sec 1.867390e+01 MB/s acc: 3.416571e-05 sec  7.492894e+00 MB/s
target =    1 size =         32 put: 1.785540e-05 sec 1.433740e+01 MB/s acc: 2.720480e-05 sec  9.410104e+00 MB/s
target =    2 size =         32 put: 1.760841e-05 sec 1.453851e+01 MB/s acc: 2.703369e-05 sec  9.469666e+00 MB/s
target =    3 size =         32 put: 1.780026e-05 sec 1.438181e+01 MB/s acc: 2.722474e-05 sec  9.403213e+00 MB/s
target =    4 size =         32 put: 1.762466e-05 sec 1.452511e+01 MB/s acc: 2.739240e-05 sec  9.345658e+00 MB/s
target =    5 size =         32 put: 1.761476e-05 sec 1.453327e+01 MB/s acc: 2.722914e-05 sec  9.401693e+00 MB/s
target =    6 size =         32 put: 1.748451e-05 sec 1.464153e+01 MB/s acc: 2.734091e-05 sec  9.363259e+00 MB/s
target =    7 size =         32 put: 1.777808e-05 sec 1.439975e+01 MB/s acc: 2.751696e-05 sec  9.303355e+00 MB/s
target =    8 size =         32 put: 1.748176e-05 sec 1.464384e+01 MB/s acc: 2.712183e-05 sec  9.438891e+00 MB/s
target =    9 size =         32 put: 1.748204e-05 sec 1.464360e+01 MB/s acc: 2.694316e-05 sec  9.501485e+00 MB/s
target =   10 size =         32 put: 1.784039e-05 sec 1.434946e+01 MB/s acc: 2.715189e-05 sec  9.428442e+00 MB/s
target =   11 size =         32 put: 1.781813e-05 sec 1.436739e+01 MB/s acc: 2.750144e-05 sec  9.308602e+00 MB/s
target =   12 size =         32 put: 1.781860e-05 sec 1.436701e+01 MB/s acc: 2.704365e-05 sec  9.466178e+00 MB/s
target =   13 size =         32 put: 1.788242e-05 sec 1.431574e+01 MB/s acc: 2.726049e-05 sec  9.390881e+00 MB/s
target =   14 size =         32 put: 1.779797e-05 sec 1.438366e+01 MB/s acc: 2.715788e-05 sec  9.426361e+00 MB/s
target =   15 size =         32 put: 1.764081e-05 sec 1.451181e+01 MB/s acc: 2.739631e-05 sec  9.344323e+00 MB/s
target =   16 size =         32 put: 2.061338e-05 sec 1.241912e+01 MB/s acc: 2.889821e-05 sec  8.858679e+00 MB/s
target =   17 size =         32 put: 2.048427e-05 sec 1.249740e+01 MB/s acc: 2.908821e-05 sec  8.800818e+00 MB/s
target =   18 size =         32 put: 2.054886e-05 sec 1.245811e+01 MB/s acc: 2.889693e-05 sec  8.859072e+00 MB/s
target =   19 size =         32 put: 2.063144e-05 sec 1.240824e+01 MB/s acc: 2.904059e-05 sec  8.815249e+00 MB/s
target =   20 size =         32 put: 2.032906e-05 sec 1.259281e+01 MB/s acc: 2.893494e-05 sec  8.847436e+00 MB/s
target =   21 size =         32 put: 2.038609e-05 sec 1.255758e+01 MB/s acc: 2.905834e-05 sec  8.809864e+00 MB/s
target =   22 size =         32 put: 2.060062e-05 sec 1.242681e+01 MB/s acc: 2.906267e-05 sec  8.808551e+00 MB/s
target =   23 size =         32 put: 2.037937e-05 sec 1.256172e+01 MB/s acc: 2.895805e-05 sec  8.840374e+00 MB/s
target =   24 size =         32 put: 2.035909e-05 sec 1.257424e+01 MB/s acc: 2.905464e-05 sec  8.810986e+00 MB/s
target =   25 size =         32 put: 2.050848e-05 sec 1.248264e+01 MB/s acc: 2.895476e-05 sec  8.841378e+00 MB/s
target =   26 size =         32 put: 2.041859e-05 sec 1.253759e+01 MB/s acc: 2.891373e-05 sec  8.853925e+00 MB/s
target =   27 size =         32 put: 2.045243e-05 sec 1.251685e+01 MB/s acc: 2.891638e-05 sec  8.853113e+00 MB/s
target =   28 size =         32 put: 2.041223e-05 sec 1.254150e+01 MB/s acc: 2.924794e-05 sec  8.752754e+00 MB/s
target =   29 size =         32 put: 2.045316e-05 sec 1.251641e+01 MB/s acc: 2.892874e-05 sec  8.849330e+00 MB/s
target =   30 size =         32 put: 2.045587e-05 sec 1.251475e+01 MB/s acc: 2.888639e-05 sec  8.862306e+00 MB/s
target =   31 size =         32 put: 2.054617e-05 sec 1.245974e+01 MB/s acc: 2.870570e-05 sec  8.918089e+00 MB/s
target =    0 size =         64 put: 1.389436e-05 sec 3.684948e+01 MB/s acc: 3.869975e-05 sec  1.323006e+01 MB/s
target =    1 size =         64 put: 1.783634e-05 sec 2.870543e+01 MB/s acc: 3.169057e-05 sec  1.615622e+01 MB/s
target =    2 size =         64 put: 1.785503e-05 sec 2.867539e+01 MB/s acc: 3.143651e-05 sec  1.628680e+01 MB/s
target =    3 size =         64 put: 1.792062e-05 sec 2.857043e+01 MB/s acc: 3.138636e-05 sec  1.631282e+01 MB/s
target =    4 size =         64 put: 1.794953e-05 sec 2.852442e+01 MB/s acc: 3.155484e-05 sec  1.622572e+01 MB/s
target =    5 size =         64 put: 1.782192e-05 sec 2.872867e+01 MB/s acc: 3.162139e-05 sec  1.619157e+01 MB/s
target =    6 size =         64 put: 1.788560e-05 sec 2.862638e+01 MB/s acc: 3.152123e-05 sec  1.624302e+01 MB/s
target =    7 size =         64 put: 1.789142e-05 sec 2.861707e+01 MB/s acc: 3.166826e-05 sec  1.616761e+01 MB/s
target =    8 size =         64 put: 1.784530e-05 sec 2.869103e+01 MB/s acc: 3.136451e-05 sec  1.632418e+01 MB/s
target =    9 size =         64 put: 1.795043e-05 sec 2.852299e+01 MB/s acc: 3.136420e-05 sec  1.632434e+01 MB/s
target =   10 size =         64 put: 1.782705e-05 sec 2.872040e+01 MB/s acc: 3.125342e-05 sec  1.638221e+01 MB/s
target =   11 size =         64 put: 1.797528e-05 sec 2.848357e+01 MB/s acc: 3.151524e-05 sec  1.624611e+01 MB/s
target =   12 size =         64 put: 1.777912e-05 sec 2.879783e+01 MB/s acc: 3.128218e-05 sec  1.636715e+01 MB/s
target =   13 size =         64 put: 1.792809e-05 sec 2.855854e+01 MB/s acc: 3.142188e-05 sec  1.629438e+01 MB/s
target =   14 size =         64 put: 1.779825e-05 sec 2.876687e+01 MB/s acc: 3.152246e-05 sec  1.624239e+01 MB/s
target =   15 size =         64 put: 1.786592e-05 sec 2.865792e+01 MB/s acc: 3.174187e-05 sec  1.613012e+01 MB/s
target =   16 size =         64 put: 2.067171e-05 sec 2.476815e+01 MB/s acc: 3.162541e-05 sec  1.618952e+01 MB/s
target =   17 size =         64 put: 2.062353e-05 sec 2.482601e+01 MB/s acc: 3.164701e-05 sec  1.617847e+01 MB/s
target =   18 size =         64 put: 2.061740e-05 sec 2.483339e+01 MB/s acc: 3.153848e-05 sec  1.623414e+01 MB/s
target =   19 size =         64 put: 2.068541e-05 sec 2.475175e+01 MB/s acc: 3.164844e-05 sec  1.617773e+01 MB/s
target =   20 size =         64 put: 2.060194e-05 sec 2.485203e+01 MB/s acc: 3.168551e-05 sec  1.615880e+01 MB/s
target =   21 size =         64 put: 2.064934e-05 sec 2.479498e+01 MB/s acc: 3.175277e-05 sec  1.612458e+01 MB/s
target =   22 size =         64 put: 2.048060e-05 sec 2.499927e+01 MB/s acc: 3.137691e-05 sec  1.631773e+01 MB/s
target =   23 size =         64 put: 2.055028e-05 sec 2.491450e+01 MB/s acc: 3.186414e-05 sec  1.606822e+01 MB/s
target =   24 size =         64 put: 2.050039e-05 sec 2.497514e+01 MB/s acc: 3.147499e-05 sec  1.626688e+01 MB/s
target =   25 size =         64 put: 2.047575e-05 sec 2.500519e+01 MB/s acc: 3.154344e-05 sec  1.623158e+01 MB/s
target =   26 size =         64 put: 2.040518e-05 sec 2.509167e+01 MB/s acc: 3.161361e-05 sec  1.619556e+01 MB/s
target =   27 size =         64 put: 2.067886e-05 sec 2.475959e+01 MB/s acc: 3.139330e-05 sec  1.630921e+01 MB/s
target =   28 size =         64 put: 2.062234e-05 sec 2.482745e+01 MB/s acc: 3.167121e-05 sec  1.616610e+01 MB/s
target =   29 size =         64 put: 2.047916e-05 sec 2.500103e+01 MB/s acc: 3.147698e-05 sec  1.626585e+01 MB/s
target =   30 size =         64 put: 2.054234e-05 sec 2.492414e+01 MB/s acc: 3.170696e-05 sec  1.614787e+01 MB/s
target =   31 size =         64 put: 2.062667e-05 sec 2.482223e+01 MB/s acc: 3.146629e-05 sec  1.627138e+01 MB/s
target =    0 size =        128 put: 1.343533e-05 sec 7.621699e+01 MB/s acc: 4.671109e-05 sec  2.192199e+01 MB/s
target =    1 size =        128 put: 1.660613e-05 sec 6.166397e+01 MB/s acc: 3.935106e-05 sec  2.602217e+01 MB/s
target =    2 size =        128 put: 1.654126e-05 sec 6.190579e+01 MB/s acc: 3.880329e-05 sec  2.638951e+01 MB/s
target =    3 size =        128 put: 1.654761e-05 sec 6.188204e+01 MB/s acc: 3.913781e-05 sec  2.616396e+01 MB/s
target =    4 size =        128 put: 1.664559e-05 sec 6.151778e+01 MB/s acc: 3.912883e-05 sec  2.616996e+01 MB/s
target =    5 size =        128 put: 1.666402e-05 sec 6.144976e+01 MB/s acc: 3.921291e-05 sec  2.611385e+01 MB/s
target =    6 size =        128 put: 1.645671e-05 sec 6.222387e+01 MB/s acc: 3.934623e-05 sec  2.602537e+01 MB/s
target =    7 size =        128 put: 1.653422e-05 sec 6.193217e+01 MB/s acc: 3.922753e-05 sec  2.610412e+01 MB/s
target =    8 size =        128 put: 1.646674e-05 sec 6.218594e+01 MB/s acc: 3.920644e-05 sec  2.611816e+01 MB/s
target =    9 size =        128 put: 1.643217e-05 sec 6.231679e+01 MB/s acc: 3.892668e-05 sec  2.630586e+01 MB/s
target =   10 size =        128 put: 1.650572e-05 sec 6.203910e+01 MB/s acc: 3.911325e-05 sec  2.618039e+01 MB/s
target =   11 size =        128 put: 1.658049e-05 sec 6.175934e+01 MB/s acc: 3.906291e-05 sec  2.621413e+01 MB/s
target =   12 size =        128 put: 1.648588e-05 sec 6.211376e+01 MB/s acc: 3.904105e-05 sec  2.622880e+01 MB/s
target =   13 size =        128 put: 1.650768e-05 sec 6.203175e+01 MB/s acc: 3.913488e-05 sec  2.616592e+01 MB/s
target =   14 size =        128 put: 1.654574e-05 sec 6.188905e+01 MB/s acc: 3.925807e-05 sec  2.608381e+01 MB/s
target =   15 size =        128 put: 1.617364e-05 sec 6.331288e+01 MB/s acc: 3.901494e-05 sec  2.624636e+01 MB/s
target =   16 size =        128 put: 1.933403e-05 sec 5.296361e+01 MB/s acc: 3.515452e-05 sec  2.912854e+01 MB/s
target =   17 size =        128 put: 1.908833e-05 sec 5.364534e+01 MB/s acc: 3.501953e-05 sec  2.924083e+01 MB/s
target =   18 size =        128 put: 1.920767e-05 sec 5.331204e+01 MB/s acc: 3.498301e-05 sec  2.927135e+01 MB/s
target =   19 size =        128 put: 1.882755e-05 sec 5.438838e+01 MB/s acc: 3.546042e-05 sec  2.887726e+01 MB/s
target =   20 size =        128 put: 1.882488e-05 sec 5.439609e+01 MB/s acc: 3.513870e-05 sec  2.914166e+01 MB/s
target =   21 size =        128 put: 1.886526e-05 sec 5.427968e+01 MB/s acc: 3.518893e-05 sec  2.910006e+01 MB/s
target =   22 size =        128 put: 1.857289e-05 sec 5.513411e+01 MB/s acc: 3.546426e-05 sec  2.887414e+01 MB/s
target =   23 size =        128 put: 1.855461e-05 sec 5.518845e+01 MB/s acc: 3.537846e-05 sec  2.894417e+01 MB/s
target =   24 size =        128 put: 1.883041e-05 sec 5.438012e+01 MB/s acc: 3.511036e-05 sec  2.916518e+01 MB/s
target =   25 size =        128 put: 1.869919e-05 sec 5.476172e+01 MB/s acc: 3.477169e-05 sec  2.944925e+01 MB/s
target =   26 size =        128 put: 1.862782e-05 sec 5.497155e+01 MB/s acc: 3.537244e-05 sec  2.894909e+01 MB/s
target =   27 size =        128 put: 1.863957e-05 sec 5.493687e+01 MB/s acc: 3.535919e-05 sec  2.895994e+01 MB/s
target =   28 size =        128 put: 1.873608e-05 sec 5.465390e+01 MB/s acc: 3.542821e-05 sec  2.890352e+01 MB/s
target =   29 size =        128 put: 1.875217e-05 sec 5.460702e+01 MB/s acc: 3.516909e-05 sec  2.911647e+01 MB/s
target =   30 size =        128 put: 1.886994e-05 sec 5.426621e+01 MB/s acc: 3.548703e-05 sec  2.885562e+01 MB/s
target =   31 size =        128 put: 1.889542e-05 sec 5.419303e+01 MB/s acc: 3.507213e-05 sec  2.919697e+01 MB/s
target =    0 size =        256 put: 1.431970e-05 sec 1.430198e+02 MB/s acc: 6.695576e-05 sec  3.058736e+01 MB/s
target =    1 size =        256 put: 1.670766e-05 sec 1.225785e+02 MB/s acc: 5.702007e-05 sec  3.591718e+01 MB/s
target =    2 size =        256 put: 1.627303e-05 sec 1.258524e+02 MB/s acc: 5.679821e-05 sec  3.605748e+01 MB/s
target =    3 size =        256 put: 1.641049e-05 sec 1.247982e+02 MB/s acc: 5.691756e-05 sec  3.598186e+01 MB/s
target =    4 size =        256 put: 1.635612e-05 sec 1.252131e+02 MB/s acc: 5.662090e-05 sec  3.617039e+01 MB/s
target =    5 size =        256 put: 1.639769e-05 sec 1.248956e+02 MB/s acc: 5.692745e-05 sec  3.597561e+01 MB/s
target =    6 size =        256 put: 1.635358e-05 sec 1.252325e+02 MB/s acc: 5.719516e-05 sec  3.580723e+01 MB/s
target =    7 size =        256 put: 1.652069e-05 sec 1.239657e+02 MB/s acc: 5.696929e-05 sec  3.594919e+01 MB/s
target =    8 size =        256 put: 1.642043e-05 sec 1.247227e+02 MB/s acc: 5.703518e-05 sec  3.590767e+01 MB/s
target =    9 size =        256 put: 1.654381e-05 sec 1.237925e+02 MB/s acc: 5.687534e-05 sec  3.600858e+01 MB/s
target =   10 size =        256 put: 1.655386e-05 sec 1.237174e+02 MB/s acc: 5.674244e-05 sec  3.609291e+01 MB/s
target =   11 size =        256 put: 1.671838e-05 sec 1.224999e+02 MB/s acc: 5.663704e-05 sec  3.616008e+01 MB/s
target =   12 size =        256 put: 1.658299e-05 sec 1.235000e+02 MB/s acc: 5.663433e-05 sec  3.616181e+01 MB/s
target =   13 size =        256 put: 1.645941e-05 sec 1.244273e+02 MB/s acc: 5.685616e-05 sec  3.602072e+01 MB/s
target =   14 size =        256 put: 1.644863e-05 sec 1.245088e+02 MB/s acc: 5.673785e-05 sec  3.609583e+01 MB/s
target =   15 size =        256 put: 1.652106e-05 sec 1.239630e+02 MB/s acc: 5.697496e-05 sec  3.594562e+01 MB/s
target =   16 size =        256 put: 1.898479e-05 sec 1.078758e+02 MB/s acc: 4.639244e-05 sec  4.414512e+01 MB/s
target =   17 size =        256 put: 1.898259e-05 sec 1.078883e+02 MB/s acc: 4.707538e-05 sec  4.350469e+01 MB/s
target =   18 size =        256 put: 1.905982e-05 sec 1.074512e+02 MB/s acc: 4.705072e-05 sec  4.352750e+01 MB/s
target =   19 size =        256 put: 1.879737e-05 sec 1.089514e+02 MB/s acc: 4.744226e-05 sec  4.316827e+01 MB/s
target =   20 size =        256 put: 1.896057e-05 sec 1.080136e+02 MB/s acc: 4.707136e-05 sec  4.350841e+01 MB/s
target =   21 size =        256 put: 1.898835e-05 sec 1.078556e+02 MB/s acc: 4.680952e-05 sec  4.375178e+01 MB/s
target =   22 size =        256 put: 1.925184e-05 sec 1.063795e+02 MB/s acc: 4.758123e-05 sec  4.304218e+01 MB/s
target =   23 size =        256 put: 1.903327e-05 sec 1.076011e+02 MB/s acc: 4.705476e-05 sec  4.352376e+01 MB/s
target =   24 size =        256 put: 1.903446e-05 sec 1.075943e+02 MB/s acc: 4.724254e-05 sec  4.335076e+01 MB/s
target =   25 size =        256 put: 1.899758e-05 sec 1.078032e+02 MB/s acc: 4.679857e-05 sec  4.376202e+01 MB/s
target =   26 size =        256 put: 1.919404e-05 sec 1.066998e+02 MB/s acc: 4.729221e-05 sec  4.330523e+01 MB/s
target =   27 size =        256 put: 1.909583e-05 sec 1.072485e+02 MB/s acc: 4.724229e-05 sec  4.335099e+01 MB/s
target =   28 size =        256 put: 1.931826e-05 sec 1.060137e+02 MB/s acc: 4.741821e-05 sec  4.319016e+01 MB/s
target =   29 size =        256 put: 1.922940e-05 sec 1.065036e+02 MB/s acc: 4.696007e-05 sec  4.361152e+01 MB/s
target =   30 size =        256 put: 1.902179e-05 sec 1.076660e+02 MB/s acc: 4.738568e-05 sec  4.321981e+01 MB/s
target =   31 size =        256 put: 1.945680e-05 sec 1.052588e+02 MB/s acc: 4.713721e-05 sec  4.344763e+01 MB/s
target =    0 size =        512 put: 1.500289e-05 sec 2.730141e+02 MB/s acc: 1.069865e-04 sec  3.828520e+01 MB/s
target =    1 size =        512 put: 1.650352e-05 sec 2.481895e+02 MB/s acc: 9.318006e-05 sec  4.395790e+01 MB/s
target =    2 size =        512 put: 1.626409e-05 sec 2.518432e+02 MB/s acc: 9.291450e-05 sec  4.408354e+01 MB/s
target =    3 size =        512 put: 1.622368e-05 sec 2.524704e+02 MB/s acc: 9.307006e-05 sec  4.400986e+01 MB/s
target =    4 size =        512 put: 1.617419e-05 sec 2.532430e+02 MB/s acc: 9.289663e-05 sec  4.409202e+01 MB/s
target =    5 size =        512 put: 1.603677e-05 sec 2.554130e+02 MB/s acc: 9.288231e-05 sec  4.409882e+01 MB/s
target =    6 size =        512 put: 1.624676e-05 sec 2.521119e+02 MB/s acc: 9.262210e-05 sec  4.422271e+01 MB/s
target =    7 size =        512 put: 1.617514e-05 sec 2.532280e+02 MB/s acc: 9.298101e-05 sec  4.405201e+01 MB/s
target =    8 size =        512 put: 1.616753e-05 sec 2.533473e+02 MB/s acc: 9.281274e-05 sec  4.413187e+01 MB/s
target =    9 size =        512 put: 1.604876e-05 sec 2.552223e+02 MB/s acc: 9.289332e-05 sec  4.409359e+01 MB/s
target =   10 size =        512 put: 1.626192e-05 sec 2.518768e+02 MB/s acc: 9.286081e-05 sec  4.410903e+01 MB/s
target =   11 size =        512 put: 1.632912e-05 sec 2.508402e+02 MB/s acc: 9.296821e-05 sec  4.405807e+01 MB/s
target =   12 size =        512 put: 1.623539e-05 sec 2.522883e+02 MB/s acc: 9.305968e-05 sec  4.401476e+01 MB/s
target =   13 size =        512 put: 1.644473e-05 sec 2.490767e+02 MB/s acc: 9.287512e-05 sec  4.410223e+01 MB/s
target =   14 size =        512 put: 1.638228e-05 sec 2.500262e+02 MB/s acc: 9.285056e-05 sec  4.411390e+01 MB/s
target =   15 size =        512 put: 1.639739e-05 sec 2.497959e+02 MB/s acc: 9.314649e-05 sec  4.397375e+01 MB/s
target =   16 size =        512 put: 1.871528e-05 sec 2.188586e+02 MB/s acc: 7.011609e-05 sec  5.841740e+01 MB/s
target =   17 size =        512 put: 1.880414e-05 sec 2.178243e+02 MB/s acc: 7.037479e-05 sec  5.820266e+01 MB/s
target =   18 size =        512 put: 1.895172e-05 sec 2.161282e+02 MB/s acc: 7.051712e-05 sec  5.808519e+01 MB/s
target =   19 size =        512 put: 1.879824e-05 sec 2.178927e+02 MB/s acc: 7.049842e-05 sec  5.810059e+01 MB/s
target =   20 size =        512 put: 1.882099e-05 sec 2.176293e+02 MB/s acc: 7.012067e-05 sec  5.841359e+01 MB/s
target =   21 size =        512 put: 1.874932e-05 sec 2.184613e+02 MB/s acc: 7.021765e-05 sec  5.833291e+01 MB/s
target =   22 size =        512 put: 1.874468e-05 sec 2.185154e+02 MB/s acc: 7.059379e-05 sec  5.802210e+01 MB/s
target =   23 size =        512 put: 1.867324e-05 sec 2.193514e+02 MB/s acc: 7.037439e-05 sec  5.820299e+01 MB/s
target =   24 size =        512 put: 1.875254e-05 sec 2.184237e+02 MB/s acc: 7.036598e-05 sec  5.820995e+01 MB/s
target =   25 size =        512 put: 1.906097e-05 sec 2.148894e+02 MB/s acc: 7.039283e-05 sec  5.818774e+01 MB/s
target =   26 size =        512 put: 1.894843e-05 sec 2.161657e+02 MB/s acc: 7.022648e-05 sec  5.832558e+01 MB/s
target =   27 size =        512 put: 1.905423e-05 sec 2.149654e+02 MB/s acc: 7.044219e-05 sec  5.814697e+01 MB/s
target =   28 size =        512 put: 1.903416e-05 sec 2.151921e+02 MB/s acc: 7.030226e-05 sec  5.826271e+01 MB/s
target =   29 size =        512 put: 1.900976e-05 sec 2.154683e+02 MB/s acc: 7.050201e-05 sec  5.809764e+01 MB/s
target =   30 size =        512 put: 1.886643e-05 sec 2.171052e+02 MB/s acc: 7.017214e-05 sec  5.837075e+01 MB/s
target =   31 size =        512 put: 1.879695e-05 sec 2.179077e+02 MB/s acc: 7.025984e-05 sec  5.829789e+01 MB/s
target =    0 size =       1024 put: 1.623805e-05 sec 5.044941e+02 MB/s acc: 1.854809e-04 sec  4.416627e+01 MB/s
target =    1 size =       1024 put: 1.680174e-05 sec 4.875684e+02 MB/s acc: 1.639373e-04 sec  4.997033e+01 MB/s
target =    2 size =       1024 put: 1.668284e-05 sec 4.910436e+02 MB/s acc: 1.636770e-04 sec  5.004979e+01 MB/s
target =    3 size =       1024 put: 1.671971e-05 sec 4.899606e+02 MB/s acc: 1.634968e-04 sec  5.010494e+01 MB/s
target =    4 size =       1024 put: 1.664580e-05 sec 4.921362e+02 MB/s acc: 1.636576e-04 sec  5.005572e+01 MB/s
target =    5 size =       1024 put: 1.659004e-05 sec 4.937903e+02 MB/s acc: 1.636755e-04 sec  5.005025e+01 MB/s
target =    6 size =       1024 put: 1.673994e-05 sec 4.893684e+02 MB/s acc: 1.632937e-04 sec  5.016727e+01 MB/s
target =    7 size =       1024 put: 1.670918e-05 sec 4.902694e+02 MB/s acc: 1.637563e-04 sec  5.002557e+01 MB/s
target =    8 size =       1024 put: 1.652589e-05 sec 4.957069e+02 MB/s acc: 1.634433e-04 sec  5.012135e+01 MB/s
target =    9 size =       1024 put: 1.683383e-05 sec 4.866391e+02 MB/s acc: 1.635396e-04 sec  5.009183e+01 MB/s
target =   10 size =       1024 put: 1.664393e-05 sec 4.921916e+02 MB/s acc: 1.631619e-04 sec  5.020781e+01 MB/s
target =   11 size =       1024 put: 1.673347e-05 sec 4.895578e+02 MB/s acc: 1.633461e-04 sec  5.015117e+01 MB/s
target =   12 size =       1024 put: 1.676684e-05 sec 4.885835e+02 MB/s acc: 1.634888e-04 sec  5.010742e+01 MB/s
target =   13 size =       1024 put: 1.673350e-05 sec 4.895569e+02 MB/s acc: 1.634485e-04 sec  5.011975e+01 MB/s
target =   14 size =       1024 put: 1.666806e-05 sec 4.914790e+02 MB/s acc: 1.638810e-04 sec  4.998749e+01 MB/s
target =   15 size =       1024 put: 1.675453e-05 sec 4.889424e+02 MB/s acc: 1.638165e-04 sec  5.000717e+01 MB/s
target =   16 size =       1024 put: 2.102191e-05 sec 3.896887e+02 MB/s acc: 1.248829e-04 sec  6.559746e+01 MB/s
target =   17 size =       1024 put: 2.097464e-05 sec 3.905669e+02 MB/s acc: 1.222793e-04 sec  6.699414e+01 MB/s
target =   18 size =       1024 put: 2.104731e-05 sec 3.892185e+02 MB/s acc: 1.187345e-04 sec  6.899429e+01 MB/s
target =   19 size =       1024 put: 2.112972e-05 sec 3.877003e+02 MB/s acc: 1.230578e-04 sec  6.657035e+01 MB/s
target =   20 size =       1024 put: 2.108532e-05 sec 3.885168e+02 MB/s acc: 1.225493e-04 sec  6.684659e+01 MB/s
target =   21 size =       1024 put: 2.121886e-05 sec 3.860717e+02 MB/s acc: 1.249742e-04 sec  6.554955e+01 MB/s
target =   22 size =       1024 put: 2.121254e-05 sec 3.861866e+02 MB/s acc: 1.224406e-04 sec  6.690591e+01 MB/s
target =   23 size =       1024 put: 2.109150e-05 sec 3.884029e+02 MB/s acc: 1.276603e-04 sec  6.417028e+01 MB/s
target =   24 size =       1024 put: 2.106441e-05 sec 3.889025e+02 MB/s acc: 1.258035e-04 sec  6.511742e+01 MB/s
target =   25 size =       1024 put: 2.116909e-05 sec 3.869792e+02 MB/s acc: 1.259195e-04 sec  6.505745e+01 MB/s
target =   26 size =       1024 put: 2.108564e-05 sec 3.885109e+02 MB/s acc: 1.272585e-04 sec  6.437293e+01 MB/s
target =   27 size =       1024 put: 2.114992e-05 sec 3.873301e+02 MB/s acc: 1.254211e-04 sec  6.531596e+01 MB/s
target =   28 size =       1024 put: 2.109576e-05 sec 3.883245e+02 MB/s acc: 1.285720e-04 sec  6.371528e+01 MB/s
target =   29 size =       1024 put: 2.101879e-05 sec 3.897464e+02 MB/s acc: 1.284636e-04 sec  6.376906e+01 MB/s
target =   30 size =       1024 put: 2.115366e-05 sec 3.872617e+02 MB/s acc: 1.258264e-04 sec  6.510559e+01 MB/s
target =   31 size =       1024 put: 2.105207e-05 sec 3.891304e+02 MB/s acc: 1.274779e-04 sec  6.426212e+01 MB/s
target =    0 size =       2048 put: 1.855236e-05 sec 8.831220e+02 MB/s acc: 3.437899e-04 sec  4.765702e+01 MB/s
target =    1 size =       2048 put: 1.754492e-05 sec 9.338316e+02 MB/s acc: 3.044845e-04 sec  5.380897e+01 MB/s
target =    2 size =       2048 put: 1.755269e-05 sec 9.334183e+02 MB/s acc: 3.040079e-04 sec  5.389334e+01 MB/s
target =    3 size =       2048 put: 1.728505e-05 sec 9.478711e+02 MB/s acc: 3.037011e-04 sec  5.394777e+01 MB/s
target =    4 size =       2048 put: 1.749939e-05 sec 9.362610e+02 MB/s acc: 3.033237e-04 sec  5.401490e+01 MB/s
target =    5 size =       2048 put: 1.725829e-05 sec 9.493407e+02 MB/s acc: 3.033332e-04 sec  5.401321e+01 MB/s
target =    6 size =       2048 put: 1.729029e-05 sec 9.475837e+02 MB/s acc: 3.031156e-04 sec  5.405199e+01 MB/s
target =    7 size =       2048 put: 1.727243e-05 sec 9.485636e+02 MB/s acc: 3.032197e-04 sec  5.403343e+01 MB/s
target =    8 size =       2048 put: 1.738072e-05 sec 9.426538e+02 MB/s acc: 3.030849e-04 sec  5.405747e+01 MB/s
target =    9 size =       2048 put: 1.733003e-05 sec 9.454109e+02 MB/s acc: 3.032768e-04 sec  5.402326e+01 MB/s
target =   10 size =       2048 put: 1.724806e-05 sec 9.499041e+02 MB/s acc: 3.029765e-04 sec  5.407681e+01 MB/s
target =   11 size =       2048 put: 1.765334e-05 sec 9.280965e+02 MB/s acc: 3.032906e-04 sec  5.402079e+01 MB/s
target =   12 size =       2048 put: 1.729822e-05 sec 9.471495e+02 MB/s acc: 3.044704e-04 sec  5.381148e+01 MB/s
target =   13 size =       2048 put: 1.732627e-05 sec 9.456162e+02 MB/s acc: 3.035563e-04 sec  5.397351e+01 MB/s
target =   14 size =       2048 put: 1.733992e-05 sec 9.448718e+02 MB/s acc: 3.036667e-04 sec  5.395389e+01 MB/s
target =   15 size =       2048 put: 1.754264e-05 sec 9.339527e+02 MB/s acc: 3.040629e-04 sec  5.388358e+01 MB/s
target =   16 size =       2048 put: 2.591626e-05 sec 6.321899e+02 MB/s acc: 2.290325e-04 sec  7.153571e+01 MB/s
target =   17 size =       2048 put: 2.563317e-05 sec 6.391719e+02 MB/s acc: 2.286603e-04 sec  7.165213e+01 MB/s
target =   18 size =       2048 put: 2.548979e-05 sec 6.427671e+02 MB/s acc: 2.295625e-04 sec  7.137054e+01 MB/s
target =   19 size =       2048 put: 2.565482e-05 sec 6.386325e+02 MB/s acc: 2.297390e-04 sec  7.131570e+01 MB/s
target =   20 size =       2048 put: 2.556414e-05 sec 6.408977e+02 MB/s acc: 2.292759e-04 sec  7.145976e+01 MB/s
target =   21 size =       2048 put: 2.564656e-05 sec 6.388381e+02 MB/s acc: 2.287090e-04 sec  7.163687e+01 MB/s
target =   22 size =       2048 put: 2.579169e-05 sec 6.352434e+02 MB/s acc: 2.300558e-04 sec  7.121750e+01 MB/s
target =   23 size =       2048 put: 2.573088e-05 sec 6.367446e+02 MB/s acc: 2.298379e-04 sec  7.128503e+01 MB/s
target =   24 size =       2048 put: 2.571742e-05 sec 6.370779e+02 MB/s acc: 2.299804e-04 sec  7.124084e+01 MB/s
target =   25 size =       2048 put: 2.568294e-05 sec 6.379331e+02 MB/s acc: 2.294957e-04 sec  7.139133e+01 MB/s
target =   26 size =       2048 put: 2.567399e-05 sec 6.381555e+02 MB/s acc: 2.297348e-04 sec  7.131702e+01 MB/s
target =   27 size =       2048 put: 2.569096e-05 sec 6.377341e+02 MB/s acc: 2.293580e-04 sec  7.143418e+01 MB/s
target =   28 size =       2048 put: 2.566020e-05 sec 6.384985e+02 MB/s acc: 2.295920e-04 sec  7.136137e+01 MB/s
target =   29 size =       2048 put: 2.569670e-05 sec 6.375916e+02 MB/s acc: 2.297901e-04 sec  7.129986e+01 MB/s
target =   30 size =       2048 put: 2.567721e-05 sec 6.380755e+02 MB/s acc: 2.297554e-04 sec  7.131063e+01 MB/s
target =   31 size =       2048 put: 2.576246e-05 sec 6.359640e+02 MB/s acc: 2.285380e-04 sec  7.169048e+01 MB/s
target =    0 size =       4096 put: 2.058179e-05 sec 1.592087e+03 MB/s acc: 6.632853e-04 sec  4.940257e+01 MB/s
target =    1 size =       4096 put: 1.972779e-05 sec 1.661007e+03 MB/s acc: 5.898619e-04 sec  5.555198e+01 MB/s
target =    2 size =       4096 put: 1.949249e-05 sec 1.681057e+03 MB/s acc: 5.890602e-04 sec  5.562760e+01 MB/s
target =    3 size =       4096 put: 1.940970e-05 sec 1.688228e+03 MB/s acc: 5.914135e-04 sec  5.540624e+01 MB/s
target =    4 size =       4096 put: 1.956212e-05 sec 1.675074e+03 MB/s acc: 5.873600e-04 sec  5.578861e+01 MB/s
target =    5 size =       4096 put: 1.944237e-05 sec 1.685391e+03 MB/s acc: 5.877564e-04 sec  5.575098e+01 MB/s
target =    6 size =       4096 put: 1.931277e-05 sec 1.696701e+03 MB/s acc: 5.867361e-04 sec  5.584793e+01 MB/s
target =    7 size =       4096 put: 1.965858e-05 sec 1.666855e+03 MB/s acc: 5.874621e-04 sec  5.577892e+01 MB/s
target =    8 size =       4096 put: 1.959025e-05 sec 1.672669e+03 MB/s acc: 5.869459e-04 sec  5.582797e+01 MB/s
target =    9 size =       4096 put: 1.944604e-05 sec 1.685073e+03 MB/s acc: 5.872523e-04 sec  5.579885e+01 MB/s
target =   10 size =       4096 put: 1.951597e-05 sec 1.679035e+03 MB/s acc: 5.868168e-04 sec  5.584026e+01 MB/s
target =   11 size =       4096 put: 1.952287e-05 sec 1.678442e+03 MB/s acc: 5.873733e-04 sec  5.578735e+01 MB/s
target =   12 size =       4096 put: 1.943598e-05 sec 1.685946e+03 MB/s acc: 5.875628e-04 sec  5.576936e+01 MB/s
target =   13 size =       4096 put: 1.967497e-05 sec 1.665466e+03 MB/s acc: 5.879167e-04 sec  5.573579e+01 MB/s
target =   14 size =       4096 put: 1.926419e-05 sec 1.700980e+03 MB/s acc: 5.896882e-04 sec  5.556835e+01 MB/s
target =   15 size =       4096 put: 1.940096e-05 sec 1.688989e+03 MB/s acc: 5.885470e-04 sec  5.567609e+01 MB/s
target =   16 size =       4096 put: 3.500017e-05 sec 9.362241e+02 MB/s acc: 4.016347e-04 sec  8.158658e+01 MB/s
target =   17 size =       4096 put: 3.495909e-05 sec 9.373241e+02 MB/s acc: 4.010218e-04 sec  8.171128e+01 MB/s
target =   18 size =       4096 put: 3.511941e-05 sec 9.330452e+02 MB/s acc: 4.022145e-04 sec  8.146896e+01 MB/s
target =   19 size =       4096 put: 3.476828e-05 sec 9.424682e+02 MB/s acc: 4.035982e-04 sec  8.118966e+01 MB/s
target =   20 size =       4096 put: 3.477407e-05 sec 9.423114e+02 MB/s acc: 4.016462e-04 sec  8.158425e+01 MB/s
target =   21 size =       4096 put: 3.467775e-05 sec 9.449287e+02 MB/s acc: 4.014911e-04 sec  8.161576e+01 MB/s
target =   22 size =       4096 put: 3.475054e-05 sec 9.429493e+02 MB/s acc: 4.022013e-04 sec  8.147164e+01 MB/s
target =   23 size =       4096 put: 3.471087e-05 sec 9.440271e+02 MB/s acc: 4.018605e-04 sec  8.154074e+01 MB/s
target =   24 size =       4096 put: 3.491266e-05 sec 9.385708e+02 MB/s acc: 4.025384e-04 sec  8.140341e+01 MB/s
target =   25 size =       4096 put: 3.476857e-05 sec 9.424603e+02 MB/s acc: 4.016761e-04 sec  8.157817e+01 MB/s
target =   26 size =       4096 put: 3.491044e-05 sec 9.386303e+02 MB/s acc: 4.018780e-04 sec  8.153718e+01 MB/s
target =   27 size =       4096 put: 3.489164e-05 sec 9.391360e+02 MB/s acc: 4.019302e-04 sec  8.152659e+01 MB/s
target =   28 size =       4096 put: 3.479482e-05 sec 9.417494e+02 MB/s acc: 4.016386e-04 sec  8.158578e+01 MB/s
target =   29 size =       4096 put: 3.472079e-05 sec 9.437574e+02 MB/s acc: 4.016365e-04 sec  8.158620e+01 MB/s
target =   30 size =       4096 put: 3.476707e-05 sec 9.425011e+02 MB/s acc: 4.018258e-04 sec  8.154777e+01 MB/s
target =   31 size =       4096 put: 3.493601e-05 sec 9.379435e+02 MB/s acc: 4.014275e-04 sec  8.162869e+01 MB/s
target =    0 size =       8192 put: 2.426786e-05 sec 2.700526e+03 MB/s acc: 1.305156e-03 sec  5.021316e+01 MB/s
target =    1 size =       8192 put: 2.343219e-05 sec 2.796836e+03 MB/s acc: 1.160535e-03 sec  5.647050e+01 MB/s
target =    2 size =       8192 put: 2.327152e-05 sec 2.816146e+03 MB/s acc: 1.160297e-03 sec  5.648209e+01 MB/s
target =    3 size =       8192 put: 2.324036e-05 sec 2.819922e+03 MB/s acc: 1.157977e-03 sec  5.659524e+01 MB/s
target =    4 size =       8192 put: 2.338359e-05 sec 2.802649e+03 MB/s acc: 1.156179e-03 sec  5.668325e+01 MB/s
target =    5 size =       8192 put: 2.334292e-05 sec 2.807532e+03 MB/s acc: 1.157003e-03 sec  5.664288e+01 MB/s
target =    6 size =       8192 put: 2.302544e-05 sec 2.846243e+03 MB/s acc: 1.154897e-03 sec  5.674621e+01 MB/s
target =    7 size =       8192 put: 2.342476e-05 sec 2.797723e+03 MB/s acc: 1.156110e-03 sec  5.668666e+01 MB/s
target =    8 size =       8192 put: 2.323157e-05 sec 2.820989e+03 MB/s acc: 1.157694e-03 sec  5.660911e+01 MB/s
target =    9 size =       8192 put: 2.318568e-05 sec 2.826573e+03 MB/s acc: 1.156139e-03 sec  5.668524e+01 MB/s
target =   10 size =       8192 put: 2.320657e-05 sec 2.824028e+03 MB/s acc: 1.157580e-03 sec  5.661465e+01 MB/s
target =   11 size =       8192 put: 2.325622e-05 sec 2.817999e+03 MB/s acc: 1.156404e-03 sec  5.667226e+01 MB/s
target =   12 size =       8192 put: 2.334898e-05 sec 2.806803e+03 MB/s acc: 1.158781e-03 sec  5.655599e+01 MB/s
target =   13 size =       8192 put: 2.339476e-05 sec 2.801312e+03 MB/s acc: 1.157393e-03 sec  5.662380e+01 MB/s
target =   14 size =       8192 put: 2.324084e-05 sec 2.819863e+03 MB/s acc: 1.159472e-03 sec  5.652228e+01 MB/s
target =   15 size =       8192 put: 2.348336e-05 sec 2.790742e+03 MB/s acc: 1.159206e-03 sec  5.653525e+01 MB/s
target =   16 size =       8192 put: 5.340439e-05 sec 1.227165e+03 MB/s acc: 7.461007e-04 sec  8.783800e+01 MB/s
target =   17 size =       8192 put: 5.335808e-05 sec 1.228230e+03 MB/s acc: 7.460959e-04 sec  8.783857e+01 MB/s
target =   18 size =       8192 put: 5.331882e-05 sec 1.229135e+03 MB/s acc: 7.462214e-04 sec  8.782380e+01 MB/s
target =   19 size =       8192 put: 5.329471e-05 sec 1.229691e+03 MB/s acc: 7.465864e-04 sec  8.778087e+01 MB/s
target =   20 size =       8192 put: 5.341422e-05 sec 1.226939e+03 MB/s acc: 7.456061e-04 sec  8.789628e+01 MB/s
target =   21 size =       8192 put: 5.338051e-05 sec 1.227714e+03 MB/s acc: 7.455881e-04 sec  8.789840e+01 MB/s
target =   22 size =       8192 put: 5.332793e-05 sec 1.228925e+03 MB/s acc: 7.455459e-04 sec  8.790337e+01 MB/s
target =   23 size =       8192 put: 5.328984e-05 sec 1.229803e+03 MB/s acc: 7.463000e-04 sec  8.781456e+01 MB/s
target =   24 size =       8192 put: 5.339847e-05 sec 1.227301e+03 MB/s acc: 7.463806e-04 sec  8.780507e+01 MB/s
target =   25 size =       8192 put: 5.338647e-05 sec 1.227577e+03 MB/s acc: 7.455073e-04 sec  8.790793e+01 MB/s
target =   26 size =       8192 put: 5.352699e-05 sec 1.224354e+03 MB/s acc: 7.454750e-04 sec  8.791174e+01 MB/s
target =   27 size =       8192 put: 5.343004e-05 sec 1.226576e+03 MB/s acc: 7.456524e-04 sec  8.789082e+01 MB/s
target =   28 size =       8192 put: 5.345139e-05 sec 1.226086e+03 MB/s acc: 7.464391e-04 sec  8.779819e+01 MB/s
target =   29 size =       8192 put: 5.345642e-05 sec 1.225971e+03 MB/s acc: 7.467913e-04 sec  8.775678e+01 MB/s
target =   30 size =       8192 put: 5.344571e-05 sec 1.226216e+03 MB/s acc: 7.460872e-04 sec  8.783960e+01 MB/s
target =   31 size =       8192 put: 5.347999e-05 sec 1.225430e+03 MB/s acc: 7.460410e-04 sec  8.784504e+01 MB/s
target =    0 size =      16384 put: 3.179439e-05 sec 4.122488e+03 MB/s acc: 2.584294e-03 sec  5.071868e+01 MB/s
target =    1 size =      16384 put: 3.018939e-05 sec 4.341658e+03 MB/s acc: 2.302498e-03 sec  5.692600e+01 MB/s
target =    2 size =      16384 put: 2.989499e-05 sec 4.384413e+03 MB/s acc: 2.291938e-03 sec  5.718829e+01 MB/s
target =    3 size =      16384 put: 2.993420e-05 sec 4.378671e+03 MB/s acc: 2.297048e-03 sec  5.706105e+01 MB/s
target =    4 size =      16384 put: 2.989843e-05 sec 4.383909e+03 MB/s acc: 2.293546e-03 sec  5.714820e+01 MB/s
target =    5 size =      16384 put: 2.982303e-05 sec 4.394993e+03 MB/s acc: 2.295153e-03 sec  5.710817e+01 MB/s
target =    6 size =      16384 put: 2.975242e-05 sec 4.405423e+03 MB/s acc: 2.291033e-03 sec  5.721088e+01 MB/s
target =    7 size =      16384 put: 2.990742e-05 sec 4.382591e+03 MB/s acc: 2.293563e-03 sec  5.714778e+01 MB/s
target =    8 size =      16384 put: 2.981106e-05 sec 4.396758e+03 MB/s acc: 2.297216e-03 sec  5.705690e+01 MB/s
target =    9 size =      16384 put: 2.990823e-05 sec 4.382472e+03 MB/s acc: 2.293465e-03 sec  5.715020e+01 MB/s
target =   10 size =      16384 put: 2.994782e-05 sec 4.376679e+03 MB/s acc: 2.297043e-03 sec  5.706119e+01 MB/s
target =   11 size =      16384 put: 2.983821e-05 sec 4.392757e+03 MB/s acc: 2.293740e-03 sec  5.714334e+01 MB/s
target =   12 size =      16384 put: 2.986675e-05 sec 4.388559e+03 MB/s acc: 2.299519e-03 sec  5.699974e+01 MB/s
target =   13 size =      16384 put: 2.999318e-05 sec 4.370060e+03 MB/s acc: 2.296803e-03 sec  5.706715e+01 MB/s
target =   14 size =      16384 put: 2.983394e-05 sec 4.393385e+03 MB/s acc: 2.300785e-03 sec  5.696838e+01 MB/s
target =   15 size =      16384 put: 2.988340e-05 sec 4.386114e+03 MB/s acc: 2.299353e-03 sec  5.700385e+01 MB/s
target =   16 size =      16384 put: 9.022830e-05 sec 1.452671e+03 MB/s acc: 1.433764e-03 sec  9.141813e+01 MB/s
target =   17 size =      16384 put: 9.042064e-05 sec 1.449580e+03 MB/s acc: 1.434175e-03 sec  9.139194e+01 MB/s
target =   18 size =      16384 put: 9.044517e-05 sec 1.449187e+03 MB/s acc: 1.435483e-03 sec  9.130864e+01 MB/s
target =   19 size =      16384 put: 9.049354e-05 sec 1.448413e+03 MB/s acc: 1.436767e-03 sec  9.122705e+01 MB/s
target =   20 size =      16384 put: 9.044968e-05 sec 1.449115e+03 MB/s acc: 1.435241e-03 sec  9.132402e+01 MB/s
target =   21 size =      16384 put: 9.040311e-05 sec 1.449862e+03 MB/s acc: 1.432198e-03 sec  9.151808e+01 MB/s
target =   22 size =      16384 put: 9.031908e-05 sec 1.451211e+03 MB/s acc: 1.434344e-03 sec  9.138115e+01 MB/s
target =   23 size =      16384 put: 9.017157e-05 sec 1.453585e+03 MB/s acc: 1.432800e-03 sec  9.147961e+01 MB/s
target =   24 size =      16384 put: 9.010288e-05 sec 1.454693e+03 MB/s acc: 1.435595e-03 sec  9.130151e+01 MB/s
target =   25 size =      16384 put: 9.018851e-05 sec 1.453312e+03 MB/s acc: 1.435659e-03 sec  9.129745e+01 MB/s
target =   26 size =      16384 put: 9.035105e-05 sec 1.450697e+03 MB/s acc: 1.434946e-03 sec  9.134278e+01 MB/s
target =   27 size =      16384 put: 9.041327e-05 sec 1.449699e+03 MB/s acc: 1.435818e-03 sec  9.128732e+01 MB/s
target =   28 size =      16384 put: 9.051722e-05 sec 1.448034e+03 MB/s acc: 1.435373e-03 sec  9.131567e+01 MB/s
target =   29 size =      16384 put: 9.046648e-05 sec 1.448846e+03 MB/s acc: 1.436075e-03 sec  9.127102e+01 MB/s
target =   30 size =      16384 put: 9.034046e-05 sec 1.450867e+03 MB/s acc: 1.435384e-03 sec  9.131496e+01 MB/s
target =   31 size =      16384 put: 9.051043e-05 sec 1.448142e+03 MB/s acc: 1.434874e-03 sec  9.134736e+01 MB/s
target =    0 size =      32768 put: 4.685791e-05 sec 5.594445e+03 MB/s acc: 5.145167e-03 sec  5.094956e+01 MB/s
target =    1 size =      32768 put: 4.347986e-05 sec 6.029091e+03 MB/s acc: 4.585861e-03 sec  5.716353e+01 MB/s
target =    2 size =      32768 put: 4.337127e-05 sec 6.044186e+03 MB/s acc: 4.564371e-03 sec  5.743267e+01 MB/s
target =    3 size =      32768 put: 4.327840e-05 sec 6.057156e+03 MB/s acc: 4.575129e-03 sec  5.729762e+01 MB/s
target =    4 size =      32768 put: 4.332627e-05 sec 6.050463e+03 MB/s acc: 4.568285e-03 sec  5.738346e+01 MB/s
target =    5 size =      32768 put: 4.330753e-05 sec 6.053081e+03 MB/s acc: 4.570933e-03 sec  5.735022e+01 MB/s
target =    6 size =      32768 put: 4.322282e-05 sec 6.064945e+03 MB/s acc: 4.562283e-03 sec  5.745895e+01 MB/s
target =    7 size =      32768 put: 4.339576e-05 sec 6.040775e+03 MB/s acc: 4.567613e-03 sec  5.739190e+01 MB/s
target =    8 size =      32768 put: 4.318789e-05 sec 6.069849e+03 MB/s acc: 4.576579e-03 sec  5.727946e+01 MB/s
target =    9 size =      32768 put: 4.317342e-05 sec 6.071884e+03 MB/s acc: 4.568567e-03 sec  5.737992e+01 MB/s
target =   10 size =      32768 put: 4.308721e-05 sec 6.084033e+03 MB/s acc: 4.576376e-03 sec  5.728200e+01 MB/s
target =   11 size =      32768 put: 4.328352e-05 sec 6.056439e+03 MB/s acc: 4.568505e-03 sec  5.738070e+01 MB/s
target =   12 size =      32768 put: 4.310177e-05 sec 6.081978e+03 MB/s acc: 4.581052e-03 sec  5.722354e+01 MB/s
target =   13 size =      32768 put: 4.353393e-05 sec 6.021602e+03 MB/s acc: 4.573881e-03 sec  5.731326e+01 MB/s
target =   14 size =      32768 put: 4.335389e-05 sec 6.046609e+03 MB/s acc: 4.583843e-03 sec  5.718870e+01 MB/s
target =   15 size =      32768 put: 4.339597e-05 sec 6.040745e+03 MB/s acc: 4.580028e-03 sec  5.723633e+01 MB/s
target =   16 size =      32768 put: 1.640776e-04 sec 1.597683e+03 MB/s acc: 3.332305e-03 sec  7.866748e+01 MB/s
target =   17 size =      32768 put: 1.641996e-04 sec 1.596496e+03 MB/s acc: 3.309400e-03 sec  7.921193e+01 MB/s
target =   18 size =      32768 put: 1.641190e-04 sec 1.597280e+03 MB/s acc: 3.333355e-03 sec  7.864269e+01 MB/s
target =   19 size =      32768 put: 1.640344e-04 sec 1.598103e+03 MB/s acc: 3.331157e-03 sec  7.869457e+01 MB/s
target =   20 size =      32768 put: 1.640536e-04 sec 1.597916e+03 MB/s acc: 3.353302e-03 sec  7.817488e+01 MB/s
target =   21 size =      32768 put: 1.639593e-04 sec 1.598836e+03 MB/s acc: 3.327762e-03 sec  7.877486e+01 MB/s
target =   22 size =      32768 put: 1.639129e-04 sec 1.599289e+03 MB/s acc: 3.343697e-03 sec  7.839944e+01 MB/s
target =   23 size =      32768 put: 1.639544e-04 sec 1.598883e+03 MB/s acc: 3.340173e-03 sec  7.848216e+01 MB/s
target =   24 size =      32768 put: 1.639480e-04 sec 1.598946e+03 MB/s acc: 3.346348e-03 sec  7.833734e+01 MB/s
target =   25 size =      32768 put: 1.639513e-04 sec 1.598914e+03 MB/s acc: 3.330394e-03 sec  7.871260e+01 MB/s
target =   26 size =      32768 put: 1.640349e-04 sec 1.598099e+03 MB/s acc: 3.341305e-03 sec  7.845558e+01 MB/s
target =   27 size =      32768 put: 1.639204e-04 sec 1.599215e+03 MB/s acc: 3.331731e-03 sec  7.868102e+01 MB/s
target =   28 size =      32768 put: 1.639523e-04 sec 1.598904e+03 MB/s acc: 3.341775e-03 sec  7.844454e+01 MB/s
target =   29 size =      32768 put: 1.639986e-04 sec 1.598453e+03 MB/s acc: 3.328728e-03 sec  7.875200e+01 MB/s
target =   30 size =      32768 put: 1.639503e-04 sec 1.598923e+03 MB/s acc: 3.337475e-03 sec  7.854560e+01 MB/s
target =   31 size =      32768 put: 1.639874e-04 sec 1.598562e+03 MB/s acc: 3.319973e-03 sec  7.895968e+01 MB/s
target =    0 size =      65536 put: 7.657712e-05 sec 6.846536e+03 MB/s acc: 1.026576e-02 sec  5.107154e+01 MB/s
target =    1 size =      65536 put: 7.074794e-05 sec 7.410646e+03 MB/s acc: 9.155553e-03 sec  5.726448e+01 MB/s
target =    2 size =      65536 put: 7.045057e-05 sec 7.441927e+03 MB/s acc: 9.139189e-03 sec  5.736702e+01 MB/s
target =    3 size =      65536 put: 7.054404e-05 sec 7.432066e+03 MB/s acc: 9.131905e-03 sec  5.741278e+01 MB/s
target =    4 size =      65536 put: 7.064031e-05 sec 7.421938e+03 MB/s acc: 9.123964e-03 sec  5.746275e+01 MB/s
target =    5 size =      65536 put: 7.069508e-05 sec 7.416188e+03 MB/s acc: 9.129458e-03 sec  5.742817e+01 MB/s
target =    6 size =      65536 put: 7.055608e-05 sec 7.430799e+03 MB/s acc: 9.147849e-03 sec  5.731271e+01 MB/s
target =    7 size =      65536 put: 7.058074e-05 sec 7.428202e+03 MB/s acc: 9.121860e-03 sec  5.747599e+01 MB/s
target =    8 size =      65536 put: 7.020158e-05 sec 7.468322e+03 MB/s acc: 9.135652e-03 sec  5.738922e+01 MB/s
target =    9 size =      65536 put: 7.066561e-05 sec 7.419280e+03 MB/s acc: 9.117474e-03 sec  5.750365e+01 MB/s
target =   10 size =      65536 put: 7.061527e-05 sec 7.424570e+03 MB/s acc: 9.134698e-03 sec  5.739522e+01 MB/s
target =   11 size =      65536 put: 7.051973e-05 sec 7.434629e+03 MB/s acc: 9.118133e-03 sec  5.749949e+01 MB/s
target =   12 size =      65536 put: 7.053687e-05 sec 7.432821e+03 MB/s acc: 9.143335e-03 sec  5.734100e+01 MB/s
target =   13 size =      65536 put: 7.071158e-05 sec 7.414458e+03 MB/s acc: 9.129734e-03 sec  5.742643e+01 MB/s
target =   14 size =      65536 put: 7.069267e-05 sec 7.416441e+03 MB/s acc: 9.147838e-03 sec  5.731278e+01 MB/s
target =   15 size =      65536 put: 7.055654e-05 sec 7.430749e+03 MB/s acc: 9.140169e-03 sec  5.736087e+01 MB/s
target =   16 size =      65536 put: 3.114235e-04 sec 1.683521e+03 MB/s acc: 6.080519e-03 sec  8.622422e+01 MB/s
target =   17 size =      65536 put: 3.113926e-04 sec 1.683688e+03 MB/s acc: 6.076360e-03 sec  8.628323e+01 MB/s
target =   18 size =      65536 put: 3.113352e-04 sec 1.683998e+03 MB/s acc: 6.093947e-03 sec  8.603422e+01 MB/s
target =   19 size =      65536 put: 3.113254e-04 sec 1.684052e+03 MB/s acc: 6.090792e-03 sec  8.607879e+01 MB/s
target =   20 size =      65536 put: 3.115136e-04 sec 1.683034e+03 MB/s acc: 6.100253e-03 sec  8.594529e+01 MB/s
target =   21 size =      65536 put: 3.113558e-04 sec 1.683887e+03 MB/s acc: 6.108546e-03 sec  8.582861e+01 MB/s
target =   22 size =      65536 put: 3.115366e-04 sec 1.682910e+03 MB/s acc: 6.099548e-03 sec  8.595522e+01 MB/s
target =   23 size =      65536 put: 3.113697e-04 sec 1.683812e+03 MB/s acc: 6.112293e-03 sec  8.577599e+01 MB/s
target =   24 size =      65536 put: 3.115167e-04 sec 1.683017e+03 MB/s acc: 6.102643e-03 sec  8.591163e+01 MB/s
target =   25 size =      65536 put: 3.114527e-04 sec 1.683363e+03 MB/s acc: 6.097542e-03 sec  8.598350e+01 MB/s
target =   26 size =      65536 put: 3.114039e-04 sec 1.683627e+03 MB/s acc: 6.109415e-03 sec  8.581640e+01 MB/s
target =   27 size =      65536 put: 3.114273e-04 sec 1.683500e+03 MB/s acc: 6.104320e-03 sec  8.588803e+01 MB/s
target =   28 size =      65536 put: 3.113975e-04 sec 1.683662e+03 MB/s acc: 6.101766e-03 sec  8.592398e+01 MB/s
target =   29 size =      65536 put: 3.113926e-04 sec 1.683688e+03 MB/s acc: 6.089707e-03 sec  8.609413e+01 MB/s
target =   30 size =      65536 put: 3.112799e-04 sec 1.684298e+03 MB/s acc: 6.092836e-03 sec  8.604992e+01 MB/s
target =   31 size =      65536 put: 3.114149e-04 sec 1.683567e+03 MB/s acc: 6.086580e-03 sec  8.613836e+01 MB/s
target =    0 size =     131072 put: 1.385643e-04 sec 7.567433e+03 MB/s acc: 2.052172e-02 sec  5.109592e+01 MB/s
target =    1 size =     131072 put: 1.239588e-04 sec 8.459067e+03 MB/s acc: 1.828849e-02 sec  5.733528e+01 MB/s
target =    2 size =     131072 put: 1.246513e-04 sec 8.412076e+03 MB/s acc: 1.826105e-02 sec  5.742146e+01 MB/s
target =    3 size =     131072 put: 1.238671e-04 sec 8.465328e+03 MB/s acc: 1.824359e-02 sec  5.747640e+01 MB/s
target =    4 size =     131072 put: 1.241070e-04 sec 8.448969e+03 MB/s acc: 1.827140e-02 sec  5.738892e+01 MB/s
target =    5 size =     131072 put: 1.247069e-04 sec 8.408322e+03 MB/s acc: 1.824091e-02 sec  5.748484e+01 MB/s
target =    6 size =     131072 put: 1.247367e-04 sec 8.406314e+03 MB/s acc: 1.825266e-02 sec  5.744783e+01 MB/s
target =    7 size =     131072 put: 1.248088e-04 sec 8.401459e+03 MB/s acc: 1.822221e-02 sec  5.754385e+01 MB/s
target =    8 size =     131072 put: 1.237305e-04 sec 8.474674e+03 MB/s acc: 1.814104e-02 sec  5.780131e+01 MB/s
target =    9 size =     131072 put: 1.248368e-04 sec 8.399577e+03 MB/s acc: 1.821711e-02 sec  5.755996e+01 MB/s
target =   10 size =     131072 put: 1.238064e-04 sec 8.469482e+03 MB/s acc: 1.814069e-02 sec  5.780242e+01 MB/s
target =   11 size =     131072 put: 1.247693e-04 sec 8.404122e+03 MB/s acc: 1.821944e-02 sec  5.755259e+01 MB/s
target =   12 size =     131072 put: 1.248398e-04 sec 8.399375e+03 MB/s acc: 1.816465e-02 sec  5.772618e+01 MB/s
target =   13 size =     131072 put: 1.248737e-04 sec 8.397094e+03 MB/s acc: 1.824102e-02 sec  5.748450e+01 MB/s
target =   14 size =     131072 put: 1.237808e-04 sec 8.471230e+03 MB/s acc: 1.817600e-02 sec  5.769016e+01 MB/s
target =   15 size =     131072 put: 1.237884e-04 sec 8.470715e+03 MB/s acc: 1.827092e-02 sec  5.739044e+01 MB/s
target =   16 size =     131072 put: 6.067460e-04 sec 1.728196e+03 MB/s acc: 1.317883e-02 sec  7.956515e+01 MB/s
target =   17 size =     131072 put: 6.065177e-04 sec 1.728846e+03 MB/s acc: 1.317970e-02 sec  7.955993e+01 MB/s
target =   18 size =     131072 put: 6.063154e-04 sec 1.729423e+03 MB/s acc: 1.316383e-02 sec  7.965585e+01 MB/s
target =   19 size =     131072 put: 6.063426e-04 sec 1.729346e+03 MB/s acc: 1.323309e-02 sec  7.923896e+01 MB/s
target =   20 size =     131072 put: 6.063130e-04 sec 1.729430e+03 MB/s acc: 1.318737e-02 sec  7.951367e+01 MB/s
target =   21 size =     131072 put: 6.064290e-04 sec 1.729099e+03 MB/s acc: 1.322267e-02 sec  7.930137e+01 MB/s
target =   22 size =     131072 put: 6.063380e-04 sec 1.729359e+03 MB/s acc: 1.317562e-02 sec  7.958458e+01 MB/s
target =   23 size =     131072 put: 6.063274e-04 sec 1.729389e+03 MB/s acc: 1.323518e-02 sec  7.922640e+01 MB/s
target =   24 size =     131072 put: 6.062150e-04 sec 1.729710e+03 MB/s acc: 1.314836e-02 sec  7.974955e+01 MB/s
target =   25 size =     131072 put: 6.063642e-04 sec 1.729284e+03 MB/s acc: 1.324293e-02 sec  7.918004e+01 MB/s
target =   26 size =     131072 put: 6.062896e-04 sec 1.729497e+03 MB/s acc: 1.314831e-02 sec  7.974985e+01 MB/s
target =   27 size =     131072 put: 6.063156e-04 sec 1.729423e+03 MB/s acc: 1.321554e-02 sec  7.934417e+01 MB/s
target =   28 size =     131072 put: 6.062705e-04 sec 1.729551e+03 MB/s acc: 1.313682e-02 sec  7.981960e+01 MB/s
target =   29 size =     131072 put: 6.063305e-04 sec 1.729380e+03 MB/s acc: 1.322095e-02 sec  7.931172e+01 MB/s
target =   30 size =     131072 put: 6.063190e-04 sec 1.729413e+03 MB/s acc: 1.312461e-02 sec  7.989387e+01 MB/s
target =   31 size =     131072 put: 6.063138e-04 sec 1.729428e+03 MB/s acc: 1.321918e-02 sec  7.932233e+01 MB/s
target =    0 size =     262144 put: 2.520956e-04 sec 8.318877e+03 MB/s acc: 4.098084e-02 sec  5.117396e+01 MB/s
target =    1 size =     262144 put: 2.317068e-04 sec 9.050887e+03 MB/s acc: 3.656096e-02 sec  5.736043e+01 MB/s
target =    2 size =     262144 put: 2.313483e-04 sec 9.064913e+03 MB/s acc: 3.650119e-02 sec  5.745435e+01 MB/s
target =    3 size =     262144 put: 2.330396e-04 sec 8.999124e+03 MB/s acc: 3.646892e-02 sec  5.750519e+01 MB/s
target =    4 size =     262144 put: 2.330699e-04 sec 8.997954e+03 MB/s acc: 3.652391e-02 sec  5.741861e+01 MB/s
target =    5 size =     262144 put: 2.332505e-04 sec 8.990988e+03 MB/s acc: 3.646260e-02 sec  5.751515e+01 MB/s
target =    6 size =     262144 put: 2.329897e-04 sec 9.001052e+03 MB/s acc: 3.648762e-02 sec  5.747571e+01 MB/s
target =    7 size =     262144 put: 2.332314e-04 sec 8.991721e+03 MB/s acc: 3.642656e-02 sec  5.757206e+01 MB/s
target =    8 size =     262144 put: 2.320264e-04 sec 9.038421e+03 MB/s acc: 3.639245e-02 sec  5.762601e+01 MB/s
target =    9 size =     262144 put: 2.331247e-04 sec 8.995840e+03 MB/s acc: 3.641317e-02 sec  5.759323e+01 MB/s
target =   10 size =     262144 put: 2.330924e-04 sec 8.997086e+03 MB/s acc: 3.639001e-02 sec  5.762988e+01 MB/s
target =   11 size =     262144 put: 2.331001e-04 sec 8.996786e+03 MB/s acc: 3.641616e-02 sec  5.758850e+01 MB/s
target =   12 size =     262144 put: 2.332554e-04 sec 8.990796e+03 MB/s acc: 3.644314e-02 sec  5.754587e+01 MB/s
target =   13 size =     262144 put: 2.333079e-04 sec 8.988775e+03 MB/s acc: 3.646045e-02 sec  5.751855e+01 MB/s
target =   14 size =     262144 put: 2.330247e-04 sec 8.999698e+03 MB/s acc: 3.646681e-02 sec  5.750852e+01 MB/s
target =   15 size =     262144 put: 2.330919e-04 sec 8.997103e+03 MB/s acc: 3.650388e-02 sec  5.745010e+01 MB/s
target =   16 size =     262144 put: 1.196336e-03 sec 1.752980e+03 MB/s acc: 2.752679e-02 sec  7.618585e+01 MB/s
target =   17 size =     262144 put: 1.196153e-03 sec 1.753247e+03 MB/s acc: 2.740771e-02 sec  7.651687e+01 MB/s
target =   18 size =     262144 put: 1.196211e-03 sec 1.753163e+03 MB/s acc: 2.747651e-02 sec  7.632526e+01 MB/s
target =   19 size =     262144 put: 1.196207e-03 sec 1.753168e+03 MB/s acc: 2.754367e-02 sec  7.613916e+01 MB/s
target =   20 size =     262144 put: 1.196183e-03 sec 1.753204e+03 MB/s acc: 2.760641e-02 sec  7.596614e+01 MB/s
target =   21 size =     262144 put: 1.196251e-03 sec 1.753103e+03 MB/s acc: 2.757465e-02 sec  7.605363e+01 MB/s
target =   22 size =     262144 put: 1.196214e-03 sec 1.753157e+03 MB/s acc: 2.765661e-02 sec  7.582825e+01 MB/s
target =   23 size =     262144 put: 1.196278e-03 sec 1.753064e+03 MB/s acc: 2.761056e-02 sec  7.595470e+01 MB/s
target =   24 size =     262144 put: 1.196298e-03 sec 1.753034e+03 MB/s acc: 2.764182e-02 sec  7.586882e+01 MB/s
target =   25 size =     262144 put: 1.196346e-03 sec 1.752964e+03 MB/s acc: 2.761952e-02 sec  7.593006e+01 MB/s
target =   26 size =     262144 put: 1.196383e-03 sec 1.752911e+03 MB/s acc: 2.765037e-02 sec  7.584535e+01 MB/s
target =   27 size =     262144 put: 1.196303e-03 sec 1.753028e+03 MB/s acc: 2.761463e-02 sec  7.594350e+01 MB/s
target =   28 size =     262144 put: 1.196209e-03 sec 1.753165e+03 MB/s acc: 2.761386e-02 sec  7.594564e+01 MB/s
target =   29 size =     262144 put: 1.196276e-03 sec 1.753067e+03 MB/s acc: 2.758969e-02 sec  7.601215e+01 MB/s
target =   30 size =     262144 put: 1.196265e-03 sec 1.753083e+03 MB/s acc: 2.755194e-02 sec  7.611632e+01 MB/s
target =   31 size =     262144 put: 1.196189e-03 sec 1.753195e+03 MB/s acc: 2.751016e-02 sec  7.623192e+01 MB/s
target =    0 size =     524288 put: 4.773033e-04 sec 8.787503e+03 MB/s acc: 8.201730e-02 sec  5.113926e+01 MB/s
target =    1 size =     524288 put: 4.466471e-04 sec 9.390644e+03 MB/s acc: 7.309849e-02 sec  5.737881e+01 MB/s
target =    2 size =     524288 put: 4.497744e-04 sec 9.325351e+03 MB/s acc: 7.298607e-02 sec  5.746718e+01 MB/s
target =    3 size =     524288 put: 4.466968e-04 sec 9.389600e+03 MB/s acc: 7.308948e-02 sec  5.738587e+01 MB/s
target =    4 size =     524288 put: 4.498674e-04 sec 9.323422e+03 MB/s acc: 7.303092e-02 sec  5.743189e+01 MB/s
target =    5 size =     524288 put: 4.466754e-04 sec 9.390049e+03 MB/s acc: 7.308178e-02 sec  5.739193e+01 MB/s
target =    6 size =     524288 put: 4.498322e-04 sec 9.324152e+03 MB/s acc: 7.296260e-02 sec  5.748567e+01 MB/s
target =    7 size =     524288 put: 4.501105e-04 sec 9.318386e+03 MB/s acc: 7.302057e-02 sec  5.744003e+01 MB/s
target =    8 size =     524288 put: 4.497648e-04 sec 9.325550e+03 MB/s acc: 7.276312e-02 sec  5.764326e+01 MB/s
target =    9 size =     524288 put: 4.500501e-04 sec 9.319638e+03 MB/s acc: 7.301251e-02 sec  5.744637e+01 MB/s
target =   10 size =     524288 put: 4.499303e-04 sec 9.322119e+03 MB/s acc: 7.276260e-02 sec  5.764368e+01 MB/s
target =   11 size =     524288 put: 4.500656e-04 sec 9.319316e+03 MB/s acc: 7.301553e-02 sec  5.744400e+01 MB/s
target =   12 size =     524288 put: 4.499681e-04 sec 9.321337e+03 MB/s acc: 7.286338e-02 sec  5.756395e+01 MB/s
target =   13 size =     524288 put: 4.501002e-04 sec 9.318600e+03 MB/s acc: 7.308512e-02 sec  5.738930e+01 MB/s
target =   14 size =     524288 put: 4.498693e-04 sec 9.323384e+03 MB/s acc: 7.291579e-02 sec  5.752257e+01 MB/s
target =   15 size =     524288 put: 4.500141e-04 sec 9.320385e+03 MB/s acc: 7.314932e-02 sec  5.733894e+01 MB/s
target =   16 size =     524288 put: 2.376148e-03 sec 1.765169e+03 MB/s acc: 5.620531e-02 sec  7.462470e+01 MB/s
target =   17 size =     524288 put: 2.376001e-03 sec 1.765279e+03 MB/s acc: 5.592226e-02 sec  7.500241e+01 MB/s
target =   18 size =     524288 put: 2.375785e-03 sec 1.765439e+03 MB/s acc: 5.619357e-02 sec  7.464028e+01 MB/s
target =   19 size =     524288 put: 2.375718e-03 sec 1.765489e+03 MB/s acc: 5.619691e-02 sec  7.463585e+01 MB/s
target =   20 size =     524288 put: 2.375821e-03 sec 1.765413e+03 MB/s acc: 5.649102e-02 sec  7.424727e+01 MB/s
target =   21 size =     524288 put: 2.375826e-03 sec 1.765409e+03 MB/s acc: 5.626619e-02 sec  7.454395e+01 MB/s
target =   22 size =     524288 put: 2.375697e-03 sec 1.765505e+03 MB/s acc: 5.642985e-02 sec  7.432776e+01 MB/s
target =   23 size =     524288 put: 2.375582e-03 sec 1.765590e+03 MB/s acc: 5.632966e-02 sec  7.445995e+01 MB/s
target =   24 size =     524288 put: 2.375734e-03 sec 1.765477e+03 MB/s acc: 5.647904e-02 sec  7.426302e+01 MB/s
target =   25 size =     524288 put: 2.375735e-03 sec 1.765476e+03 MB/s acc: 5.660371e-02 sec  7.409946e+01 MB/s
target =   26 size =     524288 put: 2.375621e-03 sec 1.765561e+03 MB/s acc: 5.640716e-02 sec  7.435766e+01 MB/s
target =   27 size =     524288 put: 2.375680e-03 sec 1.765517e+03 MB/s acc: 5.650676e-02 sec  7.422659e+01 MB/s
target =   28 size =     524288 put: 2.375647e-03 sec 1.765541e+03 MB/s acc: 5.638229e-02 sec  7.439045e+01 MB/s
target =   29 size =     524288 put: 2.375701e-03 sec 1.765502e+03 MB/s acc: 5.648551e-02 sec  7.425452e+01 MB/s
target =   30 size =     524288 put: 2.375811e-03 sec 1.765420e+03 MB/s acc: 5.630987e-02 sec  7.448613e+01 MB/s
target =   31 size =     524288 put: 2.375842e-03 sec 1.765397e+03 MB/s acc: 5.621124e-02 sec  7.461682e+01 MB/s
target =    0 size =    1048576 put: 9.281556e-04 sec 9.037932e+03 MB/s acc: 1.637554e-01 sec  5.122646e+01 MB/s
target =    1 size =    1048576 put: 8.835057e-04 sec 9.494685e+03 MB/s acc: 1.464861e-01 sec  5.726557e+01 MB/s
target =    2 size =    1048576 put: 8.833282e-04 sec 9.496593e+03 MB/s acc: 1.459529e-01 sec  5.747475e+01 MB/s
target =    3 size =    1048576 put: 8.832664e-04 sec 9.497257e+03 MB/s acc: 1.461632e-01 sec  5.739206e+01 MB/s
target =    4 size =    1048576 put: 8.833251e-04 sec 9.496625e+03 MB/s acc: 1.460417e-01 sec  5.743982e+01 MB/s
target =    5 size =    1048576 put: 8.835806e-04 sec 9.493880e+03 MB/s acc: 1.461449e-01 sec  5.739925e+01 MB/s
target =    6 size =    1048576 put: 8.831793e-04 sec 9.498193e+03 MB/s acc: 1.458985e-01 sec  5.749620e+01 MB/s
target =    7 size =    1048576 put: 8.836193e-04 sec 9.493465e+03 MB/s acc: 1.460198e-01 sec  5.744844e+01 MB/s
target =    8 size =    1048576 put: 8.833755e-04 sec 9.496084e+03 MB/s acc: 1.455053e-01 sec  5.765156e+01 MB/s
target =    9 size =    1048576 put: 8.833423e-04 sec 9.496441e+03 MB/s acc: 1.460077e-01 sec  5.745320e+01 MB/s
target =   10 size =    1048576 put: 8.831544e-04 sec 9.498461e+03 MB/s acc: 1.455121e-01 sec  5.764888e+01 MB/s
target =   11 size =    1048576 put: 8.833748e-04 sec 9.496092e+03 MB/s acc: 1.460127e-01 sec  5.745120e+01 MB/s
target =   12 size =    1048576 put: 8.833032e-04 sec 9.496862e+03 MB/s acc: 1.457106e-01 sec  5.757032e+01 MB/s
target =   13 size =    1048576 put: 8.834659e-04 sec 9.495112e+03 MB/s acc: 1.461551e-01 sec  5.739524e+01 MB/s
target =   14 size =    1048576 put: 8.830686e-04 sec 9.499384e+03 MB/s acc: 1.458180e-01 sec  5.752792e+01 MB/s
target =   15 size =    1048576 put: 8.834355e-04 sec 9.495439e+03 MB/s acc: 1.462813e-01 sec  5.734574e+01 MB/s
target =   16 size =    1048576 put: 4.735286e-03 sec 1.771510e+03 MB/s acc: 1.139833e-01 sec  7.359506e+01 MB/s
target =   17 size =    1048576 put: 4.735079e-03 sec 1.771588e+03 MB/s acc: 1.138285e-01 sec  7.369514e+01 MB/s
target =   18 size =    1048576 put: 4.735209e-03 sec 1.771539e+03 MB/s acc: 1.141319e-01 sec  7.349924e+01 MB/s
target =   19 size =    1048576 put: 4.735202e-03 sec 1.771542e+03 MB/s acc: 1.141656e-01 sec  7.347753e+01 MB/s
target =   20 size =    1048576 put: 4.735018e-03 sec 1.771611e+03 MB/s acc: 1.144795e-01 sec  7.327609e+01 MB/s
target =   21 size =    1048576 put: 4.735157e-03 sec 1.771559e+03 MB/s acc: 1.141486e-01 sec  7.348847e+01 MB/s
target =   22 size =    1048576 put: 4.735196e-03 sec 1.771544e+03 MB/s acc: 1.145392e-01 sec  7.323791e+01 MB/s
target =   23 size =    1048576 put: 4.735156e-03 sec 1.771559e+03 MB/s acc: 1.142487e-01 sec  7.342412e+01 MB/s
target =   24 size =    1048576 put: 4.735125e-03 sec 1.771571e+03 MB/s acc: 1.146468e-01 sec  7.316911e+01 MB/s
target =   25 size =    1048576 put: 4.734961e-03 sec 1.771632e+03 MB/s acc: 1.144038e-01 sec  7.332458e+01 MB/s
target =   26 size =    1048576 put: 4.734980e-03 sec 1.771625e+03 MB/s acc: 1.146127e-01 sec  7.319093e+01 MB/s
target =   27 size =    1048576 put: 4.735295e-03 sec 1.771507e+03 MB/s acc: 1.144248e-01 sec  7.331111e+01 MB/s
target =   28 size =    1048576 put: 4.735049e-03 sec 1.771599e+03 MB/s acc: 1.144613e-01 sec  7.328773e+01 MB/s
target =   29 size =    1048576 put: 4.735059e-03 sec 1.771595e+03 MB/s acc: 1.143805e-01 sec  7.333947e+01 MB/s
target =   30 size =    1048576 put: 4.735190e-03 sec 1.771546e+03 MB/s acc: 1.142934e-01 sec  7.339539e+01 MB/s
target =   31 size =    1048576 put: 4.735061e-03 sec 1.771594e+03 MB/s acc: 1.140214e-01 sec  7.357046e+01 MB/s
target =    0 size =    2097152 put: 1.922706e-03 sec 8.725837e+03 MB/s acc: 3.269484e-01 sec  5.131457e+01 MB/s
target =    1 size =    2097152 put: 1.871961e-03 sec 8.962376e+03 MB/s acc: 2.930069e-01 sec  5.725877e+01 MB/s
target =    2 size =    2097152 put: 1.855944e-03 sec 9.039721e+03 MB/s acc: 2.919399e-01 sec  5.746806e+01 MB/s
target =    3 size =    2097152 put: 1.856868e-03 sec 9.035222e+03 MB/s acc: 2.926324e-01 sec  5.733204e+01 MB/s
target =    4 size =    2097152 put: 1.853633e-03 sec 9.050989e+03 MB/s acc: 2.903870e-01 sec  5.777537e+01 MB/s
target =    5 size =    2097152 put: 1.854423e-03 sec 9.047134e+03 MB/s acc: 2.923186e-01 sec  5.739359e+01 MB/s
target =    6 size =    2097152 put: 1.855354e-03 sec 9.042594e+03 MB/s acc: 2.895751e-01 sec  5.793737e+01 MB/s
target =    7 size =    2097152 put: 1.859176e-03 sec 9.024005e+03 MB/s acc: 2.920738e-01 sec  5.744170e+01 MB/s
target =    8 size =    2097152 put: 1.856959e-03 sec 9.034781e+03 MB/s acc: 2.903893e-01 sec  5.777492e+01 MB/s
target =    9 size =    2097152 put: 1.860432e-03 sec 9.017916e+03 MB/s acc: 2.920483e-01 sec  5.744673e+01 MB/s
target =   10 size =    2097152 put: 1.858695e-03 sec 9.026341e+03 MB/s acc: 2.903819e-01 sec  5.777639e+01 MB/s
target =   11 size =    2097152 put: 1.857312e-03 sec 9.033063e+03 MB/s acc: 2.920569e-01 sec  5.744503e+01 MB/s
target =   12 size =    2097152 put: 1.856241e-03 sec 9.038275e+03 MB/s acc: 2.914407e-01 sec  5.756649e+01 MB/s
target =   13 size =    2097152 put: 1.856747e-03 sec 9.035813e+03 MB/s acc: 2.919353e-01 sec  5.746895e+01 MB/s
target =   14 size =    2097152 put: 1.860392e-03 sec 9.018108e+03 MB/s acc: 2.916689e-01 sec  5.752144e+01 MB/s
target =   15 size =    2097152 put: 1.855774e-03 sec 9.040549e+03 MB/s acc: 2.925965e-01 sec  5.733908e+01 MB/s
target =   16 size =    2097152 put: 9.454494e-03 sec 1.774523e+03 MB/s acc: 2.287417e-01 sec  7.334567e+01 MB/s
target =   17 size =    2097152 put: 9.453805e-03 sec 1.774652e+03 MB/s acc: 2.285808e-01 sec  7.339733e+01 MB/s
target =   18 size =    2097152 put: 9.453800e-03 sec 1.774653e+03 MB/s acc: 2.287855e-01 sec  7.333165e+01 MB/s
target =   19 size =    2097152 put: 9.453753e-03 sec 1.774662e+03 MB/s acc: 2.293613e-01 sec  7.314753e+01 MB/s
target =   20 size =    2097152 put: 9.453649e-03 sec 1.774681e+03 MB/s acc: 2.294169e-01 sec  7.312981e+01 MB/s
target =   21 size =    2097152 put: 9.453677e-03 sec 1.774676e+03 MB/s acc: 2.293408e-01 sec  7.315407e+01 MB/s
target =   22 size =    2097152 put: 9.453825e-03 sec 1.774648e+03 MB/s acc: 2.297514e-01 sec  7.302333e+01 MB/s
target =   23 size =    2097152 put: 9.453801e-03 sec 1.774653e+03 MB/s acc: 2.296768e-01 sec  7.304705e+01 MB/s
target =   24 size =    2097152 put: 9.453850e-03 sec 1.774644e+03 MB/s acc: 2.297417e-01 sec  7.302644e+01 MB/s
target =   25 size =    2097152 put: 9.453689e-03 sec 1.774674e+03 MB/s acc: 2.296713e-01 sec  7.304882e+01 MB/s
target =   26 size =    2097152 put: 9.453826e-03 sec 1.774648e+03 MB/s acc: 2.297355e-01 sec  7.302840e+01 MB/s
target =   27 size =    2097152 put: 9.453818e-03 sec 1.774650e+03 MB/s acc: 2.296770e-01 sec  7.304700e+01 MB/s
target =   28 size =    2097152 put: 9.453842e-03 sec 1.774645e+03 MB/s acc: 2.294780e-01 sec  7.311035e+01 MB/s
target =   29 size =    2097152 put: 9.453891e-03 sec 1.774636e+03 MB/s acc: 2.293717e-01 sec  7.314422e+01 MB/s
target =   30 size =    2097152 put: 9.453728e-03 sec 1.774667e+03 MB/s acc: 2.291221e-01 sec  7.322390e+01 MB/s
target =   31 size =    2097152 put: 9.453897e-03 sec 1.774635e+03 MB/s acc: 2.287157e-01 sec  7.335401e+01 MB/s
target =    0 size =    4194304 put: 4.699072e-03 sec 7.140651e+03 MB/s acc: 6.545194e-01 sec  5.126575e+01 MB/s
2011-11-08 11:55:54.256 (WARN ) [0xfff997c5770] R00-M0-N01-J00-2:ibm.runjob.LogSignalInfo: received signal 15
2011-11-08 11:55:54.256 (WARN ) [0xfff997c5770] R00-M0-N01-J00-2:ibm.runjob.LogSignalInfo: signal sent from USER
2011-11-08 11:55:54.257 (WARN ) [0xfff997c5770] R00-M0-N01-J00-2:ibm.runjob.LogSignalInfo: sent from pid 26792
2011-11-08 11:55:54.257 (WARN ) [0xfff997c5770] R00-M0-N01-J00-2:ibm.runjob.LogSignalInfo: could not read /proc/26792/exe
2011-11-08 11:55:54.257 (WARN ) [0xfff997c5770] R00-M0-N01-J00-2:ibm.runjob.LogSignalInfo: Permission denied
2011-11-08 11:55:54.258 (WARN ) [0xfff997c5770] R00-M0-N01-J00-2:ibm.runjob.LogSignalInfo: sent from uid 0 (root)
2011-11-08 11:55:55.541 (WARN ) [0xfff997c5770] R00-M0-N01-J00-2:4563:ibm.runjob.client.Job: terminated by signal 9
2011-11-08 11:55:55.541 (WARN ) [0xfff997c5770] R00-M0-N01-J00-2:4563:ibm.runjob.client.Job: abnormal termination by signal 9 from rank 26
